[1] "100 estimand Rdata files were loaded"
  delta        mu      mu_1      mu_0         de        se_1        se_0
1   0.5 0.7966468 0.6914927 0.8676515 -0.1761588  0.01856857  0.01144217
2   1.0 0.7515225 0.6729241 0.8562093 -0.1832852  0.00000000  0.00000000
3   2.0 0.7075929 0.6552805 0.8451939 -0.1899134 -0.01764367 -0.01101541
           oe         te
1  0.04512433 -0.1647166
2  0.00000000 -0.1832852
3 -0.04392958 -0.2009288
[1] "50 estimate Rdata files were loaded"
[1] "delta =  0.5"
      Truth   Bias  RMSE   ASE   ESE   Cov   Bias  RMSE   ASE   ESE   Cov
mu    0.797  0.000 0.025 0.024 0.025 0.949  0.000 0.025 0.024 0.025 0.947
mu_1  0.691 -0.001 0.020 0.020 0.020 0.950 -0.001 0.020 0.020 0.020 0.953
mu_0  0.868  0.000 0.029 0.028 0.029 0.941  0.000 0.029 0.028 0.029 0.945
de   -0.176 -0.001 0.022 0.022 0.022 0.958 -0.001 0.022 0.022 0.022 0.960
se_1  0.019  0.000 0.016 0.016 0.016 0.938  0.000 0.016 0.016 0.016 0.945
se_0  0.011  0.001 0.024 0.023 0.024 0.942  0.001 0.024 0.023 0.024 0.944
oe    0.045  0.001 0.021 0.021 0.021 0.939  0.000 0.021 0.021 0.021 0.942
te   -0.165  0.000 0.016 0.016 0.016 0.954  0.000 0.016 0.016 0.016 0.952
     RMSERatio
mu       1.001
mu_1     1.003
mu_0     1.001
de       1.002
se_1     1.002
se_0     1.002
oe       1.000
te       1.005
[1] ""
[1] "delta =  1"
      Truth Bias  RMSE   ASE   ESE   Cov Bias  RMSE   ASE   ESE   Cov RMSERatio
mu    0.752    0 0.018 0.017 0.018 0.948    0 0.018 0.017 0.018 0.947     0.998
mu_1  0.673    0 0.018 0.018 0.018 0.945    0 0.018 0.018 0.018 0.945     0.999
mu_0  0.856    0 0.017 0.017 0.017 0.944    0 0.017 0.017 0.017 0.945     0.998
de   -0.183    0 0.013 0.013 0.013 0.946    0 0.013 0.013 0.013 0.948     0.998
se_1  0.000    0 0.000 0.000 0.000 0.000    0 0.000 0.000 0.000 0.000       NaN
se_0  0.000    0 0.000 0.000 0.000 0.000    0 0.000 0.000 0.000 0.000       NaN
oe    0.000    0 0.000 0.000 0.000 0.000    0 0.000 0.000 0.000 0.000       NaN
te   -0.183    0 0.013 0.013 0.013 0.946    0 0.013 0.013 0.013 0.948     0.998
[1] ""
[1] "delta =  2"
      Truth Bias  RMSE   ASE   ESE   Cov Bias  RMSE   ASE   ESE   Cov RMSERatio
mu    0.708    0 0.034 0.033 0.034 0.945    0 0.034 0.033 0.034 0.944     1.001
mu_1  0.655    0 0.037 0.036 0.037 0.944    0 0.037 0.036 0.037 0.945     1.001
mu_0  0.845    0 0.025 0.025 0.025 0.959    0 0.025 0.025 0.025 0.957     1.001
de   -0.190    0 0.027 0.026 0.027 0.939    0 0.027 0.026 0.027 0.939     1.000
se_1 -0.018    0 0.030 0.029 0.030 0.942    0 0.030 0.029 0.030 0.943     1.000
se_0 -0.011    0 0.020 0.020 0.020 0.948    0 0.020 0.020 0.020 0.953     1.002
oe   -0.044    0 0.028 0.027 0.028 0.951    0 0.028 0.027 0.028 0.949     1.001
te   -0.201    0 0.036 0.035 0.036 0.942    0 0.036 0.035 0.036 0.939     1.000
[1] ""
