Warning message:
package ‘SuperLearner’ was built under R version 4.1.3 
[1] "[Simulation setting]"
[1] "n: 500"
[1] "deltas: 0.5, 1, 2"
[1] "K: 2"
[1] "r: 100"
[1] "s: 1"
[1] "Sim.id 1"
[1] "Data generated and format changed"
[1] "   Split: 1"
Loading required namespace: nnet
Loading required namespace: ranger
[1] "   Split: 2"
[1] "Estimates and SE estimates computed"
[1] ""
[1] "Sim.id 2"
[1] "Data generated and format changed"
[1] "   Split: 1"
[1] "   Split: 2"
[1] "Estimates and SE estimates computed"
[1] ""
[1] "Sim.id 3"
[1] "Data generated and format changed"
[1] "   Split: 1"
[1] "   Split: 2"
[1] "Estimates and SE estimates computed"
[1] ""
[1] "Sim.id 4"
[1] "Data generated and format changed"
[1] "   Split: 1"
[1] "   Split: 2"
[1] "Estimates and SE estimates computed"
[1] ""
[1] "Sim.id 5"
[1] "Data generated and format changed"
[1] "   Split: 1"
[1] "   Split: 2"
[1] "Estimates and SE estimates computed"
[1] ""
[1] "Sim.id 6"
[1] "Data generated and format changed"
[1] "   Split: 1"
[1] "   Split: 2"
[1] "Estimates and SE estimates computed"
[1] ""
[1] "Sim.id 7"
[1] "Data generated and format changed"
[1] "   Split: 1"
[1] "   Split: 2"
[1] "Estimates and SE estimates computed"
[1] ""
[1] "Sim.id 8"
[1] "Data generated and format changed"
[1] "   Split: 1"
[1] "   Split: 2"
[1] "Estimates and SE estimates computed"
[1] ""
[1] "Sim.id 9"
[1] "Data generated and format changed"
[1] "   Split: 1"
[1] "   Split: 2"
[1] "Estimates and SE estimates computed"
[1] ""
[1] "Sim.id 10"
[1] "Data generated and format changed"
[1] "   Split: 1"
[1] "   Split: 2"
[1] "Estimates and SE estimates computed"
[1] ""
[1] "Sim.id 11"
[1] "Data generated and format changed"
[1] "   Split: 1"
[1] "   Split: 2"
[1] "Estimates and SE estimates computed"
[1] ""
[1] "Sim.id 12"
[1] "Data generated and format changed"
[1] "   Split: 1"
[1] "   Split: 2"
[1] "Estimates and SE estimates computed"
[1] ""
[1] "Sim.id 13"
[1] "Data generated and format changed"
[1] "   Split: 1"
[1] "   Split: 2"
[1] "Estimates and SE estimates computed"
[1] ""
[1] "Sim.id 14"
[1] "Data generated and format changed"
[1] "   Split: 1"
[1] "   Split: 2"
[1] "Estimates and SE estimates computed"
[1] ""
[1] "Sim.id 15"
[1] "Data generated and format changed"
[1] "   Split: 1"
[1] "   Split: 2"
[1] "Estimates and SE estimates computed"
[1] ""
[1] "Sim.id 16"
[1] "Data generated and format changed"
[1] "   Split: 1"
[1] "   Split: 2"
[1] "Estimates and SE estimates computed"
[1] ""
[1] "Sim.id 17"
[1] "Data generated and format changed"
[1] "   Split: 1"
[1] "   Split: 2"
[1] "Estimates and SE estimates computed"
[1] ""
[1] "Sim.id 18"
[1] "Data generated and format changed"
[1] "   Split: 1"
[1] "   Split: 2"
[1] "Estimates and SE estimates computed"
[1] ""
[1] "Sim.id 19"
[1] "Data generated and format changed"
[1] "   Split: 1"
[1] "   Split: 2"
[1] "Estimates and SE estimates computed"
[1] ""
[1] "Sim.id 20"
[1] "Data generated and format changed"
[1] "   Split: 1"
[1] "   Split: 2"
[1] "Estimates and SE estimates computed"
[1] ""
[[1]]
  delta        mu      mu_1      mu_0         de         se_1          se_0
1   0.5 0.8002464 0.7030266 0.8640358 -0.1610093  0.024874450 -0.0007502181
2   1.0 0.7597863 0.6781521 0.8647861 -0.1866339  0.000000000  0.0000000000
3   2.0 0.7262027 0.6705267 0.8741539 -0.2036272 -0.007625388  0.0093678535
           oe         te
1  0.04046015 -0.1617595
2  0.00000000 -0.1866339
3 -0.03358362 -0.1942593

[[2]]
  delta        mu      mu_1      mu_0         de         se_1        se_0
1   0.5 0.7637971 0.6562069 0.8376962 -0.1814893  0.020173102  0.01492579
2   1.0 0.7153731 0.6360338 0.8227704 -0.1867366  0.000000000  0.00000000
3   2.0 0.6745022 0.6287029 0.8107310 -0.1820281 -0.007330841 -0.01203940
           oe         te
1  0.04842403 -0.1665635
2  0.00000000 -0.1867366
3 -0.04087081 -0.1940675

[[3]]
  delta        mu      mu_1      mu_0         de       se_1       se_0
1   0.5 0.8011238 0.6799159 0.8837523 -0.2038363 0.00730465 0.01968129
2   1.0 0.7537937 0.6726113 0.8640710 -0.1914597 0.00000000 0.00000000
3   2.0 0.7531417 0.7017967 0.8825268 -0.1807301 0.02918547 0.01845585
             oe         te
1  0.0473301087 -0.1841550
2  0.0000000000 -0.1914597
3 -0.0006519567 -0.1622742

[[4]]
  delta        mu      mu_1      mu_0         de         se_1         se_0
1   0.5 0.7859696 0.6959221 0.8494939 -0.1535717  0.009184923 -0.004131458
2   1.0 0.7550367 0.6867372 0.8536253 -0.1668881  0.000000000  0.000000000
3   2.0 0.7197914 0.6783281 0.8352672 -0.1569391 -0.008409162 -0.018358158
           oe         te
1  0.03093288 -0.1577032
2  0.00000000 -0.1668881
3 -0.03524532 -0.1752973

[[5]]
  delta        mu      mu_1      mu_0         de         se_1         se_0
1   0.5 0.7903393 0.6869226 0.8608109 -0.1738883  0.006389685 -0.002775734
2   1.0 0.7601010 0.6805330 0.8635867 -0.1830537  0.000000000  0.000000000
3   2.0 0.7078375 0.6567590 0.8400458 -0.1832868 -0.023773940 -0.023540836
           oe         te
1  0.03023831 -0.1766640
2  0.00000000 -0.1830537
3 -0.05226351 -0.2068276

[[6]]
  delta        mu      mu_1      mu_0         de         se_1        se_0
1   0.5 0.7826710 0.6827318 0.8546151 -0.1718833  0.008583805 0.009261809
2   1.0 0.7466695 0.6741480 0.8453533 -0.1712053  0.000000000 0.000000000
3   2.0 0.6938366 0.6343002 0.8468917 -0.2125915 -0.039847805 0.001538414
           oe         te
1  0.03600143 -0.1626215
2  0.00000000 -0.1712053
3 -0.05283293 -0.2110531

[[7]]
  delta        mu      mu_1      mu_0         de        se_1         se_0
1   0.5 0.8258375 0.7186038 0.8960760 -0.1774722  0.04014899  0.023614634
2   1.0 0.7617020 0.6784548 0.8724614 -0.1940066  0.00000000  0.000000000
3   2.0 0.7104272 0.6510337 0.8659222 -0.2148885 -0.02742109 -0.006539152
           oe         te
1  0.06413547 -0.1538576
2  0.00000000 -0.1940066
3 -0.05127484 -0.2214277

[[8]]
  delta        mu      mu_1      mu_0         de        se_1        se_0
1   0.5 0.8259172 0.7148832 0.8994677 -0.1845845  0.04773765  0.02329618
2   1.0 0.7558394 0.6671456 0.8761715 -0.2090260  0.00000000  0.00000000
3   2.0 0.6811111 0.6252190 0.8424218 -0.2172028 -0.04192657 -0.03374976
           oe         te
1  0.07007785 -0.1612883
2  0.00000000 -0.2090260
3 -0.07472828 -0.2509525

[[9]]
  delta        mu      mu_1      mu_0         de       se_1         se_0
1   0.5 0.8005745 0.6747906 0.8820792 -0.2072886 0.02135253  0.043260144
2   1.0 0.7331613 0.6534381 0.8388191 -0.1853810 0.00000000  0.000000000
3   2.0 0.7217128 0.6763696 0.8291271 -0.1527575 0.02293156 -0.009691965
           oe         te
1  0.06741321 -0.1640285
2  0.00000000 -0.1853810
3 -0.01144855 -0.1624495

[[10]]
  delta        mu      mu_1      mu_0         de         se_1        se_0
1   0.5 0.7600178 0.6623943 0.8338280 -0.1714337  0.001768925 -0.01190747
2   1.0 0.7373504 0.6606254 0.8457355 -0.1851101  0.000000000  0.00000000
3   2.0 0.6754294 0.6165194 0.8329275 -0.2164081 -0.044105951 -0.01280800
           oe         te
1  0.02266742 -0.1833412
2  0.00000000 -0.1851101
3 -0.06192106 -0.2292161

[[11]]
  delta        mu      mu_1      mu_0         de          se_1        se_0
1   0.5 0.7918076 0.6655275 0.8761931 -0.2106656  0.0001124829  0.01975658
2   1.0 0.7464112 0.6654150 0.8564365 -0.1910215  0.0000000000  0.00000000
3   2.0 0.6941513 0.6455399 0.8320738 -0.1865339 -0.0198750885 -0.02436271
           oe         te
1  0.04539640 -0.1909090
2  0.00000000 -0.1910215
3 -0.05225995 -0.2108966

[[12]]
  delta        mu      mu_1      mu_0         de       se_1        se_0
1   0.5 0.8416784 0.7214587 0.9110440 -0.1895853 0.03525944 0.044669305
2   1.0 0.7666150 0.6861992 0.8663747 -0.1801755 0.00000000 0.000000000
3   2.0 0.7479183 0.6965983 0.8689448 -0.1723465 0.01039906 0.002570142
           oe         te
1  0.07506336 -0.1449160
2  0.00000000 -0.1801755
3 -0.01869673 -0.1697764

[[13]]
  delta        mu      mu_1      mu_0         de       se_1         se_0
1   0.5 0.8235281 0.7364727 0.8835596 -0.1470869  0.0343148  0.001859122
2   1.0 0.7801743 0.7021579 0.8817005 -0.1795426  0.0000000  0.000000000
3   2.0 0.7337202 0.6784401 0.8722926 -0.1938525 -0.0237178 -0.009407906
           oe         te
1  0.04335379 -0.1452278
2  0.00000000 -0.1795426
3 -0.04645411 -0.2032604

[[14]]
  delta        mu      mu_1      mu_0         de        se_1       se_0
1   0.5 0.7955174 0.6922857 0.8615937 -0.1693080  0.01783444 0.01436140
2   1.0 0.7488027 0.6744512 0.8472323 -0.1727810  0.00000000 0.00000000
3   2.0 0.7085863 0.6536209 0.8582966 -0.2046757 -0.02083028 0.01106435
           oe         te
1  0.04671475 -0.1549466
2  0.00000000 -0.1727810
3 -0.04021639 -0.1936113

[[15]]
  delta        mu      mu_1      mu_0         de         se_1         se_0
1   0.5 0.7783583 0.6496164 0.8649368 -0.2153204  0.001664109  0.009814254
2   1.0 0.7370316 0.6479523 0.8551225 -0.2071703  0.000000000  0.000000000
3   2.0 0.6923297 0.6298200 0.8540385 -0.2242184 -0.018132236 -0.001084052
           oe         te
1  0.04132667 -0.2055062
2  0.00000000 -0.2071703
3 -0.04470190 -0.2253025

[[16]]
  delta        mu      mu_1      mu_0         de        se_1       se_0
1   0.5 0.8219096 0.6972553 0.9020276 -0.2047723 0.018165794 0.04803118
2   1.0 0.7549437 0.6790895 0.8539965 -0.1749070 0.000000000 0.00000000
3   2.0 0.7352323 0.6815585 0.8684141 -0.1868556 0.002468998 0.01441767
           oe         te
1  0.06696591 -0.1567412
2  0.00000000 -0.1749070
3 -0.01971133 -0.1724380

[[17]]
  delta        mu      mu_1      mu_0         de       se_1        se_0
1   0.5 0.7883716 0.6790551 0.8623039 -0.1832488 0.01300095 0.010854801
2   1.0 0.7466095 0.6660542 0.8514491 -0.1853949 0.00000000 0.000000000
3   2.0 0.7401646 0.6896486 0.8586635 -0.1690149 0.02359441 0.007214359
            oe         te
1  0.041762138 -0.1723940
2  0.000000000 -0.1853949
3 -0.006444853 -0.1618005

[[18]]
  delta        mu      mu_1      mu_0         de         se_1        se_0
1   0.5 0.7770827 0.6712384 0.8489300 -0.1776916 -0.009413693 -0.01120219
2   1.0 0.7586732 0.6806521 0.8601322 -0.1794801  0.000000000  0.00000000
3   2.0 0.7451593 0.6912701 0.8728520 -0.1815818  0.010618016  0.01271975
           oe         te
1  0.01840949 -0.1888938
2  0.00000000 -0.1794801
3 -0.01351391 -0.1688621

[[19]]
  delta        mu      mu_1      mu_0         de        se_1        se_0
1   0.5 0.8323722 0.7084667 0.9124445 -0.2039777  0.04206566  0.04579686
2   1.0 0.7544629 0.6664011 0.8666476 -0.2002465  0.00000000  0.00000000
3   2.0 0.7020043 0.6452765 0.8441908 -0.1989144 -0.02112458 -0.02245677
           oe         te
1  0.07790932 -0.1581809
2  0.00000000 -0.2002465
3 -0.05245862 -0.2213711

[[20]]
  delta        mu      mu_1      mu_0         de         se_1        se_0
1   0.5 0.7917963 0.6834697 0.8651176 -0.1816479  0.025109416  0.01477692
2   1.0 0.7379110 0.6583603 0.8503407 -0.1919804  0.000000000  0.00000000
3   2.0 0.6917311 0.6504752 0.8169040 -0.1664289 -0.007885137 -0.03343664
           oe         te
1  0.05388533 -0.1668709
2  0.00000000 -0.1919804
3 -0.04617990 -0.1998655

[[1]]
  delta         mu       mu_1       mu_0         de       se_1       se_0
1   0.5 0.02418825 0.02088882 0.02685953 0.02125792 0.01510714 0.02119814
2   1.0 0.01756929 0.01774208 0.01749329 0.01274849 0.00000000 0.00000000
3   2.0 0.03241277 0.03499623 0.02527916 0.02503523 0.02777905 0.02062027
          oe         te
1 0.01895964 0.01646460
2 0.00000000 0.01274849
3 0.02657867 0.03390486

[[2]]
  delta         mu       mu_1       mu_0         de       se_1       se_0
1   0.5 0.02305708 0.02078558 0.02640968 0.02366191 0.01690532 0.02200661
2   1.0 0.01752044 0.01808308 0.01718676 0.01308540 0.00000000 0.00000000
3   2.0 0.02951855 0.03220878 0.02304910 0.02297497 0.02498979 0.01778801
          oe         te
1 0.01982723 0.01771989
2 0.00000000 0.01308540
3 0.02333011 0.03106822

[[3]]
  delta         mu       mu_1       mu_0         de       se_1       se_0
1   0.5 0.02406085 0.02027625 0.02754944 0.02208692 0.01566971 0.02320935
2   1.0 0.01723810 0.01760389 0.01639011 0.01187370 0.00000000 0.00000000
3   2.0 0.03459988 0.03774535 0.02580437 0.02623274 0.03101943 0.02143543
          oe         te
1 0.02024060 0.01583329
2 0.00000000 0.01187370
3 0.02885302 0.03629904

[[4]]
  delta         mu       mu_1       mu_0         de       se_1       se_0
1   0.5 0.02515803 0.02157384 0.02796429 0.02014956 0.01672296 0.02293669
2   1.0 0.01779395 0.01861694 0.01670971 0.01244360 0.00000000 0.00000000
3   2.0 0.03127766 0.03413885 0.02447724 0.02376811 0.02689344 0.01933791
          oe         te
1 0.02115490 0.01599414
2 0.00000000 0.01244360
3 0.02522576 0.03326952

[[5]]
  delta         mu       mu_1       mu_0         de       se_1       se_0
1   0.5 0.02543977 0.02057976 0.02854551 0.02104388 0.01663832 0.02354891
2   1.0 0.01736146 0.01773307 0.01706163 0.01329129 0.00000000 0.00000000
3   2.0 0.03568672 0.03948180 0.02671541 0.02858721 0.03342584 0.02263366
          oe         te
1 0.02159059 0.01636973
2 0.00000000 0.01329129
3 0.03089046 0.03934468

[[6]]
  delta         mu       mu_1       mu_0         de       se_1       se_0
1   0.5 0.02222039 0.01863165 0.02489345 0.01985003 0.01373573 0.02056272
2   1.0 0.01671070 0.01692091 0.01666589 0.01278042 0.00000000 0.00000000
3   2.0 0.03249489 0.03477306 0.02463095 0.02273601 0.02876370 0.02166237
          oe         te
1 0.01821326 0.01445093
2 0.00000000 0.01278042
3 0.02805159 0.03512772

[[7]]
  delta         mu       mu_1       mu_0         de       se_1       se_0
1   0.5 0.02359739 0.01992143 0.02631519 0.02033594 0.01646540 0.02335473
2   1.0 0.01808209 0.01868222 0.01721976 0.01277436 0.00000000 0.00000000
3   2.0 0.03438292 0.03873077 0.02504039 0.03077693 0.03089852 0.02131519
          oe         te
1 0.02123110 0.01584997
2 0.00000000 0.01277436
3 0.02837361 0.03788134

[[8]]
  delta         mu       mu_1       mu_0         de       se_1       se_0
1   0.5 0.02217594 0.01985536 0.02426990 0.01873341 0.01494906 0.02035481
2   1.0 0.01830779 0.01919885 0.01668667 0.01253931 0.00000000 0.00000000
3   2.0 0.03435563 0.03766729 0.02546228 0.02762979 0.02958772 0.01939092
          oe         te
1 0.01868271 0.01538389
2 0.00000000 0.01253931
3 0.02704994 0.03509989

[[9]]
  delta         mu       mu_1       mu_0         de       se_1       se_0
1   0.5 0.02600622 0.02031268 0.03046682 0.02496533 0.01628461 0.02396548
2   1.0 0.01723396 0.01752260 0.01705508 0.01273507 0.00000000 0.00000000
3   2.0 0.03338541 0.03642400 0.02546647 0.02441566 0.02928421 0.02157917
          oe         te
1 0.02091362 0.01586494
2 0.00000000 0.01273507
3 0.02792423 0.03593943

[[10]]
  delta         mu       mu_1       mu_0         de       se_1       se_0
1   0.5 0.02262426 0.01951539 0.02532612 0.01973084 0.01513774 0.02050992
2   1.0 0.01721105 0.01757124 0.01675220 0.01244625 0.00000000 0.00000000
3   2.0 0.03151430 0.03498062 0.02439310 0.02815412 0.02864637 0.01929440
          oe         te
1 0.01854497 0.01608069
2 0.00000000 0.01244625
3 0.02585782 0.03414173

[[11]]
  delta         mu       mu_1       mu_0         de       se_1       se_0
1   0.5 0.02049194 0.01864613 0.02380685 0.02238429 0.01431137 0.02063739
2   1.0 0.01786543 0.01836161 0.01719705 0.01271915 0.00000000 0.00000000
3   2.0 0.03454677 0.03767020 0.02628627 0.02644155 0.03028678 0.02169756
          oe         te
1 0.01752639 0.01618627
2 0.00000000 0.01271915
3 0.02821717 0.03601262

[[12]]
  delta         mu       mu_1       mu_0         de       se_1       se_0
1   0.5 0.02628416 0.02027301 0.02971368 0.02081234 0.01612763 0.02512825
2   1.0 0.01747545 0.01809805 0.01666587 0.01222036 0.00000000 0.00000000
3   2.0 0.03296384 0.03531136 0.02537027 0.02318377 0.02811350 0.02088166
          oe         te
1 0.02252581 0.01553585
2 0.00000000 0.01222036
3 0.02702394 0.03375211

[[13]]
  delta         mu       mu_1       mu_0         de       se_1       se_0
1   0.5 0.02505865 0.01979394 0.02806673 0.02072809 0.01636219 0.02325094
2   1.0 0.01740646 0.01758532 0.01699241 0.01220918 0.00000000 0.00000000
3   2.0 0.02969421 0.03231294 0.02379257 0.02329178 0.02519170 0.01973008
          oe         te
1 0.02134984 0.01543428
2 0.00000000 0.01220918
3 0.02378855 0.03098231

[[14]]
  delta         mu       mu_1       mu_0         de       se_1       se_0
1   0.5 0.02153962 0.01892022 0.02429458 0.02017638 0.01629466 0.02060869
2   1.0 0.01656250 0.01732153 0.01639663 0.01290002 0.00000000 0.00000000
3   2.0 0.02959198 0.03247873 0.02412304 0.02485165 0.02487877 0.01837684
          oe         te
1 0.01890050 0.01621788
2 0.00000000 0.01290002
3 0.02326331 0.03145196

[[15]]
  delta         mu       mu_1       mu_0         de       se_1       se_0
1   0.5 0.02707763 0.02098687 0.03092329 0.02363133 0.01608596 0.02503288
2   1.0 0.01796008 0.01836394 0.01726219 0.01292193 0.00000000 0.00000000
3   2.0 0.03168662 0.03416188 0.02436019 0.02533560 0.02743352 0.01995765
          oe         te
1 0.02227242 0.01633509
2 0.00000000 0.01292193
3 0.02611949 0.03363924

[[16]]
  delta         mu       mu_1       mu_0         de       se_1       se_0
1   0.5 0.02391394 0.02017054 0.02671239 0.02008158 0.01764499 0.02233328
2   1.0 0.01774395 0.01835817 0.01707530 0.01249216 0.00000000 0.00000000
3   2.0 0.03613865 0.04004533 0.02809913 0.02939861 0.03318676 0.02281778
          oe         te
1 0.02105635 0.01587469
2 0.00000000 0.01249216
3 0.03016999 0.03869304

[[17]]
  delta         mu       mu_1       mu_0         de       se_1       se_0
1   0.5 0.02249287 0.01964274 0.02557715 0.02221810 0.01532964 0.02278796
2   1.0 0.01620612 0.01659702 0.01587684 0.01218922 0.00000000 0.00000000
3   2.0 0.04190830 0.04929720 0.02531479 0.03791527 0.04573137 0.02186634
          oe         te
1 0.01987649 0.01613491
2 0.00000000 0.01218922
3 0.03899355 0.04941395

[[18]]
  delta         mu       mu_1       mu_0         de       se_1       se_0
1   0.5 0.02333246 0.01906735 0.02634182 0.01984733 0.01526193 0.02186123
2   1.0 0.01687478 0.01734002 0.01653652 0.01297691 0.00000000 0.00000000
3   2.0 0.03396716 0.03846047 0.02412550 0.02969583 0.03279563 0.02064267
          oe         te
1 0.01994079 0.01461526
2 0.00000000 0.01297691
3 0.02990242 0.03964286

[[19]]
  delta         mu       mu_1       mu_0         de       se_1       se_0
1   0.5 0.02645916 0.02354901 0.03150883 0.02623232 0.02010320 0.02640597
2   1.0 0.01699567 0.01760018 0.01628236 0.01258651 0.00000000 0.00000000
3   2.0 0.03201879 0.03506398 0.02381613 0.02376840 0.02819004 0.02018512
          oe         te
1 0.02224926 0.01992281
2 0.00000000 0.01258651
3 0.02657990 0.03427152

[[20]]
  delta         mu       mu_1       mu_0         de       se_1       se_0
1   0.5 0.02574672 0.02039304 0.02950801 0.02235004 0.01532251 0.02432482
2   1.0 0.01759490 0.01748317 0.01749905 0.01266012 0.00000000 0.00000000
3   2.0 0.03267530 0.03642361 0.02446571 0.02546864 0.03005861 0.02056628
          oe         te
1 0.02114411 0.01581066
2 0.00000000 0.01266012
3 0.02771331 0.03634619

[[1]]
  delta        mu      mu_1      mu_0         de         se_1         se_0
1   0.5 0.8011153 0.7041752 0.8640577 -0.1598825  0.025029408 -0.002478258
2   1.0 0.7614860 0.6791458 0.8665360 -0.1873902  0.000000000  0.000000000
3   2.0 0.7262563 0.6703968 0.8744507 -0.2040540 -0.008749024  0.007914766
           oe         te
1  0.03962933 -0.1623608
2  0.00000000 -0.1873902
3 -0.03522970 -0.1961392

[[2]]
  delta        mu      mu_1      mu_0         de         se_1        se_0
1   0.5 0.7626536 0.6551167 0.8370393 -0.1819226  0.019781095  0.01476471
2   1.0 0.7146149 0.6353356 0.8222746 -0.1869390  0.000000000  0.00000000
3   2.0 0.6746026 0.6290479 0.8104145 -0.1813666 -0.006287731 -0.01186009
           oe         te
1  0.04803862 -0.1671579
2  0.00000000 -0.1869390
3 -0.04001234 -0.1932267

[[3]]
  delta        mu      mu_1      mu_0         de       se_1       se_0
1   0.5 0.8013082 0.6799139 0.8840219 -0.2041079 0.00648822 0.02008122
2   1.0 0.7542014 0.6734257 0.8639406 -0.1905149 0.00000000 0.00000000
3   2.0 0.7558834 0.7046796 0.8834138 -0.1787341 0.03125393 0.01947311
          oe         te
1 0.04710683 -0.1840267
2 0.00000000 -0.1905149
3 0.00168207 -0.1592610

[[4]]
  delta        mu      mu_1      mu_0         de         se_1        se_0
1   0.5 0.7791776 0.6959843 0.8372278 -0.1412434  0.008878063 -0.01595507
2   1.0 0.7550746 0.6871063 0.8531828 -0.1660766  0.000000000  0.00000000
3   2.0 0.7185888 0.6767920 0.8351975 -0.1584055 -0.010314297 -0.01798533
           oe         te
1  0.02410297 -0.1571985
2  0.00000000 -0.1660766
3 -0.03648586 -0.1763909

[[5]]
  delta        mu      mu_1      mu_0         de         se_1         se_0
1   0.5 0.7906764 0.6868099 0.8612099 -0.1744001  0.006011684 -0.001527471
2   1.0 0.7598111 0.6807982 0.8627374 -0.1819392  0.000000000  0.000000000
3   2.0 0.7060900 0.6544034 0.8398086 -0.1854052 -0.026394843 -0.022928840
           oe         te
1  0.03086534 -0.1759275
2  0.00000000 -0.1819392
3 -0.05372113 -0.2083341

[[6]]
  delta        mu      mu_1      mu_0         de        se_1         se_0
1   0.5 0.7883987 0.6879270 0.8603105 -0.1723835  0.01069395  0.009907361
2   1.0 0.7511918 0.6772330 0.8504032 -0.1731701  0.00000000  0.000000000
3   2.0 0.6959778 0.6363754 0.8473355 -0.2109601 -0.04085762 -0.003067640
           oe         te
1  0.03720689 -0.1624762
2  0.00000000 -0.1731701
3 -0.05521394 -0.2140277

[[7]]
  delta        mu      mu_1      mu_0         de        se_1         se_0
1   0.5 0.8255009 0.7192303 0.8954695 -0.1762391  0.04060194  0.023144697
2   1.0 0.7617274 0.6786284 0.8723248 -0.1936964  0.00000000  0.000000000
3   2.0 0.7107673 0.6516110 0.8656089 -0.2139979 -0.02701735 -0.006715856
           oe         te
1  0.06377356 -0.1530944
2  0.00000000 -0.1936964
3 -0.05096009 -0.2207137

[[8]]
  delta        mu      mu_1      mu_0         de        se_1        se_0
1   0.5 0.8259567 0.7150333 0.8995436 -0.1845104  0.04795879  0.02329859
2   1.0 0.7557869 0.6670745 0.8762451 -0.2091706  0.00000000  0.00000000
3   2.0 0.6808534 0.6250446 0.8421875 -0.2171428 -0.04202989 -0.03405761
           oe         te
1  0.07016987 -0.1612118
2  0.00000000 -0.2091706
3 -0.07493351 -0.2512004

[[9]]
  delta        mu      mu_1      mu_0         de       se_1        se_0
1   0.5 0.8021013 0.6754137 0.8837533 -0.2083395 0.02258891  0.04516501
2   1.0 0.7326777 0.6528248 0.8385883 -0.1857634 0.00000000  0.00000000
3   2.0 0.7198766 0.6742695 0.8281909 -0.1539214 0.02144468 -0.01039736
           oe         te
1  0.06942359 -0.1631745
2  0.00000000 -0.1857634
3 -0.01280112 -0.1643187

[[10]]
  delta        mu      mu_1      mu_0         de         se_1        se_0
1   0.5 0.7581184 0.6608887 0.8327170 -0.1718283  0.001094447 -0.01192444
2   1.0 0.7359776 0.6597942 0.8446414 -0.1848472  0.000000000  0.00000000
3   2.0 0.6771551 0.6191128 0.8326077 -0.2134950 -0.040681456 -0.01203371
           oe         te
1  0.02214081 -0.1837528
2  0.00000000 -0.1848472
3 -0.05882249 -0.2255287

[[11]]
  delta        mu      mu_1      mu_0         de          se_1        se_0
1   0.5 0.7907833 0.6655362 0.8748586 -0.2093225  0.0006950033  0.01898873
2   1.0 0.7458078 0.6648412 0.8558699 -0.1910287  0.0000000000  0.00000000
3   2.0 0.6928354 0.6442309 0.8315181 -0.1872872 -0.0206102343 -0.02435177
           oe         te
1  0.04497547 -0.1903337
2  0.00000000 -0.1910287
3 -0.05297239 -0.2116390

[[12]]
  delta        mu      mu_1      mu_0         de        se_1         se_0
1   0.5 0.8390701 0.7209978 0.9077636 -0.1867658 0.036122795 0.0420036101
2   1.0 0.7656356 0.6848750 0.8657600 -0.1808849 0.000000000 0.0000000000
3   2.0 0.7431436 0.6916484 0.8660313 -0.1743830 0.006773307 0.0002713235
           oe         te
1  0.07343448 -0.1447621
2  0.00000000 -0.1808849
3 -0.02249196 -0.1741116

[[13]]
  delta        mu      mu_1      mu_0         de        se_1         se_0
1   0.5 0.8250975 0.7378412 0.8848924 -0.1470512  0.03524459  0.002298883
2   1.0 0.7809754 0.7025966 0.8825935 -0.1799969  0.00000000  0.000000000
3   2.0 0.7327697 0.6768804 0.8733444 -0.1964640 -0.02571626 -0.009249096
           oe         te
1  0.04412213 -0.1447523
2  0.00000000 -0.1799969
3 -0.04820568 -0.2057131

[[14]]
  delta        mu      mu_1      mu_0         de        se_1       se_0
1   0.5 0.7970579 0.6926880 0.8651090 -0.1724210  0.01651739 0.01647677
2   1.0 0.7505152 0.6761706 0.8486323 -0.1724616  0.00000000 0.00000000
3   2.0 0.7082364 0.6536689 0.8560373 -0.2023684 -0.02250171 0.00740503
           oe         te
1  0.04654274 -0.1559443
2  0.00000000 -0.1724616
3 -0.04227876 -0.1949634

[[15]]
  delta        mu      mu_1      mu_0         de        se_1         se_0
1   0.5 0.7784938 0.6495864 0.8651208 -0.2155344  0.00157142  0.010217748
2   1.0 0.7369943 0.6480150 0.8549031 -0.2068881  0.00000000  0.000000000
3   2.0 0.6935071 0.6315919 0.8532995 -0.2217076 -0.01642306 -0.001603532
           oe         te
1  0.04149955 -0.2053167
2  0.00000000 -0.2068881
3 -0.04348716 -0.2233111

[[16]]
  delta        mu      mu_1      mu_0         de        se_1       se_0
1   0.5 0.8216748 0.6972939 0.9020849 -0.2047909 0.017200442 0.04750548
2   1.0 0.7556708 0.6800935 0.8545794 -0.1744859 0.000000000 0.00000000
3   2.0 0.7372010 0.6841941 0.8688415 -0.1846474 0.004100552 0.01426209
           oe         te
1  0.06600401 -0.1572854
2  0.00000000 -0.1744859
3 -0.01846978 -0.1703853

[[17]]
  delta        mu      mu_1      mu_0         de       se_1        se_0
1   0.5 0.7890364 0.6805633 0.8623276 -0.1817643 0.01320895 0.009778794
2   1.0 0.7480691 0.6673544 0.8525489 -0.1851945 0.00000000 0.000000000
3   2.0 0.7460579 0.6971254 0.8599631 -0.1628377 0.02977105 0.007414221
            oe         te
1  0.040967338 -0.1719855
2  0.000000000 -0.1851945
3 -0.002011238 -0.1554234

[[18]]
  delta        mu      mu_1      mu_0         de         se_1        se_0
1   0.5 0.7772621 0.6715705 0.8491195 -0.1775490 -0.009187855 -0.01107511
2   1.0 0.7587600 0.6807584 0.8601947 -0.1794363  0.000000000  0.00000000
3   2.0 0.7462226 0.6925354 0.8734918 -0.1809563  0.011777060  0.01329709
           oe         te
1  0.01850202 -0.1886242
2  0.00000000 -0.1794363
3 -0.01253746 -0.1676592

[[19]]
  delta        mu      mu_1      mu_0         de        se_1        se_0
1   0.5 0.8310339 0.7066997 0.9113444 -0.2046447  0.03950873  0.04452076
2   1.0 0.7553349 0.6671909 0.8668237 -0.1996327  0.00000000  0.00000000
3   2.0 0.7051608 0.6475604 0.8460401 -0.1984797 -0.01963057 -0.02078353
           oe         te
1  0.07569898 -0.1601240
2  0.00000000 -0.1996327
3 -0.05017409 -0.2192633

[[20]]
  delta        mu      mu_1      mu_0         de         se_1         se_0
1   0.5 0.7836883 0.6798018 0.8554277 -0.1756259  0.023626573  0.008447538
2   1.0 0.7351100 0.6561752 0.8469801 -0.1908049  0.000000000  0.000000000
3   2.0 0.6869162 0.6462757 0.8125044 -0.1662287 -0.009899552 -0.034475728
           oe         te
1  0.04857834 -0.1671783
2  0.00000000 -0.1908049
3 -0.04819373 -0.2007045

[[1]]
  delta         mu       mu_1       mu_0         de       se_1       se_0
1   0.5 0.02440253 0.02100122 0.02705658 0.02136100 0.01518312 0.02125053
2   1.0 0.01779892 0.01791458 0.01768550 0.01277639 0.00000000 0.00000000
3   2.0 0.03307029 0.03570573 0.02551749 0.02556755 0.02839094 0.02076652
          oe         te
1 0.01906326 0.01646164
2 0.00000000 0.01277639
3 0.02711056 0.03451716

[[2]]
  delta         mu       mu_1       mu_0         de       se_1       se_0
1   0.5 0.02298714 0.02074992 0.02631601 0.02358532 0.01687722 0.02188597
2   1.0 0.01754423 0.01811833 0.01718325 0.01307970 0.00000000 0.00000000
3   2.0 0.02976134 0.03256151 0.02302763 0.02330720 0.02535570 0.01778703
          oe         te
1 0.01975174 0.01764443
2 0.00000000 0.01307970
3 0.02358558 0.03141085

[[3]]
  delta         mu       mu_1       mu_0         de       se_1       se_0
1   0.5 0.02383469 0.02020376 0.02730192 0.02198250 0.01561298 0.02303380
2   1.0 0.01722954 0.01763927 0.01633395 0.01187982 0.00000000 0.00000000
3   2.0 0.03504750 0.03829210 0.02586413 0.02668592 0.03153886 0.02147649
          oe         te
1 0.02005731 0.01579579
2 0.00000000 0.01187982
3 0.02928207 0.03683168

[[4]]
  delta         mu       mu_1       mu_0         de       se_1       se_0
1   0.5 0.02635860 0.02205632 0.03110743 0.02136818 0.01712574 0.02567209
2   1.0 0.01779633 0.01860441 0.01677058 0.01248210 0.00000000 0.00000000
3   2.0 0.03129864 0.03420261 0.02446243 0.02387941 0.02699168 0.01929328
          oe         te
1 0.02199510 0.01639200
2 0.00000000 0.01248210
3 0.02527407 0.03336956

[[5]]
  delta         mu       mu_1       mu_0         de       se_1       se_0
1   0.5 0.02544039 0.02057989 0.02854906 0.02106876 0.01661675 0.02357123
2   1.0 0.01731712 0.01775642 0.01699433 0.01328959 0.00000000 0.00000000
3   2.0 0.03618320 0.04020450 0.02668678 0.02896727 0.03421350 0.02261046
          oe         te
1 0.02156563 0.01633829
2 0.00000000 0.01328959
3 0.03144397 0.04003775

[[6]]
  delta         mu       mu_1       mu_0         de       se_1       se_0
1   0.5 0.02230308 0.01867853 0.02486864 0.01970355 0.01378836 0.02046571
2   1.0 0.01671352 0.01698757 0.01649079 0.01267822 0.00000000 0.00000000
3   2.0 0.03345926 0.03583613 0.02467457 0.02322493 0.02973674 0.02166915
          oe         te
1 0.01828505 0.01429598
2 0.00000000 0.01267822
3 0.02893858 0.03604321

[[7]]
  delta         mu       mu_1       mu_0         de       se_1       se_0
1   0.5 0.02361302 0.01992362 0.02633825 0.02033649 0.01649059 0.02339511
2   1.0 0.01806470 0.01870191 0.01716722 0.01277305 0.00000000 0.00000000
3   2.0 0.03461274 0.03902374 0.02501763 0.03093653 0.03121184 0.02133190
          oe         te
1 0.02127717 0.01581089
2 0.00000000 0.01277305
3 0.02863031 0.03818499

[[8]]
  delta         mu       mu_1       mu_0         de       se_1       se_0
1   0.5 0.02217700 0.01989444 0.02423511 0.01870632 0.01500443 0.02033166
2   1.0 0.01831558 0.01920956 0.01668397 0.01255745 0.00000000 0.00000000
3   2.0 0.03446270 0.03778311 0.02554227 0.02778659 0.02968192 0.01947383
          oe         te
1 0.01869488 0.01542291
2 0.00000000 0.01255745
3 0.02713530 0.03520937

[[9]]
  delta         mu       mu_1       mu_0         de       se_1       se_0
1   0.5 0.02623627 0.02043620 0.03070925 0.02506332 0.01628418 0.02411339
2   1.0 0.01730764 0.01753272 0.01715609 0.01273102 0.00000000 0.00000000
3   2.0 0.03302278 0.03595348 0.02539690 0.02412559 0.02883348 0.02153478
          oe         te
1 0.02098168 0.01589594
2 0.00000000 0.01273102
3 0.02759413 0.03550845

[[10]]
  delta         mu       mu_1       mu_0         de       se_1       se_0
1   0.5 0.02265431 0.01956292 0.02541569 0.01998554 0.01518104 0.02059771
2   1.0 0.01723031 0.01760128 0.01678257 0.01250006 0.00000000 0.00000000
3   2.0 0.03072120 0.03397616 0.02431341 0.02757130 0.02761060 0.01931363
          oe         te
1 0.01854617 0.01615355
2 0.00000000 0.01250006
3 0.02507563 0.03323363

[[11]]
  delta         mu       mu_1       mu_0         de       se_1       se_0
1   0.5 0.02034647 0.01852130 0.02356984 0.02194562 0.01415158 0.02041027
2   1.0 0.01784212 0.01837909 0.01712545 0.01269252 0.00000000 0.00000000
3   2.0 0.03466030 0.03779912 0.02622068 0.02642915 0.03039736 0.02160530
          oe         te
1 0.01737901 0.01597146
2 0.00000000 0.01269252
3 0.02832057 0.03612072

[[12]]
  delta         mu       mu_1       mu_0         de       se_1       se_0
1   0.5 0.02566694 0.01995918 0.02903482 0.02036153 0.01576828 0.02448091
2   1.0 0.01739247 0.01805993 0.01659573 0.01225920 0.00000000 0.00000000
3   2.0 0.03292179 0.03535511 0.02513313 0.02334433 0.02808529 0.02059550
          oe         te
1 0.02191264 0.01527169
2 0.00000000 0.01225920
3 0.02695280 0.03384146

[[13]]
  delta         mu       mu_1       mu_0         de       se_1       se_0
1   0.5 0.02475505 0.01977137 0.02770742 0.02057993 0.01640572 0.02301054
2   1.0 0.01751988 0.01768820 0.01706054 0.01218069 0.00000000 0.00000000
3   2.0 0.03008023 0.03274103 0.02384109 0.02338834 0.02555545 0.01969213
          oe         te
1 0.02118913 0.01545744
2 0.00000000 0.01218069
3 0.02412385 0.03135440

[[14]]
  delta         mu       mu_1       mu_0         de       se_1       se_0
1   0.5 0.02148753 0.01866208 0.02436210 0.02001891 0.01610109 0.02064700
2   1.0 0.01659089 0.01740271 0.01627156 0.01289209 0.00000000 0.00000000
3   2.0 0.02962805 0.03250916 0.02413969 0.02477045 0.02470106 0.01834344
          oe         te
1 0.01886825 0.01586291
2 0.00000000 0.01289209
3 0.02307604 0.03129050

[[15]]
  delta         mu       mu_1       mu_0         de       se_1       se_0
1   0.5 0.02710850 0.02102042 0.03094732 0.02362563 0.01610058 0.02504635
2   1.0 0.01795427 0.01835864 0.01726410 0.01293687 0.00000000 0.00000000
3   2.0 0.03177088 0.03428883 0.02435066 0.02546873 0.02756003 0.01992397
          oe         te
1 0.02228367 0.01636151
2 0.00000000 0.01293687
3 0.02620845 0.03378285

[[16]]
  delta         mu       mu_1       mu_0         de       se_1       se_0
1   0.5 0.02394675 0.02019066 0.02677134 0.02015429 0.01761649 0.02233902
2   1.0 0.01777256 0.01839558 0.01709055 0.01249409 0.00000000 0.00000000
3   2.0 0.03611576 0.04002494 0.02801457 0.02921233 0.03311551 0.02271401
          oe         te
1 0.02103626 0.01586959
2 0.00000000 0.01249409
3 0.03009739 0.03862409

[[17]]
  delta         mu       mu_1       mu_0         de       se_1       se_0
1   0.5 0.02256917 0.01962826 0.02565870 0.02217154 0.01533397 0.02285023
2   1.0 0.01633218 0.01668740 0.01596836 0.01221771 0.00000000 0.00000000
3   2.0 0.04479826 0.05344062 0.02515620 0.04187834 0.05006500 0.02178983
          oe         te
1 0.01996716 0.01599085
2 0.00000000 0.01221771
3 0.04205946 0.05360565

[[18]]
  delta         mu       mu_1       mu_0         de       se_1       se_0
1   0.5 0.02325914 0.01897956 0.02629011 0.01987869 0.01521404 0.02182415
2   1.0 0.01691981 0.01738646 0.01657275 0.01299457 0.00000000 0.00000000
3   2.0 0.03391188 0.03839317 0.02409889 0.02963074 0.03277878 0.02062005
          oe         te
1 0.01990147 0.01453581
2 0.00000000 0.01299457
3 0.02987888 0.03961017

[[19]]
  delta         mu       mu_1       mu_0         de       se_1       se_0
1   0.5 0.02578096 0.02283024 0.03057989 0.02572081 0.01925001 0.02534812
2   1.0 0.01700169 0.01759384 0.01633352 0.01260648 0.00000000 0.00000000
3   2.0 0.03241702 0.03549680 0.02395386 0.02383291 0.02857125 0.02033264
          oe         te
1 0.02142669 0.01916224
2 0.00000000 0.01260648
3 0.02700374 0.03476049

[[20]]
  delta         mu       mu_1       mu_0         de       se_1       se_0
1   0.5 0.02563700 0.02045789 0.02930020 0.02215430 0.01548503 0.02389374
2   1.0 0.01765959 0.01756974 0.01756567 0.01279075 0.00000000 0.00000000
3   2.0 0.03270918 0.03647207 0.02449001 0.02575612 0.03003641 0.02059104
          oe         te
1 0.02091846 0.01589280
2 0.00000000 0.01279075
3 0.02775922 0.03659467

[1] "Total run time was 4297.979 seconds"
