Warning message:
package ‘SuperLearner’ was built under R version 4.1.3 
[1] "[Simulation setting]"
[1] "n: 500"
[1] "deltas: 0.5, 1, 2"
[1] "K: 2"
[1] "r: 100"
[1] "s: 1"
[1] "Sim.id 1"
[1] "Data generated and format changed"
[1] "   Split: 1"
Loading required namespace: nnet
Loading required namespace: ranger
[1] "   Split: 2"
[1] "Estimates and SE estimates computed"
[1] ""
[1] "Sim.id 2"
[1] "Data generated and format changed"
[1] "   Split: 1"
[1] "   Split: 2"
[1] "Estimates and SE estimates computed"
[1] ""
[1] "Sim.id 3"
[1] "Data generated and format changed"
[1] "   Split: 1"
[1] "   Split: 2"
[1] "Estimates and SE estimates computed"
[1] ""
[1] "Sim.id 4"
[1] "Data generated and format changed"
[1] "   Split: 1"
[1] "   Split: 2"
[1] "Estimates and SE estimates computed"
[1] ""
[1] "Sim.id 5"
[1] "Data generated and format changed"
[1] "   Split: 1"
[1] "   Split: 2"
[1] "Estimates and SE estimates computed"
[1] ""
[1] "Sim.id 6"
[1] "Data generated and format changed"
[1] "   Split: 1"
[1] "   Split: 2"
[1] "Estimates and SE estimates computed"
[1] ""
[1] "Sim.id 7"
[1] "Data generated and format changed"
[1] "   Split: 1"
[1] "   Split: 2"
[1] "Estimates and SE estimates computed"
[1] ""
[1] "Sim.id 8"
[1] "Data generated and format changed"
[1] "   Split: 1"
[1] "   Split: 2"
[1] "Estimates and SE estimates computed"
[1] ""
[1] "Sim.id 9"
[1] "Data generated and format changed"
[1] "   Split: 1"
[1] "   Split: 2"
[1] "Estimates and SE estimates computed"
[1] ""
[1] "Sim.id 10"
[1] "Data generated and format changed"
[1] "   Split: 1"
[1] "   Split: 2"
[1] "Estimates and SE estimates computed"
[1] ""
[1] "Sim.id 11"
[1] "Data generated and format changed"
[1] "   Split: 1"
[1] "   Split: 2"
[1] "Estimates and SE estimates computed"
[1] ""
[1] "Sim.id 12"
[1] "Data generated and format changed"
[1] "   Split: 1"
[1] "   Split: 2"
[1] "Estimates and SE estimates computed"
[1] ""
[1] "Sim.id 13"
[1] "Data generated and format changed"
[1] "   Split: 1"
[1] "   Split: 2"
[1] "Estimates and SE estimates computed"
[1] ""
[1] "Sim.id 14"
[1] "Data generated and format changed"
[1] "   Split: 1"
[1] "   Split: 2"
[1] "Estimates and SE estimates computed"
[1] ""
[1] "Sim.id 15"
[1] "Data generated and format changed"
[1] "   Split: 1"
[1] "   Split: 2"
[1] "Estimates and SE estimates computed"
[1] ""
[1] "Sim.id 16"
[1] "Data generated and format changed"
[1] "   Split: 1"
[1] "   Split: 2"
[1] "Estimates and SE estimates computed"
[1] ""
[1] "Sim.id 17"
[1] "Data generated and format changed"
[1] "   Split: 1"
[1] "   Split: 2"
[1] "Estimates and SE estimates computed"
[1] ""
[1] "Sim.id 18"
[1] "Data generated and format changed"
[1] "   Split: 1"
[1] "   Split: 2"
[1] "Estimates and SE estimates computed"
[1] ""
[1] "Sim.id 19"
[1] "Data generated and format changed"
[1] "   Split: 1"
[1] "   Split: 2"
[1] "Estimates and SE estimates computed"
[1] ""
[1] "Sim.id 20"
[1] "Data generated and format changed"
[1] "   Split: 1"
[1] "   Split: 2"
[1] "Estimates and SE estimates computed"
[1] ""
[[1]]
  delta        mu      mu_1      mu_0         de       se_1         se_0
1   0.5 0.7846850 0.6761533 0.8554082 -0.1792549 0.02276469  0.002442725
2   1.0 0.7405787 0.6533886 0.8529655 -0.1995769 0.00000000  0.000000000
3   2.0 0.7228063 0.6799412 0.8309653 -0.1510240 0.02655266 -0.022000211
           oe         te
1  0.04410621 -0.1768122
2  0.00000000 -0.1995769
3 -0.01777247 -0.1730242

[[2]]
  delta        mu      mu_1      mu_0         de          se_1         se_0
1   0.5 0.7964971 0.6815502 0.8771776 -0.1956273  0.0008564042  0.025755070
2   1.0 0.7525180 0.6806938 0.8514225 -0.1707286  0.0000000000  0.000000000
3   2.0 0.7039452 0.6517861 0.8490001 -0.1972141 -0.0289077620 -0.002422345
           oe         te
1  0.04397904 -0.1698722
2  0.00000000 -0.1707286
3 -0.04857281 -0.1996364

[[3]]
  delta        mu      mu_1      mu_0         de        se_1         se_0
1   0.5 0.8203623 0.7390723 0.8716979 -0.1326256  0.04015071  0.002108165
2   1.0 0.7742639 0.6989216 0.8695898 -0.1706681  0.00000000  0.000000000
3   2.0 0.7294706 0.6828795 0.8449939 -0.1621144 -0.01604215 -0.024595887
           oe         te
1  0.04609836 -0.1305174
2  0.00000000 -0.1706681
3 -0.04479334 -0.1867103

[[4]]
  delta        mu      mu_1      mu_0         de        se_1        se_0
1   0.5 0.8824288 0.7481143 0.9636572 -0.2155429  0.04970851  0.07147754
2   1.0 0.7831618 0.6984057 0.8921796 -0.1937739  0.00000000  0.00000000
3   2.0 0.7297574 0.6813071 0.8548844 -0.1735772 -0.01709862 -0.03729527
          oe         te
1  0.0992670 -0.1440654
2  0.0000000 -0.1937739
3 -0.0534044 -0.2108725

[[5]]
  delta        mu      mu_1      mu_0         de         se_1        se_0
1   0.5 0.7794814 0.6899791 0.8380820 -0.1481029 -0.009035657 -0.02134007
2   1.0 0.7723931 0.6990147 0.8594221 -0.1604073  0.000000000  0.00000000
3   2.0 0.7470235 0.6900065 0.8843725 -0.1943660 -0.009008215  0.02495042
            oe         te
1  0.007088323 -0.1694430
2  0.000000000 -0.1604073
3 -0.025369657 -0.1694156

[[6]]
  delta        mu      mu_1      mu_0         de        se_1         se_0
1   0.5 0.7940503 0.7026020 0.8562770 -0.1536750  0.02367802  0.011108614
2   1.0 0.7497869 0.6789240 0.8451684 -0.1662444  0.00000000  0.000000000
3   2.0 0.7084605 0.6609065 0.8365462 -0.1756398 -0.01801755 -0.008622205
           oe         te
1  0.04426339 -0.1425664
2  0.00000000 -0.1662444
3 -0.04132638 -0.1842620

[[7]]
  delta        mu      mu_1      mu_0         de        se_1        se_0
1   0.5 0.7854764 0.7047619 0.8369890 -0.1322271  0.04515494 -0.01442243
2   1.0 0.7429979 0.6596069 0.8514114 -0.1918045  0.00000000  0.00000000
3   2.0 0.7013516 0.6494911 0.8301926 -0.1807016 -0.01011585 -0.02121878
           oe         te
1  0.04247849 -0.1466496
2  0.00000000 -0.1918045
3 -0.04164629 -0.2019204

[[8]]
  delta        mu      mu_1      mu_0         de        se_1          se_0
1   0.5 0.7572451 0.6761068 0.8189552 -0.1428484  0.02230777 -0.0106510240
2   1.0 0.7272635 0.6537990 0.8296062 -0.1758072  0.00000000  0.0000000000
3   2.0 0.6923915 0.6419188 0.8289220 -0.1870032 -0.01188022 -0.0006842328
           oe         te
1  0.02998165 -0.1534994
2  0.00000000 -0.1758072
3 -0.03487201 -0.1876874

[[9]]
  delta        mu      mu_1      mu_0         de         se_1          se_0
1   0.5 0.7746947 0.6639341 0.8508805 -0.1869464  0.001215664  1.956117e-02
2   1.0 0.7321570 0.6627185 0.8313193 -0.1686009  0.000000000  0.000000e+00
3   2.0 0.6996545 0.6543208 0.8312679 -0.1769471 -0.008397644 -5.143159e-05
           oe         te
1  0.04253762 -0.1673852
2  0.00000000 -0.1686009
3 -0.03250249 -0.1769985

[[10]]
  delta        mu      mu_1      mu_0         de         se_1        se_0
1   0.5 0.8214696 0.6858706 0.9039144 -0.2180438  0.005424742  0.03264551
2   1.0 0.7643860 0.6804459 0.8712689 -0.1908230  0.000000000  0.00000000
3   2.0 0.6751536 0.6259987 0.8162992 -0.1903005 -0.054447232 -0.05496970
           oe         te
1  0.05708363 -0.1853983
2  0.00000000 -0.1908230
3 -0.08923245 -0.2452702

[[11]]
  delta        mu      mu_1      mu_0         de         se_1         se_0
1   0.5 0.7537695 0.6619547 0.8186933 -0.1567385 -0.008415556 -0.019670775
2   1.0 0.7444262 0.6703703 0.8383640 -0.1679938  0.000000000  0.000000000
3   2.0 0.7009665 0.6475035 0.8300467 -0.1825432 -0.022866795 -0.008317321
            oe         te
1  0.009343315 -0.1764093
2  0.000000000 -0.1679938
3 -0.043459675 -0.1908606

[[12]]
  delta        mu      mu_1      mu_0         de        se_1        se_0
1   0.5 0.8665342 0.7353247 0.9441388 -0.2088141  0.04708343  0.05839838
2   1.0 0.7756405 0.6882412 0.8857404 -0.1974992  0.00000000  0.00000000
3   2.0 0.7042642 0.6400299 0.8637307 -0.2237008 -0.04821129 -0.02200974
           oe         te
1  0.09089379 -0.1504158
2  0.00000000 -0.1974992
3 -0.07137623 -0.2457105

[[13]]
  delta        mu      mu_1      mu_0         de        se_1         se_0
1   0.5 0.7793554 0.6746782 0.8493414 -0.1746633  0.01217401 -0.003304309
2   1.0 0.7417603 0.6625042 0.8526457 -0.1901416  0.00000000  0.000000000
3   2.0 0.6927035 0.6365097 0.8507455 -0.2142358 -0.02599451 -0.001900247
           oe         te
1  0.03759513 -0.1779676
2  0.00000000 -0.1901416
3 -0.04905676 -0.2161361

[[14]]
  delta        mu      mu_1      mu_0         de        se_1        se_0
1   0.5 0.7450774 0.6542085 0.8114904 -0.1572818 -0.00953019 -0.02094410
2   1.0 0.7343657 0.6637387 0.8324345 -0.1686957  0.00000000  0.00000000
3   2.0 0.7577947 0.7128514 0.8724921 -0.1596407  0.04911269  0.04005761
          oe         te
1 0.01071169 -0.1782259
2 0.00000000 -0.1686957
3 0.02342904 -0.1195831

[[15]]
  delta        mu      mu_1      mu_0         de         se_1        se_0
1   0.5 0.7807992 0.6864394 0.8512808 -0.1648414  0.003707206 0.003504587
2   1.0 0.7512147 0.6827322 0.8477762 -0.1650440  0.000000000 0.000000000
3   2.0 0.7248091 0.6763580 0.8574355 -0.1810775 -0.006374195 0.009659258
           oe         te
1  0.02958453 -0.1613368
2  0.00000000 -0.1650440
3 -0.02640562 -0.1714182

[[16]]
  delta        mu      mu_1      mu_0         de        se_1        se_0
1   0.5 0.8121388 0.7229642 0.8682271 -0.1452629  0.05060768  0.01570341
2   1.0 0.7496079 0.6723566 0.8525237 -0.1801671  0.00000000  0.00000000
3   2.0 0.6344635 0.5712599 0.8130242 -0.2417644 -0.10109668 -0.03949946
           oe         te
1  0.06253084 -0.1295595
2  0.00000000 -0.1801671
3 -0.11514443 -0.2812638

[[17]]
  delta        mu      mu_1      mu_0         de        se_1        se_0
1   0.5 0.7552412 0.6598879 0.8269182 -0.1670303 -0.02225312 -0.03504507
2   1.0 0.7584882 0.6821410 0.8619633 -0.1798222  0.00000000  0.00000000
3   2.0 0.7263521 0.6633935 0.8980291 -0.2346356 -0.01874756  0.03606581
            oe         te
1 -0.003246986 -0.2020754
2  0.000000000 -0.1798222
3 -0.032136104 -0.1985698

[[18]]
  delta        mu      mu_1      mu_0         de        se_1         se_0
1   0.5 0.7686027 0.6710001 0.8375893 -0.1665892  0.02155858  0.012814320
2   1.0 0.7235373 0.6494415 0.8247750 -0.1753335  0.00000000  0.000000000
3   2.0 0.6867718 0.6356294 0.8236155 -0.1879861 -0.01381210 -0.001159492
           oe         te
1  0.04506540 -0.1537749
2  0.00000000 -0.1753335
3 -0.03676549 -0.1891456

[[19]]
  delta        mu      mu_1      mu_0         de       se_1        se_0
1   0.5 0.8572777 0.7267935 0.9365989 -0.2098054 0.03885504  0.07077011
2   1.0 0.7656162 0.6879385 0.8658288 -0.1778903 0.00000000  0.00000000
3   2.0 0.7401156 0.6981736 0.8426582 -0.1444846 0.01023515 -0.02317053
           oe         te
1  0.09166147 -0.1390353
2  0.00000000 -0.1778903
3 -0.02550060 -0.1676551

[[20]]
  delta        mu      mu_1      mu_0         de         se_1        se_0
1   0.5 0.8387951 0.7311310 0.9083781 -0.1772471  0.035328092  0.04386427
2   1.0 0.7685588 0.6958029 0.8645139 -0.1687110  0.000000000  0.00000000
3   2.0 0.7336317 0.6924571 0.8460385 -0.1535814 -0.003345769 -0.01847537
           oe         te
1  0.07023635 -0.1333829
2  0.00000000 -0.1687110
3 -0.03492703 -0.1720567

[[1]]
  delta         mu       mu_1       mu_0         de       se_1       se_0
1   0.5 0.02467967 0.01944012 0.03018452 0.02602579 0.01557863 0.02560280
2   1.0 0.01782859 0.01868933 0.01700187 0.01340579 0.00000000 0.00000000
3   2.0 0.03530892 0.03918337 0.02712994 0.02841116 0.03117658 0.02228974
          oe         te
1 0.02109260 0.01544727
2 0.00000000 0.01340579
3 0.02863654 0.03757684

[[2]]
  delta         mu       mu_1       mu_0         de       se_1       se_0
1   0.5 0.02748111 0.02080691 0.03296378 0.02823629 0.01630879 0.02941348
2   1.0 0.01791878 0.01816874 0.01736155 0.01271491 0.00000000 0.00000000
3   2.0 0.02844218 0.03014395 0.02398582 0.02089459 0.02358129 0.01896449
          oe         te
1 0.02444018 0.01643305
2 0.00000000 0.01271491
3 0.02276268 0.02955290

[[3]]
  delta         mu       mu_1       mu_0         de       se_1       se_0
1   0.5 0.02299727 0.02016332 0.02552812 0.01977038 0.01499997 0.02011361
2   1.0 0.01787557 0.01807905 0.01767327 0.01239339 0.00000000 0.00000000
3   2.0 0.03979237 0.04814684 0.02403076 0.04229670 0.04361067 0.01855437
          oe         te
1 0.01846602 0.01567362
2 0.00000000 0.01239339
3 0.03534777 0.04703531

[[4]]
  delta         mu       mu_1       mu_0         de       se_1       se_0
1   0.5 0.02497768 0.02005958 0.02813493 0.02105752 0.01612279 0.02488282
2   1.0 0.01720395 0.01781814 0.01637953 0.01185916 0.00000000 0.00000000
3   2.0 0.03722506 0.04141634 0.02569492 0.02699625 0.03467909 0.02082741
          oe         te
1 0.02225813 0.01509803
2 0.00000000 0.01185916
3 0.03163999 0.03989752

[[5]]
  delta         mu       mu_1       mu_0         de       se_1       se_0
1   0.5 0.02308426 0.01978832 0.02646909 0.02130403 0.01514990 0.02036000
2   1.0 0.01742362 0.01805332 0.01715720 0.01299483 0.00000000 0.00000000
3   2.0 0.03063578 0.03390789 0.02343399 0.02508324 0.02702674 0.01971317
          oe         te
1 0.01832484 0.01541491
2 0.00000000 0.01299483
3 0.02516114 0.03338537

[[6]]
  delta         mu       mu_1       mu_0         de       se_1       se_0
1   0.5 0.02306083 0.01949857 0.02564337 0.01965508 0.01495779 0.02064834
2   1.0 0.01753436 0.01807856 0.01673864 0.01218773 0.00000000 0.00000000
3   2.0 0.03136227 0.03428366 0.02315246 0.02354125 0.02552874 0.01720483
          oe         te
1 0.01861855 0.01514659
2 0.00000000 0.01218773
3 0.02404269 0.03207864

[[7]]
  delta         mu       mu_1       mu_0         de       se_1       se_0
1   0.5 0.02278966 0.02248266 0.02690611 0.02831679 0.01857588 0.02201540
2   1.0 0.01642401 0.01653456 0.01645339 0.01219934 0.00000000 0.00000000
3   2.0 0.02592126 0.02696330 0.02411434 0.01978831 0.02073335 0.01953905
          oe         te
1 0.01844013 0.01988253
2 0.00000000 0.01219934
3 0.02075407 0.02612035

[[8]]
  delta         mu       mu_1       mu_0         de       se_1       se_0
1   0.5 0.02530055 0.01963847 0.02817305 0.02044359 0.01539641 0.02247025
2   1.0 0.01878727 0.01871700 0.01833958 0.01287858 0.00000000 0.00000000
3   2.0 0.03313713 0.03550674 0.02546271 0.02388649 0.02820341 0.02089840
          oe         te
1 0.02041804 0.01439239
2 0.00000000 0.01287858
3 0.02741738 0.03518927

[[9]]
  delta         mu       mu_1       mu_0         de       se_1       se_0
1   0.5 0.02192152 0.02096133 0.02408691 0.02079400 0.01701143 0.01916535
2   1.0 0.01745459 0.01809234 0.01679271 0.01228719 0.00000000 0.00000000
3   2.0 0.03083115 0.03306927 0.02524786 0.02169095 0.02417279 0.01994559
          oe         te
1 0.01800133 0.01740833
2 0.00000000 0.01228719
3 0.02341264 0.03074941

[[10]]
  delta         mu       mu_1       mu_0         de       se_1       se_0
1   0.5 0.02564031 0.02171727 0.02901915 0.02407888 0.01644649 0.02334273
2   1.0 0.01746174 0.01778790 0.01690959 0.01234511 0.00000000 0.00000000
3   2.0 0.03063573 0.03304987 0.02475369 0.02306074 0.02648502 0.01970224
          oe         te
1 0.02042891 0.01742149
2 0.00000000 0.01234511
3 0.02476956 0.03169805

[[11]]
  delta         mu       mu_1       mu_0         de       se_1       se_0
1   0.5 0.02582807 0.02033111 0.02918753 0.02208439 0.01590612 0.02444246
2   1.0 0.01696706 0.01729016 0.01653488 0.01216247 0.00000000 0.00000000
3   2.0 0.02731676 0.02928112 0.02245927 0.01916700 0.02229698 0.01866624
          oe         te
1 0.02200460 0.01510720
2 0.00000000 0.01216247
3 0.02170733 0.02846420

[[12]]
  delta         mu       mu_1       mu_0         de       se_1       se_0
1   0.5 0.02511546 0.01971344 0.02821525 0.02051366 0.01462719 0.02406688
2   1.0 0.01767584 0.01827945 0.01691618 0.01275785 0.00000000 0.00000000
3   2.0 0.03168122 0.03410198 0.02908868 0.02853215 0.02680248 0.02391460
          oe         te
1 0.02133931 0.01500465
2 0.00000000 0.01275785
3 0.02531147 0.03271827

[[13]]
  delta         mu       mu_1       mu_0         de       se_1       se_0
1   0.5 0.02330528 0.01952391 0.02632971 0.02124819 0.01512294 0.02165331
2   1.0 0.01699418 0.01742917 0.01656390 0.01264669 0.00000000 0.00000000
3   2.0 0.02986142 0.03272276 0.02364439 0.02473698 0.02535272 0.01844650
          oe         te
1 0.01915672 0.01614659
2 0.00000000 0.01264669
3 0.02359216 0.03140238

[[14]]
  delta         mu       mu_1       mu_0         de       se_1       se_0
1   0.5 0.02251428 0.01937438 0.02537931 0.02016547 0.01489484 0.02019182
2   1.0 0.01787486 0.01856925 0.01735917 0.01257068 0.00000000 0.00000000
3   2.0 0.03429133 0.03676972 0.02658331 0.02258726 0.02902092 0.02115167
          oe         te
1 0.01785756 0.01506678
2 0.00000000 0.01257068
3 0.02779243 0.03473256

[[15]]
  delta         mu       mu_1       mu_0         de       se_1       se_0
1   0.5 0.02316162 0.01922237 0.02638428 0.02031897 0.01511844 0.02338020
2   1.0 0.01744147 0.01805472 0.01650245 0.01187675 0.00000000 0.00000000
3   2.0 0.03257721 0.03471032 0.02504387 0.02189954 0.02714606 0.02019954
          oe         te
1 0.02038457 0.01523995
2 0.00000000 0.01187675
3 0.02636279 0.03307542

[[16]]
  delta         mu       mu_1       mu_0         de       se_1       se_0
1   0.5 0.02755713 0.02395167 0.03525231 0.03494239 0.02105837 0.03045338
2   1.0 0.01762880 0.01811318 0.01727870 0.01272250 0.00000000 0.00000000
3   2.0 0.05210302 0.06426048 0.02460110 0.05836073 0.05963548 0.01954224
          oe         te
1 0.02404280 0.02108870
2 0.00000000 0.01272250
3 0.04872917 0.06459619

[[17]]
  delta         mu       mu_1       mu_0         de       se_1       se_0
1   0.5 0.02377300 0.02011624 0.02666660 0.02085972 0.01707748 0.02283614
2   1.0 0.01834291 0.01885253 0.01770918 0.01302669 0.00000000 0.00000000
3   2.0 0.03352016 0.03587056 0.02743954 0.02595900 0.02866717 0.02215859
          oe         te
1 0.02130262 0.01669258
2 0.00000000 0.01302669
3 0.02765208 0.03544077

[[18]]
  delta         mu       mu_1       mu_0         de       se_1       se_0
1   0.5 0.02223276 0.01886414 0.02632529 0.02304583 0.01415754 0.02210777
2   1.0 0.01835309 0.01898148 0.01739804 0.01272055 0.00000000 0.00000000
3   2.0 0.03196354 0.03416706 0.02538453 0.02346718 0.02524863 0.01873053
          oe         te
1 0.01873002 0.01462405
2 0.00000000 0.01272055
3 0.02435447 0.03206365

[[19]]
  delta         mu       mu_1       mu_0         de       se_1       se_0
1   0.5 0.02663041 0.02157376 0.03057412 0.02434803 0.01707719 0.02345724
2   1.0 0.01702781 0.01719962 0.01675633 0.01229567 0.00000000 0.00000000
3   2.0 0.03243833 0.03547682 0.02477000 0.02426416 0.02800860 0.01963196
          oe         te
1 0.02079811 0.01672167
2 0.00000000 0.01229567
3 0.02617072 0.03405603

[[20]]
  delta         mu       mu_1       mu_0         de       se_1       se_0
1   0.5 0.02311687 0.01857055 0.02666596 0.02130978 0.01453411 0.02268704
2   1.0 0.01674230 0.01660397 0.01706239 0.01249587 0.00000000 0.00000000
3   2.0 0.03250406 0.03535320 0.02388146 0.02242680 0.02968581 0.02097782
          oe         te
1 0.01969775 0.01490405
2 0.00000000 0.01249587
3 0.02814136 0.03545302

[[1]]
  delta        mu      mu_1      mu_0         de       se_1         se_0
1   0.5 0.7862609 0.6769297 0.8577252 -0.1807954 0.02303177  0.002812203
2   1.0 0.7417123 0.6538979 0.8549130 -0.2010150 0.00000000  0.000000000
3   2.0 0.7248364 0.6816035 0.8328551 -0.1512516 0.02770557 -0.022057847
           oe         te
1  0.04454857 -0.1779832
2  0.00000000 -0.2010150
3 -0.01687594 -0.1733094

[[2]]
  delta        mu      mu_1      mu_0         de         se_1        se_0
1   0.5 0.7992963 0.6828377 0.8795372 -0.1966995  0.002461751  0.02799067
2   1.0 0.7524567 0.6803759 0.8515465 -0.1711706  0.000000000  0.00000000
3   2.0 0.6998974 0.6486116 0.8438624 -0.1952509 -0.031764368 -0.00768407
           oe         te
1  0.04683955 -0.1687088
2  0.00000000 -0.1711706
3 -0.05255931 -0.2029349

[[3]]
  delta        mu      mu_1      mu_0         de        se_1         se_0
1   0.5 0.8222309 0.7396674 0.8741255 -0.1344581  0.03713449  0.002249307
2   1.0 0.7781774 0.7025329 0.8718762 -0.1693433  0.00000000  0.000000000
3   2.0 0.7352559 0.6864711 0.8532200 -0.1667489 -0.01606182 -0.018656184
           oe         te
1  0.04405352 -0.1322088
2  0.00000000 -0.1693433
3 -0.04292144 -0.1854051

[[4]]
  delta        mu      mu_1      mu_0         de        se_1        se_0
1   0.5 0.8833550 0.7493128 0.9643229 -0.2150101  0.05083534  0.07178110
2   1.0 0.7834626 0.6984775 0.8925418 -0.1940643  0.00000000  0.00000000
3   2.0 0.7249700 0.6757330 0.8534223 -0.1776894 -0.02274452 -0.03911947
           oe         te
1  0.09989247 -0.1432290
2  0.00000000 -0.1940643
3 -0.05849261 -0.2168088

[[5]]
  delta        mu      mu_1      mu_0         de         se_1        se_0
1   0.5 0.7802406 0.6898520 0.8394252 -0.1495732 -0.008722178 -0.02008239
2   1.0 0.7721226 0.6985742 0.8595076 -0.1609334  0.000000000  0.00000000
3   2.0 0.7461925 0.6888149 0.8846622 -0.1958473 -0.009759325  0.02515456
            oe         te
1  0.008117962 -0.1696556
2  0.000000000 -0.1609334
3 -0.025930168 -0.1706928

[[6]]
  delta        mu      mu_1      mu_0         de        se_1         se_0
1   0.5 0.7971099 0.7044141 0.8594317 -0.1550177  0.02478118  0.012949313
2   1.0 0.7509625 0.6796329 0.8464824 -0.1668495  0.00000000  0.000000000
3   2.0 0.7078021 0.6593866 0.8376759 -0.1782893 -0.02024633 -0.008806561
           oe         te
1  0.04614745 -0.1420684
2  0.00000000 -0.1668495
3 -0.04316037 -0.1870959

[[7]]
  delta        mu      mu_1      mu_0         de        se_1        se_0
1   0.5 0.7866500 0.7044069 0.8390945 -0.1346877  0.04496583 -0.01223779
2   1.0 0.7427403 0.6594410 0.8513323 -0.1918913  0.00000000  0.00000000
3   2.0 0.7007658 0.6487918 0.8303340 -0.1815423 -0.01064927 -0.02099827
           oe         te
1  0.04390976 -0.1469254
2  0.00000000 -0.1918913
3 -0.04197449 -0.2025405

[[8]]
  delta        mu      mu_1      mu_0         de        se_1         se_0
1   0.5 0.7582334 0.6760774 0.8203015 -0.1442240  0.02037292 -0.011344372
2   1.0 0.7291764 0.6557045 0.8316458 -0.1759413  0.00000000  0.000000000
3   2.0 0.6942350 0.6445364 0.8295056 -0.1849691 -0.01116807 -0.002140272
           oe         te
1  0.02905705 -0.1555684
2  0.00000000 -0.1759413
3 -0.03494140 -0.1871094

[[9]]
  delta        mu      mu_1      mu_0         de          se_1         se_0
1   0.5 0.7736376 0.6633603 0.8497307 -0.1863704  0.0006373299 0.0189897277
2   1.0 0.7317792 0.6627230 0.8307410 -0.1680180  0.0000000000 0.0000000000
3   2.0 0.6995696 0.6542048 0.8316379 -0.1774332 -0.0085182106 0.0008969426
           oe         te
1  0.04185838 -0.1673807
2  0.00000000 -0.1680180
3 -0.03220955 -0.1765362

[[10]]
  delta        mu      mu_1      mu_0         de         se_1        se_0
1   0.5 0.8235501 0.6873835 0.9054134 -0.2180299  0.007028384  0.03299404
2   1.0 0.7651009 0.6803551 0.8724193 -0.1920642  0.000000000  0.00000000
3   2.0 0.6771861 0.6280872 0.8175359 -0.1894487 -0.052267888 -0.05488344
           oe         te
1  0.05844919 -0.1850358
2  0.00000000 -0.1920642
3 -0.08791477 -0.2443321

[[11]]
  delta        mu      mu_1      mu_0         de         se_1        se_0
1   0.5 0.7539539 0.6617766 0.8190836 -0.1573070 -0.008641844 -0.01941700
2   1.0 0.7445366 0.6704184 0.8385006 -0.1680822  0.000000000  0.00000000
3   2.0 0.7010661 0.6475404 0.8301358 -0.1825954 -0.022878017 -0.00836482
            oe         te
1  0.009417292 -0.1767240
2  0.000000000 -0.1680822
3 -0.043470457 -0.1909602

[[12]]
  delta        mu      mu_1      mu_0         de        se_1        se_0
1   0.5 0.8674774 0.7358667 0.9449931 -0.2091264  0.04810462  0.05942673
2   1.0 0.7751908 0.6877621 0.8855664 -0.1978043  0.00000000  0.00000000
3   2.0 0.7030742 0.6389570 0.8631383 -0.2241813 -0.04880511 -0.02242810
           oe         te
1  0.09228667 -0.1496996
2  0.00000000 -0.1978043
3 -0.07211659 -0.2466094

[[13]]
  delta        mu      mu_1      mu_0         de        se_1         se_0
1   0.5 0.7774529 0.6722269 0.8474604 -0.1752335  0.01186489 -0.002585669
2   1.0 0.7394911 0.6603620 0.8500460 -0.1896840  0.00000000  0.000000000
3   2.0 0.6925271 0.6365799 0.8488471 -0.2122672 -0.02378216 -0.001198939
           oe         te
1  0.03796175 -0.1778191
2  0.00000000 -0.1896840
3 -0.04696398 -0.2134662

[[14]]
  delta        mu      mu_1      mu_0         de        se_1        se_0
1   0.5 0.7445877 0.6533281 0.8110357 -0.1577075 -0.01058977 -0.02131192
2   1.0 0.7344936 0.6639179 0.8323476 -0.1684297  0.00000000  0.00000000
3   2.0 0.7579486 0.7130081 0.8726728 -0.1596647  0.04909017  0.04032521
          oe         te
1 0.01009413 -0.1790195
2 0.00000000 -0.1684297
3 0.02345506 -0.1193395

[[15]]
  delta        mu      mu_1      mu_0         de         se_1        se_0
1   0.5 0.7795109 0.6847953 0.8503500 -0.1655547  0.002753029 0.003308761
2   1.0 0.7504767 0.6820423 0.8470413 -0.1649990  0.000000000 0.000000000
3   2.0 0.7242882 0.6758753 0.8569319 -0.1810565 -0.006166960 0.009890621
           oe         te
1  0.02903413 -0.1622459
2  0.00000000 -0.1649990
3 -0.02618851 -0.1711659

[[16]]
  delta        mu      mu_1      mu_0         de        se_1        se_0
1   0.5 0.8114264 0.7225868 0.8682948 -0.1457080  0.04938756  0.01446589
2   1.0 0.7508221 0.6731993 0.8538290 -0.1806297  0.00000000  0.00000000
3   2.0 0.6354324 0.5720908 0.8137181 -0.2416273 -0.10110849 -0.04011089
           oe         te
1  0.06060431 -0.1312421
2  0.00000000 -0.1806297
3 -0.11538969 -0.2817382

[[17]]
  delta        mu      mu_1      mu_0         de        se_1        se_0
1   0.5 0.7562683 0.6611658 0.8285116 -0.1673459 -0.02026249 -0.03354094
2   1.0 0.7575764 0.6814283 0.8620526 -0.1806243  0.00000000  0.00000000
3   2.0 0.7263318 0.6637128 0.8977435 -0.2340307 -0.01771551  0.03569089
            oe         te
1 -0.001308111 -0.2008868
2  0.000000000 -0.1806243
3 -0.031244656 -0.1983398

[[18]]
  delta        mu      mu_1      mu_0         de        se_1          se_0
1   0.5 0.7693283 0.6713146 0.8384838 -0.1671692  0.02208218  0.0137963168
2   1.0 0.7234795 0.6492324 0.8246875 -0.1754550  0.00000000  0.0000000000
3   2.0 0.6883140 0.6370097 0.8245342 -0.1875245 -0.01222272 -0.0001532726
           oe         te
1  0.04584878 -0.1533728
2  0.00000000 -0.1754550
3 -0.03516546 -0.1876777

[[19]]
  delta        mu      mu_1      mu_0         de       se_1        se_0
1   0.5 0.8561834 0.7257799 0.9354690 -0.2096892 0.03735265  0.06946233
2   1.0 0.7659944 0.6884272 0.8660067 -0.1775795 0.00000000  0.00000000
3   2.0 0.7409320 0.6989127 0.8433431 -0.1444304 0.01048545 -0.02266358
           oe         te
1  0.09018895 -0.1402268
2  0.00000000 -0.1775795
3 -0.02506245 -0.1670940

[[20]]
  delta        mu      mu_1      mu_0         de         se_1        se_0
1   0.5 0.8365404 0.7290570 0.9054232 -0.1763663  0.035029578  0.04354036
2   1.0 0.7665285 0.6940274 0.8618829 -0.1678555  0.000000000  0.00000000
3   2.0 0.7334896 0.6924965 0.8432017 -0.1507053 -0.001530941 -0.01868113
           oe         te
1  0.07001191 -0.1328259
2  0.00000000 -0.1678555
3 -0.03303889 -0.1693864

[[1]]
  delta         mu      mu_1       mu_0         de       se_1       se_0
1   0.5 0.02478004 0.0194533 0.03015932 0.02577663 0.01564768 0.02567775
2   1.0 0.01788604 0.0187527 0.01699179 0.01338168 0.00000000 0.00000000
3   2.0 0.03522978 0.0390686 0.02725761 0.02863421 0.03088990 0.02232945
          oe         te
1 0.02129007 0.01542178
2 0.00000000 0.01338168
3 0.02835966 0.03728867

[[2]]
  delta         mu       mu_1       mu_0         de       se_1       se_0
1   0.5 0.02694906 0.02085850 0.03202173 0.02735608 0.01645116 0.02834885
2   1.0 0.01777876 0.01802840 0.01725486 0.01269283 0.00000000 0.00000000
3   2.0 0.02869116 0.03045005 0.02391919 0.02113486 0.02399475 0.01908005
          oe         te
1 0.02380195 0.01651957
2 0.00000000 0.01269283
3 0.02319755 0.03011893

[[3]]
  delta         mu       mu_1       mu_0         de       se_1       se_0
1   0.5 0.02301294 0.02053467 0.02553421 0.02039754 0.01554455 0.02037020
2   1.0 0.01798330 0.01818308 0.01767377 0.01225284 0.00000000 0.00000000
3   2.0 0.03800051 0.04566525 0.02433745 0.04003166 0.04088586 0.01867306
          oe         te
1 0.01870742 0.01611797
2 0.00000000 0.01225284
3 0.03320354 0.04428249

[[4]]
  delta         mu       mu_1       mu_0         de       se_1       se_0
1   0.5 0.02499287 0.02011944 0.02809862 0.02092039 0.01610187 0.02483747
2   1.0 0.01725188 0.01786439 0.01634970 0.01178302 0.00000000 0.00000000
3   2.0 0.03806279 0.04237298 0.02584140 0.02760604 0.03561393 0.02098609
          oe         te
1 0.02221553 0.01508946
2 0.00000000 0.01178302
3 0.03244749 0.04079150

[[5]]
  delta         mu       mu_1       mu_0         de       se_1       se_0
1   0.5 0.02302449 0.01985621 0.02636264 0.02130576 0.01529017 0.02039824
2   1.0 0.01745584 0.01810698 0.01715287 0.01297282 0.00000000 0.00000000
3   2.0 0.03063456 0.03387765 0.02336187 0.02498832 0.02700391 0.01966627
          oe         te
1 0.01841121 0.01553271
2 0.00000000 0.01297282
3 0.02515695 0.03335768

[[6]]
  delta         mu       mu_1       mu_0         de       se_1       se_0
1   0.5 0.02337049 0.01960705 0.02604667 0.01989363 0.01511729 0.02109530
2   1.0 0.01752540 0.01811437 0.01673456 0.01226236 0.00000000 0.00000000
3   2.0 0.03159237 0.03451700 0.02326195 0.02354163 0.02555700 0.01730065
          oe         te
1 0.01900744 0.01525560
2 0.00000000 0.01226236
3 0.02410885 0.03219743

[[7]]
  delta         mu       mu_1       mu_0         de       se_1       se_0
1   0.5 0.02258451 0.02235966 0.02665071 0.02804357 0.01846800 0.02176862
2   1.0 0.01640681 0.01653995 0.01640600 0.01216780 0.00000000 0.00000000
3   2.0 0.02591923 0.02704753 0.02397603 0.01984914 0.02082502 0.01935181
          oe         te
1 0.01822234 0.01978519
2 0.00000000 0.01216780
3 0.02072697 0.02617054

[[8]]
  delta         mu       mu_1       mu_0         de       se_1       se_0
1   0.5 0.02518343 0.01973329 0.02807428 0.02045889 0.01564355 0.02237237
2   1.0 0.01889952 0.01884693 0.01836262 0.01282102 0.00000000 0.00000000
3   2.0 0.03358708 0.03603483 0.02569789 0.02416143 0.02866341 0.02094862
          oe         te
1 0.02039422 0.01451281
2 0.00000000 0.01282102
3 0.02764091 0.03547703

[[9]]
  delta         mu       mu_1       mu_0         de       se_1       se_0
1   0.5 0.02199619 0.02098331 0.02419324 0.02082344 0.01700650 0.01925753
2   1.0 0.01748203 0.01810567 0.01683151 0.01229335 0.00000000 0.00000000
3   2.0 0.03079220 0.03305111 0.02519639 0.02173795 0.02418597 0.01990534
          oe         te
1 0.01806596 0.01739015
2 0.00000000 0.01229335
3 0.02340661 0.03078196

[[10]]
  delta         mu       mu_1       mu_0         de       se_1       se_0
1   0.5 0.02539913 0.02156578 0.02872665 0.02371645 0.01611692 0.02294522
2   1.0 0.01740160 0.01776002 0.01681757 0.01230754 0.00000000 0.00000000
3   2.0 0.03057744 0.03302303 0.02461298 0.02300873 0.02646304 0.01959566
          oe         te
1 0.02004308 0.01719464
2 0.00000000 0.01230754
3 0.02472204 0.03167293

[[11]]
  delta         mu       mu_1       mu_0         de       se_1       se_0
1   0.5 0.02580756 0.02031813 0.02920241 0.02219795 0.01589977 0.02445888
2   1.0 0.01696789 0.01728954 0.01653614 0.01215985 0.00000000 0.00000000
3   2.0 0.02731258 0.02926754 0.02246637 0.01914828 0.02228518 0.01865652
          oe         te
1 0.02198412 0.01510630
2 0.00000000 0.01215985
3 0.02169796 0.02844620

[[12]]
  delta         mu       mu_1       mu_0         de       se_1       se_0
1   0.5 0.02521651 0.01973971 0.02829149 0.02054289 0.01461176 0.02407992
2   1.0 0.01771367 0.01830073 0.01693882 0.01275322 0.00000000 0.00000000
3   2.0 0.03182106 0.03423764 0.02899547 0.02842545 0.02690594 0.02384545
          oe         te
1 0.02136035 0.01495798
2 0.00000000 0.01275322
3 0.02544039 0.03285226

[[13]]
  delta         mu       mu_1       mu_0         de       se_1       se_0
1   0.5 0.02293418 0.01932252 0.02586568 0.02092191 0.01506526 0.02120621
2   1.0 0.01690190 0.01738480 0.01642867 0.01262085 0.00000000 0.00000000
3   2.0 0.02943726 0.03237274 0.02339853 0.02490424 0.02501403 0.01808916
          oe         te
1 0.01885455 0.01604493
2 0.00000000 0.01262085
3 0.02307034 0.03097305

[[14]]
  delta         mu       mu_1       mu_0         de       se_1       se_0
1   0.5 0.02251121 0.01911030 0.02539516 0.01978860 0.01453849 0.02020407
2   1.0 0.01786364 0.01855206 0.01736062 0.01255814 0.00000000 0.00000000
3   2.0 0.03427630 0.03677031 0.02654195 0.02264698 0.02902702 0.02110510
          oe         te
1 0.01784196 0.01465394
2 0.00000000 0.01255814
3 0.02778505 0.03475402

[[15]]
  delta         mu       mu_1       mu_0         de       se_1       se_0
1   0.5 0.02319298 0.01927474 0.02637892 0.02031526 0.01515691 0.02335009
2   1.0 0.01746991 0.01806098 0.01652772 0.01185707 0.00000000 0.00000000
3   2.0 0.03254678 0.03472166 0.02497141 0.02201308 0.02716779 0.02013732
          oe         te
1 0.02039391 0.01524868
2 0.00000000 0.01185707
3 0.02634814 0.03311296

[[16]]
  delta         mu       mu_1       mu_0         de       se_1       se_0
1   0.5 0.02750600 0.02376688 0.03419073 0.03274852 0.02075099 0.02936277
2   1.0 0.01770022 0.01816362 0.01730999 0.01271347 0.00000000 0.00000000
3   2.0 0.05194578 0.06406701 0.02452734 0.05820291 0.05943216 0.01937363
          oe         te
1 0.02391024 0.02070828
2 0.00000000 0.01271347
3 0.04853541 0.06437517

[[17]]
  delta         mu       mu_1       mu_0         de       se_1       se_0
1   0.5 0.02393152 0.02013613 0.02686165 0.02091889 0.01712531 0.02292259
2   1.0 0.01838817 0.01889361 0.01774280 0.01305318 0.00000000 0.00000000
3   2.0 0.03384604 0.03619044 0.02763655 0.02605931 0.02894833 0.02239810
          oe         te
1 0.02140593 0.01660616
2 0.00000000 0.01305318
3 0.02796940 0.03580374

[[18]]
  delta         mu       mu_1       mu_0         de       se_1       se_0
1   0.5 0.02198419 0.01884283 0.02591295 0.02260691 0.01411593 0.02168600
2   1.0 0.01833095 0.01896959 0.01735419 0.01269577 0.00000000 0.00000000
3   2.0 0.03189547 0.03410736 0.02534371 0.02346420 0.02524133 0.01871896
          oe         te
1 0.01844835 0.01455477
2 0.00000000 0.01269577
3 0.02432899 0.03201350

[[19]]
  delta         mu       mu_1       mu_0         de       se_1       se_0
1   0.5 0.02680544 0.02159767 0.03090269 0.02473527 0.01702650 0.02370253
2   1.0 0.01707519 0.01722022 0.01681725 0.01229043 0.00000000 0.00000000
3   2.0 0.03251759 0.03562462 0.02475984 0.02449680 0.02823541 0.01962642
          oe         te
1 0.02087999 0.01670754
2 0.00000000 0.01229043
3 0.02631205 0.03424070

[[20]]
  delta         mu       mu_1       mu_0         de       se_1       se_0
1   0.5 0.02291388 0.01848607 0.02629612 0.02090200 0.01438184 0.02226758
2   1.0 0.01676849 0.01666162 0.01698639 0.01249101 0.00000000 0.00000000
3   2.0 0.03310163 0.03598285 0.02400229 0.02263412 0.03031434 0.02110031
          oe         te
1 0.01940977 0.01467029
2 0.00000000 0.01249101
3 0.02873531 0.03608002

[1] "Total run time was 3771.42 seconds"
