Warning message:
package ‘SuperLearner’ was built under R version 4.1.3 
[1] "[Simulation setting]"
[1] "n: 500"
[1] "deltas: 0.5, 1, 2"
[1] "K: 2"
[1] "r: 100"
[1] "s: 1"
[1] "Sim.id 1"
[1] "Data generated and format changed"
[1] "   Split: 1"
Loading required namespace: nnet
Loading required namespace: ranger
[1] "   Split: 2"
[1] "Estimates and SE estimates computed"
[1] ""
[1] "Sim.id 2"
[1] "Data generated and format changed"
[1] "   Split: 1"
[1] "   Split: 2"
[1] "Estimates and SE estimates computed"
[1] ""
[1] "Sim.id 3"
[1] "Data generated and format changed"
[1] "   Split: 1"
[1] "   Split: 2"
[1] "Estimates and SE estimates computed"
[1] ""
[1] "Sim.id 4"
[1] "Data generated and format changed"
[1] "   Split: 1"
[1] "   Split: 2"
[1] "Estimates and SE estimates computed"
[1] ""
[1] "Sim.id 5"
[1] "Data generated and format changed"
[1] "   Split: 1"
[1] "   Split: 2"
[1] "Estimates and SE estimates computed"
[1] ""
[1] "Sim.id 6"
[1] "Data generated and format changed"
[1] "   Split: 1"
[1] "   Split: 2"
[1] "Estimates and SE estimates computed"
[1] ""
[1] "Sim.id 7"
[1] "Data generated and format changed"
[1] "   Split: 1"
[1] "   Split: 2"
[1] "Estimates and SE estimates computed"
[1] ""
[1] "Sim.id 8"
[1] "Data generated and format changed"
[1] "   Split: 1"
[1] "   Split: 2"
[1] "Estimates and SE estimates computed"
[1] ""
[1] "Sim.id 9"
[1] "Data generated and format changed"
[1] "   Split: 1"
[1] "   Split: 2"
[1] "Estimates and SE estimates computed"
[1] ""
[1] "Sim.id 10"
[1] "Data generated and format changed"
[1] "   Split: 1"
[1] "   Split: 2"
[1] "Estimates and SE estimates computed"
[1] ""
[1] "Sim.id 11"
[1] "Data generated and format changed"
[1] "   Split: 1"
[1] "   Split: 2"
[1] "Estimates and SE estimates computed"
[1] ""
[1] "Sim.id 12"
[1] "Data generated and format changed"
[1] "   Split: 1"
[1] "   Split: 2"
[1] "Estimates and SE estimates computed"
[1] ""
[1] "Sim.id 13"
[1] "Data generated and format changed"
[1] "   Split: 1"
[1] "   Split: 2"
[1] "Estimates and SE estimates computed"
[1] ""
[1] "Sim.id 14"
[1] "Data generated and format changed"
[1] "   Split: 1"
[1] "   Split: 2"
[1] "Estimates and SE estimates computed"
[1] ""
[1] "Sim.id 15"
[1] "Data generated and format changed"
[1] "   Split: 1"
[1] "   Split: 2"
[1] "Estimates and SE estimates computed"
[1] ""
[1] "Sim.id 16"
[1] "Data generated and format changed"
[1] "   Split: 1"
[1] "   Split: 2"
[1] "Estimates and SE estimates computed"
[1] ""
[1] "Sim.id 17"
[1] "Data generated and format changed"
[1] "   Split: 1"
[1] "   Split: 2"
[1] "Estimates and SE estimates computed"
[1] ""
[1] "Sim.id 18"
[1] "Data generated and format changed"
[1] "   Split: 1"
[1] "   Split: 2"
[1] "Estimates and SE estimates computed"
[1] ""
[1] "Sim.id 19"
[1] "Data generated and format changed"
[1] "   Split: 1"
[1] "   Split: 2"
[1] "Estimates and SE estimates computed"
[1] ""
[1] "Sim.id 20"
[1] "Data generated and format changed"
[1] "   Split: 1"
[1] "   Split: 2"
[1] "Estimates and SE estimates computed"
[1] ""
[[1]]
  delta        mu      mu_1      mu_0         de         se_1       se_0
1   0.5 0.8033642 0.6722687 0.8843372 -0.2120685 -0.009694564 0.01131546
2   1.0 0.7696141 0.6819633 0.8730218 -0.1910585  0.000000000 0.00000000
3   2.0 0.7553448 0.6949045 0.8896952 -0.1947907  0.012941209 0.01667345
           oe         te
1  0.03375002 -0.2007530
2  0.00000000 -0.1910585
3 -0.01426935 -0.1781173

[[2]]
  delta        mu      mu_1      mu_0         de          se_1         se_0
1   0.5 0.7939040 0.7100557 0.8528622 -0.1428065 -0.0157595189 -0.027744583
2   1.0 0.7948588 0.7258152 0.8806068 -0.1547916  0.0000000000  0.000000000
3   2.0 0.7758224 0.7252138 0.8896651 -0.1644513 -0.0006014133  0.009058284
             oe         te
1 -0.0009547549 -0.1705511
2  0.0000000000 -0.1547916
3 -0.0190364025 -0.1553930

[[3]]
  delta        mu      mu_1      mu_0         de        se_1        se_0
1   0.5 0.8097703 0.6965936 0.8811302 -0.1845366 0.005446598 0.005538818
2   1.0 0.7727892 0.6911470 0.8755913 -0.1844444 0.000000000 0.000000000
3   2.0 0.7933901 0.7491789 0.8937141 -0.1445352 0.058031959 0.018122792
          oe         te
1 0.03698106 -0.1789978
2 0.00000000 -0.1844444
3 0.02060086 -0.1264124

[[4]]
  delta        mu      mu_1      mu_0         de       se_1         se_0
1   0.5 0.7972203 0.6894328 0.8746997 -0.1852668 0.02366452  0.051696933
2   1.0 0.7325543 0.6657683 0.8230027 -0.1572344 0.00000000  0.000000000
3   2.0 0.7285446 0.6870846 0.8206154 -0.1335307 0.02131634 -0.002387351
            oe         te
1  0.064665998 -0.1335699
2  0.000000000 -0.1572344
3 -0.004009702 -0.1359181

[[5]]
  delta        mu      mu_1      mu_0         de        se_1        se_0
1   0.5 0.8261363 0.7025693 0.8990191 -0.1964497  0.03832549  0.05907447
2   1.0 0.7418082 0.6642438 0.8399446 -0.1757007  0.00000000  0.00000000
3   2.0 0.6940401 0.6457306 0.8181155 -0.1723849 -0.01851325 -0.02182912
           oe         te
1  0.08432812 -0.1373753
2  0.00000000 -0.1757007
3 -0.04776808 -0.1942140

[[6]]
  delta        mu      mu_1      mu_0         de          se_1        se_0
1   0.5 0.7599522 0.6795712 0.8270555 -0.1474843 -0.0002048253 -0.01636281
2   1.0 0.7456773 0.6797760 0.8434183 -0.1636423  0.0000000000  0.00000000
3   2.0 0.7025704 0.6626668 0.8148216 -0.1521549 -0.0171092050 -0.02859667
           oe         te
1  0.01427488 -0.1638471
2  0.00000000 -0.1636423
3 -0.04310694 -0.1807515

[[7]]
  delta        mu      mu_1      mu_0         de         se_1         se_0
1   0.5 0.7811432 0.6641500 0.8593065 -0.1951565  0.003964839  0.032245771
2   1.0 0.7284724 0.6601852 0.8270607 -0.1668755  0.000000000  0.000000000
3   2.0 0.6902521 0.6437951 0.8224819 -0.1786868 -0.016390058 -0.004578779
           oe         te
1  0.05267085 -0.1629107
2  0.00000000 -0.1668755
3 -0.03822024 -0.1832656

[[8]]
  delta        mu      mu_1      mu_0         de          se_1        se_0
1   0.5 0.7346827 0.6438967 0.8030716 -0.1591749 -0.0006099723 -0.02427944
2   1.0 0.7218878 0.6445066 0.8273510 -0.1828444  0.0000000000  0.00000000
3   2.0 0.6943169 0.6368961 0.8432735 -0.2063773 -0.0076105105  0.01592244
           oe         te
1  0.01279491 -0.1834543
2  0.00000000 -0.1828444
3 -0.02757095 -0.1904549

[[9]]
  delta        mu      mu_1      mu_0         de         se_1         se_0
1   0.5 0.8148599 0.7032213 0.8838130 -0.1805917  0.008440302 -0.009651727
2   1.0 0.7844722 0.6947810 0.8934647 -0.1986837  0.000000000  0.000000000
3   2.0 0.6973479 0.6254628 0.8909120 -0.2654492 -0.069318203 -0.002552686
           oe         te
1  0.03038771 -0.1902434
2  0.00000000 -0.1986837
3 -0.08712426 -0.2680019

[[10]]
  delta        mu      mu_1      mu_0         de        se_1         se_0
1   0.5 0.8010166 0.7064514 0.8659034 -0.1594521  0.02559992  0.012583719
2   1.0 0.7532731 0.6808515 0.8533197 -0.1724683  0.00000000  0.000000000
3   2.0 0.7108340 0.6641407 0.8442085 -0.1800678 -0.01671073 -0.009111211
           oe         te
1  0.04774351 -0.1468683
2  0.00000000 -0.1724683
3 -0.04243913 -0.1891790

[[11]]
  delta        mu      mu_1      mu_0         de         se_1        se_0
1   0.5 0.7541802 0.6613627 0.8238138 -0.1624511  0.015280694 0.006612032
2   1.0 0.7152756 0.6460820 0.8172018 -0.1711198  0.000000000 0.000000000
3   2.0 0.6864116 0.6363645 0.8230431 -0.1866786 -0.009717545 0.005841321
           oe         te
1  0.03890454 -0.1558391
2  0.00000000 -0.1711198
3 -0.02886402 -0.1808373

[[12]]
  delta        mu      mu_1      mu_0         de        se_1        se_0
1   0.5 0.7721739 0.6738302 0.8376902 -0.1638601  0.03597894  0.00636506
2   1.0 0.7210252 0.6378512 0.8313252 -0.1934739  0.00000000  0.00000000
3   2.0 0.6414137 0.5861947 0.7953833 -0.2091887 -0.05165655 -0.03594182
           oe         te
1  0.05114870 -0.1574950
2  0.00000000 -0.1934739
3 -0.07961151 -0.2451305

[[13]]
  delta        mu      mu_1      mu_0         de        se_1        se_0
1   0.5 0.7793825 0.7008443 0.8346642 -0.1338199  0.02203785 -0.01809013
2   1.0 0.7562395 0.6788064 0.8527544 -0.1739479  0.00000000  0.00000000
3   2.0 0.6835397 0.6258685 0.8300196 -0.2041511 -0.05293793 -0.02273476
           oe         te
1  0.02314295 -0.1519101
2  0.00000000 -0.1739479
3 -0.07269985 -0.2268859

[[14]]
  delta        mu      mu_1      mu_0         de        se_1         se_0
1   0.5 0.7596701 0.6792128 0.8193797 -0.1401669  0.02782853  0.003405805
2   1.0 0.7192147 0.6513842 0.8159739 -0.1645896  0.00000000  0.000000000
3   2.0 0.6858620 0.6398471 0.8065346 -0.1666875 -0.01153710 -0.009439259
           oe         te
1  0.04045543 -0.1367611
2  0.00000000 -0.1645896
3 -0.03335266 -0.1761267

[[15]]
  delta        mu      mu_1      mu_0         de        se_1        se_0
1   0.5 0.7836369 0.6692447 0.8595112 -0.1902665  0.02640817  0.02964686
2   1.0 0.7236238 0.6428366 0.8298643 -0.1870278  0.00000000  0.00000000
3   2.0 0.6682261 0.6129980 0.8102068 -0.1972089 -0.02983859 -0.01965750
           oe         te
1  0.06001310 -0.1606196
2  0.00000000 -0.1870278
3 -0.05539776 -0.2168664

[[16]]
  delta        mu      mu_1      mu_0         de       se_1        se_0
1   0.5 0.7987199 0.6815660 0.8720929 -0.1905269 0.01387917 0.041559000
2   1.0 0.7359423 0.6676868 0.8305339 -0.1628471 0.00000000 0.000000000
3   2.0 0.7202749 0.6784164 0.8400423 -0.1616258 0.01072962 0.009508368
           oe         te
1  0.06277767 -0.1489679
2  0.00000000 -0.1628471
3 -0.01566732 -0.1521175

[[17]]
  delta        mu      mu_1      mu_0         de         se_1         se_0
1   0.5 0.8014078 0.7017561 0.8692009 -0.1674448  0.005753837  0.006363402
2   1.0 0.7689530 0.6960023 0.8628375 -0.1668352  0.000000000  0.000000000
3   2.0 0.7136972 0.6559235 0.8572867 -0.2013633 -0.040078804 -0.005550754
           oe         te
1  0.03245477 -0.1610814
2  0.00000000 -0.1668352
3 -0.05525582 -0.2069140

[[18]]
  delta        mu      mu_1      mu_0         de        se_1         se_0
1   0.5 0.8172062 0.7209295 0.8859652 -0.1650357 0.004238186  0.001536748
2   1.0 0.7883434 0.7166913 0.8844284 -0.1677371 0.000000000  0.000000000
3   2.0 0.7610374 0.7244742 0.8541858 -0.1297116 0.007782868 -0.030242636
           oe         te
1  0.02886284 -0.1634990
2  0.00000000 -0.1677371
3 -0.02730592 -0.1599543

[[19]]
  delta        mu      mu_1      mu_0         de        se_1       se_0
1   0.5 0.8307761 0.7051569 0.9077818 -0.2026250  0.03648897  0.0567558
2   1.0 0.7479006 0.6686679 0.8510261 -0.1823582  0.00000000  0.0000000
3   2.0 0.6774997 0.6223122 0.8238441 -0.2015320 -0.04635573 -0.0271819
           oe         te
1  0.08287554 -0.1458692
2  0.00000000 -0.1823582
3 -0.07040088 -0.2287139

[[20]]
  delta        mu      mu_1      mu_0         de        se_1         se_0
1   0.5 0.8526145 0.7312544 0.9315987 -0.2003443 0.031876718  0.048313726
2   1.0 0.7790923 0.6993776 0.8832850 -0.1839073 0.000000000  0.000000000
3   2.0 0.7549349 0.7066236 0.8812257 -0.1746021 0.007245963 -0.002059262
           oe         te
1  0.07352219 -0.1520306
2  0.00000000 -0.1839073
3 -0.02415737 -0.1766614

[[1]]
  delta         mu       mu_1       mu_0         de       se_1       se_0
1   0.5 0.02590430 0.02192813 0.02985605 0.02668273 0.01835537 0.02657616
2   1.0 0.01686735 0.01779862 0.01619338 0.01328755 0.00000000 0.00000000
3   2.0 0.03391015 0.03771100 0.02387939 0.02614264 0.03035162 0.01989535
          oe         te
1 0.02354291 0.01945385
2 0.00000000 0.01328755
3 0.02811896 0.03661569

[[2]]
  delta         mu       mu_1       mu_0         de       se_1       se_0
1   0.5 0.02453186 0.01993482 0.02790302 0.02194430 0.01690683 0.02371645
2   1.0 0.01687741 0.01748050 0.01643915 0.01269293 0.00000000 0.00000000
3   2.0 0.03092825 0.03390214 0.02386476 0.02344404 0.02733944 0.01898722
          oe         te
1 0.02154318 0.01607554
2 0.00000000 0.01269293
3 0.02538108 0.03319897

[[3]]
  delta         mu       mu_1       mu_0         de       se_1       se_0
1   0.5 0.02201144 0.01923359 0.02456200 0.01966713 0.01496943 0.01958090
2   1.0 0.01670924 0.01760174 0.01617759 0.01289019 0.00000000 0.00000000
3   2.0 0.06064200 0.07249895 0.02764780 0.05475559 0.06726979 0.02385132
          oe         te
1 0.01776333 0.01554571
2 0.00000000 0.01289019
3 0.05657010 0.07145818

[[4]]
  delta         mu       mu_1       mu_0         de       se_1       se_0
1   0.5 0.02568831 0.02378135 0.02864002 0.02504668 0.01824546 0.02332393
2   1.0 0.01815772 0.01815282 0.01762623 0.01211222 0.00000000 0.00000000
3   2.0 0.03456691 0.03761994 0.02657562 0.02692308 0.03176446 0.02271332
          oe         te
1 0.02062018 0.01778596
2 0.00000000 0.01211222
3 0.03013143 0.03769913

[[5]]
  delta         mu       mu_1       mu_0         de       se_1       se_0
1   0.5 0.02663690 0.02109374 0.03082091 0.02435067 0.01672461 0.02490566
2   1.0 0.01776544 0.01801363 0.01772220 0.01331140 0.00000000 0.00000000
3   2.0 0.03081607 0.03396213 0.02322175 0.02354864 0.02675548 0.01907073
          oe         te
1 0.02196648 0.01697426
2 0.00000000 0.01331140
3 0.02531577 0.03377781

[[6]]
  delta         mu       mu_1       mu_0         de       se_1       se_0
1   0.5 0.02588112 0.01995813 0.03026889 0.02528727 0.01560026 0.02641821
2   1.0 0.01739637 0.01790325 0.01684501 0.01321745 0.00000000 0.00000000
3   2.0 0.02831165 0.03033093 0.02282938 0.02169301 0.02299990 0.01840487
          oe         te
1 0.02298321 0.01559761
2 0.00000000 0.01321745
3 0.02224088 0.02975641

[[7]]
  delta         mu       mu_1       mu_0         de       se_1       se_0
1   0.5 0.02699898 0.02292729 0.03075944 0.02354731 0.01817038 0.02404134
2   1.0 0.01797181 0.01790321 0.01790088 0.01273055 0.00000000 0.00000000
3   2.0 0.03461359 0.04036940 0.02439639 0.03483718 0.03470712 0.02006463
          oe         te
1 0.02121955 0.01729245
2 0.00000000 0.01273055
3 0.02986529 0.03985917

[[8]]
  delta         mu       mu_1       mu_0         de       se_1       se_0
1   0.5 0.02378062 0.01990160 0.02676252 0.02049082 0.01490277 0.02078107
2   1.0 0.01772277 0.01773199 0.01769050 0.01262562 0.00000000 0.00000000
3   2.0 0.03087291 0.03456592 0.02455592 0.02670639 0.02870062 0.01980100
          oe         te
1 0.01871785 0.01485379
2 0.00000000 0.01262562
3 0.02641779 0.03535788

[[9]]
  delta         mu       mu_1       mu_0         de       se_1       se_0
1   0.5 0.02338444 0.01931926 0.02775024 0.02414537 0.01482790 0.02473077
2   1.0 0.01723416 0.01768436 0.01685511 0.01259563 0.00000000 0.00000000
3   2.0 0.03072592 0.03258318 0.02406266 0.02077666 0.02636758 0.02136226
         oe         te
1 0.0210138 0.01584780
2 0.0000000 0.01259563
3 0.0260557 0.03244720

[[10]]
  delta         mu       mu_1       mu_0         de       se_1       se_0
1   0.5 0.02635104 0.01974824 0.02977762 0.02027119 0.01569523 0.02415127
2   1.0 0.01630332 0.01680489 0.01612531 0.01243367 0.00000000 0.00000000
3   2.0 0.03017846 0.03320083 0.02303625 0.02339489 0.02731644 0.01974731
          oe         te
1 0.02201227 0.01450503
2 0.00000000 0.01243367
3 0.02574353 0.03347901

[[11]]
  delta         mu       mu_1       mu_0         de       se_1       se_0
1   0.5 0.02385100 0.01782315 0.02736751 0.01976868 0.01454544 0.02440189
2   1.0 0.01707887 0.01758061 0.01655986 0.01197759 0.00000000 0.00000000
3   2.0 0.03208282 0.03347597 0.02680696 0.02032395 0.02614066 0.02112810
          oe         te
1 0.02164560 0.01417294
2 0.00000000 0.01197759
3 0.02578347 0.03194059

[[12]]
  delta         mu       mu_1       mu_0         de       se_1       se_0
1   0.5 0.02618053 0.01945327 0.03021948 0.02236088 0.01424477 0.02481283
2   1.0 0.01763853 0.01767507 0.01803709 0.01318595 0.00000000 0.00000000
3   2.0 0.02805420 0.02994705 0.02335133 0.02138853 0.02335342 0.01868970
          oe         te
1 0.02182309 0.01441305
2 0.00000000 0.01318595
3 0.02286297 0.03044254

[[13]]
  delta         mu       mu_1       mu_0         de       se_1       se_0
1   0.5 0.02339474 0.02026359 0.02749573 0.02487078 0.01677019 0.02297079
2   1.0 0.01720927 0.01739273 0.01682297 0.01273181 0.00000000 0.00000000
3   2.0 0.03300419 0.03614898 0.02450067 0.02566317 0.02890393 0.02040901
          oe         te
1 0.02003957 0.01684644
2 0.00000000 0.01273181
3 0.02742464 0.03566016

[[14]]
  delta         mu       mu_1       mu_0         de       se_1       se_0
1   0.5 0.02250426 0.01910263 0.02540120 0.01952092 0.01460244 0.02141007
2   1.0 0.01793172 0.01812407 0.01797467 0.01270603 0.00000000 0.00000000
3   2.0 0.03333687 0.03642494 0.02607640 0.02672459 0.03002398 0.02090914
          oe         te
1 0.01878548 0.01593732
2 0.00000000 0.01270603
3 0.02783461 0.03596275

[[15]]
  delta         mu       mu_1       mu_0         de       se_1       se_0
1   0.5 0.02293439 0.01912530 0.02604314 0.02011967 0.01514147 0.02206021
2   1.0 0.01727485 0.01794740 0.01670624 0.01262873 0.00000000 0.00000000
3   2.0 0.03267937 0.03619282 0.02425184 0.02487140 0.02872902 0.01914814
          oe         te
1 0.01939133 0.01520157
2 0.00000000 0.01262873
3 0.02649518 0.03468237

[[16]]
  delta         mu       mu_1       mu_0         de       se_1       se_0
1   0.5 0.02621935 0.02175670 0.03085749 0.02565856 0.01741311 0.02614379
2   1.0 0.01697122 0.01767746 0.01663782 0.01229616 0.00000000 0.00000000
3   2.0 0.03459287 0.03900157 0.02406785 0.02912543 0.03243729 0.01923239
          oe         te
1 0.02241203 0.01736173
2 0.00000000 0.01229616
3 0.02911809 0.03763727

[[17]]
  delta         mu       mu_1       mu_0         de       se_1       se_0
1   0.5 0.02591572 0.01980236 0.03153342 0.02860689 0.01616352 0.02744487
2   1.0 0.01849682 0.01904454 0.01742178 0.01262219 0.00000000 0.00000000
3   2.0 0.03000452 0.03152571 0.02430998 0.02102157 0.02292297 0.01884127
          oe         te
1 0.02263595 0.01591930
2 0.00000000 0.01262219
3 0.02253729 0.02936262

[[18]]
  delta         mu       mu_1       mu_0         de       se_1       se_0
1   0.5 0.02367478 0.01988677 0.02622906 0.01877204 0.01638154 0.02169975
2   1.0 0.01681560 0.01762730 0.01585518 0.01209583 0.00000000 0.00000000
3   2.0 0.04180338 0.04815104 0.02541567 0.03521382 0.04089201 0.02034686
          oe         te
1 0.02005160 0.01428541
2 0.00000000 0.01209583
3 0.03583805 0.04674195

[[19]]
  delta         mu       mu_1      mu_0         de       se_1       se_0
1   0.5 0.02448074 0.02002200 0.0283489 0.02302765 0.01531265 0.02275356
2   1.0 0.01798756 0.01818413 0.0175134 0.01273998 0.00000000 0.00000000
3   2.0 0.03315346 0.03445221 0.0281118 0.02211585 0.02627752 0.02279440
          oe         te
1 0.01966733 0.01627005
2 0.00000000 0.01273998
3 0.02598514 0.03225622

[[20]]
  delta         mu       mu_1       mu_0         de       se_1       se_0
1   0.5 0.02316101 0.01967443 0.02621144 0.02135691 0.01523391 0.02059045
2   1.0 0.01730423 0.01730376 0.01732172 0.01295149 0.00000000 0.00000000
3   2.0 0.03749750 0.04499935 0.02298959 0.03797967 0.04049934 0.01964872
          oe         te
1 0.01834464 0.01637883
2 0.00000000 0.01295149
3 0.03350867 0.04486099

[[1]]
  delta        mu      mu_1      mu_0         de        se_1       se_0
1   0.5 0.8026785 0.6715752 0.8832423 -0.2116671 -0.01061598 0.01056684
2   1.0 0.7696122 0.6821912 0.8726754 -0.1904842  0.00000000 0.00000000
3   2.0 0.7563479 0.6960340 0.8895252 -0.1934911  0.01384284 0.01684974
           oe         te
1  0.03306633 -0.2011002
2  0.00000000 -0.1904842
3 -0.01326431 -0.1766414

[[2]]
  delta        mu      mu_1      mu_0         de         se_1        se_0
1   0.5 0.7910707 0.7096926 0.8481702 -0.1384775 -0.017081951 -0.03327344
2   1.0 0.7961508 0.7267746 0.8814436 -0.1546690  0.000000000  0.00000000
3   2.0 0.7763122 0.7251635 0.8910127 -0.1658492 -0.001611039  0.00956911
            oe         te
1 -0.005080164 -0.1717510
2  0.000000000 -0.1546690
3 -0.019838618 -0.1562801

[[3]]
  delta        mu      mu_1      mu_0         de        se_1        se_0
1   0.5 0.8093893 0.6966957 0.8797933 -0.1830977 0.005855879 0.005196415
2   1.0 0.7719091 0.6908398 0.8745969 -0.1837571 0.000000000 0.000000000
3   2.0 0.7934163 0.7503157 0.8927075 -0.1423918 0.059475936 0.018110617
          oe         te
1 0.03748017 -0.1779012
2 0.00000000 -0.1837571
3 0.02150716 -0.1242812

[[4]]
  delta        mu      mu_1      mu_0         de       se_1         se_0
1   0.5 0.7975350 0.6897716 0.8749521 -0.1851805 0.02392682  0.051709419
2   1.0 0.7327303 0.6658448 0.8232427 -0.1573979 0.00000000  0.000000000
3   2.0 0.7282627 0.6866079 0.8209069 -0.1342990 0.02076314 -0.002335767
            oe         te
1  0.064804762 -0.1334711
2  0.000000000 -0.1573979
3 -0.004467624 -0.1366348

[[5]]
  delta        mu      mu_1      mu_0         de        se_1        se_0
1   0.5 0.8253703 0.7016514 0.8987028 -0.1970513  0.03711117  0.05858641
2   1.0 0.7420302 0.6645403 0.8401164 -0.1755761  0.00000000  0.00000000
3   2.0 0.6942587 0.6458277 0.8187636 -0.1729359 -0.01871261 -0.02135275
           oe         te
1  0.08334004 -0.1384649
2  0.00000000 -0.1755761
3 -0.04777148 -0.1942887

[[6]]
  delta        mu      mu_1      mu_0         de         se_1        se_0
1   0.5 0.7637713 0.6811234 0.8296746 -0.1485512  0.002149201 -0.01283343
2   1.0 0.7450953 0.6789742 0.8425081 -0.1635338  0.000000000  0.00000000
3   2.0 0.7065499 0.6671042 0.8185666 -0.1514624 -0.011870054 -0.02394148
           oe         te
1  0.01867602 -0.1613846
2  0.00000000 -0.1635338
3 -0.03854532 -0.1754039

[[7]]
  delta        mu      mu_1      mu_0         de         se_1         se_0
1   0.5 0.7766508 0.6619844 0.8544638 -0.1924794  0.002216135  0.027547897
2   1.0 0.7280587 0.6597683 0.8269159 -0.1671476  0.000000000  0.000000000
3   2.0 0.6896400 0.6424615 0.8225748 -0.1801133 -0.017306733 -0.004341038
           oe         te
1  0.04859210 -0.1649315
2  0.00000000 -0.1671476
3 -0.03841875 -0.1844543

[[8]]
  delta        mu      mu_1      mu_0         de         se_1        se_0
1   0.5 0.7320262 0.6416072 0.8004271 -0.1588199 -0.003749193 -0.02718599
2   1.0 0.7224757 0.6453564 0.8276131 -0.1822567  0.000000000  0.00000000
3   2.0 0.6911535 0.6338288 0.8428774 -0.2090486 -0.011527571  0.01526433
            oe         te
1  0.009550556 -0.1860059
2  0.000000000 -0.1822567
3 -0.031322118 -0.1937843

[[9]]
  delta        mu      mu_1      mu_0         de         se_1         se_0
1   0.5 0.8156637 0.7043604 0.8843385 -0.1799780  0.009643507 -0.009492052
2   1.0 0.7846447 0.6947169 0.8938305 -0.1991136  0.000000000  0.000000000
3   2.0 0.6971967 0.6255494 0.8908335 -0.2652841 -0.069167497 -0.002997021
           oe         te
1  0.03101901 -0.1894701
2  0.00000000 -0.1991136
3 -0.08744801 -0.2682811

[[10]]
  delta        mu      mu_1      mu_0         de        se_1         se_0
1   0.5 0.8006661 0.7060429 0.8654058 -0.1593629  0.02483284  0.012278147
2   1.0 0.7534165 0.6812100 0.8531277 -0.1719176  0.00000000  0.000000000
3   2.0 0.7116307 0.6647776 0.8449035 -0.1801259 -0.01643240 -0.008224153
           oe         te
1  0.04724959 -0.1470848
2  0.00000000 -0.1719176
3 -0.04178581 -0.1883500

[[11]]
  delta        mu      mu_1      mu_0         de         se_1        se_0
1   0.5 0.7526339 0.6603220 0.8226782 -0.1623562  0.013476667 0.004571811
2   1.0 0.7159002 0.6468453 0.8181063 -0.1712610  0.000000000 0.000000000
3   2.0 0.6871990 0.6373617 0.8235494 -0.1861877 -0.009483654 0.005443043
           oe         te
1  0.03673374 -0.1577844
2  0.00000000 -0.1712610
3 -0.02870116 -0.1807447

[[12]]
  delta        mu      mu_1      mu_0         de        se_1        se_0
1   0.5 0.7711760 0.6733378 0.8364714 -0.1631336  0.03655383  0.00621480
2   1.0 0.7195179 0.6367840 0.8302566 -0.1934727  0.00000000  0.00000000
3   2.0 0.6386086 0.5837538 0.7925655 -0.2088118 -0.05303021 -0.03769109
           oe         te
1  0.05165805 -0.1569188
2  0.00000000 -0.1934727
3 -0.08090932 -0.2465029

[[13]]
  delta        mu      mu_1      mu_0         de        se_1        se_0
1   0.5 0.7795800 0.6985505 0.8371127 -0.1385622  0.02108427 -0.01263954
2   1.0 0.7535492 0.6774663 0.8497523 -0.1722860  0.00000000  0.00000000
3   2.0 0.6908356 0.6357573 0.8290869 -0.1933296 -0.04170892 -0.02066533
           oe         te
1  0.02603088 -0.1512017
2  0.00000000 -0.1722860
3 -0.06271351 -0.2139949

[[14]]
  delta        mu      mu_1      mu_0         de        se_1         se_0
1   0.5 0.7607663 0.6797043 0.8208225 -0.1411182  0.02861207  0.004761073
2   1.0 0.7191576 0.6510923 0.8160614 -0.1649691  0.00000000  0.000000000
3   2.0 0.6851738 0.6388830 0.8066374 -0.1677545 -0.01220930 -0.009423991
           oe         te
1  0.04160876 -0.1363571
2  0.00000000 -0.1649691
3 -0.03398375 -0.1771784

[[15]]
  delta        mu      mu_1      mu_0         de        se_1        se_0
1   0.5 0.7841431 0.6698274 0.8596420 -0.1898145  0.02556632  0.02938383
2   1.0 0.7249855 0.6442611 0.8302582 -0.1859970  0.00000000  0.00000000
3   2.0 0.6708111 0.6151106 0.8124780 -0.1973674 -0.02915053 -0.01778013
           oe         te
1  0.05915764 -0.1604307
2  0.00000000 -0.1859970
3 -0.05417434 -0.2151476

[[16]]
  delta        mu      mu_1      mu_0         de       se_1        se_0
1   0.5 0.7983616 0.6813758 0.8716556 -0.1902798 0.01341891 0.040878087
2   1.0 0.7362799 0.6679569 0.8307775 -0.1628206 0.00000000 0.000000000
3   2.0 0.7202939 0.6782489 0.8397399 -0.1614910 0.01029202 0.008962443
           oe         te
1  0.06208173 -0.1494017
2  0.00000000 -0.1628206
3 -0.01598600 -0.1525286

[[17]]
  delta        mu      mu_1      mu_0         de         se_1         se_0
1   0.5 0.8027005 0.7022057 0.8706725 -0.1684668  0.006221689  0.007623526
2   1.0 0.7691687 0.6959840 0.8630489 -0.1670649  0.000000000  0.000000000
3   2.0 0.7135408 0.6556970 0.8569337 -0.2012368 -0.040287079 -0.006115243
           oe         te
1  0.03353178 -0.1608432
2  0.00000000 -0.1670649
3 -0.05562789 -0.2073520

[[18]]
  delta        mu      mu_1      mu_0         de        se_1         se_0
1   0.5 0.8163309 0.7202704 0.8846488 -0.1643784 0.004428717  0.001081453
2   1.0 0.7874828 0.7158417 0.8835674 -0.1677257 0.000000000  0.000000000
3   2.0 0.7608244 0.7240217 0.8544295 -0.1304079 0.008179976 -0.029137844
           oe         te
1  0.02884803 -0.1632970
2  0.00000000 -0.1677257
3 -0.02665840 -0.1595457

[[19]]
  delta        mu      mu_1      mu_0         de        se_1        se_0
1   0.5 0.8315482 0.7052547 0.9092325 -0.2039778  0.03673725  0.05812682
2   1.0 0.7478528 0.6685175 0.8511057 -0.1825882  0.00000000  0.00000000
3   2.0 0.6777083 0.6226028 0.8237322 -0.2011295 -0.04591468 -0.02737343
           oe         te
1  0.08369545 -0.1458510
2  0.00000000 -0.1825882
3 -0.07014447 -0.2285029

[[20]]
  delta        mu      mu_1      mu_0         de        se_1         se_0
1   0.5 0.8518969 0.7319177 0.9302024 -0.1982848 0.031187666  0.045651108
2   1.0 0.7807006 0.7007300 0.8845513 -0.1838213 0.000000000  0.000000000
3   2.0 0.7585919 0.7103194 0.8824094 -0.1720900 0.009589388 -0.002141965
           oe         te
1  0.07119637 -0.1526337
2  0.00000000 -0.1838213
3 -0.02210871 -0.1742319

[[1]]
  delta         mu       mu_1       mu_0         de       se_1       se_0
1   0.5 0.02575083 0.02181977 0.02962284 0.02642949 0.01823414 0.02634189
2   1.0 0.01682575 0.01779650 0.01609201 0.01324915 0.00000000 0.00000000
3   2.0 0.03425424 0.03807750 0.02387810 0.02635919 0.03066631 0.01982473
          oe         te
1 0.02337850 0.01933428
2 0.00000000 0.01324915
3 0.02838695 0.03687147

[[2]]
  delta         mu       mu_1       mu_0         de       se_1       se_0
1   0.5 0.02433576 0.01965760 0.02781330 0.02208738 0.01669623 0.02389125
2   1.0 0.01674648 0.01740390 0.01627739 0.01269958 0.00000000 0.00000000
3   2.0 0.03031465 0.03315394 0.02361539 0.02297334 0.02663933 0.01886192
          oe         te
1 0.02157121 0.01586693
2 0.00000000 0.01269958
3 0.02481780 0.03249467

[[3]]
  delta         mu       mu_1       mu_0         de       se_1       se_0
1   0.5 0.02192536 0.01920780 0.02447501 0.01957898 0.01495828 0.01937563
2   1.0 0.01665022 0.01755035 0.01616529 0.01288815 0.00000000 0.00000000
3   2.0 0.05913839 0.07081539 0.02739236 0.05365156 0.06561630 0.02359975
          oe         te
1 0.01761597 0.01555031
2 0.00000000 0.01288815
3 0.05505961 0.06974257

[[4]]
  delta         mu       mu_1       mu_0         de       se_1       se_0
1   0.5 0.02572364 0.02380221 0.02868903 0.02508857 0.01827344 0.02336704
2   1.0 0.01815834 0.01815521 0.01762620 0.01212173 0.00000000 0.00000000
3   2.0 0.03433997 0.03739344 0.02642960 0.02687653 0.03151589 0.02254689
          oe         te
1 0.02064931 0.01781269
2 0.00000000 0.01212173
3 0.02988590 0.03747118

[[5]]
  delta         mu       mu_1       mu_0         de       se_1       se_0
1   0.5 0.02629492 0.02105321 0.03045811 0.02430777 0.01668024 0.02455941
2   1.0 0.01776042 0.01803317 0.01765996 0.01328078 0.00000000 0.00000000
3   2.0 0.03096992 0.03416053 0.02317082 0.02377128 0.02695348 0.01898396
          oe         te
1 0.02165455 0.01696668
2 0.00000000 0.01328078
3 0.02542204 0.03391907

[[6]]
  delta         mu       mu_1       mu_0         de       se_1       se_0
1   0.5 0.02454093 0.01976689 0.02877665 0.02461636 0.01527216 0.02464252
2   1.0 0.01737196 0.01799929 0.01671291 0.01318943 0.00000000 0.00000000
3   2.0 0.02883498 0.03105618 0.02275953 0.02218348 0.02372928 0.01845290
          oe         te
1 0.02135901 0.01555041
2 0.00000000 0.01318943
3 0.02284402 0.03053001

[[7]]
  delta         mu       mu_1       mu_0         de       se_1       se_0
1   0.5 0.02665754 0.02255812 0.03033302 0.02312824 0.01795530 0.02370866
2   1.0 0.01778176 0.01781457 0.01762135 0.01265110 0.00000000 0.00000000
3   2.0 0.03455107 0.04016444 0.02420121 0.03451230 0.03449378 0.01989370
          oe         te
1 0.02101204 0.01702162
2 0.00000000 0.01265110
3 0.02979080 0.03959987

[[8]]
  delta         mu       mu_1       mu_0         de       se_1       se_0
1   0.5 0.02409859 0.01997922 0.02700503 0.02043434 0.01517657 0.02093548
2   1.0 0.01800960 0.01798633 0.01792742 0.01277519 0.00000000 0.00000000
3   2.0 0.03131672 0.03466167 0.02508987 0.02608152 0.02855073 0.02018196
          oe         te
1 0.01905123 0.01501721
2 0.00000000 0.01277519
3 0.02662854 0.03533143

[[9]]
  delta         mu       mu_1       mu_0         de       se_1       se_0
1   0.5 0.02350374 0.01936087 0.02790232 0.02422891 0.01486394 0.02488588
2   1.0 0.01724574 0.01768185 0.01689347 0.01259204 0.00000000 0.00000000
3   2.0 0.03070575 0.03253347 0.02412489 0.02070847 0.02628596 0.02138698
          oe         te
1 0.02114010 0.01589443
2 0.00000000 0.01259204
3 0.02599266 0.03235132

[[10]]
  delta         mu       mu_1       mu_0         de       se_1       se_0
1   0.5 0.02647327 0.01980642 0.02991711 0.02031208 0.01576120 0.02424858
2   1.0 0.01638537 0.01686143 0.01619188 0.01243217 0.00000000 0.00000000
3   2.0 0.03031593 0.03331036 0.02312622 0.02343996 0.02745397 0.01984583
          oe         te
1 0.02210999 0.01453307
2 0.00000000 0.01243217
3 0.02590133 0.03361270

[[11]]
  delta         mu       mu_1       mu_0         de       se_1       se_0
1   0.5 0.02403946 0.01787545 0.02752673 0.01981419 0.01458057 0.02451300
2   1.0 0.01712214 0.01762148 0.01656286 0.01196412 0.00000000 0.00000000
3   2.0 0.03184093 0.03321403 0.02665677 0.02024830 0.02581150 0.02093028
          oe         te
1 0.02177784 0.01423094
2 0.00000000 0.01196412
3 0.02545259 0.03157976

[[12]]
  delta         mu       mu_1       mu_0         de       se_1       se_0
1   0.5 0.02654957 0.01960731 0.03067847 0.02282292 0.01440527 0.02536556
2   1.0 0.01769272 0.01774556 0.01812038 0.01328226 0.00000000 0.00000000
3   2.0 0.02820076 0.03004935 0.02359649 0.02139589 0.02337146 0.01885934
          oe         te
1 0.02229424 0.01462071
2 0.00000000 0.01328226
3 0.02294250 0.03055599

[[13]]
  delta         mu       mu_1       mu_0         de       se_1       se_0
1   0.5 0.02317652 0.02035551 0.02697043 0.02431664 0.01686937 0.02252703
2   1.0 0.01729637 0.01749070 0.01684732 0.01275130 0.00000000 0.00000000
3   2.0 0.03354847 0.03657717 0.02492689 0.02576545 0.02923619 0.02069111
          oe         te
1 0.01984973 0.01685678
2 0.00000000 0.01275130
3 0.02785537 0.03605173

[[14]]
  delta         mu       mu_1       mu_0         de       se_1       se_0
1   0.5 0.02272214 0.01922849 0.02561296 0.01934047 0.01480790 0.02168745
2   1.0 0.01792425 0.01812864 0.01795075 0.01269431 0.00000000 0.00000000
3   2.0 0.03345559 0.03659408 0.02606291 0.02681429 0.03018731 0.02091284
          oe         te
1 0.01905854 0.01606725
2 0.00000000 0.01269431
3 0.02795019 0.03612164

[[15]]
  delta         mu       mu_1       mu_0         de       se_1       se_0
1   0.5 0.02284486 0.01907206 0.02595127 0.02011726 0.01504881 0.02189706
2   1.0 0.01730633 0.01798695 0.01670444 0.01261855 0.00000000 0.00000000
3   2.0 0.03276784 0.03617720 0.02437388 0.02469115 0.02856893 0.01919506
          oe         te
1 0.01920159 0.01514596
2 0.00000000 0.01261855
3 0.02642259 0.03454699

[[16]]
  delta         mu       mu_1       mu_0         de       se_1       se_0
1   0.5 0.02612219 0.02169030 0.03074526 0.02557657 0.01731949 0.02602833
2   1.0 0.01697510 0.01767855 0.01662521 0.01227699 0.00000000 0.00000000
3   2.0 0.03450770 0.03887118 0.02401859 0.02901583 0.03231670 0.01920253
          oe         te
1 0.02229274 0.01726925
2 0.00000000 0.01227699
3 0.02903170 0.03752127

[[17]]
  delta         mu       mu_1       mu_0         de       se_1       se_0
1   0.5 0.02597742 0.01984975 0.03159472 0.02865819 0.01618068 0.02750153
2   1.0 0.01849053 0.01904872 0.01739595 0.01259363 0.00000000 0.00000000
3   2.0 0.03006564 0.03160657 0.02428193 0.02104471 0.02301068 0.01881450
          oe         te
1 0.02267122 0.01592290
2 0.00000000 0.01259363
3 0.02260336 0.02942999

[[18]]
  delta         mu      mu_1       mu_0         de       se_1       se_0
1   0.5 0.02372105 0.0199626 0.02623624 0.01858263 0.01650045 0.02169914
2   1.0 0.01680820 0.0176134 0.01586853 0.01209671 0.00000000 0.00000000
3   2.0 0.04191737 0.0481835 0.02539195 0.03513136 0.04090024 0.02036250
          oe         te
1 0.02011112 0.01437789
2 0.00000000 0.01209671
3 0.03596088 0.04680753

[[19]]
  delta         mu       mu_1       mu_0         de       se_1       se_0
1   0.5 0.02462805 0.02007658 0.02872459 0.02355378 0.01535273 0.02313656
2   1.0 0.01792791 0.01814555 0.01745334 0.01273389 0.00000000 0.00000000
3   2.0 0.03307067 0.03445041 0.02796985 0.02227826 0.02627911 0.02271380
         oe         te
1 0.0197832 0.01631490
2 0.0000000 0.01273389
3 0.0259295 0.03225901

[[20]]
  delta         mu       mu_1       mu_0         de       se_1       se_0
1   0.5 0.02315334 0.01961690 0.02621364 0.02130840 0.01512319 0.02056811
2   1.0 0.01734611 0.01732010 0.01737868 0.01297246 0.00000000 0.00000000
3   2.0 0.03871905 0.04660787 0.02298324 0.03972525 0.04229401 0.01974191
          oe         te
1 0.01830184 0.01631181
2 0.00000000 0.01297246
3 0.03494871 0.04659132

[1] "Total run time was 3088.381 seconds"
