Warning message:
package ‘SuperLearner’ was built under R version 4.1.3 
[1] "[Simulation setting]"
[1] "n: 500"
[1] "deltas: 0.5, 1, 2"
[1] "K: 2"
[1] "r: 100"
[1] "s: 1"
[1] "Sim.id 1"
[1] "Data generated and format changed"
[1] "   Split: 1"
Loading required namespace: nnet
Loading required namespace: ranger
[1] "   Split: 2"
[1] "Estimates and SE estimates computed"
[1] ""
[1] "Sim.id 2"
[1] "Data generated and format changed"
[1] "   Split: 1"
[1] "   Split: 2"
[1] "Estimates and SE estimates computed"
[1] ""
[1] "Sim.id 3"
[1] "Data generated and format changed"
[1] "   Split: 1"
[1] "   Split: 2"
[1] "Estimates and SE estimates computed"
[1] ""
[1] "Sim.id 4"
[1] "Data generated and format changed"
[1] "   Split: 1"
[1] "   Split: 2"
[1] "Estimates and SE estimates computed"
[1] ""
[1] "Sim.id 5"
[1] "Data generated and format changed"
[1] "   Split: 1"
[1] "   Split: 2"
[1] "Estimates and SE estimates computed"
[1] ""
[1] "Sim.id 6"
[1] "Data generated and format changed"
[1] "   Split: 1"
[1] "   Split: 2"
[1] "Estimates and SE estimates computed"
[1] ""
[1] "Sim.id 7"
[1] "Data generated and format changed"
[1] "   Split: 1"
[1] "   Split: 2"
[1] "Estimates and SE estimates computed"
[1] ""
[1] "Sim.id 8"
[1] "Data generated and format changed"
[1] "   Split: 1"
[1] "   Split: 2"
[1] "Estimates and SE estimates computed"
[1] ""
[1] "Sim.id 9"
[1] "Data generated and format changed"
[1] "   Split: 1"
[1] "   Split: 2"
[1] "Estimates and SE estimates computed"
[1] ""
[1] "Sim.id 10"
[1] "Data generated and format changed"
[1] "   Split: 1"
[1] "   Split: 2"
[1] "Estimates and SE estimates computed"
[1] ""
[1] "Sim.id 11"
[1] "Data generated and format changed"
[1] "   Split: 1"
[1] "   Split: 2"
[1] "Estimates and SE estimates computed"
[1] ""
[1] "Sim.id 12"
[1] "Data generated and format changed"
[1] "   Split: 1"
[1] "   Split: 2"
[1] "Estimates and SE estimates computed"
[1] ""
[1] "Sim.id 13"
[1] "Data generated and format changed"
[1] "   Split: 1"
[1] "   Split: 2"
[1] "Estimates and SE estimates computed"
[1] ""
[1] "Sim.id 14"
[1] "Data generated and format changed"
[1] "   Split: 1"
[1] "   Split: 2"
[1] "Estimates and SE estimates computed"
[1] ""
[1] "Sim.id 15"
[1] "Data generated and format changed"
[1] "   Split: 1"
[1] "   Split: 2"
[1] "Estimates and SE estimates computed"
[1] ""
[1] "Sim.id 16"
[1] "Data generated and format changed"
[1] "   Split: 1"
[1] "   Split: 2"
[1] "Estimates and SE estimates computed"
[1] ""
[1] "Sim.id 17"
[1] "Data generated and format changed"
[1] "   Split: 1"
[1] "   Split: 2"
[1] "Estimates and SE estimates computed"
[1] ""
[1] "Sim.id 18"
[1] "Data generated and format changed"
[1] "   Split: 1"
[1] "   Split: 2"
[1] "Estimates and SE estimates computed"
[1] ""
[1] "Sim.id 19"
[1] "Data generated and format changed"
[1] "   Split: 1"
[1] "   Split: 2"
[1] "Estimates and SE estimates computed"
[1] ""
[1] "Sim.id 20"
[1] "Data generated and format changed"
[1] "   Split: 1"
[1] "   Split: 2"
[1] "Estimates and SE estimates computed"
[1] ""
[[1]]
  delta        mu      mu_1      mu_0         de        se_1        se_0
1   0.5 0.8187631 0.7019220 0.8972426 -0.1953206  0.02221991  0.03967137
2   1.0 0.7545383 0.6797020 0.8575712 -0.1778692  0.00000000  0.00000000
3   2.0 0.6844931 0.6319787 0.8314273 -0.1994486 -0.04772337 -0.02614393
           oe         te
1  0.06422477 -0.1556492
2  0.00000000 -0.1778692
3 -0.07004520 -0.2255925

[[2]]
  delta        mu      mu_1      mu_0         de        se_1         se_0
1   0.5 0.7922735 0.7068042 0.8491059 -0.1423016  0.06152346  0.003686249
2   1.0 0.7302371 0.6452808 0.8454196 -0.2001388  0.00000000  0.000000000
3   2.0 0.6779725 0.6216768 0.8394273 -0.2177505 -0.02360404 -0.005992371
           oe         te
1  0.06203635 -0.1386154
2  0.00000000 -0.2001388
3 -0.05226463 -0.2237429

[[3]]
  delta        mu      mu_1      mu_0         de       se_1        se_0
1   0.5 0.8143853 0.6832375 0.9028701 -0.2196326 0.01295685 0.057091770
2   1.0 0.7413622 0.6702806 0.8457783 -0.1754977 0.00000000 0.000000000
3   2.0 0.7351205 0.6925574 0.8530273 -0.1604699 0.02227680 0.007248995
            oe         te
1  0.073023121 -0.1625409
2  0.000000000 -0.1754977
3 -0.006241666 -0.1532209

[[4]]
  delta        mu      mu_1      mu_0         de        se_1        se_0
1   0.5 0.8170466 0.7062109 0.8903589 -0.1841481  0.04716077  0.02623695
2   1.0 0.7480925 0.6590501 0.8641220 -0.2050719  0.00000000  0.00000000
3   2.0 0.6444317 0.5873025 0.8080703 -0.2207677 -0.07174755 -0.05605173
           oe         te
1  0.06895419 -0.1579111
2  0.00000000 -0.2050719
3 -0.10366080 -0.2768194

[[5]]
  delta        mu      mu_1      mu_0         de        se_1        se_0
1   0.5 0.8029912 0.6872977 0.8804590 -0.1931613  0.01846890  0.02246847
2   1.0 0.7505882 0.6688288 0.8579906 -0.1891617  0.00000000  0.00000000
3   2.0 0.6846827 0.6302636 0.8251637 -0.1949001 -0.03856525 -0.03282686
           oe         te
1  0.05240303 -0.1706929
2  0.00000000 -0.1891617
3 -0.06590545 -0.2277270

[[6]]
  delta        mu      mu_1      mu_0         de        se_1        se_0
1   0.5 0.8385670 0.7116495 0.9166334 -0.2049839  0.05144019  0.05885122
2   1.0 0.7477319 0.6602093 0.8577822 -0.1975728  0.00000000  0.00000000
3   2.0 0.6789582 0.6227195 0.8193773 -0.1966578 -0.03748987 -0.03840489
           oe         te
1  0.09083503 -0.1461327
2  0.00000000 -0.1975728
3 -0.06877373 -0.2350627

[[7]]
  delta        mu      mu_1      mu_0         de        se_1        se_0
1   0.5 0.8075242 0.6906096 0.8832638 -0.1926542  0.01390074  0.01948129
2   1.0 0.7569689 0.6767089 0.8637825 -0.1870736  0.00000000  0.00000000
3   2.0 0.7144080 0.6619623 0.8516046 -0.1896423 -0.01474660 -0.01217790
           oe         te
1  0.05055531 -0.1731729
2  0.00000000 -0.1870736
3 -0.04256086 -0.2018202

[[8]]
  delta        mu      mu_1      mu_0         de        se_1         se_0
1   0.5 0.7898386 0.6975194 0.8580829 -0.1605635  0.01993946 -0.002059116
2   1.0 0.7559347 0.6775800 0.8601420 -0.1825621  0.00000000  0.000000000
3   2.0 0.7023962 0.6484595 0.8368714 -0.1884118 -0.02912046 -0.023270688
           oe         te
1  0.03390384 -0.1626226
2  0.00000000 -0.1825621
3 -0.05353857 -0.2116825

[[9]]
  delta        mu      mu_1      mu_0         de        se_1         se_0
1   0.5 0.7959897 0.6954383 0.8629624 -0.1675242  0.01915509  0.002177572
2   1.0 0.7557497 0.6762832 0.8607849 -0.1845017  0.00000000  0.000000000
3   2.0 0.6899060 0.6364495 0.8369535 -0.2005041 -0.03983371 -0.023831331
           oe         te
1  0.04024007 -0.1653466
2  0.00000000 -0.1845017
3 -0.06584365 -0.2243354

[[10]]
  delta        mu      mu_1      mu_0         de        se_1        se_0
1   0.5 0.8028482 0.6915954 0.8738249 -0.1822295  0.02175868 0.002635293
2   1.0 0.7606223 0.6698367 0.8711896 -0.2013529  0.00000000 0.000000000
3   2.0 0.7231733 0.6566435 0.8767797 -0.2201362 -0.01319324 0.005590087
           oe         te
1  0.04222592 -0.1795942
2  0.00000000 -0.2013529
3 -0.03744904 -0.2145461

[[11]]
  delta        mu      mu_1      mu_0         de       se_1        se_0
1   0.5 0.7870386 0.6892232 0.8548465 -0.1656233 0.01178485 0.001013447
2   1.0 0.7537533 0.6774383 0.8538331 -0.1763947 0.00000000 0.000000000
3   2.0 0.7384255 0.6907146 0.8567331 -0.1660185 0.01327624 0.002900030
           oe         te
1  0.03328534 -0.1646099
2  0.00000000 -0.1763947
3 -0.01532777 -0.1631185

[[12]]
  delta        mu      mu_1      mu_0         de         se_1        se_0
1   0.5 0.7934849 0.7025032 0.8551203 -0.1526171  0.005042691 -0.01355320
2   1.0 0.7737550 0.6974605 0.8686735 -0.1712130  0.000000000  0.00000000
3   2.0 0.7368950 0.6910849 0.8487837 -0.1576987 -0.006375592 -0.01988983
           oe         te
1  0.01972992 -0.1661703
2  0.00000000 -0.1712130
3 -0.03685999 -0.1775886

[[13]]
  delta        mu      mu_1      mu_0         de        se_1        se_0
1   0.5 0.8258481 0.6996653 0.9079888 -0.2083235  0.02150711  0.03997014
2   1.0 0.7586125 0.6781582 0.8680187 -0.1898605  0.00000000  0.00000000
3   2.0 0.6913647 0.6344785 0.8479711 -0.2134926 -0.04367975 -0.02004760
           oe         te
1  0.06723553 -0.1683533
2  0.00000000 -0.1898605
3 -0.06724783 -0.2335402

[[14]]
  delta        mu      mu_1      mu_0         de       se_1        se_0
1   0.5 0.8006928 0.6786412 0.8779875 -0.1993463 0.02968080  0.02373695
2   1.0 0.7389728 0.6489604 0.8542506 -0.2052902 0.00000000  0.00000000
3   2.0 0.7104205 0.6633267 0.8275894 -0.1642626 0.01436634 -0.02666121
           oe         te
1  0.06172000 -0.1756094
2  0.00000000 -0.2052902
3 -0.02855227 -0.1909238

[[15]]
  delta        mu      mu_1      mu_0         de         se_1         se_0
1   0.5 0.7945597 0.6837314 0.8690323 -0.1853009  0.004103968 -0.002158958
2   1.0 0.7623416 0.6796274 0.8711912 -0.1915638  0.000000000  0.000000000
3   2.0 0.7100196 0.6538902 0.8545496 -0.2006594 -0.025737180 -0.016641590
           oe         te
1  0.03221807 -0.1874599
2  0.00000000 -0.1915638
3 -0.05232202 -0.2173010

[[16]]
  delta        mu      mu_1      mu_0         de        se_1        se_0
1   0.5 0.7473315 0.6679187 0.8095192 -0.1416005 0.007134803 -0.02228392
2   1.0 0.7300255 0.6607839 0.8318032 -0.1710193 0.000000000  0.00000000
3   2.0 0.7474423 0.7068840 0.8559260 -0.1490419 0.046100143  0.02412282
          oe         te
1 0.01730591 -0.1638845
2 0.00000000 -0.1710193
3 0.01741672 -0.1249191

[[17]]
  delta        mu      mu_1      mu_0         de        se_1        se_0
1   0.5 0.7725289 0.6834816 0.8361687 -0.1526871 -0.01588387 -0.03363616
2   1.0 0.7730409 0.6993654 0.8698049 -0.1704394  0.00000000  0.00000000
3   2.0 0.7855272 0.7375106 0.8977964 -0.1602858  0.03814519  0.02799155
            oe         te
1 -0.000511998 -0.1863233
2  0.000000000 -0.1704394
3  0.012486353 -0.1322942

[[18]]
  delta        mu      mu_1      mu_0         de         se_1         se_0
1   0.5 0.7970577 0.6740528 0.8806922 -0.2066394  0.004950767  0.019679539
2   1.0 0.7509707 0.6691020 0.8610126 -0.1919106  0.000000000  0.000000000
3   2.0 0.7190334 0.6620329 0.8599242 -0.1978914 -0.007069133 -0.001088392
           oe         te
1  0.04608695 -0.1869599
2  0.00000000 -0.1919106
3 -0.03193731 -0.1989798

[[19]]
  delta        mu      mu_1      mu_0         de        se_1        se_0
1   0.5 0.8013108 0.6732094 0.8866558 -0.2134464  0.02320541  0.02901523
2   1.0 0.7360862 0.6500040 0.8576406 -0.2076366  0.00000000  0.00000000
3   2.0 0.6413150 0.5757521 0.8384246 -0.2626725 -0.07425194 -0.01921603
           oe         te
1  0.06522461 -0.1844312
2  0.00000000 -0.2076366
3 -0.09477124 -0.2818885

[[20]]
  delta        mu      mu_1      mu_0         de       se_1        se_0
1   0.5 0.8311477 0.7113405 0.9092995 -0.1979590 0.02954002  0.04046487
2   1.0 0.7615188 0.6818005 0.8688346 -0.1870341 0.00000000  0.00000000
3   2.0 0.7415330 0.7085934 0.8287184 -0.1201250 0.02679289 -0.04011616
           oe         te
1  0.06962891 -0.1574941
2  0.00000000 -0.1870341
3 -0.01998576 -0.1602412

[[1]]
  delta         mu       mu_1       mu_0         de       se_1       se_0
1   0.5 0.02159566 0.01958742 0.02469113 0.02201539 0.01674718 0.02013157
2   1.0 0.01760050 0.01850817 0.01663096 0.01336903 0.00000000 0.00000000
3   2.0 0.04462848 0.04876096 0.02916242 0.03276614 0.04103927 0.02380574
          oe         te
1 0.01869247 0.01663957
2 0.00000000 0.01336903
3 0.03810055 0.04692005

[[2]]
  delta         mu       mu_1       mu_0         de       se_1       se_0
1   0.5 0.02993542 0.02528291 0.03615253 0.02995954 0.02279833 0.03274442
2   1.0 0.01652358 0.01705365 0.01578039 0.01210640 0.00000000 0.00000000
3   2.0 0.03050212 0.03293351 0.02521344 0.02344541 0.02669863 0.02134565
          oe         te
1 0.02735000 0.02233778
2 0.00000000 0.01210640
3 0.02560571 0.03274590

[[3]]
  delta         mu       mu_1       mu_0         de       se_1       se_0
1   0.5 0.02752610 0.02127384 0.03110512 0.02226231 0.01604053 0.02685159
2   1.0 0.01838058 0.01866790 0.01791642 0.01322511 0.00000000 0.00000000
3   2.0 0.03096975 0.03391130 0.02348673 0.02370053 0.02517101 0.01887169
          oe         te
1 0.02335494 0.01645689
2 0.00000000 0.01322511
3 0.02409928 0.03246763

[[4]]
  delta         mu       mu_1       mu_0         de       se_1       se_0
1   0.5 0.02428377 0.01879286 0.02821194 0.02122276 0.01439715 0.02378487
2   1.0 0.01712203 0.01736415 0.01686883 0.01215666 0.00000000 0.00000000
3   2.0 0.03188300 0.03644584 0.02236699 0.02698208 0.03066389 0.01797198
          oe         te
1 0.02070262 0.01472317
2 0.00000000 0.01215666
3 0.02702782 0.03570373

[[5]]
  delta         mu       mu_1       mu_0         de       se_1       se_0
1   0.5 0.02173463 0.01870122 0.02435596 0.01920107 0.01490620 0.02111846
2   1.0 0.01717275 0.01807408 0.01608009 0.01259552 0.00000000 0.00000000
3   2.0 0.02990691 0.03135394 0.02654895 0.02419840 0.02367978 0.02199852
          oe         te
1 0.01924037 0.01537993
2 0.00000000 0.01259552
3 0.02331125 0.02979826

[[6]]
  delta         mu       mu_1       mu_0         de       se_1       se_0
1   0.5 0.02277014 0.01929197 0.02641351 0.02249452 0.01538958 0.02265591
2   1.0 0.01668984 0.01702050 0.01647783 0.01255340 0.00000000 0.00000000
3   2.0 0.03139075 0.03346686 0.02617913 0.02445527 0.02704871 0.02118958
          oe         te
1 0.02008528 0.01637021
2 0.00000000 0.01255340
3 0.02565417 0.03249447

[[7]]
  delta         mu       mu_1       mu_0         de       se_1       se_0
1   0.5 0.02289786 0.01961027 0.02595572 0.02113963 0.01389772 0.02211606
2   1.0 0.01650154 0.01722345 0.01608822 0.01272513 0.00000000 0.00000000
3   2.0 0.02746513 0.03007496 0.02085031 0.02110573 0.02249667 0.01695951
          oe         te
1 0.01916507 0.01504485
2 0.00000000 0.01272513
3 0.02142361 0.02896907

[[8]]
  delta         mu       mu_1       mu_0         de       se_1       se_0
1   0.5 0.02442261 0.02053256 0.02801574 0.02374947 0.01583682 0.02383144
2   1.0 0.01754714 0.01763934 0.01715474 0.01256135 0.00000000 0.00000000
3   2.0 0.03043707 0.03304083 0.02338634 0.02239230 0.02721135 0.01948726
          oe         te
1 0.02082438 0.01667059
2 0.00000000 0.01256135
3 0.02588317 0.03317499

[[9]]
  delta         mu       mu_1       mu_0         de       se_1       se_0
1   0.5 0.02504322 0.01935149 0.02862679 0.02128364 0.01649701 0.02531568
2   1.0 0.01792101 0.01880547 0.01677491 0.01320382 0.00000000 0.00000000
3   2.0 0.03437595 0.03832389 0.02508162 0.02984702 0.03122078 0.02029189
          oe         te
1 0.02274716 0.01523078
2 0.00000000 0.01320382
3 0.02843539 0.03754883

[[10]]
  delta         mu       mu_1       mu_0         de       se_1       se_0
1   0.5 0.02251960 0.01998901 0.02541744 0.02228467 0.01696033 0.02161266
2   1.0 0.01797408 0.01862055 0.01721976 0.01343119 0.00000000 0.00000000
3   2.0 0.03229023 0.03439192 0.02532171 0.02370663 0.02608356 0.01945004
          oe         te
1 0.01962125 0.01646112
2 0.00000000 0.01343119
3 0.02522336 0.03274184

[[11]]
  delta         mu       mu_1       mu_0         de       se_1       se_0
1   0.5 0.02301548 0.01892819 0.02679012 0.02288189 0.01584774 0.02291029
2   1.0 0.01717430 0.01745995 0.01685221 0.01282180 0.00000000 0.00000000
3   2.0 0.03939241 0.04542212 0.02396407 0.03378526 0.04106077 0.02075795
          oe         te
1 0.02014640 0.01598549
2 0.00000000 0.01282180
3 0.03596826 0.04573548

[[12]]
  delta         mu       mu_1       mu_0         de       se_1       se_0
1   0.5 0.02501453 0.02033381 0.02870249 0.02384030 0.01452258 0.02415862
2   1.0 0.01868973 0.01904136 0.01788509 0.01252774 0.00000000 0.00000000
3   2.0 0.03665287 0.04063269 0.02624897 0.02913528 0.03378779 0.02076479
          oe         te
1 0.02066158 0.01529629
2 0.00000000 0.01252774
3 0.03064685 0.03909197

[[13]]
  delta         mu       mu_1       mu_0         de       se_1       se_0
1   0.5 0.02264101 0.01857713 0.02554065 0.01953397 0.01594070 0.02179687
2   1.0 0.01741569 0.01773432 0.01722891 0.01251325 0.00000000 0.00000000
3   2.0 0.03318911 0.03577526 0.02763357 0.02593660 0.02822649 0.02276857
          oe         te
1 0.02013552 0.01587666
2 0.00000000 0.01251325
3 0.02672345 0.03429961

[[14]]
  delta         mu       mu_1       mu_0         de       se_1       se_0
1   0.5 0.02429160 0.01864063 0.02915690 0.02398744 0.01514124 0.02589703
2   1.0 0.01782647 0.01850107 0.01684393 0.01309953 0.00000000 0.00000000
3   2.0 0.03532253 0.03813354 0.02928066 0.02903874 0.02977022 0.02381684
          oe         te
1 0.02217648 0.01526972
2 0.00000000 0.01309953
3 0.02809666 0.03616072

[[15]]
  delta         mu       mu_1       mu_0         de       se_1       se_0
1   0.5 0.02512893 0.01949940 0.02945344 0.02281965 0.01721213 0.02567439
2   1.0 0.01738685 0.01851544 0.01626417 0.01311090 0.00000000 0.00000000
3   2.0 0.03040747 0.03206948 0.02435268 0.02038908 0.02265980 0.01987299
          oe         te
1 0.02336294 0.01542382
2 0.00000000 0.01311090
3 0.02300514 0.03032543

[[16]]
  delta         mu       mu_1       mu_0         de       se_1       se_0
1   0.5 0.02240504 0.01953325 0.02537520 0.01922871 0.01572167 0.02019433
2   1.0 0.01782798 0.01828332 0.01745992 0.01282373 0.00000000 0.00000000
3   2.0 0.04009623 0.04465485 0.02740659 0.03039848 0.03795980 0.02252165
          oe         te
1 0.01863278 0.01556127
2 0.00000000 0.01282373
3 0.03460874 0.04378360

[[17]]
  delta         mu       mu_1       mu_0         de       se_1       se_0
1   0.5 0.02314955 0.01927193 0.02535128 0.01797592 0.01586194 0.02093339
2   1.0 0.01726583 0.01756480 0.01713082 0.01308669 0.00000000 0.00000000
3   2.0 0.03417970 0.03765751 0.02668520 0.02730350 0.03119244 0.02193135
          oe         te
1 0.01964529 0.01478962
2 0.00000000 0.01308669
3 0.02913790 0.03789689

[[18]]
  delta         mu       mu_1       mu_0         de       se_1       se_0
1   0.5 0.02660730 0.02050754 0.03083201 0.02499117 0.01645774 0.02594123
2   1.0 0.01757839 0.01801175 0.01707649 0.01298883 0.00000000 0.00000000
3   2.0 0.03173421 0.03370221 0.02504486 0.02115795 0.02523085 0.02054484
          oe         te
1 0.02271052 0.01652822
2 0.00000000 0.01298883
3 0.02474738 0.03178125

[[19]]
  delta         mu       mu_1       mu_0         de       se_1       se_0
1   0.5 0.02362698 0.01976978 0.02608008 0.01896459 0.01516456 0.02156737
2   1.0 0.01626105 0.01661874 0.01611240 0.01237450 0.00000000 0.00000000
3   2.0 0.04106561 0.04657100 0.02527098 0.03724048 0.04202925 0.02109719
          oe         te
1 0.01954115 0.01504102
2 0.00000000 0.01237450
3 0.03734893 0.04643207

[[20]]
  delta         mu       mu_1       mu_0         de       se_1       se_0
1   0.5 0.02380846 0.01997731 0.02667815 0.02052242 0.01622444 0.02210957
2   1.0 0.01789174 0.01842750 0.01726717 0.01304737 0.00000000 0.00000000
3   2.0 0.03691312 0.04072820 0.02674754 0.02823759 0.03221412 0.02043790
          oe         te
1 0.02053995 0.01610029
2 0.00000000 0.01304737
3 0.02929786 0.03826844

[[1]]
  delta        mu      mu_1      mu_0         de        se_1        se_0
1   0.5 0.8180133 0.7016522 0.8955457 -0.1938934  0.02292719  0.03932738
2   1.0 0.7535518 0.6787251 0.8562183 -0.1774932  0.00000000  0.00000000
3   2.0 0.6837336 0.6310271 0.8311633 -0.2001362 -0.04769799 -0.02505499
           oe         te
1  0.06446155 -0.1545661
2  0.00000000 -0.1774932
3 -0.06981816 -0.2251912

[[2]]
  delta        mu      mu_1      mu_0         de        se_1         se_0
1   0.5 0.7851141 0.7007965 0.8400292 -0.1392327  0.05499382 -0.005850818
2   1.0 0.7309040 0.6458026 0.8458800 -0.2000774  0.00000000  0.000000000
3   2.0 0.6811820 0.6255242 0.8416781 -0.2161539 -0.02027844 -0.004201969
           oe         te
1  0.05421004 -0.1450836
2  0.00000000 -0.2000774
3 -0.04972201 -0.2203558

[[3]]
  delta        mu      mu_1      mu_0         de       se_1       se_0
1   0.5 0.8148450 0.6841814 0.9025745 -0.2183931 0.01364718 0.05676710
2   1.0 0.7418267 0.6705342 0.8458074 -0.1752732 0.00000000 0.00000000
3   2.0 0.7344927 0.6910204 0.8537062 -0.1626858 0.02048622 0.00789879
            oe         te
1  0.073018247 -0.1616260
2  0.000000000 -0.1752732
3 -0.007334036 -0.1547870

[[4]]
  delta        mu      mu_1      mu_0         de        se_1        se_0
1   0.5 0.8183198 0.7060350 0.8924940 -0.1864590  0.04748241  0.02936859
2   1.0 0.7472008 0.6585526 0.8631255 -0.2045728  0.00000000  0.00000000
3   2.0 0.6473605 0.5912097 0.8088066 -0.2175969 -0.06734294 -0.05431888
           oe         te
1  0.07111897 -0.1570904
2  0.00000000 -0.2045728
3 -0.09984030 -0.2719158

[[5]]
  delta        mu      mu_1      mu_0         de        se_1        se_0
1   0.5 0.8052123 0.6880955 0.8830554 -0.1949599  0.01929090  0.02385526
2   1.0 0.7511874 0.6688046 0.8592002 -0.1903956  0.00000000  0.00000000
3   2.0 0.6823745 0.6275852 0.8247315 -0.1971463 -0.04121938 -0.03446863
           oe         te
1  0.05402485 -0.1711047
2  0.00000000 -0.1903956
3 -0.06881295 -0.2316149

[[6]]
  delta        mu      mu_1      mu_0         de        se_1        se_0
1   0.5 0.8366666 0.7107661 0.9145483 -0.2037822  0.04931363  0.05619641
2   1.0 0.7486157 0.6614524 0.8583518 -0.1968994  0.00000000  0.00000000
3   2.0 0.6807073 0.6242351 0.8228076 -0.1985724 -0.03721728 -0.03554427
           oe         te
1  0.08805089 -0.1475858
2  0.00000000 -0.1968994
3 -0.06790837 -0.2341167

[[7]]
  delta        mu      mu_1      mu_0         de        se_1        se_0
1   0.5 0.8042591 0.6890823 0.8790822 -0.1899999  0.01435009  0.01722932
2   1.0 0.7547414 0.6747322 0.8618528 -0.1871207  0.00000000  0.00000000
3   2.0 0.7136247 0.6617592 0.8495914 -0.1878322 -0.01297299 -0.01226142
           oe         te
1  0.04951769 -0.1727706
2  0.00000000 -0.1871207
3 -0.04111666 -0.2000936

[[8]]
  delta        mu      mu_1      mu_0         de        se_1         se_0
1   0.5 0.7901922 0.6976870 0.8585835 -0.1608965  0.01922713 -0.001808998
2   1.0 0.7567230 0.6784598 0.8603925 -0.1819326  0.00000000  0.000000000
3   2.0 0.7064327 0.6516704 0.8393904 -0.1877200 -0.02678947 -0.021002099
           oe         te
1  0.03346926 -0.1627055
2  0.00000000 -0.1819326
3 -0.05029029 -0.2087221

[[9]]
  delta        mu      mu_1      mu_0         de        se_1        se_0
1   0.5 0.7970380 0.6958204 0.8649340 -0.1691136  0.01950684  0.00302964
2   1.0 0.7561487 0.6763136 0.8619044 -0.1855908  0.00000000  0.00000000
3   2.0 0.6874476 0.6342402 0.8339401 -0.1996999 -0.04207332 -0.02796425
           oe         te
1  0.04088931 -0.1660839
2  0.00000000 -0.1855908
3 -0.06870105 -0.2276641

[[10]]
  delta        mu      mu_1      mu_0         de        se_1        se_0
1   0.5 0.7995907 0.6889715 0.8706924 -0.1817209  0.02001415 0.001236681
2   1.0 0.7592104 0.6689574 0.8694557 -0.2004983  0.00000000 0.000000000
3   2.0 0.7219783 0.6558469 0.8753190 -0.2194721 -0.01311045 0.005863285
           oe         te
1  0.04038022 -0.1804842
2  0.00000000 -0.2004983
3 -0.03723215 -0.2136088

[[11]]
  delta        mu      mu_1      mu_0         de       se_1        se_0
1   0.5 0.7871824 0.6895039 0.8549343 -0.1654304 0.01224732 0.000716875
2   1.0 0.7538765 0.6772566 0.8542175 -0.1769609 0.00000000 0.000000000
3   2.0 0.7379296 0.6899699 0.8564529 -0.1664831 0.01271331 0.002235498
           oe         te
1  0.03330592 -0.1647136
2  0.00000000 -0.1769609
3 -0.01594693 -0.1642476

[[12]]
  delta        mu      mu_1      mu_0         de         se_1        se_0
1   0.5 0.7931799 0.7023390 0.8548582 -0.1525191  0.004462778 -0.01416547
2   1.0 0.7740791 0.6978763 0.8690237 -0.1711474  0.000000000  0.00000000
3   2.0 0.7378590 0.6920233 0.8495316 -0.1575083 -0.005852934 -0.01949202
           oe         te
1  0.01910080 -0.1666846
2  0.00000000 -0.1711474
3 -0.03622019 -0.1770003

[[13]]
  delta        mu      mu_1      mu_0         de        se_1        se_0
1   0.5 0.8271265 0.7009617 0.9089016 -0.2079400  0.02132808  0.03990645
2   1.0 0.7601945 0.6796336 0.8689952 -0.1893616  0.00000000  0.00000000
3   2.0 0.6947106 0.6372932 0.8514007 -0.2141075 -0.04234044 -0.01759452
           oe         te
1  0.06693207 -0.1680335
2  0.00000000 -0.1893616
3 -0.06548389 -0.2317020

[[14]]
  delta        mu      mu_1      mu_0         de       se_1        se_0
1   0.5 0.8020787 0.6791059 0.8800092 -0.2009033 0.03067439  0.02635039
2   1.0 0.7382144 0.6484315 0.8536589 -0.2052273 0.00000000  0.00000000
3   2.0 0.7090216 0.6626561 0.8244839 -0.1618278 0.01422451 -0.02917500
           oe         te
1  0.06386422 -0.1745529
2  0.00000000 -0.2052273
3 -0.02919284 -0.1910028

[[15]]
  delta        mu      mu_1      mu_0         de         se_1         se_0
1   0.5 0.7991928 0.6855840 0.8754818 -0.1898977  0.006806982  0.004275555
2   1.0 0.7615822 0.6787771 0.8712062 -0.1924291  0.000000000  0.000000000
3   2.0 0.7097525 0.6537325 0.8544431 -0.2007105 -0.025044527 -0.016763127
           oe         te
1  0.03761068 -0.1856222
2  0.00000000 -0.1924291
3 -0.05182970 -0.2174737

[[16]]
  delta        mu      mu_1      mu_0         de        se_1        se_0
1   0.5 0.7495936 0.6697151 0.8109717 -0.1412566 0.007997165 -0.02245253
2   1.0 0.7316496 0.6617180 0.8334243 -0.1717063 0.000000000  0.00000000
3   2.0 0.7507137 0.7088596 0.8586665 -0.1498069 0.047141623  0.02524224
          oe         te
1 0.01794400 -0.1637091
2 0.00000000 -0.1717063
3 0.01906413 -0.1245647

[[17]]
  delta        mu      mu_1      mu_0         de        se_1        se_0
1   0.5 0.7724883 0.6834281 0.8357019 -0.1522739 -0.01668827 -0.03534739
2   1.0 0.7744184 0.7001163 0.8710493 -0.1709330  0.00000000  0.00000000
3   2.0 0.7887028 0.7409706 0.8990986 -0.1581281  0.04085422  0.02804930
           oe         te
1 -0.00193016 -0.1876213
2  0.00000000 -0.1709330
3  0.01428437 -0.1300788

[[18]]
  delta        mu      mu_1      mu_0         de         se_1         se_0
1   0.5 0.7959444 0.6731124 0.8799316 -0.2068192  0.003393079 1.893997e-02
2   1.0 0.7513984 0.6697193 0.8609917 -0.1912724  0.000000000 0.000000e+00
3   2.0 0.7207161 0.6633479 0.8610131 -0.1976652 -0.006371408 2.145139e-05
           oe         te
1  0.04454596 -0.1878793
2  0.00000000 -0.1912724
3 -0.03068231 -0.1976438

[[19]]
  delta        mu      mu_1      mu_0         de        se_1        se_0
1   0.5 0.8007142 0.6725195 0.8872831 -0.2147637  0.02086326  0.02866273
2   1.0 0.7373261 0.6516562 0.8586204 -0.2069642  0.00000000  0.00000000
3   2.0 0.6438602 0.5796707 0.8402776 -0.2606069 -0.07198549 -0.01834278
           oe         te
1  0.06338811 -0.1861009
2  0.00000000 -0.2069642
3 -0.09346586 -0.2789497

[[20]]
  delta        mu      mu_1      mu_0         de       se_1        se_0
1   0.5 0.8316832 0.7107221 0.9104038 -0.1996817 0.02997865  0.04208802
2   1.0 0.7606890 0.6807434 0.8683157 -0.1875723 0.00000000  0.00000000
3   2.0 0.7405136 0.7074321 0.8282580 -0.1208258 0.02668868 -0.04005776
           oe         te
1  0.07099421 -0.1575936
2  0.00000000 -0.1875723
3 -0.02017541 -0.1608836

[[1]]
  delta         mu       mu_1       mu_0         de       se_1       se_0
1   0.5 0.02150214 0.01947689 0.02454423 0.02171157 0.01659886 0.02002929
2   1.0 0.01758200 0.01850812 0.01657463 0.01329734 0.00000000 0.00000000
3   2.0 0.04434777 0.04851800 0.02896647 0.03278401 0.04088974 0.02364204
          oe         te
1 0.01860095 0.01643104
2 0.00000000 0.01329734
3 0.03791527 0.04673392

[[2]]
  delta         mu       mu_1       mu_0         de       se_1       se_0
1   0.5 0.02754317 0.02298870 0.03400571 0.02957744 0.02052761 0.03057606
2   1.0 0.01651073 0.01707005 0.01576502 0.01214718 0.00000000 0.00000000
3   2.0 0.03133503 0.03405834 0.02552837 0.02429155 0.02778912 0.02169054
          oe         te
1 0.02508632 0.02016842
2 0.00000000 0.01214718
3 0.02640216 0.03377520

[[3]]
  delta         mu       mu_1       mu_0         de       se_1       se_0
1   0.5 0.02725660 0.02111187 0.03083403 0.02224141 0.01591623 0.02659297
2   1.0 0.01838411 0.01866590 0.01790288 0.01319401 0.00000000 0.00000000
3   2.0 0.03092811 0.03387931 0.02341301 0.02377556 0.02520850 0.01880362
          oe         te
1 0.02307873 0.01634780
2 0.00000000 0.01319401
3 0.02409754 0.03246445

[[4]]
  delta         mu       mu_1       mu_0         de       se_1       se_0
1   0.5 0.02416649 0.01875545 0.02806400 0.02110849 0.01439679 0.02369143
2   1.0 0.01703470 0.01733753 0.01673523 0.01211015 0.00000000 0.00000000
3   2.0 0.03216374 0.03672781 0.02233681 0.02700503 0.03088772 0.01793381
          oe         te
1 0.02061851 0.01469815
2 0.00000000 0.01211015
3 0.02726051 0.03591144

[[5]]
  delta         mu       mu_1       mu_0         de       se_1       se_0
1   0.5 0.02185189 0.01869709 0.02452104 0.01931619 0.01488458 0.02123353
2   1.0 0.01714882 0.01807457 0.01604166 0.01260853 0.00000000 0.00000000
3   2.0 0.03011199 0.03154870 0.02661664 0.02412884 0.02389245 0.02204575
          oe         te
1 0.01930265 0.01534284
2 0.00000000 0.01260853
3 0.02355241 0.03001787

[[6]]
  delta         mu       mu_1       mu_0         de       se_1       se_0
1   0.5 0.02246558 0.01910603 0.02603197 0.02210038 0.01523565 0.02234831
2   1.0 0.01676525 0.01712479 0.01653331 0.01255537 0.00000000 0.00000000
3   2.0 0.03177264 0.03395917 0.02628541 0.02479693 0.02754441 0.02120345
          oe         te
1 0.01982501 0.01614834
2 0.00000000 0.01255537
3 0.02603195 0.03295994

[[7]]
  delta         mu       mu_1       mu_0         de       se_1       se_0
1   0.5 0.02305396 0.01971377 0.02606455 0.02117831 0.01376590 0.02212496
2   1.0 0.01643740 0.01713815 0.01602863 0.01267432 0.00000000 0.00000000
3   2.0 0.02751807 0.03024044 0.02085441 0.02137232 0.02285696 0.01703707
          oe         te
1 0.01905148 0.01500426
2 0.00000000 0.01267432
3 0.02166035 0.02923245

[[8]]
  delta         mu       mu_1       mu_0         de       se_1       se_0
1   0.5 0.02438629 0.02046734 0.02793885 0.02361530 0.01591747 0.02371765
2   1.0 0.01753158 0.01767133 0.01711800 0.01264207 0.00000000 0.00000000
3   2.0 0.03110957 0.03382909 0.02369967 0.02290420 0.02806537 0.01983606
          oe         te
1 0.02084276 0.01660071
2 0.00000000 0.01264207
3 0.02663104 0.03405259

[[9]]
  delta         mu       mu_1       mu_0         de       se_1       se_0
1   0.5 0.02528546 0.01940833 0.02887867 0.02135904 0.01640493 0.02538855
2   1.0 0.01781672 0.01867302 0.01677647 0.01328238 0.00000000 0.00000000
3   2.0 0.03458512 0.03869548 0.02483499 0.03005853 0.03173632 0.02014173
          oe         te
1 0.02274328 0.01527988
2 0.00000000 0.01328238
3 0.02879411 0.03796897

[[10]]
  delta         mu       mu_1       mu_0         de       se_1       se_0
1   0.5 0.02408379 0.02091762 0.02674258 0.02236974 0.01769182 0.02205433
2   1.0 0.01819142 0.01871460 0.01751188 0.01354507 0.00000000 0.00000000
3   2.0 0.03257636 0.03471925 0.02546044 0.02394494 0.02642796 0.01985071
          oe         te
1 0.02038684 0.01671067
2 0.00000000 0.01354507
3 0.02564521 0.03320577

[[11]]
  delta         mu       mu_1       mu_0         de       se_1       se_0
1   0.5 0.02296931 0.01881992 0.02675851 0.02271971 0.01572137 0.02286886
2   1.0 0.01712891 0.01743003 0.01678766 0.01278852 0.00000000 0.00000000
3   2.0 0.03928783 0.04522443 0.02394144 0.03356303 0.04090621 0.02077591
          oe         te
1 0.02010466 0.01585711
2 0.00000000 0.01278852
3 0.03588928 0.04554195

[[12]]
  delta         mu       mu_1       mu_0         de       se_1       se_0
1   0.5 0.02499090 0.02030743 0.02868182 0.02382318 0.01451017 0.02415040
2   1.0 0.01868957 0.01903868 0.01788238 0.01252424 0.00000000 0.00000000
3   2.0 0.03634165 0.04027158 0.02618879 0.02895219 0.03340670 0.02066117
          oe         te
1 0.02066132 0.01530374
2 0.00000000 0.01252424
3 0.03029082 0.03869716

[[13]]
  delta         mu       mu_1       mu_0         de       se_1       se_0
1   0.5 0.02279405 0.01871601 0.02563913 0.01945642 0.01607985 0.02178802
2   1.0 0.01750839 0.01783291 0.01726201 0.01247364 0.00000000 0.00000000
3   2.0 0.03295945 0.03548936 0.02726940 0.02558817 0.02788998 0.02239383
          oe         te
1 0.02024100 0.01587673
2 0.00000000 0.01247364
3 0.02647972 0.03404833

[[14]]
  delta         mu       mu_1       mu_0         de       se_1       se_0
1   0.5 0.02419376 0.01866389 0.02887394 0.02354219 0.01516362 0.02554123
2   1.0 0.01783107 0.01853367 0.01681867 0.01310368 0.00000000 0.00000000
3   2.0 0.03561529 0.03826681 0.02968611 0.02889130 0.02978924 0.02431872
          oe         te
1 0.02201025 0.01523392
2 0.00000000 0.01310368
3 0.02832929 0.03624183

[[15]]
  delta         mu       mu_1       mu_0         de       se_1       se_0
1   0.5 0.02509339 0.01939721 0.02945080 0.02291072 0.01705986 0.02561763
2   1.0 0.01734234 0.01844976 0.01624970 0.01312296 0.00000000 0.00000000
3   2.0 0.03033639 0.03195797 0.02438435 0.02030789 0.02261522 0.01997964
          oe         te
1 0.02323048 0.01531228
2 0.00000000 0.01312296
3 0.02300333 0.03025591

[[16]]
  delta         mu       mu_1       mu_0         de       se_1       se_0
1   0.5 0.02246561 0.01940005 0.02568656 0.01983585 0.01579148 0.02068708
2   1.0 0.01777108 0.01830609 0.01732242 0.01288591 0.00000000 0.00000000
3   2.0 0.04294981 0.04798201 0.02831958 0.03259711 0.04107419 0.02339381
          oe         te
1 0.01890676 0.01553975
2 0.00000000 0.01288591
3 0.03732251 0.04693882

[[17]]
  delta         mu       mu_1       mu_0         de       se_1       se_0
1   0.5 0.02315307 0.01920839 0.02543619 0.01805394 0.01575577 0.02108026
2   1.0 0.01729982 0.01761252 0.01716442 0.01308339 0.00000000 0.00000000
3   2.0 0.03477845 0.03858243 0.02671005 0.02814784 0.03221789 0.02202646
          oe         te
1 0.01967265 0.01473202
2 0.00000000 0.01308339
3 0.02988224 0.03889750

[[18]]
  delta         mu       mu_1       mu_0         de       se_1       se_0
1   0.5 0.02610671 0.02030529 0.03032943 0.02482347 0.01631155 0.02557813
2   1.0 0.01750821 0.01800561 0.01695542 0.01294445 0.00000000 0.00000000
3   2.0 0.03192839 0.03391903 0.02508683 0.02121884 0.02546632 0.02059837
          oe         te
1 0.02234857 0.01643160
2 0.00000000 0.01294445
3 0.02496633 0.03199043

[[19]]
  delta         mu       mu_1       mu_0         de       se_1       se_0
1   0.5 0.02406932 0.02027607 0.02653053 0.01936178 0.01558275 0.02194086
2   1.0 0.01649207 0.01680407 0.01624336 0.01239213 0.00000000 0.00000000
3   2.0 0.03998618 0.04533074 0.02489946 0.03627561 0.04083101 0.02085264
          oe         te
1 0.01982542 0.01544309
2 0.00000000 0.01239213
3 0.03628947 0.04523743

[[20]]
  delta         mu       mu_1       mu_0         de       se_1       se_0
1   0.5 0.02367964 0.01994125 0.02646038 0.02031311 0.01623864 0.02201447
2   1.0 0.01788670 0.01842951 0.01722870 0.01299436 0.00000000 0.00000000
3   2.0 0.03687269 0.04064954 0.02669394 0.02803986 0.03211926 0.02035228
          oe         te
1 0.02048826 0.01614721
2 0.00000000 0.01299436
3 0.02924172 0.03815493

[1] "Total run time was 3352.896 seconds"
