Warning message:
package ‘SuperLearner’ was built under R version 4.1.3 
[1] "[Simulation setting]"
[1] "n: 500"
[1] "deltas: 0.5, 1, 2"
[1] "K: 2"
[1] "r: 100"
[1] "s: 1"
[1] "Sim.id 1"
[1] "Data generated and format changed"
[1] "   Split: 1"
Loading required namespace: nnet
Loading required namespace: ranger
[1] "   Split: 2"
[1] "Estimates and SE estimates computed"
[1] ""
[1] "Sim.id 2"
[1] "Data generated and format changed"
[1] "   Split: 1"
[1] "   Split: 2"
[1] "Estimates and SE estimates computed"
[1] ""
[1] "Sim.id 3"
[1] "Data generated and format changed"
[1] "   Split: 1"
[1] "   Split: 2"
[1] "Estimates and SE estimates computed"
[1] ""
[1] "Sim.id 4"
[1] "Data generated and format changed"
[1] "   Split: 1"
[1] "   Split: 2"
[1] "Estimates and SE estimates computed"
[1] ""
[1] "Sim.id 5"
[1] "Data generated and format changed"
[1] "   Split: 1"
[1] "   Split: 2"
[1] "Estimates and SE estimates computed"
[1] ""
[1] "Sim.id 6"
[1] "Data generated and format changed"
[1] "   Split: 1"
[1] "   Split: 2"
[1] "Estimates and SE estimates computed"
[1] ""
[1] "Sim.id 7"
[1] "Data generated and format changed"
[1] "   Split: 1"
[1] "   Split: 2"
[1] "Estimates and SE estimates computed"
[1] ""
[1] "Sim.id 8"
[1] "Data generated and format changed"
[1] "   Split: 1"
[1] "   Split: 2"
[1] "Estimates and SE estimates computed"
[1] ""
[1] "Sim.id 9"
[1] "Data generated and format changed"
[1] "   Split: 1"
[1] "   Split: 2"
[1] "Estimates and SE estimates computed"
[1] ""
[1] "Sim.id 10"
[1] "Data generated and format changed"
[1] "   Split: 1"
[1] "   Split: 2"
[1] "Estimates and SE estimates computed"
[1] ""
[1] "Sim.id 11"
[1] "Data generated and format changed"
[1] "   Split: 1"
[1] "   Split: 2"
[1] "Estimates and SE estimates computed"
[1] ""
[1] "Sim.id 12"
[1] "Data generated and format changed"
[1] "   Split: 1"
[1] "   Split: 2"
[1] "Estimates and SE estimates computed"
[1] ""
[1] "Sim.id 13"
[1] "Data generated and format changed"
[1] "   Split: 1"
[1] "   Split: 2"
[1] "Estimates and SE estimates computed"
[1] ""
[1] "Sim.id 14"
[1] "Data generated and format changed"
[1] "   Split: 1"
[1] "   Split: 2"
[1] "Estimates and SE estimates computed"
[1] ""
[1] "Sim.id 15"
[1] "Data generated and format changed"
[1] "   Split: 1"
[1] "   Split: 2"
[1] "Estimates and SE estimates computed"
[1] ""
[1] "Sim.id 16"
[1] "Data generated and format changed"
[1] "   Split: 1"
[1] "   Split: 2"
[1] "Estimates and SE estimates computed"
[1] ""
[1] "Sim.id 17"
[1] "Data generated and format changed"
[1] "   Split: 1"
[1] "   Split: 2"
[1] "Estimates and SE estimates computed"
[1] ""
[1] "Sim.id 18"
[1] "Data generated and format changed"
[1] "   Split: 1"
[1] "   Split: 2"
[1] "Estimates and SE estimates computed"
[1] ""
[1] "Sim.id 19"
[1] "Data generated and format changed"
[1] "   Split: 1"
[1] "   Split: 2"
[1] "Estimates and SE estimates computed"
[1] ""
[1] "Sim.id 20"
[1] "Data generated and format changed"
[1] "   Split: 1"
[1] "   Split: 2"
[1] "Estimates and SE estimates computed"
[1] ""
[[1]]
  delta        mu      mu_1      mu_0         de        se_1        se_0
1   0.5 0.7945560 0.7034236 0.8633737 -0.1599501  0.02437823 -0.02681636
2   1.0 0.7685066 0.6790454 0.8901901 -0.2111447  0.00000000  0.00000000
3   2.0 0.6584128 0.5936544 0.8491565 -0.2555021 -0.08539098 -0.04103362
           oe         te
1  0.02604943 -0.1867665
2  0.00000000 -0.2111447
3 -0.11009383 -0.2965357

[[2]]
  delta        mu      mu_1      mu_0         de        se_1         se_0
1   0.5 0.7751104 0.6998069 0.8327177 -0.1329108 0.008874779 -0.024047712
2   1.0 0.7588668 0.6909321 0.8567654 -0.1658333 0.000000000  0.000000000
3   2.0 0.7330674 0.6930705 0.8487312 -0.1556607 0.002138329 -0.008034202
           oe         te
1  0.01624355 -0.1569585
2  0.00000000 -0.1658333
3 -0.02579947 -0.1636949

[[3]]
  delta        mu      mu_1      mu_0         de        se_1        se_0
1   0.5 0.8038420 0.6842982 0.8831498 -0.1988516  0.02026982  0.02278235
2   1.0 0.7495707 0.6640284 0.8603675 -0.1963390  0.00000000  0.00000000
3   2.0 0.6652101 0.6043787 0.8277433 -0.2233646 -0.05964974 -0.03262418
           oe         te
1  0.05427126 -0.1760692
2  0.00000000 -0.1963390
3 -0.08436064 -0.2559888

[[4]]
  delta        mu      mu_1      mu_0         de         se_1         se_0
1   0.5 0.7814362 0.6934111 0.8453552 -0.1519441  0.019637860  0.005476591
2   1.0 0.7421511 0.6737732 0.8398786 -0.1661054  0.000000000  0.000000000
3   2.0 0.7141048 0.6718320 0.8334799 -0.1616479 -0.001941202 -0.006398650
           oe         te
1  0.03928514 -0.1464675
2  0.00000000 -0.1661054
3 -0.02804629 -0.1680466

[[5]]
  delta        mu      mu_1      mu_0         de         se_1        se_0
1   0.5 0.8128489 0.6985479 0.8877664 -0.1892186  0.023476410  0.02723513
2   1.0 0.7559240 0.6750715 0.8605313 -0.1854598  0.000000000  0.00000000
3   2.0 0.7121842 0.6658850 0.8386419 -0.1727569 -0.009186495 -0.02188938
           oe         te
1  0.05692488 -0.1619834
2  0.00000000 -0.1854598
3 -0.04373981 -0.1946463

[[6]]
  delta        mu      mu_1      mu_0         de         se_1         se_0
1   0.5 0.7636241 0.6604320 0.8365474 -0.1761153 -0.005186875 -0.008368509
2   1.0 0.7419081 0.6656189 0.8449159 -0.1792969  0.000000000  0.000000000
3   2.0 0.6989305 0.6348726 0.8605088 -0.2256362 -0.030746291  0.015592929
           oe         te
1  0.02171596 -0.1844838
2  0.00000000 -0.1792969
3 -0.04297761 -0.2100432

[[7]]
  delta        mu      mu_1      mu_0         de        se_1         se_0
1   0.5 0.7685366 0.6780834 0.8359535 -0.1578700  0.01174257 -0.006818655
2   1.0 0.7416140 0.6663409 0.8427721 -0.1764313  0.00000000  0.000000000
3   2.0 0.6780648 0.6178102 0.8408766 -0.2230663 -0.04853064 -0.001895569
           oe         te
1  0.02692258 -0.1646887
2  0.00000000 -0.1764313
3 -0.06354926 -0.2249619

[[8]]
  delta        mu      mu_1      mu_0         de        se_1         se_0
1   0.5 0.7872265 0.6803269 0.8606926 -0.1803657 0.007030459 -0.002786856
2   1.0 0.7559493 0.6732964 0.8634794 -0.1901830 0.000000000  0.000000000
3   2.0 0.7439545 0.6867124 0.8834598 -0.1967474 0.013416011  0.019980375
           oe         te
1  0.03127724 -0.1831525
2  0.00000000 -0.1901830
3 -0.01199478 -0.1767670

[[9]]
  delta        mu      mu_1      mu_0         de         se_1        se_0
1   0.5 0.7961795 0.6846661 0.8707046 -0.1860385  0.008155875 0.017895015
2   1.0 0.7516164 0.6765103 0.8528096 -0.1762994  0.000000000 0.000000000
3   2.0 0.7014414 0.6429826 0.8627955 -0.2198130 -0.033527698 0.009985935
           oe         te
1  0.04456311 -0.1681435
2  0.00000000 -0.1762994
3 -0.05017505 -0.2098271

[[10]]
  delta        mu      mu_1      mu_0         de        se_1        se_0
1   0.5 0.8118996 0.7180601 0.8710525 -0.1529924  0.04874498  0.01826906
2   1.0 0.7489700 0.6693152 0.8527835 -0.1834683  0.00000000  0.00000000
3   2.0 0.6896063 0.6342972 0.8368923 -0.2025951 -0.03501794 -0.01589116
           oe         te
1  0.06292958 -0.1347233
2  0.00000000 -0.1834683
3 -0.05936366 -0.2184863

[[11]]
  delta        mu      mu_1      mu_0         de        se_1         se_0
1   0.5 0.7454437 0.6677588 0.8028109 -0.1350520  0.01246401 -0.024101595
2   1.0 0.7275249 0.6552948 0.8269125 -0.1716176  0.00000000  0.000000000
3   2.0 0.6762578 0.6182631 0.8306044 -0.2123413 -0.03703172  0.003691968
           oe         te
1  0.01791880 -0.1591536
2  0.00000000 -0.1716176
3 -0.05126705 -0.2086494

[[12]]
  delta        mu      mu_1      mu_0         de        se_1         se_0
1   0.5 0.7798884 0.6798674 0.8487684 -0.1689011  0.02417461  0.006070001
2   1.0 0.7343959 0.6556928 0.8426984 -0.1870057  0.00000000  0.000000000
3   2.0 0.6779666 0.6175751 0.8410669 -0.2234918 -0.03811767 -0.001631537
           oe         te
1  0.04549245 -0.1628311
2  0.00000000 -0.1870057
3 -0.05642931 -0.2251233

[[13]]
  delta        mu      mu_1      mu_0         de        se_1        se_0
1   0.5 0.8036553 0.6558699 0.8979100 -0.2420401 0.000502306  0.04899990
2   1.0 0.7397658 0.6553676 0.8489102 -0.1935425 0.000000000  0.00000000
3   2.0 0.7292806 0.6855463 0.8325167 -0.1469704 0.030178664 -0.01639349
           oe         te
1  0.06388953 -0.1930402
2  0.00000000 -0.1935425
3 -0.01048520 -0.1633639

[[14]]
  delta        mu      mu_1      mu_0         de        se_1        se_0
1   0.5 0.8297811 0.7044108 0.9106958 -0.2062850  0.02865066  0.03806545
2   1.0 0.7606112 0.6757602 0.8726303 -0.1968702  0.00000000  0.00000000
3   2.0 0.7171685 0.6616485 0.8596394 -0.1979908 -0.01411162 -0.01299098
           oe         te
1  0.06916991 -0.1682195
2  0.00000000 -0.1968702
3 -0.04344270 -0.2109818

[[15]]
  delta        mu      mu_1      mu_0         de        se_1        se_0
1   0.5 0.8065000 0.6921500 0.8801626 -0.1880127  0.02543355  0.02068424
2   1.0 0.7502655 0.6667164 0.8594784 -0.1927620  0.00000000  0.00000000
3   2.0 0.6694591 0.6048639 0.8432902 -0.2384263 -0.06185251 -0.01618822
           oe         te
1  0.05623445 -0.1673284
2  0.00000000 -0.1927620
3 -0.08080641 -0.2546145

[[16]]
  delta        mu      mu_1      mu_0         de         se_1         se_0
1   0.5 0.7888330 0.6760399 0.8640096 -0.1879697  0.005175394 -0.006751061
2   1.0 0.7554227 0.6708645 0.8707606 -0.1998961  0.000000000  0.000000000
3   2.0 0.6976062 0.6390220 0.8607162 -0.2216941 -0.031842455 -0.010044449
           oe         te
1  0.03341035 -0.1947207
2  0.00000000 -0.1998961
3 -0.05781650 -0.2317386

[[17]]
  delta        mu      mu_1      mu_0         de       se_1         se_0
1   0.5 0.7775777 0.6811657 0.8493425 -0.1681768 0.01755141 -0.004308658
2   1.0 0.7430700 0.6636143 0.8536512 -0.1900369 0.00000000  0.000000000
3   2.0 0.7353680 0.6898493 0.8547832 -0.1649339 0.02623506  0.001132083
            oe         te
1  0.034507696 -0.1724855
2  0.000000000 -0.1900369
3 -0.007701946 -0.1638018

[[18]]
  delta        mu      mu_1      mu_0         de        se_1        se_0
1   0.5 0.8197574 0.6980516 0.8987652 -0.2007136  0.01279584  0.01468808
2   1.0 0.7713710 0.6852557 0.8840771 -0.1988214  0.00000000  0.00000000
3   2.0 0.7145307 0.6616169 0.8529586 -0.1913417 -0.02363885 -0.03111853
           oe         te
1  0.04838645 -0.1860255
2  0.00000000 -0.1988214
3 -0.05684031 -0.2224602

[[19]]
  delta        mu      mu_1      mu_0         de         se_1        se_0
1   0.5 0.7418977 0.6522128 0.8093618 -0.1571489  0.001530012 -0.01306514
2   1.0 0.7221991 0.6506828 0.8224269 -0.1717441  0.000000000  0.00000000
3   2.0 0.6627188 0.6095147 0.8050884 -0.1955736 -0.041168078 -0.01733854
           oe         te
1  0.01969857 -0.1702141
2  0.00000000 -0.1717441
3 -0.05948035 -0.2129122

[[20]]
  delta        mu      mu_1      mu_0         de         se_1        se_0
1   0.5 0.7609574 0.6578395 0.8388991 -0.1810596  0.004745802 0.004837767
2   1.0 0.7244093 0.6530937 0.8340614 -0.1809677  0.000000000 0.000000000
3   2.0 0.6991648 0.6519997 0.8352344 -0.1832347 -0.001093997 0.001173031
           oe         te
1  0.03654807 -0.1762219
2  0.00000000 -0.1809677
3 -0.02524446 -0.1820617

[[1]]
  delta         mu       mu_1       mu_0         de       se_1       se_0
1   0.5 0.02618155 0.02040109 0.02990340 0.02312749 0.01605039 0.02500118
2   1.0 0.01757081 0.01804555 0.01723972 0.01310118 0.00000000 0.00000000
3   2.0 0.02990120 0.03226105 0.02454964 0.02358431 0.02601038 0.02024013
          oe         te
1 0.02250124 0.01640753
2 0.00000000 0.01310118
3 0.02499864 0.03256522

[[2]]
  delta         mu       mu_1       mu_0         de       se_1       se_0
1   0.5 0.02452830 0.01987973 0.02748048 0.01901169 0.01578571 0.02198927
2   1.0 0.01663383 0.01696034 0.01636329 0.01236987 0.00000000 0.00000000
3   2.0 0.03770842 0.04293658 0.02457779 0.03185218 0.03699511 0.02098631
          oe         te
1 0.02044772 0.01473835
2 0.00000000 0.01236987
3 0.03282109 0.04218548

[[3]]
  delta         mu       mu_1       mu_0         de       se_1       se_0
1   0.5 0.02680914 0.02374430 0.02921696 0.02213172 0.01989688 0.02305507
2   1.0 0.01674619 0.01696816 0.01637793 0.01220129 0.00000000 0.00000000
3   2.0 0.03222670 0.03615747 0.02273179 0.02643819 0.02981228 0.01775041
          oe         te
1 0.02196826 0.02024253
2 0.00000000 0.01220129
3 0.02655373 0.03465586

[[4]]
  delta         mu       mu_1       mu_0         de       se_1       se_0
1   0.5 0.02396613 0.02023735 0.02692777 0.02090826 0.01576157 0.02236653
2   1.0 0.01727494 0.01786756 0.01653446 0.01230600 0.00000000 0.00000000
3   2.0 0.03471915 0.03989075 0.02335775 0.03004595 0.03387100 0.01945880
          oe         te
1 0.02013035 0.01521483
2 0.00000000 0.01230600
3 0.02990617 0.03941041

[[5]]
  delta         mu       mu_1       mu_0         de       se_1       se_0
1   0.5 0.02359704 0.01992203 0.02623226 0.01991223 0.01512408 0.02092469
2   1.0 0.01774986 0.01777520 0.01742171 0.01197078 0.00000000 0.00000000
3   2.0 0.03211117 0.03437845 0.02533356 0.02251699 0.02676507 0.01945035
          oe         te
1 0.01913310 0.01481003
2 0.00000000 0.01197078
3 0.02541971 0.03228168

[[6]]
  delta         mu       mu_1       mu_0         de       se_1       se_0
1   0.5 0.02319275 0.02003133 0.02602922 0.02021205 0.01614685 0.02151048
2   1.0 0.01722945 0.01793620 0.01637548 0.01303535 0.00000000 0.00000000
3   2.0 0.03052513 0.03313193 0.02321064 0.02520645 0.02578962 0.01863517
          oe         te
1 0.01967456 0.01617430
2 0.00000000 0.01303535
3 0.02460371 0.03251036

[[7]]
  delta         mu       mu_1       mu_0         de       se_1       se_0
1   0.5 0.02459075 0.02002231 0.02828536 0.02321280 0.01466554 0.02329363
2   1.0 0.01715318 0.01748619 0.01686170 0.01253751 0.00000000 0.00000000
3   2.0 0.02944919 0.03184462 0.02303838 0.02370409 0.02657210 0.01903591
          oe         te
1 0.02054981 0.01511195
2 0.00000000 0.01253751
3 0.02512983 0.03226079

[[8]]
  delta         mu       mu_1       mu_0         de       se_1       se_0
1   0.5 0.02415904 0.02022812 0.02828537 0.02433141 0.01476040 0.02289944
2   1.0 0.01726010 0.01762389 0.01679510 0.01271433 0.00000000 0.00000000
3   2.0 0.03198211 0.03549475 0.02581547 0.02893097 0.02993611 0.02165919
          oe         te
1 0.01938634 0.01649578
2 0.00000000 0.01271433
3 0.02752601 0.03583322

[[9]]
  delta         mu       mu_1       mu_0         de       se_1       se_0
1   0.5 0.02666509 0.01978235 0.03382067 0.03045231 0.01591125 0.03006735
2   1.0 0.01683173 0.01768133 0.01602103 0.01276183 0.00000000 0.00000000
3   2.0 0.03289718 0.03624980 0.02525495 0.02572455 0.02916266 0.02060595
          oe         te
1 0.02365109 0.01538893
2 0.00000000 0.01276183
3 0.02707922 0.03535104

[[10]]
  delta         mu       mu_1       mu_0         de       se_1       se_0
1   0.5 0.02348658 0.01904418 0.02697666 0.02125921 0.01483917 0.02215345
2   1.0 0.01668253 0.01719219 0.01672168 0.01281980 0.00000000 0.00000000
3   2.0 0.03075385 0.03419494 0.02366652 0.02581032 0.02867174 0.01947773
          oe         te
1 0.01968728 0.01484796
2 0.00000000 0.01281980
3 0.02640297 0.03453772

[[11]]
  delta         mu       mu_1       mu_0         de       se_1       se_0
1   0.5 0.02640026 0.01936541 0.03213355 0.02648561 0.01543185 0.02618910
2   1.0 0.01781978 0.01845706 0.01730557 0.01335505 0.00000000 0.00000000
3   2.0 0.03486476 0.03882226 0.02486522 0.02734916 0.03111301 0.01979829
          oe         te
1 0.02195785 0.01481175
2 0.00000000 0.01335505
3 0.02835440 0.03730178

[[12]]
  delta         mu       mu_1       mu_0         de       se_1       se_0
1   0.5 0.02289479 0.01863151 0.02669020 0.02102781 0.01498579 0.02214572
2   1.0 0.01778559 0.01841599 0.01684495 0.01256896 0.00000000 0.00000000
3   2.0 0.03196881 0.03385637 0.02605009 0.02308236 0.02569554 0.02061109
          oe         te
1 0.01975238 0.01495345
2 0.00000000 0.01256896
3 0.02468569 0.03160059

[[13]]
  delta         mu       mu_1       mu_0         de       se_1       se_0
1   0.5 0.02710396 0.02159289 0.03128589 0.02541593 0.01575518 0.02619553
2   1.0 0.01710317 0.01741217 0.01672226 0.01194656 0.00000000 0.00000000
3   2.0 0.03451903 0.03943762 0.02333970 0.03001103 0.03395118 0.01961068
         oe         te
1 0.0224596 0.01633830
2 0.0000000 0.01194656
3 0.0301690 0.03892583

[[14]]
  delta         mu       mu_1       mu_0         de       se_1       se_0
1   0.5 0.02231929 0.01867070 0.02566764 0.02234419 0.01366963 0.02177224
2   1.0 0.01664472 0.01716771 0.01597682 0.01287597 0.00000000 0.00000000
3   2.0 0.02852209 0.03187265 0.02094780 0.02365925 0.02557677 0.01791070
          oe         te
1 0.01881933 0.01530170
2 0.00000000 0.01287597
3 0.02375011 0.03174984

[[15]]
  delta         mu       mu_1       mu_0         de       se_1       se_0
1   0.5 0.02348263 0.01960531 0.02678571 0.02216348 0.01549091 0.02251013
2   1.0 0.01701788 0.01789108 0.01609985 0.01254991 0.00000000 0.00000000
3   2.0 0.03122938 0.03427928 0.02328816 0.02495273 0.02702726 0.01860813
          oe         te
1 0.01994310 0.01592678
2 0.00000000 0.01254991
3 0.02502869 0.03278290

[[16]]
  delta         mu       mu_1       mu_0         de       se_1       se_0
1   0.5 0.02540206 0.02102049 0.02860253 0.02144124 0.01522807 0.02402236
2   1.0 0.01839994 0.01861455 0.01793978 0.01280280 0.00000000 0.00000000
3   2.0 0.03315724 0.03598500 0.02513739 0.02510273 0.02866533 0.02101559
          oe         te
1 0.02086687 0.01604435
2 0.00000000 0.01280280
3 0.02731335 0.03515257

[[17]]
  delta         mu       mu_1       mu_0         de       se_1       se_0
1   0.5 0.02388178 0.01961007 0.02787917 0.02364157 0.01656750 0.02338958
2   1.0 0.01717032 0.01786226 0.01641094 0.01237041 0.00000000 0.00000000
3   2.0 0.03538891 0.03862864 0.02600507 0.02476490 0.03128895 0.02147007
          oe         te
1 0.02074852 0.01630813
2 0.00000000 0.01237041
3 0.02934824 0.03709797

[[18]]
  delta         mu       mu_1       mu_0         de       se_1       se_0
1   0.5 0.02153141 0.02003428 0.02431745 0.02144020 0.01584120 0.02022130
2   1.0 0.01771662 0.01852641 0.01660637 0.01252324 0.00000000 0.00000000
3   2.0 0.03256550 0.03483177 0.02496713 0.02320348 0.02659343 0.01962914
          oe         te
1 0.01778436 0.01680868
2 0.00000000 0.01252324
3 0.02563020 0.03320947

[[19]]
  delta         mu       mu_1       mu_0         de       se_1       se_0
1   0.5 0.02496589 0.01970714 0.02830752 0.02086745 0.01456445 0.02253348
2   1.0 0.01750325 0.01784359 0.01707112 0.01299232 0.00000000 0.00000000
3   2.0 0.03643079 0.03990827 0.02618458 0.02783862 0.03280967 0.02171271
          oe         te
1 0.02014628 0.01489081
2 0.00000000 0.01299232
3 0.03077107 0.03917508

[[20]]
  delta         mu       mu_1       mu_0         de       se_1       se_0
1   0.5 0.02209272 0.02190133 0.02547241 0.02576740 0.01897115 0.02222483
2   1.0 0.01699150 0.01795460 0.01602107 0.01326436 0.00000000 0.00000000
3   2.0 0.03261144 0.03535118 0.02564031 0.02501607 0.02748287 0.02110040
          oe         te
1 0.01956674 0.01877424
2 0.00000000 0.01326436
3 0.02619497 0.03418296

[[1]]
  delta        mu      mu_1      mu_0         de        se_1        se_0
1   0.5 0.7922783 0.7034510 0.8593832 -0.1559322  0.02699367 -0.02896762
2   1.0 0.7662919 0.6764574 0.8883508 -0.2118934  0.00000000  0.00000000
3   2.0 0.6529664 0.5873609 0.8468391 -0.2594783 -0.08909649 -0.04151167
           oe         te
1  0.02598648 -0.1848998
2  0.00000000 -0.2118934
3 -0.11332545 -0.3009899

[[2]]
  delta        mu      mu_1      mu_0         de         se_1         se_0
1   0.5 0.7767851 0.7006951 0.8345944 -0.1338993 0.0113037303 -0.022227251
2   1.0 0.7580007 0.6893914 0.8568217 -0.1674303 0.0000000000  0.000000000
3   2.0 0.7296120 0.6897777 0.8472012 -0.1574234 0.0003863501 -0.009620509
           oe         te
1  0.01878445 -0.1561266
2  0.00000000 -0.1674303
3 -0.02838870 -0.1670439

[[3]]
  delta        mu      mu_1      mu_0         de        se_1        se_0
1   0.5 0.8043723 0.6845327 0.8836020 -0.1990694  0.02067335  0.02376432
2   1.0 0.7493560 0.6638593 0.8598377 -0.1959784  0.00000000  0.00000000
3   2.0 0.6648897 0.6044002 0.8267378 -0.2223376 -0.05945913 -0.03309996
           oe         te
1  0.05501627 -0.1753051
2  0.00000000 -0.1959784
3 -0.08446631 -0.2554375

[[4]]
  delta        mu      mu_1      mu_0         de         se_1         se_0
1   0.5 0.7778087 0.6898935 0.8418853 -0.1519918  0.017849939  0.004016536
2   1.0 0.7401194 0.6720436 0.8378688 -0.1658252  0.000000000  0.000000000
3   2.0 0.7132805 0.6706377 0.8339667 -0.1633290 -0.001405874 -0.003902061
           oe         te
1  0.03768924 -0.1479753
2  0.00000000 -0.1658252
3 -0.02683893 -0.1672311

[[5]]
  delta        mu      mu_1      mu_0         de         se_1        se_0
1   0.5 0.8148725 0.6989989 0.8904749 -0.1914760  0.024874104  0.03109496
2   1.0 0.7548176 0.6741248 0.8593800 -0.1852551  0.000000000  0.00000000
3   2.0 0.7119069 0.6664936 0.8364433 -0.1699496 -0.007631164 -0.02293666
           oe         te
1  0.06005489 -0.1603810
2  0.00000000 -0.1852551
3 -0.04291074 -0.1928863

[[6]]
  delta        mu      mu_1      mu_0         de         se_1         se_0
1   0.5 0.7673853 0.6632802 0.8399247 -0.1766445 -0.004235875 -0.006001964
2   1.0 0.7443961 0.6675161 0.8459266 -0.1784106  0.000000000  0.000000000
3   2.0 0.7015129 0.6365119 0.8626517 -0.2261398 -0.031004190  0.016725070
           oe         te
1  0.02298916 -0.1826465
2  0.00000000 -0.1784106
3 -0.04288324 -0.2094148

[[7]]
  delta        mu      mu_1      mu_0         de        se_1          se_0
1   0.5 0.7692841 0.6781910 0.8367469 -0.1585559  0.01180981 -0.0050981629
2   1.0 0.7413269 0.6663812 0.8418451 -0.1754639  0.00000000  0.0000000000
3   2.0 0.6805177 0.6205580 0.8409108 -0.2203528 -0.04582316 -0.0009343029
           oe         te
1  0.02795721 -0.1636541
2  0.00000000 -0.1754639
3 -0.06080918 -0.2212871

[[8]]
  delta        mu      mu_1      mu_0         de        se_1         se_0
1   0.5 0.7871228 0.6805122 0.8607029 -0.1801908 0.006920754 -0.003168034
2   1.0 0.7561978 0.6735914 0.8638710 -0.1902795 0.000000000  0.000000000
3   2.0 0.7445007 0.6874299 0.8832431 -0.1958132 0.013838456  0.019372105
           oe         te
1  0.03092492 -0.1833588
2  0.00000000 -0.1902795
3 -0.01169718 -0.1764411

[[9]]
  delta        mu      mu_1      mu_0         de         se_1       se_0
1   0.5 0.7924721 0.6847813 0.8653538 -0.1805725  0.007864985 0.01211625
2   1.0 0.7522237 0.6769163 0.8532375 -0.1763212  0.000000000 0.00000000
3   2.0 0.7024299 0.6447884 0.8621935 -0.2174051 -0.032127923 0.00895598
           oe         te
1  0.04024835 -0.1684562
2  0.00000000 -0.1763212
3 -0.04979387 -0.2084491

[[10]]
  delta        mu      mu_1      mu_0         de        se_1        se_0
1   0.5 0.8120674 0.7186780 0.8710792 -0.1524012  0.04957890  0.01868948
2   1.0 0.7485428 0.6690991 0.8523897 -0.1832906  0.00000000  0.00000000
3   2.0 0.6894516 0.6344451 0.8365816 -0.2021365 -0.03465398 -0.01580808
           oe         te
1  0.06352459 -0.1337117
2  0.00000000 -0.1832906
3 -0.05909125 -0.2179446

[[11]]
  delta        mu      mu_1      mu_0         de         se_1         se_0
1   0.5 0.7425411 0.6663442 0.7992521 -0.1329079  0.009091628 -0.028222274
2   1.0 0.7286171 0.6572526 0.8274744 -0.1702218  0.000000000  0.000000000
3   2.0 0.6800975 0.6220085 0.8323544 -0.2103459 -0.035244047  0.004879985
           oe         te
1  0.01392396 -0.1611302
2  0.00000000 -0.1702218
3 -0.04851961 -0.2054659

[[12]]
  delta        mu      mu_1      mu_0         de        se_1          se_0
1   0.5 0.7780992 0.6789030 0.8470939 -0.1681910  0.02336916  0.0058069227
2   1.0 0.7333874 0.6555338 0.8412870 -0.1857532  0.00000000  0.0000000000
3   2.0 0.6776451 0.6174176 0.8410218 -0.2236042 -0.03811622 -0.0002652617
           oe         te
1  0.04471187 -0.1623840
2  0.00000000 -0.1857532
3 -0.05574224 -0.2238694

[[13]]
  delta        mu      mu_1      mu_0         de         se_1        se_0
1   0.5 0.8034439 0.6557405 0.8976841 -0.2419436 0.0002871145  0.04872034
2   1.0 0.7398234 0.6554534 0.8489637 -0.1935104 0.0000000000  0.00000000
3   2.0 0.7293623 0.6855807 0.8327086 -0.1471279 0.0301273502 -0.01625513
           oe         te
1  0.06362049 -0.1932233
2  0.00000000 -0.1935104
3 -0.01046112 -0.1633830

[[14]]
  delta        mu      mu_1      mu_0         de        se_1        se_0
1   0.5 0.8319740 0.7052162 0.9130438 -0.2078276  0.02968652  0.04017089
2   1.0 0.7608334 0.6755296 0.8728729 -0.1973432  0.00000000  0.00000000
3   2.0 0.7156373 0.6594997 0.8596515 -0.2001518 -0.01602995 -0.01322133
           oe         te
1  0.07114054 -0.1676567
2  0.00000000 -0.1973432
3 -0.04519618 -0.2133732

[[15]]
  delta        mu      mu_1      mu_0         de        se_1        se_0
1   0.5 0.8054019 0.6908256 0.8791178 -0.1882922  0.02446267  0.02008187
2   1.0 0.7499339 0.6663629 0.8590360 -0.1926730  0.00000000  0.00000000
3   2.0 0.6668597 0.6013821 0.8428751 -0.2414930 -0.06498086 -0.01616091
           oe         te
1  0.05546804 -0.1682104
2  0.00000000 -0.1926730
3 -0.08307417 -0.2576539

[[16]]
  delta        mu      mu_1      mu_0         de        se_1         se_0
1   0.5 0.7878021 0.6761642 0.8621239 -0.1859597  0.00572678 -0.007819128
2   1.0 0.7546701 0.6704374 0.8699431 -0.1995056  0.00000000  0.000000000
3   2.0 0.6949844 0.6366018 0.8597467 -0.2231449 -0.03383560 -0.010196320
           oe         te
1  0.03313205 -0.1937789
2  0.00000000 -0.1995056
3 -0.05968561 -0.2333412

[[17]]
  delta        mu      mu_1      mu_0         de       se_1          se_0
1   0.5 0.7782275 0.6821576 0.8491300 -0.1669723 0.01909806 -0.0036342550
2   1.0 0.7424294 0.6630596 0.8527642 -0.1897047 0.00000000  0.0000000000
3   2.0 0.7332866 0.6876443 0.8523290 -0.1646847 0.02458470 -0.0004352848
            oe         te
1  0.035798042 -0.1706066
2  0.000000000 -0.1897047
3 -0.009142801 -0.1651200

[[18]]
  delta        mu      mu_1      mu_0         de        se_1        se_0
1   0.5 0.8218465 0.6995134 0.9004121 -0.2008986  0.01631470  0.01632904
2   1.0 0.7701009 0.6831988 0.8840830 -0.2008843  0.00000000  0.00000000
3   2.0 0.7123456 0.6597354 0.8506374 -0.1909020 -0.02346333 -0.03344561
           oe         te
1  0.05174568 -0.1845696
2  0.00000000 -0.2008843
3 -0.05775528 -0.2243476

[[19]]
  delta        mu      mu_1      mu_0         de         se_1        se_0
1   0.5 0.7455477 0.6543476 0.8127888 -0.1584411  0.001493407 -0.01237894
2   1.0 0.7249437 0.6528542 0.8251677 -0.1723135  0.000000000  0.00000000
3   2.0 0.6687672 0.6161878 0.8079253 -0.1917375 -0.036666438 -0.01724248
           oe         te
1  0.02060394 -0.1708201
2  0.00000000 -0.1723135
3 -0.05617658 -0.2089799

[[20]]
  delta        mu      mu_1      mu_0         de         se_1        se_0
1   0.5 0.7616003 0.6589980 0.8384082 -0.1794102 0.0057875981 0.004639843
2   1.0 0.7246496 0.6532104 0.8337683 -0.1805579 0.0000000000 0.000000000
3   2.0 0.7009792 0.6534897 0.8360732 -0.1825834 0.0002793398 0.002304845
           oe         te
1  0.03695066 -0.1747703
2  0.00000000 -0.1805579
3 -0.02367038 -0.1802786

[[1]]
  delta         mu       mu_1       mu_0         de       se_1       se_0
1   0.5 0.02586574 0.02040865 0.02947995 0.02292129 0.01603365 0.02472034
2   1.0 0.01744949 0.01794634 0.01714630 0.01306551 0.00000000 0.00000000
3   2.0 0.03088713 0.03363169 0.02450440 0.02517200 0.02764028 0.02024940
          oe         te
1 0.02223565 0.01639637
2 0.00000000 0.01306551
3 0.02622497 0.03397277

[[2]]
  delta         mu       mu_1       mu_0         de       se_1       se_0
1   0.5 0.02471868 0.01996679 0.02753999 0.01899815 0.01592332 0.02225157
2   1.0 0.01672975 0.01704020 0.01640034 0.01233623 0.00000000 0.00000000
3   2.0 0.03806486 0.04330311 0.02444870 0.03198682 0.03734957 0.02080366
          oe         te
1 0.02076661 0.01489171
2 0.00000000 0.01233623
3 0.03317560 0.04257647

[[3]]
  delta         mu       mu_1       mu_0         de       se_1       se_0
1   0.5 0.02682336 0.02384518 0.02918113 0.02204986 0.01998550 0.02300744
2   1.0 0.01672734 0.01697394 0.01635832 0.01219921 0.00000000 0.00000000
3   2.0 0.03213642 0.03612364 0.02254998 0.02645993 0.02983845 0.01766360
          oe         te
1 0.02199188 0.02032838
2 0.00000000 0.01219921
3 0.02655839 0.03469752

[[4]]
  delta         mu       mu_1       mu_0         de       se_1       se_0
1   0.5 0.02343045 0.01958820 0.02643000 0.02031084 0.01531960 0.02216870
2   1.0 0.01707466 0.01780240 0.01620404 0.01222981 0.00000000 0.00000000
3   2.0 0.03597851 0.04126253 0.02363442 0.03096546 0.03516809 0.01962842
          oe         te
1 0.01991147 0.01482972
2 0.00000000 0.01222981
3 0.03107272 0.04061869

[[5]]
  delta         mu       mu_1       mu_0         de       se_1       se_0
1   0.5 0.02368710 0.01990090 0.02642403 0.02009925 0.01527690 0.02110767
2   1.0 0.01775536 0.01781072 0.01737509 0.01199940 0.00000000 0.00000000
3   2.0 0.03235899 0.03472643 0.02526171 0.02274238 0.02714834 0.01942788
          oe         te
1 0.01932459 0.01488945
2 0.00000000 0.01199940
3 0.02566650 0.03260180

[[6]]
  delta         mu       mu_1       mu_0         de       se_1       se_0
1   0.5 0.02365304 0.02041021 0.02630108 0.02012542 0.01639097 0.02174242
2   1.0 0.01726975 0.01790752 0.01648291 0.01307341 0.00000000 0.00000000
3   2.0 0.03078233 0.03348597 0.02336437 0.02564129 0.02631009 0.01876836
          oe         te
1 0.01996595 0.01643209
2 0.00000000 0.01307341
3 0.02498653 0.03290251

[[7]]
  delta         mu       mu_1       mu_0         de       se_1       se_0
1   0.5 0.02461631 0.02014268 0.02831898 0.02329511 0.01477620 0.02333911
2   1.0 0.01722685 0.01756124 0.01693053 0.01252654 0.00000000 0.00000000
3   2.0 0.02885662 0.03114728 0.02291042 0.02302211 0.02574988 0.01892763
          oe         te
1 0.02055758 0.01523444
2 0.00000000 0.01252654
3 0.02446133 0.03154169

[[8]]
  delta         mu       mu_1       mu_0         de       se_1       se_0
1   0.5 0.02412401 0.02027752 0.02820916 0.02422767 0.01482440 0.02282313
2   1.0 0.01726694 0.01765209 0.01676825 0.01268830 0.00000000 0.00000000
3   2.0 0.03216778 0.03568547 0.02572995 0.02892145 0.03013985 0.02151815
          oe         te
1 0.01938001 0.01653507
2 0.00000000 0.01268830
3 0.02770631 0.03600276

[[9]]
  delta         mu       mu_1       mu_0         de       se_1       se_0
1   0.5 0.02579036 0.01984308 0.03263635 0.02936382 0.01599631 0.02897415
2   1.0 0.01686499 0.01776580 0.01595045 0.01266360 0.00000000 0.00000000
3   2.0 0.03269236 0.03586301 0.02531119 0.02536520 0.02869997 0.02052619
          oe         te
1 0.02284650 0.01550898
2 0.00000000 0.01266360
3 0.02674554 0.03482808

[[10]]
  delta         mu       mu_1       mu_0         de       se_1       se_0
1   0.5 0.02352607 0.01902459 0.02704885 0.02127865 0.01484382 0.02223178
2   1.0 0.01666591 0.01718381 0.01670908 0.01283750 0.00000000 0.00000000
3   2.0 0.03089750 0.03437120 0.02365510 0.02588248 0.02882645 0.01943735
          oe         te
1 0.01974434 0.01482564
2 0.00000000 0.01283750
3 0.02652938 0.03471813

[[11]]
  delta         mu       mu_1       mu_0         de       se_1       se_0
1   0.5 0.02654400 0.01924681 0.03307458 0.02771337 0.01550245 0.02732186
2   1.0 0.01772583 0.01840153 0.01719436 0.01334939 0.00000000 0.00000000
3   2.0 0.03436537 0.03858111 0.02448435 0.02777459 0.03105550 0.01946834
          oe         te
1 0.02227760 0.01480201
2 0.00000000 0.01334939
3 0.02797626 0.03716479

[[12]]
  delta         mu       mu_1       mu_0         de       se_1       se_0
1   0.5 0.02279163 0.01859714 0.02657480 0.02088227 0.01489890 0.02202025
2   1.0 0.01769410 0.01833332 0.01677827 0.01252766 0.00000000 0.00000000
3   2.0 0.03182221 0.03377491 0.02591429 0.02309694 0.02557759 0.02053631
          oe         te
1 0.01963130 0.01486025
2 0.00000000 0.01252766
3 0.02451135 0.03146304

[[13]]
  delta         mu       mu_1       mu_0         de       se_1       se_0
1   0.5 0.02707666 0.02158486 0.03125745 0.02541308 0.01574988 0.02617010
2   1.0 0.01709792 0.01740747 0.01671535 0.01194184 0.00000000 0.00000000
3   2.0 0.03451535 0.03943272 0.02333454 0.03000066 0.03394892 0.01960881
          oe         te
1 0.02243472 0.01633473
2 0.00000000 0.01194184
3 0.03016815 0.03892139

[[14]]
  delta         mu       mu_1       mu_0         de       se_1       se_0
1   0.5 0.02235522 0.01876567 0.02569848 0.02233262 0.01376038 0.02176436
2   1.0 0.01669310 0.01725235 0.01597464 0.01288058 0.00000000 0.00000000
3   2.0 0.02822455 0.03158525 0.02075970 0.02353534 0.02528219 0.01779842
          oe         te
1 0.01882266 0.01525336
2 0.00000000 0.01288058
3 0.02348075 0.03153257

[[15]]
  delta         mu       mu_1       mu_0         de       se_1       se_0
1   0.5 0.02300821 0.01961794 0.02612990 0.02155713 0.01565700 0.02194174
2   1.0 0.01709525 0.01802228 0.01603120 0.01248467 0.00000000 0.00000000
3   2.0 0.03155290 0.03457574 0.02330781 0.02489994 0.02711178 0.01851497
          oe         te
1 0.01956095 0.01586585
2 0.00000000 0.01248467
3 0.02514828 0.03291194

[[16]]
  delta         mu       mu_1       mu_0         de       se_1       se_0
1   0.5 0.02505672 0.02091191 0.02826784 0.02125117 0.01521779 0.02371684
2   1.0 0.01831770 0.01855601 0.01790005 0.01290533 0.00000000 0.00000000
3   2.0 0.03301597 0.03591689 0.02501190 0.02532581 0.02858611 0.02089363
          oe         te
1 0.02065202 0.01604961
2 0.00000000 0.01290533
3 0.02715424 0.03515519

[[17]]
  delta         mu       mu_1       mu_0         de       se_1       se_0
1   0.5 0.02417763 0.01967346 0.02833046 0.02374571 0.01669217 0.02375678
2   1.0 0.01724589 0.01795230 0.01647321 0.01239697 0.00000000 0.00000000
3   2.0 0.03582879 0.03923622 0.02604179 0.02505289 0.03181599 0.02145479
          oe         te
1 0.02104303 0.01630470
2 0.00000000 0.01239697
3 0.02971643 0.03767462

[[18]]
  delta         mu       mu_1       mu_0         de       se_1       se_0
1   0.5 0.02122557 0.02000974 0.02386616 0.02108553 0.01577430 0.01985874
2   1.0 0.01749358 0.01838296 0.01635658 0.01247023 0.00000000 0.00000000
3   2.0 0.03243344 0.03477516 0.02480299 0.02336262 0.02657812 0.01952940
          oe         te
1 0.01751973 0.01670999
2 0.00000000 0.01247023
3 0.02556015 0.03319377

[[19]]
  delta         mu       mu_1       mu_0         de       se_1       se_0
1   0.5 0.02489542 0.01967886 0.02822519 0.02078930 0.01452677 0.02239329
2   1.0 0.01750744 0.01790434 0.01699007 0.01292376 0.00000000 0.00000000
3   2.0 0.03561900 0.03899078 0.02608614 0.02738767 0.03189492 0.02154121
          oe         te
1 0.02003866 0.01480283
2 0.00000000 0.01292376
3 0.02992300 0.03823850

[[20]]
  delta         mu       mu_1       mu_0         de       se_1       se_0
1   0.5 0.02213952 0.02188056 0.02537012 0.02515910 0.01883890 0.02197943
2   1.0 0.01702477 0.01802390 0.01601432 0.01326484 0.00000000 0.00000000
3   2.0 0.03302922 0.03579036 0.02555368 0.02477826 0.02783844 0.02102255
          oe         te
1 0.01950963 0.01856968
2 0.00000000 0.01326484
3 0.02653800 0.03451937

[1] "Total run time was 3317.665 seconds"
