Warning message:
package ‘SuperLearner’ was built under R version 4.1.3 
[1] "[Simulation setting]"
[1] "n: 500"
[1] "deltas: 0.5, 1, 2"
[1] "K: 2"
[1] "r: 100"
[1] "s: 1"
[1] "Sim.id 1"
[1] "Data generated and format changed"
[1] "   Split: 1"
Loading required namespace: nnet
Loading required namespace: ranger
[1] "   Split: 2"
[1] "Estimates and SE estimates computed"
[1] ""
[1] "Sim.id 2"
[1] "Data generated and format changed"
[1] "   Split: 1"
[1] "   Split: 2"
[1] "Estimates and SE estimates computed"
[1] ""
[1] "Sim.id 3"
[1] "Data generated and format changed"
[1] "   Split: 1"
[1] "   Split: 2"
[1] "Estimates and SE estimates computed"
[1] ""
[1] "Sim.id 4"
[1] "Data generated and format changed"
[1] "   Split: 1"
[1] "   Split: 2"
[1] "Estimates and SE estimates computed"
[1] ""
[1] "Sim.id 5"
[1] "Data generated and format changed"
[1] "   Split: 1"
[1] "   Split: 2"
[1] "Estimates and SE estimates computed"
[1] ""
[1] "Sim.id 6"
[1] "Data generated and format changed"
[1] "   Split: 1"
[1] "   Split: 2"
[1] "Estimates and SE estimates computed"
[1] ""
[1] "Sim.id 7"
[1] "Data generated and format changed"
[1] "   Split: 1"
[1] "   Split: 2"
[1] "Estimates and SE estimates computed"
[1] ""
[1] "Sim.id 8"
[1] "Data generated and format changed"
[1] "   Split: 1"
[1] "   Split: 2"
[1] "Estimates and SE estimates computed"
[1] ""
[1] "Sim.id 9"
[1] "Data generated and format changed"
[1] "   Split: 1"
[1] "   Split: 2"
[1] "Estimates and SE estimates computed"
[1] ""
[1] "Sim.id 10"
[1] "Data generated and format changed"
[1] "   Split: 1"
[1] "   Split: 2"
[1] "Estimates and SE estimates computed"
[1] ""
[1] "Sim.id 11"
[1] "Data generated and format changed"
[1] "   Split: 1"
[1] "   Split: 2"
[1] "Estimates and SE estimates computed"
[1] ""
[1] "Sim.id 12"
[1] "Data generated and format changed"
[1] "   Split: 1"
[1] "   Split: 2"
[1] "Estimates and SE estimates computed"
[1] ""
[1] "Sim.id 13"
[1] "Data generated and format changed"
[1] "   Split: 1"
[1] "   Split: 2"
[1] "Estimates and SE estimates computed"
[1] ""
[1] "Sim.id 14"
[1] "Data generated and format changed"
[1] "   Split: 1"
[1] "   Split: 2"
[1] "Estimates and SE estimates computed"
[1] ""
[1] "Sim.id 15"
[1] "Data generated and format changed"
[1] "   Split: 1"
[1] "   Split: 2"
[1] "Estimates and SE estimates computed"
[1] ""
[1] "Sim.id 16"
[1] "Data generated and format changed"
[1] "   Split: 1"
[1] "   Split: 2"
[1] "Estimates and SE estimates computed"
[1] ""
[1] "Sim.id 17"
[1] "Data generated and format changed"
[1] "   Split: 1"
[1] "   Split: 2"
[1] "Estimates and SE estimates computed"
[1] ""
[1] "Sim.id 18"
[1] "Data generated and format changed"
[1] "   Split: 1"
[1] "   Split: 2"
[1] "Estimates and SE estimates computed"
[1] ""
[1] "Sim.id 19"
[1] "Data generated and format changed"
[1] "   Split: 1"
[1] "   Split: 2"
[1] "Estimates and SE estimates computed"
[1] ""
[1] "Sim.id 20"
[1] "Data generated and format changed"
[1] "   Split: 1"
[1] "   Split: 2"
[1] "Estimates and SE estimates computed"
[1] ""
[[1]]
  delta        mu      mu_1      mu_0         de         se_1        se_0
1   0.5 0.7732027 0.6658103 0.8468239 -0.1810136  0.024098137 0.015336678
2   1.0 0.7225534 0.6417121 0.8314872 -0.1897751  0.000000000 0.000000000
3   2.0 0.6933507 0.6375216 0.8393036 -0.2017820 -0.004190559 0.007816371
           oe         te
1  0.05064932 -0.1656770
2  0.00000000 -0.1897751
3 -0.02920266 -0.1939657

[[2]]
  delta        mu      mu_1      mu_0         de         se_1         se_0
1   0.5 0.8132184 0.7160857 0.8791630 -0.1630773 -0.002064007 -0.002733339
2   1.0 0.7921635 0.7181497 0.8818963 -0.1637466  0.000000000  0.000000000
3   2.0 0.7953996 0.7524649 0.8865799 -0.1341150  0.034315203  0.004683553
           oe         te
1 0.021054925 -0.1658106
2 0.000000000 -0.1637466
3 0.003236145 -0.1294314

[[3]]
  delta        mu      mu_1      mu_0         de        se_1         se_0
1   0.5 0.8217624 0.7364428 0.8833562 -0.1469134  0.01183473 -0.017227579
2   1.0 0.8007632 0.7246080 0.9005837 -0.1759757  0.00000000  0.000000000
3   2.0 0.7579850 0.7038079 0.8988497 -0.1950417 -0.02080010 -0.001734052
           oe         te
1  0.02099920 -0.1641410
2  0.00000000 -0.1759757
3 -0.04277822 -0.1967758

[[4]]
  delta        mu      mu_1      mu_0         de         se_1         se_0
1   0.5 0.7675716 0.6446713 0.8481942 -0.2035229  0.020518082  0.033784568
2   1.0 0.7051898 0.6241532 0.8144096 -0.1902564  0.000000000  0.000000000
3   2.0 0.6682554 0.6165642 0.8079762 -0.1914120 -0.007588969 -0.006433428
           oe         te
1  0.06238180 -0.1697383
2  0.00000000 -0.1902564
3 -0.03693435 -0.1978454

[[5]]
  delta        mu      mu_1      mu_0         de         se_1        se_0
1   0.5 0.7503098 0.6743409 0.8093852 -0.1350443 -0.002328803 -0.02099925
2   1.0 0.7399454 0.6766697 0.8303845 -0.1537147  0.000000000  0.00000000
3   2.0 0.7231396 0.6789601 0.8440010 -0.1650410  0.002290325  0.01361657
           oe         te
1  0.01036441 -0.1560435
2  0.00000000 -0.1537147
3 -0.01680578 -0.1514244

[[6]]
  delta        mu      mu_1      mu_0         de         se_1        se_0
1   0.5 0.7769898 0.6662327 0.8540583 -0.1878255 -0.002045548 0.004842394
2   1.0 0.7439883 0.6682783 0.8492159 -0.1809376  0.000000000 0.000000000
3   2.0 0.7415171 0.6878319 0.8778398 -0.1900078  0.019553650 0.028623887
            oe         te
1  0.033001451 -0.1829831
2  0.000000000 -0.1809376
3 -0.002471228 -0.1613839

[[7]]
  delta        mu      mu_1      mu_0         de       se_1        se_0
1   0.5 0.7856728 0.7107033 0.8400419 -0.1293387 0.03034444 0.001983768
2   1.0 0.7474301 0.6803588 0.8380582 -0.1576993 0.00000000 0.000000000
3   2.0 0.7709046 0.7303154 0.8652163 -0.1349009 0.04995656 0.027158110
          oe         te
1 0.03824274 -0.1273549
2 0.00000000 -0.1576993
3 0.02347450 -0.1077428

[[8]]
  delta        mu      mu_1      mu_0         de        se_1        se_0
1   0.5 0.7806201 0.6875164 0.8467666 -0.1592502  0.02376773  0.01194502
2   1.0 0.7361149 0.6637486 0.8348216 -0.1710729  0.00000000  0.00000000
3   2.0 0.6998339 0.6526981 0.8198851 -0.1671870 -0.01105051 -0.01493647
           oe         te
1  0.04450527 -0.1473052
2  0.00000000 -0.1710729
3 -0.03628093 -0.1821234

[[9]]
  delta        mu      mu_1      mu_0         de       se_1       se_0
1   0.5 0.8324713 0.7104036 0.9089556 -0.1985520 0.03344216 0.04471542
2   1.0 0.7581984 0.6769614 0.8642402 -0.1872787 0.00000000 0.00000000
3   2.0 0.7597718 0.7133063 0.8748926 -0.1615864 0.03634482 0.01065245
          oe         te
1 0.07427290 -0.1538366
2 0.00000000 -0.1872787
3 0.00157342 -0.1509339

[[10]]
  delta        mu      mu_1      mu_0         de        se_1         se_0
1   0.5 0.7575661 0.6644861 0.8226540 -0.1581678 -0.01110883 -0.039142148
2   1.0 0.7553291 0.6755949 0.8617961 -0.1862012  0.00000000  0.000000000
3   2.0 0.7432627 0.6971838 0.8659208 -0.1687369  0.02158887  0.004124654
            oe         te
1  0.002237055 -0.1973100
2  0.000000000 -0.1862012
3 -0.012066401 -0.1646123

[[11]]
  delta        mu      mu_1      mu_0         de        se_1        se_0
1   0.5 0.7786379 0.6508839 0.8625227 -0.2116388 -0.01597662 0.019603492
2   1.0 0.7423504 0.6668605 0.8429192 -0.1760586  0.00000000 0.000000000
3   2.0 0.6914294 0.6321942 0.8496036 -0.2174095 -0.03466638 0.006684437
           oe         te
1  0.03628756 -0.1920353
2  0.00000000 -0.1760586
3 -0.05092102 -0.2107250

[[12]]
  delta        mu      mu_1      mu_0         de         se_1         se_0
1   0.5 0.7419014 0.6412479 0.8134628 -0.1722148  0.002420793  0.003633928
2   1.0 0.7104904 0.6388272 0.8098288 -0.1710017  0.000000000  0.000000000
3   2.0 0.6779181 0.6321402 0.8040496 -0.1719094 -0.006686989 -0.005779250
           oe         te
1  0.03141106 -0.1685809
2  0.00000000 -0.1710017
3 -0.03257227 -0.1776887

[[13]]
  delta        mu      mu_1      mu_0         de         se_1          se_0
1   0.5 0.7927978 0.6948925 0.8593651 -0.1644726 -0.010801014 -0.0050479245
2   1.0 0.7747699 0.7056935 0.8644130 -0.1587195  0.000000000  0.0000000000
3   2.0 0.7600995 0.7122802 0.8651070 -0.1528268  0.006586685  0.0006939806
           oe         te
1  0.01802795 -0.1695205
2  0.00000000 -0.1587195
3 -0.01467037 -0.1521328

[[14]]
  delta        mu      mu_1      mu_0         de         se_1        se_0
1   0.5 0.7647637 0.6656989 0.8303629 -0.1646639 -0.009285058 -0.01379888
2   1.0 0.7498829 0.6749840 0.8441617 -0.1691778  0.000000000  0.00000000
3   2.0 0.7473140 0.7086448 0.8422061 -0.1335613  0.033660826 -0.00195567
            oe         te
1  0.014880837 -0.1784628
2  0.000000000 -0.1691778
3 -0.002568832 -0.1355169

[[15]]
  delta        mu      mu_1      mu_0         de         se_1       se_0
1   0.5 0.8540764 0.7276394 0.9323340 -0.2046946  0.036645637  0.0713715
2   1.0 0.7636205 0.6909938 0.8609625 -0.1699687  0.000000000  0.0000000
3   2.0 0.7309207 0.6874080 0.8406325 -0.1532245 -0.003585823 -0.0203300
           oe         te
1  0.09045590 -0.1333231
2  0.00000000 -0.1699687
3 -0.03269978 -0.1735545

[[16]]
  delta        mu      mu_1      mu_0         de        se_1        se_0
1   0.5 0.8112891 0.7035548 0.8837568 -0.1802020  0.03331894  0.03422315
2   1.0 0.7468317 0.6702358 0.8495336 -0.1792978  0.00000000  0.00000000
3   2.0 0.6828018 0.6314410 0.8225803 -0.1911393 -0.03879486 -0.02695333
           oe         te
1  0.06445739 -0.1459789
2  0.00000000 -0.1792978
3 -0.06402991 -0.2180927

[[17]]
  delta        mu      mu_1      mu_0         de        se_1         se_0
1   0.5 0.8149193 0.7170516 0.8810201 -0.1639685  0.02635411  0.023611775
2   1.0 0.7616773 0.6906975 0.8574083 -0.1667108  0.00000000  0.000000000
3   2.0 0.6969997 0.6363523 0.8553874 -0.2190351 -0.05434513 -0.002020883
           oe         te
1  0.05324199 -0.1403567
2  0.00000000 -0.1667108
3 -0.06467768 -0.2210560

[[18]]
  delta        mu      mu_1      mu_0         de        se_1       se_0
1   0.5 0.8094882 0.7111911 0.8770775 -0.1658864 0.001711773 0.01534918
2   1.0 0.7745564 0.7094793 0.8617283 -0.1522490 0.000000000 0.00000000
3   2.0 0.7727412 0.7270574 0.8936588 -0.1666014 0.017578126 0.03193052
            oe         te
1  0.034931795 -0.1505372
2  0.000000000 -0.1522490
3 -0.001815183 -0.1346709

[[19]]
  delta        mu      mu_1      mu_0         de         se_1        se_0
1   0.5 0.7700377 0.6588557 0.8499729 -0.1911173 -0.002985221 0.002451155
2   1.0 0.7405524 0.6618409 0.8475218 -0.1856809  0.000000000 0.000000000
3   2.0 0.6956752 0.6328716 0.8536078 -0.2207362 -0.028969307 0.006085985
           oe         te
1  0.02948534 -0.1886661
2  0.00000000 -0.1856809
3 -0.04487713 -0.2146502

[[20]]
  delta        mu      mu_1      mu_0         de        se_1         se_0
1   0.5 0.8020106 0.6853504 0.8822253 -0.1968749  0.02645472 0.0316771301
2   1.0 0.7397296 0.6588956 0.8505481 -0.1916525  0.00000000 0.0000000000
3   2.0 0.6934870 0.6349376 0.8511799 -0.2162423 -0.02395801 0.0006317738
           oe         te
1  0.06228096 -0.1651978
2  0.00000000 -0.1916525
3 -0.04624264 -0.2156105

[[1]]
  delta         mu       mu_1       mu_0         de       se_1       se_0
1   0.5 0.02191063 0.01879842 0.02455813 0.01910665 0.01427686 0.01962007
2   1.0 0.01668413 0.01714599 0.01638516 0.01238514 0.00000000 0.00000000
3   2.0 0.03325637 0.03550361 0.02567245 0.02174918 0.02779151 0.02072475
          oe         te
1 0.01774009 0.01471493
2 0.00000000 0.01238514
3 0.02698451 0.03411403

[[2]]
  delta         mu       mu_1       mu_0         de      se_1       se_0
1   0.5 0.02437217 0.01925937 0.02787904 0.02105983 0.0154393 0.02320613
2   1.0 0.01711671 0.01808787 0.01628695 0.01263726 0.0000000 0.00000000
3   2.0 0.03755367 0.04108176 0.02715664 0.02594368 0.0332144 0.02247753
          oe         te
1 0.02081930 0.01476983
2 0.00000000 0.01263726
3 0.03119392 0.03916706

[[3]]
  delta         mu       mu_1       mu_0         de       se_1       se_0
1   0.5 0.02342072 0.02037789 0.02655050 0.02242427 0.01631309 0.02204325
2   1.0 0.01726124 0.01806851 0.01641799 0.01271169 0.00000000 0.00000000
3   2.0 0.03377273 0.03793261 0.02323634 0.02722379 0.03094784 0.01951337
          oe         te
1 0.01982354 0.01580173
2 0.00000000 0.01271169
3 0.02842379 0.03738146

[[4]]
  delta         mu       mu_1       mu_0         de       se_1       se_0
1   0.5 0.02465615 0.02093940 0.02832727 0.02444933 0.01586205 0.02420274
2   1.0 0.01687995 0.01741577 0.01631629 0.01196486 0.00000000 0.00000000
3   2.0 0.03066776 0.03334139 0.02344963 0.02194615 0.02573098 0.01835458
          oe         te
1 0.02056635 0.01624511
2 0.00000000 0.01196486
3 0.02401638 0.03096921

[[5]]
  delta         mu       mu_1       mu_0         de       se_1       se_0
1   0.5 0.02717482 0.02538460 0.03414291 0.03699898 0.02170170 0.02882797
2   1.0 0.01684765 0.01706229 0.01651901 0.01246874 0.00000000 0.00000000
3   2.0 0.03515095 0.03868448 0.02476658 0.02585454 0.03246237 0.02072667
          oe         te
1 0.02232894 0.02255762
2 0.00000000 0.01246874
3 0.02997219 0.03765809

[[6]]
  delta         mu       mu_1       mu_0         de       se_1       se_0
1   0.5 0.02660710 0.02185603 0.03044445 0.02368046 0.01781819 0.02553728
2   1.0 0.01741358 0.01809724 0.01676221 0.01313455 0.00000000 0.00000000
3   2.0 0.03477999 0.03695498 0.02812209 0.02289615 0.02933922 0.02395365
          oe         te
1 0.02302267 0.01687807
2 0.00000000 0.01313455
3 0.02893395 0.03603995

[[7]]
  delta         mu       mu_1       mu_0         de       se_1       se_0
1   0.5 0.02804052 0.03191760 0.02926546 0.03283074 0.02986728 0.02485324
2   1.0 0.01813179 0.01884555 0.01702604 0.01230723 0.00000000 0.00000000
3   2.0 0.03330998 0.03508583 0.02734813 0.02195923 0.02607879 0.02137091
          oe         te
1 0.02490909 0.02918969
2 0.00000000 0.01230723
3 0.02529244 0.03158122

[[8]]
  delta         mu       mu_1       mu_0         de       se_1       se_0
1   0.5 0.02095849 0.01802481 0.02343241 0.01855584 0.01487067 0.02023500
2   1.0 0.01784944 0.01863527 0.01663763 0.01232403 0.00000000 0.00000000
3   2.0 0.03352913 0.03587493 0.02645192 0.02290062 0.02752761 0.02008568
          oe         te
1 0.01830347 0.01411020
2 0.00000000 0.01232403
3 0.02627062 0.03357631

[[9]]
  delta         mu       mu_1       mu_0         de       se_1       se_0
1   0.5 0.02540022 0.02173331 0.02819143 0.02091638 0.01689692 0.02258396
2   1.0 0.01767549 0.01814824 0.01716888 0.01248005 0.00000000 0.00000000
3   2.0 0.03735640 0.04111480 0.02914040 0.02950073 0.03501545 0.02555162
          oe         te
1 0.02077939 0.01612023
2 0.00000000 0.01248005
3 0.03261798 0.04059527

[[10]]
  delta         mu       mu_1       mu_0         de       se_1       se_0
1   0.5 0.02222050 0.01880132 0.02552049 0.02021625 0.01428646 0.02097068
2   1.0 0.01649210 0.01678429 0.01636691 0.01228238 0.00000000 0.00000000
3   2.0 0.03517015 0.03932965 0.02407835 0.02654530 0.03317425 0.02053487
          oe         te
1 0.01843512 0.01461798
2 0.00000000 0.01228238
3 0.03032781 0.03890654

[[11]]
  delta         mu       mu_1       mu_0         de       se_1       se_0
1   0.5 0.02198756 0.02151790 0.02550466 0.02594543 0.01889948 0.02230281
2   1.0 0.01778423 0.01804379 0.01706111 0.01216635 0.00000000 0.00000000
3   2.0 0.03492993 0.03816166 0.02522484 0.02624693 0.03257850 0.01940937
          oe         te
1 0.01926061 0.01888364
2 0.00000000 0.01216635
3 0.02987934 0.03752549

[[12]]
  delta         mu       mu_1       mu_0         de       se_1       se_0
1   0.5 0.02235757 0.01884837 0.02547533 0.02012251 0.01480091 0.02120555
2   1.0 0.01777536 0.01834180 0.01738577 0.01301803 0.00000000 0.00000000
3   2.0 0.03196937 0.03601969 0.02506266 0.03089217 0.03026066 0.01926298
          oe         te
1 0.01928650 0.01487311
2 0.00000000 0.01301803
3 0.02665621 0.03536381

[[13]]
  delta         mu       mu_1       mu_0         de       se_1       se_0
1   0.5 0.02592960 0.01944781 0.03009730 0.02322583 0.01676229 0.02560981
2   1.0 0.01754787 0.01837934 0.01724184 0.01355705 0.00000000 0.00000000
3   2.0 0.03624010 0.04019875 0.02504853 0.02866976 0.03332623 0.01993772
          oe         te
1 0.02299568 0.01573430
2 0.00000000 0.01355705
3 0.03066802 0.03984906

[[14]]
  delta         mu       mu_1       mu_0         de       se_1       se_0
1   0.5 0.02563437 0.02068051 0.02882622 0.02178435 0.01599336 0.02329053
2   1.0 0.01694934 0.01721850 0.01660592 0.01193778 0.00000000 0.00000000
3   2.0 0.02923310 0.03143595 0.02401282 0.02182143 0.02431462 0.01880799
          oe         te
1 0.02130222 0.01569441
2 0.00000000 0.01193778
3 0.02294668 0.02966021

[[15]]
  delta         mu       mu_1       mu_0         de       se_1       se_0
1   0.5 0.02459830 0.02067584 0.02857158 0.02444855 0.01517346 0.02296834
2   1.0 0.01878878 0.01926196 0.01781505 0.01276147 0.00000000 0.00000000
3   2.0 0.03265543 0.03526564 0.02488394 0.02402831 0.02638865 0.01790846
          oe         te
1 0.01920292 0.01592406
2 0.00000000 0.01276147
3 0.02468883 0.03247692

[[16]]
  delta         mu       mu_1       mu_0         de       se_1       se_0
1   0.5 0.02621548 0.02121881 0.02926803 0.01985438 0.01742978 0.02464301
2   1.0 0.01605172 0.01669732 0.01569856 0.01240234 0.00000000 0.00000000
3   2.0 0.02984002 0.03258446 0.02402629 0.02448283 0.02613484 0.01987165
          oe         te
1 0.02257368 0.01677508
2 0.00000000 0.01240234
3 0.02438435 0.03163947

[[17]]
  delta         mu       mu_1       mu_0         de       se_1       se_0
1   0.5 0.02299540 0.01863944 0.02590088 0.01957270 0.01459761 0.02210155
2   1.0 0.01665726 0.01728439 0.01597807 0.01246006 0.00000000 0.00000000
3   2.0 0.03116441 0.03483145 0.02258678 0.02601559 0.02759250 0.01775556
          oe         te
1 0.01980011 0.01423618
2 0.00000000 0.01246006
3 0.02506198 0.03352500

[[18]]
  delta         mu       mu_1       mu_0         de       se_1       se_0
1   0.5 0.02417102 0.01884845 0.02766856 0.02003514 0.01527200 0.02307670
2   1.0 0.01736345 0.01797926 0.01678449 0.01265143 0.00000000 0.00000000
3   2.0 0.03595927 0.04028339 0.02446004 0.02791156 0.03329301 0.02050237
          oe         te
1 0.02077501 0.01449381
2 0.00000000 0.01265143
3 0.03047333 0.03946174

[[19]]
  delta         mu       mu_1       mu_0         de       se_1       se_0
1   0.5 0.02331721 0.01945719 0.02651421 0.02008155 0.01568594 0.02200426
2   1.0 0.01723018 0.01807452 0.01626041 0.01267429 0.00000000 0.00000000
3   2.0 0.03576818 0.03902861 0.02627445 0.02693417 0.03187926 0.02176344
          oe         te
1 0.01987103 0.01507158
2 0.00000000 0.01267429
3 0.02991301 0.03788637

[[20]]
  delta         mu       mu_1       mu_0         de       se_1       se_0
1   0.5 0.02434921 0.01888925 0.02860958 0.02170769 0.01484047 0.02371763
2   1.0 0.01742101 0.01802612 0.01692682 0.01311844 0.00000000 0.00000000
3   2.0 0.03081130 0.03211056 0.02480682 0.02049856 0.02404116 0.01937342
          oe         te
1 0.02063910 0.01504160
2 0.00000000 0.01311844
3 0.02378452 0.03047926

[[1]]
  delta        mu      mu_1      mu_0         de         se_1        se_0
1   0.5 0.7724345 0.6651785 0.8460929 -0.1809144  0.023091330 0.014329289
2   1.0 0.7228543 0.6420872 0.8317636 -0.1896764  0.000000000 0.000000000
3   2.0 0.6933200 0.6375104 0.8397099 -0.2021995 -0.004576793 0.007946331
           oe         te
1  0.04958024 -0.1665851
2  0.00000000 -0.1896764
3 -0.02953425 -0.1942532

[[2]]
  delta        mu      mu_1      mu_0         de         se_1         se_0
1   0.5 0.8140553 0.7142068 0.8809893 -0.1667825 -0.003851654 -0.002348551
2   1.0 0.7929646 0.7180584 0.8833378 -0.1652794  0.000000000  0.000000000
3   2.0 0.7926041 0.7488550 0.8870115 -0.1381565  0.030796554  0.003673607
             oe         te
1  0.0210906806 -0.1691311
2  0.0000000000 -0.1652794
3 -0.0003605444 -0.1344829

[[3]]
  delta        mu      mu_1      mu_0         de        se_1         se_0
1   0.5 0.8213871 0.7362175 0.8832053 -0.1469878  0.01319476 -0.015716723
2   1.0 0.7988774 0.7230227 0.8989221 -0.1758993  0.00000000  0.000000000
3   2.0 0.7561257 0.7025981 0.8970335 -0.1944355 -0.02042469 -0.001888533
           oe         te
1  0.02250974 -0.1627046
2  0.00000000 -0.1758993
3 -0.04275169 -0.1963240

[[4]]
  delta        mu      mu_1      mu_0         de         se_1        se_0
1   0.5 0.7676271 0.6440661 0.8478451 -0.2037790  0.020596703  0.03432349
2   1.0 0.7044185 0.6234694 0.8135216 -0.1900522  0.000000000  0.00000000
3   2.0 0.6672774 0.6156163 0.8071437 -0.1915274 -0.007853101 -0.00637789
           oe         te
1  0.06320861 -0.1694555
2  0.00000000 -0.1900522
3 -0.03714109 -0.1979053

[[5]]
  delta        mu      mu_1      mu_0         de         se_1         se_0
1   0.5 0.7591548 0.6805829 0.8181530 -0.1375701 4.068636e-03 -0.014194718
2   1.0 0.7404565 0.6765142 0.8323477 -0.1558335 0.000000e+00  0.000000000
3   2.0 0.7196967 0.6765680 0.8411189 -0.1645508 5.381383e-05  0.008771152
           oe         te
1  0.01869831 -0.1517649
2  0.00000000 -0.1558335
3 -0.02075974 -0.1557797

[[6]]
  delta        mu      mu_1      mu_0         de         se_1        se_0
1   0.5 0.7782173 0.6663495 0.8556790 -0.1893295 -0.002533423 0.005460674
2   1.0 0.7449669 0.6688829 0.8502183 -0.1813354  0.000000000 0.000000000
3   2.0 0.7420202 0.6880774 0.8783804 -0.1903030  0.019194538 0.028162128
            oe         te
1  0.033250413 -0.1838688
2  0.000000000 -0.1813354
3 -0.002946706 -0.1621409

[[7]]
  delta        mu      mu_1      mu_0         de       se_1        se_0
1   0.5 0.7860503 0.7100657 0.8409793 -0.1309136 0.02958957 0.003388724
2   1.0 0.7472110 0.6804761 0.8375906 -0.1571144 0.00000000 0.000000000
3   2.0 0.7708879 0.7305855 0.8647064 -0.1341209 0.05010939 0.027115845
          oe         te
1 0.03883927 -0.1275249
2 0.00000000 -0.1571144
3 0.02367689 -0.1070050

[[8]]
  delta        mu      mu_1      mu_0         de        se_1        se_0
1   0.5 0.7824339 0.6877615 0.8493557 -0.1615942  0.02462508  0.01503806
2   1.0 0.7354321 0.6631364 0.8343177 -0.1711812  0.00000000  0.00000000
3   2.0 0.6994741 0.6525078 0.8191264 -0.1666187 -0.01062869 -0.01519125
           oe         te
1  0.04700182 -0.1465561
2  0.00000000 -0.1711812
3 -0.03595798 -0.1818099

[[9]]
  delta        mu      mu_1      mu_0         de       se_1        se_0
1   0.5 0.8334157 0.7106339 0.9100876 -0.1994537 0.03411772 0.045926275
2   1.0 0.7578248 0.6765162 0.8641613 -0.1876451 0.00000000 0.000000000
3   2.0 0.7568106 0.7102244 0.8724760 -0.1622516 0.03370817 0.008314668
           oe         te
1  0.07559092 -0.1535274
2  0.00000000 -0.1876451
3 -0.00101428 -0.1539370

[[10]]
  delta        mu      mu_1      mu_0         de        se_1         se_0
1   0.5 0.7573356 0.6638777 0.8227567 -0.1588790 -0.01155713 -0.039050694
2   1.0 0.7552773 0.6754348 0.8618074 -0.1863726  0.00000000  0.000000000
3   2.0 0.7430798 0.6965952 0.8663117 -0.1697165  0.02116038  0.004504252
            oe         te
1  0.002058226 -0.1979297
2  0.000000000 -0.1863726
3 -0.012197554 -0.1652122

[[11]]
  delta        mu      mu_1      mu_0         de        se_1        se_0
1   0.5 0.7796660 0.6528517 0.8638122 -0.2109605 -0.01360142 0.022301112
2   1.0 0.7411658 0.6664532 0.8415111 -0.1750580  0.00000000 0.000000000
3   2.0 0.6915187 0.6325217 0.8499589 -0.2174372 -0.03393148 0.008447776
           oe         te
1  0.03850023 -0.1886594
2  0.00000000 -0.1750580
3 -0.04964714 -0.2089894

[[12]]
  delta        mu      mu_1      mu_0         de         se_1         se_0
1   0.5 0.7424068 0.6413291 0.8141015 -0.1727724  0.003155169  0.004117966
2   1.0 0.7101951 0.6381739 0.8099835 -0.1718096  0.000000000  0.000000000
3   2.0 0.6753219 0.6289287 0.8034359 -0.1745072 -0.009245211 -0.006547619
           oe         te
1  0.03221168 -0.1686544
2  0.00000000 -0.1718096
3 -0.03487320 -0.1810548

[[13]]
  delta        mu      mu_1      mu_0         de         se_1          se_0
1   0.5 0.7988328 0.6990379 0.8651036 -0.1660657 -0.008700743 -0.0012821528
2   1.0 0.7768469 0.7077387 0.8663858 -0.1586471  0.000000000  0.0000000000
3   2.0 0.7605980 0.7126916 0.8670303 -0.1543387  0.004952919  0.0006445815
           oe         te
1  0.02198595 -0.1673478
2  0.00000000 -0.1586471
3 -0.01624888 -0.1536942

[[14]]
  delta        mu      mu_1      mu_0         de        se_1        se_0
1   0.5 0.7659350 0.6661840 0.8316831 -0.1654992 -0.00889003 -0.01259352
2   1.0 0.7499900 0.6750740 0.8442767 -0.1692027  0.00000000  0.00000000
3   2.0 0.7482552 0.7095834 0.8427633 -0.1331798  0.03450944 -0.00151340
            oe         te
1  0.015944998 -0.1780927
2  0.000000000 -0.1692027
3 -0.001734785 -0.1346932

[[15]]
  delta        mu      mu_1      mu_0         de        se_1        se_0
1   0.5 0.8531856 0.7268893 0.9320272 -0.2051379  0.03591362  0.07019917
2   1.0 0.7640524 0.6909757 0.8618281 -0.1708523  0.00000000  0.00000000
3   2.0 0.7285299 0.6845213 0.8407045 -0.1561832 -0.00645443 -0.02112360
           oe         te
1  0.08913313 -0.1349387
2  0.00000000 -0.1708523
3 -0.03552258 -0.1773068

[[16]]
  delta        mu      mu_1      mu_0         de        se_1        se_0
1   0.5 0.8094283 0.7012813 0.8833085 -0.1820272  0.03219441  0.03352749
2   1.0 0.7462741 0.6690869 0.8497810 -0.1806941  0.00000000  0.00000000
3   2.0 0.6794276 0.6276564 0.8215410 -0.1938846 -0.04143047 -0.02823998
           oe         te
1  0.06315422 -0.1484997
2  0.00000000 -0.1806941
3 -0.06684644 -0.2221246

[[17]]
  delta        mu      mu_1      mu_0         de        se_1         se_0
1   0.5 0.8158689 0.7175689 0.8821063 -0.1645374  0.02697421  0.024416513
2   1.0 0.7617439 0.6905947 0.8576898 -0.1670951  0.00000000  0.000000000
3   2.0 0.6933286 0.6321780 0.8534231 -0.2212451 -0.05841667 -0.004266669
           oe         te
1  0.05412504 -0.1401209
2  0.00000000 -0.1670951
3 -0.06841524 -0.2255118

[[18]]
  delta        mu      mu_1      mu_0         de        se_1       se_0
1   0.5 0.8102438 0.7130249 0.8776381 -0.1646132 0.003821314 0.01601096
2   1.0 0.7740842 0.7092036 0.8616272 -0.1524235 0.000000000 0.00000000
3   2.0 0.7720649 0.7272968 0.8928138 -0.1655170 0.018093134 0.03118665
           oe         te
1  0.03615957 -0.1486022
2  0.00000000 -0.1524235
3 -0.00201931 -0.1343304

[[19]]
  delta        mu      mu_1      mu_0         de         se_1        se_0
1   0.5 0.7687779 0.6568992 0.8500173 -0.1931181 -0.002576715 0.004392571
2   1.0 0.7376718 0.6594759 0.8456248 -0.1861488  0.000000000 0.000000000
3   2.0 0.6863564 0.6234024 0.8504157 -0.2270133 -0.036073501 0.004790951
           oe         te
1  0.03110602 -0.1887255
2  0.00000000 -0.1861488
3 -0.05131544 -0.2222223

[[20]]
  delta        mu      mu_1      mu_0         de        se_1         se_0
1   0.5 0.8018075 0.6850511 0.8810611 -0.1960101  0.02663180 0.0305456679
2   1.0 0.7395255 0.6584193 0.8505155 -0.1920962  0.00000000 0.0000000000
3   2.0 0.6923309 0.6337849 0.8509742 -0.2171893 -0.02463438 0.0004587058
           oe         te
1  0.06228200 -0.1654644
2  0.00000000 -0.1920962
3 -0.04719457 -0.2167306

[[1]]
  delta         mu       mu_1       mu_0         de       se_1       se_0
1   0.5 0.02185427 0.01877886 0.02447963 0.01905183 0.01431032 0.01953284
2   1.0 0.01675541 0.01723783 0.01639143 0.01237077 0.00000000 0.00000000
3   2.0 0.03331462 0.03557648 0.02565803 0.02182613 0.02780691 0.02064415
          oe         te
1 0.01771644 0.01467264
2 0.00000000 0.01237077
3 0.02697010 0.03412253

[[2]]
  delta         mu       mu_1       mu_0         de       se_1       se_0
1   0.5 0.02428100 0.01931899 0.02770798 0.02098663 0.01557989 0.02312094
2   1.0 0.01705752 0.01810432 0.01610188 0.01259586 0.00000000 0.00000000
3   2.0 0.03851219 0.04228599 0.02736740 0.02682581 0.03451069 0.02276218
          oe         te
1 0.02080028 0.01482894
2 0.00000000 0.01259586
3 0.03219198 0.04034247

[[3]]
  delta         mu       mu_1       mu_0         de       se_1       se_0
1   0.5 0.02319911 0.02035865 0.02634294 0.02253312 0.01628346 0.02192723
2   1.0 0.01720439 0.01804963 0.01634229 0.01268884 0.00000000 0.00000000
3   2.0 0.03379302 0.03803680 0.02322688 0.02733888 0.03122705 0.01959601
          oe         te
1 0.01966507 0.01584160
2 0.00000000 0.01268884
3 0.02863637 0.03761923

[[4]]
  delta         mu       mu_1       mu_0         de       se_1       se_0
1   0.5 0.02473748 0.02108475 0.02844766 0.02464206 0.01617336 0.02428329
2   1.0 0.01688555 0.01747598 0.01626013 0.01199196 0.00000000 0.00000000
3   2.0 0.03114821 0.03382316 0.02369103 0.02223257 0.02615995 0.01854800
          oe         te
1 0.02070542 0.01646802
2 0.00000000 0.01199196
3 0.02442796 0.03142823

[[5]]
  delta         mu       mu_1       mu_0         de       se_1       se_0
1   0.5 0.02639852 0.02391608 0.03374289 0.03633025 0.02071304 0.02924040
2   1.0 0.01655917 0.01696306 0.01611213 0.01233490 0.00000000 0.00000000
3   2.0 0.03430124 0.03793076 0.02458753 0.02552473 0.03155151 0.02019464
          oe         te
1 0.02244976 0.02148315
2 0.00000000 0.01233490
3 0.02887698 0.03664391

[[6]]
  delta         mu       mu_1       mu_0         de       se_1       se_0
1   0.5 0.02662386 0.02184915 0.03047589 0.02380270 0.01777316 0.02555847
2   1.0 0.01739875 0.01806162 0.01677499 0.01310665 0.00000000 0.00000000
3   2.0 0.03467157 0.03685924 0.02808181 0.02289020 0.02940895 0.02402623
          oe         te
1 0.02302078 0.01685795
2 0.00000000 0.01310665
3 0.02900623 0.03606720

[[7]]
  delta         mu       mu_1       mu_0         de       se_1       se_0
1   0.5 0.02753271 0.03150497 0.02880197 0.03255834 0.02944398 0.02432187
2   1.0 0.01804531 0.01878364 0.01692896 0.01227271 0.00000000 0.00000000
3   2.0 0.03297173 0.03477196 0.02712930 0.02198024 0.02589772 0.02118599
          oe         te
1 0.02437518 0.02874628
2 0.00000000 0.01227271
3 0.02506571 0.03137501

[[8]]
  delta         mu       mu_1       mu_0         de       se_1       se_0
1   0.5 0.02123948 0.01805610 0.02387462 0.01879510 0.01487761 0.02057822
2   1.0 0.01776687 0.01855943 0.01659423 0.01234484 0.00000000 0.00000000
3   2.0 0.03359473 0.03609751 0.02629402 0.02324512 0.02784184 0.01998743
          oe         te
1 0.01849416 0.01410776
2 0.00000000 0.01234484
3 0.02641359 0.03383676

[[9]]
  delta         mu       mu_1       mu_0         de       se_1       se_0
1   0.5 0.02544404 0.02176616 0.02831496 0.02109006 0.01703966 0.02273888
2   1.0 0.01758334 0.01807602 0.01706022 0.01247807 0.00000000 0.00000000
3   2.0 0.03748782 0.04133022 0.02900340 0.02967522 0.03524974 0.02545971
          oe         te
1 0.02091904 0.01621793
2 0.00000000 0.01247807
3 0.03275835 0.04080778

[[10]]
  delta         mu       mu_1       mu_0         de       se_1       se_0
1   0.5 0.02223825 0.01878525 0.02549527 0.02011554 0.01428612 0.02093335
2   1.0 0.01643008 0.01673578 0.01632585 0.01228899 0.00000000 0.00000000
3   2.0 0.03497318 0.03906634 0.02407170 0.02636807 0.03290084 0.02053781
          oe         te
1 0.01843925 0.01460886
2 0.00000000 0.01228899
3 0.03012734 0.03865151

[[11]]
  delta         mu       mu_1       mu_0         de       se_1       se_0
1   0.5 0.02174693 0.02118131 0.02541979 0.02609978 0.01848772 0.02228405
2   1.0 0.01781642 0.01799107 0.01714216 0.01214746 0.00000000 0.00000000
3   2.0 0.03532796 0.03869303 0.02504169 0.02689697 0.03327371 0.01924249
          oe         te
1 0.01902717 0.01863205
2 0.00000000 0.01214746
3 0.03041736 0.03810076

[[12]]
  delta         mu       mu_1       mu_0         de       se_1       se_0
1   0.5 0.02229433 0.01880581 0.02540309 0.02017044 0.01472045 0.02115338
2   1.0 0.01775934 0.01833265 0.01735882 0.01301533 0.00000000 0.00000000
3   2.0 0.03142279 0.03527249 0.02483272 0.02997193 0.02944287 0.01906082
          oe         te
1 0.01922419 0.01480801
2 0.00000000 0.01301533
3 0.02605243 0.03459271

[[13]]
  delta         mu       mu_1       mu_0         de       se_1       se_0
1   0.5 0.02535558 0.01906888 0.02959051 0.02316476 0.01633521 0.02523979
2   1.0 0.01777604 0.01854946 0.01742651 0.01352735 0.00000000 0.00000000
3   2.0 0.03592711 0.03986946 0.02502313 0.02834232 0.03280142 0.01967047
          oe         te
1 0.02257276 0.01550804
2 0.00000000 0.01352735
3 0.03010857 0.03931600

[[14]]
  delta         mu       mu_1       mu_0         de       se_1       se_0
1   0.5 0.02546691 0.02069012 0.02862483 0.02171061 0.01607580 0.02312531
2   1.0 0.01694065 0.01724965 0.01655377 0.01193675 0.00000000 0.00000000
3   2.0 0.02938821 0.03161189 0.02400081 0.02185061 0.02444937 0.01881856
          oe         te
1 0.02118810 0.01573750
2 0.00000000 0.01193675
3 0.02308288 0.02982915

[[15]]
  delta         mu       mu_1       mu_0         de       se_1       se_0
1   0.5 0.02431337 0.02048787 0.02851766 0.02476869 0.01515307 0.02326568
2   1.0 0.01869155 0.01921559 0.01767673 0.01271742 0.00000000 0.00000000
3   2.0 0.03233832 0.03491506 0.02483878 0.02376837 0.02597642 0.01775754
          oe         te
1 0.01920061 0.01585788
2 0.00000000 0.01271742
3 0.02429285 0.03205963

[[16]]
  delta         mu       mu_1       mu_0         de       se_1       se_0
1   0.5 0.02684537 0.02188294 0.02987209 0.02017980 0.01811501 0.02514383
2   1.0 0.01611067 0.01674414 0.01575927 0.01245051 0.00000000 0.00000000
3   2.0 0.03032960 0.03306652 0.02413357 0.02433499 0.02668910 0.02010806
          oe         te
1 0.02314953 0.01742589
2 0.00000000 0.01245051
3 0.02495763 0.03219564

[[17]]
  delta         mu       mu_1       mu_0         de       se_1       se_0
1   0.5 0.02313745 0.01869454 0.02605046 0.01953338 0.01462012 0.02217827
2   1.0 0.01664389 0.01727272 0.01595867 0.01244814 0.00000000 0.00000000
3   2.0 0.03178906 0.03574481 0.02279769 0.02683452 0.02859226 0.01793494
         oe         te
1 0.0198847 0.01422792
2 0.0000000 0.01244814
3 0.0257235 0.03440662

[[18]]
  delta         mu       mu_1       mu_0         de       se_1       se_0
1   0.5 0.02394854 0.01867475 0.02744207 0.01994976 0.01523943 0.02288703
2   1.0 0.01729820 0.01795874 0.01666377 0.01268553 0.00000000 0.00000000
3   2.0 0.03591931 0.04005759 0.02471329 0.02741668 0.03289671 0.02061368
          oe         te
1 0.02067197 0.01439178
2 0.00000000 0.01268553
3 0.03025839 0.03915185

[[19]]
  delta         mu       mu_1       mu_0         de       se_1      se_0
1   0.5 0.02330984 0.01950110 0.02655527 0.02019892 0.01570418 0.0220788
2   1.0 0.01728256 0.01818113 0.01627552 0.01273990 0.00000000 0.0000000
3   2.0 0.03642259 0.03982206 0.02630347 0.02737529 0.03272677 0.0218787
          oe         te
1 0.01990908 0.01508625
2 0.00000000 0.01273990
3 0.03065034 0.03877003

[[20]]
  delta         mu       mu_1       mu_0         de       se_1       se_0
1   0.5 0.02450503 0.01883209 0.02882955 0.02179795 0.01488308 0.02396612
2   1.0 0.01732143 0.01799116 0.01680200 0.01312503 0.00000000 0.00000000
3   2.0 0.03090552 0.03231617 0.02469160 0.02087553 0.02438944 0.01929026
          oe         te
1 0.02086660 0.01503363
2 0.00000000 0.01312503
3 0.02401489 0.03079171

[1] "Total run time was 3055.899 seconds"
