Warning message:
package ‘SuperLearner’ was built under R version 4.1.3 
[1] "[Simulation setting]"
[1] "n: 500"
[1] "deltas: 0.5, 1, 2"
[1] "K: 2"
[1] "r: 100"
[1] "s: 1"
[1] "Sim.id 1"
[1] "Data generated and format changed"
[1] "   Split: 1"
Loading required namespace: nnet
Loading required namespace: ranger
[1] "   Split: 2"
[1] "Estimates and SE estimates computed"
[1] ""
[1] "Sim.id 2"
[1] "Data generated and format changed"
[1] "   Split: 1"
[1] "   Split: 2"
[1] "Estimates and SE estimates computed"
[1] ""
[1] "Sim.id 3"
[1] "Data generated and format changed"
[1] "   Split: 1"
[1] "   Split: 2"
[1] "Estimates and SE estimates computed"
[1] ""
[1] "Sim.id 4"
[1] "Data generated and format changed"
[1] "   Split: 1"
[1] "   Split: 2"
[1] "Estimates and SE estimates computed"
[1] ""
[1] "Sim.id 5"
[1] "Data generated and format changed"
[1] "   Split: 1"
[1] "   Split: 2"
[1] "Estimates and SE estimates computed"
[1] ""
[1] "Sim.id 6"
[1] "Data generated and format changed"
[1] "   Split: 1"
[1] "   Split: 2"
[1] "Estimates and SE estimates computed"
[1] ""
[1] "Sim.id 7"
[1] "Data generated and format changed"
[1] "   Split: 1"
[1] "   Split: 2"
[1] "Estimates and SE estimates computed"
[1] ""
[1] "Sim.id 8"
[1] "Data generated and format changed"
[1] "   Split: 1"
[1] "   Split: 2"
[1] "Estimates and SE estimates computed"
[1] ""
[1] "Sim.id 9"
[1] "Data generated and format changed"
[1] "   Split: 1"
[1] "   Split: 2"
[1] "Estimates and SE estimates computed"
[1] ""
[1] "Sim.id 10"
[1] "Data generated and format changed"
[1] "   Split: 1"
[1] "   Split: 2"
[1] "Estimates and SE estimates computed"
[1] ""
[1] "Sim.id 11"
[1] "Data generated and format changed"
[1] "   Split: 1"
[1] "   Split: 2"
[1] "Estimates and SE estimates computed"
[1] ""
[1] "Sim.id 12"
[1] "Data generated and format changed"
[1] "   Split: 1"
[1] "   Split: 2"
[1] "Estimates and SE estimates computed"
[1] ""
[1] "Sim.id 13"
[1] "Data generated and format changed"
[1] "   Split: 1"
[1] "   Split: 2"
[1] "Estimates and SE estimates computed"
[1] ""
[1] "Sim.id 14"
[1] "Data generated and format changed"
[1] "   Split: 1"
[1] "   Split: 2"
[1] "Estimates and SE estimates computed"
[1] ""
[1] "Sim.id 15"
[1] "Data generated and format changed"
[1] "   Split: 1"
[1] "   Split: 2"
[1] "Estimates and SE estimates computed"
[1] ""
[1] "Sim.id 16"
[1] "Data generated and format changed"
[1] "   Split: 1"
[1] "   Split: 2"
[1] "Estimates and SE estimates computed"
[1] ""
[1] "Sim.id 17"
[1] "Data generated and format changed"
[1] "   Split: 1"
[1] "   Split: 2"
[1] "Estimates and SE estimates computed"
[1] ""
[1] "Sim.id 18"
[1] "Data generated and format changed"
[1] "   Split: 1"
[1] "   Split: 2"
[1] "Estimates and SE estimates computed"
[1] ""
[1] "Sim.id 19"
[1] "Data generated and format changed"
[1] "   Split: 1"
[1] "   Split: 2"
[1] "Estimates and SE estimates computed"
[1] ""
[1] "Sim.id 20"
[1] "Data generated and format changed"
[1] "   Split: 1"
[1] "   Split: 2"
[1] "Estimates and SE estimates computed"
[1] ""
[[1]]
  delta        mu      mu_1      mu_0         de        se_1        se_0
1   0.5 0.8231857 0.6884106 0.9082313 -0.2198207  0.02442315  0.06471044
2   1.0 0.7405270 0.6639875 0.8435209 -0.1795334  0.00000000  0.00000000
3   2.0 0.6857181 0.6331520 0.8253870 -0.1922350 -0.03083547 -0.01813388
           oe         te
1  0.08265870 -0.1551103
2  0.00000000 -0.1795334
3 -0.05480891 -0.2103689

[[2]]
  delta        mu      mu_1      mu_0         de        se_1        se_0
1   0.5 0.7764756 0.7035182 0.8337454 -0.1302272 0.004984411 -0.02300680
2   1.0 0.7633123 0.6985338 0.8567522 -0.1582184 0.000000000  0.00000000
3   2.0 0.7415656 0.7058972 0.8451706 -0.1392734 0.007363415 -0.01158157
          oe         te
1  0.0131633 -0.1532340
2  0.0000000 -0.1582184
3 -0.0217467 -0.1508550

[[3]]
  delta        mu      mu_1      mu_0         de        se_1         se_0
1   0.5 0.7850766 0.6945904 0.8529648 -0.1583744  0.01010160 -0.002296139
2   1.0 0.7560288 0.6844888 0.8552609 -0.1707722  0.00000000  0.000000000
3   2.0 0.6951677 0.6432454 0.8372919 -0.1940465 -0.04124342 -0.017969046
           oe         te
1  0.02904777 -0.1606705
2  0.00000000 -0.1707722
3 -0.06086108 -0.2120156

[[4]]
  delta        mu      mu_1      mu_0         de        se_1         se_0
1   0.5 0.7770855 0.6727782 0.8477262 -0.1749481  0.03169357 -0.005107463
2   1.0 0.7321491 0.6410846 0.8528337 -0.2117491  0.00000000  0.000000000
3   2.0 0.6118213 0.5511203 0.7837689 -0.2326486 -0.08996429 -0.069064778
          oe         te
1  0.0449364 -0.1800555
2  0.0000000 -0.2117491
3 -0.1203278 -0.3017134

[[5]]
  delta        mu      mu_1      mu_0         de        se_1       se_0
1   0.5 0.8117169 0.6925444 0.8866480 -0.1941036  0.02469233 0.02195042
2   1.0 0.7552898 0.6678521 0.8646976 -0.1968455  0.00000000 0.00000000
3   2.0 0.6866911 0.6151984 0.8660456 -0.2508472 -0.05265369 0.00134802
           oe         te
1  0.05642706 -0.1721532
2  0.00000000 -0.1968455
3 -0.06859876 -0.2494992

[[6]]
  delta        mu      mu_1      mu_0         de       se_1         se_0
1   0.5 0.7972005 0.7094380 0.8602723 -0.1508343 0.01698676 -0.013814624
2   1.0 0.7703353 0.6924512 0.8740870 -0.1816357 0.00000000  0.000000000
3   2.0 0.7619822 0.7225219 0.8666795 -0.1441576 0.03007062 -0.007407475
            oe         te
1  0.026865208 -0.1646489
2  0.000000000 -0.1816357
3 -0.008353151 -0.1515651

[[7]]
  delta        mu      mu_1      mu_0         de        se_1        se_0
1   0.5 0.8293531 0.7118466 0.9048479 -0.1930013  0.04901149  0.03982594
2   1.0 0.7499988 0.6628351 0.8650219 -0.2021868  0.00000000  0.00000000
3   2.0 0.6572098 0.5903016 0.8390808 -0.2487792 -0.07253356 -0.02594115
           oe         te
1  0.07935435 -0.1531753
2  0.00000000 -0.2021868
3 -0.09278894 -0.2747204

[[8]]
  delta        mu      mu_1      mu_0         de        se_1        se_0
1   0.5 0.8008618 0.6894212 0.8766482 -0.1872270  0.01258663  0.01345436
2   1.0 0.7582410 0.6768346 0.8631939 -0.1863593  0.00000000  0.00000000
3   2.0 0.7028824 0.6434569 0.8495529 -0.2060960 -0.03337769 -0.01364096
           oe         te
1  0.04262076 -0.1737727
2  0.00000000 -0.1863593
3 -0.05535862 -0.2197370

[[9]]
  delta        mu      mu_1      mu_0         de        se_1        se_0
1   0.5 0.8067172 0.7082599 0.8756941 -0.1674342 -0.01751937 -0.01418890
2   1.0 0.7971412 0.7257793 0.8898830 -0.1641037  0.00000000  0.00000000
3   2.0 0.7949562 0.7417992 0.9161314 -0.1743322  0.01601991  0.02624839
            oe         te
1  0.009575968 -0.1816231
2  0.000000000 -0.1641037
3 -0.002184977 -0.1480838

[[10]]
  delta        mu      mu_1      mu_0         de         se_1        se_0
1   0.5 0.7205353 0.6235464 0.7942664 -0.1707200 0.0001557052 -0.02228104
2   1.0 0.7028313 0.6233907 0.8165475 -0.1931568 0.0000000000  0.00000000
3   2.0 0.6879902 0.6433836 0.8088835 -0.1654999 0.0199929304 -0.00766393
           oe         te
1  0.01770396 -0.1930011
2  0.00000000 -0.1931568
3 -0.01484116 -0.1731638

[[11]]
  delta        mu      mu_1      mu_0         de         se_1        se_0
1   0.5 0.7710247 0.6703581 0.8409365 -0.1705784  0.000723713 -0.02356370
2   1.0 0.7555810 0.6696344 0.8645002 -0.1948658  0.000000000  0.00000000
3   2.0 0.6884554 0.6228944 0.8444196 -0.2215252 -0.046740043 -0.02008064
           oe         te
1  0.01544375 -0.1941421
2  0.00000000 -0.1948658
3 -0.06712558 -0.2416058

[[12]]
  delta        mu      mu_1      mu_0         de       se_1       se_0
1   0.5 0.8248761 0.7064046 0.9033397 -0.1969350 0.01733338 0.02460837
2   1.0 0.7716891 0.6890713 0.8787313 -0.1896600 0.00000000 0.00000000
3   2.0 0.7618793 0.7079062 0.8936074 -0.1857012 0.01883493 0.01487607
            oe         te
1  0.053187040 -0.1723267
2  0.000000000 -0.1896600
3 -0.009809739 -0.1708251

[[13]]
  delta        mu      mu_1      mu_0         de       se_1         se_0
1   0.5 0.8403300 0.7206781 0.9177091 -0.1970310 0.01810334  0.028396572
2   1.0 0.7867808 0.7025748 0.8893125 -0.1867377 0.00000000  0.000000000
3   2.0 0.7687117 0.7155939 0.8845524 -0.1689585 0.01301913 -0.004760096
           oe         te
1  0.05354919 -0.1686344
2  0.00000000 -0.1867377
3 -0.01806907 -0.1737186

[[14]]
  delta        mu      mu_1      mu_0         de        se_1        se_0
1   0.5 0.7952330 0.7013386 0.8651062 -0.1637677 0.024474515  0.02037739
2   1.0 0.7460468 0.6768641 0.8447288 -0.1678648 0.000000000  0.00000000
3   2.0 0.7224960 0.6857504 0.8217593 -0.1360089 0.008886379 -0.02296956
           oe         te
1  0.04918624 -0.1433903
2  0.00000000 -0.1678648
3 -0.02355080 -0.1589784

[[15]]
  delta        mu      mu_1      mu_0         de         se_1         se_0
1   0.5 0.7287231 0.6426699 0.7946550 -0.1519851 -0.006652925 -0.034489248
2   1.0 0.7247798 0.6493229 0.8291443 -0.1798214  0.000000000  0.000000000
3   2.0 0.6546216 0.5927351 0.8241937 -0.2314586 -0.056587777 -0.004950586
            oe         te
1  0.003943347 -0.1864743
2  0.000000000 -0.1798214
3 -0.070158186 -0.2364092

[[16]]
  delta        mu      mu_1      mu_0         de       se_1         se_0
1   0.5 0.7993484 0.7044487 0.8617885 -0.1573399 0.03502625  0.022654187
2   1.0 0.7419978 0.6694224 0.8391343 -0.1697119 0.00000000  0.000000000
3   2.0 0.7262501 0.6828967 0.8370267 -0.1541300 0.01347433 -0.002107637
           oe         te
1  0.05735059 -0.1346857
2  0.00000000 -0.1697119
3 -0.01574768 -0.1562376

[[17]]
  delta        mu      mu_1      mu_0         de         se_1         se_0
1   0.5 0.7727966 0.6785017 0.8422566 -0.1637549 0.0271630549  0.012966190
2   1.0 0.7266875 0.6513387 0.8292904 -0.1779518 0.0000000000  0.000000000
3   2.0 0.6994764 0.6518523 0.8216916 -0.1698393 0.0005136264 -0.007598873
           oe         te
1  0.04610911 -0.1507887
2  0.00000000 -0.1779518
3 -0.02721115 -0.1774382

[[18]]
  delta        mu      mu_1      mu_0         de        se_1         se_0
1   0.5 0.7894340 0.6982553 0.8480882 -0.1498329  0.01636839 -0.008555165
2   1.0 0.7574078 0.6818869 0.8566434 -0.1747565  0.00000000  0.000000000
3   2.0 0.7207695 0.6649258 0.8643552 -0.1994294 -0.01696112  0.007711829
           oe         te
1  0.03202618 -0.1583881
2  0.00000000 -0.1747565
3 -0.03663826 -0.1917176

[[19]]
  delta        mu      mu_1      mu_0         de          se_1         se_0
1   0.5 0.7848259 0.6859379 0.8552273 -0.1692895  0.0210214663  0.017986919
2   1.0 0.7358127 0.6649164 0.8372404 -0.1723240  0.0000000000  0.000000000
3   2.0 0.7077284 0.6647742 0.8299353 -0.1651611 -0.0001421917 -0.007305114
           oe         te
1  0.04901317 -0.1513026
2  0.00000000 -0.1723240
3 -0.02808432 -0.1724662

[[20]]
  delta        mu      mu_1      mu_0         de         se_1        se_0
1   0.5 0.7654864 0.6367294 0.8480781 -0.2113487 -0.008364433 0.009995189
2   1.0 0.7288890 0.6450939 0.8380829 -0.1929891  0.000000000 0.000000000
3   2.0 0.7245638 0.6687929 0.8589343 -0.1901415  0.023698977 0.020851405
            oe         te
1  0.036597352 -0.2013535
2  0.000000000 -0.1929891
3 -0.004325215 -0.1692901

[[1]]
  delta         mu       mu_1       mu_0         de       se_1       se_0
1   0.5 0.02207690 0.01973911 0.02591317 0.02410373 0.01536622 0.02214770
2   1.0 0.01713524 0.01752041 0.01672021 0.01219384 0.00000000 0.00000000
3   2.0 0.03221615 0.03513044 0.02417528 0.02375667 0.02920453 0.01995323
          oe         te
1 0.01870548 0.01580939
2 0.00000000 0.01219384
3 0.02743916 0.03494805

[[2]]
  delta         mu       mu_1       mu_0         de       se_1       se_0
1   0.5 0.02633863 0.02076403 0.03082781 0.02522390 0.01689658 0.02684673
2   1.0 0.01683452 0.01735262 0.01634236 0.01249522 0.00000000 0.00000000
3   2.0 0.03093624 0.03392441 0.02430212 0.02580838 0.02795200 0.01974109
          oe         te
1 0.02344315 0.01607727
2 0.00000000 0.01249522
3 0.02585158 0.03366046

[[3]]
  delta         mu       mu_1       mu_0         de       se_1       se_0
1   0.5 0.02533423 0.02025208 0.02926277 0.02276779 0.01536072 0.02475481
2   1.0 0.01858805 0.01908938 0.01774416 0.01218633 0.00000000 0.00000000
3   2.0 0.03305795 0.03651872 0.02459110 0.02425637 0.03047928 0.02031290
          oe         te
1 0.02137414 0.01474814
2 0.00000000 0.01218633
3 0.02819622 0.03608824

[[4]]
  delta         mu       mu_1       mu_0         de       se_1       se_0
1   0.5 0.02731195 0.02163230 0.03201771 0.02749195 0.01846325 0.02770082
2   1.0 0.01719317 0.01709046 0.01688726 0.01218707 0.00000000 0.00000000
3   2.0 0.03328923 0.03631772 0.02510570 0.02604779 0.03060195 0.02039537
          oe         te
1 0.02411454 0.01810981
2 0.00000000 0.01218707
3 0.02825565 0.03601929

[[5]]
  delta         mu       mu_1       mu_0         de       se_1       se_0
1   0.5 0.02268456 0.02133571 0.02478593 0.02086927 0.01707018 0.02086821
2   1.0 0.01812002 0.01895004 0.01708632 0.01237794 0.00000000 0.00000000
3   2.0 0.03093814 0.03448868 0.02255217 0.02638005 0.02790301 0.01884844
          oe         te
1 0.01932634 0.01701999
2 0.00000000 0.01237794
3 0.02568264 0.03371826

[[6]]
  delta         mu       mu_1       mu_0         de       se_1       se_0
1   0.5 0.02396860 0.01917901 0.02772394 0.02202334 0.01517426 0.02317185
2   1.0 0.01774709 0.01810473 0.01724522 0.01231126 0.00000000 0.00000000
3   2.0 0.03368397 0.03737571 0.02423261 0.02517633 0.02988395 0.01936903
          oe         te
1 0.02006915 0.01480597
2 0.00000000 0.01231126
3 0.02762958 0.03594221

[[7]]
  delta         mu       mu_1       mu_0         de       se_1       se_0
1   0.5 0.02664810 0.02378392 0.02833335 0.02069784 0.01781442 0.02226875
2   1.0 0.01795102 0.01799390 0.01742833 0.01241727 0.00000000 0.00000000
3   2.0 0.02882582 0.03063789 0.02417878 0.02198214 0.02378841 0.01924189
          oe         te
1 0.02072315 0.01844892
2 0.00000000 0.01241727
3 0.02315130 0.02997842

[[8]]
  delta         mu       mu_1       mu_0         de       se_1       se_0
1   0.5 0.02230471 0.01993880 0.02529351 0.02214847 0.01542216 0.02169380
2   1.0 0.01814989 0.01858296 0.01744773 0.01250470 0.00000000 0.00000000
3   2.0 0.02984463 0.03342141 0.02293590 0.02556711 0.02647353 0.01720024
          oe         te
1 0.01896221 0.01647202
2 0.00000000 0.01250470
3 0.02378341 0.03221818

[[9]]
  delta         mu       mu_1       mu_0         de       se_1       se_0
1   0.5 0.02606225 0.02187285 0.02989539 0.02482326 0.01773482 0.02495449
2   1.0 0.01819837 0.01855768 0.01790363 0.01288709 0.00000000 0.00000000
3   2.0 0.03409085 0.03706357 0.02627465 0.02416380 0.02941937 0.02092849
          oe         te
1 0.02217044 0.01728667
2 0.00000000 0.01288709
3 0.02770575 0.03539007

[[10]]
  delta         mu       mu_1       mu_0         de       se_1       se_0
1   0.5 0.02381978 0.02030832 0.02776674 0.02338915 0.01571170 0.02340842
2   1.0 0.01674001 0.01719202 0.01631408 0.01224576 0.00000000 0.00000000
3   2.0 0.03250536 0.03477284 0.02481998 0.02309756 0.02712426 0.01994580
          oe         te
1 0.02048279 0.01633083
2 0.00000000 0.01224576
3 0.02620822 0.03318279

[[11]]
  delta         mu       mu_1       mu_0         de       se_1       se_0
1   0.5 0.02396345 0.01894902 0.02794076 0.02224929 0.01551661 0.02377417
2   1.0 0.01615325 0.01690973 0.01552759 0.01284436 0.00000000 0.00000000
3   2.0 0.02954981 0.03355393 0.02146574 0.02668165 0.02719778 0.01768619
          oe         te
1 0.02113617 0.01575515
2 0.00000000 0.01284436
3 0.02424093 0.03319589

[[12]]
  delta         mu       mu_1      mu_0         de       se_1       se_0
1   0.5 0.02695057 0.01986233 0.0312227 0.02418581 0.01620444 0.02689936
2   1.0 0.01748046 0.01816608 0.0169891 0.01370804 0.00000000 0.00000000
3   2.0 0.03839502 0.04256352 0.0291084 0.03114466 0.03519521 0.02601344
          oe         te
1 0.02357131 0.01615688
2 0.00000000 0.01370804
3 0.03322289 0.04256519

[[13]]
  delta         mu       mu_1       mu_0         de       se_1       se_0
1   0.5 0.02591015 0.02024048 0.02890854 0.01929627 0.01492016 0.02301929
2   1.0 0.01835224 0.01846845 0.01796266 0.01251652 0.00000000 0.00000000
3   2.0 0.03211119 0.03460261 0.02472138 0.02259333 0.02540936 0.01879829
          oe         te
1 0.02072241 0.01468776
2 0.00000000 0.01251652
3 0.02449442 0.03225828

[[14]]
  delta         mu       mu_1       mu_0         de       se_1       se_0
1   0.5 0.02513249 0.02880421 0.02679307 0.02972544 0.02569823 0.02303933
2   1.0 0.01787219 0.01884698 0.01678649 0.01254794 0.00000000 0.00000000
3   2.0 0.03359505 0.03585120 0.02623481 0.02314703 0.02698935 0.02060734
          oe         te
1 0.02224138 0.02581329
2 0.00000000 0.01254794
3 0.02617891 0.03371770

[[15]]
  delta         mu       mu_1       mu_0         de       se_1       se_0
1   0.5 0.02405171 0.02018872 0.02702908 0.02087425 0.01682656 0.02270171
2   1.0 0.01673334 0.01735970 0.01651720 0.01301205 0.00000000 0.00000000
3   2.0 0.03540338 0.04107542 0.02226016 0.03283530 0.03588109 0.01815445
          oe         te
1 0.02095091 0.01668969
2 0.00000000 0.01301205
3 0.03096459 0.04075192

[[16]]
  delta         mu       mu_1       mu_0         de       se_1       se_0
1   0.5 0.02397002 0.01938400 0.02672543 0.01873142 0.01525253 0.02183624
2   1.0 0.01844222 0.01900941 0.01718953 0.01218713 0.00000000 0.00000000
3   2.0 0.03581658 0.03904238 0.02551404 0.02348829 0.03026482 0.01983227
          oe         te
1 0.01995820 0.01440379
2 0.00000000 0.01218713
3 0.02848702 0.03673772

[[17]]
  delta         mu       mu_1       mu_0         de       se_1       se_0
1   0.5 0.02552578 0.02021340 0.03028195 0.02545173 0.01576456 0.02653842
2   1.0 0.01777132 0.01828600 0.01699109 0.01250345 0.00000000 0.00000000
3   2.0 0.03000048 0.03213636 0.02317043 0.02013157 0.02427182 0.01872599
          oe         te
1 0.02206237 0.01709846
2 0.00000000 0.01250345
3 0.02374473 0.03062632

[[18]]
  delta         mu       mu_1       mu_0         de       se_1       se_0
1   0.5 0.02755116 0.02008653 0.03396516 0.02911558 0.01601496 0.02957866
2   1.0 0.01750687 0.01827888 0.01694192 0.01276239 0.00000000 0.00000000
3   2.0 0.03015461 0.03234851 0.02426407 0.02226540 0.02372187 0.01881844
          oe         te
1 0.02415146 0.01585360
2 0.00000000 0.01276239
3 0.02293050 0.03031794

[[19]]
  delta         mu       mu_1       mu_0         de      se_1       se_0
1   0.5 0.02579011 0.02064571 0.03038119 0.02573611 0.0167460 0.02384178
2   1.0 0.01863725 0.01903996 0.01797495 0.01260636 0.0000000 0.00000000
3   2.0 0.03374981 0.03670338 0.02710511 0.02550811 0.0280235 0.02098108
          oe         te
1 0.02065526 0.01706766
2 0.00000000 0.01260636
3 0.02615894 0.03400835

[[20]]
  delta         mu       mu_1       mu_0         de       se_1       se_0
1   0.5 0.02470195 0.01983143 0.02995563 0.02668944 0.01550232 0.02704226
2   1.0 0.01648492 0.01722529 0.01598010 0.01236874 0.00000000 0.00000000
3   2.0 0.03066096 0.03304444 0.02485121 0.02265727 0.02469336 0.02008070
          oe         te
1 0.02234680 0.01550406
2 0.00000000 0.01236874
3 0.02370816 0.03113136

[[1]]
  delta        mu      mu_1      mu_0         de        se_1        se_0
1   0.5 0.8216173 0.6887400 0.9052237 -0.2164837  0.02462615  0.06199580
2   1.0 0.7404719 0.6641138 0.8432279 -0.1791140  0.00000000  0.00000000
3   2.0 0.6858805 0.6333559 0.8256702 -0.1923144 -0.03075798 -0.01755765
           oe         te
1  0.08114538 -0.1544879
2  0.00000000 -0.1791140
3 -0.05459138 -0.2098720

[[2]]
  delta        mu      mu_1      mu_0         de        se_1        se_0
1   0.5 0.7763966 0.7036691 0.8336211 -0.1299521 0.005132318 -0.02306757
2   1.0 0.7632511 0.6985367 0.8566887 -0.1581520 0.000000000  0.00000000
3   2.0 0.7408234 0.7051238 0.8448706 -0.1397468 0.006587056 -0.01181812
           oe         te
1  0.01314552 -0.1530197
2  0.00000000 -0.1581520
3 -0.02242768 -0.1515649

[[3]]
  delta        mu      mu_1      mu_0         de        se_1        se_0
1   0.5 0.7896508 0.6968488 0.8582964 -0.1614476  0.01229297  0.00228795
2   1.0 0.7564669 0.6845558 0.8560084 -0.1714526  0.00000000  0.00000000
3   2.0 0.6961590 0.6442950 0.8379124 -0.1936174 -0.04026086 -0.01809605
           oe         te
1  0.03318395 -0.1591596
2  0.00000000 -0.1714526
3 -0.06030787 -0.2117134

[[4]]
  delta        mu      mu_1      mu_0         de        se_1         se_0
1   0.5 0.7774590 0.6731954 0.8469741 -0.1737786  0.03071154 -0.008191875
2   1.0 0.7344367 0.6424839 0.8551659 -0.2126821  0.00000000  0.000000000
3   2.0 0.6096544 0.5477616 0.7844902 -0.2367286 -0.09472225 -0.070675737
          oe         te
1  0.0430223 -0.1819705
2  0.0000000 -0.2126821
3 -0.1247823 -0.3074043

[[5]]
  delta        mu      mu_1      mu_0         de        se_1         se_0
1   0.5 0.8138897 0.6933072 0.8894462 -0.1961390  0.02513006 0.0229165821
2   1.0 0.7563177 0.6681772 0.8665296 -0.1983525  0.00000000 0.0000000000
3   2.0 0.6857776 0.6135332 0.8672079 -0.2536748 -0.05464398 0.0006782936
           oe         te
1  0.05757202 -0.1732224
2  0.00000000 -0.1983525
3 -0.07054015 -0.2529965

[[6]]
  delta        mu      mu_1      mu_0         de       se_1         se_0
1   0.5 0.7965670 0.7083384 0.8605875 -0.1522490 0.01647167 -0.012523205
2   1.0 0.7694723 0.6918667 0.8731107 -0.1812439 0.00000000  0.000000000
3   2.0 0.7611748 0.7219871 0.8655801 -0.1435930 0.03012035 -0.007530586
            oe         te
1  0.027094761 -0.1647723
2  0.000000000 -0.1812439
3 -0.008297502 -0.1511236

[[7]]
  delta        mu      mu_1      mu_0         de        se_1        se_0
1   0.5 0.8290390 0.7114028 0.9046945 -0.1932918  0.04911566  0.04014309
2   1.0 0.7493571 0.6622871 0.8645515 -0.2022644  0.00000000  0.00000000
3   2.0 0.6562243 0.5895264 0.8386813 -0.2491549 -0.07276066 -0.02587013
           oe         te
1  0.07968192 -0.1531487
2  0.00000000 -0.2022644
3 -0.09313279 -0.2750250

[[8]]
  delta        mu      mu_1      mu_0         de        se_1        se_0
1   0.5 0.8014610 0.6896160 0.8771902 -0.1875741  0.01189914  0.01318311
2   1.0 0.7596092 0.6777169 0.8640070 -0.1862901  0.00000000  0.00000000
3   2.0 0.7038217 0.6443290 0.8495991 -0.2052702 -0.03338792 -0.01440790
           oe         te
1  0.04185179 -0.1743910
2  0.00000000 -0.1862901
3 -0.05578752 -0.2196781

[[9]]
  delta        mu      mu_1      mu_0         de        se_1        se_0
1   0.5 0.8071183 0.7083689 0.8761279 -0.1677590 -0.01745502 -0.01358927
2   1.0 0.7970732 0.7258240 0.8897172 -0.1638932  0.00000000  0.00000000
3   2.0 0.7958000 0.7428000 0.9160961 -0.1732962  0.01697600  0.02637894
            oe         te
1  0.010045109 -0.1813482
2  0.000000000 -0.1638932
3 -0.001273164 -0.1469172

[[10]]
  delta        mu      mu_1      mu_0         de         se_1        se_0
1   0.5 0.7222257 0.6251430 0.7959588 -0.1708158 0.0009879529 -0.02166909
2   1.0 0.7037846 0.6241551 0.8176279 -0.1934729 0.0000000000  0.00000000
3   2.0 0.6872011 0.6420191 0.8092963 -0.1672772 0.0178640369 -0.00833160
           oe         te
1  0.01844102 -0.1924849
2  0.00000000 -0.1934729
3 -0.01658355 -0.1756088

[[11]]
  delta        mu      mu_1      mu_0         de          se_1        se_0
1   0.5 0.7663732 0.6665031 0.8363928 -0.1698897 -0.0006982081 -0.02575828
2   1.0 0.7528922 0.6672013 0.8621511 -0.1949498  0.0000000000  0.00000000
3   2.0 0.6815178 0.6151095 0.8419778 -0.2268684 -0.0520918157 -0.02017327
           oe         te
1  0.01348097 -0.1956480
2  0.00000000 -0.1949498
3 -0.07137438 -0.2470416

[[12]]
  delta        mu      mu_1      mu_0         de       se_1      se_0
1   0.5 0.8230215 0.7036481 0.9017282 -0.1980801 0.01480530 0.0243386
2   1.0 0.7709989 0.6888428 0.8773896 -0.1885468 0.00000000 0.0000000
3   2.0 0.7626419 0.7076205 0.8971154 -0.1894950 0.01877766 0.0197258
           oe         te
1  0.05202264 -0.1737415
2  0.00000000 -0.1885468
3 -0.00835695 -0.1697692

[[13]]
  delta        mu      mu_1      mu_0         de       se_1         se_0
1   0.5 0.8415195 0.7210680 0.9190857 -0.1980177 0.01831311  0.030065046
2   1.0 0.7866798 0.7027549 0.8890206 -0.1862658 0.00000000  0.000000000
3   2.0 0.7692608 0.7161583 0.8850546 -0.1688962 0.01340346 -0.003966056
           oe         te
1  0.05483978 -0.1679526
2  0.00000000 -0.1862658
3 -0.01741897 -0.1728623

[[14]]
  delta        mu      mu_1      mu_0         de       se_1        se_0
1   0.5 0.7919335 0.6993267 0.8608987 -0.1615720 0.02229364  0.01511514
2   1.0 0.7467366 0.6770331 0.8457836 -0.1687505 0.00000000  0.00000000
3   2.0 0.7239624 0.6874138 0.8221142 -0.1347004 0.01038071 -0.02366939
           oe         te
1  0.04519695 -0.1464568
2  0.00000000 -0.1687505
3 -0.02277419 -0.1583698

[[15]]
  delta        mu      mu_1      mu_0         de         se_1         se_0
1   0.5 0.7272318 0.6420190 0.7928349 -0.1508159 -0.007315541 -0.036010229
2   1.0 0.7247451 0.6493346 0.8288452 -0.1795106  0.000000000  0.000000000
3   2.0 0.6562791 0.5944692 0.8248465 -0.2303774 -0.054865411 -0.003998615
            oe         te
1  0.002486642 -0.1868261
2  0.000000000 -0.1795106
3 -0.068466033 -0.2343760

[[16]]
  delta        mu      mu_1      mu_0         de       se_1        se_0
1   0.5 0.7989643 0.7041030 0.8611205 -0.1570175 0.03374926  0.02152039
2   1.0 0.7430565 0.6703537 0.8396001 -0.1692464 0.00000000  0.00000000
3   2.0 0.7251570 0.6810436 0.8381515 -0.1571079 0.01068986 -0.00144861
           oe         te
1  0.05590785 -0.1354971
2  0.00000000 -0.1692464
3 -0.01789952 -0.1585565

[[17]]
  delta        mu      mu_1      mu_0         de         se_1        se_0
1   0.5 0.7736311 0.6779527 0.8437609 -0.1658082  0.025535663  0.01325033
2   1.0 0.7280142 0.6524171 0.8305106 -0.1780935  0.000000000  0.00000000
3   2.0 0.6975351 0.6493297 0.8203338 -0.1710040 -0.003087347 -0.01017679
           oe         te
1  0.04561693 -0.1525578
2  0.00000000 -0.1780935
3 -0.03047910 -0.1811808

[[18]]
  delta        mu      mu_1      mu_0         de        se_1         se_0
1   0.5 0.7906298 0.6974311 0.8500996 -0.1526685  0.01589174 -0.006102269
2   1.0 0.7568868 0.6815394 0.8562018 -0.1746625  0.00000000  0.000000000
3   2.0 0.7203424 0.6647457 0.8636578 -0.1989120 -0.01679365  0.007455927
           oe         te
1  0.03374299 -0.1587707
2  0.00000000 -0.1746625
3 -0.03654439 -0.1914561

[[19]]
  delta        mu      mu_1      mu_0         de         se_1         se_0
1   0.5 0.7868267 0.6871384 0.8576047 -0.1704663  0.022441020  0.020207152
2   1.0 0.7357999 0.6646974 0.8373975 -0.1727002  0.000000000  0.000000000
3   2.0 0.7067233 0.6636088 0.8287015 -0.1650926 -0.001088518 -0.008696044
           oe         te
1  0.05102682 -0.1502591
2  0.00000000 -0.1727002
3 -0.02907658 -0.1737887

[[20]]
  delta        mu      mu_1      mu_0         de         se_1       se_0
1   0.5 0.7647106 0.6346733 0.8482218 -0.2135484 -0.008597802 0.01239588
2   1.0 0.7267491 0.6432711 0.8358259 -0.1925548  0.000000000 0.00000000
3   2.0 0.7237550 0.6680075 0.8583566 -0.1903491  0.024736356 0.02253075
           oe         te
1  0.03796152 -0.2011526
2  0.00000000 -0.1925548
3 -0.00299405 -0.1678184

[[1]]
  delta         mu       mu_1       mu_0         de       se_1       se_0
1   0.5 0.02215558 0.01999952 0.02598168 0.02419941 0.01562175 0.02218155
2   1.0 0.01714445 0.01753335 0.01672939 0.01219752 0.00000000 0.00000000
3   2.0 0.03235086 0.03528565 0.02423555 0.02385420 0.02933568 0.02001035
          oe         te
1 0.01875896 0.01606272
2 0.00000000 0.01219752
3 0.02755641 0.03508948

[[2]]
  delta         mu       mu_1       mu_0         de       se_1       se_0
1   0.5 0.02622706 0.02073413 0.03072887 0.02520035 0.01686588 0.02672421
2   1.0 0.01679872 0.01732705 0.01631387 0.01249958 0.00000000 0.00000000
3   2.0 0.03095814 0.03396050 0.02429071 0.02585720 0.02800694 0.01970747
          oe         te
1 0.02329356 0.01610509
2 0.00000000 0.01249958
3 0.02589078 0.03371563

[[3]]
  delta         mu       mu_1       mu_0         de       se_1       se_0
1   0.5 0.02673050 0.02070951 0.03067597 0.02323734 0.01585432 0.02608680
2   1.0 0.01864123 0.01910311 0.01782736 0.01223497 0.00000000 0.00000000
3   2.0 0.03330783 0.03678751 0.02470107 0.02439414 0.03078639 0.02053206
          oe         te
1 0.02274105 0.01506891
2 0.00000000 0.01223497
3 0.02851161 0.03645936

[[4]]
  delta         mu       mu_1       mu_0         de       se_1       se_0
1   0.5 0.02724592 0.02156724 0.03191025 0.02744365 0.01840423 0.02764712
2   1.0 0.01728421 0.01716898 0.01691487 0.01215509 0.00000000 0.00000000
3   2.0 0.03309083 0.03606044 0.02511139 0.02608756 0.03030530 0.02016070
          oe         te
1 0.02403583 0.01815246
2 0.00000000 0.01215509
3 0.02797048 0.03569714

[[5]]
  delta         mu       mu_1       mu_0         de       se_1       se_0
1   0.5 0.02250864 0.02127790 0.02451844 0.02064103 0.01699676 0.02064155
2   1.0 0.01800373 0.01888469 0.01692865 0.01237779 0.00000000 0.00000000
3   2.0 0.03077849 0.03431794 0.02236769 0.02609767 0.02774477 0.01870529
          oe         te
1 0.01911673 0.01687043
2 0.00000000 0.01237779
3 0.02558457 0.03362099

[[6]]
  delta         mu       mu_1       mu_0         de       se_1       se_0
1   0.5 0.02394892 0.01917239 0.02765629 0.02185123 0.01519346 0.02309909
2   1.0 0.01771230 0.01809889 0.01719724 0.01233391 0.00000000 0.00000000
3   2.0 0.03390069 0.03758157 0.02432688 0.02529330 0.03004735 0.01944992
          oe         te
1 0.02006962 0.01475826
2 0.00000000 0.01233391
3 0.02781359 0.03615230

[[7]]
  delta         mu       mu_1       mu_0         de       se_1       se_0
1   0.5 0.02666373 0.02371928 0.02841124 0.02081344 0.01772176 0.02229870
2   1.0 0.01790915 0.01793538 0.01744862 0.01246081 0.00000000 0.00000000
3   2.0 0.02864633 0.03049431 0.02402471 0.02200721 0.02373074 0.01906897
          oe         te
1 0.02070032 0.01844695
2 0.00000000 0.01246081
3 0.02301738 0.02987653

[[8]]
  delta         mu       mu_1       mu_0         de       se_1       se_0
1   0.5 0.02204894 0.01981397 0.02496716 0.02183145 0.01541957 0.02148950
2   1.0 0.01817940 0.01864534 0.01740314 0.01251275 0.00000000 0.00000000
3   2.0 0.02994878 0.03356771 0.02297056 0.02587694 0.02650400 0.01701788
          oe         te
1 0.01883139 0.01640506
2 0.00000000 0.01251275
3 0.02366603 0.03222956

[[9]]
  delta         mu       mu_1       mu_0         de       se_1       se_0
1   0.5 0.02598988 0.02189160 0.02986179 0.02496071 0.01775661 0.02493956
2   1.0 0.01819471 0.01855451 0.01788744 0.01287326 0.00000000 0.00000000
3   2.0 0.03417220 0.03718275 0.02628274 0.02424302 0.02957147 0.02094703
          oe         te
1 0.02210082 0.01731283
2 0.00000000 0.01287326
3 0.02780730 0.03551566

[[10]]
  delta         mu       mu_1       mu_0         de       se_1       se_0
1   0.5 0.02390832 0.02045393 0.02782677 0.02324099 0.01592732 0.02346076
2   1.0 0.01679561 0.01727982 0.01631340 0.01224470 0.00000000 0.00000000
3   2.0 0.03260217 0.03490036 0.02477109 0.02316820 0.02715511 0.01987896
          oe         te
1 0.02059462 0.01643253
2 0.00000000 0.01224470
3 0.02622234 0.03324698

[[11]]
  delta         mu       mu_1       mu_0         de       se_1       se_0
1   0.5 0.02394594 0.01893495 0.02793603 0.02221048 0.01549818 0.02375879
2   1.0 0.01609363 0.01685350 0.01546912 0.01277120 0.00000000 0.00000000
3   2.0 0.02999232 0.03436294 0.02128202 0.02795277 0.02821710 0.01746507
          oe         te
1 0.02108752 0.01569987
2 0.00000000 0.01277120
3 0.02482389 0.03399547

[[12]]
  delta         mu       mu_1       mu_0         de       se_1       se_0
1   0.5 0.02698012 0.01995143 0.03120144 0.02405233 0.01623175 0.02682389
2   1.0 0.01744347 0.01817860 0.01689655 0.01364533 0.00000000 0.00000000
3   2.0 0.03841383 0.04281550 0.02925023 0.03239543 0.03563936 0.02625912
          oe         te
1 0.02354666 0.01613341
2 0.00000000 0.01364533
3 0.03343680 0.04297614

[[13]]
  delta         mu       mu_1       mu_0         de       se_1       se_0
1   0.5 0.02577965 0.02014592 0.02877984 0.01926065 0.01484134 0.02296604
2   1.0 0.01828508 0.01846026 0.01780240 0.01246774 0.00000000 0.00000000
3   2.0 0.03216297 0.03464308 0.02470454 0.02259947 0.02541809 0.01880964
          oe         te
1 0.02063280 0.01465198
2 0.00000000 0.01246774
3 0.02450431 0.03225906

[[14]]
  delta         mu       mu_1       mu_0         de       se_1       se_0
1   0.5 0.02424423 0.02701206 0.02673853 0.02981276 0.02379337 0.02309465
2   1.0 0.01786696 0.01887734 0.01673341 0.01253754 0.00000000 0.00000000
3   2.0 0.03364435 0.03605247 0.02612863 0.02357613 0.02725191 0.02045376
          oe         te
1 0.02144582 0.02395640
2 0.00000000 0.01253754
3 0.02622695 0.03390971

[[15]]
  delta         mu       mu_1       mu_0         de       se_1       se_0
1   0.5 0.02397633 0.02015520 0.02694767 0.02080152 0.01684759 0.02266129
2   1.0 0.01680089 0.01745332 0.01652181 0.01304776 0.00000000 0.00000000
3   2.0 0.03555619 0.04122058 0.02233318 0.03293374 0.03596827 0.01816857
          oe         te
1 0.02095126 0.01663395
2 0.00000000 0.01304776
3 0.03105633 0.04089515

[[16]]
  delta         mu       mu_1       mu_0         de       se_1       se_0
1   0.5 0.02384051 0.01932102 0.02654828 0.01852510 0.01538349 0.02171601
2   1.0 0.01841739 0.01904248 0.01712487 0.01223826 0.00000000 0.00000000
3   2.0 0.03606914 0.03927967 0.02563584 0.02353150 0.03037290 0.01988472
          oe         te
1 0.01995018 0.01438128
2 0.00000000 0.01223826
3 0.02860113 0.03687228

[[17]]
  delta         mu       mu_1       mu_0         de       se_1       se_0
1   0.5 0.02603456 0.02033550 0.03091214 0.02585497 0.01582014 0.02713067
2   1.0 0.01783445 0.01836269 0.01698262 0.01254831 0.00000000 0.00000000
3   2.0 0.03000212 0.03210052 0.02308450 0.02044281 0.02408956 0.01856318
          oe         te
1 0.02254617 0.01719847
2 0.00000000 0.01254831
3 0.02357033 0.03051688

[[18]]
  delta         mu       mu_1       mu_0         de       se_1       se_0
1   0.5 0.02782362 0.02014204 0.03422345 0.02926111 0.01601239 0.02977832
2   1.0 0.01755470 0.01830563 0.01700263 0.01280070 0.00000000 0.00000000
3   2.0 0.03040412 0.03262774 0.02435791 0.02238017 0.02397549 0.01898980
          oe         te
1 0.02433841 0.01571420
2 0.00000000 0.01280070
3 0.02320000 0.03060265

[[19]]
  delta         mu       mu_1       mu_0         de       se_1       se_0
1   0.5 0.02565374 0.02068708 0.03019339 0.02569415 0.01675520 0.02376503
2   1.0 0.01870587 0.01911253 0.01799163 0.01252420 0.00000000 0.00000000
3   2.0 0.03399669 0.03698773 0.02716952 0.02569307 0.02827517 0.02093783
          oe         te
1 0.02055234 0.01713622
2 0.00000000 0.01252420
3 0.02633516 0.03418296

[[20]]
  delta         mu       mu_1       mu_0         de       se_1       se_0
1   0.5 0.02437021 0.01969967 0.02931196 0.02564867 0.01535737 0.02617543
2   1.0 0.01650220 0.01723671 0.01601406 0.01232075 0.00000000 0.00000000
3   2.0 0.03045179 0.03277670 0.02480241 0.02241319 0.02450995 0.02005751
          oe         te
1 0.02184480 0.01525850
2 0.00000000 0.01232075
3 0.02356887 0.03086276

[1] "Total run time was 2242.986 seconds"
