Warning message:
package ‘SuperLearner’ was built under R version 4.1.3 
[1] "[Simulation setting]"
[1] "n: 500"
[1] "deltas: 0.5, 1, 2"
[1] "K: 2"
[1] "r: 100"
[1] "s: 1"
[1] "Sim.id 1"
[1] "Data generated and format changed"
[1] "   Split: 1"
Loading required namespace: nnet
Loading required namespace: ranger
[1] "   Split: 2"
[1] "Estimates and SE estimates computed"
[1] ""
[1] "Sim.id 2"
[1] "Data generated and format changed"
[1] "   Split: 1"
[1] "   Split: 2"
[1] "Estimates and SE estimates computed"
[1] ""
[1] "Sim.id 3"
[1] "Data generated and format changed"
[1] "   Split: 1"
[1] "   Split: 2"
[1] "Estimates and SE estimates computed"
[1] ""
[1] "Sim.id 4"
[1] "Data generated and format changed"
[1] "   Split: 1"
[1] "   Split: 2"
[1] "Estimates and SE estimates computed"
[1] ""
[1] "Sim.id 5"
[1] "Data generated and format changed"
[1] "   Split: 1"
[1] "   Split: 2"
[1] "Estimates and SE estimates computed"
[1] ""
[1] "Sim.id 6"
[1] "Data generated and format changed"
[1] "   Split: 1"
[1] "   Split: 2"
[1] "Estimates and SE estimates computed"
[1] ""
[1] "Sim.id 7"
[1] "Data generated and format changed"
[1] "   Split: 1"
[1] "   Split: 2"
[1] "Estimates and SE estimates computed"
[1] ""
[1] "Sim.id 8"
[1] "Data generated and format changed"
[1] "   Split: 1"
[1] "   Split: 2"
[1] "Estimates and SE estimates computed"
[1] ""
[1] "Sim.id 9"
[1] "Data generated and format changed"
[1] "   Split: 1"
[1] "   Split: 2"
[1] "Estimates and SE estimates computed"
[1] ""
[1] "Sim.id 10"
[1] "Data generated and format changed"
[1] "   Split: 1"
[1] "   Split: 2"
[1] "Estimates and SE estimates computed"
[1] ""
[1] "Sim.id 11"
[1] "Data generated and format changed"
[1] "   Split: 1"
[1] "   Split: 2"
[1] "Estimates and SE estimates computed"
[1] ""
[1] "Sim.id 12"
[1] "Data generated and format changed"
[1] "   Split: 1"
[1] "   Split: 2"
[1] "Estimates and SE estimates computed"
[1] ""
[1] "Sim.id 13"
[1] "Data generated and format changed"
[1] "   Split: 1"
[1] "   Split: 2"
[1] "Estimates and SE estimates computed"
[1] ""
[1] "Sim.id 14"
[1] "Data generated and format changed"
[1] "   Split: 1"
[1] "   Split: 2"
[1] "Estimates and SE estimates computed"
[1] ""
[1] "Sim.id 15"
[1] "Data generated and format changed"
[1] "   Split: 1"
[1] "   Split: 2"
[1] "Estimates and SE estimates computed"
[1] ""
[1] "Sim.id 16"
[1] "Data generated and format changed"
[1] "   Split: 1"
[1] "   Split: 2"
[1] "Estimates and SE estimates computed"
[1] ""
[1] "Sim.id 17"
[1] "Data generated and format changed"
[1] "   Split: 1"
[1] "   Split: 2"
[1] "Estimates and SE estimates computed"
[1] ""
[1] "Sim.id 18"
[1] "Data generated and format changed"
[1] "   Split: 1"
[1] "   Split: 2"
[1] "Estimates and SE estimates computed"
[1] ""
[1] "Sim.id 19"
[1] "Data generated and format changed"
[1] "   Split: 1"
[1] "   Split: 2"
[1] "Estimates and SE estimates computed"
[1] ""
[1] "Sim.id 20"
[1] "Data generated and format changed"
[1] "   Split: 1"
[1] "   Split: 2"
[1] "Estimates and SE estimates computed"
[1] ""
[[1]]
  delta        mu      mu_1      mu_0         de        se_1         se_0
1   0.5 0.7725797 0.6640175 0.8443343 -0.1803168  0.01319652  0.016833756
2   1.0 0.7258626 0.6508210 0.8275005 -0.1766796  0.00000000  0.000000000
3   2.0 0.6634193 0.6020344 0.8193508 -0.2173164 -0.04878652 -0.008149721
           oe         te
1  0.04671705 -0.1634830
2  0.00000000 -0.1766796
3 -0.06244338 -0.2254661

[[2]]
  delta        mu      mu_1      mu_0         de         se_1       se_0
1   0.5 0.7880536 0.6748803 0.8676569 -0.1927766  0.003011468 0.02027267
2   1.0 0.7443798 0.6718688 0.8473842 -0.1755154  0.000000000 0.00000000
3   2.0 0.7130231 0.6523722 0.8769016 -0.2245294 -0.019496580 0.02951743
           oe         te
1  0.04367380 -0.1725039
2  0.00000000 -0.1755154
3 -0.03135675 -0.1950120

[[3]]
  delta        mu      mu_1      mu_0         de        se_1       se_0
1   0.5 0.8126802 0.6982842 0.8870512 -0.1887670 0.015011655 0.03088137
2   1.0 0.7596421 0.6832726 0.8561699 -0.1728973 0.000000000 0.00000000
3   2.0 0.7386234 0.6868373 0.8666463 -0.1798090 0.003564702 0.01047646
           oe         te
1  0.05303811 -0.1578856
2  0.00000000 -0.1728973
3 -0.02101876 -0.1693326

[[4]]
  delta        mu      mu_1      mu_0         de        se_1         se_0
1   0.5 0.7972107 0.7059792 0.8545115 -0.1485322  0.03590954 -0.005052129
2   1.0 0.7546716 0.6700697 0.8595636 -0.1894939  0.00000000  0.000000000
3   2.0 0.7001305 0.6435327 0.8464487 -0.2029161 -0.02653701 -0.013114843
           oe         te
1  0.04253903 -0.1535844
2  0.00000000 -0.1894939
3 -0.05454111 -0.2160309

[[5]]
  delta        mu      mu_1      mu_0         de          se_1        se_0
1   0.5 0.7962688 0.6822589 0.8711608 -0.1889019  0.0014057886  0.01959668
2   1.0 0.7564323 0.6808531 0.8515641 -0.1707110  0.0000000000  0.00000000
3   2.0 0.7280630 0.6801928 0.8404977 -0.1603049 -0.0006602918 -0.01106640
           oe         te
1  0.03983652 -0.1693052
2  0.00000000 -0.1707110
3 -0.02836933 -0.1713713

[[6]]
  delta        mu      mu_1     mu_0         de        se_1        se_0
1   0.5 0.8338646 0.6989585 0.920625 -0.2216665  0.03140009  0.04890402
2   1.0 0.7540450 0.6675584 0.871721 -0.2041626  0.00000000  0.00000000
3   2.0 0.6802411 0.6319874 0.811621 -0.1796336 -0.03557101 -0.06009999
           oe         te
1  0.07981959 -0.1727625
2  0.00000000 -0.2041626
3 -0.07380391 -0.2397336

[[7]]
  delta        mu      mu_1      mu_0         de        se_1        se_0
1   0.5 0.7991534 0.7033760 0.8655859 -0.1622100  0.02528933 0.003792371
2   1.0 0.7544961 0.6780866 0.8617935 -0.1837069  0.00000000 0.000000000
3   2.0 0.6965511 0.6367566 0.8639444 -0.2271879 -0.04133006 0.002150875
           oe         te
1  0.04465730 -0.1584176
2  0.00000000 -0.1837069
3 -0.05794499 -0.2250370

[[8]]
  delta        mu      mu_1      mu_0         de        se_1         se_0
1   0.5 0.8141278 0.7032665 0.8905875 -0.1873209  0.03183202  0.025096743
2   1.0 0.7537714 0.6714345 0.8654907 -0.1940562  0.00000000  0.000000000
3   2.0 0.6913002 0.6318310 0.8587759 -0.2269449 -0.03960352 -0.006714801
           oe         te
1  0.06035644 -0.1622242
2  0.00000000 -0.1940562
3 -0.06247124 -0.2336597

[[9]]
  delta        mu      mu_1      mu_0         de        se_1         se_0
1   0.5 0.8390787 0.7271397 0.9105590 -0.1834193  0.06146205  0.037262145
2   1.0 0.7542751 0.6656776 0.8732969 -0.2076192  0.00000000  0.000000000
3   2.0 0.6933415 0.6287826 0.8680475 -0.2392649 -0.03689503 -0.005249369
           oe         te
1  0.08480357 -0.1461572
2  0.00000000 -0.2076192
3 -0.06093358 -0.2445143

[[10]]
  delta        mu      mu_1      mu_0         de        se_1        se_0
1   0.5 0.8086236 0.7108650 0.8771785 -0.1663135  0.01956293  0.01752140
2   1.0 0.7634639 0.6913021 0.8596571 -0.1683550  0.00000000  0.00000000
3   2.0 0.7233336 0.6744141 0.8488597 -0.1744456 -0.01688799 -0.01079741
           oe         te
1  0.04515972 -0.1487921
2  0.00000000 -0.1683550
3 -0.04013026 -0.1852430

[[11]]
  delta        mu      mu_1      mu_0         de         se_1        se_0
1   0.5 0.7625752 0.6834050 0.8179017 -0.1344967  0.005610118 -0.03575765
2   1.0 0.7542068 0.6777949 0.8536594 -0.1758645  0.000000000  0.00000000
3   2.0 0.6653044 0.6131335 0.8144300 -0.2012965 -0.064661391 -0.03922932
            oe         te
1  0.008368413 -0.1702543
2  0.000000000 -0.1758645
3 -0.088902390 -0.2405259

[[12]]
  delta        mu      mu_1      mu_0         de         se_1         se_0
1   0.5 0.7494503 0.6732422 0.8044466 -0.1312044  0.002218531 -0.028457452
2   1.0 0.7407413 0.6710237 0.8329041 -0.1618804  0.000000000  0.000000000
3   2.0 0.6879568 0.6357158 0.8245949 -0.1888791 -0.035307925 -0.008309168
            oe         te
1  0.008708979 -0.1596619
2  0.000000000 -0.1618804
3 -0.052784452 -0.1971883

[[13]]
  delta        mu      mu_1      mu_0         de        se_1        se_0
1   0.5 0.8368208 0.7079107 0.9210540 -0.2131433  0.03130311  0.05714780
2   1.0 0.7565959 0.6766076 0.8639062 -0.1872986  0.00000000  0.00000000
3   2.0 0.6915781 0.6416320 0.8289153 -0.1872833 -0.03497563 -0.03499098
           oe         te
1  0.08022492 -0.1559955
2  0.00000000 -0.1872986
3 -0.06501779 -0.2222742

[[14]]
  delta        mu      mu_1      mu_0         de       se_1         se_0
1   0.5 0.7927187 0.7034195 0.8556247 -0.1522052 0.01546639 -0.002943925
2   1.0 0.7595661 0.6879531 0.8585686 -0.1706155 0.00000000  0.000000000
3   2.0 0.7494239 0.7065914 0.8646543 -0.1580629 0.01863834  0.006085702
           oe         te
1  0.03315254 -0.1551491
2  0.00000000 -0.1706155
3 -0.01014222 -0.1519772

[[15]]
  delta        mu      mu_1      mu_0         de         se_1        se_0
1   0.5 0.7958495 0.7072155 0.8591646 -0.1519491  0.018439653 0.008652871
2   1.0 0.7576826 0.6887758 0.8505117 -0.1617359  0.000000000 0.000000000
3   2.0 0.7362861 0.6842399 0.8688322 -0.1845923 -0.004535956 0.018320455
           oe         te
1  0.03816694 -0.1432962
2  0.00000000 -0.1617359
3 -0.02139649 -0.1662718

[[16]]
  delta        mu      mu_1      mu_0         de       se_1        se_0
1   0.5 0.8278138 0.7092324 0.9027754 -0.1935430 0.02052816  0.01271481
2   1.0 0.7779932 0.6887043 0.8900606 -0.2013564 0.00000000  0.00000000
3   2.0 0.7531300 0.7014952 0.8736000 -0.1721048 0.01279096 -0.01646065
           oe         te
1  0.04982055 -0.1808282
2  0.00000000 -0.2013564
3 -0.02486317 -0.1885654

[[17]]
  delta        mu      mu_1      mu_0         de         se_1         se_0
1   0.5 0.7883713 0.6677643 0.8686599 -0.2008956  0.009838706  0.013292402
2   1.0 0.7426978 0.6579256 0.8553675 -0.1974419  0.000000000  0.000000000
3   2.0 0.6910024 0.6326897 0.8505159 -0.2178262 -0.025235941 -0.004851601
           oe         te
1  0.04567348 -0.1876032
2  0.00000000 -0.1974419
3 -0.05169543 -0.2226778

[[18]]
  delta        mu      mu_1      mu_0         de        se_1         se_0
1   0.5 0.7801523 0.6747585 0.8558069 -0.1810484 -0.01232738 -0.008669497
2   1.0 0.7617617 0.6870859 0.8644764 -0.1773905  0.00000000  0.000000000
3   2.0 0.7311506 0.6755178 0.8782249 -0.2027071 -0.01156807  0.013748469
           oe         te
1  0.01839059 -0.1897179
2  0.00000000 -0.1773905
3 -0.03061107 -0.1889586

[[19]]
  delta        mu      mu_1      mu_0         de        se_1        se_0
1   0.5 0.7977423 0.6851763 0.8763328 -0.1911565  0.02262479 0.021216528
2   1.0 0.7417220 0.6625515 0.8551163 -0.1925648  0.00000000 0.000000000
3   2.0 0.7058759 0.6514127 0.8565532 -0.2051405 -0.01113882 0.001436958
           oe         te
1  0.05602038 -0.1699400
2  0.00000000 -0.1925648
3 -0.03584605 -0.2037036

[[20]]
  delta        mu      mu_1      mu_0         de       se_1        se_0
1   0.5 0.7850636 0.6615797 0.8698348 -0.2082552 0.00244210  0.01988554
2   1.0 0.7388649 0.6591376 0.8499493 -0.1908117 0.00000000  0.00000000
3   2.0 0.7298994 0.6991587 0.8219405 -0.1227818 0.04002112 -0.02800877
            oe         te
1  0.046198684 -0.1883696
2  0.000000000 -0.1908117
3 -0.008965522 -0.1507906

[[1]]
  delta         mu       mu_1       mu_0         de       se_1       se_0
1   0.5 0.02952220 0.02181893 0.03529549 0.03024381 0.01705631 0.03032348
2   1.0 0.01772331 0.01803389 0.01718677 0.01230796 0.00000000 0.00000000
3   2.0 0.04338409 0.05067385 0.02579414 0.04036368 0.04514210 0.02061037
          oe         te
1 0.02521497 0.01733020
2 0.00000000 0.01230796
3 0.03824745 0.04902853

[[2]]
  delta         mu       mu_1       mu_0         de       se_1       se_0
1   0.5 0.02237492 0.01883643 0.02527241 0.02017369 0.01505609 0.02069741
2   1.0 0.01658785 0.01733260 0.01582838 0.01229361 0.00000000 0.00000000
3   2.0 0.04016534 0.04427510 0.02809855 0.02967198 0.03803374 0.02422684
          oe         te
1 0.01856398 0.01540892
2 0.00000000 0.01229361
3 0.03493979 0.04268520

[[3]]
  delta         mu       mu_1       mu_0         de       se_1       se_0
1   0.5 0.02579978 0.02008595 0.03018028 0.02401216 0.01660416 0.02469449
2   1.0 0.01663411 0.01709079 0.01647837 0.01256963 0.00000000 0.00000000
3   2.0 0.03459273 0.04047018 0.02525521 0.03376478 0.03399083 0.02139400
          oe         te
1 0.02189335 0.01594758
2 0.00000000 0.01256963
3 0.02963972 0.04026023

[[4]]
  delta         mu       mu_1       mu_0         de       se_1       se_0
1   0.5 0.02403661 0.02159878 0.02632441 0.02020338 0.01784130 0.02199079
2   1.0 0.01768275 0.01824292 0.01725426 0.01261336 0.00000000 0.00000000
3   2.0 0.03604671 0.04081678 0.02395233 0.02955050 0.03475896 0.02083611
          oe         te
1 0.02063167 0.01748220
2 0.00000000 0.01261336
3 0.03157569 0.04042520

[[5]]
  delta         mu       mu_1       mu_0         de       se_1       se_0
1   0.5 0.02183868 0.01804779 0.02509963 0.01994149 0.01409234 0.02096539
2   1.0 0.01631952 0.01681676 0.01617608 0.01241734 0.00000000 0.00000000
3   2.0 0.02960706 0.03237881 0.02659119 0.02854863 0.02553294 0.02237949
          oe         te
1 0.01879218 0.01413438
2 0.00000000 0.01241734
3 0.02400165 0.03168280

[[6]]
  delta         mu       mu_1       mu_0         de       se_1       se_0
1   0.5 0.02463851 0.02193366 0.02871488 0.02646134 0.01682906 0.02369065
2   1.0 0.01744105 0.01780553 0.01721560 0.01290587 0.00000000 0.00000000
3   2.0 0.02887578 0.03082010 0.02633303 0.02363311 0.02377508 0.02154900
          oe         te
1 0.01969061 0.01791805
2 0.00000000 0.01290587
3 0.02285395 0.02968582

[[7]]
  delta         mu       mu_1       mu_0         de       se_1       se_0
1   0.5 0.02337927 0.01908996 0.02690074 0.02055221 0.01612690 0.02256767
2   1.0 0.01832107 0.01906233 0.01750856 0.01277246 0.00000000 0.00000000
3   2.0 0.04208833 0.04847486 0.02830691 0.03958965 0.04239208 0.02342155
          oe         te
1 0.02052398 0.01513807
2 0.00000000 0.01277246
3 0.03677998 0.04755579

[[8]]
  delta         mu       mu_1       mu_0         de       se_1       se_0
1   0.5 0.02407139 0.01994770 0.02759260 0.02156977 0.01599343 0.02320852
2   1.0 0.01791798 0.01881537 0.01678927 0.01328382 0.00000000 0.00000000
3   2.0 0.03392936 0.03635223 0.02608657 0.02438785 0.02902040 0.02028881
          oe         te
1 0.02092390 0.01560364
2 0.00000000 0.01328382
3 0.02737514 0.03490653

[[9]]
  delta         mu       mu_1       mu_0         de       se_1       se_0
1   0.5 0.02609091 0.02092061 0.03034966 0.02426404 0.01684891 0.02516483
2   1.0 0.01744406 0.01862892 0.01646365 0.01303425 0.00000000 0.00000000
3   2.0 0.03146601 0.03436299 0.02418377 0.02386967 0.02658180 0.02017472
          oe         te
1 0.02214272 0.01661473
2 0.00000000 0.01303425
3 0.02540475 0.03317227

[[10]]
  delta         mu       mu_1       mu_0         de       se_1       se_0
1   0.5 0.02569974 0.01976080 0.02989952 0.02355825 0.01634476 0.02658140
2   1.0 0.01765293 0.01843340 0.01678358 0.01286558 0.00000000 0.00000000
3   2.0 0.03174089 0.03383453 0.02563262 0.02213484 0.02516490 0.02056923
          oe         te
1 0.02340757 0.01569316
2 0.00000000 0.01286558
3 0.02436997 0.03164964

[[11]]
  delta         mu       mu_1       mu_0         de       se_1       se_0
1   0.5 0.02555651 0.02090831 0.02918868 0.02270797 0.01607259 0.02445728
2   1.0 0.01892441 0.01913761 0.01842062 0.01341053 0.00000000 0.00000000
3   2.0 0.03095804 0.03414327 0.02351306 0.02521154 0.02624767 0.01850225
          oe         te
1 0.02180916 0.01642839
2 0.00000000 0.01341053
3 0.02433629 0.03301123

[[12]]
  delta         mu       mu_1       mu_0         de       se_1       se_0
1   0.5 0.02380652 0.01988229 0.02641165 0.02034812 0.01651677 0.02165847
2   1.0 0.01830649 0.01840269 0.01805433 0.01319661 0.00000000 0.00000000
3   2.0 0.03414945 0.03806778 0.02457188 0.02833724 0.03033179 0.01909062
          oe         te
1 0.02054482 0.01549021
2 0.00000000 0.01319661
3 0.02763721 0.03677446

[[13]]
  delta         mu       mu_1       mu_0         de       se_1       se_0
1   0.5 0.02462350 0.02011762 0.02900112 0.02334075 0.01629187 0.02351976
2   1.0 0.01746171 0.01782122 0.01743460 0.01309162 0.00000000 0.00000000
3   2.0 0.03390863 0.03786108 0.02580654 0.02951592 0.03098686 0.02224347
          oe         te
1 0.02052143 0.01605692
2 0.00000000 0.01309162
3 0.02849734 0.03745496

[[14]]
  delta         mu       mu_1       mu_0         de       se_1       se_0
1   0.5 0.02325950 0.01962260 0.02626139 0.02143842 0.01548886 0.02182634
2   1.0 0.01741399 0.01806694 0.01637442 0.01208472 0.00000000 0.00000000
3   2.0 0.03099112 0.03457416 0.02317461 0.02592278 0.02670601 0.01864022
          oe         te
1 0.01967103 0.01489451
2 0.00000000 0.01208472
3 0.02405834 0.03218643

[[15]]
  delta         mu       mu_1       mu_0         de       se_1       se_0
1   0.5 0.02698211 0.02131836 0.03005800 0.02045600 0.01628446 0.02359829
2   1.0 0.01765904 0.01776322 0.01755558 0.01240059 0.00000000 0.00000000
3   2.0 0.02941748 0.03115840 0.02421333 0.02093332 0.02507045 0.02146156
          oe         te
1 0.02147707 0.01591661
2 0.00000000 0.01240059
3 0.02484046 0.03118559

[[16]]
  delta         mu       mu_1       mu_0         de       se_1       se_0
1   0.5 0.02518570 0.02023639 0.02876080 0.02194884 0.01582710 0.02372442
2   1.0 0.01753023 0.01813003 0.01690880 0.01277085 0.00000000 0.00000000
3   2.0 0.04691604 0.05323348 0.02807994 0.03735201 0.04755614 0.02423049
          oe         te
1 0.02115427 0.01492251
2 0.00000000 0.01277085
3 0.04225427 0.05209926

[[17]]
  delta         mu       mu_1       mu_0         de       se_1       se_0
1   0.5 0.02212236 0.01836224 0.02489232 0.01930670 0.01476007 0.02009821
2   1.0 0.01696017 0.01744094 0.01682305 0.01287106 0.00000000 0.00000000
3   2.0 0.03116474 0.03339411 0.02565995 0.02323708 0.02559794 0.02121679
          oe         te
1 0.01853431 0.01470387
2 0.00000000 0.01287106
3 0.02491591 0.03214334

[[18]]
  delta         mu       mu_1       mu_0         de       se_1       se_0
1   0.5 0.02370290 0.01943674 0.02815020 0.02259265 0.01532411 0.02370610
2   1.0 0.01814652 0.01897235 0.01748307 0.01340641 0.00000000 0.00000000
3   2.0 0.03595794 0.04021711 0.02601733 0.03096097 0.03223962 0.02022532
          oe         te
1 0.02012372 0.01658880
2 0.00000000 0.01340641
3 0.02906297 0.03828333

[[19]]
  delta         mu       mu_1       mu_0         de       se_1       se_0
1   0.5 0.02399411 0.01937481 0.02707895 0.02056949 0.01539633 0.02205636
2   1.0 0.01750532 0.01782787 0.01709445 0.01286771 0.00000000 0.00000000
3   2.0 0.03116185 0.03348244 0.02471065 0.02318244 0.02604670 0.01995017
          oe         te
1 0.01978105 0.01560953
2 0.00000000 0.01286771
3 0.02518215 0.03288366

[[20]]
  delta         mu       mu_1       mu_0         de       se_1       se_0
1   0.5 0.02219286 0.01821390 0.02596734 0.02141874 0.01585324 0.02223396
2   1.0 0.01725662 0.01809642 0.01657901 0.01287767 0.00000000 0.00000000
3   2.0 0.03876637 0.04466273 0.02844450 0.03965345 0.03747851 0.02365379
          oe         te
1 0.01997522 0.01602630
2 0.00000000 0.01287767
3 0.03265093 0.04321723

[[1]]
  delta        mu      mu_1      mu_0         de        se_1        se_0
1   0.5 0.7684642 0.6644839 0.8394553 -0.1749714  0.01516424  0.01273849
2   1.0 0.7246958 0.6493197 0.8267168 -0.1773971  0.00000000  0.00000000
3   2.0 0.6600703 0.5993746 0.8157716 -0.2163970 -0.04994506 -0.01094522
           oe         te
1  0.04376841 -0.1622329
2  0.00000000 -0.1773971
3 -0.06462553 -0.2273422

[[2]]
  delta        mu      mu_1      mu_0         de         se_1       se_0
1   0.5 0.7894133 0.6758098 0.8689765 -0.1931667  0.003309432 0.02138164
2   1.0 0.7448994 0.6725004 0.8475949 -0.1750945  0.000000000 0.00000000
3   2.0 0.7151090 0.6545478 0.8783581 -0.2238102 -0.017952582 0.03076317
           oe         te
1  0.04451382 -0.1717850
2  0.00000000 -0.1750945
3 -0.02979047 -0.1930471

[[3]]
  delta        mu      mu_1      mu_0         de       se_1        se_0
1   0.5 0.8127965 0.6982664 0.8875653 -0.1892990 0.01502480 0.031155139
2   1.0 0.7597193 0.6832416 0.8564102 -0.1731686 0.00000000 0.000000000
3   2.0 0.7395619 0.6880172 0.8663082 -0.1782910 0.00477563 0.009898044
           oe         te
1  0.05307723 -0.1581438
2  0.00000000 -0.1731686
3 -0.02015737 -0.1683930

[[4]]
  delta        mu      mu_1      mu_0         de        se_1         se_0
1   0.5 0.7961176 0.7062565 0.8526738 -0.1464173  0.03760756 -0.004497219
2   1.0 0.7524237 0.6686489 0.8571710 -0.1885221  0.00000000  0.000000000
3   2.0 0.7007912 0.6439365 0.8471661 -0.2032296 -0.02471237 -0.010004931
           oe         te
1  0.04369392 -0.1509146
2  0.00000000 -0.1885221
3 -0.05163250 -0.2132345

[[5]]
  delta        mu      mu_1      mu_0         de          se_1        se_0
1   0.5 0.7994865 0.6834196 0.8747441 -0.1913245  0.0005846664  0.02165744
2   1.0 0.7583784 0.6828349 0.8530867 -0.1702518  0.0000000000  0.00000000
3   2.0 0.7284078 0.6802179 0.8418077 -0.1615897 -0.0026169421 -0.01127898
           oe         te
1  0.04110813 -0.1696671
2  0.00000000 -0.1702518
3 -0.02997055 -0.1728687

[[6]]
  delta        mu      mu_1      mu_0         de        se_1        se_0
1   0.5 0.8333504 0.6971660 0.9207616 -0.2235956  0.03029670  0.04974308
2   1.0 0.7532781 0.6668693 0.8710185 -0.2041492  0.00000000  0.00000000
3   2.0 0.6783355 0.6301073 0.8094816 -0.1793742 -0.03676197 -0.06153693
           oe         te
1  0.08007236 -0.1738525
2  0.00000000 -0.2041492
3 -0.07494250 -0.2409112

[[7]]
  delta        mu      mu_1      mu_0         de        se_1        se_0
1   0.5 0.8006586 0.7036686 0.8677594 -0.1640908  0.02480044 0.006377675
2   1.0 0.7548596 0.6788682 0.8613817 -0.1825136  0.00000000 0.000000000
3   2.0 0.7073533 0.6492854 0.8667243 -0.2174388 -0.02958274 0.005342534
           oe         te
1  0.04579902 -0.1577131
2  0.00000000 -0.1825136
3 -0.04750635 -0.2120963

[[8]]
  delta        mu     mu_1      mu_0         de        se_1         se_0
1   0.5 0.8137949 0.703508 0.8898332 -0.1863251  0.03163602  0.024042968
2   1.0 0.7541132 0.671872 0.8657902 -0.1939182  0.00000000  0.000000000
3   2.0 0.6918374 0.632698 0.8591755 -0.2264775 -0.03917407 -0.006614753
           oe         te
1  0.05968171 -0.1622822
2  0.00000000 -0.1939182
3 -0.06227580 -0.2330922

[[9]]
  delta        mu      mu_1      mu_0         de        se_1         se_0
1   0.5 0.8368293 0.7253386 0.9088685 -0.1835299  0.05969729  0.035711847
2   1.0 0.7539223 0.6656413 0.8731567 -0.2075153  0.00000000  0.000000000
3   2.0 0.6931846 0.6285522 0.8690361 -0.2404838 -0.03708908 -0.004120605
           oe         te
1  0.08290699 -0.1478181
2  0.00000000 -0.2075153
3 -0.06073768 -0.2446044

[[10]]
  delta        mu      mu_1      mu_0         de        se_1        se_0
1   0.5 0.8082810 0.7107769 0.8767132 -0.1659363  0.01904257  0.01645043
2   1.0 0.7640104 0.6917343 0.8602628 -0.1685285  0.00000000  0.00000000
3   2.0 0.7244679 0.6754532 0.8497018 -0.1742486 -0.01628106 -0.01056098
           oe         te
1  0.04427065 -0.1494859
2  0.00000000 -0.1685285
3 -0.03954249 -0.1848095

[[11]]
  delta        mu      mu_1      mu_0         de         se_1        se_0
1   0.5 0.7624845 0.6825374 0.8183962 -0.1358587  0.005693217 -0.03508942
2   1.0 0.7535055 0.6768442 0.8534856 -0.1766414  0.000000000  0.00000000
3   2.0 0.6654264 0.6136101 0.8142611 -0.2006510 -0.063234052 -0.03922445
           oe         te
1  0.00897904 -0.1709482
2  0.00000000 -0.1766414
3 -0.08807906 -0.2398754

[[12]]
  delta        mu      mu_1      mu_0         de          se_1         se_0
1   0.5 0.7475511 0.6716358 0.8026604 -0.1310246  0.0008095233 -0.029914648
2   1.0 0.7405574 0.6708263 0.8325751 -0.1617488  0.0000000000  0.000000000
3   2.0 0.6871536 0.6340265 0.8259428 -0.1919163 -0.0367998016 -0.006632301
            oe         te
1  0.006993697 -0.1609393
2  0.000000000 -0.1617488
3 -0.053403755 -0.1985486

[[13]]
  delta        mu      mu_1      mu_0         de        se_1        se_0
1   0.5 0.8365358 0.7082749 0.9204844 -0.2122094  0.03278252  0.05724728
2   1.0 0.7557582 0.6754924 0.8632371 -0.1877447  0.00000000  0.00000000
3   2.0 0.6878037 0.6377598 0.8270515 -0.1892917 -0.03773258 -0.03618555
           oe         te
1  0.08077762 -0.1549622
2  0.00000000 -0.1877447
3 -0.06795442 -0.2254773

[[14]]
  delta        mu      mu_1      mu_0         de       se_1         se_0
1   0.5 0.7916159 0.7011265 0.8552904 -0.1541639 0.01353096 -0.003878341
2   1.0 0.7596075 0.6875955 0.8591687 -0.1715732 0.00000000  0.000000000
3   2.0 0.7486677 0.7058372 0.8649209 -0.1590838 0.01824166  0.005752206
           oe         te
1  0.03200834 -0.1580422
2  0.00000000 -0.1715732
3 -0.01093985 -0.1533315

[[15]]
  delta        mu      mu_1      mu_0         de         se_1        se_0
1   0.5 0.7945586 0.7064508 0.8579256 -0.1514748  0.019111356 0.009102258
2   1.0 0.7560205 0.6873395 0.8488234 -0.1614839  0.000000000 0.000000000
3   2.0 0.7355887 0.6836240 0.8677769 -0.1841529 -0.003715491 0.018953473
           oe         te
1  0.03853813 -0.1423725
2  0.00000000 -0.1614839
3 -0.02043183 -0.1651994

[[16]]
  delta        mu      mu_1      mu_0         de       se_1        se_0
1   0.5 0.8281031 0.7090133 0.9033282 -0.1943149 0.02066574  0.01313463
2   1.0 0.7778567 0.6883476 0.8901936 -0.2018460 0.00000000  0.00000000
3   2.0 0.7530733 0.7014045 0.8733584 -0.1719539 0.01305691 -0.01683518
           oe         te
1  0.05024641 -0.1811802
2  0.00000000 -0.2018460
3 -0.02478345 -0.1887891

[[17]]
  delta        mu      mu_1      mu_0         de        se_1         se_0
1   0.5 0.7877322 0.6679007 0.8677409 -0.1998402  0.01073734  0.012229666
2   1.0 0.7422314 0.6571633 0.8555112 -0.1983479  0.00000000  0.000000000
3   2.0 0.6904712 0.6318557 0.8510425 -0.2191868 -0.02530763 -0.004468745
           oe         te
1  0.04550075 -0.1876106
2  0.00000000 -0.1983479
3 -0.05176023 -0.2236555

[[18]]
  delta        mu      mu_1      mu_0         de        se_1         se_0
1   0.5 0.7795887 0.6734133 0.8552390 -0.1818257 -0.01248241 -0.009050357
2   1.0 0.7610243 0.6858957 0.8642894 -0.1783937  0.00000000  0.000000000
3   2.0 0.7289471 0.6732062 0.8782856 -0.2050793 -0.01268949  0.013996158
           oe         te
1  0.01856437 -0.1908761
2  0.00000000 -0.1783937
3 -0.03207721 -0.1910832

[[19]]
  delta        mu      mu_1      mu_0         de        se_1         se_0
1   0.5 0.7975936 0.6853450 0.8758494 -0.1905043  0.02291139 0.0207862869
2   1.0 0.7417190 0.6624336 0.8550631 -0.1926294  0.00000000 0.0000000000
3   2.0 0.7040909 0.6490074 0.8559759 -0.2069685 -0.01342626 0.0009128442
           oe         te
1  0.05587458 -0.1697180
2  0.00000000 -0.1926294
3 -0.03762818 -0.2060557

[[20]]
  delta        mu      mu_1      mu_0         de        se_1        se_0
1   0.5 0.7882274 0.6616674 0.8736619 -0.2119944 0.003007898  0.02333862
2   1.0 0.7387809 0.6586595 0.8503232 -0.1916637 0.000000000  0.00000000
3   2.0 0.7307745 0.7005808 0.8226868 -0.1221060 0.041921259 -0.02763645
            oe         te
1  0.049446457 -0.1886558
2  0.000000000 -0.1916637
3 -0.008006443 -0.1497425

[[1]]
  delta         mu      mu_1       mu_0         de       se_1       se_0
1   0.5 0.02766325 0.0219573 0.03265131 0.02747527 0.01715686 0.02756569
2   1.0 0.01773607 0.0180511 0.01721695 0.01233662 0.00000000 0.00000000
3   2.0 0.04213649 0.0490566 0.02581553 0.03893704 0.04341384 0.02057196
          oe         te
1 0.02319019 0.01747118
2 0.00000000 0.01233662
3 0.03686720 0.04735319

[[2]]
  delta         mu       mu_1       mu_0         de       se_1       se_0
1   0.5 0.02239308 0.01882980 0.02528506 0.02022730 0.01506680 0.02068657
2   1.0 0.01660956 0.01734897 0.01584896 0.01230737 0.00000000 0.00000000
3   2.0 0.03990419 0.04403397 0.02798165 0.02951320 0.03780055 0.02409455
          oe         te
1 0.01854955 0.01543681
2 0.00000000 0.01230737
3 0.03469151 0.04247395

[[3]]
  delta         mu       mu_1       mu_0         de       se_1       se_0
1   0.5 0.02576640 0.02006190 0.03021075 0.02413775 0.01659403 0.02471735
2   1.0 0.01660488 0.01706564 0.01645874 0.01257420 0.00000000 0.00000000
3   2.0 0.03485894 0.04087184 0.02521102 0.03411075 0.03440375 0.02132128
          oe         te
1 0.02186008 0.01596382
2 0.00000000 0.01257420
3 0.02990267 0.04064133

[[4]]
  delta         mu       mu_1       mu_0         de       se_1       se_0
1   0.5 0.02463868 0.02209658 0.02695968 0.02009420 0.01841449 0.02253260
2   1.0 0.01764183 0.01824055 0.01719099 0.01263525 0.00000000 0.00000000
3   2.0 0.03669531 0.04154169 0.02406238 0.03017208 0.03541052 0.02097918
          oe         te
1 0.02117935 0.01803271
2 0.00000000 0.01263525
3 0.03217987 0.04112702

[[5]]
  delta         mu       mu_1       mu_0         de       se_1       se_0
1   0.5 0.02190804 0.01826485 0.02505077 0.01976214 0.01430563 0.02077668
2   1.0 0.01634293 0.01690205 0.01612599 0.01247945 0.00000000 0.00000000
3   2.0 0.02977647 0.03245931 0.02652349 0.02819605 0.02560216 0.02242739
          oe         te
1 0.01876777 0.01420783
2 0.00000000 0.01247945
3 0.02421791 0.03180497

[[6]]
  delta         mu       mu_1       mu_0         de       se_1       se_0
1   0.5 0.02492357 0.02216527 0.02898453 0.02653202 0.01699927 0.02391855
2   1.0 0.01751020 0.01786092 0.01728786 0.01291669 0.00000000 0.00000000
3   2.0 0.02917665 0.03108428 0.02684101 0.02346434 0.02400769 0.02207164
          oe         te
1 0.01994949 0.01801541
2 0.00000000 0.01291669
3 0.02312119 0.02989969

[[7]]
  delta         mu       mu_1       mu_0         de       se_1       se_0
1   0.5 0.02348774 0.01931401 0.02693028 0.02067484 0.01638941 0.02275201
2   1.0 0.01843494 0.01915048 0.01757987 0.01270271 0.00000000 0.00000000
3   2.0 0.03883798 0.04397988 0.02827885 0.03480415 0.03768618 0.02319674
          oe         te
1 0.02072920 0.01541962
2 0.00000000 0.01270271
3 0.03319997 0.04291062

[[8]]
  delta         mu       mu_1       mu_0         de      se_1       se_0
1   0.5 0.02394816 0.01992116 0.02744360 0.02153164 0.0160070 0.02310598
2   1.0 0.01791368 0.01882291 0.01677560 0.01330665 0.0000000 0.00000000
3   2.0 0.03417793 0.03660173 0.02621057 0.02451699 0.0292343 0.02042201
          oe         te
1 0.02085453 0.01560891
2 0.00000000 0.01330665
3 0.02760146 0.03515591

[[9]]
  delta         mu       mu_1       mu_0         de       se_1       se_0
1   0.5 0.02563407 0.02065386 0.02989905 0.02404477 0.01670867 0.02490059
2   1.0 0.01739468 0.01864027 0.01634048 0.01305985 0.00000000 0.00000000
3   2.0 0.03155176 0.03448153 0.02406026 0.02399272 0.02669094 0.02009025
          oe         te
1 0.02189283 0.01638813
2 0.00000000 0.01305985
3 0.02545150 0.03326732

[[10]]
  delta         mu       mu_1       mu_0         de       se_1       se_0
1   0.5 0.02549500 0.01977788 0.02961509 0.02333067 0.01634268 0.02625604
2   1.0 0.01764220 0.01845863 0.01673191 0.01288328 0.00000000 0.00000000
3   2.0 0.03201476 0.03417943 0.02565249 0.02237151 0.02542889 0.02062317
          oe         te
1 0.02317006 0.01566986
2 0.00000000 0.01288328
3 0.02458586 0.03195357

[[11]]
  delta         mu       mu_1       mu_0         de      se_1       se_0
1   0.5 0.02522339 0.02080869 0.02870517 0.02228344 0.0159933 0.02404911
2   1.0 0.01889128 0.01912752 0.01835307 0.01337769 0.0000000 0.00000000
3   2.0 0.03095183 0.03408492 0.02358307 0.02510363 0.0261571 0.01853147
          oe         te
1 0.02151926 0.01635317
2 0.00000000 0.01337769
3 0.02428209 0.03289405

[[12]]
  delta         mu       mu_1       mu_0         de       se_1       se_0
1   0.5 0.02391064 0.01986767 0.02659860 0.02043332 0.01640687 0.02150785
2   1.0 0.01829079 0.01837431 0.01807420 0.01322491 0.00000000 0.00000000
3   2.0 0.03479517 0.03908985 0.02447174 0.02929970 0.03152075 0.01912952
          oe         te
1 0.02037974 0.01540100
2 0.00000000 0.01322491
3 0.02846943 0.03790871

[[13]]
  delta         mu       mu_1       mu_0         de       se_1       se_0
1   0.5 0.02451897 0.02009937 0.02887934 0.02324590 0.01639974 0.02347763
2   1.0 0.01747402 0.01784705 0.01744143 0.01313246 0.00000000 0.00000000
3   2.0 0.03438097 0.03843855 0.02610552 0.03009535 0.03150952 0.02239543
          oe         te
1 0.02053095 0.01617823
2 0.00000000 0.01313246
3 0.02890762 0.03800107

[[14]]
  delta         mu       mu_1       mu_0         de       se_1       se_0
1   0.5 0.02291555 0.01940407 0.02579374 0.02103828 0.01542584 0.02152681
2   1.0 0.01731297 0.01801986 0.01620491 0.01207994 0.00000000 0.00000000
3   2.0 0.03104994 0.03463218 0.02304347 0.02584075 0.02673524 0.01850996
          oe         te
1 0.01949028 0.01481356
2 0.00000000 0.01207994
3 0.02407917 0.03218080

[[15]]
  delta         mu       mu_1       mu_0         de       se_1       se_0
1   0.5 0.02707478 0.02128378 0.03019645 0.02054120 0.01632238 0.02370875
2   1.0 0.01749885 0.01764255 0.01743512 0.01244303 0.00000000 0.00000000
3   2.0 0.02964381 0.03137120 0.02433535 0.02099578 0.02534784 0.02175823
          oe         te
1 0.02156919 0.01590077
2 0.00000000 0.01244303
3 0.02519601 0.03151982

[[16]]
  delta         mu       mu_1       mu_0         de       se_1       se_0
1   0.5 0.02510504 0.02020582 0.02863664 0.02177724 0.01585205 0.02361121
2   1.0 0.01755682 0.01816899 0.01690050 0.01275602 0.00000000 0.00000000
3   2.0 0.04716136 0.05354331 0.02808798 0.03754374 0.04783893 0.02422514
         oe         te
1 0.0211021 0.01487513
2 0.0000000 0.01275602
3 0.0424676 0.05239702

[[17]]
  delta         mu       mu_1       mu_0         de       se_1       se_0
1   0.5 0.02272681 0.01855789 0.02544620 0.01955522 0.01519690 0.02038775
2   1.0 0.01710526 0.01758020 0.01693614 0.01300712 0.00000000 0.00000000
3   2.0 0.03164464 0.03392422 0.02571857 0.02353332 0.02594056 0.02135382
          oe         te
1 0.01906201 0.01500297
2 0.00000000 0.01300712
3 0.02528834 0.03267842

[[18]]
  delta         mu       mu_1       mu_0         de       se_1       se_0
1   0.5 0.02402932 0.01985716 0.02831382 0.02256355 0.01577517 0.02383907
2   1.0 0.01820194 0.01903979 0.01748190 0.01346413 0.00000000 0.00000000
3   2.0 0.03700776 0.04156138 0.02620997 0.03223661 0.03351435 0.02030790
          oe         te
1 0.02043847 0.01696125
2 0.00000000 0.01346413
3 0.03006965 0.03963151

[[19]]
  delta         mu       mu_1       mu_0         de       se_1       se_0
1   0.5 0.02399593 0.01938522 0.02705789 0.02046142 0.01540373 0.02199828
2   1.0 0.01755737 0.01789889 0.01710724 0.01285131 0.00000000 0.00000000
3   2.0 0.03128780 0.03363846 0.02467175 0.02323825 0.02613933 0.01987649
          oe         te
1 0.01976626 0.01555006
2 0.00000000 0.01285131
3 0.02524017 0.03297806

[[20]]
  delta         mu       mu_1       mu_0         de       se_1       se_0
1   0.5 0.02229480 0.01822836 0.02614809 0.02165968 0.01594527 0.02251097
2   1.0 0.01728774 0.01814422 0.01655116 0.01285616 0.00000000 0.00000000
3   2.0 0.03934151 0.04542087 0.02814505 0.04020346 0.03826934 0.02326928
          oe         te
1 0.02016969 0.01609889
2 0.00000000 0.01285616
3 0.03321913 0.04394381

[1] "Total run time was 3317.784 seconds"
