Warning message:
package ‘SuperLearner’ was built under R version 4.1.3 
[1] "[Simulation setting]"
[1] "n: 500"
[1] "deltas: 0.5, 1, 2"
[1] "K: 2"
[1] "r: 100"
[1] "s: 1"
[1] "Sim.id 1"
[1] "Data generated and format changed"
[1] "   Split: 1"
Loading required namespace: nnet
Loading required namespace: ranger
[1] "   Split: 2"
[1] "Estimates and SE estimates computed"
[1] ""
[1] "Sim.id 2"
[1] "Data generated and format changed"
[1] "   Split: 1"
[1] "   Split: 2"
[1] "Estimates and SE estimates computed"
[1] ""
[1] "Sim.id 3"
[1] "Data generated and format changed"
[1] "   Split: 1"
[1] "   Split: 2"
[1] "Estimates and SE estimates computed"
[1] ""
[1] "Sim.id 4"
[1] "Data generated and format changed"
[1] "   Split: 1"
[1] "   Split: 2"
[1] "Estimates and SE estimates computed"
[1] ""
[1] "Sim.id 5"
[1] "Data generated and format changed"
[1] "   Split: 1"
[1] "   Split: 2"
[1] "Estimates and SE estimates computed"
[1] ""
[1] "Sim.id 6"
[1] "Data generated and format changed"
[1] "   Split: 1"
[1] "   Split: 2"
[1] "Estimates and SE estimates computed"
[1] ""
[1] "Sim.id 7"
[1] "Data generated and format changed"
[1] "   Split: 1"
[1] "   Split: 2"
[1] "Estimates and SE estimates computed"
[1] ""
[1] "Sim.id 8"
[1] "Data generated and format changed"
[1] "   Split: 1"
[1] "   Split: 2"
[1] "Estimates and SE estimates computed"
[1] ""
[1] "Sim.id 9"
[1] "Data generated and format changed"
[1] "   Split: 1"
[1] "   Split: 2"
[1] "Estimates and SE estimates computed"
[1] ""
[1] "Sim.id 10"
[1] "Data generated and format changed"
[1] "   Split: 1"
[1] "   Split: 2"
[1] "Estimates and SE estimates computed"
[1] ""
[1] "Sim.id 11"
[1] "Data generated and format changed"
[1] "   Split: 1"
[1] "   Split: 2"
[1] "Estimates and SE estimates computed"
[1] ""
[1] "Sim.id 12"
[1] "Data generated and format changed"
[1] "   Split: 1"
[1] "   Split: 2"
[1] "Estimates and SE estimates computed"
[1] ""
[1] "Sim.id 13"
[1] "Data generated and format changed"
[1] "   Split: 1"
[1] "   Split: 2"
[1] "Estimates and SE estimates computed"
[1] ""
[1] "Sim.id 14"
[1] "Data generated and format changed"
[1] "   Split: 1"
[1] "   Split: 2"
[1] "Estimates and SE estimates computed"
[1] ""
[1] "Sim.id 15"
[1] "Data generated and format changed"
[1] "   Split: 1"
[1] "   Split: 2"
[1] "Estimates and SE estimates computed"
[1] ""
[1] "Sim.id 16"
[1] "Data generated and format changed"
[1] "   Split: 1"
[1] "   Split: 2"
[1] "Estimates and SE estimates computed"
[1] ""
[1] "Sim.id 17"
[1] "Data generated and format changed"
[1] "   Split: 1"
[1] "   Split: 2"
[1] "Estimates and SE estimates computed"
[1] ""
[1] "Sim.id 18"
[1] "Data generated and format changed"
[1] "   Split: 1"
[1] "   Split: 2"
[1] "Estimates and SE estimates computed"
[1] ""
[1] "Sim.id 19"
[1] "Data generated and format changed"
[1] "   Split: 1"
[1] "   Split: 2"
[1] "Estimates and SE estimates computed"
[1] ""
[1] "Sim.id 20"
[1] "Data generated and format changed"
[1] "   Split: 1"
[1] "   Split: 2"
[1] "Estimates and SE estimates computed"
[1] ""
[[1]]
  delta        mu      mu_1      mu_0         de        se_1        se_0
1   0.5 0.7841856 0.6968711 0.8515349 -0.1546638  0.03051750  0.01418018
2   1.0 0.7341909 0.6663536 0.8373547 -0.1710011  0.00000000  0.00000000
3   2.0 0.6848568 0.6414906 0.8214030 -0.1799123 -0.02486293 -0.01595172
           oe         te
1  0.04999462 -0.1404836
2  0.00000000 -0.1710011
3 -0.04933416 -0.1958641

[[2]]
  delta        mu      mu_1      mu_0         de         se_1        se_0
1   0.5 0.7643638 0.6815267 0.8243510 -0.1428243 -0.003222636 -0.04104919
2   1.0 0.7610562 0.6847493 0.8654002 -0.1806508  0.000000000  0.00000000
3   2.0 0.6908024 0.6322448 0.8507444 -0.2184997 -0.052504555 -0.01465572
            oe         te
1  0.003307614 -0.1838735
2  0.000000000 -0.1806508
3 -0.070253799 -0.2331554

[[3]]
  delta        mu      mu_1      mu_0         de        se_1        se_0
1   0.5 0.8272240 0.7034022 0.9008291 -0.1974269  0.03374245  0.04560318
2   1.0 0.7529318 0.6696598 0.8552259 -0.1855661  0.00000000  0.00000000
3   2.0 0.6645676 0.5947921 0.8444644 -0.2496723 -0.07486769 -0.01076148
           oe         te
1  0.07429217 -0.1518237
2  0.00000000 -0.1855661
3 -0.08836424 -0.2604338

[[4]]
  delta        mu      mu_1      mu_0         de        se_1         se_0
1   0.5 0.7529996 0.6794144 0.8107887 -0.1313744  0.02489012 -0.020963074
2   1.0 0.7266823 0.6545242 0.8317518 -0.1772276  0.00000000  0.000000000
3   2.0 0.6946875 0.6508542 0.8219965 -0.1711423 -0.00367003 -0.009755313
           oe         te
1  0.02631730 -0.1523374
2  0.00000000 -0.1772276
3 -0.03199481 -0.1808976

[[5]]
  delta        mu      mu_1      mu_0         de        se_1        se_0
1   0.5 0.7588072 0.6776945 0.8200877 -0.1423932  0.01540727 -0.02775817
2   1.0 0.7400141 0.6622872 0.8478459 -0.1855586  0.00000000  0.00000000
3   2.0 0.6877580 0.6405598 0.8206662 -0.1801064 -0.02172743 -0.02717967
           oe         te
1  0.01879310 -0.1701514
2  0.00000000 -0.1855586
3 -0.05225609 -0.2072861

[[6]]
  delta        mu      mu_1      mu_0         de        se_1         se_0
1   0.5 0.7999735 0.7001530 0.8674537 -0.1673007  0.02018703 -0.003201989
2   1.0 0.7632749 0.6799660 0.8706557 -0.1906898  0.00000000  0.000000000
3   2.0 0.6895862 0.6385955 0.8300721 -0.1914767 -0.04137048 -0.040583591
           oe         te
1  0.03669860 -0.1705027
2  0.00000000 -0.1906898
3 -0.07368868 -0.2320603

[[7]]
  delta        mu      mu_1      mu_0         de         se_1         se_0
1   0.5 0.8125183 0.6926097 0.8906078 -0.1979982  0.009498171  0.025328636
2   1.0 0.7634163 0.6831115 0.8652792 -0.1821677  0.000000000  0.000000000
3   2.0 0.7336813 0.6814780 0.8552824 -0.1738044 -0.001633467 -0.009996812
           oe         te
1  0.04910200 -0.1726696
2  0.00000000 -0.1821677
3 -0.02973501 -0.1838012

[[8]]
  delta        mu      mu_1      mu_0         de         se_1         se_0
1   0.5 0.7620670 0.6653951 0.8292533 -0.1638582 -0.006168572 -0.010572961
2   1.0 0.7450220 0.6715636 0.8398263 -0.1682626  0.000000000  0.000000000
3   2.0 0.7052607 0.6533425 0.8334782 -0.1801357 -0.018221166 -0.006348061
           oe         te
1  0.01704500 -0.1744312
2  0.00000000 -0.1682626
3 -0.03976136 -0.1864838

[[9]]
  delta        mu      mu_1      mu_0         de        se_1        se_0
1   0.5 0.8374380 0.7203867 0.9065613 -0.1861746  0.03813321  0.03572711
2   1.0 0.7643056 0.6822535 0.8708342 -0.1885807  0.00000000  0.00000000
3   2.0 0.7179642 0.6651735 0.8572699 -0.1920965 -0.01708000 -0.01356422
           oe         te
1  0.07313237 -0.1504475
2  0.00000000 -0.1885807
3 -0.04634139 -0.2056607

[[10]]
  delta        mu      mu_1      mu_0         de        se_1        se_0
1   0.5 0.8039188 0.6904756 0.8809695 -0.1904938  0.02368651  0.02134202
2   1.0 0.7493043 0.6667891 0.8596274 -0.1928383  0.00000000  0.00000000
3   2.0 0.6936228 0.6412791 0.8324692 -0.1911900 -0.02550997 -0.02715826
           oe         te
1  0.05461450 -0.1691518
2  0.00000000 -0.1928383
3 -0.05568149 -0.2183483

[[11]]
  delta        mu      mu_1      mu_0         de        se_1        se_0
1   0.5 0.7811109 0.6707503 0.8623269 -0.1915766  0.01917423  0.01285639
2   1.0 0.7331835 0.6515761 0.8494705 -0.1978944  0.00000000  0.00000000
3   2.0 0.6650649 0.6132940 0.8229256 -0.2096316 -0.03828208 -0.02654488
           oe         te
1  0.04792741 -0.1787202
2  0.00000000 -0.1978944
3 -0.06811862 -0.2361765

[[12]]
  delta        mu      mu_1      mu_0         de       se_1         se_0
1   0.5 0.8395728 0.7239326 0.9124546 -0.1885220 0.03620094 0.0414327758
2   1.0 0.7671961 0.6877317 0.8710219 -0.1832902 0.00000000 0.0000000000
3   2.0 0.7515281 0.7030850 0.8715985 -0.1685135 0.01535335 0.0005766886
           oe         te
1  0.07237672 -0.1470892
2  0.00000000 -0.1832902
3 -0.01566796 -0.1679368

[[13]]
  delta        mu      mu_1      mu_0         de          se_1         se_0
1   0.5 0.7590935 0.6573880 0.8294503 -0.1720623  0.0004005897 -0.003119478
2   1.0 0.7316088 0.6569874 0.8325698 -0.1755823  0.0000000000  0.000000000
3   2.0 0.6931475 0.6411900 0.8410757 -0.1998858 -0.0157974742  0.008505973
           oe         te
1  0.02748471 -0.1751817
2  0.00000000 -0.1755823
3 -0.03846127 -0.1913798

[[14]]
  delta        mu      mu_1      mu_0         de         se_1         se_0
1   0.5 0.7852106 0.6895895 0.8560311 -0.1664416  0.009476002 -0.003800574
2   1.0 0.7557767 0.6801135 0.8598317 -0.1797181  0.000000000  0.000000000
3   2.0 0.6853681 0.6357491 0.8221546 -0.1864055 -0.044364398 -0.037677046
           oe         te
1  0.02943394 -0.1702421
2  0.00000000 -0.1797181
3 -0.07040858 -0.2240825

[[15]]
  delta        mu      mu_1      mu_0         de        se_1         se_0
1   0.5 0.8118086 0.7268581 0.8715529 -0.1446948  0.03785471  0.005359079
2   1.0 0.7650339 0.6890034 0.8661938 -0.1771904  0.00000000  0.000000000
3   2.0 0.7036714 0.6532573 0.8398930 -0.1866357 -0.03574605 -0.026300824
           oe         te
1  0.04677466 -0.1393357
2  0.00000000 -0.1771904
3 -0.06136254 -0.2129365

[[16]]
  delta        mu      mu_1      mu_0         de        se_1         se_0
1   0.5 0.8080900 0.7034748 0.8833879 -0.1799131  0.01564183  0.006301979
2   1.0 0.7693151 0.6878329 0.8770859 -0.1892530  0.00000000  0.000000000
3   2.0 0.7232687 0.6764480 0.8480555 -0.1716075 -0.01138496 -0.029030434
           oe         te
1  0.03877491 -0.1736111
2  0.00000000 -0.1892530
3 -0.04604646 -0.2006379

[[17]]
  delta        mu      mu_1      mu_0         de        se_1         se_0
1   0.5 0.7934435 0.6872666 0.8641027 -0.1768361 0.019178389  0.014632167
2   1.0 0.7453345 0.6680882 0.8494705 -0.1813823 0.000000000  0.000000000
3   2.0 0.7196330 0.6721218 0.8452875 -0.1731657 0.004033595 -0.004183004
           oe         te
1  0.04810904 -0.1622039
2  0.00000000 -0.1813823
3 -0.02570149 -0.1773487

[[18]]
  delta        mu      mu_1      mu_0         de         se_1         se_0
1   0.5 0.7695091 0.6709833 0.8357170 -0.1647337 -0.007774904 -0.002746702
2   1.0 0.7496658 0.6787582 0.8384637 -0.1597055  0.000000000  0.000000000
3   2.0 0.7603900 0.7142306 0.8624391 -0.1482085  0.035472382  0.023975392
          oe         te
1 0.01984335 -0.1674804
2 0.00000000 -0.1597055
3 0.01072419 -0.1242331

[[19]]
  delta        mu      mu_1      mu_0         de        se_1        se_0
1   0.5 0.8222015 0.7050054 0.8946782 -0.1896728  0.02855920  0.02377787
2   1.0 0.7637130 0.6764462 0.8709004 -0.1944541  0.00000000  0.00000000
3   2.0 0.6750649 0.6116245 0.8366198 -0.2249952 -0.06482171 -0.03428060
           oe         te
1  0.05848852 -0.1658949
2  0.00000000 -0.1944541
3 -0.08864808 -0.2592759

[[20]]
  delta        mu      mu_1      mu_0         de       se_1       se_0
1   0.5 0.8303804 0.7213309 0.8973453 -0.1760143 0.02219603 0.02001862
2   1.0 0.7767729 0.6991349 0.8773266 -0.1781917 0.00000000 0.00000000
3   2.0 0.7658170 0.7164862 0.8884069 -0.1719208 0.01735128 0.01108031
           oe         te
1  0.05360744 -0.1559957
2  0.00000000 -0.1781917
3 -0.01095591 -0.1608405

[[1]]
  delta         mu       mu_1       mu_0         de       se_1       se_0
1   0.5 0.02459419 0.01989609 0.02734420 0.01962053 0.01613309 0.02268733
2   1.0 0.01719576 0.01729553 0.01697781 0.01214433 0.00000000 0.00000000
3   2.0 0.03368549 0.03573984 0.02737343 0.02383998 0.02906787 0.02393791
          oe         te
1 0.02088649 0.01585847
2 0.00000000 0.01214433
3 0.02844664 0.03501884

[[2]]
  delta         mu       mu_1       mu_0         de       se_1       se_0
1   0.5 0.02327219 0.01965075 0.02812529 0.02578452 0.01628883 0.02334674
2   1.0 0.01715319 0.01771671 0.01652271 0.01280354 0.00000000 0.00000000
3   2.0 0.03808476 0.04205577 0.03023889 0.03092443 0.03508687 0.02608362
          oe         te
1 0.01981629 0.01708188
2 0.00000000 0.01280354
3 0.03203439 0.04059737

[[3]]
  delta         mu       mu_1       mu_0         de       se_1       se_0
1   0.5 0.02720178 0.02158459 0.03017520 0.02084969 0.01673277 0.02541486
2   1.0 0.01793656 0.01813265 0.01775072 0.01270172 0.00000000 0.00000000
3   2.0 0.03278278 0.03789109 0.02229684 0.03030838 0.03158914 0.01826456
          oe         te
1 0.02289226 0.01633216
2 0.00000000 0.01270172
3 0.02769902 0.03733785

[[4]]
  delta         mu       mu_1       mu_0         de       se_1       se_0
1   0.5 0.02178212 0.01797883 0.02485593 0.01990806 0.01420041 0.02105796
2   1.0 0.01677385 0.01716866 0.01652457 0.01255320 0.00000000 0.00000000
3   2.0 0.03542451 0.03949036 0.02416671 0.02798525 0.03365340 0.02081701
          oe         te
1 0.01889705 0.01434527
2 0.00000000 0.01255320
3 0.03090523 0.03917343

[[5]]
  delta         mu       mu_1       mu_0         de       se_1       se_0
1   0.5 0.02507716 0.01922028 0.02870596 0.02123730 0.01562846 0.02370212
2   1.0 0.01695870 0.01713663 0.01702454 0.01257788 0.00000000 0.00000000
3   2.0 0.02993121 0.03170331 0.02450832 0.02091994 0.02426016 0.01921864
          oe         te
1 0.02115066 0.01528344
2 0.00000000 0.01257788
3 0.02370576 0.03064400

[[6]]
  delta         mu       mu_1       mu_0         de       se_1       se_0
1   0.5 0.02627124 0.01984523 0.02993343 0.02286016 0.01567612 0.02460831
2   1.0 0.01732740 0.01736156 0.01702501 0.01259797 0.00000000 0.00000000
3   2.0 0.03786057 0.04196188 0.02656552 0.02960193 0.03597616 0.02264321
          oe         te
1 0.02204194 0.01601926
2 0.00000000 0.01259797
3 0.03328256 0.04186606

[[7]]
  delta         mu       mu_1       mu_0         de       se_1       se_0
1   0.5 0.02412402 0.02025828 0.02720777 0.02050291 0.01455366 0.02271156
2   1.0 0.01842052 0.01910646 0.01755120 0.01254180 0.00000000 0.00000000
3   2.0 0.03366420 0.03653307 0.02554259 0.02548944 0.02796725 0.01927573
          oe         te
1 0.01985754 0.01502047
2 0.00000000 0.01254180
3 0.02615875 0.03406506

[[8]]
  delta         mu       mu_1       mu_0         de      se_1       se_0
1   0.5 0.02262505 0.01964780 0.02515236 0.01945232 0.0163985 0.02185689
2   1.0 0.01720897 0.01768051 0.01622952 0.01188696 0.0000000 0.00000000
3   2.0 0.03440926 0.03764864 0.02611086 0.02492314 0.0306706 0.02074837
          oe         te
1 0.02001935 0.01654798
2 0.00000000 0.01188696
3 0.02855462 0.03609776

[[9]]
  delta         mu       mu_1       mu_0         de       se_1      se_0
1   0.5 0.02424709 0.01966854 0.02711090 0.02065331 0.01613357 0.0224495
2   1.0 0.01676295 0.01702091 0.01646696 0.01249381 0.00000000 0.0000000
3   2.0 0.03063417 0.03239935 0.02484648 0.02213726 0.02527226 0.0202897
          oe         te
1 0.02055830 0.01618267
2 0.00000000 0.01249381
3 0.02456338 0.03132954

[[10]]
  delta         mu       mu_1       mu_0         de       se_1       se_0
1   0.5 0.02500311 0.01997325 0.02884660 0.02386319 0.01611756 0.02351624
2   1.0 0.01658645 0.01744993 0.01599964 0.01311665 0.00000000 0.00000000
3   2.0 0.03119236 0.03424719 0.02388000 0.02493568 0.02726200 0.02080762
          oe         te
1 0.02113824 0.01609386
2 0.00000000 0.01311665
3 0.02577215 0.03340688

[[11]]
  delta         mu       mu_1       mu_0         de       se_1       se_0
1   0.5 0.02424720 0.01950151 0.02755195 0.02189501 0.01547285 0.02413557
2   1.0 0.01682008 0.01744508 0.01601699 0.01264833 0.00000000 0.00000000
3   2.0 0.03104356 0.03279274 0.02489227 0.02377673 0.02579787 0.02022352
          oe         te
1 0.02141788 0.01624175
2 0.00000000 0.01264833
3 0.02527522 0.03220803

[[12]]
  delta         mu       mu_1       mu_0         de       se_1       se_0
1   0.5 0.02502315 0.01936739 0.02787177 0.01947260 0.01519033 0.02237772
2   1.0 0.01710691 0.01746306 0.01683513 0.01199254 0.00000000 0.00000000
3   2.0 0.03077047 0.03315650 0.02505356 0.02267118 0.02787896 0.02187768
          oe         te
1 0.02064616 0.01486259
2 0.00000000 0.01199254
3 0.02665920 0.03315894

[[13]]
  delta         mu       mu_1       mu_0         de       se_1      se_0
1   0.5 0.02243206 0.01896324 0.02552527 0.02029600 0.01428930 0.0214729
2   1.0 0.01666286 0.01774096 0.01600131 0.01267753 0.00000000 0.0000000
3   2.0 0.03165643 0.03520348 0.02538271 0.02704762 0.02857202 0.0206497
          oe         te
1 0.01907621 0.01485212
2 0.00000000 0.01267753
3 0.02605668 0.03411745

[[14]]
  delta         mu       mu_1       mu_0         de       se_1       se_0
1   0.5 0.02450418 0.01946013 0.02830501 0.02219936 0.01607747 0.02364859
2   1.0 0.01730344 0.01802724 0.01640059 0.01245101 0.00000000 0.00000000
3   2.0 0.03174243 0.03383998 0.02530382 0.02131628 0.02510482 0.02062622
          oe         te
1 0.02107960 0.01506604
2 0.00000000 0.01245101
3 0.02465381 0.03184560

[[15]]
  delta         mu       mu_1       mu_0         de       se_1       se_0
1   0.5 0.02395504 0.01908125 0.02708164 0.01926063 0.01681281 0.02355895
2   1.0 0.01800564 0.01872044 0.01691292 0.01216871 0.00000000 0.00000000
3   2.0 0.03273689 0.03479021 0.02630645 0.02233475 0.02623010 0.02049755
          oe         te
1 0.02186602 0.01470312
2 0.00000000 0.01216871
3 0.02538597 0.03276906

[[16]]
  delta         mu       mu_1       mu_0         de       se_1       se_0
1   0.5 0.02348191 0.01947752 0.02705090 0.02278718 0.01533086 0.02333760
2   1.0 0.01717967 0.01772935 0.01628666 0.01226575 0.00000000 0.00000000
3   2.0 0.03126696 0.03388027 0.02350192 0.02182000 0.02786687 0.01946373
         oe         te
1 0.0205751 0.01551950
2 0.0000000 0.01226575
3 0.0260653 0.03299037

[[17]]
  delta         mu       mu_1       mu_0         de       se_1       se_0
1   0.5 0.02681340 0.02211188 0.03005290 0.02345630 0.01826175 0.02520509
2   1.0 0.01698787 0.01710667 0.01677279 0.01239318 0.00000000 0.00000000
3   2.0 0.03202644 0.03508711 0.02526993 0.02518783 0.02877661 0.02137000
          oe         te
1 0.02250212 0.01818663
2 0.00000000 0.01239318
3 0.02701558 0.03482532

[[18]]
  delta         mu       mu_1       mu_0         de       se_1       se_0
1   0.5 0.02621317 0.01958864 0.02954862 0.01989744 0.01592419 0.02417854
2   1.0 0.01636044 0.01677366 0.01630333 0.01219777 0.00000000 0.00000000
3   2.0 0.02970476 0.03155383 0.02517789 0.02221477 0.02439797 0.02111333
          oe         te
1 0.02219067 0.01465706
2 0.00000000 0.01219777
3 0.02378013 0.03019646

[[19]]
  delta         mu       mu_1       mu_0         de       se_1       se_0
1   0.5 0.02551183 0.02004982 0.02914634 0.02310055 0.01506678 0.02316444
2   1.0 0.01670814 0.01683627 0.01663523 0.01277496 0.00000000 0.00000000
3   2.0 0.02985454 0.03314167 0.02210135 0.02432027 0.02692173 0.01780405
          oe         te
1 0.02045500 0.01643186
2 0.00000000 0.01277496
3 0.02451713 0.03229194

[[20]]
  delta         mu       mu_1       mu_0         de       se_1       se_0
1   0.5 0.02580892 0.02114508 0.02883731 0.02152585 0.01758264 0.02440496
2   1.0 0.01860149 0.01920237 0.01756510 0.01301485 0.00000000 0.00000000
3   2.0 0.03990283 0.04293310 0.02865013 0.02702024 0.03500255 0.02354593
          oe         te
1 0.02231882 0.01760384
2 0.00000000 0.01301485
3 0.03327755 0.04143617

[[1]]
  delta        mu      mu_1      mu_0         de        se_1        se_0
1   0.5 0.7842943 0.6973323 0.8515563 -0.1542240  0.03030273  0.01427497
2   1.0 0.7346138 0.6670296 0.8372813 -0.1702518  0.00000000  0.00000000
3   2.0 0.6874571 0.6440963 0.8240408 -0.1799445 -0.02293329 -0.01324055
           oe         te
1  0.04968054 -0.1399490
2  0.00000000 -0.1702518
3 -0.04715672 -0.1931851

[[2]]
  delta        mu      mu_1      mu_0         de        se_1        se_0
1   0.5 0.7650712 0.6808004 0.8257232 -0.1449227 -0.00399447 -0.03946722
2   1.0 0.7610677 0.6847949 0.8651904 -0.1803955  0.00000000  0.00000000
3   2.0 0.6918531 0.6335295 0.8512908 -0.2177613 -0.05126535 -0.01389955
            oe         te
1  0.004003473 -0.1843900
2  0.000000000 -0.1803955
3 -0.069214590 -0.2316608

[[3]]
  delta        mu      mu_1      mu_0         de        se_1        se_0
1   0.5 0.8271960 0.7033958 0.9007303 -0.1973345  0.03385641  0.04547271
2   1.0 0.7529287 0.6695394 0.8552576 -0.1857183  0.00000000  0.00000000
3   2.0 0.6645738 0.5947545 0.8446451 -0.2498905 -0.07478482 -0.01061254
           oe         te
1  0.07426727 -0.1518618
2  0.00000000 -0.1857183
3 -0.08835494 -0.2605031

[[4]]
  delta        mu      mu_1      mu_0         de         se_1       se_0
1   0.5 0.7538726 0.6791963 0.8128828 -0.1336864  0.024658393 -0.0193374
2   1.0 0.7265849 0.6545380 0.8322202 -0.1776822  0.000000000  0.0000000
3   2.0 0.6963332 0.6527114 0.8230190 -0.1703076 -0.001826554 -0.0092012
           oe         te
1  0.02728764 -0.1530238
2  0.00000000 -0.1776822
3 -0.03025168 -0.1795088

[[5]]
  delta        mu      mu_1      mu_0         de        se_1       se_0
1   0.5 0.7603658 0.6785141 0.8216868 -0.1431727  0.01582722 -0.0274594
2   1.0 0.7408668 0.6626869 0.8491462 -0.1864593  0.00000000  0.0000000
3   2.0 0.6860792 0.6385443 0.8209921 -0.1824478 -0.02414266 -0.0281541
           oe         te
1  0.01949901 -0.1706321
2  0.00000000 -0.1864593
3 -0.05478756 -0.2106019

[[6]]
  delta        mu      mu_1      mu_0         de        se_1         se_0
1   0.5 0.7993656 0.6999246 0.8669408 -0.1670163  0.02074525 -0.002717105
2   1.0 0.7620871 0.6791793 0.8696579 -0.1904786  0.00000000  0.000000000
3   2.0 0.6912736 0.6402035 0.8311139 -0.1909104 -0.03897585 -0.038544074
           oe         te
1  0.03727849 -0.1697334
2  0.00000000 -0.1904786
3 -0.07081349 -0.2294545

[[7]]
  delta        mu      mu_1      mu_0         de         se_1        se_0
1   0.5 0.8154732 0.6945560 0.8947003 -0.2001443  0.011150832  0.02894536
2   1.0 0.7637364 0.6834051 0.8657549 -0.1823498  0.000000000  0.00000000
3   2.0 0.7332909 0.6813989 0.8543046 -0.1729057 -0.002006204 -0.01145031
           oe         te
1  0.05173680 -0.1711990
2  0.00000000 -0.1823498
3 -0.03044555 -0.1843560

[[8]]
  delta        mu      mu_1      mu_0         de        se_1         se_0
1   0.5 0.7603363 0.6640538 0.8272472 -0.1631934 -0.00777443 -0.012516589
2   1.0 0.7450944 0.6718282 0.8397638 -0.1679356  0.00000000  0.000000000
3   2.0 0.7060338 0.6544450 0.8337184 -0.1792733 -0.01738320 -0.006045445
           oe         te
1  0.01524189 -0.1757100
2  0.00000000 -0.1679356
3 -0.03906063 -0.1853188

[[9]]
  delta        mu      mu_1      mu_0         de        se_1        se_0
1   0.5 0.8380692 0.7210288 0.9073721 -0.1863433  0.03845052  0.03665211
2   1.0 0.7644348 0.6825783 0.8707200 -0.1881417  0.00000000  0.00000000
3   2.0 0.7207116 0.6686689 0.8573769 -0.1887080 -0.01390938 -0.01334309
           oe         te
1  0.07363437 -0.1496912
2  0.00000000 -0.1881417
3 -0.04372321 -0.2020511

[[10]]
  delta        mu      mu_1      mu_0         de        se_1        se_0
1   0.5 0.8032393 0.6920224 0.8786234 -0.1866010  0.02337898  0.01864428
2   1.0 0.7508201 0.6686435 0.8599791 -0.1913357  0.00000000  0.00000000
3   2.0 0.6976883 0.6444615 0.8351202 -0.1906587 -0.02418197 -0.02485893
           oe         te
1  0.05241926 -0.1679567
2  0.00000000 -0.1913357
3 -0.05313177 -0.2155176

[[11]]
  delta        mu      mu_1      mu_0         de        se_1        se_0
1   0.5 0.7818411 0.6711298 0.8629901 -0.1918604  0.01925540  0.01304155
2   1.0 0.7336543 0.6518744 0.8499486 -0.1980742  0.00000000  0.00000000
3   2.0 0.6654088 0.6137289 0.8230820 -0.2093531 -0.03814543 -0.02686658
           oe         te
1  0.04818685 -0.1788188
2  0.00000000 -0.1980742
3 -0.06824549 -0.2362197

[[12]]
  delta        mu      mu_1      mu_0         de       se_1         se_0
1   0.5 0.8379401 0.7234512 0.9103514 -0.1869002 0.03512960 0.0388870534
2   1.0 0.7677740 0.6883216 0.8714643 -0.1831427 0.00000000 0.0000000000
3   2.0 0.7526420 0.7036169 0.8722410 -0.1686240 0.01529529 0.0007766228
           oe         te
1  0.07016610 -0.1480131
2  0.00000000 -0.1831427
3 -0.01513196 -0.1678474

[[13]]
  delta        mu      mu_1      mu_0         de         se_1         se_0
1   0.5 0.7641524 0.6603396 0.8345887 -0.1742491  0.003178484 0.0003122436
2   1.0 0.7327042 0.6571611 0.8342765 -0.1771153  0.000000000 0.0000000000
3   2.0 0.6952841 0.6434322 0.8425045 -0.1990723 -0.013728933 0.0082279925
           oe         te
1  0.03144827 -0.1739368
2  0.00000000 -0.1771153
3 -0.03742003 -0.1908443

[[14]]
  delta        mu      mu_1      mu_0         de         se_1         se_0
1   0.5 0.7853749 0.6897821 0.8561250 -0.1663430  0.009789585 -0.003728648
2   1.0 0.7557356 0.6799925 0.8598537 -0.1798612  0.000000000  0.000000000
3   2.0 0.6846685 0.6348888 0.8219118 -0.1870229 -0.045103617 -0.037941937
           oe         te
1  0.02963925 -0.1700716
2  0.00000000 -0.1798612
3 -0.07106716 -0.2249648

[[15]]
  delta        mu      mu_1      mu_0         de        se_1         se_0
1   0.5 0.8085265 0.7227577 0.8691955 -0.1464377  0.03626936  0.007409205
2   1.0 0.7611726 0.6864884 0.8617862 -0.1752979  0.00000000  0.000000000
3   2.0 0.7043787 0.6553146 0.8369085 -0.1815939 -0.03117375 -0.024877773
           oe         te
1  0.04735389 -0.1390285
2  0.00000000 -0.1752979
3 -0.05679391 -0.2064716

[[16]]
  delta        mu      mu_1      mu_0         de         se_1         se_0
1   0.5 0.8065196 0.7027319 0.8819362 -0.1792043  0.015403713  0.006346983
2   1.0 0.7682337 0.6873281 0.8755892 -0.1882611  0.000000000  0.000000000
3   2.0 0.7243777 0.6774615 0.8488571 -0.1713956 -0.009866596 -0.026732068
           oe         te
1  0.03828589 -0.1728574
2  0.00000000 -0.1882611
3 -0.04385607 -0.1981277

[[17]]
  delta        mu      mu_1      mu_0         de        se_1         se_0
1   0.5 0.7935467 0.6886373 0.8635552 -0.1749179 0.019988574  0.013291061
2   1.0 0.7458557 0.6686487 0.8502641 -0.1816154 0.000000000  0.000000000
3   2.0 0.7194438 0.6721583 0.8451240 -0.1729657 0.003509578 -0.005140117
           oe         te
1  0.04769101 -0.1616269
2  0.00000000 -0.1816154
3 -0.02641183 -0.1781059

[[18]]
  delta        mu      mu_1      mu_0         de         se_1        se_0
1   0.5 0.7649720 0.6693646 0.8300650 -0.1607004 -0.009413691 -0.00761949
2   1.0 0.7493365 0.6787783 0.8376845 -0.1589062  0.000000000  0.00000000
3   2.0 0.7594435 0.7135943 0.8616308 -0.1480365  0.034816018  0.02394625
          oe         te
1 0.01563541 -0.1683199
2 0.00000000 -0.1589062
3 0.01010694 -0.1240902

[[19]]
  delta        mu      mu_1      mu_0         de        se_1        se_0
1   0.5 0.8238517 0.7046508 0.8980759 -0.1934252  0.02991162  0.02802637
2   1.0 0.7620380 0.6747391 0.8700496 -0.1953104  0.00000000  0.00000000
3   2.0 0.6704259 0.6062346 0.8364243 -0.2301896 -0.06850450 -0.03362530
           oe         te
1  0.06181372 -0.1653988
2  0.00000000 -0.1953104
3 -0.09161213 -0.2638149

[[20]]
  delta        mu      mu_1      mu_0         de       se_1       se_0
1   0.5 0.8305115 0.7221551 0.8966594 -0.1745042 0.02277388 0.01984918
2   1.0 0.7766850 0.6993813 0.8768102 -0.1774289 0.00000000 0.00000000
3   2.0 0.7658838 0.7164214 0.8887378 -0.1723165 0.01704009 0.01192764
           oe         te
1  0.05382646 -0.1546551
2  0.00000000 -0.1774289
3 -0.01080119 -0.1603888

[[1]]
  delta         mu       mu_1       mu_0         de       se_1       se_0
1   0.5 0.02465714 0.01998333 0.02734613 0.01953547 0.01623148 0.02264789
2   1.0 0.01725678 0.01733788 0.01702190 0.01217791 0.00000000 0.00000000
3   2.0 0.03423910 0.03636569 0.02770406 0.02420199 0.02957765 0.02425380
          oe         te
1 0.02091930 0.01586496
2 0.00000000 0.01217791
3 0.02890877 0.03556855

[[2]]
  delta         mu       mu_1       mu_0         de       se_1       se_0
1   0.5 0.02324608 0.01962499 0.02823319 0.02605564 0.01617267 0.02347779
2   1.0 0.01716693 0.01773665 0.01651190 0.01277174 0.00000000 0.00000000
3   2.0 0.03779654 0.04159180 0.03008521 0.03037953 0.03456721 0.02587192
          oe         te
1 0.01979385 0.01705470
2 0.00000000 0.01277174
3 0.03169718 0.04009781

[[3]]
  delta         mu       mu_1       mu_0         de       se_1       se_0
1   0.5 0.02716289 0.02155082 0.03013849 0.02084290 0.01669449 0.02538300
2   1.0 0.01793399 0.01813442 0.01775089 0.01270600 0.00000000 0.00000000
3   2.0 0.03280728 0.03788498 0.02228871 0.03030076 0.03158042 0.01825325
          oe         te
1 0.02285436 0.01630849
2 0.00000000 0.01270600
3 0.02772492 0.03733477

[[4]]
  delta         mu       mu_1       mu_0         de       se_1       se_0
1   0.5 0.02194934 0.01799925 0.02504817 0.01988534 0.01429779 0.02127199
2   1.0 0.01677079 0.01716695 0.01649239 0.01254838 0.00000000 0.00000000
3   2.0 0.03579070 0.03983850 0.02441886 0.02826957 0.03404378 0.02117663
          oe         te
1 0.01910988 0.01429076
2 0.00000000 0.01254838
3 0.03131323 0.03953189

[[5]]
  delta         mu       mu_1       mu_0         de       se_1       se_0
1   0.5 0.02493266 0.01919274 0.02849123 0.02102814 0.01557318 0.02353990
2   1.0 0.01696454 0.01715260 0.01700948 0.01255247 0.00000000 0.00000000
3   2.0 0.02984934 0.03165069 0.02442227 0.02096522 0.02422013 0.01909859
          oe         te
1 0.02102692 0.01526318
2 0.00000000 0.01255247
3 0.02361906 0.03056995

[[6]]
  delta         mu       mu_1       mu_0         de       se_1       se_0
1   0.5 0.02609749 0.01975861 0.02972627 0.02271916 0.01550340 0.02446363
2   1.0 0.01728319 0.01729458 0.01696846 0.01257109 0.00000000 0.00000000
3   2.0 0.03703145 0.04097252 0.02631185 0.02882832 0.03503424 0.02247986
          oe         te
1 0.02190955 0.01585217
2 0.00000000 0.01257109
3 0.03249958 0.04091425

[[7]]
  delta         mu       mu_1       mu_0         de       se_1       se_0
1   0.5 0.02433244 0.02058826 0.02761910 0.02124157 0.01496833 0.02315024
2   1.0 0.01844803 0.01916097 0.01755116 0.01262188 0.00000000 0.00000000
3   2.0 0.03349059 0.03635383 0.02558575 0.02554319 0.02769317 0.01929801
          oe         te
1 0.02010644 0.01553516
2 0.00000000 0.01262188
3 0.02592189 0.03388499

[[8]]
  delta         mu       mu_1       mu_0         de       se_1       se_0
1   0.5 0.02310699 0.02010548 0.02568990 0.01941406 0.01698179 0.02241591
2   1.0 0.01726194 0.01774357 0.01624507 0.01186200 0.00000000 0.00000000
3   2.0 0.03463324 0.03787235 0.02612267 0.02489605 0.03081045 0.02074149
          oe         te
1 0.02058438 0.01703532
2 0.00000000 0.01186200
3 0.02868564 0.03622990

[[9]]
  delta         mu       mu_1       mu_0         de       se_1       se_0
1   0.5 0.02428211 0.01966418 0.02715566 0.02065011 0.01613873 0.02251579
2   1.0 0.01675868 0.01702743 0.01644681 0.01247513 0.00000000 0.00000000
3   2.0 0.03117347 0.03306462 0.02498663 0.02266375 0.02602160 0.02042466
          oe         te
1 0.02061314 0.01613722
2 0.00000000 0.01247513
3 0.02515089 0.03197761

[[10]]
  delta         mu       mu_1       mu_0         de       se_1       se_0
1   0.5 0.02503260 0.01997292 0.02896499 0.02403240 0.01607069 0.02350281
2   1.0 0.01659168 0.01745849 0.01600688 0.01313103 0.00000000 0.00000000
3   2.0 0.03104118 0.03411298 0.02366705 0.02494359 0.02716806 0.02076727
          oe         te
1 0.02102266 0.01602236
2 0.00000000 0.01313103
3 0.02571507 0.03336466

[[11]]
  delta         mu       mu_1       mu_0         de       se_1       se_0
1   0.5 0.02429004 0.01954755 0.02759151 0.02193664 0.01550130 0.02417027
2   1.0 0.01681598 0.01742799 0.01602793 0.01264961 0.00000000 0.00000000
3   2.0 0.03097557 0.03273044 0.02488133 0.02382069 0.02573561 0.02021408
          oe         te
1 0.02143935 0.01630911
2 0.00000000 0.01264961
3 0.02520767 0.03216157

[[12]]
  delta         mu       mu_1       mu_0         de       se_1       se_0
1   0.5 0.02552690 0.01954516 0.02831198 0.01945067 0.01519145 0.02245684
2   1.0 0.01718791 0.01747027 0.01694294 0.01200580 0.00000000 0.00000000
3   2.0 0.03120959 0.03387640 0.02478878 0.02380099 0.02870508 0.02152222
          oe         te
1 0.02075921 0.01470958
2 0.00000000 0.01200580
3 0.02719619 0.03398471

[[13]]
  delta         mu       mu_1       mu_0         de       se_1       se_0
1   0.5 0.02231231 0.01908219 0.02522528 0.01997477 0.01413748 0.02087527
2   1.0 0.01677792 0.01778736 0.01615058 0.01266706 0.00000000 0.00000000
3   2.0 0.03274507 0.03682561 0.02526351 0.02845167 0.03051430 0.02048963
          oe         te
1 0.01853357 0.01490811
2 0.00000000 0.01266706
3 0.02742764 0.03586588

[[14]]
  delta         mu       mu_1       mu_0         de       se_1       se_0
1   0.5 0.02449955 0.01945952 0.02828314 0.02215824 0.01608982 0.02363086
2   1.0 0.01731537 0.01804364 0.01640285 0.01244917 0.00000000 0.00000000
3   2.0 0.03179468 0.03389455 0.02529855 0.02131637 0.02513192 0.02060508
          oe         te
1 0.02108481 0.01505979
2 0.00000000 0.01244917
3 0.02467938 0.03188468

[[15]]
  delta         mu       mu_1       mu_0         de       se_1       se_0
1   0.5 0.02440083 0.01920746 0.02757635 0.01950636 0.01723202 0.02394621
2   1.0 0.01775581 0.01847455 0.01678040 0.01234382 0.00000000 0.00000000
3   2.0 0.03281419 0.03494337 0.02613483 0.02244086 0.02661736 0.02081317
          oe         te
1 0.02234747 0.01489396
2 0.00000000 0.01234382
3 0.02587198 0.03341581

[[16]]
  delta         mu       mu_1       mu_0         de       se_1       se_0
1   0.5 0.02350041 0.01948177 0.02712926 0.02292194 0.01536030 0.02339374
2   1.0 0.01714860 0.01772197 0.01623400 0.01226791 0.00000000 0.00000000
3   2.0 0.03127807 0.03391556 0.02340134 0.02183583 0.02792153 0.01937664
          oe         te
1 0.02057595 0.01552378
2 0.00000000 0.01226791
3 0.02607567 0.03304651

[[17]]
  delta         mu       mu_1       mu_0         de       se_1       se_0
1   0.5 0.02696939 0.02211680 0.03028892 0.02362573 0.01825780 0.02551747
2   1.0 0.01693412 0.01699409 0.01680455 0.01238374 0.00000000 0.00000000
3   2.0 0.03145706 0.03463455 0.02476814 0.02535143 0.02859406 0.02082025
          oe         te
1 0.02268056 0.01827102
2 0.00000000 0.01238374
3 0.02659445 0.03448593

[[18]]
  delta         mu       mu_1       mu_0         de       se_1       se_0
1   0.5 0.02628195 0.01948048 0.02972179 0.02006801 0.01593202 0.02447469
2   1.0 0.01639510 0.01685596 0.01628780 0.01219391 0.00000000 0.00000000
3   2.0 0.02968612 0.03159744 0.02517684 0.02233734 0.02428035 0.02095224
          oe         te
1 0.02242886 0.01464505
2 0.00000000 0.01219391
3 0.02355156 0.03005156

[[19]]
  delta         mu       mu_1       mu_0         de       se_1       se_0
1   0.5 0.02539471 0.02026263 0.02929573 0.02399134 0.01541165 0.02364917
2   1.0 0.01666152 0.01688037 0.01651430 0.01272064 0.00000000 0.00000000
3   2.0 0.03037287 0.03350902 0.02240487 0.02371471 0.02703805 0.01818252
          oe         te
1 0.02058853 0.01664584
2 0.00000000 0.01272064
3 0.02480852 0.03236090

[[20]]
  delta         mu       mu_1       mu_0         de       se_1       se_0
1   0.5 0.02572437 0.02101315 0.02887929 0.02178157 0.01749121 0.02433799
2   1.0 0.01859934 0.01920155 0.01759638 0.01306625 0.00000000 0.00000000
3   2.0 0.03999508 0.04318422 0.02850691 0.02752160 0.03530760 0.02342276
          oe         te
1 0.02221860 0.01759965
2 0.00000000 0.01306625
3 0.03341028 0.04174504

[1] "Total run time was 3493.763 seconds"
