Warning message:
package ‘SuperLearner’ was built under R version 4.1.3 
[1] "[Simulation setting]"
[1] "n: 500"
[1] "deltas: 0.5, 1, 2"
[1] "K: 2"
[1] "r: 100"
[1] "s: 1"
[1] "Sim.id 1"
[1] "Data generated and format changed"
[1] "   Split: 1"
Loading required namespace: nnet
Loading required namespace: ranger
[1] "   Split: 2"
[1] "Estimates and SE estimates computed"
[1] ""
[1] "Sim.id 2"
[1] "Data generated and format changed"
[1] "   Split: 1"
[1] "   Split: 2"
[1] "Estimates and SE estimates computed"
[1] ""
[1] "Sim.id 3"
[1] "Data generated and format changed"
[1] "   Split: 1"
[1] "   Split: 2"
[1] "Estimates and SE estimates computed"
[1] ""
[1] "Sim.id 4"
[1] "Data generated and format changed"
[1] "   Split: 1"
[1] "   Split: 2"
[1] "Estimates and SE estimates computed"
[1] ""
[1] "Sim.id 5"
[1] "Data generated and format changed"
[1] "   Split: 1"
[1] "   Split: 2"
[1] "Estimates and SE estimates computed"
[1] ""
[1] "Sim.id 6"
[1] "Data generated and format changed"
[1] "   Split: 1"
[1] "   Split: 2"
[1] "Estimates and SE estimates computed"
[1] ""
[1] "Sim.id 7"
[1] "Data generated and format changed"
[1] "   Split: 1"
[1] "   Split: 2"
[1] "Estimates and SE estimates computed"
[1] ""
[1] "Sim.id 8"
[1] "Data generated and format changed"
[1] "   Split: 1"
[1] "   Split: 2"
[1] "Estimates and SE estimates computed"
[1] ""
[1] "Sim.id 9"
[1] "Data generated and format changed"
[1] "   Split: 1"
[1] "   Split: 2"
[1] "Estimates and SE estimates computed"
[1] ""
[1] "Sim.id 10"
[1] "Data generated and format changed"
[1] "   Split: 1"
[1] "   Split: 2"
[1] "Estimates and SE estimates computed"
[1] ""
[1] "Sim.id 11"
[1] "Data generated and format changed"
[1] "   Split: 1"
[1] "   Split: 2"
[1] "Estimates and SE estimates computed"
[1] ""
[1] "Sim.id 12"
[1] "Data generated and format changed"
[1] "   Split: 1"
[1] "   Split: 2"
[1] "Estimates and SE estimates computed"
[1] ""
[1] "Sim.id 13"
[1] "Data generated and format changed"
[1] "   Split: 1"
[1] "   Split: 2"
[1] "Estimates and SE estimates computed"
[1] ""
[1] "Sim.id 14"
[1] "Data generated and format changed"
[1] "   Split: 1"
[1] "   Split: 2"
[1] "Estimates and SE estimates computed"
[1] ""
[1] "Sim.id 15"
[1] "Data generated and format changed"
[1] "   Split: 1"
[1] "   Split: 2"
[1] "Estimates and SE estimates computed"
[1] ""
[1] "Sim.id 16"
[1] "Data generated and format changed"
[1] "   Split: 1"
[1] "   Split: 2"
[1] "Estimates and SE estimates computed"
[1] ""
[1] "Sim.id 17"
[1] "Data generated and format changed"
[1] "   Split: 1"
[1] "   Split: 2"
[1] "Estimates and SE estimates computed"
[1] ""
[1] "Sim.id 18"
[1] "Data generated and format changed"
[1] "   Split: 1"
[1] "   Split: 2"
[1] "Estimates and SE estimates computed"
[1] ""
[1] "Sim.id 19"
[1] "Data generated and format changed"
[1] "   Split: 1"
[1] "   Split: 2"
[1] "Estimates and SE estimates computed"
[1] ""
[1] "Sim.id 20"
[1] "Data generated and format changed"
[1] "   Split: 1"
[1] "   Split: 2"
[1] "Estimates and SE estimates computed"
[1] ""
[[1]]
  delta        mu      mu_1      mu_0         de         se_1         se_0
1   0.5 0.7732000 0.6671385 0.8426355 -0.1754971  0.003480593  0.005357698
2   1.0 0.7391100 0.6636579 0.8372778 -0.1736200  0.000000000  0.000000000
3   2.0 0.6896833 0.6393436 0.8247227 -0.1853791 -0.024314279 -0.012555126
           oe         te
1  0.03409008 -0.1701394
2  0.00000000 -0.1736200
3 -0.04942665 -0.1979343

[[2]]
  delta        mu      mu_1      mu_0         de          se_1        se_0
1   0.5 0.8103336 0.6882823 0.8857742 -0.1974919  0.0007185726  0.01277692
2   1.0 0.7719279 0.6875638 0.8729973 -0.1854335  0.0000000000  0.00000000
3   2.0 0.7169909 0.6712138 0.8223113 -0.1510975 -0.0163500159 -0.05068599
           oe         te
1  0.03840569 -0.1847149
2  0.00000000 -0.1854335
3 -0.05493702 -0.2017835

[[3]]
  delta        mu      mu_1      mu_0         de        se_1         se_0
1   0.5 0.7976607 0.6899063 0.8700346 -0.1801283  0.03254822  0.005047902
2   1.0 0.7474731 0.6573581 0.8649867 -0.2076286  0.00000000  0.000000000
3   2.0 0.6748512 0.6189701 0.8274616 -0.2084915 -0.03838802 -0.037525057
           oe         te
1  0.05018758 -0.1750803
2  0.00000000 -0.2076286
3 -0.07262187 -0.2460166

[[4]]
  delta        mu      mu_1      mu_0         de        se_1         se_0
1   0.5 0.8183714 0.7340644 0.8731121 -0.1390477  0.04630796  0.011561196
2   1.0 0.7611313 0.6877565 0.8615509 -0.1737945  0.00000000  0.000000000
3   2.0 0.6988450 0.6372660 0.8557405 -0.2184745 -0.05049047 -0.005810466
           oe         te
1  0.05724010 -0.1274865
2  0.00000000 -0.1737945
3 -0.06228626 -0.2242850

[[5]]
  delta        mu      mu_1      mu_0         de        se_1        se_0
1   0.5 0.8432518 0.7373204 0.9159650 -0.1786447  0.03705214  0.03269747
2   1.0 0.7783786 0.7002682 0.8832676 -0.1829993  0.00000000  0.00000000
3   2.0 0.7228980 0.6675071 0.8730429 -0.2055358 -0.03276110 -0.01022468
           oe         te
1  0.06487324 -0.1459472
2  0.00000000 -0.1829993
3 -0.05548060 -0.2157604

[[6]]
  delta        mu      mu_1      mu_0         de        se_1         se_0
1   0.5 0.8241262 0.7185080 0.8893468 -0.1708387  0.03695798  0.016073823
2   1.0 0.7673868 0.6815501 0.8732729 -0.1917229  0.00000000  0.000000000
3   2.0 0.7260518 0.6687140 0.8646272 -0.1959133 -0.01283609 -0.008645699
           oe         te
1  0.05673938 -0.1547649
2  0.00000000 -0.1917229
3 -0.04133499 -0.2045590

[[7]]
  delta        mu      mu_1      mu_0         de         se_1         se_0
1   0.5 0.7489585 0.6643010 0.8174001 -0.1530990  0.013004335 -0.004465999
2   1.0 0.7190036 0.6512967 0.8218661 -0.1705694  0.000000000  0.000000000
3   2.0 0.6853344 0.6453396 0.8076260 -0.1622864 -0.005957063 -0.014240040
           oe         te
1  0.02995486 -0.1575650
2  0.00000000 -0.1705694
3 -0.03366923 -0.1765264

[[8]]
  delta        mu      mu_1      mu_0         de        se_1        se_0
1   0.5 0.8603534 0.7502741 0.9299124 -0.1796383  0.02805821  0.02535449
2   1.0 0.8009482 0.7222159 0.9045579 -0.1823420  0.00000000  0.00000000
3   2.0 0.7332933 0.6744049 0.8940473 -0.2196424 -0.04781106 -0.01051068
           oe         te
1  0.05940518 -0.1542838
2  0.00000000 -0.1823420
3 -0.06765499 -0.2301531

[[9]]
  delta        mu      mu_1      mu_0         de        se_1        se_0
1   0.5 0.7655019 0.6457112 0.8491528 -0.2034416  0.01109352  0.02543090
2   1.0 0.7123777 0.6346177 0.8237219 -0.1891042  0.00000000  0.00000000
3   2.0 0.6677366 0.6179218 0.8076510 -0.1897292 -0.01669589 -0.01607091
           oe         te
1  0.05312421 -0.1780107
2  0.00000000 -0.1891042
3 -0.04464111 -0.2058001

[[10]]
  delta        mu      mu_1      mu_0         de        se_1        se_0
1   0.5 0.7908163 0.6940789 0.8576859 -0.1636070  0.04631537  0.01282970
2   1.0 0.7320395 0.6477635 0.8448562 -0.1970927  0.00000000  0.00000000
3   2.0 0.6379115 0.5740454 0.8198068 -0.2457614 -0.07371816 -0.02504943
           oe         te
1  0.05877679 -0.1507773
2  0.00000000 -0.1970927
3 -0.09412802 -0.2708108

[[11]]
  delta        mu      mu_1      mu_0         de        se_1        se_0
1   0.5 0.8140835 0.6865012 0.9004663 -0.2139651  0.02936509  0.04025349
2   1.0 0.7434150 0.6571361 0.8602128 -0.2030767  0.00000000  0.00000000
3   2.0 0.6916494 0.6345105 0.8492604 -0.2147499 -0.02262562 -0.01095240
           oe         te
1  0.07066849 -0.1737116
2  0.00000000 -0.2030767
3 -0.05176567 -0.2257023

[[12]]
  delta        mu      mu_1      mu_0         de        se_1          se_0
1   0.5 0.7736375 0.6808652 0.8389714 -0.1581062  0.03531447 -0.0001053536
2   1.0 0.7259950 0.6455507 0.8390768 -0.1935260  0.00000000  0.0000000000
3   2.0 0.6630711 0.6044049 0.8216390 -0.2172341 -0.04114580 -0.0174377302
           oe         te
1  0.04764255 -0.1582116
2  0.00000000 -0.1935260
3 -0.06292391 -0.2346718

[[13]]
  delta        mu      mu_1      mu_0         de         se_1        se_0
1   0.5 0.7986472 0.6917372 0.8655844 -0.1738472 -0.003032764 0.005156877
2   1.0 0.7691147 0.6947700 0.8604276 -0.1656576  0.000000000 0.000000000
3   2.0 0.7651491 0.7159594 0.8759964 -0.1600370  0.021189419 0.015568807
            oe         te
1  0.029532474 -0.1686904
2  0.000000000 -0.1656576
3 -0.003965614 -0.1444682

[[14]]
  delta        mu      mu_1      mu_0         de        se_1         se_0
1   0.5 0.7881807 0.6860938 0.8574341 -0.1713404  0.01775293  0.009968202
2   1.0 0.7438176 0.6683408 0.8474659 -0.1791251  0.00000000  0.000000000
3   2.0 0.6660075 0.6131087 0.8104267 -0.1973180 -0.05523218 -0.037039277
           oe         te
1  0.04436312 -0.1613722
2  0.00000000 -0.1791251
3 -0.07781002 -0.2343573

[[15]]
  delta        mu      mu_1      mu_0         de        se_1        se_0
1   0.5 0.8446913 0.7144532 0.9289883 -0.2145351  0.04695512  0.05826885
2   1.0 0.7532406 0.6674981 0.8707195 -0.2032214  0.00000000  0.00000000
3   2.0 0.6583714 0.5991654 0.8313377 -0.2321723 -0.06833270 -0.03938176
           oe         te
1  0.09145066 -0.1562663
2  0.00000000 -0.2032214
3 -0.09486916 -0.2715541

[[16]]
  delta        mu      mu_1      mu_0         de        se_1         se_0
1   0.5 0.7790302 0.6834980 0.8471938 -0.1636958 0.027342864  0.006570537
2   1.0 0.7336563 0.6561552 0.8406233 -0.1844681 0.000000000  0.000000000
3   2.0 0.7050845 0.6590968 0.8349962 -0.1758994 0.002941658 -0.005627052
           oe         te
1  0.04537384 -0.1571253
2  0.00000000 -0.1844681
3 -0.02857188 -0.1815265

[[17]]
  delta        mu      mu_1      mu_0         de       se_1       se_0
1   0.5 0.7831238 0.6613339 0.8666039 -0.2052700 0.01158713 0.01971190
2   1.0 0.7339840 0.6497467 0.8468920 -0.1971452 0.00000000 0.00000000
3   2.0 0.7212398 0.6621568 0.8653979 -0.2032411 0.01241009 0.01850594
           oe         te
1  0.04913979 -0.1855581
2  0.00000000 -0.1971452
3 -0.01274418 -0.1847351

[[18]]
  delta        mu      mu_1      mu_0         de        se_1        se_0
1   0.5 0.8464078 0.7197894 0.9231431 -0.2033537  0.03919342  0.04928995
2   1.0 0.7652639 0.6805959 0.8738531 -0.1932572  0.00000000  0.00000000
3   2.0 0.6846447 0.6169840 0.8561044 -0.2391204 -0.06361194 -0.01774871
           oe         te
1  0.08114388 -0.1540637
2  0.00000000 -0.1932572
3 -0.08061927 -0.2568691

[[19]]
  delta        mu      mu_1      mu_0         de        se_1        se_0
1   0.5 0.7731445 0.6921421 0.8249331 -0.1327910  0.01049026 -0.03239326
2   1.0 0.7617199 0.6816519 0.8573264 -0.1756745  0.00000000  0.00000000
3   2.0 0.7212037 0.6697754 0.8445544 -0.1747791 -0.01187649 -0.01277196
           oe         te
1  0.01142453 -0.1651843
2  0.00000000 -0.1756745
3 -0.04051624 -0.1875510

[[20]]
  delta        mu      mu_1      mu_0         de        se_1         se_0
1   0.5 0.7854819 0.6924775 0.8480400 -0.1555624  0.02357410 -0.005192052
2   1.0 0.7484488 0.6689034 0.8532320 -0.1843286  0.00000000  0.000000000
3   2.0 0.6596556 0.5918498 0.8490856 -0.2572358 -0.07705359 -0.004146395
           oe         te
1  0.03703314 -0.1607545
2  0.00000000 -0.1843286
3 -0.08879316 -0.2613822

[[1]]
  delta         mu       mu_1       mu_0         de       se_1       se_0
1   0.5 0.02402942 0.02055162 0.02686768 0.02132279 0.01531507 0.02248857
2   1.0 0.01815496 0.01827779 0.01785608 0.01228531 0.00000000 0.00000000
3   2.0 0.03064360 0.03291101 0.02452814 0.02373292 0.02652095 0.01964689
          oe         te
1 0.02018568 0.01535082
2 0.00000000 0.01228531
3 0.02523336 0.03224525

[[2]]
  delta         mu       mu_1       mu_0         de       se_1       se_0
1   0.5 0.02702936 0.02186031 0.03016554 0.02204803 0.01797503 0.02376010
2   1.0 0.01823130 0.01877329 0.01751399 0.01296315 0.00000000 0.00000000
3   2.0 0.03058055 0.03286183 0.03088116 0.03136126 0.02533974 0.02649873
          oe         te
1 0.02222042 0.01678029
2 0.00000000 0.01296315
3 0.02444690 0.03253826

[[3]]
  delta         mu       mu_1       mu_0         de       se_1       se_0
1   0.5 0.02422755 0.02089407 0.02757878 0.02306751 0.01718661 0.02330815
2   1.0 0.01717401 0.01758884 0.01668945 0.01318542 0.00000000 0.00000000
3   2.0 0.03119213 0.03375422 0.02404516 0.02293639 0.02588743 0.02014196
          oe         te
1 0.02062285 0.01795779
2 0.00000000 0.01318542
3 0.02517786 0.03328713

[[4]]
  delta         mu       mu_1       mu_0         de       se_1       se_0
1   0.5 0.02393542 0.02029975 0.02803799 0.02412113 0.01507311 0.02336319
2   1.0 0.01751178 0.01823437 0.01685383 0.01271868 0.00000000 0.00000000
3   2.0 0.03231598 0.04099938 0.03046440 0.05125312 0.03539593 0.02684676
          oe         te
1 0.01973148 0.01574227
2 0.00000000 0.01271868
3 0.02702461 0.04034508

[[5]]
  delta         mu       mu_1       mu_0         de       se_1       se_0
1   0.5 0.02538778 0.01950882 0.02971118 0.02400320 0.01553963 0.02495129
2   1.0 0.01778180 0.01823305 0.01696917 0.01201356 0.00000000 0.00000000
3   2.0 0.03244564 0.03498368 0.02505118 0.02268107 0.02775750 0.02014606
          oe         te
1 0.02166240 0.01513032
2 0.00000000 0.01201356
3 0.02642132 0.03355601

[[6]]
  delta         mu       mu_1       mu_0         de       se_1       se_0
1   0.5 0.02426190 0.01979991 0.02838988 0.02395263 0.01568765 0.02319977
2   1.0 0.01666872 0.01739757 0.01599258 0.01243262 0.00000000 0.00000000
3   2.0 0.02979128 0.03285698 0.02315072 0.02509755 0.02524255 0.01830937
          oe         te
1 0.02007888 0.01545775
2 0.00000000 0.01243262
3 0.02346336 0.03154864

[[7]]
  delta         mu       mu_1       mu_0         de       se_1       se_0
1   0.5 0.02136849 0.01858528 0.02417241 0.02075064 0.01513784 0.02052363
2   1.0 0.01739399 0.01799035 0.01643257 0.01281743 0.00000000 0.00000000
3   2.0 0.03414793 0.03706427 0.02578228 0.02727841 0.03033352 0.02082733
          oe         te
1 0.01846550 0.01502387
2 0.00000000 0.01281743
3 0.02843232 0.03639121

[[8]]
  delta         mu       mu_1       mu_0         de       se_1       se_0
1   0.5 0.02546463 0.02167902 0.03184641 0.03184888 0.01789638 0.02793989
2   1.0 0.01726112 0.01786899 0.01640943 0.01195563 0.00000000 0.00000000
3   2.0 0.03466331 0.03917738 0.02567219 0.03149974 0.03251947 0.02197267
          oe         te
1 0.02159570 0.01682828
2 0.00000000 0.01195563
3 0.02928045 0.03821815

[[9]]
  delta         mu       mu_1       mu_0         de       se_1       se_0
1   0.5 0.02152156 0.02183745 0.02574382 0.02724016 0.01852466 0.02153041
2   1.0 0.01626472 0.01681472 0.01612762 0.01288892 0.00000000 0.00000000
3   2.0 0.02970321 0.03254083 0.02284673 0.02409334 0.02620298 0.01903125
          oe         te
1 0.01800403 0.01938698
2 0.00000000 0.01288892
3 0.02484723 0.03278704

[[10]]
  delta         mu       mu_1       mu_0         de       se_1       se_0
1   0.5 0.02228214 0.01910560 0.02458181 0.01882754 0.01464089 0.01923451
2   1.0 0.01663507 0.01721789 0.01598191 0.01233377 0.00000000 0.00000000
3   2.0 0.03078829 0.03218935 0.02516762 0.02047344 0.02430569 0.02032519
          oe         te
1 0.01787789 0.01394426
2 0.00000000 0.01233377
3 0.02423555 0.03060458

[[11]]
  delta         mu       mu_1       mu_0         de       se_1       se_0
1   0.5 0.02544906 0.02124746 0.02879604 0.02359255 0.01586437 0.02484109
2   1.0 0.01712939 0.01741048 0.01669285 0.01260908 0.00000000 0.00000000
3   2.0 0.03061739 0.03352173 0.02352255 0.02404937 0.02654506 0.01927993
          oe         te
1 0.02163014 0.01726877
2 0.00000000 0.01260908
3 0.02505391 0.03282213

[[12]]
  delta         mu       mu_1       mu_0         de       se_1       se_0
1   0.5 0.02409008 0.02175156 0.02767855 0.02375625 0.01736722 0.02314929
2   1.0 0.01760315 0.01837901 0.01693735 0.01321953 0.00000000 0.00000000
3   2.0 0.02852527 0.03069769 0.02234996 0.02184814 0.02250510 0.01725934
          oe         te
1 0.01997534 0.01845309
2 0.00000000 0.01321953
3 0.02191456 0.02965453

[[13]]
  delta         mu       mu_1       mu_0         de       se_1       se_0
1   0.5 0.02226186 0.01871079 0.02466391 0.01893627 0.01507608 0.01962300
2   1.0 0.01698241 0.01734000 0.01621890 0.01171599 0.00000000 0.00000000
3   2.0 0.03195962 0.03494621 0.02486055 0.02413349 0.02669238 0.01836719
          oe         te
1 0.01807164 0.01524738
2 0.00000000 0.01171599
3 0.02420631 0.03181140

[[14]]
  delta         mu       mu_1       mu_0         de       se_1       se_0
1   0.5 0.02231391 0.01986087 0.02542806 0.02300619 0.01671220 0.02102942
2   1.0 0.01690134 0.01756639 0.01664887 0.01331622 0.00000000 0.00000000
3   2.0 0.02925368 0.03068858 0.02480065 0.02042305 0.02324769 0.02007358
          oe         te
1 0.01893291 0.01707900
2 0.00000000 0.01331622
3 0.02318385 0.03010069

[[15]]
  delta         mu       mu_1       mu_0         de       se_1       se_0
1   0.5 0.02426720 0.01978029 0.02752261 0.02119066 0.01599629 0.02315480
2   1.0 0.01857542 0.01883212 0.01769226 0.01173316 0.00000000 0.00000000
3   2.0 0.03173218 0.03386922 0.02709844 0.02468964 0.02776227 0.02221417
          oe         te
1 0.02071852 0.01584277
2 0.00000000 0.01173316
3 0.02638997 0.03297227

[[16]]
  delta         mu       mu_1       mu_0         de       se_1       se_0
1   0.5 0.02399651 0.01941387 0.02675378 0.01935103 0.01437109 0.02066005
2   1.0 0.01707470 0.01765234 0.01641482 0.01257049 0.00000000 0.00000000
3   2.0 0.03320139 0.03627674 0.02378584 0.02427028 0.02858667 0.01941640
          oe         te
1 0.01885114 0.01371860
2 0.00000000 0.01257049
3 0.02707842 0.03491449

[[17]]
  delta         mu       mu_1       mu_0         de       se_1       se_0
1   0.5 0.02315357 0.01990491 0.02575738 0.02040264 0.01576785 0.02060212
2   1.0 0.01679498 0.01735695 0.01641356 0.01303323 0.00000000 0.00000000
3   2.0 0.03161462 0.03368595 0.02492657 0.02162046 0.02681859 0.02058721
          oe         te
1 0.01880458 0.01632271
2 0.00000000 0.01303323
3 0.02593227 0.03272349

[[18]]
  delta         mu       mu_1       mu_0         de       se_1       se_0
1   0.5 0.02208561 0.02033755 0.02458289 0.02100873 0.01732286 0.02082144
2   1.0 0.01781337 0.01818975 0.01686144 0.01163846 0.00000000 0.00000000
3   2.0 0.03237213 0.03478476 0.02489558 0.02424094 0.02805302 0.02046353
          oe         te
1 0.01910232 0.01761890
2 0.00000000 0.01163846
3 0.02665432 0.03359388

[[19]]
  delta         mu       mu_1       mu_0         de       se_1       se_0
1   0.5 0.02471058 0.02084787 0.02840411 0.02267382 0.01737108 0.02381415
2   1.0 0.01725946 0.01754160 0.01677368 0.01193734 0.00000000 0.00000000
3   2.0 0.02869109 0.03156547 0.02221487 0.02356341 0.02525735 0.01702613
          oe         te
1 0.02108183 0.01673380
2 0.00000000 0.01193734
3 0.02326935 0.03106208

[[20]]
  delta         mu       mu_1       mu_0         de       se_1       se_0
1   0.5 0.02397452 0.01956886 0.02700068 0.02049014 0.01597554 0.02199393
2   1.0 0.01755718 0.01834026 0.01667728 0.01299616 0.00000000 0.00000000
3   2.0 0.03565192 0.03818646 0.02673195 0.02410607 0.02971498 0.02296593
          oe         te
1 0.02029791 0.01536836
2 0.00000000 0.01299616
3 0.02924443 0.03700936

[[1]]
  delta        mu      mu_1      mu_0         de         se_1         se_0
1   0.5 0.7730412 0.6669487 0.8425725 -0.1756239  0.003463163  0.005275805
2   1.0 0.7390313 0.6634855 0.8372967 -0.1738112  0.000000000  0.000000000
3   2.0 0.6891245 0.6386964 0.8243092 -0.1856129 -0.024789146 -0.012987495
           oe         te
1  0.03400986 -0.1703481
2  0.00000000 -0.1738112
3 -0.04990678 -0.1986004

[[2]]
  delta        mu      mu_1      mu_0         de          se_1        se_0
1   0.5 0.8095989 0.6878450 0.8852937 -0.1974487 -7.379598e-05  0.01151802
2   1.0 0.7724041 0.6879188 0.8737757 -0.1858569  0.000000e+00  0.00000000
3   2.0 0.7178095 0.6714853 0.8244924 -0.1530071 -1.643352e-02 -0.04928329
           oe         te
1  0.03719481 -0.1859307
2  0.00000000 -0.1858569
3 -0.05459467 -0.2022904

[[3]]
  delta        mu      mu_1      mu_0         de       se_1         se_0
1   0.5 0.7957100 0.6849313 0.8705984 -0.1856671  0.0291181  0.006188551
2   1.0 0.7461358 0.6558132 0.8644099 -0.2085966  0.0000000  0.000000000
3   2.0 0.6726400 0.6158309 0.8280885 -0.2122576 -0.0399823 -0.036321343
           oe         te
1  0.04957411 -0.1794785
2  0.00000000 -0.2085966
3 -0.07349582 -0.2485789

[[4]]
  delta        mu      mu_1      mu_0         de        se_1         se_0
1   0.5 0.8163791 0.7328193 0.8700560 -0.1372367  0.04331633  0.007957790
2   1.0 0.7628220 0.6895030 0.8620982 -0.1725953  0.00000000  0.000000000
3   2.0 0.6998540 0.6378949 0.8561666 -0.2182718 -0.05160812 -0.005931627
           oe         te
1  0.05355715 -0.1292789
2  0.00000000 -0.1725953
3 -0.06296791 -0.2242034

[[5]]
  delta        mu      mu_1      mu_0         de        se_1         se_0
1   0.5 0.8430789 0.7370431 0.9159938 -0.1789508  0.03686164  0.032771085
2   1.0 0.7782125 0.7001814 0.8832228 -0.1830413  0.00000000  0.000000000
3   2.0 0.7249368 0.6701064 0.8734353 -0.2033289 -0.03007504 -0.009787468
           oe         te
1  0.06486638 -0.1461797
2  0.00000000 -0.1830413
3 -0.05327568 -0.2131164

[[6]]
  delta        mu      mu_1      mu_0         de        se_1        se_0
1   0.5 0.8244023 0.7187146 0.8890545 -0.1703399  0.03787945  0.01534865
2   1.0 0.7671966 0.6808352 0.8737058 -0.1928707  0.00000000  0.00000000
3   2.0 0.7243984 0.6682370 0.8619672 -0.1937302 -0.01259816 -0.01173859
           oe         te
1  0.05720576 -0.1549912
2  0.00000000 -0.1928707
3 -0.04279818 -0.2054688

[[7]]
  delta        mu      mu_1      mu_0         de         se_1         se_0
1   0.5 0.7487954 0.6646629 0.8172318 -0.1525689  0.013632258 -0.004475941
2   1.0 0.7187887 0.6510307 0.8217077 -0.1706771  0.000000000  0.000000000
3   2.0 0.6843526 0.6443642 0.8066801 -0.1623160 -0.006666497 -0.015027594
           oe         te
1  0.03000668 -0.1570448
2  0.00000000 -0.1706771
3 -0.03443616 -0.1773436

[[8]]
  delta        mu      mu_1      mu_0         de        se_1        se_0
1   0.5 0.8602405 0.7500403 0.9301003 -0.1800600  0.02852056  0.02639639
2   1.0 0.8000775 0.7215198 0.9037039 -0.1821842  0.00000000  0.00000000
3   2.0 0.7317187 0.6729734 0.8927154 -0.2197420 -0.04854634 -0.01098851
           oe         te
1  0.06016303 -0.1536636
2  0.00000000 -0.1821842
3 -0.06835872 -0.2307305

[[9]]
  delta        mu      mu_1      mu_0         de        se_1        se_0
1   0.5 0.7663678 0.6465070 0.8499427 -0.2034357  0.01203717  0.02639193
2   1.0 0.7123413 0.6344698 0.8235507 -0.1890809  0.00000000  0.00000000
3   2.0 0.6682481 0.6182675 0.8080948 -0.1898273 -0.01620233 -0.01545599
           oe         te
1  0.05402651 -0.1770438
2  0.00000000 -0.1890809
3 -0.04409324 -0.2052833

[[10]]
  delta        mu      mu_1      mu_0         de        se_1        se_0
1   0.5 0.7912907 0.6944870 0.8582241 -0.1637370  0.04702197  0.01397005
2   1.0 0.7315465 0.6474651 0.8442540 -0.1967890  0.00000000  0.00000000
3   2.0 0.6381731 0.5741911 0.8202404 -0.2460493 -0.07327402 -0.02401368
           oe        te
1  0.05974416 -0.149767
2  0.00000000 -0.196789
3 -0.09337347 -0.270063

[[11]]
  delta        mu      mu_1      mu_0         de        se_1        se_0
1   0.5 0.8215069 0.6924455 0.9067321 -0.2142867  0.03271057  0.04252584
2   1.0 0.7474344 0.6597349 0.8642063 -0.2044714  0.00000000  0.00000000
3   2.0 0.6953061 0.6386661 0.8502396 -0.2115735 -0.02106882 -0.01396669
           oe         te
1  0.07407251 -0.1717608
2  0.00000000 -0.2044714
3 -0.05212836 -0.2255402

[[12]]
  delta        mu      mu_1      mu_0         de        se_1          se_0
1   0.5 0.7737867 0.6797836 0.8400154 -0.1602317  0.03402865  0.0006992983
2   1.0 0.7261360 0.6457550 0.8393161 -0.1935611  0.00000000  0.0000000000
3   2.0 0.6629470 0.6041021 0.8222656 -0.2181635 -0.04165294 -0.0170505047
           oe         te
1  0.04765075 -0.1595324
2  0.00000000 -0.1935611
3 -0.06318898 -0.2352140

[[13]]
  delta        mu      mu_1      mu_0         de         se_1       se_0
1   0.5 0.8009856 0.6916460 0.8687421 -0.1770961 -0.001165413 0.01041894
2   1.0 0.7664977 0.6928114 0.8583231 -0.1655117  0.000000000 0.00000000
3   2.0 0.7628803 0.7149941 0.8727910 -0.1577970  0.022182667 0.01446789
           oe         te
1  0.03448797 -0.1666771
2  0.00000000 -0.1655117
3 -0.00361735 -0.1433291

[[14]]
  delta        mu      mu_1      mu_0         de       se_1        se_0
1   0.5 0.7905264 0.6858446 0.8610732 -0.1752285  0.0178079  0.01314872
2   1.0 0.7437390 0.6680367 0.8479245 -0.1798877  0.0000000  0.00000000
3   2.0 0.6653810 0.6131589 0.8093890 -0.1962300 -0.0548778 -0.03853547
           oe         te
1  0.04678746 -0.1620798
2  0.00000000 -0.1798877
3 -0.07835797 -0.2347655

[[15]]
  delta        mu      mu_1      mu_0         de        se_1        se_0
1   0.5 0.8452639 0.7149707 0.9297268 -0.2147561  0.04619351  0.05823088
2   1.0 0.7543763 0.6687772 0.8714959 -0.2027188  0.00000000  0.00000000
3   2.0 0.6587506 0.5994565 0.8315080 -0.2320515 -0.06932072 -0.03998796
           oe         te
1  0.09088762 -0.1565252
2  0.00000000 -0.2027188
3 -0.09562571 -0.2720395

[[16]]
  delta        mu      mu_1      mu_0         de        se_1         se_0
1   0.5 0.7803439 0.6846074 0.8480655 -0.1634581 0.027462352  0.007849994
2   1.0 0.7343071 0.6571451 0.8402155 -0.1830705 0.000000000  0.000000000
3   2.0 0.7084826 0.6637067 0.8347113 -0.1710046 0.006561654 -0.005504268
           oe         te
1  0.04603679 -0.1556081
2  0.00000000 -0.1830705
3 -0.02582450 -0.1765088

[[17]]
  delta        mu      mu_1      mu_0         de        se_1       se_0
1   0.5 0.7828316 0.6610180 0.8663334 -0.2053155 0.010076819 0.01897208
2   1.0 0.7349533 0.6509412 0.8473613 -0.1964202 0.000000000 0.00000000
3   2.0 0.7205536 0.6606961 0.8665000 -0.2058039 0.009754968 0.01913870
           oe         te
1  0.04787834 -0.1863434
2  0.00000000 -0.1964202
3 -0.01439967 -0.1866652

[[18]]
  delta        mu      mu_1      mu_0         de        se_1        se_0
1   0.5 0.8464644 0.7198024 0.9232157 -0.2034133  0.03918854  0.04935542
2   1.0 0.7652898 0.6806139 0.8738603 -0.1932464  0.00000000  0.00000000
3   2.0 0.6846711 0.6169942 0.8560955 -0.2391014 -0.06361971 -0.01776477
           oe         te
1  0.08117460 -0.1540579
2  0.00000000 -0.1932464
3 -0.08061872 -0.2568661

[[19]]
  delta        mu      mu_1      mu_0         de        se_1        se_0
1   0.5 0.7766640 0.6954531 0.8281150 -0.1326619  0.01152968 -0.03078556
2   1.0 0.7638937 0.6839235 0.8589005 -0.1749771  0.00000000  0.00000000
3   2.0 0.7232366 0.6720106 0.8443158 -0.1723053 -0.01191286 -0.01458469
           oe         te
1  0.01277030 -0.1634474
2  0.00000000 -0.1749771
3 -0.04065709 -0.1868899

[[20]]
  delta        mu      mu_1      mu_0         de        se_1         se_0
1   0.5 0.7844104 0.6911658 0.8476579 -0.1564921  0.02270441 -0.005090393
2   1.0 0.7480054 0.6684614 0.8527483 -0.1842869  0.00000000  0.000000000
3   2.0 0.6572561 0.5889457 0.8485202 -0.2595745 -0.07951571 -0.004228106
           oe         te
1  0.03640505 -0.1615825
2  0.00000000 -0.1842869
3 -0.09074930 -0.2638026

[[1]]
  delta         mu       mu_1       mu_0         de       se_1       se_0
1   0.5 0.02400027 0.02055453 0.02680660 0.02123248 0.01531714 0.02243358
2   1.0 0.01815603 0.01828116 0.01783682 0.01225909 0.00000000 0.00000000
3   2.0 0.03072565 0.03304931 0.02449585 0.02386564 0.02666028 0.01960268
          oe         te
1 0.02015579 0.01533150
2 0.00000000 0.01225909
3 0.02529965 0.03234972

[[2]]
  delta         mu       mu_1       mu_0         de       se_1      se_0
1   0.5 0.02678782 0.02185015 0.02988540 0.02191837 0.01804450 0.0235494
2   1.0 0.01828563 0.01885769 0.01748335 0.01291050 0.00000000 0.0000000
3   2.0 0.03078769 0.03308876 0.03063243 0.03103262 0.02542795 0.0260769
          oe         te
1 0.02204852 0.01682845
2 0.00000000 0.01291050
3 0.02445040 0.03253763

[[3]]
  delta         mu       mu_1       mu_0         de       se_1       se_0
1   0.5 0.02399973 0.02088789 0.02725599 0.02295694 0.01725717 0.02321234
2   1.0 0.01727157 0.01777488 0.01663146 0.01322400 0.00000000 0.00000000
3   2.0 0.03204421 0.03487027 0.02411948 0.02394677 0.02668146 0.02008879
          oe         te
1 0.02053265 0.01798020
2 0.00000000 0.01322400
3 0.02572937 0.03414463

[[4]]
  delta         mu       mu_1       mu_0         de       se_1       se_0
1   0.5 0.02403771 0.02040549 0.02824152 0.02439223 0.01526159 0.02356240
2   1.0 0.01754527 0.01826037 0.01687429 0.01270708 0.00000000 0.00000000
3   2.0 0.03189566 0.04045001 0.03039107 0.05081485 0.03483487 0.02690966
          oe         te
1 0.01993653 0.01582236
2 0.00000000 0.01270708
3 0.02661865 0.03986231

[[5]]
  delta         mu       mu_1       mu_0         de       se_1       se_0
1   0.5 0.02525278 0.01951713 0.02949101 0.02377513 0.01549697 0.02470418
2   1.0 0.01774095 0.01818570 0.01691495 0.01197408 0.00000000 0.00000000
3   2.0 0.03219469 0.03469129 0.02490400 0.02241958 0.02753975 0.02006771
          oe         te
1 0.02148963 0.01511262
2 0.00000000 0.01197408
3 0.02623660 0.03328733

[[6]]
  delta         mu       mu_1       mu_0         de       se_1       se_0
1   0.5 0.02439428 0.01999997 0.02845453 0.02396196 0.01584139 0.02331206
2   1.0 0.01667418 0.01739990 0.01593230 0.01238229 0.00000000 0.00000000
3   2.0 0.02990712 0.03306457 0.02307399 0.02539051 0.02550256 0.01804504
          oe         te
1 0.02021764 0.01559009
2 0.00000000 0.01238229
3 0.02352143 0.03168884

[[7]]
  delta         mu       mu_1       mu_0         de       se_1       se_0
1   0.5 0.02131293 0.01849640 0.02413871 0.02072416 0.01503968 0.02054303
2   1.0 0.01728165 0.01791563 0.01631481 0.01277647 0.00000000 0.00000000
3   2.0 0.03403570 0.03701054 0.02566347 0.02736826 0.03036311 0.02079183
          oe         te
1 0.01843037 0.01492694
2 0.00000000 0.01277647
3 0.02840659 0.03637447

[[8]]
  delta         mu       mu_1       mu_0         de       se_1       se_0
1   0.5 0.02549576 0.02169472 0.03191808 0.03200778 0.01790941 0.02803199
2   1.0 0.01726615 0.01789257 0.01638493 0.01195026 0.00000000 0.00000000
3   2.0 0.03447385 0.03881409 0.02562543 0.03091275 0.03203552 0.02187988
          oe         te
1 0.02164310 0.01681692
2 0.00000000 0.01195026
3 0.02898533 0.03778712

[[9]]
  delta         mu       mu_1       mu_0         de       se_1       se_0
1   0.5 0.02163675 0.02165401 0.02610174 0.02749263 0.01832033 0.02184830
2   1.0 0.01626583 0.01682763 0.01614609 0.01293263 0.00000000 0.00000000
3   2.0 0.02972050 0.03259523 0.02282719 0.02418159 0.02626805 0.01904539
          oe         te
1 0.01810835 0.01917421
2 0.00000000 0.01293263
3 0.02488863 0.03287279

[[10]]
  delta         mu       mu_1       mu_0         de       se_1       se_0
1   0.5 0.02229949 0.01912725 0.02457236 0.01879790 0.01474231 0.01929532
2   1.0 0.01665080 0.01724927 0.01596203 0.01235399 0.00000000 0.00000000
3   2.0 0.03099661 0.03238747 0.02526987 0.02057697 0.02440704 0.02045610
          oe         te
1 0.01796764 0.01399732
2 0.00000000 0.01235399
3 0.02437454 0.03077653

[[11]]
  delta         mu       mu_1       mu_0         de       se_1       se_0
1   0.5 0.02740399 0.02185419 0.03076045 0.02416671 0.01638972 0.02625462
2   1.0 0.01733124 0.01757052 0.01689795 0.01267619 0.00000000 0.00000000
3   2.0 0.03083049 0.03371669 0.02385177 0.02426617 0.02652628 0.01961377
          oe         te
1 0.02320770 0.01737412
2 0.00000000 0.01267619
3 0.02510596 0.03288511

[[12]]
  delta         mu       mu_1       mu_0         de       se_1       se_0
1   0.5 0.02416226 0.02186430 0.02761604 0.02340212 0.01749704 0.02310168
2   1.0 0.01758259 0.01837342 0.01688797 0.01317560 0.00000000 0.00000000
3   2.0 0.02854413 0.03070458 0.02234406 0.02183273 0.02250549 0.01726023
          oe         te
1 0.02006686 0.01852586
2 0.00000000 0.01317560
3 0.02191717 0.02962230

[[13]]
  delta         mu       mu_1       mu_0         de       se_1       se_0
1   0.5 0.02214161 0.01866575 0.02459126 0.01909404 0.01510707 0.01961212
2   1.0 0.01700344 0.01741748 0.01617081 0.01174024 0.00000000 0.00000000
3   2.0 0.03227977 0.03538322 0.02479158 0.02448365 0.02713178 0.01837945
          oe         te
1 0.01806227 0.01522090
2 0.00000000 0.01174024
3 0.02454943 0.03227740

[[14]]
  delta         mu       mu_1       mu_0         de       se_1       se_0
1   0.5 0.02248815 0.01966470 0.02540331 0.02220131 0.01648892 0.02096323
2   1.0 0.01694721 0.01760028 0.01670592 0.01334739 0.00000000 0.00000000
3   2.0 0.02939997 0.03090435 0.02478467 0.02079948 0.02356980 0.02008360
          oe         te
1 0.01907548 0.01684120
2 0.00000000 0.01334739
3 0.02340699 0.03038145

[[15]]
  delta         mu       mu_1       mu_0         de       se_1       se_0
1   0.5 0.02416410 0.01978424 0.02738599 0.02102449 0.01594735 0.02301582
2   1.0 0.01855096 0.01883084 0.01763527 0.01170538 0.00000000 0.00000000
3   2.0 0.03170961 0.03388636 0.02684522 0.02450033 0.02788394 0.02209653
          oe         te
1 0.02058169 0.01577696
2 0.00000000 0.01170538
3 0.02651525 0.03311973

[[16]]
  delta         mu       mu_1       mu_0         de       se_1       se_0
1   0.5 0.02416511 0.01964160 0.02682304 0.01930949 0.01463880 0.02075794
2   1.0 0.01715365 0.01776257 0.01641792 0.01260599 0.00000000 0.00000000
3   2.0 0.03441267 0.03784368 0.02389186 0.02559951 0.03002481 0.01949553
          oe         te
1 0.01905144 0.01390576
2 0.00000000 0.01260599
3 0.02819515 0.03638871

[[17]]
  delta         mu       mu_1       mu_0         de       se_1       se_0
1   0.5 0.02309088 0.01996766 0.02567986 0.02052619 0.01590179 0.02055813
2   1.0 0.01687628 0.01748372 0.01643281 0.01304827 0.00000000 0.00000000
3   2.0 0.03153060 0.03365641 0.02476526 0.02204383 0.02686132 0.02047302
          oe         te
1 0.01881786 0.01639855
2 0.00000000 0.01304827
3 0.02590273 0.03273558

[[18]]
  delta         mu       mu_1       mu_0         de       se_1       se_0
1   0.5 0.02208969 0.02033704 0.02458667 0.02100542 0.01732011 0.02082058
2   1.0 0.01781046 0.01818633 0.01685969 0.01163592 0.00000000 0.00000000
3   2.0 0.03237652 0.03479229 0.02489044 0.02424509 0.02806442 0.02045536
          oe         te
1 0.01910188 0.01761727
2 0.00000000 0.01163592
3 0.02666011 0.03360025

[[19]]
  delta         mu       mu_1       mu_0         de       se_1       se_0
1   0.5 0.02488851 0.02132066 0.02827169 0.02196969 0.01798136 0.02353329
2   1.0 0.01739952 0.01769956 0.01688114 0.01203593 0.00000000 0.00000000
3   2.0 0.02953373 0.03259870 0.02255626 0.02457054 0.02626011 0.01746710
         oe         te
1 0.0212695 0.01721244
2 0.0000000 0.01203593
3 0.0241069 0.03213997

[[20]]
  delta         mu       mu_1       mu_0         de       se_1       se_0
1   0.5 0.02400615 0.01957352 0.02703389 0.02046676 0.01621171 0.02213569
2   1.0 0.01763131 0.01847910 0.01664876 0.01305331 0.00000000 0.00000000
3   2.0 0.03601819 0.03856242 0.02685228 0.02431622 0.02999860 0.02309849
          oe         te
1 0.02054154 0.01539057
2 0.00000000 0.01305331
3 0.02949661 0.03731773

[1] "Total run time was 3134.859 seconds"
