Warning message:
package ‘SuperLearner’ was built under R version 4.1.3 
[1] "[Simulation setting]"
[1] "n: 500"
[1] "deltas: 0.5, 1, 2"
[1] "K: 2"
[1] "r: 100"
[1] "s: 1"
[1] "Sim.id 1"
[1] "Data generated and format changed"
[1] "   Split: 1"
Loading required namespace: nnet
Loading required namespace: ranger
[1] "   Split: 2"
[1] "Estimates and SE estimates computed"
[1] ""
[1] "Sim.id 2"
[1] "Data generated and format changed"
[1] "   Split: 1"
[1] "   Split: 2"
[1] "Estimates and SE estimates computed"
[1] ""
[1] "Sim.id 3"
[1] "Data generated and format changed"
[1] "   Split: 1"
[1] "   Split: 2"
[1] "Estimates and SE estimates computed"
[1] ""
[1] "Sim.id 4"
[1] "Data generated and format changed"
[1] "   Split: 1"
[1] "   Split: 2"
[1] "Estimates and SE estimates computed"
[1] ""
[1] "Sim.id 5"
[1] "Data generated and format changed"
[1] "   Split: 1"
[1] "   Split: 2"
[1] "Estimates and SE estimates computed"
[1] ""
[1] "Sim.id 6"
[1] "Data generated and format changed"
[1] "   Split: 1"
[1] "   Split: 2"
[1] "Estimates and SE estimates computed"
[1] ""
[1] "Sim.id 7"
[1] "Data generated and format changed"
[1] "   Split: 1"
[1] "   Split: 2"
[1] "Estimates and SE estimates computed"
[1] ""
[1] "Sim.id 8"
[1] "Data generated and format changed"
[1] "   Split: 1"
[1] "   Split: 2"
[1] "Estimates and SE estimates computed"
[1] ""
[1] "Sim.id 9"
[1] "Data generated and format changed"
[1] "   Split: 1"
[1] "   Split: 2"
[1] "Estimates and SE estimates computed"
[1] ""
[1] "Sim.id 10"
[1] "Data generated and format changed"
[1] "   Split: 1"
[1] "   Split: 2"
[1] "Estimates and SE estimates computed"
[1] ""
[1] "Sim.id 11"
[1] "Data generated and format changed"
[1] "   Split: 1"
[1] "   Split: 2"
[1] "Estimates and SE estimates computed"
[1] ""
[1] "Sim.id 12"
[1] "Data generated and format changed"
[1] "   Split: 1"
[1] "   Split: 2"
[1] "Estimates and SE estimates computed"
[1] ""
[1] "Sim.id 13"
[1] "Data generated and format changed"
[1] "   Split: 1"
[1] "   Split: 2"
[1] "Estimates and SE estimates computed"
[1] ""
[1] "Sim.id 14"
[1] "Data generated and format changed"
[1] "   Split: 1"
[1] "   Split: 2"
[1] "Estimates and SE estimates computed"
[1] ""
[1] "Sim.id 15"
[1] "Data generated and format changed"
[1] "   Split: 1"
[1] "   Split: 2"
[1] "Estimates and SE estimates computed"
[1] ""
[1] "Sim.id 16"
[1] "Data generated and format changed"
[1] "   Split: 1"
[1] "   Split: 2"
[1] "Estimates and SE estimates computed"
[1] ""
[1] "Sim.id 17"
[1] "Data generated and format changed"
[1] "   Split: 1"
[1] "   Split: 2"
[1] "Estimates and SE estimates computed"
[1] ""
[1] "Sim.id 18"
[1] "Data generated and format changed"
[1] "   Split: 1"
[1] "   Split: 2"
[1] "Estimates and SE estimates computed"
[1] ""
[1] "Sim.id 19"
[1] "Data generated and format changed"
[1] "   Split: 1"
[1] "   Split: 2"
[1] "Estimates and SE estimates computed"
[1] ""
[1] "Sim.id 20"
[1] "Data generated and format changed"
[1] "   Split: 1"
[1] "   Split: 2"
[1] "Estimates and SE estimates computed"
[1] ""
[[1]]
  delta        mu      mu_1      mu_0         de        se_1         se_0
1   0.5 0.7906680 0.6931351 0.8549507 -0.1618156  0.01444380 -0.006336365
2   1.0 0.7595796 0.6786913 0.8612871 -0.1825958  0.00000000  0.000000000
3   2.0 0.6814584 0.6258526 0.8247736 -0.1989210 -0.05283866 -0.036513448
           oe         te
1  0.03108839 -0.1681520
2  0.00000000 -0.1825958
3 -0.07812124 -0.2354344

[[2]]
  delta        mu      mu_1      mu_0         de         se_1        se_0
1   0.5 0.8128078 0.7002234 0.8872929 -0.1870695  0.043953390 0.044921687
2   1.0 0.7352990 0.6562700 0.8423712 -0.1861012  0.000000000 0.000000000
3   2.0 0.7040291 0.6509619 0.8434622 -0.1925003 -0.005308102 0.001090995
           oe         te
1  0.07750885 -0.1421478
2  0.00000000 -0.1861012
3 -0.03126988 -0.1914093

[[3]]
  delta        mu      mu_1      mu_0         de        se_1        se_0
1   0.5 0.7940186 0.7091003 0.8529563 -0.1438560  0.01337029 -0.01780884
2   1.0 0.7714227 0.6957300 0.8707651 -0.1750352  0.00000000  0.00000000
3   2.0 0.6918656 0.6379306 0.8306854 -0.1927548 -0.05779935 -0.04007972
           oe         te
1  0.02259585 -0.1616649
2  0.00000000 -0.1750352
3 -0.07955708 -0.2328345

[[4]]
  delta        mu      mu_1      mu_0         de        se_1        se_0
1   0.5 0.7630337 0.6805052 0.8160400 -0.1355349  0.02745742 -0.03435114
2   1.0 0.7412154 0.6530477 0.8503912 -0.1973434  0.00000000  0.00000000
3   2.0 0.6662915 0.6140073 0.8010945 -0.1870872 -0.03904043 -0.04929671
          oe         te
1  0.0218183 -0.1698860
2  0.0000000 -0.1973434
3 -0.0749239 -0.2363839

[[5]]
  delta        mu      mu_1      mu_0         de        se_1          se_0
1   0.5 0.7926741 0.6884499 0.8598024 -0.1713525 -0.00503464 -0.0004649211
2   1.0 0.7672508 0.6934845 0.8602673 -0.1667828  0.00000000  0.0000000000
3   2.0 0.7022911 0.6495442 0.8400637 -0.1905195 -0.04394029 -0.0202035986
           oe         te
1  0.02542330 -0.1718174
2  0.00000000 -0.1667828
3 -0.06495962 -0.2107231

[[6]]
  delta        mu      mu_1      mu_0         de         se_1         se_0
1   0.5 0.7728877 0.6785240 0.8403748 -0.1618508  0.003613533 -0.014272958
2   1.0 0.7518118 0.6749104 0.8546478 -0.1797373  0.000000000  0.000000000
3   2.0 0.7056753 0.6482925 0.8627746 -0.2144822 -0.026617966  0.008126876
           oe         te
1  0.02107597 -0.1761238
2  0.00000000 -0.1797373
3 -0.04613643 -0.2063553

[[7]]
  delta        mu      mu_1      mu_0         de        se_1        se_0
1   0.5 0.8156554 0.7261716 0.8750978 -0.1489262  0.04751308  0.01797556
2   1.0 0.7549403 0.6786585 0.8571223 -0.1784638  0.00000000  0.00000000
3   2.0 0.6859421 0.6276958 0.8434243 -0.2157285 -0.05096272 -0.01369802
           oe         te
1  0.06071508 -0.1309507
2  0.00000000 -0.1784638
3 -0.06899827 -0.2294265

[[8]]
  delta        mu      mu_1      mu_0         de        se_1        se_0
1   0.5 0.7861277 0.6743654 0.8665461 -0.1921807  0.04169478  0.04136627
2   1.0 0.7104314 0.6326706 0.8251798 -0.1925092  0.00000000  0.00000000
3   2.0 0.6328104 0.5732844 0.8150040 -0.2417196 -0.05938622 -0.01017578
           oe         te
1  0.07569634 -0.1508144
2  0.00000000 -0.1925092
3 -0.07762100 -0.2518954

[[9]]
  delta        mu      mu_1      mu_0         de        se_1         se_0
1   0.5 0.7763599 0.6641499 0.8558684 -0.1917185  0.03505324  0.004479057
2   1.0 0.7241246 0.6290967 0.8513894 -0.2222927  0.00000000  0.000000000
3   2.0 0.6658917 0.6049491 0.8251066 -0.2201574 -0.02414755 -0.026282826
           oe         te
1  0.05223522 -0.1872395
2  0.00000000 -0.2222927
3 -0.05823298 -0.2464403

[[10]]
  delta        mu      mu_1      mu_0         de        se_1        se_0
1   0.5 0.8002751 0.6805333 0.8815349 -0.2010016  0.02674982  0.05110635
2   1.0 0.7279597 0.6537835 0.8304286 -0.1766451  0.00000000  0.00000000
3   2.0 0.6956204 0.6443599 0.8267799 -0.1824200 -0.00942358 -0.00364863
           oe         te
1  0.07231539 -0.1498952
2  0.00000000 -0.1766451
3 -0.03233928 -0.1860686

[[11]]
  delta        mu      mu_1      mu_0         de        se_1        se_0
1   0.5 0.7892253 0.6975889 0.8598669 -0.1622780  0.00583188 -0.02243680
2   1.0 0.7734421 0.6917570 0.8823037 -0.1905467  0.00000000  0.00000000
3   2.0 0.7230585 0.6644422 0.8704845 -0.2060423 -0.02731477 -0.01181915
           oe         te
1  0.01578319 -0.1847148
2  0.00000000 -0.1905467
3 -0.05038365 -0.2178614

[[12]]
  delta        mu      mu_1      mu_0         de       se_1       se_0
1   0.5 0.7975568 0.6808836 0.8790870 -0.1982034 0.01429019 0.03640579
2   1.0 0.7381159 0.6665934 0.8426812 -0.1760878 0.00000000 0.00000000
3   2.0 0.7700964 0.7278658 0.8733320 -0.1454662 0.06127236 0.03065074
          oe         te
1 0.05944091 -0.1617976
2 0.00000000 -0.1760878
3 0.03198047 -0.1148155

[[13]]
  delta        mu      mu_1      mu_0         de        se_1         se_0
1   0.5 0.8198993 0.6981549 0.8976662 -0.1995113  0.03076836  0.030601165
2   1.0 0.7530344 0.6673866 0.8670650 -0.1996785  0.00000000  0.000000000
3   2.0 0.6917312 0.6311781 0.8609706 -0.2297925 -0.03620850 -0.006094398
           oe         te
1  0.06686484 -0.1689101
2  0.00000000 -0.1996785
3 -0.06130320 -0.2358869

[[14]]
  delta        mu      mu_1      mu_0         de        se_1        se_0
1   0.5 0.8649303 0.7186322 0.9594761 -0.2408439  0.05666591  0.10465515
2   1.0 0.7457056 0.6619663 0.8548209 -0.1928546  0.00000000  0.00000000
3   2.0 0.6951410 0.6459672 0.8251310 -0.1791639 -0.01599913 -0.02968989
           oe         te
1  0.11922469 -0.1361887
2  0.00000000 -0.1928546
3 -0.05056463 -0.2088537

[[15]]
  delta        mu      mu_1      mu_0         de          se_1         se_0
1   0.5 0.7719987 0.6749288 0.8417733 -0.1668445  0.0008379379 -0.014565897
2   1.0 0.7507829 0.6740908 0.8563392 -0.1822484  0.0000000000  0.000000000
3   2.0 0.7182937 0.6651758 0.8596968 -0.1945210 -0.0089150570  0.003357557
           oe         te
1  0.02121585 -0.1814104
2  0.00000000 -0.1822484
3 -0.03248919 -0.1911634

[[16]]
  delta        mu      mu_1      mu_0         de         se_1        se_0
1   0.5 0.8029910 0.6883488 0.8820742 -0.1937254  0.008259845  0.02398163
2   1.0 0.7564341 0.6800890 0.8580925 -0.1780036  0.000000000  0.00000000
3   2.0 0.7133285 0.6607780 0.8399321 -0.1791541 -0.019310940 -0.01816044
           oe         te
1  0.04655689 -0.1697437
2  0.00000000 -0.1780036
3 -0.04310561 -0.1973145

[[17]]
  delta        mu      mu_1      mu_0         de         se_1        se_0
1   0.5 0.7887462 0.6790357 0.8654259 -0.1863902 -0.003782864  0.01926689
2   1.0 0.7525750 0.6828186 0.8461590 -0.1633405  0.000000000  0.00000000
3   2.0 0.6886735 0.6345565 0.8308479 -0.1962914 -0.048262097 -0.01531113
           oe         te
1  0.03617122 -0.1671233
2  0.00000000 -0.1633405
3 -0.06390145 -0.2116026

[[18]]
  delta        mu      mu_1      mu_0         de        se_1         se_0
1   0.5 0.8008363 0.6843225 0.8794590 -0.1951365  0.02015809  0.023468718
2   1.0 0.7442018 0.6641644 0.8559903 -0.1918259  0.00000000  0.000000000
3   2.0 0.7029684 0.6520678 0.8511423 -0.1990746 -0.01209666 -0.004847931
           oe         te
1  0.05663446 -0.1716678
2  0.00000000 -0.1918259
3 -0.04123345 -0.2039225

[[19]]
  delta        mu      mu_1      mu_0         de        se_1        se_0
1   0.5 0.7733817 0.6688207 0.8454300 -0.1766093  0.02842550  0.01874754
2   1.0 0.7191666 0.6403952 0.8266825 -0.1862873  0.00000000  0.00000000
3   2.0 0.6561948 0.6064888 0.7996272 -0.1931385 -0.03390641 -0.02705523
           oe         te
1  0.05421514 -0.1578618
2  0.00000000 -0.1862873
3 -0.06297177 -0.2201937

[[20]]
  delta        mu      mu_1      mu_0         de        se_1       se_0
1   0.5 0.7861680 0.6756677 0.8629640 -0.1872963 0.003744629 0.01203811
2   1.0 0.7474857 0.6719231 0.8509259 -0.1790028 0.000000000 0.00000000
3   2.0 0.7447079 0.7004487 0.8558154 -0.1553667 0.028525618 0.00488951
            oe         te
1  0.038682252 -0.1752582
2  0.000000000 -0.1790028
3 -0.002777865 -0.1504772

[[1]]
  delta         mu       mu_1       mu_0         de       se_1       se_0
1   0.5 0.02522668 0.02099577 0.02820646 0.02156202 0.01658359 0.02397169
2   1.0 0.01764085 0.01807547 0.01728175 0.01283550 0.00000000 0.00000000
3   2.0 0.02932615 0.03141302 0.02409379 0.02313652 0.02453605 0.01945475
          oe         te
1 0.02179321 0.01624355
2 0.00000000 0.01283550
3 0.02341787 0.03068252

[[2]]
  delta         mu       mu_1       mu_0         de       se_1       se_0
1   0.5 0.02456436 0.01982470 0.02802424 0.02183881 0.01543737 0.02387844
2   1.0 0.01760136 0.01828613 0.01662459 0.01261360 0.00000000 0.00000000
3   2.0 0.03098925 0.03274420 0.02449724 0.02016535 0.02392885 0.01938135
          oe         te
1 0.02117364 0.01546007
2 0.00000000 0.01261360
3 0.02377383 0.03078336

[[3]]
  delta         mu       mu_1       mu_0         de       se_1       se_0
1   0.5 0.02380601 0.01951914 0.02670368 0.02077374 0.01524160 0.02335637
2   1.0 0.01664402 0.01714887 0.01601659 0.01192725 0.00000000 0.00000000
3   2.0 0.02838484 0.03092150 0.02197588 0.02133904 0.02438531 0.01748122
          oe         te
1 0.02111375 0.01508970
2 0.00000000 0.01192725
3 0.02306114 0.03014574

[[4]]
  delta         mu       mu_1       mu_0         de       se_1       se_0
1   0.5 0.03195176 0.02197545 0.04010958 0.03321998 0.01819721 0.03475632
2   1.0 0.01720973 0.01772716 0.01701946 0.01259518 0.00000000 0.00000000
3   2.0 0.02793867 0.02990892 0.02376981 0.02211689 0.02271294 0.01992294
          oe         te
1 0.02805473 0.01748015
2 0.00000000 0.01259518
3 0.02240920 0.02964492

[[5]]
  delta         mu       mu_1       mu_0         de       se_1       se_0
1   0.5 0.02607181 0.02096379 0.02930700 0.02295619 0.01670740 0.02468715
2   1.0 0.01770559 0.01821749 0.01701617 0.01245511 0.00000000 0.00000000
3   2.0 0.02907014 0.03158436 0.02261546 0.02240213 0.02494977 0.01781451
          oe         te
1 0.02234332 0.01621804
2 0.00000000 0.01245511
3 0.02348675 0.03083446

[[6]]
  delta         mu       mu_1       mu_0         de       se_1       se_0
1   0.5 0.02339974 0.02045639 0.02656903 0.02255702 0.01692311 0.02205205
2   1.0 0.01714661 0.01773535 0.01636116 0.01215949 0.00000000 0.00000000
3   2.0 0.03070127 0.03304721 0.02356619 0.02240538 0.02604321 0.02012487
          oe         te
1 0.02006271 0.01691989
2 0.00000000 0.01215949
3 0.02500717 0.03168358

[[7]]
  delta         mu       mu_1       mu_0         de       se_1       se_0
1   0.5 0.02777636 0.02089724 0.03279437 0.02442344 0.01579901 0.02623828
2   1.0 0.01822072 0.01832884 0.01793754 0.01250323 0.00000000 0.00000000
3   2.0 0.02935370 0.03218128 0.02403458 0.02428422 0.02497752 0.01963016
          oe         te
1 0.02266581 0.01497382
2 0.00000000 0.01250323
3 0.02358674 0.03163946

[[8]]
  delta         mu       mu_1       mu_0         de       se_1       se_0
1   0.5 0.02617339 0.01970523 0.03133401 0.02457112 0.01607375 0.02628949
2   1.0 0.01733314 0.01787826 0.01689235 0.01332258 0.00000000 0.00000000
3   2.0 0.03273383 0.03507663 0.02425425 0.02355193 0.02833268 0.02043236
          oe         te
1 0.02255320 0.01634757
2 0.00000000 0.01332258
3 0.02741115 0.03491615

[[9]]
  delta         mu       mu_1       mu_0         de       se_1       se_0
1   0.5 0.02450403 0.01908588 0.02946862 0.02665915 0.01619670 0.02643766
2   1.0 0.01697207 0.01729656 0.01663689 0.01272587 0.00000000 0.00000000
3   2.0 0.03659181 0.04031173 0.02619743 0.03014610 0.03496503 0.02190344
          oe         te
1 0.02277911 0.01672418
2 0.00000000 0.01272587
3 0.03179220 0.03950258

[[10]]
  delta         mu       mu_1       mu_0         de       se_1      se_0
1   0.5 0.02236032 0.01902487 0.02503358 0.01985300 0.01471919 0.0218704
2   1.0 0.01747783 0.01804210 0.01676345 0.01239372 0.00000000 0.0000000
3   2.0 0.03224765 0.03451171 0.02581340 0.02328176 0.02855530 0.0216997
          oe         te
1 0.01958017 0.01474928
2 0.00000000 0.01239372
3 0.02736317 0.03397436

[[11]]
  delta         mu       mu_1       mu_0         de       se_1       se_0
1   0.5 0.02180396 0.02027819 0.02388845 0.01996966 0.01627051 0.01941865
2   1.0 0.01808280 0.01854362 0.01730161 0.01261988 0.00000000 0.00000000
3   2.0 0.03007527 0.03138373 0.02552516 0.02127705 0.02405523 0.01984005
          oe         te
1 0.01819899 0.01626516
2 0.00000000 0.01261988
3 0.02364757 0.03050031

[[12]]
  delta         mu       mu_1       mu_0         de       se_1       se_0
1   0.5 0.02368203 0.01913301 0.02651531 0.01942059 0.01616155 0.02278882
2   1.0 0.01750981 0.01880081 0.01629947 0.01305948 0.00000000 0.00000000
3   2.0 0.04043304 0.04492287 0.02708240 0.02988054 0.03670669 0.02191440
          oe         te
1 0.02100592 0.01546124
2 0.00000000 0.01305948
3 0.03356144 0.04302236

[[13]]
  delta         mu       mu_1       mu_0         de       se_1       se_0
1   0.5 0.02599672 0.02056742 0.02979818 0.02232273 0.01614241 0.02539476
2   1.0 0.01683187 0.01767825 0.01611495 0.01268452 0.00000000 0.00000000
3   2.0 0.03353196 0.03700967 0.02545390 0.02651535 0.02997671 0.02007710
          oe         te
1 0.02221031 0.01695735
2 0.00000000 0.01268452
3 0.02726943 0.03510214

[[14]]
  delta         mu       mu_1       mu_0         de       se_1       se_0
1   0.5 0.03111335 0.01880291 0.04713824 0.04633222 0.01503783 0.04554278
2   1.0 0.01674977 0.01740395 0.01605083 0.01198611 0.00000000 0.00000000
3   2.0 0.03101035 0.03420357 0.02311562 0.02505907 0.02748677 0.01861487
          oe         te
1 0.02995672 0.01515960
2 0.00000000 0.01198611
3 0.02563490 0.03353550

[[15]]
  delta         mu       mu_1       mu_0         de       se_1       se_0
1   0.5 0.02520598 0.01970934 0.02890386 0.02292322 0.01533762 0.02537715
2   1.0 0.01797742 0.01874686 0.01663675 0.01226789 0.00000000 0.00000000
3   2.0 0.03333561 0.03676036 0.02507458 0.02575136 0.02826108 0.01996343
          oe         te
1 0.02203241 0.01501425
2 0.00000000 0.01226789
3 0.02623065 0.03451593

[[16]]
  delta         mu       mu_1       mu_0         de       se_1       se_0
1   0.5 0.02133331 0.01806907 0.02377147 0.01796651 0.01491128 0.02108319
2   1.0 0.01667225 0.01767636 0.01573942 0.01244709 0.00000000 0.00000000
3   2.0 0.03131094 0.03427101 0.02454921 0.02506150 0.02697633 0.01984590
          oe         te
1 0.01914384 0.01459334
2 0.00000000 0.01244709
3 0.02537377 0.03327415

[[17]]
  delta         mu       mu_1       mu_0         de       se_1       se_0
1   0.5 0.02374352 0.03063504 0.02960296 0.04142708 0.02759904 0.02506101
2   1.0 0.01736064 0.01783344 0.01679813 0.01222064 0.00000000 0.00000000
3   2.0 0.02886529 0.03072344 0.02299021 0.02047701 0.02333189 0.01884646
          oe         te
1 0.01917809 0.02697089
2 0.00000000 0.01222064
3 0.02272929 0.02958318

[[18]]
  delta         mu       mu_1       mu_0         de       se_1       se_0
1   0.5 0.02372098 0.01986015 0.02650185 0.01950358 0.01645457 0.02246713
2   1.0 0.01792128 0.01827812 0.01731231 0.01250011 0.00000000 0.00000000
3   2.0 0.03312503 0.03643224 0.02452176 0.02626438 0.02969226 0.01886131
          oe         te
1 0.02039574 0.01667588
2 0.00000000 0.01250011
3 0.02727826 0.03514113

[[19]]
  delta         mu       mu_1       mu_0         de       se_1       se_0
1   0.5 0.02068599 0.01773876 0.02347138 0.01865775 0.01245464 0.01916453
2   1.0 0.01696238 0.01750815 0.01657227 0.01210798 0.00000000 0.00000000
3   2.0 0.02806543 0.03016486 0.02302193 0.02108096 0.02368278 0.01783499
          oe         te
1 0.01663648 0.01395420
2 0.00000000 0.01210798
3 0.02242957 0.02895273

[[20]]
  delta         mu       mu_1       mu_0         de       se_1       se_0
1   0.5 0.02207105 0.02085120 0.02435204 0.02105496 0.01675697 0.02071990
2   1.0 0.01760334 0.01829720 0.01664294 0.01190842 0.00000000 0.00000000
3   2.0 0.03116141 0.03383141 0.02452104 0.02409264 0.02746955 0.01897247
          oe         te
1 0.01905031 0.01639519
2 0.00000000 0.01190842
3 0.02516586 0.03225326

[[1]]
  delta        mu      mu_1      mu_0         de        se_1         se_0
1   0.5 0.7925991 0.6936782 0.8576113 -0.1639331  0.01499858 -0.003797908
2   1.0 0.7596545 0.6786796 0.8614092 -0.1827296  0.00000000  0.000000000
3   2.0 0.6814308 0.6252486 0.8254300 -0.2001814 -0.05343106 -0.035979221
           oe         te
1  0.03294454 -0.1677310
2  0.00000000 -0.1827296
3 -0.07822372 -0.2361606

[[2]]
  delta        mu      mu_1      mu_0         de         se_1        se_0
1   0.5 0.8130114 0.7006266 0.8874999 -0.1868734  0.043631346 0.044704425
2   1.0 0.7358966 0.6569952 0.8427955 -0.1858003  0.000000000 0.000000000
3   2.0 0.7045308 0.6512885 0.8442248 -0.1929363 -0.005706768 0.001429268
           oe         te
1  0.07711481 -0.1421689
2  0.00000000 -0.1858003
3 -0.03136581 -0.1915071

[[3]]
  delta        mu      mu_1      mu_0         de        se_1        se_0
1   0.5 0.7925802 0.7070753 0.8519930 -0.1449177  0.01140393 -0.01867991
2   1.0 0.7715768 0.6956714 0.8706729 -0.1750015  0.00000000  0.00000000
3   2.0 0.6962859 0.6417139 0.8334598 -0.1917458 -0.05395745 -0.03721314
           oe         te
1  0.02100339 -0.1635976
2  0.00000000 -0.1750015
3 -0.07529089 -0.2289590

[[4]]
  delta        mu      mu_1      mu_0         de        se_1        se_0
1   0.5 0.7645754 0.6803105 0.8187302 -0.1384198  0.02787933 -0.03030179
2   1.0 0.7401718 0.6524311 0.8490320 -0.1966009  0.00000000  0.00000000
3   2.0 0.6646894 0.6121381 0.8003899 -0.1882518 -0.04029302 -0.04864210
           oe         te
1  0.02440363 -0.1687216
2  0.00000000 -0.1966009
3 -0.07548242 -0.2368939

[[5]]
  delta        mu      mu_1      mu_0         de        se_1         se_0
1   0.5 0.7928995 0.6887139 0.8600072 -0.1712933 -0.00527320 -0.001315924
2   1.0 0.7681432 0.6939871 0.8613231 -0.1673360  0.00000000  0.000000000
3   2.0 0.7020212 0.6489409 0.8411450 -0.1922041 -0.04504619 -0.020178106
           oe         te
1  0.02475634 -0.1726092
2  0.00000000 -0.1673360
3 -0.06612192 -0.2123822

[[6]]
  delta        mu      mu_1      mu_0         de         se_1         se_0
1   0.5 0.7715695 0.6775147 0.8388738 -0.1613591  0.002402494 -0.015553571
2   1.0 0.7520307 0.6751123 0.8544274 -0.1793151  0.000000000  0.000000000
3   2.0 0.7056213 0.6481514 0.8628562 -0.2147049 -0.026960870  0.008428854
           oe         te
1  0.01953875 -0.1769126
2  0.00000000 -0.1793151
3 -0.04640939 -0.2062760

[[7]]
  delta        mu      mu_1      mu_0         de        se_1        se_0
1   0.5 0.8154416 0.7256711 0.8751216 -0.1494506  0.04725045  0.01793740
2   1.0 0.7547675 0.6784206 0.8571842 -0.1787636  0.00000000  0.00000000
3   2.0 0.6852491 0.6270106 0.8430962 -0.2160857 -0.05141003 -0.01408798
           oe         te
1  0.06067404 -0.1315132
2  0.00000000 -0.1787636
3 -0.06951847 -0.2301736

[[8]]
  delta        mu      mu_1      mu_0         de        se_1        se_0
1   0.5 0.7872277 0.6750661 0.8672138 -0.1921477  0.04483356  0.04331081
2   1.0 0.7085075 0.6302326 0.8239030 -0.1936705  0.00000000  0.00000000
3   2.0 0.6267428 0.5660425 0.8125578 -0.2465154 -0.06419009 -0.01134518
           oe         te
1  0.07872020 -0.1488369
2  0.00000000 -0.1936705
3 -0.08176466 -0.2578605

[[9]]
  delta        mu      mu_1      mu_0         de        se_1         se_0
1   0.5 0.7760824 0.6636462 0.8557294 -0.1920832  0.03471695  0.004608842
2   1.0 0.7238479 0.6289293 0.8511206 -0.2221913  0.00000000  0.000000000
3   2.0 0.6653309 0.6045050 0.8247252 -0.2202202 -0.02442430 -0.026395391
           oe         te
1  0.05223448 -0.1874743
2  0.00000000 -0.2221913
3 -0.05851704 -0.2466156

[[10]]
  delta        mu      mu_1      mu_0         de         se_1         se_0
1   0.5 0.7998685 0.6802428 0.8811012 -0.2008584  0.026429042  0.050773977
2   1.0 0.7279213 0.6538137 0.8303272 -0.1765134  0.000000000  0.000000000
3   2.0 0.6956279 0.6443669 0.8266779 -0.1823110 -0.009446842 -0.003649284
           oe         te
1  0.07194728 -0.1500844
2  0.00000000 -0.1765134
3 -0.03229336 -0.1859603

[[11]]
  delta        mu      mu_1      mu_0         de         se_1        se_0
1   0.5 0.7897384 0.6979174 0.8604572 -0.1625398  0.006052752 -0.02206071
2   1.0 0.7736227 0.6918647 0.8825180 -0.1906533  0.000000000  0.00000000
3   2.0 0.7230227 0.6642560 0.8706145 -0.2063585 -0.027608689 -0.01190344
           oe         te
1  0.01611565 -0.1846005
2  0.00000000 -0.1906533
3 -0.05060007 -0.2182620

[[12]]
  delta        mu      mu_1      mu_0         de       se_1       se_0
1   0.5 0.7936607 0.6794605 0.8747898 -0.1953293 0.01476468 0.03342503
2   1.0 0.7361724 0.6646958 0.8413648 -0.1766690 0.00000000 0.00000000
3   2.0 0.7664356 0.7242000 0.8692015 -0.1450015 0.05950418 0.02783669
          oe         te
1 0.05748831 -0.1619043
2 0.00000000 -0.1766690
3 0.03026313 -0.1171648

[[13]]
  delta        mu      mu_1      mu_0         de        se_1         se_0
1   0.5 0.8231817 0.6985501 0.9018969 -0.2033468  0.03098472  0.032908072
2   1.0 0.7543656 0.6675654 0.8689888 -0.2014234  0.00000000  0.000000000
3   2.0 0.6919183 0.6317690 0.8600900 -0.2283210 -0.03579644 -0.008898846
           oe         te
1  0.06881609 -0.1704387
2  0.00000000 -0.2014234
3 -0.06244728 -0.2372198

[[14]]
  delta        mu      mu_1      mu_0         de        se_1        se_0
1   0.5 0.8656749 0.7199932 0.9596546 -0.2396614  0.05759672  0.10437190
2   1.0 0.7462050 0.6623964 0.8552827 -0.1928862  0.00000000  0.00000000
3   2.0 0.6976226 0.6492559 0.8248472 -0.1755914 -0.01314058 -0.03043546
           oe         te
1  0.11946990 -0.1352895
2  0.00000000 -0.1928862
3 -0.04858238 -0.2060268

[[15]]
  delta        mu      mu_1      mu_0         de          se_1         se_0
1   0.5 0.7723108 0.6754554 0.8413593 -0.1659039  0.0006629898 -0.015181357
2   1.0 0.7511635 0.6747924 0.8565407 -0.1817483  0.0000000000  0.000000000
3   2.0 0.7209268 0.6683059 0.8612082 -0.1929024 -0.0064865350  0.004667563
           oe         te
1  0.02114734 -0.1810853
2  0.00000000 -0.1817483
3 -0.03023668 -0.1882348

[[16]]
  delta        mu      mu_1      mu_0         de         se_1        se_0
1   0.5 0.8020865 0.6881363 0.8801397 -0.1920035  0.004535567  0.02083345
2   1.0 0.7595349 0.6836007 0.8593063 -0.1757056  0.000000000  0.00000000
3   2.0 0.7174598 0.6638792 0.8438282 -0.1799490 -0.019721476 -0.01547810
           oe         te
1  0.04255151 -0.1711700
2  0.00000000 -0.1757056
3 -0.04207516 -0.1954271

[[17]]
  delta        mu      mu_1      mu_0         de         se_1        se_0
1   0.5 0.7892753 0.6795369 0.8656420 -0.1861051 -0.003432563  0.01895929
2   1.0 0.7530099 0.6829695 0.8466827 -0.1637132  0.000000000  0.00000000
3   2.0 0.6888227 0.6347009 0.8309338 -0.1962329 -0.048268591 -0.01574894
           oe         te
1  0.03626543 -0.1671458
2  0.00000000 -0.1637132
3 -0.06418713 -0.2119818

[[18]]
  delta        mu      mu_1      mu_0         de        se_1         se_0
1   0.5 0.7993911 0.6830624 0.8783352 -0.1952727  0.01967034  0.022980425
2   1.0 0.7435941 0.6633921 0.8553547 -0.1919626  0.00000000  0.000000000
3   2.0 0.7012107 0.6505672 0.8493769 -0.1988097 -0.01282491 -0.005977843
           oe         te
1  0.05579703 -0.1722923
2  0.00000000 -0.1919626
3 -0.04238335 -0.2047875

[[19]]
  delta        mu      mu_1      mu_0         de        se_1        se_0
1   0.5 0.7731911 0.6686733 0.8452625 -0.1765892  0.02852320  0.01865534
2   1.0 0.7191540 0.6401501 0.8266072 -0.1864571  0.00000000  0.00000000
3   2.0 0.6536394 0.6038493 0.7975692 -0.1937199 -0.03630077 -0.02903799
           oe         te
1  0.05403712 -0.1579339
2  0.00000000 -0.1864571
3 -0.06551461 -0.2227579

[[20]]
  delta        mu      mu_1      mu_0         de        se_1        se_0
1   0.5 0.7851483 0.6748885 0.8623152 -0.1874267 0.001577916 0.010826707
2   1.0 0.7484020 0.6733106 0.8514885 -0.1781779 0.000000000 0.000000000
3   2.0 0.7447621 0.7006488 0.8559480 -0.1552993 0.027338163 0.004459501
            oe         te
1  0.036746331 -0.1766000
2  0.000000000 -0.1781779
3 -0.003639875 -0.1508398

[[1]]
  delta         mu       mu_1       mu_0         de       se_1       se_0
1   0.5 0.02499989 0.02080538 0.02792475 0.02125420 0.01642119 0.02362285
2   1.0 0.01758466 0.01804933 0.01724365 0.01284750 0.00000000 0.00000000
3   2.0 0.02934985 0.03148681 0.02406475 0.02318162 0.02456389 0.01945387
          oe         te
1 0.02153155 0.01610205
2 0.00000000 0.01284750
3 0.02344778 0.03073869

[[2]]
  delta         mu       mu_1       mu_0         de       se_1       se_0
1   0.5 0.02442859 0.01961106 0.02782241 0.02146386 0.01539001 0.02378042
2   1.0 0.01752539 0.01829361 0.01647126 0.01261988 0.00000000 0.00000000
3   2.0 0.03124891 0.03317909 0.02425177 0.02056224 0.02423129 0.01911130
          oe         te
1 0.02114334 0.01525174
2 0.00000000 0.01261988
3 0.02393727 0.03111810

[[3]]
  delta         mu       mu_1       mu_0         de       se_1       se_0
1   0.5 0.02402305 0.01950381 0.02702274 0.02106224 0.01545796 0.02372524
2   1.0 0.01648914 0.01701604 0.01600507 0.01211743 0.00000000 0.00000000
3   2.0 0.02820178 0.03067663 0.02201387 0.02129624 0.02412509 0.01763740
          oe         te
1 0.02148751 0.01521777
2 0.00000000 0.01211743
3 0.02295809 0.03005028

[[4]]
  delta         mu       mu_1       mu_0         de       se_1       se_0
1   0.5 0.03144876 0.02171880 0.03939671 0.03246093 0.01802236 0.03423192
2   1.0 0.01716572 0.01775594 0.01689691 0.01254495 0.00000000 0.00000000
3   2.0 0.02801419 0.02998642 0.02385418 0.02218265 0.02263732 0.01991354
          oe         te
1 0.02774387 0.01730576
2 0.00000000 0.01254495
3 0.02231177 0.02956382

[[5]]
  delta         mu       mu_1       mu_0         de       se_1       se_0
1   0.5 0.02600609 0.02092454 0.02918773 0.02284405 0.01668987 0.02455008
2   1.0 0.01769777 0.01819752 0.01700668 0.01245251 0.00000000 0.00000000
3   2.0 0.02900905 0.03150876 0.02256466 0.02239682 0.02489506 0.01774968
          oe         te
1 0.02227619 0.01624038
2 0.00000000 0.01245251
3 0.02343731 0.03078289

[[6]]
  delta         mu       mu_1       mu_0         de       se_1       se_0
1   0.5 0.02341293 0.02041126 0.02657084 0.02248468 0.01688150 0.02204256
2   1.0 0.01715557 0.01773956 0.01637734 0.01219898 0.00000000 0.00000000
3   2.0 0.03081681 0.03320024 0.02355550 0.02259686 0.02626017 0.02012404
          oe         te
1 0.02008059 0.01687038
2 0.00000000 0.01219898
3 0.02518669 0.03194092

[[7]]
  delta         mu       mu_1       mu_0         de       se_1       se_0
1   0.5 0.02769454 0.02088184 0.03266823 0.02431524 0.01577147 0.02614141
2   1.0 0.01821683 0.01832278 0.01792893 0.01249163 0.00000000 0.00000000
3   2.0 0.02942360 0.03225748 0.02409048 0.02439407 0.02507453 0.01968090
          oe         te
1 0.02259966 0.01499632
2 0.00000000 0.01249163
3 0.02366590 0.03172105

[[8]]
  delta         mu       mu_1       mu_0         de       se_1       se_0
1   0.5 0.02620875 0.01983008 0.03112806 0.02410950 0.01601457 0.02598121
2   1.0 0.01732328 0.01789063 0.01685268 0.01331882 0.00000000 0.00000000
3   2.0 0.03288980 0.03532267 0.02418633 0.02374000 0.02842684 0.02034122
          oe         te
1 0.02240561 0.01618797
2 0.00000000 0.01331882
3 0.02741739 0.03499953

[[9]]
  delta         mu       mu_1       mu_0         de       se_1       se_0
1   0.5 0.02427701 0.01904310 0.02921650 0.02653094 0.01615334 0.02618734
2   1.0 0.01702451 0.01735242 0.01668382 0.01274554 0.00000000 0.00000000
3   2.0 0.03627518 0.03992387 0.02619991 0.02978680 0.03458808 0.02181880
          oe         te
1 0.02254973 0.01674345
2 0.00000000 0.01274554
3 0.03146281 0.03919963

[[10]]
  delta         mu       mu_1       mu_0         de       se_1       se_0
1   0.5 0.02232239 0.01899421 0.02499777 0.01983484 0.01469056 0.02184402
2   1.0 0.01747094 0.01803839 0.01674810 0.01237587 0.00000000 0.00000000
3   2.0 0.03225182 0.03451096 0.02581475 0.02325954 0.02855636 0.02168959
          oe         te
1 0.01955228 0.01472263
2 0.00000000 0.01237587
3 0.02736257 0.03395942

[[11]]
  delta         mu       mu_1       mu_0         de       se_1       se_0
1   0.5 0.02178517 0.02030368 0.02383679 0.01990979 0.01632188 0.01938954
2   1.0 0.01807944 0.01856194 0.01726958 0.01262800 0.00000000 0.00000000
3   2.0 0.03013960 0.03148369 0.02549577 0.02139038 0.02412372 0.01983037
          oe         te
1 0.01820268 0.01629237
2 0.00000000 0.01262800
3 0.02369212 0.03057771

[[12]]
  delta         mu       mu_1       mu_0         de       se_1       se_0
1   0.5 0.02252503 0.01876678 0.02520883 0.01885013 0.01599446 0.02174739
2   1.0 0.01753775 0.01887329 0.01621394 0.01306115 0.00000000 0.00000000
3   2.0 0.04086799 0.04538067 0.02725801 0.03009565 0.03719616 0.02200356
          oe         te
1 0.02015476 0.01533441
2 0.00000000 0.01306115
3 0.03399071 0.04346534

[[13]]
  delta         mu       mu_1       mu_0         de       se_1       se_0
1   0.5 0.02576587 0.02043900 0.02967458 0.02256390 0.01591935 0.02528662
2   1.0 0.01684843 0.01768287 0.01604670 0.01259194 0.00000000 0.00000000
3   2.0 0.03342756 0.03686949 0.02534101 0.02627253 0.02986215 0.01998809
          oe         te
1 0.02192033 0.01687242
2 0.00000000 0.01259194
3 0.02717389 0.03494278

[[14]]
  delta         mu       mu_1       mu_0         de       se_1       se_0
1   0.5 0.03071549 0.01878013 0.04638072 0.04551086 0.01508005 0.04483525
2   1.0 0.01670168 0.01739960 0.01593671 0.01194732 0.00000000 0.00000000
3   2.0 0.03166886 0.03517587 0.02316024 0.02617641 0.02852662 0.01868768
          oe         te
1 0.02961123 0.01506127
2 0.00000000 0.01194732
3 0.02633054 0.03449619

[[15]]
  delta         mu       mu_1       mu_0         de       se_1       se_0
1   0.5 0.02521196 0.01980599 0.02882356 0.02285174 0.01535395 0.02519637
2   1.0 0.01806348 0.01877071 0.01674476 0.01227975 0.00000000 0.00000000
3   2.0 0.03326250 0.03668557 0.02494553 0.02579346 0.02828404 0.01990528
         oe         te
1 0.0219170 0.01507571
2 0.0000000 0.01227975
3 0.0262564 0.03453985

[[16]]
  delta         mu       mu_1       mu_0         de       se_1       se_0
1   0.5 0.02134318 0.01803670 0.02376818 0.01770565 0.01484308 0.02107569
2   1.0 0.01697816 0.01799005 0.01593592 0.01251662 0.00000000 0.00000000
3   2.0 0.03223660 0.03533306 0.02480277 0.02582392 0.02795511 0.01992065
          oe         te
1 0.01914828 0.01445928
2 0.00000000 0.01251662
3 0.02617623 0.03429387

[[17]]
  delta         mu       mu_1       mu_0         de       se_1       se_0
1   0.5 0.02373839 0.03050714 0.02954345 0.04113024 0.02746080 0.02496140
2   1.0 0.01732871 0.01781597 0.01676482 0.01220880 0.00000000 0.00000000
3   2.0 0.02880755 0.03066276 0.02294540 0.02041661 0.02325314 0.01881566
          oe         te
1 0.01918873 0.02687969
2 0.00000000 0.01220880
3 0.02266229 0.02949890

[[18]]
  delta         mu       mu_1       mu_0         de       se_1       se_0
1   0.5 0.02401576 0.02018045 0.02668681 0.01939825 0.01678078 0.02266412
2   1.0 0.01810402 0.01844570 0.01742058 0.01246278 0.00000000 0.00000000
3   2.0 0.03332608 0.03664974 0.02464518 0.02644314 0.02985298 0.01886038
          oe         te
1 0.02070170 0.01681458
2 0.00000000 0.01246278
3 0.02737253 0.03525585

[[19]]
  delta         mu       mu_1       mu_0         de       se_1       se_0
1   0.5 0.02064595 0.01774461 0.02343690 0.01868707 0.01250619 0.01927902
2   1.0 0.01702289 0.01756819 0.01656241 0.01207636 0.00000000 0.00000000
3   2.0 0.02820601 0.03029140 0.02308669 0.02117364 0.02379818 0.01785484
          oe         te
1 0.01672783 0.01395612
2 0.00000000 0.01207636
3 0.02255447 0.02909133

[[20]]
  delta         mu       mu_1       mu_0         de       se_1       se_0
1   0.5 0.02207411 0.02070581 0.02444929 0.02105120 0.01668246 0.02090760
2   1.0 0.01746200 0.01822674 0.01644911 0.01186498 0.00000000 0.00000000
3   2.0 0.03126422 0.03403936 0.02436339 0.02435499 0.02774747 0.01891294
          oe         te
1 0.01917586 0.01619947
2 0.00000000 0.01186498
3 0.02533739 0.03247403

[1] "Total run time was 3584.503 seconds"
