Warning message:
package ‘SuperLearner’ was built under R version 4.1.3 
[1] "[Simulation setting]"
[1] "n: 500"
[1] "deltas: 0.5, 1, 2"
[1] "K: 2"
[1] "r: 100"
[1] "s: 1"
[1] "Sim.id 1"
[1] "Data generated and format changed"
[1] "   Split: 1"
Loading required namespace: nnet
Loading required namespace: ranger
[1] "   Split: 2"
[1] "Estimates and SE estimates computed"
[1] ""
[1] "Sim.id 2"
[1] "Data generated and format changed"
[1] "   Split: 1"
[1] "   Split: 2"
[1] "Estimates and SE estimates computed"
[1] ""
[1] "Sim.id 3"
[1] "Data generated and format changed"
[1] "   Split: 1"
[1] "   Split: 2"
[1] "Estimates and SE estimates computed"
[1] ""
[1] "Sim.id 4"
[1] "Data generated and format changed"
[1] "   Split: 1"
[1] "   Split: 2"
[1] "Estimates and SE estimates computed"
[1] ""
[1] "Sim.id 5"
[1] "Data generated and format changed"
[1] "   Split: 1"
[1] "   Split: 2"
[1] "Estimates and SE estimates computed"
[1] ""
[1] "Sim.id 6"
[1] "Data generated and format changed"
[1] "   Split: 1"
[1] "   Split: 2"
[1] "Estimates and SE estimates computed"
[1] ""
[1] "Sim.id 7"
[1] "Data generated and format changed"
[1] "   Split: 1"
[1] "   Split: 2"
[1] "Estimates and SE estimates computed"
[1] ""
[1] "Sim.id 8"
[1] "Data generated and format changed"
[1] "   Split: 1"
[1] "   Split: 2"
[1] "Estimates and SE estimates computed"
[1] ""
[1] "Sim.id 9"
[1] "Data generated and format changed"
[1] "   Split: 1"
[1] "   Split: 2"
[1] "Estimates and SE estimates computed"
[1] ""
[1] "Sim.id 10"
[1] "Data generated and format changed"
[1] "   Split: 1"
[1] "   Split: 2"
[1] "Estimates and SE estimates computed"
[1] ""
[1] "Sim.id 11"
[1] "Data generated and format changed"
[1] "   Split: 1"
[1] "   Split: 2"
[1] "Estimates and SE estimates computed"
[1] ""
[1] "Sim.id 12"
[1] "Data generated and format changed"
[1] "   Split: 1"
[1] "   Split: 2"
[1] "Estimates and SE estimates computed"
[1] ""
[1] "Sim.id 13"
[1] "Data generated and format changed"
[1] "   Split: 1"
[1] "   Split: 2"
[1] "Estimates and SE estimates computed"
[1] ""
[1] "Sim.id 14"
[1] "Data generated and format changed"
[1] "   Split: 1"
[1] "   Split: 2"
[1] "Estimates and SE estimates computed"
[1] ""
[1] "Sim.id 15"
[1] "Data generated and format changed"
[1] "   Split: 1"
[1] "   Split: 2"
[1] "Estimates and SE estimates computed"
[1] ""
[1] "Sim.id 16"
[1] "Data generated and format changed"
[1] "   Split: 1"
[1] "   Split: 2"
[1] "Estimates and SE estimates computed"
[1] ""
[1] "Sim.id 17"
[1] "Data generated and format changed"
[1] "   Split: 1"
[1] "   Split: 2"
[1] "Estimates and SE estimates computed"
[1] ""
[1] "Sim.id 18"
[1] "Data generated and format changed"
[1] "   Split: 1"
[1] "   Split: 2"
[1] "Estimates and SE estimates computed"
[1] ""
[1] "Sim.id 19"
[1] "Data generated and format changed"
[1] "   Split: 1"
[1] "   Split: 2"
[1] "Estimates and SE estimates computed"
[1] ""
[1] "Sim.id 20"
[1] "Data generated and format changed"
[1] "   Split: 1"
[1] "   Split: 2"
[1] "Estimates and SE estimates computed"
[1] ""
[[1]]
  delta        mu      mu_1      mu_0         de        se_1        se_0
1   0.5 0.7966882 0.6768714 0.8722901 -0.1954187  0.03555518  0.03131527
2   1.0 0.7276923 0.6413163 0.8409748 -0.1996586  0.00000000  0.00000000
3   2.0 0.5998619 0.5327387 0.7855657 -0.2528269 -0.10857754 -0.05540918
           oe         te
1  0.06899587 -0.1641034
2  0.00000000 -0.1996586
3 -0.12783034 -0.3082361

[[2]]
  delta        mu      mu_1      mu_0         de        se_1        se_0
1   0.5 0.7996076 0.6942539 0.8692988 -0.1750449  0.01474208  0.02134092
2   1.0 0.7520473 0.6795118 0.8479578 -0.1684460  0.00000000  0.00000000
3   2.0 0.6940501 0.6494443 0.8051702 -0.1557259 -0.03006757 -0.04278766
           oe         te
1  0.04756030 -0.1537039
2  0.00000000 -0.1684460
3 -0.05799721 -0.1985136

[[3]]
  delta        mu      mu_1      mu_0         de        se_1         se_0
1   0.5 0.7728998 0.6566707 0.8512135 -0.1945428  0.02757554  0.002445026
2   1.0 0.7251459 0.6290952 0.8487685 -0.2196733  0.00000000  0.000000000
3   2.0 0.6468043 0.5910737 0.7949199 -0.2038462 -0.03802150 -0.053848592
           oe         te
1  0.04775394 -0.1920978
2  0.00000000 -0.2196733
3 -0.07834156 -0.2576948

[[4]]
  delta        mu      mu_1      mu_0         de        se_1        se_0
1   0.5 0.8209187 0.7197667 0.8896316 -0.1698649  0.05843647  0.04939682
2   1.0 0.7363953 0.6613302 0.8402348 -0.1789045  0.00000000  0.00000000
3   2.0 0.6556633 0.6063974 0.7997468 -0.1933495 -0.05493288 -0.04048794
           oe         te
1  0.08452348 -0.1204681
2  0.00000000 -0.1789045
3 -0.08073191 -0.2338374

[[5]]
  delta        mu      mu_1      mu_0         de        se_1        se_0
1   0.5 0.8458998 0.7275769 0.9226037 -0.1950268  0.04749195  0.05181196
2   1.0 0.7610829 0.6800849 0.8707917 -0.1907068  0.00000000  0.00000000
3   2.0 0.6519732 0.5980517 0.8226316 -0.2245799 -0.08203326 -0.04816011
           oe         te
1  0.08481693 -0.1432148
2  0.00000000 -0.1907068
3 -0.10910964 -0.2727401

[[6]]
  delta        mu      mu_1      mu_0         de       se_1       se_0
1   0.5 0.7881432 0.6781467 0.8614321 -0.1832853 0.01302589 0.01819163
2   1.0 0.7394156 0.6651208 0.8432404 -0.1781196 0.00000000 0.00000000
3   2.0 0.7206429 0.6746482 0.8548016 -0.1801535 0.00952733 0.01156120
           oe         te
1  0.04872766 -0.1650937
2  0.00000000 -0.1781196
3 -0.01877268 -0.1685923

[[7]]
  delta        mu      mu_1      mu_0         de       se_1         se_0
1   0.5 0.7820343 0.6746893 0.8572890 -0.1825997 0.01470162  0.007613658
2   1.0 0.7409919 0.6599877 0.8496754 -0.1896877 0.00000000  0.000000000
3   2.0 0.7331629 0.6870335 0.8476264 -0.1605929 0.02704579 -0.002049018
            oe         te
1  0.041042406 -0.1749861
2  0.000000000 -0.1896877
3 -0.007829048 -0.1626419

[[8]]
  delta        mu      mu_1      mu_0         de        se_1        se_0
1   0.5 0.7976508 0.6935161 0.8739911 -0.1804750  0.01979806  0.01421154
2   1.0 0.7525352 0.6737180 0.8597795 -0.1860615  0.00000000  0.00000000
3   2.0 0.6403102 0.5842794 0.7967495 -0.2124700 -0.08943859 -0.06303007
           oe         te
1  0.04511555 -0.1662635
2  0.00000000 -0.1860615
3 -0.11222501 -0.2755001

[[9]]
  delta        mu      mu_1      mu_0         de         se_1         se_0
1   0.5 0.7492291 0.6551605 0.8225854 -0.1674249 -0.001839210 -0.005023119
2   1.0 0.7289458 0.6569997 0.8276085 -0.1706088  0.000000000  0.000000000
3   2.0 0.7110887 0.6590620 0.8361900 -0.1771280  0.002062325  0.008581509
           oe         te
1  0.02028329 -0.1724480
2  0.00000000 -0.1706088
3 -0.01785708 -0.1685465

[[10]]
  delta        mu      mu_1      mu_0         de         se_1        se_0
1   0.5 0.8318989 0.6787399 0.9265474 -0.2478075  0.008844631 0.082077060
2   1.0 0.7453945 0.6698953 0.8444703 -0.1745751  0.000000000 0.000000000
3   2.0 0.6977226 0.6405723 0.8482952 -0.2077229 -0.029322979 0.003824906
           oe         te
1  0.08650445 -0.1657304
2  0.00000000 -0.1745751
3 -0.04767185 -0.2038980

[[11]]
  delta        mu      mu_1      mu_0         de         se_1         se_0
1   0.5 0.7940137 0.6958106 0.8629725 -0.1671619 -0.008797079 -0.012077278
2   1.0 0.7779070 0.7046077 0.8750498 -0.1704421  0.000000000  0.000000000
3   2.0 0.7605485 0.7154534 0.8771901 -0.1617367  0.010845729  0.002140339
           oe         te
1  0.01610676 -0.1792392
2  0.00000000 -0.1704421
3 -0.01735846 -0.1595964

[[12]]
  delta        mu      mu_1      mu_0         de        se_1        se_0
1   0.5 0.7895336 0.6810367 0.8653885 -0.1843518  0.01817810  0.02206296
2   1.0 0.7382732 0.6628586 0.8433255 -0.1804670  0.00000000  0.00000000
3   2.0 0.6779082 0.6296033 0.8142374 -0.1846341 -0.03325525 -0.02908808
           oe         te
1  0.05126046 -0.1622889
2  0.00000000 -0.1804670
3 -0.06036501 -0.2137222

[[13]]
  delta        mu      mu_1      mu_0         de         se_1        se_0
1   0.5 0.7957670 0.6879333 0.8679915 -0.1800582  0.022329859  0.01553520
2   1.0 0.7456288 0.6656034 0.8524563 -0.1868529  0.000000000  0.00000000
3   2.0 0.6983288 0.6623938 0.7949121 -0.1325184 -0.003209664 -0.05754419
           oe         te
1  0.05013820 -0.1645230
2  0.00000000 -0.1868529
3 -0.04730002 -0.1900626

[[14]]
  delta        mu      mu_1      mu_0         de       se_1       se_0
1   0.5 0.8150862 0.7035579 0.8855947 -0.1820368 0.03784246 0.03967406
2   1.0 0.7414015 0.6657154 0.8459206 -0.1802052 0.00000000 0.00000000
3   2.0 0.7262099 0.6768391 0.8597787 -0.1829396 0.01112366 0.01385809
           oe         te
1  0.07368474 -0.1423628
2  0.00000000 -0.1802052
3 -0.01519160 -0.1690816

[[15]]
  delta        mu      mu_1      mu_0         de        se_1        se_0
1   0.5 0.8397506 0.7224967 0.9142436 -0.1917469  0.03929261  0.03686379
2   1.0 0.7678454 0.6832041 0.8773798 -0.1941757  0.00000000  0.00000000
3   2.0 0.7028342 0.6512899 0.8417770 -0.1904871 -0.03191415 -0.03560278
           oe         te
1  0.07190513 -0.1548831
2  0.00000000 -0.1941757
3 -0.06501120 -0.2260899

[[16]]
  delta        mu      mu_1      mu_0         de        se_1         se_0
1   0.5 0.7407251 0.6364276 0.8108250 -0.1743973 -0.01391630 -0.004083486
2   1.0 0.7186453 0.6503439 0.8149085 -0.1645645  0.00000000  0.000000000
3   2.0 0.6687887 0.6284908 0.7929482 -0.1644574 -0.02185318 -0.021960242
           oe         te
1  0.02207975 -0.1784808
2  0.00000000 -0.1645645
3 -0.04985664 -0.1864177

[[17]]
  delta        mu      mu_1      mu_0         de        se_1        se_0
1   0.5 0.7913797 0.6740716 0.8731173 -0.1990456  0.02616197  0.03562345
2   1.0 0.7253326 0.6479097 0.8374938 -0.1895842  0.00000000  0.00000000
3   2.0 0.6641195 0.6089507 0.8174150 -0.2084643 -0.03895895 -0.02007883
           oe         te
1  0.06604711 -0.1634222
2  0.00000000 -0.1895842
3 -0.06121312 -0.2285431

[[18]]
  delta        mu      mu_1      mu_0         de        se_1        se_0
1   0.5 0.8144233 0.7163960 0.8798807 -0.1634848  0.03833124  0.02193128
2   1.0 0.7557684 0.6780648 0.8579495 -0.1798847  0.00000000  0.00000000
3   2.0 0.6790659 0.6341597 0.8121853 -0.1780256 -0.04390503 -0.04576417
           oe         te
1  0.05865482 -0.1415535
2  0.00000000 -0.1798847
3 -0.07670257 -0.2237897

[[19]]
  delta        mu      mu_1      mu_0         de        se_1         se_0
1   0.5 0.7811334 0.7071390 0.8313671 -0.1242281  0.02211095 -0.021177566
2   1.0 0.7599233 0.6850281 0.8525447 -0.1675166  0.00000000  0.000000000
3   2.0 0.7118421 0.6548292 0.8549526 -0.2001234 -0.03019886  0.002407948
           oe         te
1  0.02121006 -0.1454056
2  0.00000000 -0.1675166
3 -0.04808123 -0.1977155

[[20]]
  delta        mu      mu_1      mu_0         de         se_1         se_0
1   0.5 0.8063233 0.6961048 0.8720429 -0.1759381 -0.003974308 -0.005916682
2   1.0 0.7831892 0.7000791 0.8779596 -0.1778804  0.000000000  0.000000000
3   2.0 0.7457307 0.6874703 0.8739155 -0.1864452 -0.012608807 -0.004044056
           oe         te
1  0.02313405 -0.1818547
2  0.00000000 -0.1778804
3 -0.03745858 -0.1904892

[[1]]
  delta         mu       mu_1       mu_0         de       se_1       se_0
1   0.5 0.02455775 0.02175630 0.02796293 0.02364103 0.01700787 0.02372675
2   1.0 0.01678611 0.01732905 0.01611481 0.01207952 0.00000000 0.00000000
3   2.0 0.03669369 0.04364783 0.02350222 0.03576476 0.03842295 0.01914965
          oe         te
1 0.02110603 0.01696406
2 0.00000000 0.01207952
3 0.03197464 0.04314251

[[2]]
  delta         mu       mu_1       mu_0         de       se_1       se_0
1   0.5 0.02424995 0.02049551 0.02735997 0.02163168 0.01665560 0.02380479
2   1.0 0.01764182 0.01863790 0.01663587 0.01275956 0.00000000 0.00000000
3   2.0 0.03536016 0.03742914 0.02750463 0.02366142 0.02990854 0.02208405
          oe         te
1 0.02141922 0.01650701
2 0.00000000 0.01275956
3 0.02880413 0.03530924

[[3]]
  delta         mu       mu_1       mu_0         de       se_1       se_0
1   0.5 0.02328135 0.02000520 0.02633544 0.02176671 0.01515892 0.02184084
2   1.0 0.01631446 0.01659371 0.01621751 0.01253624 0.00000000 0.00000000
3   2.0 0.03170361 0.03576912 0.02259869 0.02690756 0.03089498 0.01942435
          oe         te
1 0.01915657 0.01630423
2 0.00000000 0.01253624
3 0.02807883 0.03635441

[[4]]
  delta         mu       mu_1       mu_0         de       se_1       se_0
1   0.5 0.02461262 0.02150197 0.02724789 0.02070545 0.01737237 0.02193348
2   1.0 0.01694493 0.01749555 0.01666592 0.01272334 0.00000000 0.00000000
3   2.0 0.03226964 0.03472487 0.02394852 0.02179157 0.02783677 0.02052258
          oe         te
1 0.02072070 0.01611499
2 0.00000000 0.01272334
3 0.02714913 0.03427400

[[5]]
  delta         mu       mu_1       mu_0         de       se_1       se_0
1   0.5 0.02321256 0.02054940 0.02638089 0.02314130 0.01713712 0.02144515
2   1.0 0.01679275 0.01726834 0.01604747 0.01251027 0.00000000 0.00000000
3   2.0 0.03372445 0.03770822 0.02483231 0.03082412 0.03150258 0.02131833
          oe         te
1 0.01937202 0.01566270
2 0.00000000 0.01251027
3 0.02868430 0.03741645

[[6]]
  delta         mu       mu_1       mu_0         de       se_1       se_0
1   0.5 0.02286630 0.01920586 0.02560975 0.02054662 0.01371906 0.02078284
2   1.0 0.01763217 0.01816428 0.01697137 0.01210348 0.00000000 0.00000000
3   2.0 0.04302480 0.04916341 0.02716718 0.03303771 0.04287085 0.02186353
          oe         te
1 0.01836181 0.01454629
2 0.00000000 0.01210348
3 0.03750246 0.04718338

[[7]]
  delta         mu       mu_1       mu_0         de       se_1       se_0
1   0.5 0.02297511 0.01918027 0.02597077 0.02069164 0.01486309 0.02242418
2   1.0 0.01784274 0.01849705 0.01675313 0.01268701 0.00000000 0.00000000
3   2.0 0.04009797 0.04585845 0.02423568 0.03621649 0.03919022 0.01891647
          oe         te
1 0.01978879 0.01524679
2 0.00000000 0.01268701
3 0.03439025 0.04468534

[[8]]
  delta         mu       mu_1       mu_0         de       se_1       se_0
1   0.5 0.02324214 0.01958106 0.02605962 0.02052058 0.01578982 0.02193761
2   1.0 0.01697635 0.01754011 0.01631374 0.01271209 0.00000000 0.00000000
3   2.0 0.02778279 0.02950143 0.02435567 0.02321174 0.02350021 0.01975872
          oe         te
1 0.01999184 0.01532036
2 0.00000000 0.01271209
3 0.02272114 0.02948679

[[9]]
  delta         mu       mu_1       mu_0         de       se_1       se_0
1   0.5 0.02397900 0.02009231 0.02822759 0.02476061 0.01437800 0.02366759
2   1.0 0.01722415 0.01786471 0.01685825 0.01337322 0.00000000 0.00000000
3   2.0 0.02971972 0.03193769 0.02404269 0.02185095 0.02397252 0.01952385
          oe         te
1 0.02013376 0.01558115
2 0.00000000 0.01337322
3 0.02336100 0.03070362

[[10]]
  delta         mu       mu_1       mu_0         de       se_1       se_0
1   0.5 0.02577793 0.02518095 0.03085565 0.03244714 0.02110306 0.02676959
2   1.0 0.01755323 0.01771907 0.01716013 0.01217356 0.00000000 0.00000000
3   2.0 0.02978968 0.03277546 0.02334269 0.02515779 0.02631946 0.01826679
          oe         te
1 0.02218201 0.02196337
2 0.00000000 0.01217356
3 0.02424260 0.03216644

[[11]]
  delta         mu       mu_1       mu_0         de       se_1       se_0
1   0.5 0.02614078 0.01978725 0.02952066 0.02055923 0.01606501 0.02426143
2   1.0 0.01704091 0.01728770 0.01671022 0.01251407 0.00000000 0.00000000
3   2.0 0.03209411 0.03478157 0.02477678 0.02429189 0.02773289 0.02060406
          oe         te
1 0.02197923 0.01497530
2 0.00000000 0.01251407
3 0.02649466 0.03403417

[[12]]
  delta         mu       mu_1       mu_0         de       se_1       se_0
1   0.5 0.02473185 0.02067800 0.02801487 0.02220361 0.01608361 0.02302560
2   1.0 0.01718692 0.01749375 0.01689378 0.01294779 0.00000000 0.00000000
3   2.0 0.02946738 0.03143666 0.02472498 0.02324308 0.02436356 0.02009309
          oe         te
1 0.02055683 0.01540599
2 0.00000000 0.01294779
3 0.02356003 0.03106406

[[13]]
  delta         mu       mu_1       mu_0         de       se_1       se_0
1   0.5 0.02599683 0.01987052 0.03006366 0.02281846 0.01522343 0.02435026
2   1.0 0.01804922 0.01827505 0.01764676 0.01216750 0.00000000 0.00000000
3   2.0 0.03348110 0.03853503 0.02477223 0.02970130 0.03161658 0.02032086
          oe         te
1 0.02140753 0.01467660
2 0.00000000 0.01216750
3 0.02755498 0.03707603

[[14]]
  delta         mu       mu_1       mu_0         de       se_1       se_0
1   0.5 0.02268376 0.01946907 0.02606026 0.02100580 0.01584831 0.02185646
2   1.0 0.01854951 0.01937307 0.01728431 0.01255278 0.00000000 0.00000000
3   2.0 0.04093174 0.04391785 0.03070012 0.02570508 0.03456814 0.02494342
          oe         te
1 0.01949536 0.01578465
2 0.00000000 0.01255278
3 0.03321898 0.04109684

[[15]]
  delta         mu       mu_1       mu_0         de       se_1       se_0
1   0.5 0.02479638 0.02084603 0.02723106 0.01974646 0.01528328 0.02153901
2   1.0 0.01753638 0.01779500 0.01699984 0.01239581 0.00000000 0.00000000
3   2.0 0.02812042 0.03006981 0.02240566 0.02032389 0.02304999 0.01851374
          oe         te
1 0.01978426 0.01483849
2 0.00000000 0.01239581
3 0.02251222 0.02928237

[[16]]
  delta         mu       mu_1       mu_0         de       se_1       se_0
1   0.5 0.02400977 0.02214423 0.02719238 0.02032827 0.01916148 0.02457506
2   1.0 0.01765332 0.01877314 0.01639315 0.01247346 0.00000000 0.00000000
3   2.0 0.03445169 0.03744765 0.02582918 0.02544576 0.02936179 0.02010111
          oe         te
1 0.02223598 0.01904608
2 0.00000000 0.01247346
3 0.02744612 0.03534978

[[17]]
  delta         mu       mu_1       mu_0         de       se_1       se_0
1   0.5 0.02222851 0.01927920 0.02487387 0.01966470 0.01687930 0.02206632
2   1.0 0.01782400 0.01865855 0.01704570 0.01327339 0.00000000 0.00000000
3   2.0 0.03566363 0.03883115 0.02800603 0.02843541 0.03028164 0.02258316
          oe         te
1 0.02052780 0.01647963
2 0.00000000 0.01327339
3 0.02848986 0.03724338

[[18]]
  delta         mu       mu_1       mu_0         de       se_1       se_0
1   0.5 0.02500921 0.02014667 0.02842489 0.02142848 0.01518538 0.02345142
2   1.0 0.01859406 0.01864761 0.01794814 0.01220906 0.00000000 0.00000000
3   2.0 0.04268620 0.04994307 0.02593375 0.03855353 0.04457767 0.02060652
          oe         te
1 0.02035946 0.01488704
2 0.00000000 0.01220906
3 0.03804238 0.04913865

[[19]]
  delta         mu       mu_1       mu_0         de       se_1       se_0
1   0.5 0.02593750 0.02048556 0.03161081 0.02617634 0.01560454 0.02587678
2   1.0 0.01752901 0.01772911 0.01701828 0.01190207 0.00000000 0.00000000
3   2.0 0.02888151 0.03023481 0.02398022 0.01917951 0.02328830 0.01932924
          oe         te
1 0.02133646 0.01590868
2 0.00000000 0.01190207
3 0.02303130 0.02927203

[[20]]
  delta         mu       mu_1       mu_0         de       se_1       se_0
1   0.5 0.02380833 0.01988210 0.02706686 0.02223679 0.01512551 0.02266740
2   1.0 0.01759502 0.01825992 0.01695478 0.01285812 0.00000000 0.00000000
3   2.0 0.03383596 0.03851785 0.02334233 0.03012124 0.03254407 0.01794656
          oe         te
1 0.02020809 0.01642240
2 0.00000000 0.01285812
3 0.02817770 0.03676512

[[1]]
  delta        mu      mu_1      mu_0         de        se_1        se_0
1   0.5 0.7992028 0.6787594 0.8744859 -0.1957264  0.03694117  0.03115355
2   1.0 0.7291988 0.6418183 0.8433323 -0.2015140  0.00000000  0.00000000
3   2.0 0.5981030 0.5298541 0.7863158 -0.2564618 -0.11196421 -0.05701647
           oe         te
1  0.07000398 -0.1645729
2  0.00000000 -0.2015140
3 -0.13109583 -0.3134782

[[2]]
  delta        mu      mu_1      mu_0         de        se_1        se_0
1   0.5 0.7986793 0.6940920 0.8678053 -0.1737133  0.01514739  0.02030205
2   1.0 0.7515196 0.6789446 0.8475033 -0.1685587  0.00000000  0.00000000
3   2.0 0.6927138 0.6480442 0.8045570 -0.1565127 -0.03090037 -0.04294628
           oe         te
1  0.04715978 -0.1534113
2  0.00000000 -0.1685587
3 -0.05880574 -0.1994590

[[3]]
  delta        mu      mu_1      mu_0         de        se_1         se_0
1   0.5 0.7723308 0.6560903 0.8508377 -0.1947474  0.02730331  0.001657145
2   1.0 0.7250909 0.6287870 0.8491805 -0.2203935  0.00000000  0.000000000
3   2.0 0.6461058 0.5898156 0.7957973 -0.2059817 -0.03897144 -0.053383287
           oe         te
1  0.04723991 -0.1930902
2  0.00000000 -0.2203935
3 -0.07898510 -0.2593650

[[4]]
  delta        mu      mu_1      mu_0         de        se_1        se_0
1   0.5 0.8249736 0.7222944 0.8941874 -0.1718930  0.06092998  0.05347637
2   1.0 0.7367700 0.6613645 0.8407111 -0.1793466  0.00000000  0.00000000
3   2.0 0.6523936 0.6020831 0.7995646 -0.1974815 -0.05928139 -0.04114648
           oe         te
1  0.08820353 -0.1184166
2  0.00000000 -0.1793466
3 -0.08437643 -0.2386280

[[5]]
  delta        mu      mu_1      mu_0         de        se_1        se_0
1   0.5 0.8458357 0.7278561 0.9222688 -0.1944127  0.04770914  0.05162816
2   1.0 0.7610464 0.6801469 0.8706407 -0.1904937  0.00000000  0.00000000
3   2.0 0.6527134 0.5986079 0.8234183 -0.2248105 -0.08153909 -0.04722231
           oe         te
1  0.08478922 -0.1427846
2  0.00000000 -0.1904937
3 -0.10833308 -0.2720328

[[6]]
  delta        mu      mu_1      mu_0         de        se_1       se_0
1   0.5 0.7870226 0.6775341 0.8604832 -0.1829490 0.013492187 0.01836477
2   1.0 0.7380060 0.6640419 0.8421184 -0.1780765 0.000000000 0.00000000
3   2.0 0.7195414 0.6738134 0.8534773 -0.1796639 0.009771483 0.01135895
           oe         te
1  0.04901662 -0.1645843
2  0.00000000 -0.1780765
3 -0.01846465 -0.1683050

[[7]]
  delta        mu      mu_1      mu_0         de       se_1         se_0
1   0.5 0.7816491 0.6746290 0.8564909 -0.1818619 0.01446888 0.0077819901
2   1.0 0.7409423 0.6601601 0.8487089 -0.1885488 0.00000000 0.0000000000
3   2.0 0.7315900 0.6839671 0.8488354 -0.1648684 0.02380696 0.0001265516
           oe         te
1  0.04070676 -0.1740799
2  0.00000000 -0.1885488
3 -0.00935231 -0.1647418

[[8]]
  delta        mu      mu_1      mu_0         de        se_1        se_0
1   0.5 0.7984389 0.6942541 0.8749122 -0.1806581  0.02009554  0.01507452
2   1.0 0.7525877 0.6741585 0.8598377 -0.1856792  0.00000000  0.00000000
3   2.0 0.6416010 0.5855709 0.7982726 -0.2127017 -0.08858759 -0.06156510
           oe         te
1  0.04585119 -0.1655836
2  0.00000000 -0.1856792
3 -0.11098665 -0.2742668

[[9]]
  delta        mu      mu_1      mu_0         de         se_1         se_0
1   0.5 0.7494667 0.6550388 0.8232292 -0.1681904 -0.002099492 -0.004904311
2   1.0 0.7291860 0.6571383 0.8281335 -0.1709952  0.000000000  0.000000000
3   2.0 0.7078462 0.6550989 0.8352853 -0.1801864 -0.002039407  0.007151742
           oe         te
1  0.02028073 -0.1730947
2  0.00000000 -0.1709952
3 -0.02133983 -0.1730346

[[10]]
  delta        mu      mu_1      mu_0         de         se_1        se_0
1   0.5 0.8328498 0.6785444 0.9282210 -0.2496766  0.007823094 0.083369850
2   1.0 0.7460391 0.6707213 0.8448512 -0.1741298  0.000000000 0.000000000
3   2.0 0.7006636 0.6441062 0.8480384 -0.2039323 -0.026615178 0.003187283
           oe         te
1  0.08681069 -0.1663067
2  0.00000000 -0.1741298
3 -0.04537544 -0.2007450

[[11]]
  delta        mu      mu_1      mu_0         de        se_1        se_0
1   0.5 0.7920889 0.6947307 0.8609307 -0.1661999 -0.01036050 -0.01374108
2   1.0 0.7778771 0.7050912 0.8746717 -0.1695805  0.00000000  0.00000000
3   2.0 0.7629426 0.7181436 0.8777667 -0.1596230  0.01305239  0.00309492
           oe         te
1  0.01421182 -0.1799410
2  0.00000000 -0.1695805
3 -0.01493448 -0.1565281

[[12]]
  delta        mu      mu_1      mu_0         de        se_1        se_0
1   0.5 0.7904211 0.6804242 0.8679952 -0.1875710  0.01859835  0.02458855
2   1.0 0.7373368 0.6618259 0.8434067 -0.1815808  0.00000000  0.00000000
3   2.0 0.6733149 0.6248224 0.8125248 -0.1877024 -0.03700352 -0.03088187
           oe         te
1  0.05308423 -0.1629825
2  0.00000000 -0.1815808
3 -0.06402193 -0.2185843

[[13]]
  delta        mu      mu_1      mu_0         de         se_1        se_0
1   0.5 0.7957919 0.6879967 0.8678094 -0.1798127  0.021452246  0.01498291
2   1.0 0.7465554 0.6665444 0.8528264 -0.1862820  0.000000000  0.00000000
3   2.0 0.7013642 0.6654140 0.7965759 -0.1311619 -0.001130394 -0.05625054
           oe         te
1  0.04923652 -0.1648298
2  0.00000000 -0.1862820
3 -0.04519123 -0.1874124

[[14]]
  delta        mu      mu_1      mu_0         de        se_1       se_0
1   0.5 0.8158687 0.7044807 0.8860853 -0.1816046 0.039400677 0.04027676
2   1.0 0.7411306 0.6650801 0.8458086 -0.1807285 0.000000000 0.00000000
3   2.0 0.7227739 0.6732397 0.8574499 -0.1842102 0.008159636 0.01164136
           oe         te
1  0.07473805 -0.1413278
2  0.00000000 -0.1807285
3 -0.01835670 -0.1725689

[[15]]
  delta        mu      mu_1      mu_0         de        se_1        se_0
1   0.5 0.8395239 0.7219923 0.9140450 -0.1920527  0.03907047  0.03735587
2   1.0 0.7673087 0.6829218 0.8766891 -0.1937673  0.00000000  0.00000000
3   2.0 0.7032655 0.6517916 0.8418957 -0.1901041 -0.03113027 -0.03479342
           oe         te
1  0.07221519 -0.1546968
2  0.00000000 -0.1937673
3 -0.06404312 -0.2248976

[[16]]
  delta        mu      mu_1      mu_0         de        se_1         se_0
1   0.5 0.7418642 0.6357283 0.8118150 -0.1760866 -0.01566476 -0.005591486
2   1.0 0.7209144 0.6513931 0.8174065 -0.1660134  0.00000000  0.000000000
3   2.0 0.6707339 0.6300081 0.7945085 -0.1645004 -0.02138495 -0.022897913
           oe         te
1  0.02094985 -0.1816781
2  0.00000000 -0.1660134
3 -0.05018047 -0.1873983

[[17]]
  delta        mu      mu_1      mu_0         de        se_1        se_0
1   0.5 0.7904536 0.6728286 0.8720196 -0.1991911  0.02540023  0.03440136
2   1.0 0.7251995 0.6474284 0.8376183 -0.1901899  0.00000000  0.00000000
3   2.0 0.6618119 0.6068948 0.8163904 -0.2094956 -0.04053357 -0.02122785
           oe         te
1  0.06525406 -0.1647897
2  0.00000000 -0.1901899
3 -0.06338762 -0.2307235

[[18]]
  delta        mu      mu_1      mu_0         de        se_1        se_0
1   0.5 0.8142615 0.7162795 0.8796718 -0.1633923  0.03840057  0.02190696
2   1.0 0.7556169 0.6778789 0.8577648 -0.1798859  0.00000000  0.00000000
3   2.0 0.6784420 0.6334684 0.8119795 -0.1785111 -0.04441052 -0.04578531
           oe         te
1  0.05864462 -0.1414853
2  0.00000000 -0.1798859
3 -0.07717489 -0.2242964

[[19]]
  delta        mu      mu_1      mu_0         de        se_1         se_0
1   0.5 0.7810173 0.7082610 0.8312087 -0.1229477  0.02334901 -0.021068669
2   1.0 0.7596307 0.6849120 0.8522774 -0.1673654  0.00000000  0.000000000
3   2.0 0.7109261 0.6537675 0.8543829 -0.2006154 -0.03114451  0.002105484
           oe         te
1  0.02138658 -0.1440164
2  0.00000000 -0.1673654
3 -0.04870462 -0.1985099

[[20]]
  delta        mu      mu_1      mu_0         de         se_1         se_0
1   0.5 0.8054476 0.6951759 0.8709645 -0.1757885 -0.004735245 -0.006035302
2   1.0 0.7828756 0.6999112 0.8769998 -0.1770886  0.000000000  0.000000000
3   2.0 0.7469069 0.6884612 0.8739719 -0.1855107 -0.011450004 -0.003027856
           oe         te
1  0.02257199 -0.1818238
2  0.00000000 -0.1770886
3 -0.03596878 -0.1885386

[[1]]
  delta         mu       mu_1       mu_0         de       se_1       se_0
1   0.5 0.02425049 0.02159861 0.02751701 0.02331179 0.01686966 0.02333887
2   1.0 0.01681781 0.01737068 0.01605602 0.01199256 0.00000000 0.00000000
3   2.0 0.03702256 0.04467090 0.02324834 0.03735256 0.03962753 0.01883046
          oe         te
1 0.02080969 0.01689631
2 0.00000000 0.01199256
3 0.03239874 0.04416182

[[2]]
  delta         mu       mu_1       mu_0         de       se_1       se_0
1   0.5 0.02407361 0.02045712 0.02714237 0.02152151 0.01657681 0.02359059
2   1.0 0.01759517 0.01862542 0.01654679 0.01274081 0.00000000 0.00000000
3   2.0 0.03524949 0.03731481 0.02738049 0.02347583 0.02975854 0.02198977
          oe         te
1 0.02124068 0.01642350
2 0.00000000 0.01274081
3 0.02866840 0.03515553

[[3]]
  delta         mu       mu_1       mu_0         de       se_1       se_0
1   0.5 0.02322834 0.01986064 0.02642384 0.02209700 0.01505199 0.02190790
2   1.0 0.01630662 0.01658483 0.01620067 0.01253464 0.00000000 0.00000000
3   2.0 0.03149413 0.03546234 0.02260200 0.02654243 0.03057268 0.01941062
          oe         te
1 0.01908775 0.01624090
2 0.00000000 0.01253464
3 0.02785442 0.03603696

[[4]]
  delta         mu       mu_1       mu_0         de       se_1       se_0
1   0.5 0.02485862 0.02187195 0.02739701 0.02074443 0.01781945 0.02208756
2   1.0 0.01700103 0.01758082 0.01665717 0.01272123 0.00000000 0.00000000
3   2.0 0.03385914 0.03658552 0.02429498 0.02301458 0.02971866 0.02091894
          oe         te
1 0.02096623 0.01647804
2 0.00000000 0.01272123
3 0.02877381 0.03610622

[[5]]
  delta         mu       mu_1       mu_0         de       se_1       se_0
1   0.5 0.02318441 0.02054563 0.02628303 0.02296073 0.01714210 0.02136632
2   1.0 0.01676140 0.01725089 0.01600209 0.01249103 0.00000000 0.00000000
3   2.0 0.03374166 0.03779108 0.02491979 0.03117338 0.03157646 0.02144210
          oe         te
1 0.01935877 0.01564282
2 0.00000000 0.01249103
3 0.02871162 0.03750223

[[6]]
  delta         mu       mu_1       mu_0         de       se_1       se_0
1   0.5 0.02254028 0.01913807 0.02524847 0.02034016 0.01359792 0.02038082
2   1.0 0.01759401 0.01813706 0.01694016 0.01209839 0.00000000 0.00000000
3   2.0 0.04299168 0.04913163 0.02713949 0.03297847 0.04283892 0.02183701
          oe         te
1 0.01797355 0.01447620
2 0.00000000 0.01209839
3 0.03746923 0.04714399

[[7]]
  delta         mu       mu_1       mu_0         de       se_1       se_0
1   0.5 0.02284059 0.01908268 0.02578597 0.02054072 0.01473381 0.02220696
2   1.0 0.01780216 0.01849371 0.01667857 0.01264884 0.00000000 0.00000000
3   2.0 0.03998210 0.04564181 0.02427370 0.03601810 0.03884997 0.01893305
          oe         te
1 0.01961168 0.01514883
2 0.00000000 0.01264884
3 0.03417389 0.04442392

[[8]]
  delta         mu       mu_1       mu_0         de       se_1       se_0
1   0.5 0.02317488 0.01950454 0.02601663 0.02054841 0.01574262 0.02191936
2   1.0 0.01697306 0.01756843 0.01625815 0.01272418 0.00000000 0.00000000
3   2.0 0.02788969 0.02962619 0.02437524 0.02328018 0.02358640 0.01983832
          oe         te
1 0.01996379 0.01527688
2 0.00000000 0.01272418
3 0.02275249 0.02951936

[[9]]
  delta         mu       mu_1       mu_0         de       se_1       se_0
1   0.5 0.02400349 0.02022016 0.02820270 0.02480589 0.01452500 0.02366301
2   1.0 0.01725026 0.01790422 0.01684990 0.01336558 0.00000000 0.00000000
3   2.0 0.03035414 0.03265286 0.02429245 0.02206800 0.02476004 0.01978302
          oe         te
1 0.02018545 0.01568860
2 0.00000000 0.01336558
3 0.02401661 0.03140754

[[10]]
  delta         mu       mu_1       mu_0         de       se_1       se_0
1   0.5 0.02561326 0.02512253 0.03041762 0.03161064 0.02108710 0.02637771
2   1.0 0.01757403 0.01772727 0.01712662 0.01210193 0.00000000 0.00000000
3   2.0 0.02998674 0.03302514 0.02337428 0.02531864 0.02665385 0.01837082
          oe         te
1 0.02208326 0.02185540
2 0.00000000 0.01210193
3 0.02453285 0.03250188

[[11]]
  delta         mu       mu_1       mu_0         de       se_1       se_0
1   0.5 0.02612278 0.01984728 0.02940907 0.02043407 0.01613472 0.02416742
2   1.0 0.01709757 0.01735245 0.01675634 0.01254128 0.00000000 0.00000000
3   2.0 0.03259622 0.03534584 0.02484764 0.02448266 0.02822565 0.02077189
          oe         te
1 0.02196842 0.01498822
2 0.00000000 0.01254128
3 0.02697745 0.03457281

[[12]]
  delta         mu       mu_1       mu_0         de       se_1       se_0
1   0.5 0.02476793 0.02065145 0.02807652 0.02227739 0.01603084 0.02309494
2   1.0 0.01730491 0.01759722 0.01700960 0.01298128 0.00000000 0.00000000
3   2.0 0.02970894 0.03155523 0.02514802 0.02336968 0.02434143 0.02035657
          oe         te
1 0.02059824 0.01544937
2 0.00000000 0.01298128
3 0.02360383 0.03100913

[[13]]
  delta         mu       mu_1       mu_0         de       se_1       se_0
1   0.5 0.02600908 0.01986623 0.03008739 0.02279475 0.01521739 0.02438686
2   1.0 0.01802541 0.01825666 0.01762734 0.01214006 0.00000000 0.00000000
3   2.0 0.03351431 0.03857082 0.02469327 0.02967984 0.03164831 0.02025613
          oe         te
1 0.02143538 0.01458641
2 0.00000000 0.01214006
3 0.02759028 0.03709194

[[14]]
  delta         mu       mu_1       mu_0         de       se_1       se_0
1   0.5 0.02300952 0.01962834 0.02649785 0.02132717 0.01576112 0.02211581
2   1.0 0.01848059 0.01923210 0.01731568 0.01247947 0.00000000 0.00000000
3   2.0 0.04029666 0.04339489 0.03025813 0.02588003 0.03445867 0.02453585
          oe         te
1 0.01959293 0.01588418
2 0.00000000 0.01247947
3 0.03285845 0.04072613

[[15]]
  delta         mu       mu_1       mu_0         de       se_1       se_0
1   0.5 0.02469681 0.02082737 0.02713334 0.01975778 0.01526181 0.02150049
2   1.0 0.01752035 0.01779814 0.01695665 0.01232768 0.00000000 0.00000000
3   2.0 0.02803709 0.03000917 0.02227882 0.02021959 0.02293627 0.01838596
          oe         te
1 0.01969814 0.01482055
2 0.00000000 0.01232768
3 0.02239838 0.02918522

[[16]]
  delta         mu       mu_1       mu_0         de       se_1       se_0
1   0.5 0.02503452 0.02352060 0.02800946 0.01996738 0.02079442 0.02545048
2   1.0 0.01752818 0.01869998 0.01622155 0.01240745 0.00000000 0.00000000
3   2.0 0.03418003 0.03735656 0.02576461 0.02597450 0.02941486 0.01983066
          oe         te
1 0.02335165 0.02058669
2 0.00000000 0.01240745
3 0.02717821 0.03518694

[[17]]
  delta         mu       mu_1       mu_0         de       se_1       se_0
1   0.5 0.02196300 0.01912028 0.02460429 0.01959829 0.01681127 0.02188782
2   1.0 0.01783279 0.01866515 0.01702251 0.01325978 0.00000000 0.00000000
3   2.0 0.03565992 0.03860881 0.02810725 0.02799878 0.02993769 0.02262620
         oe         te
1 0.0203509 0.01638357
2 0.0000000 0.01325978
3 0.0283682 0.03697195

[[18]]
  delta         mu       mu_1       mu_0         de       se_1       se_0
1   0.5 0.02499815 0.02014086 0.02839152 0.02137142 0.01520274 0.02343015
2   1.0 0.01860807 0.01865933 0.01795018 0.01217866 0.00000000 0.00000000
3   2.0 0.04263924 0.04988738 0.02590803 0.03846068 0.04452644 0.02053516
          oe         te
1 0.02035745 0.01487660
2 0.00000000 0.01217866
3 0.03798866 0.04907194

[[19]]
  delta         mu       mu_1       mu_0         de       se_1       se_0
1   0.5 0.02609861 0.02065591 0.03180653 0.02603265 0.01584885 0.02610177
2   1.0 0.01750932 0.01773312 0.01698310 0.01191520 0.00000000 0.00000000
3   2.0 0.02883814 0.03019748 0.02394120 0.01915984 0.02324323 0.01929031
          oe         te
1 0.02155173 0.01609558
2 0.00000000 0.01191520
3 0.02298617 0.02923297

[[20]]
  delta         mu       mu_1       mu_0         de       se_1       se_0
1   0.5 0.02374024 0.01988647 0.02699346 0.02226020 0.01514567 0.02262217
2   1.0 0.01759525 0.01822705 0.01699692 0.01283201 0.00000000 0.00000000
3   2.0 0.03376113 0.03845745 0.02330114 0.03017809 0.03250192 0.01790913
          oe         te
1 0.02015667 0.01651726
2 0.00000000 0.01283201
3 0.02811870 0.03672225

[1] "Total run time was 2049.731 seconds"
