Warning message:
package ‘SuperLearner’ was built under R version 4.1.3 
[1] "[Simulation setting]"
[1] "n: 500"
[1] "deltas: 0.5, 1, 2"
[1] "K: 2"
[1] "r: 100"
[1] "s: 1"
[1] "Sim.id 1"
[1] "Data generated and format changed"
[1] "   Split: 1"
Loading required namespace: nnet
Loading required namespace: ranger
[1] "   Split: 2"
[1] "Estimates and SE estimates computed"
[1] ""
[1] "Sim.id 2"
[1] "Data generated and format changed"
[1] "   Split: 1"
[1] "   Split: 2"
[1] "Estimates and SE estimates computed"
[1] ""
[1] "Sim.id 3"
[1] "Data generated and format changed"
[1] "   Split: 1"
[1] "   Split: 2"
[1] "Estimates and SE estimates computed"
[1] ""
[1] "Sim.id 4"
[1] "Data generated and format changed"
[1] "   Split: 1"
[1] "   Split: 2"
[1] "Estimates and SE estimates computed"
[1] ""
[1] "Sim.id 5"
[1] "Data generated and format changed"
[1] "   Split: 1"
[1] "   Split: 2"
[1] "Estimates and SE estimates computed"
[1] ""
[1] "Sim.id 6"
[1] "Data generated and format changed"
[1] "   Split: 1"
[1] "   Split: 2"
[1] "Estimates and SE estimates computed"
[1] ""
[1] "Sim.id 7"
[1] "Data generated and format changed"
[1] "   Split: 1"
[1] "   Split: 2"
[1] "Estimates and SE estimates computed"
[1] ""
[1] "Sim.id 8"
[1] "Data generated and format changed"
[1] "   Split: 1"
[1] "   Split: 2"
[1] "Estimates and SE estimates computed"
[1] ""
[1] "Sim.id 9"
[1] "Data generated and format changed"
[1] "   Split: 1"
[1] "   Split: 2"
[1] "Estimates and SE estimates computed"
[1] ""
[1] "Sim.id 10"
[1] "Data generated and format changed"
[1] "   Split: 1"
[1] "   Split: 2"
[1] "Estimates and SE estimates computed"
[1] ""
[1] "Sim.id 11"
[1] "Data generated and format changed"
[1] "   Split: 1"
[1] "   Split: 2"
[1] "Estimates and SE estimates computed"
[1] ""
[1] "Sim.id 12"
[1] "Data generated and format changed"
[1] "   Split: 1"
[1] "   Split: 2"
[1] "Estimates and SE estimates computed"
[1] ""
[1] "Sim.id 13"
[1] "Data generated and format changed"
[1] "   Split: 1"
[1] "   Split: 2"
[1] "Estimates and SE estimates computed"
[1] ""
[1] "Sim.id 14"
[1] "Data generated and format changed"
[1] "   Split: 1"
[1] "   Split: 2"
[1] "Estimates and SE estimates computed"
[1] ""
[1] "Sim.id 15"
[1] "Data generated and format changed"
[1] "   Split: 1"
[1] "   Split: 2"
[1] "Estimates and SE estimates computed"
[1] ""
[1] "Sim.id 16"
[1] "Data generated and format changed"
[1] "   Split: 1"
[1] "   Split: 2"
[1] "Estimates and SE estimates computed"
[1] ""
[1] "Sim.id 17"
[1] "Data generated and format changed"
[1] "   Split: 1"
[1] "   Split: 2"
[1] "Estimates and SE estimates computed"
[1] ""
[1] "Sim.id 18"
[1] "Data generated and format changed"
[1] "   Split: 1"
[1] "   Split: 2"
[1] "Estimates and SE estimates computed"
[1] ""
[1] "Sim.id 19"
[1] "Data generated and format changed"
[1] "   Split: 1"
[1] "   Split: 2"
[1] "Estimates and SE estimates computed"
[1] ""
[1] "Sim.id 20"
[1] "Data generated and format changed"
[1] "   Split: 1"
[1] "   Split: 2"
[1] "Estimates and SE estimates computed"
[1] ""
[[1]]
  delta        mu      mu_1      mu_0         de       se_1        se_0
1   0.5 0.8011274 0.6783266 0.8817958 -0.2034693 0.00160151  0.01658736
2   1.0 0.7580026 0.6767251 0.8652085 -0.1884834 0.00000000  0.00000000
3   2.0 0.7429909 0.6982592 0.8543073 -0.1560481 0.02153410 -0.01090116
           oe         te
1  0.04312487 -0.1868819
2  0.00000000 -0.1884834
3 -0.01501168 -0.1669493

[[2]]
  delta        mu      mu_1      mu_0         de        se_1        se_0
1   0.5 0.8354988 0.7269945 0.9058286 -0.1788341 0.041017619  0.03374336
2   1.0 0.7659720 0.6859769 0.8720852 -0.1861083 0.000000000  0.00000000
3   2.0 0.7348310 0.6959086 0.8412991 -0.1453905 0.009931749 -0.03078610
           oe         te
1  0.06952682 -0.1450907
2  0.00000000 -0.1861083
3 -0.03114104 -0.1761766

[[3]]
  delta        mu      mu_1      mu_0         de        se_1        se_0
1   0.5 0.7787880 0.6617528 0.8555537 -0.1938009  0.01850380  0.02755855
2   1.0 0.7233953 0.6432490 0.8279951 -0.1847462  0.00000000  0.00000000
3   2.0 0.6756224 0.6240970 0.8098583 -0.1857613 -0.01915197 -0.01813687
           oe         te
1  0.05539268 -0.1662424
2  0.00000000 -0.1847462
3 -0.04777285 -0.2038981

[[4]]
  delta        mu      mu_1      mu_0         de        se_1         se_0
1   0.5 0.8141821 0.6924611 0.8893173 -0.1968562  0.04105313  0.050044603
2   1.0 0.7313971 0.6514080 0.8392727 -0.1878647  0.00000000  0.000000000
3   2.0 0.6815978 0.6256627 0.8354193 -0.2097566 -0.02574523 -0.003853395
           oe         te
1  0.08278501 -0.1468116
2  0.00000000 -0.1878647
3 -0.04979935 -0.2136100

[[5]]
  delta        mu      mu_1      mu_0         de        se_1        se_0
1   0.5 0.8459419 0.7121617 0.9329576 -0.2207959  0.02390433  0.02423967
2   1.0 0.7853175 0.6882574 0.9087179 -0.2204606  0.00000000  0.00000000
3   2.0 0.7380965 0.6780981 0.8820376 -0.2039396 -0.01015930 -0.02668031
           oe         te
1  0.06062438 -0.1965562
2  0.00000000 -0.2204606
3 -0.04722101 -0.2306199

[[6]]
  delta        mu      mu_1      mu_0         de        se_1         se_0
1   0.5 0.7991948 0.6975054 0.8671311 -0.1696257  0.03326017  0.009947377
2   1.0 0.7460503 0.6642452 0.8571837 -0.1929385  0.00000000  0.000000000
3   2.0 0.6554092 0.5984984 0.8196231 -0.2211246 -0.06574679 -0.037560674
           oe         te
1  0.05314446 -0.1596783
2  0.00000000 -0.1929385
3 -0.09064113 -0.2586853

[[7]]
  delta        mu      mu_1      mu_0         de         se_1         se_0
1   0.5 0.8645145 0.7434443 0.9374913 -0.1940471  0.027677737  0.031891427
2   1.0 0.8006146 0.7157665 0.9055999 -0.1898334  0.000000000  0.000000000
3   2.0 0.7625475 0.7116735 0.8964483 -0.1847749 -0.004093074 -0.009151555
           oe         te
1  0.06389991 -0.1621556
2  0.00000000 -0.1898334
3 -0.03806708 -0.1939265

[[8]]
  delta        mu      mu_1      mu_0         de       se_1        se_0
1   0.5 0.7730494 0.6547810 0.8671018 -0.2123208 0.03279814 0.032865156
2   1.0 0.7074158 0.6219829 0.8342367 -0.2122538 0.00000000 0.000000000
3   2.0 0.6894703 0.6343051 0.8364494 -0.2021442 0.01232222 0.002212721
           oe         te
1  0.06563361 -0.1794556
2  0.00000000 -0.2122538
3 -0.01794544 -0.1999315

[[9]]
  delta        mu      mu_1      mu_0         de       se_1       se_0
1   0.5 0.7997785 0.6798513 0.8762883 -0.1964370 0.01122078 0.02340640
2   1.0 0.7515400 0.6686305 0.8528819 -0.1842514 0.00000000 0.00000000
3   2.0 0.7415373 0.6850086 0.8729596 -0.1879510 0.01637811 0.02007771
           oe         te
1  0.04823849 -0.1730306
2  0.00000000 -0.1842514
3 -0.01000265 -0.1678733

[[10]]
  delta        mu      mu_1      mu_0         de          se_1         se_0
1   0.5 0.7865564 0.6779524 0.8642076 -0.1862551 -0.0001578465  0.002448293
2   1.0 0.7544642 0.6781103 0.8617593 -0.1836490  0.0000000000  0.000000000
3   2.0 0.7111501 0.6637002 0.8414631 -0.1777629 -0.0144101306 -0.020296196
           oe         te
1  0.03209221 -0.1838068
2  0.00000000 -0.1836490
3 -0.04331405 -0.1980591

[[11]]
  delta        mu      mu_1      mu_0         de         se_1         se_0
1   0.5 0.7981942 0.6960951 0.8637658 -0.1676707  0.009607636 -0.001064426
2   1.0 0.7651466 0.6864874 0.8648302 -0.1783428  0.000000000  0.000000000
3   2.0 0.7135850 0.6657426 0.8437081 -0.1779655 -0.020744874 -0.021122150
           oe         te
1  0.03304752 -0.1687351
2  0.00000000 -0.1783428
3 -0.05156163 -0.1990877

[[12]]
  delta        mu      mu_1      mu_0         de        se_1        se_0
1   0.5 0.7783123 0.6844841 0.8404727 -0.1559887  0.02295909 -0.01029163
2   1.0 0.7431096 0.6615250 0.8507644 -0.1892394  0.00000000  0.00000000
3   2.0 0.6817781 0.6213556 0.8377716 -0.2164161 -0.04016942 -0.01299274
           oe         te
1  0.03520273 -0.1662803
2  0.00000000 -0.1892394
3 -0.06133148 -0.2294088

[[13]]
  delta        mu      mu_1      mu_0         de        se_1        se_0
1   0.5 0.7643956 0.6688580 0.8374074 -0.1685494 -0.01125419 -0.01534791
2   1.0 0.7515912 0.6801122 0.8527553 -0.1726432  0.00000000  0.00000000
3   2.0 0.6924047 0.6463861 0.8227221 -0.1763360 -0.03372600 -0.03003321
           oe         te
1  0.01280440 -0.1838974
2  0.00000000 -0.1726432
3 -0.05918646 -0.2063692

[[14]]
  delta        mu      mu_1      mu_0         de        se_1        se_0
1   0.5 0.7818109 0.6607166 0.8650291 -0.2043125  0.02159368  0.02640274
2   1.0 0.7227603 0.6391229 0.8386263 -0.1995034  0.00000000  0.00000000
3   2.0 0.6729508 0.6260611 0.8016594 -0.1755984 -0.01306181 -0.03696687
           oe         te
1  0.05905058 -0.1779097
2  0.00000000 -0.1995034
3 -0.04980953 -0.2125652

[[15]]
  delta        mu      mu_1      mu_0         de         se_1         se_0
1   0.5 0.8015544 0.6822567 0.8811844 -0.1989277  0.016103924 0.0239553163
2   1.0 0.7485769 0.6661528 0.8572291 -0.1910763  0.000000000 0.0000000000
3   2.0 0.7164862 0.6612306 0.8574961 -0.1962655 -0.004922167 0.0002669716
           oe         te
1  0.05297748 -0.1749724
2  0.00000000 -0.1910763
3 -0.03209065 -0.1959985

[[16]]
  delta        mu      mu_1      mu_0         de        se_1        se_0
1   0.5 0.7734022 0.6749045 0.8368753 -0.1619708  0.01087278 -0.01385353
2   1.0 0.7448778 0.6640318 0.8507289 -0.1866971  0.00000000  0.00000000
3   2.0 0.6662372 0.6081583 0.8288276 -0.2206693 -0.05587344 -0.02190126
           oe         te
1  0.02852433 -0.1758243
2  0.00000000 -0.1866971
3 -0.07864066 -0.2425706

[[17]]
  delta        mu      mu_1      mu_0         de        se_1        se_0
1   0.5 0.7983646 0.7027545 0.8663384 -0.1635839  0.03103096  0.01281291
2   1.0 0.7479616 0.6717236 0.8535255 -0.1818019  0.00000000  0.00000000
3   2.0 0.6556723 0.6024864 0.8144330 -0.2119466 -0.06923714 -0.03909250
           oe         te
1  0.05040298 -0.1507710
2  0.00000000 -0.1818019
3 -0.09228933 -0.2510391

[[18]]
  delta        mu      mu_1      mu_0         de        se_1        se_0
1   0.5 0.7738944 0.6633734 0.8579395 -0.1945661  0.01520075 0.008409598
2   1.0 0.7302851 0.6481727 0.8495299 -0.2013572  0.00000000 0.000000000
3   2.0 0.6877844 0.6283871 0.8533238 -0.2249367 -0.01978563 0.003793908
           oe         te
1  0.04360925 -0.1861565
2  0.00000000 -0.2013572
3 -0.04250073 -0.2211428

[[19]]
  delta        mu      mu_1      mu_0         de         se_1         se_0
1   0.5 0.7663644 0.6644134 0.8401424 -0.1757289  0.007282337 -0.004689990
2   1.0 0.7352415 0.6571311 0.8448324 -0.1877013  0.000000000  0.000000000
3   2.0 0.6903217 0.6382014 0.8371128 -0.1989114 -0.018929696 -0.007719596
           oe         te
1  0.03112296 -0.1804189
2  0.00000000 -0.1877013
3 -0.04491981 -0.2066310

[[20]]
  delta        mu      mu_1      mu_0         de        se_1        se_0
1   0.5 0.8174512 0.7044062 0.8905742 -0.1861680  0.01371225  0.01216592
2   1.0 0.7730884 0.6906939 0.8784082 -0.1877143  0.00000000  0.00000000
3   2.0 0.7266984 0.6705687 0.8644425 -0.1938738 -0.02012524 -0.01396569
           oe         te
1  0.04436282 -0.1740020
2  0.00000000 -0.1877143
3 -0.04638999 -0.2078395

[[1]]
  delta         mu       mu_1       mu_0         de       se_1       se_0
1   0.5 0.02355989 0.01962664 0.02648397 0.02039644 0.01630414 0.02188129
2   1.0 0.01723932 0.01787533 0.01673819 0.01312057 0.00000000 0.00000000
3   2.0 0.04029912 0.04555700 0.02644570 0.03534153 0.03955325 0.02127177
          oe         te
1 0.02030996 0.01570723
2 0.00000000 0.01312057
3 0.03512496 0.04472423

[[2]]
  delta         mu       mu_1       mu_0         de      se_1       se_0
1   0.5 0.02550074 0.01980074 0.02918591 0.02157438 0.0156080 0.02488643
2   1.0 0.01764176 0.01833527 0.01680469 0.01260864 0.0000000 0.00000000
3   2.0 0.03702920 0.04208469 0.02534043 0.03002684 0.0345092 0.01979018
          oe         te
1 0.02202960 0.01480061
2 0.00000000 0.01260864
3 0.03061238 0.04027692

[[3]]
  delta         mu       mu_1       mu_0         de       se_1       se_0
1   0.5 0.02518373 0.01989680 0.02931439 0.02306230 0.01625781 0.02446755
2   1.0 0.01675899 0.01767801 0.01595526 0.01276056 0.00000000 0.00000000
3   2.0 0.03624011 0.04046273 0.02521830 0.02811279 0.03268277 0.02034710
          oe         te
1 0.02153674 0.01639014
2 0.00000000 0.01276056
3 0.02947401 0.03785422

[[4]]
  delta         mu       mu_1       mu_0         de       se_1       se_0
1   0.5 0.02401782 0.01956996 0.02765668 0.02193162 0.01482981 0.02223714
2   1.0 0.01731159 0.01754874 0.01718347 0.01252957 0.00000000 0.00000000
3   2.0 0.03175756 0.03477874 0.02391541 0.02419025 0.02709809 0.01920530
          oe         te
1 0.01962287 0.01499611
2 0.00000000 0.01252957
3 0.02524385 0.03306805

[[5]]
  delta         mu       mu_1       mu_0         de       se_1       se_0
1   0.5 0.02578225 0.02045463 0.02901241 0.02070203 0.01457950 0.02356955
2   1.0 0.01859331 0.01876294 0.01796471 0.01230293 0.00000000 0.00000000
3   2.0 0.03539284 0.03889274 0.02525207 0.02623199 0.03006278 0.01964046
          oe         te
1 0.02054779 0.01548332
2 0.00000000 0.01230293
3 0.02759434 0.03541069

[[6]]
  delta         mu       mu_1       mu_0         de       se_1       se_0
1   0.5 0.02502181 0.02132824 0.02890485 0.02434722 0.01658792 0.02290001
2   1.0 0.01725045 0.01779309 0.01670035 0.01215452 0.00000000 0.00000000
3   2.0 0.03139306 0.03518224 0.02506640 0.02838401 0.02823348 0.02130335
          oe         te
1 0.02034246 0.01695190
2 0.00000000 0.01215452
3 0.02567113 0.03384935

[[7]]
  delta         mu       mu_1       mu_0         de       se_1       se_0
1   0.5 0.02339245 0.02141255 0.02610980 0.02185009 0.01697004 0.02105509
2   1.0 0.01749678 0.01803351 0.01690851 0.01276757 0.00000000 0.00000000
3   2.0 0.03276639 0.03673093 0.02603735 0.02928110 0.03070595 0.02236402
          oe         te
1 0.01940077 0.01699067
2 0.00000000 0.01276757
3 0.02820277 0.03680670

[[8]]
  delta         mu       mu_1       mu_0         de       se_1       se_0
1   0.5 0.02612437 0.02096826 0.03127164 0.02471487 0.01652147 0.02813418
2   1.0 0.01724698 0.01759373 0.01701816 0.01294969 0.00000000 0.00000000
3   2.0 0.03241298 0.03494840 0.02548490 0.02387111 0.02841660 0.02161766
          oe         te
1 0.02312628 0.01773085
2 0.00000000 0.01294969
3 0.02741886 0.03453983

[[9]]
  delta         mu       mu_1       mu_0         de       se_1       se_0
1   0.5 0.02858520 0.02417366 0.03270726 0.02624477 0.01963023 0.02810625
2   1.0 0.01763143 0.01820354 0.01683914 0.01241733 0.00000000 0.00000000
3   2.0 0.03287514 0.03562811 0.02563539 0.02362013 0.02797050 0.02118894
          oe         te
1 0.02411951 0.02001298
2 0.00000000 0.01241733
3 0.02664665 0.03393329

[[10]]
  delta         mu       mu_1       mu_0         de       se_1       se_0
1   0.5 0.02560413 0.01986042 0.02918392 0.02204159 0.01635709 0.02455302
2   1.0 0.01686836 0.01705199 0.01676620 0.01257033 0.00000000 0.00000000
3   2.0 0.03174336 0.03463785 0.02547849 0.02379647 0.02716535 0.02084615
          oe         te
1 0.02226094 0.01601254
2 0.00000000 0.01257033
3 0.02553556 0.03314078

[[11]]
  delta         mu       mu_1       mu_0         de       se_1       se_0
1   0.5 0.02427117 0.01986781 0.02723741 0.01963494 0.01640254 0.02260900
2   1.0 0.01794038 0.01856849 0.01734216 0.01259672 0.00000000 0.00000000
3   2.0 0.03470783 0.03793809 0.02540088 0.02575920 0.03057164 0.02012789
          oe         te
1 0.02096246 0.01499836
2 0.00000000 0.01259672
3 0.02876493 0.03710350

[[12]]
  delta         mu       mu_1       mu_0         de       se_1       se_0
1   0.5 0.02342422 0.01989170 0.02716728 0.02239475 0.01596752 0.02204180
2   1.0 0.01769944 0.01844247 0.01693027 0.01266707 0.00000000 0.00000000
3   2.0 0.03331266 0.03586784 0.02494264 0.02338633 0.02921602 0.02074436
          oe         te
1 0.01948438 0.01601856
2 0.00000000 0.01266707
3 0.02787961 0.03504337

[[13]]
  delta         mu       mu_1       mu_0         de       se_1       se_0
1   0.5 0.02191257 0.01968179 0.02418051 0.01952060 0.01701131 0.02100096
2   1.0 0.01763974 0.01828120 0.01687002 0.01232438 0.00000000 0.00000000
3   2.0 0.03426533 0.03729612 0.02653311 0.02633184 0.03007653 0.02084425
          oe         te
1 0.01970934 0.01665396
2 0.00000000 0.01232438
3 0.02801369 0.03557437

[[14]]
  delta         mu       mu_1       mu_0         de       se_1       se_0
1   0.5 0.02233707 0.02964250 0.02722984 0.03904963 0.02626612 0.02300127
2   1.0 0.01730423 0.01749561 0.01722292 0.01278054 0.00000000 0.00000000
3   2.0 0.03109534 0.03388670 0.02342365 0.02556900 0.02857586 0.01965192
          oe         te
1 0.01812851 0.02682515
2 0.00000000 0.01278054
3 0.02710957 0.03461192

[[15]]
  delta         mu       mu_1       mu_0         de       se_1       se_0
1   0.5 0.02370508 0.02136095 0.02635636 0.02175756 0.01770467 0.02197169
2   1.0 0.01837394 0.01916634 0.01756474 0.01358511 0.00000000 0.00000000
3   2.0 0.04025869 0.04474527 0.02762532 0.03261096 0.03691781 0.02283468
          oe         te
1 0.02024790 0.01798572
2 0.00000000 0.01358511
3 0.03366311 0.04304631

[[16]]
  delta         mu       mu_1       mu_0         de       se_1       se_0
1   0.5 0.02825063 0.02668929 0.03041894 0.02115633 0.02271032 0.02506274
2   1.0 0.01796329 0.01846572 0.01751007 0.01276584 0.00000000 0.00000000
3   2.0 0.03232092 0.03442110 0.02655868 0.02340344 0.02581791 0.02050129
          oe         te
1 0.02393526 0.02213540
2 0.00000000 0.01276584
3 0.02497393 0.03257518

[[17]]
  delta         mu       mu_1       mu_0         de       se_1       se_0
1   0.5 0.02558404 0.02751436 0.02851037 0.03060818 0.02521245 0.02476716
2   1.0 0.01695913 0.01747815 0.01643198 0.01233121 0.00000000 0.00000000
3   2.0 0.02978920 0.03220922 0.02419055 0.02353185 0.02530527 0.01967249
          oe         te
1 0.02271731 0.02575489
2 0.00000000 0.01233121
3 0.02434987 0.03163451

[[18]]
  delta         mu       mu_1       mu_0         de       se_1       se_0
1   0.5 0.02222436 0.01974572 0.02476221 0.02037437 0.01626787 0.02110635
2   1.0 0.01867016 0.01909317 0.01763910 0.01243547 0.00000000 0.00000000
3   2.0 0.03342400 0.03672054 0.02588355 0.02723782 0.02878933 0.02052344
          oe         te
1 0.01938013 0.01586943
2 0.00000000 0.01243547
3 0.02692835 0.03513902

[[19]]
  delta         mu       mu_1       mu_0         de       se_1       se_0
1   0.5 0.02245506 0.01989759 0.02483426 0.02008363 0.01488037 0.02019693
2   1.0 0.01742530 0.01788249 0.01710284 0.01260539 0.00000000 0.00000000
3   2.0 0.03224777 0.03481860 0.02488538 0.02420131 0.02932917 0.02117925
          oe         te
1 0.01824339 0.01499373
2 0.00000000 0.01260539
3 0.02792922 0.03508830

[[20]]
  delta         mu      mu_1       mu_0         de       se_1       se_0
1   0.5 0.02471818 0.0189768 0.02877072 0.02313467 0.01647186 0.02528732
2   1.0 0.01718867 0.0180313 0.01625169 0.01261120 0.00000000 0.00000000
3   2.0 0.03328088 0.0356643 0.02588568 0.02208859 0.02759936 0.02054048
          oe         te
1 0.02224222 0.01604893
2 0.00000000 0.01261120
3 0.02642806 0.03364443

[[1]]
  delta        mu      mu_1      mu_0         de        se_1        se_0
1   0.5 0.7989518 0.6758112 0.8799098 -0.2040987 0.002568053  0.01567450
2   1.0 0.7553063 0.6732431 0.8642353 -0.1909922 0.000000000  0.00000000
3   2.0 0.7304469 0.6845575 0.8489066 -0.1643491 0.011314430 -0.01532871
           oe         te
1  0.04364557 -0.1884242
2  0.00000000 -0.1909922
3 -0.02485934 -0.1796778

[[2]]
  delta        mu      mu_1      mu_0         de       se_1        se_0
1   0.5 0.8346941 0.7270628 0.9045258 -0.1774630 0.04228821  0.03422719
2   1.0 0.7643117 0.6847746 0.8702986 -0.1855240 0.00000000  0.00000000
3   2.0 0.7334456 0.6948706 0.8398704 -0.1449998 0.01009598 -0.03042827
           oe         te
1  0.07038246 -0.1432358
2  0.00000000 -0.1855240
3 -0.03086613 -0.1754280

[[3]]
  delta        mu      mu_1      mu_0         de        se_1        se_0
1   0.5 0.7804675 0.6616451 0.8581304 -0.1964853  0.01808061  0.02984632
2   1.0 0.7236717 0.6435645 0.8282841 -0.1847196  0.00000000  0.00000000
3   2.0 0.6757322 0.6240893 0.8103264 -0.1862371 -0.01947519 -0.01795767
           oe         te
1  0.05679576 -0.1666390
2  0.00000000 -0.1847196
3 -0.04793959 -0.2041948

[[4]]
  delta        mu      mu_1      mu_0         de        se_1          se_0
1   0.5 0.8180756 0.6935572 0.8944766 -0.2009195  0.04105591  5.482225e-02
2   1.0 0.7323971 0.6525013 0.8396544 -0.1871531  0.00000000  0.000000e+00
3   2.0 0.6874154 0.6315829 0.8395914 -0.2080086 -0.02091838 -6.292411e-05
           oe         te
1  0.08567852 -0.1460972
2  0.00000000 -0.1871531
3 -0.04498172 -0.2080715

[[5]]
  delta        mu      mu_1      mu_0         de        se_1        se_0
1   0.5 0.8450451 0.7112327 0.9327144 -0.2214816  0.02268295  0.02430886
2   1.0 0.7852692 0.6885498 0.9084055 -0.2198557  0.00000000  0.00000000
3   2.0 0.7384357 0.6784798 0.8815637 -0.2030839 -0.01006998 -0.02684182
           oe         te
1  0.05977590 -0.1971728
2  0.00000000 -0.2198557
3 -0.04683348 -0.2299257

[[6]]
  delta        mu      mu_1      mu_0         de        se_1        se_0
1   0.5 0.7993447 0.6969471 0.8672402 -0.1702931  0.03451494  0.01172574
2   1.0 0.7441881 0.6624321 0.8555144 -0.1930823  0.00000000  0.00000000
3   2.0 0.6542672 0.5977753 0.8180213 -0.2202460 -0.06465686 -0.03749317
           oe         te
1  0.05515662 -0.1585674
2  0.00000000 -0.1930823
3 -0.08992083 -0.2577392

[[7]]
  delta        mu      mu_1      mu_0         de         se_1         se_0
1   0.5 0.8647679 0.7437662 0.9376680 -0.1939018  0.027781385  0.031923607
2   1.0 0.8008234 0.7159848 0.9057444 -0.1897595  0.000000000  0.000000000
3   2.0 0.7627634 0.7118538 0.8971251 -0.1852713 -0.004131012 -0.008619272
           oe         te
1  0.06394446 -0.1619782
2  0.00000000 -0.1897595
3 -0.03806003 -0.1938906

[[8]]
  delta        mu      mu_1      mu_0         de        se_1        se_0
1   0.5 0.7710705 0.6541193 0.8645759 -0.2104566 0.033003930 0.030632033
2   1.0 0.7063757 0.6211154 0.8339439 -0.2128285 0.000000000 0.000000000
3   2.0 0.6866589 0.6306182 0.8375240 -0.2069058 0.009502826 0.003580135
           oe         te
1  0.06469481 -0.1798246
2  0.00000000 -0.2128285
3 -0.01971683 -0.2033257

[[9]]
  delta        mu      mu_1      mu_0         de       se_1       se_0
1   0.5 0.7976254 0.6789587 0.8735252 -0.1945665 0.01044675 0.02136367
2   1.0 0.7511653 0.6685120 0.8521615 -0.1836496 0.00000000 0.00000000
3   2.0 0.7423537 0.6857394 0.8737662 -0.1880267 0.01722745 0.02160463
            oe         te
1  0.046460105 -0.1732028
2  0.000000000 -0.1836496
3 -0.008811572 -0.1664221

[[10]]
  delta        mu      mu_1      mu_0         de         se_1         se_0
1   0.5 0.7859622 0.6778849 0.8635731 -0.1856883 -0.000549567  0.001654601
2   1.0 0.7546849 0.6784344 0.8619185 -0.1834841  0.000000000  0.000000000
3   2.0 0.7117039 0.6643081 0.8415751 -0.1772670 -0.014126370 -0.020343454
           oe         te
1  0.03127738 -0.1840337
2  0.00000000 -0.1834841
3 -0.04298092 -0.1976105

[[11]]
  delta        mu      mu_1      mu_0         de         se_1          se_0
1   0.5 0.7985697 0.6952611 0.8643504 -0.1690893  0.009270492 -0.0001107479
2   1.0 0.7645298 0.6859907 0.8644612 -0.1784705  0.000000000  0.0000000000
3   2.0 0.7143968 0.6668980 0.8437069 -0.1768089 -0.019092649 -0.0207542400
           oe         te
1  0.03403992 -0.1692000
2  0.00000000 -0.1784705
3 -0.05013304 -0.1975632

[[12]]
  delta        mu      mu_1      mu_0         de        se_1        se_0
1   0.5 0.7779553 0.6837623 0.8403334 -0.1565712  0.02227760 -0.01081526
2   1.0 0.7432109 0.6614846 0.8511487 -0.1896641  0.00000000  0.00000000
3   2.0 0.6817314 0.6211734 0.8382029 -0.2170296 -0.04031129 -0.01294579
           oe         te
1  0.03474439 -0.1673865
2  0.00000000 -0.1896641
3 -0.06147944 -0.2299754

[[13]]
  delta        mu      mu_1      mu_0         de        se_1        se_0
1   0.5 0.7627993 0.6675777 0.8361657 -0.1685880 -0.01189845 -0.01593828
2   1.0 0.7507419 0.6794762 0.8521040 -0.1726278  0.00000000  0.00000000
3   2.0 0.6918084 0.6457963 0.8233495 -0.1775532 -0.03367988 -0.02875445
           oe         te
1  0.01205742 -0.1845262
2  0.00000000 -0.1726278
3 -0.05893348 -0.2063077

[[14]]
  delta        mu      mu_1      mu_0         de        se_1        se_0
1   0.5 0.7828352 0.6590641 0.8683401 -0.2092759  0.01962564  0.02928330
2   1.0 0.7231618 0.6394385 0.8390568 -0.1996182  0.00000000  0.00000000
3   2.0 0.6704235 0.6234721 0.7994082 -0.1759361 -0.01596641 -0.03964854
           oe         te
1  0.05967339 -0.1799926
2  0.00000000 -0.1996182
3 -0.05273829 -0.2155847

[[15]]
  delta        mu      mu_1      mu_0         de         se_1         se_0
1   0.5 0.8019529 0.6821137 0.8817434 -0.1996297  0.015372678  0.023919866
2   1.0 0.7492092 0.6667410 0.8578235 -0.1910825  0.000000000  0.000000000
3   2.0 0.7153483 0.6600565 0.8561378 -0.1960813 -0.006684505 -0.001685692
           oe         te
1  0.05274366 -0.1757098
2  0.00000000 -0.1910825
3 -0.03386092 -0.1977670

[[16]]
  delta        mu      mu_1      mu_0         de        se_1        se_0
1   0.5 0.7731538 0.6764766 0.8378685 -0.1613919  0.01254523 -0.01268646
2   1.0 0.7445114 0.6639313 0.8505549 -0.1866236  0.00000000  0.00000000
3   2.0 0.6673572 0.6090725 0.8301363 -0.2210638 -0.05485882 -0.02041863
           oe         te
1  0.02864246 -0.1740784
2  0.00000000 -0.1866236
3 -0.07715420 -0.2414824

[[17]]
  delta        mu      mu_1      mu_0         de        se_1        se_0
1   0.5 0.7987747 0.7021175 0.8677249 -0.1656073  0.03111392  0.01508999
2   1.0 0.7470425 0.6710036 0.8526349 -0.1816313  0.00000000  0.00000000
3   2.0 0.6555630 0.6021895 0.8151102 -0.2129207 -0.06881410 -0.03752470
           oe         te
1  0.05173216 -0.1505173
2  0.00000000 -0.1816313
3 -0.09147950 -0.2504454

[[18]]
  delta        mu      mu_1      mu_0         de        se_1        se_0
1   0.5 0.7745288 0.6637386 0.8588452 -0.1951066  0.01525817 0.009003616
2   1.0 0.7306188 0.6484805 0.8498416 -0.2013611  0.00000000 0.000000000
3   2.0 0.6881491 0.6284956 0.8538003 -0.2253047 -0.01998486 0.003958717
           oe         te
1  0.04390998 -0.1861029
2  0.00000000 -0.2013611
3 -0.04246971 -0.2213460

[[19]]
  delta        mu      mu_1      mu_0         de         se_1         se_0
1   0.5 0.7656327 0.6641030 0.8387113 -0.1746084  0.008068309 -0.004511526
2   1.0 0.7338919 0.6560347 0.8432229 -0.1871882  0.000000000  0.000000000
3   2.0 0.6889788 0.6370586 0.8355534 -0.1984948 -0.018976068 -0.007669467
           oe         te
1  0.03174085 -0.1791199
2  0.00000000 -0.1871882
3 -0.04491304 -0.2061643

[[20]]
  delta        mu      mu_1      mu_0         de        se_1        se_0
1   0.5 0.8171735 0.7044418 0.8902859 -0.1858441  0.01283993  0.01102054
2   1.0 0.7741038 0.6916019 0.8792653 -0.1876635  0.00000000  0.00000000
3   2.0 0.7277104 0.6715990 0.8658241 -0.1942251 -0.02000286 -0.01344127
           oe         te
1  0.04306969 -0.1748235
2  0.00000000 -0.1876635
3 -0.04639339 -0.2076663

[[1]]
  delta         mu       mu_1       mu_0         de       se_1       se_0
1   0.5 0.02382016 0.01981465 0.02669879 0.02036476 0.01608018 0.02168574
2   1.0 0.01757889 0.01806651 0.01713810 0.01307117 0.00000000 0.00000000
3   2.0 0.03936665 0.04472074 0.02611848 0.03533580 0.03896413 0.02056359
          oe         te
1 0.02013739 0.01566317
2 0.00000000 0.01307117
3 0.03422334 0.04386030

[[2]]
  delta         mu       mu_1       mu_0         de       se_1       se_0
1   0.5 0.02495191 0.01968473 0.02858909 0.02131362 0.01550948 0.02437207
2   1.0 0.01767803 0.01837873 0.01687057 0.01264054 0.00000000 0.00000000
3   2.0 0.03733404 0.04242273 0.02553397 0.03040650 0.03483337 0.01999226
          oe         te
1 0.02158882 0.01478495
2 0.00000000 0.01264054
3 0.03090208 0.04063922

[[3]]
  delta         mu       mu_1       mu_0         de       se_1       se_0
1   0.5 0.02540346 0.01977404 0.02986346 0.02384381 0.01611237 0.02506307
2   1.0 0.01681303 0.01772306 0.01600519 0.01278308 0.00000000 0.00000000
3   2.0 0.03587853 0.04000842 0.02511553 0.02768968 0.03215438 0.02022452
          oe         te
1 0.02178130 0.01626121
2 0.00000000 0.01278308
3 0.02903511 0.03734710

[[4]]
  delta         mu       mu_1       mu_0         de       se_1       se_0
1   0.5 0.02452619 0.01970375 0.02811138 0.02196840 0.01488847 0.02256952
2   1.0 0.01745236 0.01758983 0.01736808 0.01256084 0.00000000 0.00000000
3   2.0 0.03135480 0.03417842 0.02401125 0.02375962 0.02646728 0.01935029
          oe         te
1 0.01995645 0.01491807
2 0.00000000 0.01256084
3 0.02489093 0.03262375

[[5]]
  delta         mu       mu_1       mu_0         de       se_1       se_0
1   0.5 0.02543122 0.02030959 0.02867032 0.02064220 0.01446087 0.02332275
2   1.0 0.01853962 0.01876168 0.01786398 0.01228162 0.00000000 0.00000000
3   2.0 0.03542267 0.03902670 0.02512512 0.02648300 0.03021313 0.01953672
          oe         te
1 0.02030369 0.01540282
2 0.00000000 0.01228162
3 0.02760000 0.03551024

[[6]]
  delta         mu       mu_1       mu_0         de       se_1       se_0
1   0.5 0.02499346 0.02122989 0.02891342 0.02439635 0.01658234 0.02286459
2   1.0 0.01722337 0.01779004 0.01661732 0.01210860 0.00000000 0.00000000
3   2.0 0.03082850 0.03443705 0.02491932 0.02792042 0.02747798 0.02118796
          oe         te
1 0.02030917 0.01690789
2 0.00000000 0.01210860
3 0.02509018 0.03312713

[[7]]
  delta         mu       mu_1       mu_0         de       se_1       se_0
1   0.5 0.02334276 0.02149547 0.02603336 0.02199823 0.01706805 0.02099434
2   1.0 0.01750199 0.01803403 0.01690684 0.01274958 0.00000000 0.00000000
3   2.0 0.03276360 0.03671469 0.02603419 0.02915897 0.03069137 0.02235988
          oe         te
1 0.01935202 0.01710886
2 0.00000000 0.01274958
3 0.02820017 0.03678789

[[8]]
  delta         mu       mu_1       mu_0         de       se_1       se_0
1   0.5 0.02594786 0.02097716 0.03065977 0.02439628 0.01655168 0.02742331
2   1.0 0.01723843 0.01759594 0.01705696 0.01305913 0.00000000 0.00000000
3   2.0 0.03233686 0.03472500 0.02631336 0.02424421 0.02800284 0.02227858
          oe         te
1 0.02292065 0.01783858
2 0.00000000 0.01305913
3 0.02712757 0.03419308

[[9]]
  delta         mu       mu_1       mu_0         de       se_1       se_0
1   0.5 0.02846263 0.02427285 0.03255290 0.02629164 0.01983555 0.02800343
2   1.0 0.01752585 0.01811053 0.01675063 0.01240331 0.00000000 0.00000000
3   2.0 0.03257578 0.03531009 0.02542605 0.02342900 0.02762947 0.02102762
          oe         te
1 0.02406429 0.02021508
2 0.00000000 0.01240331
3 0.02633389 0.03358164

[[10]]
  delta         mu       mu_1       mu_0         de       se_1       se_0
1   0.5 0.02560722 0.01992328 0.02914676 0.02197438 0.01639384 0.02447158
2   1.0 0.01691829 0.01709142 0.01681937 0.01259334 0.00000000 0.00000000
3   2.0 0.03169068 0.03455182 0.02547747 0.02370934 0.02701451 0.02086159
          oe         te
1 0.02222619 0.01602648
2 0.00000000 0.01259334
3 0.02544272 0.03305301

[[11]]
  delta         mu       mu_1       mu_0         de       se_1       se_0
1   0.5 0.02413242 0.01976179 0.02703397 0.01956276 0.01634500 0.02249314
2   1.0 0.01790190 0.01852403 0.01729446 0.01261508 0.00000000 0.00000000
3   2.0 0.03477477 0.03790922 0.02553511 0.02565580 0.03047498 0.02026248
          oe         te
1 0.02088337 0.01488424
2 0.00000000 0.01261508
3 0.02878826 0.03707923

[[12]]
  delta         mu       mu_1       mu_0         de       se_1       se_0
1   0.5 0.02336517 0.01989336 0.02711048 0.02243357 0.01599647 0.02198906
2   1.0 0.01773983 0.01849688 0.01694460 0.01265592 0.00000000 0.00000000
3   2.0 0.03346855 0.03609113 0.02492690 0.02364608 0.02937053 0.02070841
          oe         te
1 0.01944225 0.01600246
2 0.00000000 0.01265592
3 0.02796484 0.03520852

[[13]]
  delta         mu       mu_1       mu_0         de      se_1       se_0
1   0.5 0.02201459 0.01975545 0.02421549 0.01948713 0.0171178 0.02098241
2   1.0 0.01760520 0.01825363 0.01686124 0.01234310 0.0000000 0.00000000
3   2.0 0.03387465 0.03687532 0.02636032 0.02592611 0.0296302 0.02063845
          oe         te
1 0.01977011 0.01671871
2 0.00000000 0.01234310
3 0.02761618 0.03517182

[[14]]
  delta         mu       mu_1       mu_0         de       se_1       se_0
1   0.5 0.02239368 0.03141449 0.02770826 0.04213891 0.02822567 0.02370668
2   1.0 0.01739369 0.01756599 0.01724540 0.01271281 0.00000000 0.00000000
3   2.0 0.03116465 0.03390000 0.02342332 0.02543745 0.02858896 0.01967356
          oe         te
1 0.01826879 0.02867202
2 0.00000000 0.01271281
3 0.02718667 0.03465319

[[15]]
  delta         mu       mu_1       mu_0         de       se_1       se_0
1   0.5 0.02361857 0.02132910 0.02622858 0.02166822 0.01774666 0.02194971
2   1.0 0.01854222 0.01930735 0.01764715 0.01354877 0.00000000 0.00000000
3   2.0 0.04046539 0.04507252 0.02771217 0.03316209 0.03719614 0.02278220
          oe         te
1 0.02028102 0.01799700
2 0.00000000 0.01354877
3 0.03381301 0.04336074

[[16]]
  delta         mu       mu_1       mu_0         de       se_1       se_0
1   0.5 0.02686215 0.02484805 0.02884694 0.02129413 0.02072923 0.02350667
2   1.0 0.01795745 0.01849143 0.01743926 0.01276087 0.00000000 0.00000000
3   2.0 0.03268402 0.03489291 0.02671012 0.02376925 0.02632379 0.02053803
          oe         te
1 0.02253193 0.02017780
2 0.00000000 0.01276087
3 0.02533906 0.03301939

[[17]]
  delta         mu       mu_1       mu_0         de       se_1       se_0
1   0.5 0.02538166 0.02731297 0.02847995 0.03080794 0.02502558 0.02475870
2   1.0 0.01705613 0.01753997 0.01652713 0.01234227 0.00000000 0.00000000
3   2.0 0.03039892 0.03295101 0.02444414 0.02431216 0.02609000 0.01992861
          oe         te
1 0.02255450 0.02562771
2 0.00000000 0.01234227
3 0.02500785 0.03239092

[[18]]
  delta         mu       mu_1       mu_0         de       se_1       se_0
1   0.5 0.02220213 0.01975658 0.02471875 0.02035483 0.01629269 0.02106758
2   1.0 0.01864076 0.01908184 0.01759283 0.01241104 0.00000000 0.00000000
3   2.0 0.03348719 0.03677226 0.02594398 0.02713295 0.02875841 0.02053944
          oe         te
1 0.01936275 0.01588904
2 0.00000000 0.01241104
3 0.02690604 0.03508978

[[19]]
  delta         mu       mu_1       mu_0         de       se_1       se_0
1   0.5 0.02230558 0.01980123 0.02462867 0.01983595 0.01479468 0.02000801
2   1.0 0.01734276 0.01783932 0.01696674 0.01251196 0.00000000 0.00000000
3   2.0 0.03204449 0.03468916 0.02473812 0.02430040 0.02922089 0.02098400
          oe         te
1 0.01810522 0.01484405
2 0.00000000 0.01251196
3 0.02770240 0.03491304

[[20]]
  delta         mu       mu_1       mu_0         de       se_1       se_0
1   0.5 0.02467641 0.01888409 0.02877435 0.02313944 0.01641980 0.02529748
2   1.0 0.01716348 0.01804736 0.01619329 0.01259301 0.00000000 0.00000000
3   2.0 0.03333204 0.03574429 0.02588351 0.02220818 0.02765845 0.02049803
          oe         te
1 0.02223195 0.01591573
2 0.00000000 0.01259301
3 0.02643794 0.03366396

[1] "Total run time was 3044.558 seconds"
