Warning message:
package ‘SuperLearner’ was built under R version 4.1.3 
[1] "[Simulation setting]"
[1] "n: 500"
[1] "deltas: 0.5, 1, 2"
[1] "K: 2"
[1] "r: 100"
[1] "s: 1"
[1] "Sim.id 1"
[1] "Data generated and format changed"
[1] "   Split: 1"
Loading required namespace: nnet
Loading required namespace: ranger
[1] "   Split: 2"
[1] "Estimates and SE estimates computed"
[1] ""
[1] "Sim.id 2"
[1] "Data generated and format changed"
[1] "   Split: 1"
[1] "   Split: 2"
[1] "Estimates and SE estimates computed"
[1] ""
[1] "Sim.id 3"
[1] "Data generated and format changed"
[1] "   Split: 1"
[1] "   Split: 2"
[1] "Estimates and SE estimates computed"
[1] ""
[1] "Sim.id 4"
[1] "Data generated and format changed"
[1] "   Split: 1"
[1] "   Split: 2"
[1] "Estimates and SE estimates computed"
[1] ""
[1] "Sim.id 5"
[1] "Data generated and format changed"
[1] "   Split: 1"
[1] "   Split: 2"
[1] "Estimates and SE estimates computed"
[1] ""
[1] "Sim.id 6"
[1] "Data generated and format changed"
[1] "   Split: 1"
[1] "   Split: 2"
[1] "Estimates and SE estimates computed"
[1] ""
[1] "Sim.id 7"
[1] "Data generated and format changed"
[1] "   Split: 1"
[1] "   Split: 2"
[1] "Estimates and SE estimates computed"
[1] ""
[1] "Sim.id 8"
[1] "Data generated and format changed"
[1] "   Split: 1"
[1] "   Split: 2"
[1] "Estimates and SE estimates computed"
[1] ""
[1] "Sim.id 9"
[1] "Data generated and format changed"
[1] "   Split: 1"
[1] "   Split: 2"
[1] "Estimates and SE estimates computed"
[1] ""
[1] "Sim.id 10"
[1] "Data generated and format changed"
[1] "   Split: 1"
[1] "   Split: 2"
[1] "Estimates and SE estimates computed"
[1] ""
[1] "Sim.id 11"
[1] "Data generated and format changed"
[1] "   Split: 1"
[1] "   Split: 2"
[1] "Estimates and SE estimates computed"
[1] ""
[1] "Sim.id 12"
[1] "Data generated and format changed"
[1] "   Split: 1"
[1] "   Split: 2"
[1] "Estimates and SE estimates computed"
[1] ""
[1] "Sim.id 13"
[1] "Data generated and format changed"
[1] "   Split: 1"
[1] "   Split: 2"
[1] "Estimates and SE estimates computed"
[1] ""
[1] "Sim.id 14"
[1] "Data generated and format changed"
[1] "   Split: 1"
[1] "   Split: 2"
[1] "Estimates and SE estimates computed"
[1] ""
[1] "Sim.id 15"
[1] "Data generated and format changed"
[1] "   Split: 1"
[1] "   Split: 2"
[1] "Estimates and SE estimates computed"
[1] ""
[1] "Sim.id 16"
[1] "Data generated and format changed"
[1] "   Split: 1"
[1] "   Split: 2"
[1] "Estimates and SE estimates computed"
[1] ""
[1] "Sim.id 17"
[1] "Data generated and format changed"
[1] "   Split: 1"
[1] "   Split: 2"
[1] "Estimates and SE estimates computed"
[1] ""
[1] "Sim.id 18"
[1] "Data generated and format changed"
[1] "   Split: 1"
[1] "   Split: 2"
[1] "Estimates and SE estimates computed"
[1] ""
[1] "Sim.id 19"
[1] "Data generated and format changed"
[1] "   Split: 1"
[1] "   Split: 2"
[1] "Estimates and SE estimates computed"
[1] ""
[1] "Sim.id 20"
[1] "Data generated and format changed"
[1] "   Split: 1"
[1] "   Split: 2"
[1] "Estimates and SE estimates computed"
[1] ""
[[1]]
  delta        mu      mu_1      mu_0         de       se_1        se_0
1   0.5 0.8204964 0.7008435 0.9039185 -0.2030750  0.0265587  0.04575877
2   1.0 0.7498897 0.6742848 0.8581597 -0.1838749  0.0000000  0.00000000
3   2.0 0.6923220 0.6421049 0.8401361 -0.1980312 -0.0321799 -0.01802361
           oe         te
1  0.07060676 -0.1573162
2  0.00000000 -0.1838749
3 -0.05756767 -0.2160548

[[2]]
  delta        mu      mu_1      mu_0         de        se_1        se_0
1   0.5 0.8306781 0.7119433 0.8994082 -0.1874649  0.02619729  0.01842411
2   1.0 0.7739260 0.6857460 0.8809841 -0.1952381  0.00000000  0.00000000
3   2.0 0.7148347 0.6494327 0.8757222 -0.2262896 -0.03631336 -0.00526187
           oe         te
1  0.05675207 -0.1690408
2  0.00000000 -0.1952381
3 -0.05909125 -0.2315515

[[3]]
  delta        mu      mu_1      mu_0         de        se_1        se_0
1   0.5 0.7705562 0.6540541 0.8487059 -0.1946517  0.01207848  0.01292131
2   1.0 0.7248864 0.6419756 0.8357845 -0.1938089  0.00000000  0.00000000
3   2.0 0.6522489 0.5972251 0.8060725 -0.2088475 -0.04475058 -0.02971203
           oe         te
1  0.04566980 -0.1817304
2  0.00000000 -0.1938089
3 -0.07263752 -0.2385595

[[4]]
  delta        mu      mu_1      mu_0         de        se_1         se_0
1   0.5 0.8015575 0.6993690 0.8703139 -0.1709449  0.02121590  0.007256227
2   1.0 0.7576939 0.6781531 0.8630577 -0.1849046  0.00000000  0.000000000
3   2.0 0.6924050 0.6464196 0.8205619 -0.1741424 -0.03173356 -0.042495771
           oe         te
1  0.04386359 -0.1636887
2  0.00000000 -0.1849046
3 -0.06528884 -0.2166381

[[5]]
  delta        mu      mu_1      mu_0         de         se_1        se_0
1   0.5 0.8168251 0.7020262 0.8918091 -0.1897829  0.012847349 0.031635225
2   1.0 0.7643095 0.6891789 0.8601739 -0.1709950  0.000000000 0.000000000
3   2.0 0.7313289 0.6794799 0.8641002 -0.1846202 -0.009698974 0.003926297
           oe         te
1  0.05251559 -0.1581476
2  0.00000000 -0.1709950
3 -0.03298054 -0.1806940

[[6]]
  delta        mu      mu_1      mu_0         de        se_1        se_0
1   0.5 0.7925428 0.6969388 0.8652858 -0.1683470  0.02209453  0.02157920
2   1.0 0.7420765 0.6748443 0.8437066 -0.1688623  0.00000000  0.00000000
3   2.0 0.6505892 0.6048516 0.7887313 -0.1838797 -0.06999270 -0.05497533
           oe         te
1  0.05046627 -0.1467678
2  0.00000000 -0.1688623
3 -0.09148730 -0.2388550

[[7]]
  delta        mu      mu_1      mu_0         de        se_1         se_0
1   0.5 0.7793780 0.6983985 0.8442659 -0.1458674 -0.01191350 -0.030501787
2   1.0 0.7791660 0.7103120 0.8747677 -0.1644557  0.00000000  0.000000000
3   2.0 0.7373188 0.6808725 0.8844502 -0.2035777 -0.02943946  0.009682495
             oe         te
1  0.0002119685 -0.1763692
2  0.0000000000 -0.1644557
3 -0.0418471945 -0.1938952

[[8]]
  delta        mu      mu_1      mu_0         de         se_1         se_0
1   0.5 0.7880392 0.6968037 0.8493411 -0.1525374  0.007947944 -0.008047919
2   1.0 0.7617940 0.6888557 0.8573890 -0.1685332  0.000000000  0.000000000
3   2.0 0.7212752 0.6645459 0.8607928 -0.1962469 -0.024309891  0.003403767
           oe         te
1  0.02624528 -0.1605853
2  0.00000000 -0.1685332
3 -0.04051877 -0.1928431

[[9]]
  delta        mu      mu_1      mu_0         de        se_1        se_0
1   0.5 0.7915569 0.6922812 0.8635521 -0.1712709  0.03255410  0.01713297
2   1.0 0.7386384 0.6597271 0.8464191 -0.1866920  0.00000000  0.00000000
3   2.0 0.6881535 0.6326054 0.8350477 -0.2024423 -0.02712173 -0.01137144
           oe         te
1  0.05291847 -0.1541379
2  0.00000000 -0.1866920
3 -0.05048494 -0.2138137

[[10]]
  delta        mu      mu_1      mu_0         de       se_1       se_0
1   0.5 0.8334959 0.7204997 0.9017383 -0.1812386 0.03352229 0.04181114
2   1.0 0.7634280 0.6869774 0.8599272 -0.1729497 0.00000000 0.00000000
3   2.0 0.7722277 0.7253310 0.8784710 -0.1531400 0.03835358 0.01854385
           oe         te
1 0.070067944 -0.1394274
2 0.000000000 -0.1729497
3 0.008799679 -0.1345962

[[11]]
  delta        mu      mu_1      mu_0         de        se_1        se_0
1   0.5 0.8018026 0.6767950 0.8854319 -0.2086369  0.01485355  0.01330448
2   1.0 0.7511034 0.6619415 0.8721274 -0.2101860  0.00000000  0.00000000
3   2.0 0.6841853 0.6242909 0.8461314 -0.2218405 -0.03765051 -0.02599602
           oe         te
1  0.05069914 -0.1953324
2  0.00000000 -0.2101860
3 -0.06691813 -0.2478365

[[12]]
  delta        mu      mu_1      mu_0         de        se_1        se_0
1   0.5 0.7550614 0.6795462 0.8118127 -0.1322664  0.03583199 -0.02928517
2   1.0 0.7251412 0.6437143 0.8410978 -0.1973836  0.00000000  0.00000000
3   2.0 0.6425406 0.5840515 0.8218550 -0.2378035 -0.05966272 -0.01924279
           oe         te
1  0.02992018 -0.1615516
2  0.00000000 -0.1973836
3 -0.08260058 -0.2570463

[[13]]
  delta        mu      mu_1      mu_0         de        se_1        se_0
1   0.5 0.7959855 0.6858564 0.8710579 -0.1852015  0.02610536  0.02450259
2   1.0 0.7388100 0.6597510 0.8465553 -0.1868043  0.00000000  0.00000000
3   2.0 0.6677425 0.6187515 0.8018901 -0.1831387 -0.04099957 -0.04466519
           oe         te
1  0.05717545 -0.1606989
2  0.00000000 -0.1868043
3 -0.07106757 -0.2278039

[[14]]
  delta        mu      mu_1      mu_0         de         se_1         se_0
1   0.5 0.7767614 0.6722938 0.8508751 -0.1785813  0.007215308 -0.004103977
2   1.0 0.7461761 0.6650785 0.8549791 -0.1899006  0.000000000  0.000000000
3   2.0 0.7117241 0.6556021 0.8598286 -0.2042265 -0.009476387  0.004849516
           oe         te
1  0.03058531 -0.1826853
2  0.00000000 -0.1899006
3 -0.03445207 -0.1993770

[[15]]
  delta        mu      mu_1      mu_0         de        se_1        se_0
1   0.5 0.7752721 0.6863266 0.8356623 -0.1493358  0.02347689 -0.01793802
2   1.0 0.7459627 0.6628497 0.8536003 -0.1907507  0.00000000  0.00000000
3   2.0 0.6609201 0.6005894 0.8223646 -0.2217752 -0.06226029 -0.03123576
           oe         te
1  0.02930936 -0.1672738
2  0.00000000 -0.1907507
3 -0.08504265 -0.2530110

[[16]]
  delta        mu      mu_1      mu_0         de          se_1       se_0
1   0.5 0.7920906 0.6889430 0.8670665 -0.1781235  5.079163e-05 0.01693577
2   1.0 0.7544706 0.6888922 0.8501308 -0.1612386  0.000000e+00 0.00000000
3   2.0 0.7394329 0.6878880 0.8807294 -0.1928414 -1.004209e-03 0.03059868
           oe         te
1  0.03761996 -0.1611878
2  0.00000000 -0.1612386
3 -0.01503772 -0.1622428

[[17]]
  delta        mu      mu_1      mu_0         de        se_1        se_0
1   0.5 0.8368063 0.7177045 0.9173976 -0.1996931  0.03865995  0.04945719
2   1.0 0.7583311 0.6790445 0.8679404 -0.1888959  0.00000000  0.00000000
3   2.0 0.6967933 0.6510031 0.8312135 -0.1802105 -0.02804147 -0.03672688
           oe         te
1  0.07847524 -0.1502359
2  0.00000000 -0.1888959
3 -0.06153784 -0.2169373

[[18]]
  delta        mu      mu_1      mu_0         de         se_1       se_0
1   0.5 0.7802659 0.6649560 0.8646205 -0.1996646 -0.004315896 0.04150893
2   1.0 0.7314270 0.6692719 0.8231116 -0.1538397  0.000000000 0.00000000
3   2.0 0.7422611 0.7002156 0.8502573 -0.1500417  0.030943692 0.02714567
          oe         te
1 0.04883890 -0.1581556
2 0.00000000 -0.1538397
3 0.01083409 -0.1228960

[[19]]
  delta        mu      mu_1      mu_0         de        se_1         se_0
1   0.5 0.7756107 0.6929662 0.8331747 -0.1402086  0.03703036  0.000572518
2   1.0 0.7288338 0.6559358 0.8326022 -0.1766664  0.00000000  0.000000000
3   2.0 0.6863517 0.6351024 0.8268817 -0.1917793 -0.02083344 -0.005720547
           oe         te
1  0.04677691 -0.1396360
2  0.00000000 -0.1766664
3 -0.04248206 -0.1974998

[[20]]
  delta        mu      mu_1      mu_0         de        se_1        se_0
1   0.5 0.7905553 0.6740470 0.8682667 -0.1942197  0.01285802  0.01733572
2   1.0 0.7438022 0.6611890 0.8509310 -0.1897420  0.00000000  0.00000000
3   2.0 0.6894842 0.6275737 0.8405902 -0.2130165 -0.03361526 -0.01034075
           oe         te
1  0.04675310 -0.1768840
2  0.00000000 -0.1897420
3 -0.05431792 -0.2233573

[[1]]
  delta         mu       mu_1       mu_0         de       se_1       se_0
1   0.5 0.02475956 0.01887940 0.02860678 0.02180512 0.01542307 0.02388464
2   1.0 0.01665002 0.01738491 0.01608681 0.01258709 0.00000000 0.00000000
3   2.0 0.03109634 0.03348125 0.02465330 0.02194250 0.02485640 0.01893060
          oe         te
1 0.02109824 0.01509129
2 0.00000000 0.01258709
3 0.02373921 0.03108408

[[2]]
  delta         mu       mu_1       mu_0         de       se_1       se_0
1   0.5 0.02618208 0.02117415 0.02936283 0.02022146 0.01555852 0.02236605
2   1.0 0.01880771 0.01906310 0.01835106 0.01195050 0.00000000 0.00000000
3   2.0 0.03382437 0.03684915 0.02511802 0.02512570 0.03026582 0.01982632
          oe         te
1 0.02021550 0.01516409
2 0.00000000 0.01195050
3 0.02797087 0.03553291

[[3]]
  delta         mu       mu_1       mu_0         de       se_1       se_0
1   0.5 0.02359244 0.02024270 0.02682719 0.02273135 0.01629011 0.02208967
2   1.0 0.01728552 0.01772235 0.01662838 0.01194061 0.00000000 0.00000000
3   2.0 0.03036456 0.03195136 0.02468664 0.02065747 0.02455255 0.02032242
          oe         te
1 0.01974715 0.01617020
2 0.00000000 0.01194061
3 0.02444634 0.03084291

[[4]]
  delta         mu       mu_1       mu_0         de       se_1       se_0
1   0.5 0.02409571 0.02211659 0.02589312 0.02019762 0.01728894 0.02050496
2   1.0 0.01984689 0.01971910 0.01912333 0.01223879 0.00000000 0.00000000
3   2.0 0.04414469 0.05098714 0.02921010 0.04027873 0.04346006 0.02144309
          oe         te
1 0.01942468 0.01690727
2 0.00000000 0.01223879
3 0.03717165 0.04855034

[[5]]
  delta         mu       mu_1       mu_0         de       se_1       se_0
1   0.5 0.02522410 0.02052310 0.02811705 0.02069260 0.01678227 0.02256192
2   1.0 0.01838273 0.01872372 0.01737112 0.01201834 0.00000000 0.00000000
3   2.0 0.03175379 0.03342635 0.02540285 0.02131441 0.02424855 0.01968879
          oe         te
1 0.02091203 0.01563915
2 0.00000000 0.01201834
3 0.02386883 0.03088050

[[6]]
  delta         mu       mu_1       mu_0         de       se_1       se_0
1   0.5 0.02376926 0.01898215 0.02724411 0.02124469 0.01548016 0.02358087
2   1.0 0.01809210 0.01872623 0.01698305 0.01249496 0.00000000 0.00000000
3   2.0 0.03329985 0.03581316 0.02878213 0.02730651 0.02921292 0.02447956
          oe         te
1 0.02101040 0.01442853
2 0.00000000 0.01249496
3 0.02792432 0.03536186

[[7]]
  delta         mu       mu_1       mu_0         de       se_1       se_0
1   0.5 0.02263149 0.01954876 0.02496981 0.01900671 0.01501915 0.02069406
2   1.0 0.01755660 0.01823561 0.01677526 0.01281167 0.00000000 0.00000000
3   2.0 0.03375815 0.03602858 0.02653535 0.02220808 0.02867002 0.02178402
          oe         te
1 0.01901323 0.01500028
2 0.00000000 0.01281167
3 0.02782305 0.03466573

[[8]]
  delta         mu       mu_1       mu_0         de       se_1       se_0
1   0.5 0.02369650 0.02004163 0.02637746 0.02010866 0.01664481 0.02251450
2   1.0 0.01846781 0.01898320 0.01738880 0.01235973 0.00000000 0.00000000
3   2.0 0.03180619 0.03354920 0.02635685 0.02255650 0.02525025 0.02068799
          oe         te
1 0.02056933 0.01676438
2 0.00000000 0.01235973
3 0.02470759 0.03167485

[[9]]
  delta         mu       mu_1       mu_0         de       se_1       se_0
1   0.5 0.02283339 0.01933842 0.02508289 0.01869988 0.01513962 0.02108039
2   1.0 0.01864550 0.01912260 0.01749506 0.01239236 0.00000000 0.00000000
3   2.0 0.03347570 0.03646097 0.02587230 0.02601408 0.02958350 0.02019138
          oe         te
1 0.01966483 0.01519558
2 0.00000000 0.01239236
3 0.02730559 0.03526864

[[10]]
  delta         mu       mu_1       mu_0         de       se_1       se_0
1   0.5 0.02430571 0.01993147 0.02712583 0.02000776 0.01431914 0.02161475
2   1.0 0.01753671 0.01751216 0.01717738 0.01210429 0.00000000 0.00000000
3   2.0 0.03208922 0.03602258 0.02393498 0.02663896 0.03044580 0.01989966
          oe         te
1 0.01871362 0.01488372
2 0.00000000 0.01210429
3 0.02769151 0.03582485

[[11]]
  delta         mu       mu_1       mu_0         de       se_1       se_0
1   0.5 0.02408390 0.01998178 0.02692642 0.01977803 0.01561203 0.02189418
2   1.0 0.01773094 0.01816255 0.01704873 0.01272007 0.00000000 0.00000000
3   2.0 0.02868296 0.03051328 0.02551681 0.02449268 0.02373890 0.01981403
          oe         te
1 0.01981813 0.01594910
2 0.00000000 0.01272007
3 0.02230496 0.02942751

[[12]]
  delta         mu       mu_1       mu_0         de       se_1       se_0
1   0.5 0.02489828 0.02422926 0.02780408 0.02730927 0.02254717 0.02382858
2   1.0 0.01729254 0.01816209 0.01635997 0.01269304 0.00000000 0.00000000
3   2.0 0.04304490 0.04778995 0.02688623 0.03246988 0.04001206 0.02168570
          oe         te
1 0.02269641 0.02184025
2 0.00000000 0.01269304
3 0.03653454 0.04590979

[[13]]
  delta         mu       mu_1       mu_0         de       se_1       se_0
1   0.5 0.02405946 0.01943998 0.02687840 0.01936296 0.01469647 0.02144064
2   1.0 0.01775887 0.01784048 0.01766527 0.01273464 0.00000000 0.00000000
3   2.0 0.02933707 0.03119549 0.02420530 0.02120200 0.02349102 0.01926737
          oe         te
1 0.01955607 0.01441870
2 0.00000000 0.01273464
3 0.02291700 0.03027965

[[14]]
  delta         mu       mu_1       mu_0         de       se_1       se_0
1   0.5 0.02378255 0.02038161 0.02624007 0.01926125 0.01555862 0.02142974
2   1.0 0.01684520 0.01745584 0.01664595 0.01295973 0.00000000 0.00000000
3   2.0 0.03530594 0.04066185 0.02407203 0.03172586 0.03462100 0.02095701
          oe         te
1 0.01940589 0.01553530
2 0.00000000 0.01295973
3 0.03092770 0.04082253

[[15]]
  delta         mu       mu_1       mu_0         de       se_1       se_0
1   0.5 0.02271540 0.01918988 0.02562512 0.02050456 0.01532594 0.02066511
2   1.0 0.01804729 0.01816140 0.01789798 0.01320542 0.00000000 0.00000000
3   2.0 0.02957844 0.03249795 0.02413009 0.02507571 0.02525631 0.01887860
          oe         te
1 0.01921815 0.01559373
2 0.00000000 0.01320542
3 0.02323196 0.03152888

[[16]]
  delta         mu       mu_1       mu_0         de       se_1       se_0
1   0.5 0.02437527 0.01970981 0.02788151 0.02180672 0.01742086 0.02340276
2   1.0 0.01733984 0.01749842 0.01686553 0.01211289 0.00000000 0.00000000
3   2.0 0.05067917 0.05707905 0.02853524 0.04300432 0.05113944 0.02350436
          oe         te
1 0.02139707 0.01691777
2 0.00000000 0.01211289
3 0.04561990 0.05575096

[[17]]
  delta         mu       mu_1       mu_0         de       se_1       se_0
1   0.5 0.02619236 0.01986146 0.02976717 0.02152127 0.01489017 0.02455977
2   1.0 0.01673751 0.01734969 0.01634684 0.01240853 0.00000000 0.00000000
3   2.0 0.03206452 0.03618521 0.02231370 0.02670961 0.02969746 0.01816876
          oe         te
1 0.02175378 0.01471469
2 0.00000000 0.01240853
3 0.02675647 0.03538828

[[18]]
  delta         mu       mu_1       mu_0         de       se_1       se_0
1   0.5 0.02359853 0.01866936 0.02758918 0.02198137 0.01558340 0.02463459
2   1.0 0.01862143 0.01975652 0.01715253 0.01243080 0.00000000 0.00000000
3   2.0 0.03171122 0.03453326 0.02490197 0.02426552 0.02629734 0.01951877
          oe         te
1 0.02142361 0.01507211
2 0.00000000 0.01243080
3 0.02452883 0.03240065

[[19]]
  delta         mu       mu_1       mu_0         de       se_1       se_0
1   0.5 0.02324724 0.01917926 0.02803397 0.02414411 0.01431513 0.02399814
2   1.0 0.01783082 0.01825470 0.01730784 0.01225117 0.00000000 0.00000000
3   2.0 0.02877739 0.03043714 0.02477308 0.02135405 0.02402902 0.01993950
          oe         te
1 0.01985015 0.01496718
2 0.00000000 0.01225117
3 0.02345092 0.02992973

[[20]]
  delta         mu       mu_1       mu_0         de       se_1       se_0
1   0.5 0.02554499 0.02044215 0.03011250 0.02446895 0.01629816 0.02479856
2   1.0 0.01759072 0.01799518 0.01735721 0.01348692 0.00000000 0.00000000
3   2.0 0.03038505 0.03286981 0.02350366 0.02265032 0.02520156 0.01869742
          oe         te
1 0.02181440 0.01712200
2 0.00000000 0.01348692
3 0.02403378 0.03191885

[[1]]
  delta        mu      mu_1      mu_0         de        se_1        se_0
1   0.5 0.8199469 0.7004828 0.9032024 -0.2027196  0.02461579  0.04438724
2   1.0 0.7513353 0.6758670 0.8588152 -0.1829481  0.00000000  0.00000000
3   2.0 0.6948784 0.6451332 0.8418969 -0.1967637 -0.03073379 -0.01691827
           oe         te
1  0.06861157 -0.1583324
2  0.00000000 -0.1829481
3 -0.05645693 -0.2136819

[[2]]
  delta        mu      mu_1      mu_0         de        se_1         se_0
1   0.5 0.8304645 0.7118244 0.8991734 -0.1873490  0.02606727  0.018160724
2   1.0 0.7739477 0.6857571 0.8810127 -0.1952555  0.00000000  0.000000000
3   2.0 0.7146083 0.6493078 0.8754652 -0.2261574 -0.03644936 -0.005547464
           oe         te
1  0.05651681 -0.1691883
2  0.00000000 -0.1952555
3 -0.05933943 -0.2317049

[[3]]
  delta        mu      mu_1      mu_0         de         se_1        se_0
1   0.5 0.7673743 0.6508121 0.8460784 -0.1952664  0.009410586  0.01111921
2   1.0 0.7240257 0.6414015 0.8349592 -0.1935577  0.000000000  0.00000000
3   2.0 0.6553016 0.6000170 0.8091982 -0.2091812 -0.041384463 -0.02576102
           oe         te
1  0.04334862 -0.1841472
2  0.00000000 -0.1935577
3 -0.06872414 -0.2349422

[[4]]
  delta        mu      mu_1      mu_0         de        se_1         se_0
1   0.5 0.8008550 0.6993767 0.8695841 -0.1702073  0.02226195  0.006024087
2   1.0 0.7573120 0.6771148 0.8635600 -0.1864452  0.00000000  0.000000000
3   2.0 0.6892807 0.6432749 0.8196581 -0.1763832 -0.03383988 -0.043901858
           oe         te
1  0.04354299 -0.1641833
2  0.00000000 -0.1864452
3 -0.06803136 -0.2202851

[[5]]
  delta        mu      mu_1      mu_0         de         se_1        se_0
1   0.5 0.8206907 0.7021817 0.8972508 -0.1950691  0.013067225 0.036274511
2   1.0 0.7646445 0.6891145 0.8609763 -0.1718618  0.000000000 0.000000000
3   2.0 0.7332371 0.6823229 0.8653482 -0.1830254 -0.006791617 0.004371915
           oe         te
1  0.05604619 -0.1587946
2  0.00000000 -0.1718618
3 -0.03140745 -0.1786535

[[6]]
  delta        mu      mu_1      mu_0         de        se_1        se_0
1   0.5 0.7906828 0.6960461 0.8630221 -0.1669761  0.02055743  0.01933909
2   1.0 0.7425619 0.6754886 0.8436830 -0.1681944  0.00000000  0.00000000
3   2.0 0.6532648 0.6075051 0.7904798 -0.1829747 -0.06798350 -0.05320321
           oe         te
1  0.04812085 -0.1476370
2  0.00000000 -0.1681944
3 -0.08929712 -0.2361779

[[7]]
  delta        mu      mu_1      mu_0         de        se_1        se_0
1   0.5 0.7783302 0.6984643 0.8422974 -0.1438331 -0.01261856 -0.03320108
2   1.0 0.7802624 0.7110828 0.8754985 -0.1644156  0.00000000  0.00000000
3   2.0 0.7396214 0.6828950 0.8858923 -0.2029973 -0.02818784  0.01039383
            oe         te
1 -0.001932156 -0.1770342
2  0.000000000 -0.1644156
3 -0.040640997 -0.1926035

[[8]]
  delta        mu      mu_1      mu_0         de        se_1         se_0
1   0.5 0.7909459 0.6986830 0.8522977 -0.1536147  0.01002617 -0.006428813
2   1.0 0.7623619 0.6886568 0.8587265 -0.1700697  0.00000000  0.000000000
3   2.0 0.7186737 0.6617846 0.8597309 -0.1979463 -0.02687219  0.001004398
           oe         te
1  0.02858401 -0.1600435
2  0.00000000 -0.1700697
3 -0.04368824 -0.1969419

[[9]]
  delta        mu      mu_1      mu_0         de        se_1         se_0
1   0.5 0.7924529 0.6915894 0.8645631 -0.1729738  0.03123770  0.018235400
2   1.0 0.7392275 0.6603517 0.8463277 -0.1859761  0.00000000  0.000000000
3   2.0 0.6924429 0.6373298 0.8364134 -0.1990836 -0.02302183 -0.009914309
           oe         te
1  0.05322543 -0.1547384
2  0.00000000 -0.1859761
3 -0.04678458 -0.2089979

[[10]]
  delta        mu      mu_1      mu_0         de       se_1       se_0
1   0.5 0.8350664 0.7213307 0.9035525 -0.1822218 0.03263874 0.04157529
2   1.0 0.7655369 0.6886919 0.8619772 -0.1732852 0.00000000 0.00000000
3   2.0 0.7725352 0.7249405 0.8798723 -0.1549318 0.03624855 0.01789514
           oe         te
1 0.069529466 -0.1406465
2 0.000000000 -0.1732852
3 0.006998272 -0.1370367

[[11]]
  delta        mu      mu_1      mu_0         de        se_1        se_0
1   0.5 0.8014227 0.6771949 0.8847699 -0.2075750  0.01440418  0.01233068
2   1.0 0.7516062 0.6627908 0.8724392 -0.2096485  0.00000000  0.00000000
3   2.0 0.6819739 0.6219515 0.8457780 -0.2238265 -0.04083927 -0.02666121
           oe         te
1  0.04981654 -0.1952443
2  0.00000000 -0.2096485
3 -0.06963230 -0.2504877

[[12]]
  delta        mu      mu_1      mu_0         de        se_1        se_0
1   0.5 0.7555365 0.6799167 0.8120421 -0.1321253  0.03529694 -0.02972185
2   1.0 0.7260528 0.6446198 0.8417639 -0.1971441  0.00000000  0.00000000
3   2.0 0.6449268 0.5858431 0.8234700 -0.2376269 -0.05877667 -0.01829394
           oe         te
1  0.02948361 -0.1618472
2  0.00000000 -0.1971441
3 -0.08112603 -0.2559208

[[13]]
  delta        mu      mu_1      mu_0         de        se_1        se_0
1   0.5 0.7979416 0.6859057 0.8740096 -0.1881039  0.02595421  0.02714824
2   1.0 0.7390519 0.6599515 0.8468614 -0.1869099  0.00000000  0.00000000
3   2.0 0.6692307 0.6204641 0.8028377 -0.1823735 -0.03948731 -0.04402370
           oe         te
1  0.05888974 -0.1609557
2  0.00000000 -0.1869099
3 -0.06982117 -0.2263972

[[14]]
  delta        mu      mu_1      mu_0         de         se_1         se_0
1   0.5 0.7741695 0.6708666 0.8473324 -0.1764658  0.006597948 -0.008176141
2   1.0 0.7460464 0.6642687 0.8555086 -0.1912399  0.000000000  0.000000000
3   2.0 0.7099063 0.6541549 0.8578171 -0.2036621 -0.010113742  0.002308518
           oe         te
1  0.02812316 -0.1846419
2  0.00000000 -0.1912399
3 -0.03614007 -0.2013536

[[15]]
  delta        mu      mu_1      mu_0         de        se_1        se_0
1   0.5 0.7743560 0.6859533 0.8347898 -0.1488365  0.02307061 -0.01757909
2   1.0 0.7451682 0.6628827 0.8523689 -0.1894862  0.00000000  0.00000000
3   2.0 0.6616742 0.6013867 0.8229049 -0.2215182 -0.06149603 -0.02946399
           oe         te
1  0.02918784 -0.1664156
2  0.00000000 -0.1894862
3 -0.08349402 -0.2509822

[[16]]
  delta        mu      mu_1      mu_0         de         se_1       se_0
1   0.5 0.7932439 0.6906326 0.8674573 -0.1768247  0.001453581 0.01755464
2   1.0 0.7544697 0.6891790 0.8499027 -0.1607236  0.000000000 0.00000000
3   2.0 0.7366497 0.6850154 0.8799532 -0.1949379 -0.004163671 0.03005057
           oe         te
1  0.03877414 -0.1592700
2  0.00000000 -0.1607236
3 -0.01782002 -0.1648873

[[17]]
  delta        mu      mu_1      mu_0         de        se_1       se_0
1   0.5 0.8388818 0.7191292 0.9193377 -0.2002085  0.04024618  0.0511060
2   1.0 0.7585410 0.6788830 0.8682317 -0.1893486  0.00000000  0.0000000
3   2.0 0.6959020 0.6498104 0.8312928 -0.1814824 -0.02907261 -0.0369389
           oe         te
1  0.08034084 -0.1491025
2  0.00000000 -0.1893486
3 -0.06263897 -0.2184212

[[18]]
  delta        mu      mu_1      mu_0         de         se_1       se_0
1   0.5 0.7818251 0.6655987 0.8662342 -0.2006355 -0.004237946 0.04290401
2   1.0 0.7319836 0.6698366 0.8233302 -0.1534935  0.000000000 0.00000000
3   2.0 0.7430080 0.7009806 0.8503609 -0.1493803  0.031143969 0.02703071
          oe         te
1 0.04984151 -0.1577315
2 0.00000000 -0.1534935
3 0.01102447 -0.1223496

[[19]]
  delta        mu      mu_1      mu_0         de        se_1         se_0
1   0.5 0.7809309 0.6964166 0.8381951 -0.1417785  0.03792344  0.002355920
2   1.0 0.7324694 0.6584932 0.8358392 -0.1773460  0.00000000  0.000000000
3   2.0 0.6905438 0.6385236 0.8310835 -0.1925599 -0.01996952 -0.004755626
           oe         te
1  0.04846151 -0.1394226
2  0.00000000 -0.1773460
3 -0.04192562 -0.1973155

[[20]]
  delta        mu      mu_1      mu_0         de        se_1         se_0
1   0.5 0.7895948 0.6760408 0.8666519 -0.1906111  0.01428033  0.013590077
2   1.0 0.7450588 0.6617605 0.8530618 -0.1913013  0.00000000  0.000000000
3   2.0 0.6932174 0.6317635 0.8434255 -0.2116620 -0.02999701 -0.009636353
           oe         te
1  0.04453599 -0.1770210
2  0.00000000 -0.1913013
3 -0.05184141 -0.2212983

[[1]]
  delta         mu       mu_1       mu_0         de       se_1       se_0
1   0.5 0.02403524 0.01849416 0.02783263 0.02141127 0.01503779 0.02329993
2   1.0 0.01660106 0.01740998 0.01594516 0.01252142 0.00000000 0.00000000
3   2.0 0.03119344 0.03380183 0.02441207 0.02241661 0.02518061 0.01852495
          oe         te
1 0.02051966 0.01485364
2 0.00000000 0.01252142
3 0.02373325 0.03124000

[[2]]
  delta         mu       mu_1       mu_0         de       se_1       se_0
1   0.5 0.02616043 0.02115754 0.02933791 0.02021971 0.01554484 0.02236564
2   1.0 0.01880135 0.01906013 0.01834089 0.01194737 0.00000000 0.00000000
3   2.0 0.03381282 0.03686376 0.02507680 0.02518915 0.03031562 0.01979832
          oe         te
1 0.02020771 0.01515320
2 0.00000000 0.01194737
3 0.02799335 0.03557607

[[3]]
  delta         mu       mu_1       mu_0         de       se_1       se_0
1   0.5 0.02364479 0.02032002 0.02698579 0.02310394 0.01634974 0.02230625
2   1.0 0.01721801 0.01765193 0.01658397 0.01183226 0.00000000 0.00000000
3   2.0 0.03060495 0.03215470 0.02478152 0.02064203 0.02492758 0.02054152
          oe         te
1 0.01981711 0.01631339
2 0.00000000 0.01183226
3 0.02481896 0.03101381

[[4]]
  delta         mu       mu_1       mu_0         de       se_1       se_0
1   0.5 0.02393439 0.02211276 0.02569792 0.02007362 0.01753695 0.02052127
2   1.0 0.01984887 0.01978243 0.01903667 0.01219504 0.00000000 0.00000000
3   2.0 0.04397776 0.05043730 0.02950274 0.03909475 0.04272233 0.02171695
          oe         te
1 0.01956552 0.01699454
2 0.00000000 0.01219504
3 0.03676375 0.04780004

[[5]]
  delta         mu       mu_1       mu_0         de       se_1       se_0
1   0.5 0.02491643 0.02022629 0.02787444 0.02055391 0.01655999 0.02245813
2   1.0 0.01819665 0.01857301 0.01723378 0.01197255 0.00000000 0.00000000
3   2.0 0.03151043 0.03322364 0.02520063 0.02109299 0.02427199 0.01966243
          oe         te
1 0.02073058 0.01553855
2 0.00000000 0.01197255
3 0.02382887 0.03080694

[[6]]
  delta         mu       mu_1       mu_0         de       se_1       se_0
1   0.5 0.02366306 0.01898012 0.02713482 0.02129242 0.01544002 0.02348249
2   1.0 0.01805746 0.01872209 0.01693922 0.01251259 0.00000000 0.00000000
3   2.0 0.03310749 0.03573639 0.02860352 0.02764963 0.02921639 0.02435481
          oe         te
1 0.02090293 0.01442240
2 0.00000000 0.01251259
3 0.02782896 0.03536088

[[7]]
  delta         mu       mu_1       mu_0         de       se_1       se_0
1   0.5 0.02253702 0.01959773 0.02480882 0.01892897 0.01512361 0.02053604
2   1.0 0.01761994 0.01831260 0.01681410 0.01286524 0.00000000 0.00000000
3   2.0 0.03394050 0.03620978 0.02663514 0.02227302 0.02882998 0.02180563
          oe         te
1 0.01895529 0.01507712
2 0.00000000 0.01286524
3 0.02796617 0.03484540

[[8]]
  delta         mu       mu_1       mu_0         de       se_1       se_0
1   0.5 0.02375003 0.02004067 0.02647189 0.02008827 0.01670180 0.02256847
2   1.0 0.01852143 0.01905880 0.01740661 0.01238654 0.00000000 0.00000000
3   2.0 0.03206164 0.03379072 0.02652840 0.02257699 0.02537426 0.02080762
          oe         te
1 0.02066617 0.01668876
2 0.00000000 0.01238654
3 0.02486103 0.03185611

[[9]]
  delta         mu       mu_1       mu_0         de       se_1       se_0
1   0.5 0.02260439 0.01923396 0.02480919 0.01832691 0.01508458 0.02091135
2   1.0 0.01862854 0.01909418 0.01748600 0.01237040 0.00000000 0.00000000
3   2.0 0.03325542 0.03620750 0.02585355 0.02586919 0.02933341 0.02019389
          oe         te
1 0.01953423 0.01507371
2 0.00000000 0.01237040
3 0.02710130 0.03504093

[[10]]
  delta         mu       mu_1       mu_0         de       se_1       se_0
1   0.5 0.02431569 0.02001918 0.02704660 0.01989683 0.01443765 0.02141006
2   1.0 0.01754732 0.01757848 0.01713898 0.01209965 0.00000000 0.00000000
3   2.0 0.03227223 0.03609827 0.02404986 0.02641309 0.03033363 0.01989595
          oe         te
1 0.01863172 0.01493342
2 0.00000000 0.01209965
3 0.02769149 0.03575883

[[11]]
  delta         mu       mu_1       mu_0         de       se_1       se_0
1   0.5 0.02400151 0.01988866 0.02681306 0.01957774 0.01555122 0.02184590
2   1.0 0.01764890 0.01813814 0.01689770 0.01269510 0.00000000 0.00000000
3   2.0 0.02888455 0.03077743 0.02573571 0.02459316 0.02405014 0.02015061
          oe         te
1 0.01981044 0.01581489
2 0.00000000 0.01269510
3 0.02255576 0.02968347

[[12]]
  delta         mu       mu_1       mu_0         de       se_1       se_0
1   0.5 0.02439045 0.02410157 0.02730289 0.02724818 0.02262041 0.02367064
2   1.0 0.01716603 0.01812791 0.01616517 0.01265122 0.00000000 0.00000000
3   2.0 0.04258230 0.04726354 0.02680188 0.03193442 0.03940864 0.02167675
          oe         te
1 0.02255109 0.02184367
2 0.00000000 0.01265122
3 0.03603998 0.04532636

[[13]]
  delta         mu       mu_1       mu_0         de       se_1       se_0
1   0.5 0.02415572 0.01955176 0.02695851 0.01937744 0.01486049 0.02151569
2   1.0 0.01779250 0.01789067 0.01766748 0.01271349 0.00000000 0.00000000
3   2.0 0.02932557 0.03122960 0.02406579 0.02137694 0.02359396 0.01911128
          oe         te
1 0.01967831 0.01455600
2 0.00000000 0.01271349
3 0.02291813 0.03032402

[[14]]
  delta         mu       mu_1       mu_0         de       se_1       se_0
1   0.5 0.02347052 0.02019471 0.02575546 0.01908242 0.01533767 0.02092459
2   1.0 0.01679021 0.01743852 0.01655923 0.01294208 0.00000000 0.00000000
3   2.0 0.03557554 0.04097309 0.02411460 0.03199489 0.03499629 0.02103163
          oe         te
1 0.01907536 0.01537070
2 0.00000000 0.01294208
3 0.03126361 0.04116654

[[15]]
  delta         mu       mu_1       mu_0         de       se_1       se_0
1   0.5 0.02263468 0.01920733 0.02552630 0.02038758 0.01533611 0.02061344
2   1.0 0.01801941 0.01812050 0.01784725 0.01311989 0.00000000 0.00000000
3   2.0 0.02955148 0.03240524 0.02418147 0.02512592 0.02530867 0.01890118
          oe         te
1 0.01914545 0.01561410
2 0.00000000 0.01311989
3 0.02332023 0.03151192

[[16]]
  delta         mu       mu_1       mu_0         de       se_1       se_0
1   0.5 0.02359855 0.01951503 0.02707278 0.02140375 0.01737102 0.02293218
2   1.0 0.01716545 0.01738202 0.01666992 0.01202956 0.00000000 0.00000000
3   2.0 0.04958972 0.05576747 0.02854513 0.04178475 0.04979168 0.02348459
          oe         te
1 0.02096387 0.01689360
2 0.00000000 0.01202956
3 0.04447972 0.05440218

[[17]]
  delta         mu       mu_1       mu_0         de       se_1       se_0
1   0.5 0.02613356 0.01992176 0.02960287 0.02121457 0.01492073 0.02434078
2   1.0 0.01674880 0.01734858 0.01635955 0.01238611 0.00000000 0.00000000
3   2.0 0.03222704 0.03643386 0.02224735 0.02701822 0.03001131 0.01813572
          oe         te
1 0.02162968 0.01471102
2 0.00000000 0.01238611
3 0.02697681 0.03567427

[[18]]
  delta         mu       mu_1       mu_0         de       se_1       se_0
1   0.5 0.02386672 0.01868562 0.02798834 0.02232550 0.01565822 0.02497581
2   1.0 0.01866826 0.01979936 0.01719993 0.01246179 0.00000000 0.00000000
3   2.0 0.03208335 0.03501437 0.02497257 0.02464696 0.02687905 0.01965150
          oe         te
1 0.02167952 0.01505742
2 0.00000000 0.01246179
3 0.02502976 0.03298255

[[19]]
  delta         mu       mu_1       mu_0         de       se_1       se_0
1   0.5 0.02342752 0.01915453 0.02862179 0.02480971 0.01423812 0.02467941
2   1.0 0.01791487 0.01838421 0.01725307 0.01221039 0.00000000 0.00000000
3   2.0 0.02943147 0.03116396 0.02487991 0.02165743 0.02452320 0.02009947
          oe         te
1 0.02012901 0.01478457
2 0.00000000 0.01221039
3 0.02391390 0.03050147

[[20]]
  delta         mu       mu_1       mu_0         de       se_1       se_0
1   0.5 0.02560705 0.02047514 0.03036094 0.02495034 0.01629667 0.02497492
2   1.0 0.01742147 0.01783336 0.01729365 0.01348938 0.00000000 0.00000000
3   2.0 0.03002718 0.03245562 0.02355130 0.02239080 0.02461535 0.01876145
          oe         te
1 0.02181233 0.01732614
2 0.00000000 0.01348938
3 0.02356134 0.03144041

[1] "Total run time was 3164.583 seconds"
