Warning message:
package ‘SuperLearner’ was built under R version 4.1.3 
[1] "[Simulation setting]"
[1] "n: 500"
[1] "deltas: 0.5, 1, 2"
[1] "K: 2"
[1] "r: 100"
[1] "s: 1"
[1] "Sim.id 1"
[1] "Data generated and format changed"
[1] "   Split: 1"
Loading required namespace: nnet
Loading required namespace: ranger
[1] "   Split: 2"
[1] "Estimates and SE estimates computed"
[1] ""
[1] "Sim.id 2"
[1] "Data generated and format changed"
[1] "   Split: 1"
[1] "   Split: 2"
[1] "Estimates and SE estimates computed"
[1] ""
[1] "Sim.id 3"
[1] "Data generated and format changed"
[1] "   Split: 1"
[1] "   Split: 2"
[1] "Estimates and SE estimates computed"
[1] ""
[1] "Sim.id 4"
[1] "Data generated and format changed"
[1] "   Split: 1"
[1] "   Split: 2"
[1] "Estimates and SE estimates computed"
[1] ""
[1] "Sim.id 5"
[1] "Data generated and format changed"
[1] "   Split: 1"
[1] "   Split: 2"
[1] "Estimates and SE estimates computed"
[1] ""
[1] "Sim.id 6"
[1] "Data generated and format changed"
[1] "   Split: 1"
[1] "   Split: 2"
[1] "Estimates and SE estimates computed"
[1] ""
[1] "Sim.id 7"
[1] "Data generated and format changed"
[1] "   Split: 1"
[1] "   Split: 2"
[1] "Estimates and SE estimates computed"
[1] ""
[1] "Sim.id 8"
[1] "Data generated and format changed"
[1] "   Split: 1"
[1] "   Split: 2"
[1] "Estimates and SE estimates computed"
[1] ""
[1] "Sim.id 9"
[1] "Data generated and format changed"
[1] "   Split: 1"
[1] "   Split: 2"
[1] "Estimates and SE estimates computed"
[1] ""
[1] "Sim.id 10"
[1] "Data generated and format changed"
[1] "   Split: 1"
[1] "   Split: 2"
[1] "Estimates and SE estimates computed"
[1] ""
[1] "Sim.id 11"
[1] "Data generated and format changed"
[1] "   Split: 1"
[1] "   Split: 2"
[1] "Estimates and SE estimates computed"
[1] ""
[1] "Sim.id 12"
[1] "Data generated and format changed"
[1] "   Split: 1"
[1] "   Split: 2"
[1] "Estimates and SE estimates computed"
[1] ""
[1] "Sim.id 13"
[1] "Data generated and format changed"
[1] "   Split: 1"
[1] "   Split: 2"
[1] "Estimates and SE estimates computed"
[1] ""
[1] "Sim.id 14"
[1] "Data generated and format changed"
[1] "   Split: 1"
[1] "   Split: 2"
[1] "Estimates and SE estimates computed"
[1] ""
[1] "Sim.id 15"
[1] "Data generated and format changed"
[1] "   Split: 1"
[1] "   Split: 2"
[1] "Estimates and SE estimates computed"
[1] ""
[1] "Sim.id 16"
[1] "Data generated and format changed"
[1] "   Split: 1"
[1] "   Split: 2"
[1] "Estimates and SE estimates computed"
[1] ""
[1] "Sim.id 17"
[1] "Data generated and format changed"
[1] "   Split: 1"
[1] "   Split: 2"
[1] "Estimates and SE estimates computed"
[1] ""
[1] "Sim.id 18"
[1] "Data generated and format changed"
[1] "   Split: 1"
[1] "   Split: 2"
[1] "Estimates and SE estimates computed"
[1] ""
[1] "Sim.id 19"
[1] "Data generated and format changed"
[1] "   Split: 1"
[1] "   Split: 2"
[1] "Estimates and SE estimates computed"
[1] ""
[1] "Sim.id 20"
[1] "Data generated and format changed"
[1] "   Split: 1"
[1] "   Split: 2"
[1] "Estimates and SE estimates computed"
[1] ""
[[1]]
  delta        mu      mu_1      mu_0         de         se_1         se_0
1   0.5 0.7597589 0.6614154 0.8298073 -0.1683919 -0.000399679 -0.009080997
2   1.0 0.7373510 0.6618151 0.8388883 -0.1770732  0.000000000  0.000000000
3   2.0 0.6821196 0.6324314 0.8132850 -0.1808536 -0.029383666 -0.025603275
           oe         te
1  0.02240794 -0.1774729
2  0.00000000 -0.1770732
3 -0.05523139 -0.2064568

[[2]]
  delta        mu      mu_1      mu_0         de        se_1        se_0
1   0.5 0.8125253 0.6777904 0.9044230 -0.2266326  0.05501886  0.08539379
2   1.0 0.7025726 0.6227715 0.8190292 -0.1962577  0.00000000  0.00000000
3   2.0 0.6303949 0.5831759 0.7761214 -0.1929455 -0.03959560 -0.04290777
           oe         te
1  0.10995270 -0.1412388
2  0.00000000 -0.1962577
3 -0.07217775 -0.2358533

[[3]]
  delta        mu      mu_1      mu_0         de       se_1          se_0
1   0.5 0.7489879 0.6646007 0.8063664 -0.1417657 0.01201439 -0.0265289732
2   1.0 0.7316276 0.6525863 0.8328954 -0.1803091 0.00000000  0.0000000000
3   2.0 0.7134133 0.6667436 0.8334634 -0.1667198 0.01415729  0.0005680284
           oe         te
1  0.01736028 -0.1682947
2  0.00000000 -0.1803091
3 -0.01821432 -0.1661518

[[4]]
  delta        mu      mu_1      mu_0         de          se_1         se_0
1   0.5 0.8357607 0.6977412 0.9208705 -0.2231293  0.0261442508  0.052656606
2   1.0 0.7554284 0.6715970 0.8682139 -0.1966169  0.0000000000  0.000000000
3   2.0 0.7221446 0.6710858 0.8622160 -0.1911302 -0.0005112355 -0.005997913
           oe         te
1  0.08033233 -0.1704727
2  0.00000000 -0.1966169
3 -0.03328377 -0.1971282

[[5]]
  delta        mu      mu_1      mu_0         de        se_1        se_0
1   0.5 0.7944751 0.6895049 0.8642177 -0.1747128  0.03032452  0.02109058
2   1.0 0.7370753 0.6591803 0.8431271 -0.1839468  0.00000000  0.00000000
3   2.0 0.7001771 0.6509823 0.8299230 -0.1789408 -0.00819809 -0.01320408
           oe         te
1  0.05739974 -0.1536222
2  0.00000000 -0.1839468
3 -0.03689826 -0.1921449

[[6]]
  delta        mu      mu_1      mu_0         de        se_1         se_0
1   0.5 0.7917236 0.6737277 0.8672124 -0.1934847 -0.01553593 -0.009033746
2   1.0 0.7689598 0.6892637 0.8762461 -0.1869825  0.00000000  0.000000000
3   2.0 0.7088149 0.6497336 0.8720680 -0.2223344 -0.03953008 -0.004178167
           oe         te
1  0.02276383 -0.2025184
2  0.00000000 -0.1869825
3 -0.06014490 -0.2265125

[[7]]
  delta        mu      mu_1      mu_0         de       se_1         se_0
1   0.5 0.7942779 0.6960351 0.8617349 -0.1656998 0.01933762 -0.006056161
2   1.0 0.7577135 0.6766975 0.8677911 -0.1910936 0.00000000  0.000000000
3   2.0 0.7398209 0.6869339 0.8806386 -0.1937047 0.01023635  0.012847525
           oe         te
1  0.03656444 -0.1717559
2  0.00000000 -0.1910936
3 -0.01789257 -0.1808572

[[8]]
  delta        mu      mu_1      mu_0         de         se_1         se_0
1   0.5 0.7859895 0.6994977 0.8448441 -0.1453463  0.036033348 -0.000729813
2   1.0 0.7411268 0.6634644 0.8455739 -0.1821095  0.000000000  0.000000000
3   2.0 0.7079685 0.6621121 0.8357880 -0.1736759 -0.001352307 -0.009785917
           oe         te
1  0.04486274 -0.1460761
2  0.00000000 -0.1821095
3 -0.03315832 -0.1834618

[[9]]
  delta        mu      mu_1      mu_0         de        se_1          se_0
1   0.5 0.7624789 0.6650455 0.8314819 -0.1664363 0.007065377 -2.159432e-02
2   1.0 0.7405649 0.6579801 0.8530762 -0.1950960 0.000000000  0.000000e+00
3   2.0 0.7146770 0.6615641 0.8531444 -0.1915803 0.003583964  6.817824e-05
           oe         te
1  0.02191397 -0.1880307
2  0.00000000 -0.1950960
3 -0.02588789 -0.1915121

[[10]]
  delta        mu      mu_1      mu_0         de        se_1        se_0
1   0.5 0.8487043 0.7136363 0.9326957 -0.2190593  0.03233526  0.04892965
2   1.0 0.7707518 0.6813011 0.8837660 -0.2024650  0.00000000  0.00000000
3   2.0 0.7043621 0.6448165 0.8580135 -0.2131970 -0.03648460 -0.02575256
           oe         te
1  0.07795253 -0.1701297
2  0.00000000 -0.2024650
3 -0.06638963 -0.2389496

[[11]]
  delta        mu      mu_1      mu_0         de        se_1         se_0
1   0.5 0.7981335 0.7137586 0.8657658 -0.1520072  0.01539548 -0.007172474
2   1.0 0.7733620 0.6983631 0.8729382 -0.1745752  0.00000000  0.000000000
3   2.0 0.7316727 0.6781662 0.8608408 -0.1826745 -0.02019685 -0.012097494
           oe         te
1  0.02477148 -0.1591797
2  0.00000000 -0.1745752
3 -0.04168934 -0.1947720

[[12]]
  delta        mu      mu_1      mu_0         de         se_1        se_0
1   0.5 0.7675149 0.6969064 0.8223186 -0.1254122 -0.005898567 -0.03372417
2   1.0 0.7680920 0.7028050 0.8560428 -0.1532378  0.000000000  0.00000000
3   2.0 0.7586115 0.7091970 0.8741979 -0.1650009  0.006392017  0.01815516
             oe         te
1 -0.0005770652 -0.1591364
2  0.0000000000 -0.1532378
3 -0.0094804793 -0.1468458

[[13]]
  delta        mu      mu_1      mu_0         de        se_1         se_0
1   0.5 0.8069651 0.7052781 0.8793550 -0.1740768  0.03192213  0.006809383
2   1.0 0.7577623 0.6733560 0.8725456 -0.1991896  0.00000000  0.000000000
3   2.0 0.6991906 0.6490902 0.8392923 -0.1902021 -0.02426575 -0.033253268
           oe         te
1  0.04920274 -0.1672675
2  0.00000000 -0.1991896
3 -0.05857172 -0.2234553

[[14]]
  delta        mu      mu_1      mu_0         de        se_1         se_0
1   0.5 0.7865970 0.6986335 0.8506284 -0.1519949  0.04671165 -0.001510556
2   1.0 0.7352255 0.6519219 0.8521389 -0.2002171  0.00000000  0.000000000
3   2.0 0.6529462 0.5997762 0.8101434 -0.2103672 -0.05214567 -0.041995553
           oe         te
1  0.05137153 -0.1535054
2  0.00000000 -0.2002171
3 -0.08227931 -0.2523627

[[15]]
  delta        mu      mu_1      mu_0         de        se_1         se_0
1   0.5 0.8268145 0.7201309 0.9014615 -0.1813306  0.06540704  0.050743480
2   1.0 0.7369983 0.6547239 0.8507181 -0.1959942  0.00000000  0.000000000
3   2.0 0.6742597 0.6096179 0.8482666 -0.2386487 -0.04510596 -0.002451457
           oe         te
1  0.08981617 -0.1305872
2  0.00000000 -0.1959942
3 -0.06273864 -0.2411002

[[16]]
  delta        mu      mu_1      mu_0         de        se_1         se_0
1   0.5 0.7891241 0.6708996 0.8660195 -0.1951199  0.00956059  0.016391223
2   1.0 0.7429849 0.6613390 0.8496283 -0.1882893  0.00000000  0.000000000
3   2.0 0.7016676 0.6407597 0.8472577 -0.2064980 -0.02057936 -0.002370602
           oe         te
1  0.04613918 -0.1787287
2  0.00000000 -0.1882893
3 -0.04131733 -0.2088686

[[17]]
  delta        mu      mu_1      mu_0         de       se_1         se_0
1   0.5 0.7900951 0.6893332 0.8657475 -0.1764143 0.02865623  0.018152909
2   1.0 0.7374013 0.6606769 0.8475946 -0.1869177 0.00000000  0.000000000
3   2.0 0.7254412 0.6835657 0.8437370 -0.1601713 0.02288874 -0.003857618
           oe         te
1  0.05269387 -0.1582614
2  0.00000000 -0.1869177
3 -0.01196008 -0.1640289

[[18]]
  delta        mu      mu_1      mu_0         de         se_1         se_0
1   0.5 0.8009410 0.6986358 0.8716074 -0.1729716 -0.005134483 -0.008062352
2   1.0 0.7794189 0.7037703 0.8796698 -0.1758994  0.000000000  0.000000000
3   2.0 0.7176553 0.6641586 0.8600888 -0.1959302 -0.039611680 -0.019580967
           oe         te
1  0.02152212 -0.1810339
2  0.00000000 -0.1758994
3 -0.06176361 -0.2155111

[[19]]
  delta        mu      mu_1      mu_0         de        se_1        se_0
1   0.5 0.7834841 0.6972325 0.8437586 -0.1465261  0.01736667 -0.01681410
2   1.0 0.7593467 0.6798658 0.8605727 -0.1807069  0.00000000  0.00000000
3   2.0 0.6785365 0.6226722 0.8273198 -0.2046476 -0.05719361 -0.03325286
           oe         te
1  0.02413738 -0.1633402
2  0.00000000 -0.1807069
3 -0.08081024 -0.2379005

[[20]]
  delta        mu      mu_1      mu_0         de         se_1       se_0
1   0.5 0.7696445 0.6538103 0.8493694 -0.1955591 -0.003720214 0.01953887
2   1.0 0.7286000 0.6575305 0.8298305 -0.1723000  0.000000000 0.00000000
3   2.0 0.7216318 0.6765918 0.8432793 -0.1666875  0.019061338 0.01344878
            oe         te
1  0.041044467 -0.1760203
2  0.000000000 -0.1723000
3 -0.006968219 -0.1532387

[[1]]
  delta         mu       mu_1       mu_0         de       se_1       se_0
1   0.5 0.02343674 0.02125090 0.02741033 0.02436837 0.01809793 0.02288231
2   1.0 0.01776541 0.01830738 0.01708195 0.01258335 0.00000000 0.00000000
3   2.0 0.03331678 0.03611932 0.02559941 0.02515477 0.02886565 0.02046644
          oe         te
1 0.02035585 0.01813596
2 0.00000000 0.01258335
3 0.02706018 0.03490760

[[2]]
  delta         mu       mu_1       mu_0         de       se_1       se_0
1   0.5 0.02314277 0.02015964 0.02685752 0.02379191 0.01596315 0.02113785
2   1.0 0.01804088 0.01841261 0.01752770 0.01320283 0.00000000 0.00000000
3   2.0 0.03625286 0.04170475 0.02483748 0.03375861 0.03453552 0.01939172
          oe         te
1 0.01857197 0.01680233
2 0.00000000 0.01320283
3 0.02981757 0.04004014

[[3]]
  delta         mu       mu_1       mu_0         de       se_1       se_0
1   0.5 0.02626139 0.02020679 0.03167932 0.02662363 0.01583332 0.02591828
2   1.0 0.01710957 0.01772752 0.01716921 0.01343337 0.00000000 0.00000000
3   2.0 0.02946165 0.03216190 0.02279593 0.02315141 0.02471925 0.01852542
          oe         te
1 0.02189569 0.01617239
2 0.00000000 0.01343337
3 0.02374702 0.03203779

[[4]]
  delta         mu       mu_1       mu_0         de       se_1       se_0
1   0.5 0.02355868 0.01894656 0.02631066 0.01978539 0.01525231 0.02231232
2   1.0 0.01653292 0.01745184 0.01540863 0.01185126 0.00000000 0.00000000
3   2.0 0.03355526 0.03636507 0.02488239 0.02394908 0.02870249 0.01983068
          oe         te
1 0.01994619 0.01506399
2 0.00000000 0.01185126
3 0.02709370 0.03447835

[[5]]
  delta         mu       mu_1       mu_0         de       se_1       se_0
1   0.5 0.02420081 0.01995131 0.02707232 0.01964760 0.01485452 0.02095276
2   1.0 0.01773735 0.01811500 0.01713613 0.01228897 0.00000000 0.00000000
3   2.0 0.03297271 0.03635206 0.02450574 0.02675278 0.02936851 0.01973815
          oe         te
1 0.01905966 0.01434274
2 0.00000000 0.01228897
3 0.02720944 0.03541459

[[6]]
  delta         mu       mu_1       mu_0         de       se_1       se_0
1   0.5 0.02312565 0.02173396 0.02689342 0.02443997 0.01764888 0.02206178
2   1.0 0.01839964 0.01878900 0.01730416 0.01293559 0.00000000 0.00000000
3   2.0 0.03225047 0.03505519 0.02539916 0.02605067 0.02779308 0.02031187
          oe         te
1 0.01934556 0.01754547
2 0.00000000 0.01293559
3 0.02618039 0.03428658

[[7]]
  delta         mu       mu_1       mu_0         de       se_1       se_0
1   0.5 0.02493202 0.02042705 0.03020282 0.02557218 0.01734340 0.02680127
2   1.0 0.01701803 0.01731110 0.01657502 0.01227128 0.00000000 0.00000000
3   2.0 0.03264359 0.03578062 0.02471931 0.02406205 0.02958708 0.02065953
          oe         te
1 0.02229537 0.01757789
2 0.00000000 0.01227128
3 0.02762603 0.03533918

[[8]]
  delta         mu       mu_1       mu_0         de       se_1       se_0
1   0.5 0.02333585 0.01909658 0.02604757 0.02022842 0.01474750 0.02267889
2   1.0 0.01723908 0.01766912 0.01668810 0.01215399 0.00000000 0.00000000
3   2.0 0.03118736 0.03385148 0.02431315 0.02251717 0.02749388 0.01953315
          oe         te
1 0.02039292 0.01482924
2 0.00000000 0.01215399
3 0.02591309 0.03303684

[[9]]
  delta         mu       mu_1       mu_0         de       se_1       se_0
1   0.5 0.02213804 0.01857171 0.02543452 0.02101759 0.01396443 0.02035338
2   1.0 0.01697051 0.01718940 0.01688915 0.01288231 0.00000000 0.00000000
3   2.0 0.03334799 0.03650756 0.02520074 0.02670912 0.02995949 0.02010372
          oe         te
1 0.01769916 0.01553370
2 0.00000000 0.01288231
3 0.02783064 0.03559072

[[10]]
  delta         mu       mu_1       mu_0         de       se_1      se_0
1   0.5 0.02383871 0.01887589 0.02755957 0.02247810 0.01562685 0.0243122
2   1.0 0.01674308 0.01767675 0.01555270 0.01199779 0.00000000 0.0000000
3   2.0 0.03042931 0.03189679 0.02491205 0.01958193 0.02404780 0.0206330
          oe         te
1 0.02165781 0.01474601
2 0.00000000 0.01199779
3 0.02398707 0.03009235

[[11]]
  delta         mu       mu_1       mu_0         de       se_1       se_0
1   0.5 0.02554039 0.02138764 0.02985138 0.02443108 0.01782260 0.02538217
2   1.0 0.01778580 0.01836300 0.01700537 0.01298224 0.00000000 0.00000000
3   2.0 0.03039128 0.03311046 0.02435780 0.02376611 0.02633725 0.01921519
          oe         te
1 0.02239684 0.01730819
2 0.00000000 0.01298224
3 0.02433331 0.03176969

[[12]]
  delta         mu       mu_1       mu_0         de       se_1       se_0
1   0.5 0.02245557 0.01996295 0.02677180 0.02547722 0.01615527 0.02133900
2   1.0 0.01690777 0.01733698 0.01684429 0.01295298 0.00000000 0.00000000
3   2.0 0.03459053 0.03831764 0.02479920 0.02605211 0.03108070 0.02019118
          oe         te
1 0.01841439 0.01740963
2 0.00000000 0.01295298
3 0.02856382 0.03698004

[[13]]
  delta         mu       mu_1       mu_0         de       se_1       se_0
1   0.5 0.02443264 0.01984534 0.02755480 0.02080452 0.01501326 0.02215611
2   1.0 0.01759799 0.01814873 0.01703700 0.01284142 0.00000000 0.00000000
3   2.0 0.03004811 0.03248497 0.02490418 0.02252007 0.02451822 0.01993489
          oe         te
1 0.01997663 0.01464631
2 0.00000000 0.01284142
3 0.02368052 0.03147742

[[14]]
  delta         mu       mu_1       mu_0         de       se_1       se_0
1   0.5 0.02255194 0.01793092 0.02590917 0.02039686 0.01459807 0.02234617
2   1.0 0.01679998 0.01724312 0.01618617 0.01221919 0.00000000 0.00000000
3   2.0 0.03121549 0.03279433 0.02534683 0.02038243 0.02638817 0.02106446
          oe         te
1 0.01977986 0.01394161
2 0.00000000 0.01221919
3 0.02582181 0.03197562

[[15]]
  delta         mu       mu_1       mu_0         de       se_1       se_0
1   0.5 0.02474168 0.02189046 0.02776827 0.02139366 0.01931812 0.02393333
2   1.0 0.01790402 0.01859351 0.01705265 0.01273820 0.00000000 0.00000000
3   2.0 0.04035648 0.04295617 0.03018205 0.02699103 0.03538182 0.02591178
          oe         te
1 0.02191533 0.01833129
2 0.00000000 0.01273820
3 0.03398683 0.04119976

[[16]]
  delta         mu       mu_1       mu_0         de       se_1       se_0
1   0.5 0.02695795 0.01962607 0.03109144 0.02339125 0.01543326 0.02639940
2   1.0 0.01747081 0.01770657 0.01736036 0.01248742 0.00000000 0.00000000
3   2.0 0.02812150 0.02905343 0.02502852 0.01980253 0.02164834 0.01991922
          oe         te
1 0.02300204 0.01527963
2 0.00000000 0.01248742
3 0.02202409 0.02814415

[[17]]
  delta         mu       mu_1       mu_0         de       se_1       se_0
1   0.5 0.02364538 0.01960977 0.02655100 0.02114434 0.01551818 0.02244263
2   1.0 0.01628019 0.01650671 0.01574987 0.01178349 0.00000000 0.00000000
3   2.0 0.02948585 0.03194406 0.02321676 0.02128518 0.02541858 0.01904625
          oe         te
1 0.02008284 0.01599017
2 0.00000000 0.01178349
3 0.02413598 0.03098759

[[18]]
  delta         mu       mu_1       mu_0        de       se_1       se_0
1   0.5 0.02271979 0.01799653 0.02609686 0.0203441 0.01465891 0.02115889
2   1.0 0.01724787 0.01784592 0.01674434 0.0130114 0.00000000 0.00000000
3   2.0 0.03086495 0.03400499 0.02385360 0.0254266 0.02656175 0.01826047
          oe         te
1 0.01894412 0.01405724
2 0.00000000 0.01301140
3 0.02463976 0.03313984

[[19]]
  delta         mu       mu_1       mu_0         de       se_1       se_0
1   0.5 0.02617615 0.02033541 0.02965291 0.02294645 0.01608586 0.02539146
2   1.0 0.01636662 0.01686519 0.01599428 0.01266071 0.00000000 0.00000000
3   2.0 0.02790758 0.02997706 0.02350288 0.02156985 0.02269008 0.01928669
          oe         te
1 0.02285155 0.01580773
2 0.00000000 0.01266071
3 0.02210319 0.02903610

[[20]]
  delta         mu       mu_1       mu_0         de       se_1       se_0
1   0.5 0.02732486 0.02054771 0.03274022 0.02630153 0.01692939 0.02884634
2   1.0 0.01704250 0.01785002 0.01622742 0.01264005 0.00000000 0.00000000
3   2.0 0.03344710 0.03830883 0.02438085 0.02949436 0.03091277 0.01920734
          oe         te
1 0.02443893 0.01667041
2 0.00000000 0.01264005
3 0.02712465 0.03695373

[[1]]
  delta        mu      mu_1      mu_0         de          se_1         se_0
1   0.5 0.7596696 0.6609097 0.8300264 -0.1691166 -0.0002101864 -0.008799238
2   1.0 0.7369458 0.6611199 0.8388256 -0.1777057  0.0000000000  0.000000000
3   2.0 0.6826131 0.6335370 0.8123158 -0.1787788 -0.0275828570 -0.026509772
           oe         te
1  0.02272380 -0.1779159
2  0.00000000 -0.1777057
3 -0.05433273 -0.2052886

[[2]]
  delta        mu      mu_1      mu_0         de        se_1        se_0
1   0.5 0.8129783 0.6780734 0.9048918 -0.2268184  0.05503264  0.08547480
2   1.0 0.7029423 0.6230408 0.8194170 -0.1963762  0.00000000  0.00000000
3   2.0 0.6302577 0.5829841 0.7763824 -0.1933983 -0.04005672 -0.04303465
           oe         te
1  0.11003605 -0.1413436
2  0.00000000 -0.1963762
3 -0.07268456 -0.2364330

[[3]]
  delta        mu      mu_1      mu_0         de       se_1         se_0
1   0.5 0.7509499 0.6657075 0.8091747 -0.1434673 0.01256227 -0.024617422
2   1.0 0.7322991 0.6531452 0.8337922 -0.1806469 0.00000000  0.000000000
3   2.0 0.7129593 0.6663939 0.8329931 -0.1665992 0.01324869 -0.000799078
           oe         te
1  0.01865083 -0.1680847
2  0.00000000 -0.1806469
3 -0.01933978 -0.1673983

[[4]]
  delta        mu      mu_1      mu_0         de         se_1         se_0
1   0.5 0.8380097 0.6988032 0.9224154 -0.2236122  0.028001892  0.053225417
2   1.0 0.7558839 0.6708013 0.8691900 -0.1983887  0.000000000  0.000000000
3   2.0 0.7204186 0.6688828 0.8632378 -0.1943550 -0.001918516 -0.005952223
           oe         te
1  0.08212581 -0.1703868
2  0.00000000 -0.1983887
3 -0.03546526 -0.2003072

[[5]]
  delta        mu      mu_1      mu_0         de         se_1        se_0
1   0.5 0.7954081 0.6901931 0.8648781 -0.1746850  0.030668048  0.02158302
2   1.0 0.7375069 0.6595250 0.8432950 -0.1837700  0.000000000  0.00000000
3   2.0 0.7015786 0.6525752 0.8300038 -0.1774286 -0.006949858 -0.01329122
           oe         te
1  0.05790111 -0.1531020
2  0.00000000 -0.1837700
3 -0.03592831 -0.1907199

[[6]]
  delta        mu      mu_1      mu_0         de        se_1         se_0
1   0.5 0.7927375 0.6745890 0.8689377 -0.1943487 -0.01477094 -0.007901201
2   1.0 0.7691908 0.6893600 0.8768389 -0.1874790  0.00000000  0.000000000
3   2.0 0.7105507 0.6516253 0.8726121 -0.2209868 -0.03773465 -0.004226767
           oe         te
1  0.02354676 -0.2022499
2  0.00000000 -0.1874790
3 -0.05864008 -0.2252136

[[7]]
  delta        mu      mu_1      mu_0         de        se_1         se_0
1   0.5 0.7910277 0.6948878 0.8571085 -0.1622206 0.018844580 -0.009845567
2   1.0 0.7569144 0.6760432 0.8669540 -0.1909108 0.000000000  0.000000000
3   2.0 0.7384819 0.6855274 0.8802465 -0.1947191 0.009484191  0.013292468
           oe         te
1  0.03411336 -0.1720662
2  0.00000000 -0.1909108
3 -0.01843244 -0.1814266

[[8]]
  delta        mu      mu_1      mu_0         de         se_1          se_0
1   0.5 0.7854787 0.6992413 0.8437589 -0.1445176  0.038304173  0.0006228111
2   1.0 0.7386340 0.6609372 0.8431361 -0.1821989  0.000000000  0.0000000000
3   2.0 0.7044030 0.6580917 0.8340165 -0.1759248 -0.002845435 -0.0091196095
           oe         te
1  0.04684475 -0.1438948
2  0.00000000 -0.1821989
3 -0.03423102 -0.1850444

[[9]]
  delta        mu      mu_1      mu_0         de        se_1         se_0
1   0.5 0.7570780 0.6596274 0.8272932 -0.1676658 0.003249753 -0.022582426
2   1.0 0.7377957 0.6563776 0.8498756 -0.1934980 0.000000000  0.000000000
3   2.0 0.7119849 0.6588405 0.8535843 -0.1947437 0.002462941  0.003708656
           oe         te
1  0.01928231 -0.1902483
2  0.00000000 -0.1934980
3 -0.02581082 -0.1910351

[[10]]
  delta        mu      mu_1      mu_0         de        se_1        se_0
1   0.5 0.8490660 0.7139035 0.9330487 -0.2191452  0.03252662  0.04932933
2   1.0 0.7707807 0.6813769 0.8837194 -0.2023425  0.00000000  0.00000000
3   2.0 0.7042967 0.6447028 0.8582084 -0.2135057 -0.03667416 -0.02551094
           oe         te
1  0.07828536 -0.1698158
2  0.00000000 -0.2023425
3 -0.06648400 -0.2390166

[[11]]
  delta        mu      mu_1      mu_0         de        se_1         se_0
1   0.5 0.7959729 0.7120109 0.8638435 -0.1518326  0.01422513 -0.008192553
2   1.0 0.7725463 0.6977858 0.8720360 -0.1742502  0.00000000  0.000000000
3   2.0 0.7296431 0.6766255 0.8589203 -0.1822948 -0.02116026 -0.013115742
           oe         te
1  0.02342666 -0.1600251
2  0.00000000 -0.1742502
3 -0.04290319 -0.1954105

[[12]]
  delta        mu      mu_1      mu_0         de          se_1        se_0
1   0.5 0.7732582 0.7006893 0.8271612 -0.1264719 -0.0016466696 -0.03060726
2   1.0 0.7689708 0.7023360 0.8577685 -0.1554325  0.0000000000  0.00000000
3   2.0 0.7523670 0.7019265 0.8714566 -0.1695301 -0.0004094592  0.01368808
            oe         te
1  0.004287471 -0.1570792
2  0.000000000 -0.1554325
3 -0.016603788 -0.1558420

[[13]]
  delta        mu      mu_1      mu_0         de        se_1         se_0
1   0.5 0.8068690 0.7046857 0.8791269 -0.1744411  0.03133998  0.006540194
2   1.0 0.7578811 0.6733457 0.8725867 -0.1992409  0.00000000  0.000000000
3   2.0 0.6977865 0.6476054 0.8384393 -0.1908340 -0.02574037 -0.034147321
           oe         te
1  0.04898789 -0.1679009
2  0.00000000 -0.1992409
3 -0.06009467 -0.2249813

[[14]]
  delta        mu      mu_1      mu_0         de        se_1         se_0
1   0.5 0.7879421 0.6999972 0.8521915 -0.1521943  0.04706740 -0.001988284
2   1.0 0.7365037 0.6529298 0.8541798 -0.2012500  0.00000000  0.000000000
3   2.0 0.6508712 0.5973210 0.8102078 -0.2128868 -0.05560879 -0.043971961
           oe         te
1  0.05143840 -0.1541826
2  0.00000000 -0.2012500
3 -0.08563248 -0.2568588

[[15]]
  delta        mu      mu_1      mu_0         de        se_1         se_0
1   0.5 0.8283409 0.7220620 0.9026526 -0.1805906  0.06489055  0.048903190
2   1.0 0.7399554 0.6571715 0.8537494 -0.1965780  0.00000000  0.000000000
3   2.0 0.6770544 0.6129255 0.8491564 -0.2362309 -0.04424597 -0.004593007
           oe         te
1  0.08838552 -0.1316874
2  0.00000000 -0.1965780
3 -0.06290102 -0.2408239

[[16]]
  delta        mu      mu_1      mu_0         de         se_1         se_0
1   0.5 0.7873519 0.6694493 0.8643729 -0.1949236  0.007142977 1.453667e-02
2   1.0 0.7437287 0.6623063 0.8498362 -0.1875299  0.000000000 0.000000e+00
3   2.0 0.7036120 0.6422980 0.8499019 -0.2076039 -0.020008334 6.567358e-05
           oe         te
1  0.04362319 -0.1803869
2  0.00000000 -0.1875299
3 -0.04011672 -0.2075382

[[17]]
  delta        mu      mu_1      mu_0         de       se_1         se_0
1   0.5 0.7919041 0.6902537 0.8677918 -0.1775381 0.02988403  0.019563621
2   1.0 0.7377095 0.6603697 0.8482282 -0.1878585 0.00000000  0.000000000
3   2.0 0.7255790 0.6832612 0.8441296 -0.1608684 0.02289152 -0.004098622
           oe         te
1  0.05419466 -0.1579745
2  0.00000000 -0.1878585
3 -0.01213049 -0.1649670

[[18]]
  delta        mu      mu_1      mu_0         de         se_1         se_0
1   0.5 0.8045296 0.7018823 0.8744440 -0.1725618 -0.003321809 -0.007922425
2   1.0 0.7819749 0.7052041 0.8823665 -0.1771624  0.000000000  0.000000000
3   2.0 0.7187143 0.6640487 0.8627582 -0.1987096 -0.041155435 -0.019608219
           oe         te
1  0.02255473 -0.1804842
2  0.00000000 -0.1771624
3 -0.06326061 -0.2183178

[[19]]
  delta        mu      mu_1      mu_0         de        se_1        se_0
1   0.5 0.7838104 0.6958145 0.8455637 -0.1497492  0.01568400 -0.01443040
2   1.0 0.7586551 0.6801305 0.8599941 -0.1798636  0.00000000  0.00000000
3   2.0 0.6809086 0.6253750 0.8292990 -0.2039240 -0.05475549 -0.03069514
           oe         te
1  0.02515528 -0.1641796
2  0.00000000 -0.1798636
3 -0.07774646 -0.2346191

[[20]]
  delta        mu      mu_1      mu_0         de         se_1       se_0
1   0.5 0.7729499 0.6547504 0.8531796 -0.1984292 -0.003631673 0.02118005
2   1.0 0.7299257 0.6583820 0.8319995 -0.1736175  0.000000000 0.00000000
3   2.0 0.7279575 0.6857539 0.8448503 -0.1590964  0.027371877 0.01285083
           oe         te
1  0.04302418 -0.1772491
2  0.00000000 -0.1736175
3 -0.00196822 -0.1462456

[[1]]
  delta         mu       mu_1       mu_0         de       se_1       se_0
1   0.5 0.02362868 0.02146960 0.02788026 0.02498957 0.01833833 0.02335674
2   1.0 0.01784296 0.01838485 0.01712823 0.01261252 0.00000000 0.00000000
3   2.0 0.03375815 0.03666755 0.02574973 0.02551770 0.02935480 0.02055245
          oe         te
1 0.02055429 0.01839157
2 0.00000000 0.01261252
3 0.02744242 0.03539620

[[2]]
  delta         mu       mu_1       mu_0         de       se_1       se_0
1   0.5 0.02312873 0.02017419 0.02684693 0.02381770 0.01597054 0.02114743
2   1.0 0.01801237 0.01839458 0.01748791 0.01317940 0.00000000 0.00000000
3   2.0 0.03622098 0.04167054 0.02479146 0.03371723 0.03450539 0.01935671
          oe         te
1 0.01856458 0.01681541
2 0.00000000 0.01317940
3 0.02978652 0.03998997

[[3]]
  delta         mu       mu_1       mu_0         de       se_1       se_0
1   0.5 0.02609134 0.02036613 0.03121623 0.02619459 0.01600974 0.02547442
2   1.0 0.01709690 0.01771405 0.01714717 0.01341816 0.00000000 0.00000000
3   2.0 0.02941097 0.03207298 0.02283455 0.02300302 0.02459132 0.01854029
          oe         te
1 0.02171397 0.01634404
2 0.00000000 0.01341816
3 0.02365383 0.03189849

[[4]]
  delta         mu       mu_1       mu_0         de      se_1       se_0
1   0.5 0.02366087 0.01910928 0.02632283 0.01969130 0.0153332 0.02223622
2   1.0 0.01652854 0.01744416 0.01541574 0.01182233 0.0000000 0.00000000
3   2.0 0.03339840 0.03605685 0.02491928 0.02336985 0.0283175 0.01984434
          oe         te
1 0.01994983 0.01521206
2 0.00000000 0.01182233
3 0.02688087 0.03412817

[[5]]
  delta         mu       mu_1       mu_0         de       se_1       se_0
1   0.5 0.02409200 0.01985985 0.02700699 0.01962205 0.01476180 0.02095604
2   1.0 0.01766331 0.01808710 0.01702736 0.01222002 0.00000000 0.00000000
3   2.0 0.03286316 0.03631270 0.02442876 0.02690563 0.02933827 0.01964001
          oe         te
1 0.01901351 0.01422524
2 0.00000000 0.01222002
3 0.02707497 0.03531731

[[6]]
  delta         mu       mu_1       mu_0         de       se_1       se_0
1   0.5 0.02303389 0.02146042 0.02686511 0.02457222 0.01733761 0.02206036
2   1.0 0.01835899 0.01878130 0.01723205 0.01289574 0.00000000 0.00000000
3   2.0 0.03252071 0.03540215 0.02538306 0.02633256 0.02818470 0.02031114
          oe         te
1 0.01922295 0.01723196
2 0.00000000 0.01289574
3 0.02648797 0.03467068

[[7]]
  delta         mu       mu_1       mu_0         de       se_1       se_0
1   0.5 0.02464466 0.02016888 0.02994101 0.02546532 0.01706188 0.02660215
2   1.0 0.01708197 0.01739376 0.01658905 0.01225712 0.00000000 0.00000000
3   2.0 0.03232811 0.03532456 0.02467084 0.02368786 0.02898370 0.02050813
          oe         te
1 0.02207605 0.01728346
2 0.00000000 0.01225712
3 0.02714116 0.03478293

[[8]]
  delta         mu       mu_1       mu_0         de       se_1       se_0
1   0.5 0.02332194 0.01912175 0.02600007 0.02014774 0.01473411 0.02248692
2   1.0 0.01718319 0.01761796 0.01665518 0.01220618 0.00000000 0.00000000
3   2.0 0.03109929 0.03372000 0.02433963 0.02255694 0.02730821 0.01966234
          oe         te
1 0.02020465 0.01483042
2 0.00000000 0.01220618
3 0.02582742 0.03295889

[[9]]
  delta         mu       mu_1       mu_0         de       se_1       se_0
1   0.5 0.02100014 0.01821623 0.02390874 0.02025654 0.01396211 0.01903005
2   1.0 0.01675979 0.01711830 0.01658058 0.01284034 0.00000000 0.00000000
3   2.0 0.03338102 0.03640916 0.02526399 0.02636595 0.02969121 0.02024172
          oe         te
1 0.01689921 0.01548328
2 0.00000000 0.01284034
3 0.02775201 0.03546299

[[10]]
  delta         mu       mu_1       mu_0         de       se_1       se_0
1   0.5 0.02384603 0.01891062 0.02756502 0.02250159 0.01569770 0.02432783
2   1.0 0.01678928 0.01773101 0.01557544 0.01201114 0.00000000 0.00000000
3   2.0 0.03062232 0.03207429 0.02498130 0.01948868 0.02418433 0.02071735
          oe         te
1 0.02169542 0.01476973
2 0.00000000 0.01201114
3 0.02414215 0.03024615

[[11]]
  delta         mu       mu_1       mu_0         de       se_1       se_0
1   0.5 0.02576627 0.02152299 0.03024825 0.02506397 0.01808528 0.02593620
2   1.0 0.01767744 0.01830191 0.01687924 0.01292731 0.00000000 0.00000000
3   2.0 0.03067434 0.03347848 0.02442483 0.02401055 0.02681141 0.01933739
          oe         te
1 0.02279504 0.01751615
2 0.00000000 0.01292731
3 0.02475243 0.03218018

[[12]]
  delta         mu       mu_1       mu_0         de       se_1       se_0
1   0.5 0.02248168 0.02014086 0.02698147 0.02594298 0.01645156 0.02133102
2   1.0 0.01703211 0.01742795 0.01703895 0.01311485 0.00000000 0.00000000
3   2.0 0.03597772 0.04001594 0.02520837 0.02734074 0.03297402 0.02071391
          oe         te
1 0.01839341 0.01776075
2 0.00000000 0.01311485
3 0.03017427 0.03883303

[[13]]
  delta         mu       mu_1       mu_0         de       se_1       se_0
1   0.5 0.02434447 0.01988518 0.02738944 0.02076041 0.01501334 0.02206289
2   1.0 0.01766749 0.01820508 0.01707375 0.01280956 0.00000000 0.00000000
3   2.0 0.03000473 0.03249838 0.02471869 0.02253194 0.02455335 0.01971176
          oe         te
1 0.01989377 0.01464928
2 0.00000000 0.01280956
3 0.02363080 0.03147615

[[14]]
  delta         mu       mu_1       mu_0         de       se_1       se_0
1   0.5 0.02238898 0.01803043 0.02562931 0.02033015 0.01456748 0.02209083
2   1.0 0.01679420 0.01726196 0.01612758 0.01218917 0.00000000 0.00000000
3   2.0 0.03125270 0.03281657 0.02540994 0.02037901 0.02650205 0.02112060
          oe         te
1 0.01954697 0.01384150
2 0.00000000 0.01218917
3 0.02594894 0.03206319

[[15]]
  delta         mu       mu_1       mu_0         de       se_1       se_0
1   0.5 0.02454399 0.02175520 0.02749193 0.02135223 0.01908271 0.02370693
2   1.0 0.01794999 0.01864375 0.01701600 0.01264548 0.00000000 0.00000000
3   2.0 0.04018443 0.04267042 0.03002307 0.02643871 0.03517448 0.02568126
          oe         te
1 0.02170615 0.01818849
2 0.00000000 0.01264548
3 0.03387441 0.04093755

[[16]]
  delta         mu       mu_1       mu_0         de       se_1       se_0
1   0.5 0.02685191 0.01947834 0.03115790 0.02369812 0.01530304 0.02656512
2   1.0 0.01741888 0.01767869 0.01728985 0.01245937 0.00000000 0.00000000
3   2.0 0.02803273 0.02897449 0.02483517 0.01965349 0.02152149 0.01974885
          oe         te
1 0.02298926 0.01517108
2 0.00000000 0.01245937
3 0.02189338 0.02797890

[[17]]
  delta         mu       mu_1       mu_0         de       se_1       se_0
1   0.5 0.02371276 0.01957862 0.02663267 0.02105959 0.01558706 0.02252697
2   1.0 0.01641403 0.01668984 0.01580433 0.01180171 0.00000000 0.00000000
3   2.0 0.02981166 0.03233537 0.02332445 0.02161261 0.02562858 0.01907472
          oe         te
1 0.02021587 0.01591365
2 0.00000000 0.01180171
3 0.02426927 0.03123451

[[18]]
  delta         mu       mu_1       mu_0         de       se_1       se_0
1   0.5 0.02248281 0.01801689 0.02584824 0.02029089 0.01445133 0.02093478
2   1.0 0.01731805 0.01798971 0.01668754 0.01292693 0.00000000 0.00000000
3   2.0 0.03065393 0.03384124 0.02361770 0.02526780 0.02626479 0.01802604
          oe         te
1 0.01865470 0.01382644
2 0.00000000 0.01292693
3 0.02430795 0.03286185

[[19]]
  delta         mu       mu_1       mu_0         de       se_1       se_0
1   0.5 0.02599569 0.02036796 0.02938407 0.02274073 0.01622718 0.02516095
2   1.0 0.01624332 0.01682582 0.01579733 0.01264821 0.00000000 0.00000000
3   2.0 0.02815011 0.03031812 0.02341639 0.02170902 0.02300544 0.01918998
          oe         te
1 0.02275362 0.01583648
2 0.00000000 0.01264821
3 0.02230462 0.02932591

[[20]]
  delta         mu       mu_1       mu_0         de       se_1       se_0
1   0.5 0.02631206 0.02030653 0.03154222 0.02571243 0.01666085 0.02760830
2   1.0 0.01694806 0.01779707 0.01607227 0.01252680 0.00000000 0.00000000
3   2.0 0.03389054 0.03980317 0.02397563 0.03169838 0.03270960 0.01890908
          oe         te
1 0.02334931 0.01647004
2 0.00000000 0.01252680
3 0.02780724 0.03851697

[1] "Total run time was 2686.935 seconds"
