Warning message:
package ‘SuperLearner’ was built under R version 4.1.3 
[1] "[Simulation setting]"
[1] "n: 500"
[1] "deltas: 0.5, 1, 2"
[1] "K: 2"
[1] "r: 100"
[1] "s: 1"
[1] "Sim.id 1"
[1] "Data generated and format changed"
[1] "   Split: 1"
Loading required namespace: nnet
Loading required namespace: ranger
[1] "   Split: 2"
[1] "Estimates and SE estimates computed"
[1] ""
[1] "Sim.id 2"
[1] "Data generated and format changed"
[1] "   Split: 1"
[1] "   Split: 2"
[1] "Estimates and SE estimates computed"
[1] ""
[1] "Sim.id 3"
[1] "Data generated and format changed"
[1] "   Split: 1"
[1] "   Split: 2"
[1] "Estimates and SE estimates computed"
[1] ""
[1] "Sim.id 4"
[1] "Data generated and format changed"
[1] "   Split: 1"
[1] "   Split: 2"
[1] "Estimates and SE estimates computed"
[1] ""
[1] "Sim.id 5"
[1] "Data generated and format changed"
[1] "   Split: 1"
[1] "   Split: 2"
[1] "Estimates and SE estimates computed"
[1] ""
[1] "Sim.id 6"
[1] "Data generated and format changed"
[1] "   Split: 1"
[1] "   Split: 2"
[1] "Estimates and SE estimates computed"
[1] ""
[1] "Sim.id 7"
[1] "Data generated and format changed"
[1] "   Split: 1"
[1] "   Split: 2"
[1] "Estimates and SE estimates computed"
[1] ""
[1] "Sim.id 8"
[1] "Data generated and format changed"
[1] "   Split: 1"
[1] "   Split: 2"
[1] "Estimates and SE estimates computed"
[1] ""
[1] "Sim.id 9"
[1] "Data generated and format changed"
[1] "   Split: 1"
[1] "   Split: 2"
[1] "Estimates and SE estimates computed"
[1] ""
[1] "Sim.id 10"
[1] "Data generated and format changed"
[1] "   Split: 1"
[1] "   Split: 2"
[1] "Estimates and SE estimates computed"
[1] ""
[1] "Sim.id 11"
[1] "Data generated and format changed"
[1] "   Split: 1"
[1] "   Split: 2"
[1] "Estimates and SE estimates computed"
[1] ""
[1] "Sim.id 12"
[1] "Data generated and format changed"
[1] "   Split: 1"
[1] "   Split: 2"
[1] "Estimates and SE estimates computed"
[1] ""
[1] "Sim.id 13"
[1] "Data generated and format changed"
[1] "   Split: 1"
[1] "   Split: 2"
[1] "Estimates and SE estimates computed"
[1] ""
[1] "Sim.id 14"
[1] "Data generated and format changed"
[1] "   Split: 1"
[1] "   Split: 2"
[1] "Estimates and SE estimates computed"
[1] ""
[1] "Sim.id 15"
[1] "Data generated and format changed"
[1] "   Split: 1"
[1] "   Split: 2"
[1] "Estimates and SE estimates computed"
[1] ""
[1] "Sim.id 16"
[1] "Data generated and format changed"
[1] "   Split: 1"
[1] "   Split: 2"
[1] "Estimates and SE estimates computed"
[1] ""
[1] "Sim.id 17"
[1] "Data generated and format changed"
[1] "   Split: 1"
[1] "   Split: 2"
[1] "Estimates and SE estimates computed"
[1] ""
[1] "Sim.id 18"
[1] "Data generated and format changed"
[1] "   Split: 1"
[1] "   Split: 2"
[1] "Estimates and SE estimates computed"
[1] ""
[1] "Sim.id 19"
[1] "Data generated and format changed"
[1] "   Split: 1"
[1] "   Split: 2"
[1] "Estimates and SE estimates computed"
[1] ""
[1] "Sim.id 20"
[1] "Data generated and format changed"
[1] "   Split: 1"
[1] "   Split: 2"
[1] "Estimates and SE estimates computed"
[1] ""
[[1]]
  delta        mu      mu_1      mu_0         de         se_1        se_0
1   0.5 0.8054925 0.6830395 0.8873140 -0.2042744  0.001857751  0.00481552
2   1.0 0.7699016 0.6811818 0.8824984 -0.2013167  0.000000000  0.00000000
3   2.0 0.6836938 0.6196888 0.8546540 -0.2349651 -0.061492921 -0.02784446
           oe         te
1  0.03559092 -0.1994589
2  0.00000000 -0.2013167
3 -0.08620778 -0.2628096

[[2]]
  delta        mu      mu_1      mu_0         de         se_1        se_0
1   0.5 0.7585316 0.6602866 0.8307195 -0.1704329 -0.001416111 0.007547541
2   1.0 0.7281875 0.6617027 0.8231719 -0.1614692  0.000000000 0.000000000
3   2.0 0.7375013 0.6921733 0.8483961 -0.1562228  0.030470569 0.025224157
           oe         te
1 0.030344111 -0.1628853
2 0.000000000 -0.1614692
3 0.009313775 -0.1309986

[[3]]
  delta        mu      mu_1      mu_0         de        se_1         se_0
1   0.5 0.7772929 0.6710449 0.8489995 -0.1779545  0.02285054  0.001732118
2   1.0 0.7321429 0.6481944 0.8472674 -0.1990730  0.00000000  0.000000000
3   2.0 0.6214582 0.5620964 0.7989086 -0.2368122 -0.08609796 -0.048358751
           oe         te
1  0.04514997 -0.1762224
2  0.00000000 -0.1990730
3 -0.11068470 -0.2851709

[[4]]
  delta        mu      mu_1      mu_0         de         se_1          se_0
1   0.5 0.7628398 0.6673938 0.8282612 -0.1608674  0.001594851 -0.0169497524
2   1.0 0.7450373 0.6657989 0.8452109 -0.1794120  0.000000000  0.0000000000
3   2.0 0.6971601 0.6354492 0.8447855 -0.2093363 -0.030349733 -0.0004254805
           oe         te
1  0.01780252 -0.1778172
2  0.00000000 -0.1794120
3 -0.04787714 -0.2097617

[[5]]
  delta        mu      mu_1      mu_0         de        se_1         se_0
1   0.5 0.8127525 0.6913106 0.8964032 -0.2050926  0.01772568 0.0358803550
2   1.0 0.7529682 0.6735849 0.8605228 -0.1869379  0.00000000 0.0000000000
3   2.0 0.7117077 0.6530335 0.8612287 -0.2081952 -0.02055143 0.0007059044
           oe         te
1  0.05978431 -0.1692122
2  0.00000000 -0.1869379
3 -0.04126047 -0.2074893

[[6]]
  delta        mu      mu_1      mu_0         de        se_1         se_0
1   0.5 0.7825886 0.6780717 0.8506178 -0.1725461  0.02565526  0.018135780
2   1.0 0.7282017 0.6524165 0.8324821 -0.1800656  0.00000000  0.000000000
3   2.0 0.6689010 0.6078573 0.8280250 -0.2201677 -0.04455920 -0.004457082
           oe         te
1  0.05438689 -0.1544103
2  0.00000000 -0.1800656
3 -0.05930065 -0.2246248

[[7]]
  delta        mu      mu_1      mu_0         de        se_1         se_0
1   0.5 0.7727619 0.6657292 0.8483275 -0.1825983 0.021002915  0.001501751
2   1.0 0.7293876 0.6447263 0.8468257 -0.2020994 0.000000000  0.000000000
3   2.0 0.6934894 0.6466193 0.8231437 -0.1765245 0.001892963 -0.023681996
           oe         te
1  0.04337425 -0.1810965
2  0.00000000 -0.2020994
3 -0.03589827 -0.2002065

[[8]]
  delta        mu      mu_1      mu_0         de         se_1        se_0
1   0.5 0.7981502 0.6947695 0.8705589 -0.1757894  0.012707215 0.013654710
2   1.0 0.7575744 0.6820623 0.8569042 -0.1748419  0.000000000 0.000000000
3   2.0 0.7333561 0.6798066 0.8665749 -0.1867683 -0.002255688 0.009670699
           oe         te
1  0.04057576 -0.1621347
2  0.00000000 -0.1748419
3 -0.02421833 -0.1770976

[[9]]
  delta        mu      mu_1      mu_0         de        se_1        se_0
1   0.5 0.7945773 0.6888147 0.8665214 -0.1777067  0.01322439 0.024022281
2   1.0 0.7465178 0.6755903 0.8424991 -0.1669088  0.00000000 0.000000000
3   2.0 0.7126735 0.6617449 0.8462132 -0.1844683 -0.01384543 0.003714055
           oe         te
1  0.04805947 -0.1536844
2  0.00000000 -0.1669088
3 -0.03384425 -0.1807543

[[10]]
  delta        mu      mu_1      mu_0         de         se_1        se_0
1   0.5 0.7679579 0.6928198 0.8232728 -0.1304530  0.017696082 -0.01235704
2   1.0 0.7422970 0.6751237 0.8356298 -0.1605061  0.000000000  0.00000000
3   2.0 0.7114200 0.6722285 0.8214422 -0.1492137 -0.002895169 -0.01418762
           oe         te
1  0.02566098 -0.1428100
2  0.00000000 -0.1605061
3 -0.03087692 -0.1634013

[[11]]
  delta        mu      mu_1      mu_0         de       se_1        se_0
1   0.5 0.7861247 0.6653669 0.8612873 -0.1959204 0.01887507  0.02361309
2   1.0 0.7290220 0.6464918 0.8376742 -0.1911824 0.00000000  0.00000000
3   2.0 0.7094567 0.6756771 0.8009549 -0.1252778 0.02918528 -0.03671937
           oe         te
1  0.05710268 -0.1723073
2  0.00000000 -0.1911824
3 -0.01956531 -0.1619971

[[12]]
  delta        mu      mu_1      mu_0         de        se_1        se_0
1   0.5 0.7904288 0.6769074 0.8625289 -0.1856215  0.02823671  0.02352227
2   1.0 0.7317562 0.6486707 0.8390066 -0.1903359  0.00000000  0.00000000
3   2.0 0.6324947 0.5696087 0.8016597 -0.2320510 -0.07906205 -0.03734695
           oe         te
1  0.05867261 -0.1620992
2  0.00000000 -0.1903359
3 -0.09926149 -0.2693980

[[13]]
  delta        mu      mu_1      mu_0         de         se_1         se_0
1   0.5 0.7828105 0.7002780 0.8413267 -0.1410487  0.006246614 -0.008692583
2   1.0 0.7607476 0.6940314 0.8500193 -0.1559879  0.000000000  0.000000000
3   2.0 0.7001737 0.6484418 0.8394661 -0.1910243 -0.045589626 -0.010553260
           oe         te
1  0.02206291 -0.1497413
2  0.00000000 -0.1559879
3 -0.06057383 -0.2015775

[[14]]
  delta        mu      mu_1      mu_0         de        se_1        se_0
1   0.5 0.7747358 0.6633853 0.8487400 -0.1853547  0.05344376  0.02444667
2   1.0 0.6990707 0.6099415 0.8242933 -0.2143518  0.00000000  0.00000000
3   2.0 0.6125635 0.5511747 0.7954740 -0.2442993 -0.05876679 -0.02881931
           oe         te
1  0.07566510 -0.1609080
2  0.00000000 -0.2143518
3 -0.08650716 -0.2731186

[[15]]
  delta        mu      mu_1      mu_0         de        se_1        se_0
1   0.5 0.8008854 0.6721250 0.8852610 -0.2131360  0.01138365  0.03579798
2   1.0 0.7402111 0.6607414 0.8494630 -0.1887216  0.00000000  0.00000000
3   2.0 0.6882517 0.6397847 0.8253384 -0.1855537 -0.02095673 -0.02412465
           oe         te
1  0.06067432 -0.1773380
2  0.00000000 -0.1887216
3 -0.05195936 -0.2096784

[[16]]
  delta        mu      mu_1      mu_0         de         se_1        se_0
1   0.5 0.7852508 0.6922617 0.8500220 -0.1577603  0.018064628 -0.01247945
2   1.0 0.7565916 0.6741971 0.8625015 -0.1883044  0.000000000  0.00000000
3   2.0 0.7285210 0.6682820 0.8745067 -0.2062247 -0.005915114  0.01200523
           oe         te
1  0.02865929 -0.1702398
2  0.00000000 -0.1883044
3 -0.02807053 -0.1942195

[[17]]
  delta        mu      mu_1      mu_0         de         se_1        se_0
1   0.5 0.8145282 0.6999110 0.8883010 -0.1883901 0.0127011726 0.020319798
2   1.0 0.7651357 0.6872098 0.8679812 -0.1807714 0.0000000000 0.000000000
3   2.0 0.7399756 0.6878497 0.8762352 -0.1883855 0.0006399227 0.008253985
           oe         te
1  0.04939248 -0.1680703
2  0.00000000 -0.1807714
3 -0.02516013 -0.1801315

[[18]]
  delta        mu      mu_1      mu_0         de        se_1        se_0
1   0.5 0.8077518 0.7129084 0.8670694 -0.1541610  0.03164150  0.01112652
2   1.0 0.7586453 0.6812669 0.8559429 -0.1746760  0.00000000  0.00000000
3   2.0 0.7152135 0.6659218 0.8371160 -0.1711942 -0.01534514 -0.01882692
           oe         te
1  0.04910654 -0.1430345
2  0.00000000 -0.1746760
3 -0.04343175 -0.1900211

[[19]]
  delta        mu      mu_1      mu_0         de        se_1         se_0
1   0.5 0.8020240 0.6993565 0.8652424 -0.1658858  0.02519814  0.003484604
2   1.0 0.7564503 0.6741584 0.8617578 -0.1875994  0.00000000  0.000000000
3   2.0 0.6991206 0.6460346 0.8441409 -0.1981063 -0.02812375 -0.017616814
           oe         te
1  0.04557365 -0.1624012
2  0.00000000 -0.1875994
3 -0.05732969 -0.2157231

[[20]]
  delta        mu      mu_1      mu_0         de        se_1          se_0
1   0.5 0.7977758 0.6979536 0.8637205 -0.1657668 0.005448875  0.0005100668
2   1.0 0.7660764 0.6925047 0.8632104 -0.1707057 0.000000000  0.0000000000
3   2.0 0.7395394 0.7000552 0.8435669 -0.1435116 0.007550464 -0.0196435386
           oe         te
1  0.03169944 -0.1652568
2  0.00000000 -0.1707057
3 -0.02653704 -0.1631552

[[1]]
  delta         mu       mu_1       mu_0         de       se_1       se_0
1   0.5 0.02293051 0.02048352 0.02656381 0.02370999 0.01593908 0.02354113
2   1.0 0.01732724 0.01821840 0.01615770 0.01237658 0.00000000 0.00000000
3   2.0 0.03102720 0.03316222 0.02390023 0.02153312 0.02572787 0.01953811
         oe         te
1 0.0202532 0.01653043
2 0.0000000 0.01237658
3 0.0250558 0.03150488

[[2]]
  delta         mu       mu_1       mu_0         de       se_1       se_0
1   0.5 0.02378524 0.01874191 0.02667229 0.01908431 0.01527600 0.02180188
2   1.0 0.01793693 0.01812265 0.01735572 0.01216137 0.00000000 0.00000000
3   2.0 0.03294091 0.03602556 0.02468461 0.02535033 0.02857802 0.01930324
          oe         te
1 0.02003289 0.01438734
2 0.00000000 0.01216137
3 0.02661675 0.03463273

[[3]]
  delta         mu       mu_1       mu_0         de       se_1       se_0
1   0.5 0.02517408 0.01999914 0.02898023 0.02132836 0.01588478 0.02348065
2   1.0 0.01667925 0.01719668 0.01616284 0.01237420 0.00000000 0.00000000
3   2.0 0.02834782 0.03054302 0.02151282 0.02061001 0.02340243 0.01826798
          oe         te
1 0.02080336 0.01553297
2 0.00000000 0.01237420
3 0.02282128 0.02985523

[[4]]
  delta         mu       mu_1       mu_0         de       se_1       se_0
1   0.5 0.02276134 0.02024408 0.02567842 0.02171151 0.01546251 0.02130333
2   1.0 0.01683267 0.01725109 0.01663187 0.01278408 0.00000000 0.00000000
3   2.0 0.03522963 0.04001581 0.02349027 0.03025663 0.03400170 0.02012860
          oe         te
1 0.01902669 0.01651683
2 0.00000000 0.01278408
3 0.03070443 0.03980566

[[5]]
  delta         mu       mu_1       mu_0         de       se_1       se_0
1   0.5 0.02452560 0.01893424 0.03089169 0.02726275 0.01491521 0.02664446
2   1.0 0.01677307 0.01735875 0.01618386 0.01254893 0.00000000 0.00000000
3   2.0 0.02872539 0.03047657 0.02364329 0.02139670 0.02212447 0.01870071
          oe         te
1 0.02070665 0.01490196
2 0.00000000 0.01254893
3 0.02159229 0.02879455

[[6]]
  delta         mu       mu_1       mu_0         de       se_1       se_0
1   0.5 0.02532490 0.01981375 0.02857824 0.02145228 0.01499308 0.02253971
2   1.0 0.01691768 0.01723638 0.01629085 0.01216332 0.00000000 0.00000000
3   2.0 0.02762134 0.02998781 0.02208613 0.02213434 0.02351489 0.01856460
          oe         te
1 0.02016168 0.01463673
2 0.00000000 0.01216332
3 0.02211820 0.02907229

[[7]]
  delta         mu       mu_1       mu_0         de       se_1       se_0
1   0.5 0.02449274 0.02001637 0.02754543 0.02118938 0.01508297 0.02164368
2   1.0 0.01692118 0.01710273 0.01700906 0.01261332 0.00000000 0.00000000
3   2.0 0.02693094 0.02896622 0.02265273 0.02082200 0.02280879 0.01839610
          oe         te
1 0.01945558 0.01597721
2 0.00000000 0.01261332
3 0.02182274 0.02852666

[[8]]
  delta         mu       mu_1       mu_0         de       se_1       se_0
1   0.5 0.02253425 0.01923127 0.02443649 0.01741916 0.01424564 0.01931684
2   1.0 0.01713497 0.01765009 0.01604819 0.01162375 0.00000000 0.00000000
3   2.0 0.03341942 0.03594570 0.02531454 0.02306343 0.02881621 0.02078405
          oe         te
1 0.01777828 0.01444766
2 0.00000000 0.01162375
3 0.02746370 0.03413119

[[9]]
  delta         mu       mu_1       mu_0         de       se_1       se_0
1   0.5 0.02374647 0.01882621 0.02706384 0.02021384 0.01483758 0.02277974
2   1.0 0.01721830 0.01798758 0.01642221 0.01225742 0.00000000 0.00000000
3   2.0 0.03275966 0.03626479 0.02400143 0.02475451 0.02810157 0.01837093
          oe         te
1 0.02045910 0.01424719
2 0.00000000 0.01225742
3 0.02600344 0.03435304

[[10]]
  delta         mu       mu_1       mu_0         de      se_1       se_0
1   0.5 0.02242372 0.01936000 0.02490768 0.01870420 0.0170194 0.02085731
2   1.0 0.01780597 0.01868061 0.01691461 0.01269278 0.0000000 0.00000000
3   2.0 0.03644806 0.03870839 0.03019052 0.02678507 0.0290680 0.02519544
          oe         te
1 0.02014548 0.01603494
2 0.00000000 0.01269278
3 0.02857415 0.03607395

[[11]]
  delta         mu       mu_1       mu_0         de       se_1       se_0
1   0.5 0.02418874 0.02009817 0.02854280 0.02452204 0.01553800 0.02379562
2   1.0 0.01646312 0.01701723 0.01641647 0.01262636 0.00000000 0.00000000
3   2.0 0.03234948 0.03453773 0.02875397 0.02787836 0.02737553 0.02464599
          oe         te
1 0.02040696 0.01590296
2 0.00000000 0.01262636
3 0.02650465 0.03366167

[[12]]
  delta         mu       mu_1       mu_0         de       se_1       se_0
1   0.5 0.02261885 0.01829876 0.02603243 0.02047522 0.01391902 0.02209595
2   1.0 0.01649317 0.01695699 0.01624705 0.01202112 0.00000000 0.00000000
3   2.0 0.02908983 0.03255852 0.02178003 0.02431036 0.02697837 0.01712754
          oe         te
1 0.01934255 0.01458898
2 0.00000000 0.01202112
3 0.02437250 0.03227430

[[13]]
  delta         mu       mu_1       mu_0         de       se_1       se_0
1   0.5 0.02322008 0.01962385 0.02667922 0.02161326 0.01595247 0.02163616
2   1.0 0.01795875 0.01865597 0.01694443 0.01287465 0.00000000 0.00000000
3   2.0 0.03080098 0.03303179 0.02381171 0.02335529 0.02559262 0.01840991
          oe         te
1 0.01933995 0.01585036
2 0.00000000 0.01287465
3 0.02426760 0.03176130

[[14]]
  delta         mu       mu_1       mu_0         de       se_1       se_0
1   0.5 0.02243531 0.01979407 0.02565767 0.02079047 0.01721367 0.02176697
2   1.0 0.01797887 0.01810288 0.01794359 0.01259035 0.00000000 0.00000000
3   2.0 0.03256783 0.03418186 0.02751614 0.02383205 0.02743431 0.02100148
          oe         te
1 0.01989172 0.01730765
2 0.00000000 0.01259035
3 0.02659542 0.03370877

[[15]]
  delta         mu       mu_1       mu_0         de       se_1       se_0
1   0.5 0.02612351 0.02247789 0.03177538 0.03009717 0.01828777 0.02761631
2   1.0 0.01783495 0.01811375 0.01717724 0.01235413 0.00000000 0.00000000
3   2.0 0.03264103 0.03688827 0.02308956 0.02881296 0.03110451 0.01875237
          oe         te
1 0.02235636 0.01855869
2 0.00000000 0.01235413
3 0.02750914 0.03576179

[[16]]
  delta         mu       mu_1       mu_0         de       se_1       se_0
1   0.5 0.02322094 0.01983035 0.02582857 0.01985008 0.01570351 0.02146911
2   1.0 0.01718910 0.01740274 0.01689981 0.01195209 0.00000000 0.00000000
3   2.0 0.03209880 0.03500884 0.02469086 0.02484257 0.03043348 0.02124869
          oe         te
1 0.01935912 0.01669390
2 0.00000000 0.01195209
3 0.02862504 0.03535643

[[17]]
  delta         mu       mu_1       mu_0         de       se_1       se_0
1   0.5 0.02512630 0.01989986 0.02799568 0.01907741 0.01551357 0.02351959
2   1.0 0.01691419 0.01750756 0.01612256 0.01234699 0.00000000 0.00000000
3   2.0 0.03304129 0.03589007 0.02554344 0.02573781 0.02871092 0.02156157
          oe         te
1 0.02123942 0.01471137
2 0.00000000 0.01234699
3 0.02739430 0.03495749

[[18]]
  delta         mu       mu_1       mu_0         de       se_1       se_0
1   0.5 0.02612887 0.02034212 0.03099768 0.02524095 0.01581453 0.02577259
2   1.0 0.01688713 0.01736742 0.01642922 0.01254745 0.00000000 0.00000000
3   2.0 0.02943936 0.03155233 0.02272562 0.01943951 0.02495238 0.01930872
          oe         te
1 0.02220878 0.01549371
2 0.00000000 0.01254745
3 0.02424271 0.03099366

[[19]]
  delta         mu       mu_1       mu_0         de       se_1       se_0
1   0.5 0.02623131 0.02246556 0.02943660 0.02328035 0.01770890 0.02387413
2   1.0 0.01829042 0.01810590 0.01824939 0.01299073 0.00000000 0.00000000
3   2.0 0.03220994 0.03502019 0.02515077 0.02522720 0.02767214 0.01972635
          oe         te
1 0.02137909 0.01762250
2 0.00000000 0.01299073
3 0.02597669 0.03387028

[[20]]
  delta         mu       mu_1       mu_0         de       se_1       se_0
1   0.5 0.02401043 0.01959901 0.02802381 0.02237683 0.01614021 0.02357933
2   1.0 0.01711429 0.01795087 0.01662097 0.01327109 0.00000000 0.00000000
3   2.0 0.03773560 0.04295846 0.02584186 0.03171104 0.03531961 0.02171724
          oe         te
1 0.02061563 0.01576972
2 0.00000000 0.01327109
3 0.03190949 0.04201930

[[1]]
  delta        mu      mu_1      mu_0         de          se_1         se_0
1   0.5 0.8072838 0.6833287 0.8892705 -0.2059417  0.0009298139  0.005990409
2   1.0 0.7713315 0.6823989 0.8832801 -0.2008811  0.0000000000  0.000000000
3   2.0 0.6850934 0.6207490 0.8549865 -0.2342375 -0.0616499046 -0.028293578
           oe         te
1  0.03595229 -0.1999513
2  0.00000000 -0.2008811
3 -0.08623808 -0.2625310

[[2]]
  delta        mu      mu_1      mu_0         de         se_1        se_0
1   0.5 0.7581324 0.6600519 0.8303066 -0.1702547 -0.001284736 0.007491939
2   1.0 0.7278032 0.6613366 0.8228146 -0.1614780  0.000000000 0.000000000
3   2.0 0.7373272 0.6920763 0.8480657 -0.1559895  0.030739666 0.025251115
           oe         te
1 0.030329173 -0.1627627
2 0.000000000 -0.1614780
3 0.009524008 -0.1307383

[[3]]
  delta        mu      mu_1      mu_0         de        se_1         se_0
1   0.5 0.7789293 0.6704994 0.8514970 -0.1809976  0.02286616  0.004575242
2   1.0 0.7317486 0.6476332 0.8469217 -0.1992886  0.00000000  0.000000000
3   2.0 0.6198365 0.5601533 0.7983683 -0.2382150 -0.08747987 -0.048553430
           oe         te
1  0.04718064 -0.1764224
2  0.00000000 -0.1992886
3 -0.11191216 -0.2867684

[[4]]
  delta        mu      mu_1      mu_0         de         se_1          se_0
1   0.5 0.7621127 0.6672257 0.8274171 -0.1601914  0.001432174 -1.753767e-02
2   1.0 0.7449398 0.6657936 0.8449548 -0.1791612  0.000000000  0.000000e+00
3   2.0 0.6971919 0.6353632 0.8449412 -0.2095780 -0.030430383 -1.355496e-05
           oe         te
1  0.01717290 -0.1777290
2  0.00000000 -0.1791612
3 -0.04774793 -0.2095916

[[5]]
  delta        mu      mu_1      mu_0         de        se_1         se_0
1   0.5 0.8155041 0.6920157 0.9008081 -0.2087924  0.01825258 0.0403463224
2   1.0 0.7529768 0.6737631 0.8604618 -0.1866987  0.00000000 0.0000000000
3   2.0 0.7109920 0.6523654 0.8606344 -0.2082690 -0.02139776 0.0001725969
           oe         te
1  0.06252731 -0.1684461
2  0.00000000 -0.1866987
3 -0.04198481 -0.2080965

[[6]]
  delta        mu      mu_1      mu_0         de        se_1         se_0
1   0.5 0.7835510 0.6784900 0.8520717 -0.1735817  0.02615617  0.019622892
2   1.0 0.7281830 0.6523338 0.8324488 -0.1801149  0.00000000  0.000000000
3   2.0 0.6682533 0.6073022 0.8268010 -0.2194988 -0.04503158 -0.005647737
           oe         te
1  0.05536802 -0.1539588
2  0.00000000 -0.1801149
3 -0.05992972 -0.2251465

[[7]]
  delta        mu      mu_1      mu_0         de        se_1          se_0
1   0.5 0.7712356 0.6651215 0.8462619 -0.1811404 0.019454936 -0.0004941285
2   1.0 0.7298102 0.6456666 0.8467561 -0.2010895 0.000000000  0.0000000000
3   2.0 0.6983600 0.6516065 0.8264000 -0.1747935 0.005939973 -0.0203560221
           oe         te
1  0.04142540 -0.1816346
2  0.00000000 -0.2010895
3 -0.03145021 -0.1951495

[[8]]
  delta        mu      mu_1      mu_0         de         se_1        se_0
1   0.5 0.7971377 0.6954088 0.8686356 -0.1732268  0.012205930 0.011522347
2   1.0 0.7585284 0.6832029 0.8571132 -0.1739103  0.000000000 0.000000000
3   2.0 0.7348769 0.6818545 0.8660841 -0.1842296 -0.001348396 0.008970898
           oe         te
1  0.03860926 -0.1617044
2  0.00000000 -0.1739103
3 -0.02365156 -0.1752587

[[9]]
  delta        mu      mu_1      mu_0         de        se_1        se_0
1   0.5 0.7939945 0.6890601 0.8655027 -0.1764427  0.01245281 0.021867178
2   1.0 0.7477343 0.6766072 0.8436355 -0.1670283  0.00000000 0.000000000
3   2.0 0.7141092 0.6633121 0.8467653 -0.1834532 -0.01329516 0.003129729
           oe         te
1  0.04626025 -0.1545755
2  0.00000000 -0.1670283
3 -0.03362508 -0.1803234

[[10]]
  delta        mu      mu_1      mu_0         de          se_1         se_0
1   0.5 0.7719129 0.6948102 0.8278028 -0.1329926  0.0185607021 -0.008726633
2   1.0 0.7435309 0.6762495 0.8365294 -0.1602799  0.0000000000  0.000000000
3   2.0 0.7146620 0.6756094 0.8237841 -0.1481747 -0.0006400931 -0.012745308
           oe         te
1  0.02838206 -0.1417192
2  0.00000000 -0.1602799
3 -0.02886881 -0.1609200

[[11]]
  delta        mu      mu_1      mu_0         de       se_1        se_0
1   0.5 0.7849773 0.6644136 0.8604119 -0.1959983 0.01846496  0.02322613
2   1.0 0.7284721 0.6459486 0.8371858 -0.1912372 0.00000000  0.00000000
3   2.0 0.7081963 0.6741841 0.8000706 -0.1258865 0.02823547 -0.03711516
           oe         te
1  0.05650518 -0.1727722
2  0.00000000 -0.1912372
3 -0.02027578 -0.1630017

[[12]]
  delta        mu      mu_1      mu_0         de        se_1        se_0
1   0.5 0.7882647 0.6760349 0.8600397 -0.1840048  0.02886681  0.02278794
2   1.0 0.7300444 0.6471681 0.8372517 -0.1900837  0.00000000  0.00000000
3   2.0 0.6282906 0.5638085 0.7996858 -0.2358773 -0.08335955 -0.03756597
           oe         te
1  0.05822028 -0.1612169
2  0.00000000 -0.1900837
3 -0.10175387 -0.2734432

[[13]]
  delta        mu      mu_1      mu_0         de         se_1         se_0
1   0.5 0.7828666 0.6995817 0.8424481 -0.1428665  0.005895612 -0.007004964
2   1.0 0.7602921 0.6936860 0.8494531 -0.1557671  0.000000000  0.000000000
3   2.0 0.6990355 0.6473313 0.8385820 -0.1912507 -0.046354777 -0.010871108
           oe         te
1  0.02257444 -0.1498714
2  0.00000000 -0.1557671
3 -0.06125657 -0.2021218

[[14]]
  delta        mu      mu_1      mu_0         de        se_1        se_0
1   0.5 0.7746552 0.6631895 0.8485983 -0.1854088  0.05291410  0.02368238
2   1.0 0.6996350 0.6102754 0.8249160 -0.2146406  0.00000000  0.00000000
3   2.0 0.6116600 0.5498628 0.7958442 -0.2459814 -0.06041265 -0.02907177
           oe         te
1  0.07502019 -0.1617265
2  0.00000000 -0.2146406
3 -0.08797501 -0.2750532

[[15]]
  delta        mu      mu_1      mu_0         de        se_1        se_0
1   0.5 0.8007593 0.6723704 0.8847785 -0.2124080  0.01183220  0.03543652
2   1.0 0.7400331 0.6605382 0.8493419 -0.1888037  0.00000000  0.00000000
3   2.0 0.6875120 0.6386633 0.8253393 -0.1866760 -0.02187492 -0.02400259
           oe         te
1  0.06072626 -0.1769715
2  0.00000000 -0.1888037
3 -0.05252102 -0.2106786

[[16]]
  delta        mu      mu_1      mu_0         de         se_1        se_0
1   0.5 0.7840628 0.6894765 0.8495694 -0.1600928  0.016024323 -0.01169331
2   1.0 0.7557973 0.6734522 0.8612627 -0.1878105  0.000000000  0.00000000
3   2.0 0.7317104 0.6701669 0.8787786 -0.2086117 -0.003285315  0.01751595
           oe         te
1  0.02826551 -0.1717862
2  0.00000000 -0.1878105
3 -0.02408686 -0.1910958

[[17]]
  delta        mu      mu_1      mu_0         de        se_1        se_0
1   0.5 0.8154580 0.7003989 0.8896054 -0.1892064 0.012395037 0.021375891
2   1.0 0.7657708 0.6880039 0.8682295 -0.1802256 0.000000000 0.000000000
3   2.0 0.7415687 0.6891896 0.8771672 -0.1879776 0.001185761 0.008937777
           oe         te
1  0.04968715 -0.1678306
2  0.00000000 -0.1802256
3 -0.02420215 -0.1790398

[[18]]
  delta        mu      mu_1      mu_0         de        se_1        se_0
1   0.5 0.8082807 0.7132858 0.8674562 -0.1541705  0.03197181  0.01161145
2   1.0 0.7585746 0.6813140 0.8558448 -0.1745308  0.00000000  0.00000000
3   2.0 0.7155757 0.6667044 0.8365206 -0.1698162 -0.01460953 -0.01932415
           oe         te
1  0.04970609 -0.1425590
2  0.00000000 -0.1745308
3 -0.04299891 -0.1891403

[[19]]
  delta        mu      mu_1      mu_0         de        se_1         se_0
1   0.5 0.7992601 0.6963864 0.8637687 -0.1673823  0.02293944  0.004173685
2   1.0 0.7549393 0.6734470 0.8595951 -0.1861481  0.00000000  0.000000000
3   2.0 0.6996830 0.6458216 0.8452788 -0.1994572 -0.02762542 -0.014316252
           oe         te
1  0.04432081 -0.1632086
2  0.00000000 -0.1861481
3 -0.05525636 -0.2137735

[[20]]
  delta        mu      mu_1      mu_0         de        se_1          se_0
1   0.5 0.8008909 0.7013977 0.8662481 -0.1648505 0.006871041  0.0002786501
2   1.0 0.7688946 0.6945266 0.8659695 -0.1714429 0.000000000  0.0000000000
3   2.0 0.7382670 0.6980156 0.8441212 -0.1461056 0.003488992 -0.0218483066
           oe         te
1  0.03199628 -0.1645718
2  0.00000000 -0.1714429
3 -0.03062764 -0.1679539

[[1]]
  delta         mu       mu_1       mu_0         de       se_1       se_0
1   0.5 0.02258656 0.02040364 0.02616329 0.02352339 0.01599169 0.02349706
2   1.0 0.01730454 0.01822830 0.01607035 0.01231127 0.00000000 0.00000000
3   2.0 0.03058967 0.03275738 0.02360619 0.02147848 0.02532434 0.01913561
          oe         te
1 0.02025359 0.01659599
2 0.00000000 0.01231127
3 0.02452814 0.03103399

[[2]]
  delta         mu       mu_1       mu_0         de       se_1       se_0
1   0.5 0.02374680 0.01872453 0.02663102 0.01907470 0.01526488 0.02177097
2   1.0 0.01789699 0.01809046 0.01732489 0.01216095 0.00000000 0.00000000
3   2.0 0.03293559 0.03603467 0.02465488 0.02535792 0.02858692 0.01928608
          oe         te
1 0.01999838 0.01438339
2 0.00000000 0.01216095
3 0.02661718 0.03464336

[[3]]
  delta         mu       mu_1       mu_0         de       se_1       se_0
1   0.5 0.02501430 0.02000583 0.02879493 0.02142189 0.01597626 0.02333512
2   1.0 0.01672004 0.01724914 0.01615940 0.01236606 0.00000000 0.00000000
3   2.0 0.02853935 0.03070894 0.02161648 0.02072754 0.02347883 0.01830710
          oe         te
1 0.02071397 0.01559816
2 0.00000000 0.01236606
3 0.02290246 0.02989242

[[4]]
  delta         mu       mu_1       mu_0         de       se_1       se_0
1   0.5 0.02273438 0.02022520 0.02563896 0.02167309 0.01545547 0.02124423
2   1.0 0.01684050 0.01726193 0.01663544 0.01279436 0.00000000 0.00000000
3   2.0 0.03531869 0.04009445 0.02351558 0.03032002 0.03404457 0.02014348
          oe         te
1 0.01900084 0.01649618
2 0.00000000 0.01279436
3 0.03076249 0.03986430

[[5]]
  delta         mu       mu_1       mu_0         de       se_1       se_0
1   0.5 0.02546091 0.01897687 0.03341293 0.03037222 0.01502696 0.02955967
2   1.0 0.01667048 0.01731546 0.01603065 0.01254731 0.00000000 0.00000000
3   2.0 0.02874729 0.03054210 0.02349591 0.02137765 0.02217650 0.01859918
          oe         te
1 0.02190482 0.01502843
2 0.00000000 0.01254731
3 0.02160533 0.02883572

[[6]]
  delta         mu       mu_1       mu_0         de       se_1       se_0
1   0.5 0.02534694 0.01980062 0.02860900 0.02140846 0.01507447 0.02262912
2   1.0 0.01695548 0.01728993 0.01629348 0.01217339 0.00000000 0.00000000
3   2.0 0.02779896 0.03015569 0.02219925 0.02214959 0.02366355 0.01869245
          oe         te
1 0.02026354 0.01459194
2 0.00000000 0.01217339
3 0.02228561 0.02926648

[[7]]
  delta         mu       mu_1       mu_0         de       se_1       se_0
1   0.5 0.02445857 0.02000578 0.02755643 0.02134937 0.01514078 0.02169218
2   1.0 0.01681314 0.01703767 0.01687799 0.01260249 0.00000000 0.00000000
3   2.0 0.02691366 0.02884311 0.02264878 0.02057513 0.02258560 0.01843366
          oe         te
1 0.01945233 0.01611242
2 0.00000000 0.01260249
3 0.02170763 0.02828598

[[8]]
  delta         mu       mu_1       mu_0         de       se_1       se_0
1   0.5 0.02273146 0.01926345 0.02464397 0.01747543 0.01435771 0.01951863
2   1.0 0.01718793 0.01769591 0.01610846 0.01165418 0.00000000 0.00000000
3   2.0 0.03363508 0.03623066 0.02534245 0.02328677 0.02918972 0.02086900
          oe         te
1 0.01803916 0.01443407
2 0.00000000 0.01165418
3 0.02779816 0.03454743

[[9]]
  delta         mu       mu_1       mu_0         de       se_1       se_0
1   0.5 0.02343785 0.01869819 0.02676224 0.02018920 0.01483643 0.02264228
2   1.0 0.01730080 0.01809613 0.01643252 0.01225606 0.00000000 0.00000000
3   2.0 0.03338085 0.03692371 0.02420206 0.02505919 0.02865485 0.01843058
          oe         te
1 0.02032557 0.01426728
2 0.00000000 0.01225606
3 0.02650927 0.03490216

[[10]]
  delta         mu       mu_1       mu_0         de       se_1       se_0
1   0.5 0.02283325 0.01978164 0.02531271 0.01876912 0.01731789 0.02113199
2   1.0 0.01777890 0.01870932 0.01680589 0.01268312 0.00000000 0.00000000
3   2.0 0.03642854 0.03870350 0.02998289 0.02647079 0.02901539 0.02498913
          oe         te
1 0.02041028 0.01635719
2 0.00000000 0.01268312
3 0.02850268 0.03596067

[[11]]
  delta         mu       mu_1       mu_0         de       se_1       se_0
1   0.5 0.02408754 0.02000449 0.02847175 0.02456502 0.01544837 0.02377999
2   1.0 0.01645799 0.01704180 0.01634903 0.01260771 0.00000000 0.00000000
3   2.0 0.03215835 0.03432975 0.02871693 0.02784482 0.02719138 0.02454962
          oe         te
1 0.02036719 0.01583775
2 0.00000000 0.01260771
3 0.02629380 0.03345419

[[12]]
  delta         mu       mu_1       mu_0         de       se_1       se_0
1   0.5 0.02243516 0.01813362 0.02587661 0.02049283 0.01382692 0.02219052
2   1.0 0.01638209 0.01681826 0.01620315 0.01201882 0.00000000 0.00000000
3   2.0 0.02989291 0.03371803 0.02187775 0.02548177 0.02838999 0.01722550
          oe         te
1 0.01934887 0.01465662
2 0.00000000 0.01201882
3 0.02541003 0.03356576

[[13]]
  delta         mu       mu_1       mu_0         de       se_1       se_0
1   0.5 0.02302892 0.01956466 0.02629005 0.02117577 0.01597186 0.02147523
2   1.0 0.01814250 0.01884987 0.01701977 0.01288976 0.00000000 0.00000000
3   2.0 0.03099256 0.03317691 0.02395920 0.02335197 0.02562609 0.01837236
          oe         te
1 0.01933934 0.01581381
2 0.00000000 0.01288976
3 0.02428518 0.03177728

[[14]]
  delta         mu       mu_1       mu_0         de       se_1       se_0
1   0.5 0.02238747 0.01982574 0.02561603 0.02075479 0.01732701 0.02167594
2   1.0 0.01809006 0.01823937 0.01801444 0.01262183 0.00000000 0.00000000
3   2.0 0.03264757 0.03424746 0.02763072 0.02394833 0.02744622 0.02103437
          oe         te
1 0.01987109 0.01737783
2 0.00000000 0.01262183
3 0.02658787 0.03371442

[[15]]
  delta         mu       mu_1       mu_0         de       se_1       se_0
1   0.5 0.02603151 0.02244455 0.03179151 0.03023477 0.01826673 0.02763869
2   1.0 0.01785172 0.01814643 0.01716970 0.01234482 0.00000000 0.00000000
3   2.0 0.03274430 0.03706221 0.02299051 0.02897765 0.03128522 0.01865158
          oe         te
1 0.02227674 0.01849514
2 0.00000000 0.01234482
3 0.02763523 0.03597971

[[16]]
  delta         mu       mu_1       mu_0         de       se_1       se_0
1   0.5 0.02340652 0.01992053 0.02596869 0.01962534 0.01577794 0.02157778
2   1.0 0.01721255 0.01745746 0.01689665 0.01199092 0.00000000 0.00000000
3   2.0 0.03265840 0.03577573 0.02503245 0.02555906 0.03109700 0.02179827
          oe         te
1 0.01946120 0.01678657
2 0.00000000 0.01199092
3 0.02919178 0.03615503

[[17]]
  delta         mu       mu_1       mu_0         de       se_1       se_0
1   0.5 0.02531250 0.01990013 0.02824980 0.01925732 0.01553142 0.02366907
2   1.0 0.01685582 0.01747421 0.01606702 0.01236115 0.00000000 0.00000000
3   2.0 0.03291174 0.03579976 0.02554391 0.02590645 0.02866692 0.02170676
          oe         te
1 0.02139132 0.01461719
2 0.00000000 0.01236115
3 0.02734043 0.03489253

[[18]]
  delta         mu       mu_1       mu_0         de      se_1       se_0
1   0.5 0.02619875 0.02030912 0.03109342 0.02527915 0.0158251 0.02590636
2   1.0 0.01692358 0.01741521 0.01643097 0.01255376 0.0000000 0.00000000
3   2.0 0.02958717 0.03171330 0.02279893 0.01951897 0.0250764 0.01936972
          oe         te
1 0.02232780 0.01543647
2 0.00000000 0.01255376
3 0.02435522 0.03113374

[[19]]
  delta         mu       mu_1       mu_0         de       se_1       se_0
1   0.5 0.02604423 0.02243254 0.02923904 0.02326603 0.01788361 0.02405084
2   1.0 0.01827052 0.01817188 0.01812713 0.01298522 0.00000000 0.00000000
3   2.0 0.03264062 0.03553500 0.02494941 0.02547611 0.02805471 0.01970195
          oe         te
1 0.02156202 0.01763689
2 0.00000000 0.01298522
3 0.02637535 0.03431033

[[20]]
  delta         mu       mu_1       mu_0         de       se_1       se_0
1   0.5 0.02409793 0.01979273 0.02818434 0.02242108 0.01621164 0.02365042
2   1.0 0.01744319 0.01818440 0.01688550 0.01319863 0.00000000 0.00000000
3   2.0 0.03796705 0.04327041 0.02598070 0.03181462 0.03559853 0.02164497
          oe         te
1 0.02056220 0.01583920
2 0.00000000 0.01319863
3 0.03200296 0.04213339

[1] "Total run time was 2742.35 seconds"
