Warning message:
package ‘SuperLearner’ was built under R version 4.1.3 
[1] "[Simulation setting]"
[1] "n: 500"
[1] "deltas: 0.5, 1, 2"
[1] "K: 2"
[1] "r: 100"
[1] "s: 1"
[1] "Sim.id 1"
[1] "Data generated and format changed"
[1] "   Split: 1"
Loading required namespace: nnet
Loading required namespace: ranger
[1] "   Split: 2"
[1] "Estimates and SE estimates computed"
[1] ""
[1] "Sim.id 2"
[1] "Data generated and format changed"
[1] "   Split: 1"
[1] "   Split: 2"
[1] "Estimates and SE estimates computed"
[1] ""
[1] "Sim.id 3"
[1] "Data generated and format changed"
[1] "   Split: 1"
[1] "   Split: 2"
[1] "Estimates and SE estimates computed"
[1] ""
[1] "Sim.id 4"
[1] "Data generated and format changed"
[1] "   Split: 1"
[1] "   Split: 2"
[1] "Estimates and SE estimates computed"
[1] ""
[1] "Sim.id 5"
[1] "Data generated and format changed"
[1] "   Split: 1"
[1] "   Split: 2"
[1] "Estimates and SE estimates computed"
[1] ""
[1] "Sim.id 6"
[1] "Data generated and format changed"
[1] "   Split: 1"
[1] "   Split: 2"
[1] "Estimates and SE estimates computed"
[1] ""
[1] "Sim.id 7"
[1] "Data generated and format changed"
[1] "   Split: 1"
[1] "   Split: 2"
[1] "Estimates and SE estimates computed"
[1] ""
[1] "Sim.id 8"
[1] "Data generated and format changed"
[1] "   Split: 1"
[1] "   Split: 2"
[1] "Estimates and SE estimates computed"
[1] ""
[1] "Sim.id 9"
[1] "Data generated and format changed"
[1] "   Split: 1"
[1] "   Split: 2"
[1] "Estimates and SE estimates computed"
[1] ""
[1] "Sim.id 10"
[1] "Data generated and format changed"
[1] "   Split: 1"
[1] "   Split: 2"
[1] "Estimates and SE estimates computed"
[1] ""
[1] "Sim.id 11"
[1] "Data generated and format changed"
[1] "   Split: 1"
[1] "   Split: 2"
[1] "Estimates and SE estimates computed"
[1] ""
[1] "Sim.id 12"
[1] "Data generated and format changed"
[1] "   Split: 1"
[1] "   Split: 2"
[1] "Estimates and SE estimates computed"
[1] ""
[1] "Sim.id 13"
[1] "Data generated and format changed"
[1] "   Split: 1"
[1] "   Split: 2"
[1] "Estimates and SE estimates computed"
[1] ""
[1] "Sim.id 14"
[1] "Data generated and format changed"
[1] "   Split: 1"
[1] "   Split: 2"
[1] "Estimates and SE estimates computed"
[1] ""
[1] "Sim.id 15"
[1] "Data generated and format changed"
[1] "   Split: 1"
[1] "   Split: 2"
[1] "Estimates and SE estimates computed"
[1] ""
[1] "Sim.id 16"
[1] "Data generated and format changed"
[1] "   Split: 1"
[1] "   Split: 2"
[1] "Estimates and SE estimates computed"
[1] ""
[1] "Sim.id 17"
[1] "Data generated and format changed"
[1] "   Split: 1"
[1] "   Split: 2"
[1] "Estimates and SE estimates computed"
[1] ""
[1] "Sim.id 18"
[1] "Data generated and format changed"
[1] "   Split: 1"
[1] "   Split: 2"
[1] "Estimates and SE estimates computed"
[1] ""
[1] "Sim.id 19"
[1] "Data generated and format changed"
[1] "   Split: 1"
[1] "   Split: 2"
[1] "Estimates and SE estimates computed"
[1] ""
[1] "Sim.id 20"
[1] "Data generated and format changed"
[1] "   Split: 1"
[1] "   Split: 2"
[1] "Estimates and SE estimates computed"
[1] ""
[[1]]
  delta        mu      mu_1      mu_0         de         se_1        se_0
1   0.5 0.7983897 0.6863711 0.8766842 -0.1903130  0.009989139  0.01928513
2   1.0 0.7526120 0.6763820 0.8573990 -0.1810170  0.000000000  0.00000000
3   2.0 0.7132696 0.6658244 0.8392919 -0.1734674 -0.010557560 -0.01810716
           oe         te
1  0.04577777 -0.1710279
2  0.00000000 -0.1810170
3 -0.03934239 -0.1915746

[[2]]
  delta        mu      mu_1      mu_0         de         se_1         se_0
1   0.5 0.7832038 0.6688358 0.8644560 -0.1956202 -0.001286164 -0.000567626
2   1.0 0.7523139 0.6701219 0.8650236 -0.1949017  0.000000000  0.000000000
3   2.0 0.6691018 0.6148075 0.8221308 -0.2073232 -0.055314390 -0.042892853
           oe         te
1  0.03088987 -0.1961879
2  0.00000000 -0.1949017
3 -0.08321210 -0.2502161

[[3]]
  delta        mu      mu_1      mu_0         de        se_1        se_0
1   0.5 0.8358093 0.7139815 0.9052483 -0.1912668  0.04489754  0.04579523
2   1.0 0.7528771 0.6690840 0.8594530 -0.1903691  0.00000000  0.00000000
3   2.0 0.6859004 0.6325634 0.8314732 -0.1989099 -0.03652056 -0.02797978
           oe         te
1  0.08293224 -0.1454715
2  0.00000000 -0.1903691
3 -0.06697668 -0.2268896

[[4]]
  delta        mu      mu_1      mu_0         de        se_1        se_0
1   0.5 0.8102856 0.6803280 0.8916882 -0.2113602  0.02901978  0.04616683
2   1.0 0.7343512 0.6513082 0.8455214 -0.1942132  0.00000000  0.00000000
3   2.0 0.6619581 0.6054312 0.8158370 -0.2104058 -0.04587698 -0.02968440
           oe         te
1  0.07593446 -0.1651934
2  0.00000000 -0.1942132
3 -0.07239303 -0.2400902

[[5]]
  delta        mu      mu_1      mu_0         de       se_1        se_0
1   0.5 0.7831866 0.6869068 0.8563421 -0.1694353 0.01105677  0.01176687
2   1.0 0.7448747 0.6758501 0.8445753 -0.1687252 0.00000000  0.00000000
3   2.0 0.7209493 0.6837281 0.8321075 -0.1483794 0.00787802 -0.01246775
           oe         te
1  0.03831196 -0.1576684
2  0.00000000 -0.1687252
3 -0.02392536 -0.1608472

[[6]]
  delta        mu      mu_1      mu_0         de       se_1        se_0
1   0.5 0.8015483 0.6983929 0.8749629 -0.1765699 0.01173953 0.005455567
2   1.0 0.7632794 0.6866534 0.8695073 -0.1828539 0.00000000 0.000000000
3   2.0 0.7675806 0.7243695 0.8836140 -0.1592445 0.03771612 0.014106682
           oe         te
1 0.038268876 -0.1711144
2 0.000000000 -0.1828539
3 0.004301254 -0.1451378

[[7]]
  delta        mu      mu_1      mu_0         de         se_1        se_0
1   0.5 0.8282092 0.7156205 0.8974346 -0.1818141  0.029823190  0.01857571
2   1.0 0.7710323 0.6857973 0.8788589 -0.1930616  0.000000000  0.00000000
3   2.0 0.7337798 0.6780539 0.8671652 -0.1891113 -0.007743406 -0.01169368
           oe         te
1  0.05717694 -0.1632384
2  0.00000000 -0.1930616
3 -0.03725245 -0.2008050

[[8]]
  delta        mu      mu_1      mu_0         de        se_1          se_0
1   0.5 0.7835161 0.6833429 0.8509480 -0.1676052 -0.00458947 -0.0003303862
2   1.0 0.7581933 0.6879324 0.8512784 -0.1633461  0.00000000  0.0000000000
3   2.0 0.6944223 0.6445910 0.8297701 -0.1851791 -0.04334133 -0.0215083502
           oe         te
1  0.02532283 -0.1679355
2  0.00000000 -0.1633461
3 -0.06377099 -0.2066874

[[9]]
  delta        mu      mu_1      mu_0         de        se_1        se_0
1   0.5 0.8042397 0.7023454 0.8717120 -0.1693666 0.024965569 0.006410803
2   1.0 0.7608233 0.6773798 0.8653012 -0.1879213 0.000000000 0.000000000
3   2.0 0.7416377 0.6870963 0.8692501 -0.1821538 0.009716439 0.003948926
           oe         te
1  0.04341632 -0.1629558
2  0.00000000 -0.1879213
3 -0.01918559 -0.1782049

[[10]]
  delta        mu      mu_1      mu_0         de         se_1         se_0
1   0.5 0.7926200 0.6861647 0.8564085 -0.1702438  0.028111928  0.002192775
2   1.0 0.7463202 0.6580527 0.8542157 -0.1961630  0.000000000  0.000000000
3   2.0 0.7108443 0.6521494 0.8514083 -0.1992589 -0.005903368 -0.002807415
           oe         te
1  0.04629973 -0.1680510
2  0.00000000 -0.1961630
3 -0.03547596 -0.2020663

[[11]]
  delta        mu      mu_1      mu_0         de        se_1        se_0
1   0.5 0.7987548 0.7029652 0.8636099 -0.1606447  0.01025088 -0.01944474
2   1.0 0.7752489 0.6927143 0.8830546 -0.1903403  0.00000000  0.00000000
3   2.0 0.7015280 0.6365636 0.8644919 -0.2279282 -0.05615067 -0.01856278
           oe         te
1  0.02350595 -0.1800895
2  0.00000000 -0.1903403
3 -0.07372086 -0.2464910

[[12]]
  delta        mu      mu_1      mu_0         de        se_1         se_0
1   0.5 0.8218417 0.6932841 0.9063989 -0.2131148 0.001569237  0.029441798
2   1.0 0.7703534 0.6917149 0.8769572 -0.1852423 0.000000000  0.000000000
3   2.0 0.7507414 0.7041058 0.8679634 -0.1638576 0.012390925 -0.008993791
           oe         te
1  0.05148830 -0.1836731
2  0.00000000 -0.1852423
3 -0.01961205 -0.1728514

[[13]]
  delta        mu      mu_1      mu_0         de        se_1        se_0
1   0.5 0.8271337 0.7172314 0.9011439 -0.1839125  0.03980949  0.05952259
2   1.0 0.7474647 0.6774219 0.8416213 -0.1641994  0.00000000  0.00000000
3   2.0 0.6998448 0.6504567 0.8256712 -0.1752145 -0.02696514 -0.01595006
           oe         te
1  0.07966896 -0.1243899
2  0.00000000 -0.1641994
3 -0.04761988 -0.1911646

[[14]]
  delta        mu      mu_1      mu_0         de         se_1         se_0
1   0.5 0.7659711 0.6658723 0.8343147 -0.1684423  0.007703331 -0.016783176
2   1.0 0.7417237 0.6581690 0.8510978 -0.1929288  0.000000000  0.000000000
3   2.0 0.6921144 0.6301475 0.8593889 -0.2292414 -0.028021537  0.008291035
           oe         te
1  0.02424740 -0.1852255
2  0.00000000 -0.1929288
3 -0.04960923 -0.2209504

[[15]]
  delta        mu      mu_1      mu_0         de        se_1        se_0
1   0.5 0.8241490 0.7024772 0.9016181 -0.1991409  0.02673523  0.02762656
2   1.0 0.7610533 0.6757420 0.8739916 -0.1982496  0.00000000  0.00000000
3   2.0 0.7232757 0.6707978 0.8638048 -0.1930070 -0.00494415 -0.01018678
           oe         te
1  0.06309574 -0.1715144
2  0.00000000 -0.1982496
3 -0.03777761 -0.2031938

[[16]]
  delta        mu      mu_1      mu_0         de        se_1        se_0
1   0.5 0.7965257 0.6958316 0.8662622 -0.1704305  0.03633395  0.01377648
2   1.0 0.7429815 0.6594977 0.8524857 -0.1929880  0.00000000  0.00000000
3   2.0 0.6480449 0.5820587 0.8244570 -0.2423983 -0.07743894 -0.02802867
           oe         te
1  0.05354415 -0.1566541
2  0.00000000 -0.1929880
3 -0.09493669 -0.2704269

[[17]]
  delta        mu      mu_1      mu_0         de        se_1        se_0
1   0.5 0.8129824 0.7198918 0.8831116 -0.1632198  0.02808597  0.01488079
2   1.0 0.7655110 0.6918059 0.8682308 -0.1764249  0.00000000  0.00000000
3   2.0 0.7031194 0.6561945 0.8306994 -0.1745048 -0.03561134 -0.03753144
           oe         te
1  0.04747138 -0.1483390
2  0.00000000 -0.1764249
3 -0.06239162 -0.2120363

[[18]]
  delta        mu      mu_1      mu_0         de         se_1        se_0
1   0.5 0.7893723 0.6675932 0.8701638 -0.2025706  0.005669596  0.03810575
2   1.0 0.7343099 0.6619236 0.8320580 -0.1701344  0.000000000  0.00000000
3   2.0 0.7054954 0.6587801 0.8208725 -0.1620924 -0.003143514 -0.01118552
           oe         te
1  0.05506231 -0.1644648
2  0.00000000 -0.1701344
3 -0.02881458 -0.1732779

[[19]]
  delta        mu      mu_1      mu_0         de        se_1        se_0
1   0.5 0.7770033 0.6807164 0.8467326 -0.1660162 0.008625372 -0.01554547
2   1.0 0.7523409 0.6720911 0.8622781 -0.1901870 0.000000000  0.00000000
3   2.0 0.7507871 0.6945979 0.8888635 -0.1942656 0.022506799  0.02658538
            oe         te
1  0.024662371 -0.1815617
2  0.000000000 -0.1901870
3 -0.001553826 -0.1676802

[[20]]
  delta        mu      mu_1      mu_0         de        se_1         se_0
1   0.5 0.7762825 0.6884556 0.8398208 -0.1513653  0.01343661 -0.015334578
2   1.0 0.7530947 0.6750190 0.8551554 -0.1801364  0.00000000  0.000000000
3   2.0 0.7169447 0.6577119 0.8620862 -0.2043743 -0.01730705  0.006930762
           oe         te
1  0.02318774 -0.1666998
2  0.00000000 -0.1801364
3 -0.03615005 -0.1974435

[[1]]
  delta         mu       mu_1       mu_0         de       se_1       se_0
1   0.5 0.02236954 0.02059419 0.02624919 0.02440946 0.01711584 0.02148671
2   1.0 0.01712671 0.01782179 0.01683048 0.01294016 0.00000000 0.00000000
3   2.0 0.03426475 0.03714414 0.02688616 0.02586003 0.02932919 0.02235483
          oe         te
1 0.01883913 0.01703868
2 0.00000000 0.01294016
3 0.02820590 0.03627256

[[2]]
  delta         mu       mu_1       mu_0         de       se_1       se_0
1   0.5 0.02158708 0.02016807 0.02421532 0.02159632 0.01820817 0.02182897
2   1.0 0.01734108 0.01785936 0.01644936 0.01165587 0.00000000 0.00000000
3   2.0 0.03591143 0.03861563 0.02724495 0.02573993 0.03207496 0.02169618
          oe         te
1 0.02025852 0.01773880
2 0.00000000 0.01165587
3 0.02999731 0.03696815

[[3]]
  delta         mu       mu_1       mu_0         de       se_1       se_0
1   0.5 0.02885722 0.02075615 0.03376416 0.02483824 0.01675304 0.02890594
2   1.0 0.01682936 0.01703068 0.01667726 0.01238719 0.00000000 0.00000000
3   2.0 0.02932409 0.03186682 0.02438486 0.02493119 0.02473699 0.02053625
          oe         te
1 0.02491713 0.01656559
2 0.00000000 0.01238719
3 0.02381198 0.03144090

[[4]]
  delta         mu       mu_1       mu_0         de       se_1       se_0
1   0.5 0.02535901 0.02096715 0.02870816 0.02160424 0.01540978 0.02206129
2   1.0 0.01707006 0.01781417 0.01666558 0.01259626 0.00000000 0.00000000
3   2.0 0.02950340 0.03123179 0.02432435 0.02030853 0.02418728 0.02079354
          oe         te
1 0.01988781 0.01521794
2 0.00000000 0.01259626
3 0.02408672 0.03049618

[[5]]
  delta         mu       mu_1       mu_0         de       se_1       se_0
1   0.5 0.02426000 0.02014978 0.02777742 0.02277433 0.01740442 0.02428082
2   1.0 0.01712914 0.01749779 0.01671054 0.01288873 0.00000000 0.00000000
3   2.0 0.03604272 0.03854158 0.02653379 0.02426764 0.03106379 0.02237555
          oe         te
1 0.02182954 0.01813795
2 0.00000000 0.01288873
3 0.03019539 0.03747491

[[6]]
  delta         mu       mu_1       mu_0         de       se_1       se_0
1   0.5 0.02326552 0.01912443 0.02585509 0.01922903 0.01499467 0.02152260
2   1.0 0.01792160 0.01864453 0.01690092 0.01268742 0.00000000 0.00000000
3   2.0 0.03213992 0.03525085 0.02533784 0.02681880 0.02820701 0.01940748
          oe         te
1 0.01968707 0.01513572
2 0.00000000 0.01268742
3 0.02598232 0.03393930

[[7]]
  delta         mu       mu_1       mu_0         de       se_1       se_0
1   0.5 0.02404144 0.02274290 0.02740080 0.02612928 0.02012018 0.02164360
2   1.0 0.01765587 0.01789784 0.01753310 0.01308713 0.00000000 0.00000000
3   2.0 0.03324428 0.03590994 0.02581628 0.02287731 0.02835378 0.02179883
          oe         te
1 0.02012293 0.02031756
2 0.00000000 0.01308713
3 0.02743613 0.03546666

[[8]]
  delta         mu       mu_1       mu_0         de       se_1       se_0
1   0.5 0.02560202 0.02120137 0.02846978 0.02183107 0.01567775 0.02275585
2   1.0 0.01764259 0.01801672 0.01700106 0.01217817 0.00000000 0.00000000
3   2.0 0.03202888 0.03556688 0.02416658 0.02668181 0.02844716 0.02017746
          oe         te
1 0.02031670 0.01567321
2 0.00000000 0.01217817
3 0.02626562 0.03419287

[[9]]
  delta         mu       mu_1       mu_0         de       se_1       se_0
1   0.5 0.02293824 0.01973338 0.02653324 0.02246477 0.01564828 0.02232301
2   1.0 0.01730979 0.01790729 0.01683230 0.01250206 0.00000000 0.00000000
3   2.0 0.03340133 0.03632807 0.02515579 0.02457734 0.02964538 0.02032211
          oe         te
1 0.01992763 0.01573993
2 0.00000000 0.01250206
3 0.02777662 0.03496114

[[10]]
  delta         mu       mu_1       mu_0         de       se_1       se_0
1   0.5 0.02395103 0.01930941 0.02792702 0.02255621 0.01565973 0.02337859
2   1.0 0.01670554 0.01748649 0.01616640 0.01289619 0.00000000 0.00000000
3   2.0 0.03196665 0.03526443 0.02370851 0.02485052 0.02790884 0.01951580
          oe         te
1 0.02024521 0.01548895
2 0.00000000 0.01289619
3 0.02621574 0.03444084

[[11]]
  delta         mu       mu_1       mu_0         de       se_1       se_0
1   0.5 0.02469233 0.02098244 0.02826755 0.02133061 0.01745479 0.02308468
2   1.0 0.01847476 0.01895916 0.01779161 0.01290643 0.00000000 0.00000000
3   2.0 0.03342214 0.03540889 0.02665350 0.02343757 0.02694956 0.02117827
          oe         te
1 0.02107374 0.01624637
2 0.00000000 0.01290643
3 0.02604523 0.03312127

[[12]]
  delta         mu       mu_1       mu_0         de       se_1       se_0
1   0.5 0.02306588 0.01949415 0.02591764 0.02066615 0.01498965 0.02184654
2   1.0 0.01713826 0.01760673 0.01638794 0.01272786 0.00000000 0.00000000
3   2.0 0.03158424 0.03436520 0.02405326 0.02476467 0.02858219 0.01943517
          oe         te
1 0.01947413 0.01496528
2 0.00000000 0.01272786
3 0.02659008 0.03402252

[[13]]
  delta         mu       mu_1       mu_0         de       se_1       se_0
1   0.5 0.02210274 0.01879102 0.02534305 0.02099831 0.01523972 0.02275554
2   1.0 0.01758004 0.01800432 0.01687867 0.01184709 0.00000000 0.00000000
3   2.0 0.03366403 0.03734390 0.02447038 0.02947416 0.03140143 0.01886778
          oe         te
1 0.01968014 0.01477426
2 0.00000000 0.01184709
3 0.02853972 0.03694963

[[14]]
  delta         mu       mu_1       mu_0         de       se_1       se_0
1   0.5 0.02270387 0.01939573 0.02560219 0.02106698 0.01592162 0.02137851
2   1.0 0.01785855 0.01841517 0.01701302 0.01260440 0.00000000 0.00000000
3   2.0 0.02997153 0.03268691 0.02356110 0.02428755 0.02473079 0.01829954
          oe         te
1 0.01956070 0.01581636
2 0.00000000 0.01260440
3 0.02324876 0.03121720

[[15]]
  delta         mu       mu_1       mu_0         de       se_1       se_0
1   0.5 0.02497866 0.01932600 0.02819860 0.02009691 0.01519445 0.02199067
2   1.0 0.01732718 0.01760542 0.01689516 0.01242336 0.00000000 0.00000000
3   2.0 0.03097771 0.03347332 0.02368249 0.02275749 0.02626280 0.01967648
          oe         te
1 0.02003354 0.01416111
2 0.00000000 0.01242336
3 0.02510057 0.03250561

[[16]]
  delta         mu       mu_1       mu_0         de       se_1       se_0
1   0.5 0.02157693 0.01870620 0.02429226 0.01904185 0.01407711 0.02008889
2   1.0 0.01659439 0.01703084 0.01626223 0.01239306 0.00000000 0.00000000
3   2.0 0.02798536 0.03113335 0.02238153 0.02636686 0.02488939 0.01877343
          oe         te
1 0.01788456 0.01514463
2 0.00000000 0.01239306
3 0.02322107 0.03172988

[[17]]
  delta         mu       mu_1       mu_0         de       se_1       se_0
1   0.5 0.02532916 0.02018622 0.02893608 0.02265689 0.01707706 0.02452479
2   1.0 0.01723736 0.01786953 0.01649244 0.01287861 0.00000000 0.00000000
3   2.0 0.02767970 0.02993073 0.02162783 0.02032076 0.02314737 0.01742909
          oe         te
1 0.02224884 0.01620168
2 0.00000000 0.01287861
3 0.02218410 0.02966139

[[18]]
  delta         mu       mu_1       mu_0         de       se_1       se_0
1   0.5 0.02193968 0.01945622 0.02425583 0.01933554 0.01464901 0.02022010
2   1.0 0.01767110 0.01817884 0.01701008 0.01216142 0.00000000 0.00000000
3   2.0 0.03437677 0.03618762 0.02921825 0.02427884 0.02786536 0.02294658
          oe         te
1 0.01807921 0.01566886
2 0.00000000 0.01216142
3 0.02708970 0.03365823

[[19]]
  delta         mu       mu_1       mu_0         de       se_1       se_0
1   0.5 0.02353743 0.01908145 0.02727628 0.02245737 0.01625834 0.02418718
2   1.0 0.01791663 0.01873613 0.01686556 0.01276794 0.00000000 0.00000000
3   2.0 0.03493642 0.03807956 0.02514051 0.02682385 0.03075997 0.01984943
          oe         te
1 0.02169013 0.01603699
2 0.00000000 0.01276794
3 0.02838863 0.03635307

[[20]]
  delta         mu       mu_1       mu_0         de       se_1       se_0
1   0.5 0.02501124 0.02188290 0.02730823 0.02061659 0.01823514 0.02335382
2   1.0 0.01795970 0.01912995 0.01677561 0.01332873 0.00000000 0.00000000
3   2.0 0.03649750 0.04328289 0.02624343 0.03807244 0.03609497 0.02172360
          oe         te
1 0.02183294 0.01738161
2 0.00000000 0.01332873
3 0.03030148 0.04210597

[[1]]
  delta        mu      mu_1      mu_0         de         se_1        se_0
1   0.5 0.7999152 0.6864458 0.8778283 -0.1913826  0.008848263  0.01908332
2   1.0 0.7541388 0.6775975 0.8587450 -0.1811475  0.000000000  0.00000000
3   2.0 0.7147177 0.6674980 0.8394453 -0.1719473 -0.010099470 -0.01929973
           oe         te
1  0.04577634 -0.1722993
2  0.00000000 -0.1811475
3 -0.03942107 -0.1912470

[[2]]
  delta        mu      mu_1      mu_0         de         se_1         se_0
1   0.5 0.7796260 0.6670720 0.8601890 -0.1931170 -0.002635607 -0.004113952
2   1.0 0.7516528 0.6697076 0.8643029 -0.1945954  0.000000000  0.000000000
3   2.0 0.6679829 0.6141720 0.8210309 -0.2068590 -0.055535604 -0.043271994
           oe         te
1  0.02797314 -0.1972310
2  0.00000000 -0.1945954
3 -0.08366990 -0.2501310

[[3]]
  delta        mu      mu_1      mu_0         de        se_1        se_0
1   0.5 0.8361893 0.7147323 0.9046644 -0.1899321  0.04628771  0.04595605
2   1.0 0.7523251 0.6684445 0.8587083 -0.1902638  0.00000000  0.00000000
3   2.0 0.6845428 0.6307076 0.8309974 -0.2002898 -0.03773691 -0.02771089
           oe         te
1  0.08386425 -0.1439761
2  0.00000000 -0.1902638
3 -0.06778229 -0.2280007

[[4]]
  delta        mu      mu_1      mu_0         de        se_1        se_0
1   0.5 0.8111145 0.6810226 0.8926856 -0.2116630  0.02999702  0.04734019
2   1.0 0.7340631 0.6510255 0.8453454 -0.1943198  0.00000000  0.00000000
3   2.0 0.6601620 0.6037861 0.8142972 -0.2105111 -0.04723945 -0.03104822
           oe         te
1  0.07705145 -0.1643228
2  0.00000000 -0.1943198
3 -0.07390106 -0.2415593

[[5]]
  delta        mu      mu_1      mu_0         de        se_1         se_0
1   0.5 0.7848400 0.6878151 0.8578132 -0.1699981 0.008799860  0.009643649
2   1.0 0.7488705 0.6790152 0.8481695 -0.1691543 0.000000000  0.000000000
3   2.0 0.7268815 0.6882843 0.8379172 -0.1496329 0.009269071 -0.010252298
           oe         te
1  0.03596950 -0.1603544
2  0.00000000 -0.1691543
3 -0.02198898 -0.1598852

[[6]]
  delta        mu      mu_1      mu_0         de       se_1        se_0
1   0.5 0.8027147 0.6974846 0.8767286 -0.1792440 0.01091244 0.007004789
2   1.0 0.7634146 0.6865721 0.8697238 -0.1831517 0.00000000 0.000000000
3   2.0 0.7681532 0.7248427 0.8849426 -0.1600999 0.03827061 0.015218805
           oe         te
1 0.039300078 -0.1722393
2 0.000000000 -0.1831517
3 0.004738586 -0.1448811

[[7]]
  delta        mu      mu_1      mu_0         de         se_1        se_0
1   0.5 0.8274891 0.7150375 0.8966463 -0.1816088  0.028756816  0.01808918
2   1.0 0.7711268 0.6862806 0.8785571 -0.1922765  0.000000000  0.00000000
3   2.0 0.7346114 0.6792596 0.8670826 -0.1878230 -0.007021046 -0.01147446
           oe         te
1  0.05636231 -0.1635196
2  0.00000000 -0.1922765
3 -0.03651541 -0.1992975

[[8]]
  delta        mu      mu_1      mu_0         de         se_1         se_0
1   0.5 0.7810191 0.6828696 0.8467017 -0.1638321 -0.005714275 -0.004713821
2   1.0 0.7589685 0.6885838 0.8514155 -0.1628317  0.000000000  0.000000000
3   2.0 0.6973742 0.6475485 0.8319978 -0.1844494 -0.041035354 -0.019417678
           oe         te
1  0.02205058 -0.1685460
2  0.00000000 -0.1628317
3 -0.06159429 -0.2038670

[[9]]
  delta        mu      mu_1      mu_0         de       se_1        se_0
1   0.5 0.8036036 0.7022430 0.8710898 -0.1688468 0.02513451 0.006377339
2   1.0 0.7602695 0.6771085 0.8647124 -0.1876040 0.00000000 0.000000000
3   2.0 0.7425131 0.6882842 0.8693782 -0.1810941 0.01117567 0.004665794
           oe         te
1  0.04333417 -0.1624694
2  0.00000000 -0.1876040
3 -0.01775637 -0.1764283

[[10]]
  delta        mu      mu_1      mu_0         de        se_1         se_0
1   0.5 0.7926665 0.6871873 0.8559919 -0.1688046  0.03045865  0.002086908
2   1.0 0.7454066 0.6567287 0.8539050 -0.1971763  0.00000000  0.000000000
3   2.0 0.7058016 0.6459156 0.8498005 -0.2038849 -0.01081310 -0.004104458
           oe         te
1  0.04725991 -0.1667177
2  0.00000000 -0.1971763
3 -0.03960502 -0.2079894

[[11]]
  delta        mu      mu_1      mu_0         de        se_1        se_0
1   0.5 0.8016186 0.7054506 0.8658155 -0.1603649  0.01296723 -0.01886432
2   1.0 0.7760962 0.6924834 0.8846798 -0.1921964  0.00000000  0.00000000
3   2.0 0.6987809 0.6336598 0.8631721 -0.2295123 -0.05882353 -0.02150767
           oe         te
1  0.02552246 -0.1792292
2  0.00000000 -0.1921964
3 -0.07731530 -0.2510199

[[12]]
  delta        mu      mu_1      mu_0         de         se_1         se_0
1   0.5 0.8218318 0.6936996 0.9053290 -0.2116294 0.0008772057  0.028196498
2   1.0 0.7714007 0.6928224 0.8771325 -0.1843101 0.0000000000  0.000000000
3   2.0 0.7527840 0.7057679 0.8688637 -0.1630958 0.0129454271 -0.008268876
           oe         te
1  0.05043108 -0.1834329
2  0.00000000 -0.1843101
3 -0.01861670 -0.1713647

[[13]]
  delta        mu      mu_1      mu_0         de        se_1       se_0
1   0.5 0.8269643 0.7170163 0.9010091 -0.1839928  0.03955059  0.0593315
2   1.0 0.7474989 0.6774658 0.8416776 -0.1642119  0.00000000  0.0000000
3   2.0 0.7001377 0.6508464 0.8258195 -0.1749732 -0.02661937 -0.0158581
           oe         te
1  0.07946535 -0.1246613
2  0.00000000 -0.1642119
3 -0.04736126 -0.1908313

[[14]]
  delta        mu      mu_1      mu_0         de         se_1        se_0
1   0.5 0.7686613 0.6649673 0.8384631 -0.1734957  0.006576348 -0.01227396
2   1.0 0.7411689 0.6583910 0.8507370 -0.1923461  0.000000000  0.00000000
3   2.0 0.6955003 0.6341160 0.8619322 -0.2278162 -0.024275006  0.01119517
           oe         te
1  0.02749237 -0.1857697
2  0.00000000 -0.1923461
3 -0.04566856 -0.2166211

[[15]]
  delta        mu      mu_1      mu_0         de         se_1        se_0
1   0.5 0.8238876 0.7020962 0.9014714 -0.1993752  0.027069169  0.02786355
2   1.0 0.7604843 0.6750270 0.8736079 -0.1985808  0.000000000  0.00000000
3   2.0 0.7223698 0.6698273 0.8631462 -0.1933190 -0.005199759 -0.01046161
           oe         te
1  0.06340325 -0.1715117
2  0.00000000 -0.1985808
3 -0.03811450 -0.2037806

[[16]]
  delta        mu      mu_1      mu_0         de        se_1        se_0
1   0.5 0.7985047 0.6978489 0.8676809 -0.1698320  0.03720180  0.01500905
2   1.0 0.7439955 0.6606471 0.8526718 -0.1920247  0.00000000  0.00000000
3   2.0 0.6492822 0.5831829 0.8248704 -0.2416874 -0.07746418 -0.02780149
           oe         te
1  0.05450926 -0.1548229
2  0.00000000 -0.1920247
3 -0.09471322 -0.2694889

[[17]]
  delta        mu      mu_1      mu_0         de        se_1        se_0
1   0.5 0.8129755 0.7188020 0.8835753 -0.1647733  0.02782617  0.01575100
2   1.0 0.7647965 0.6909758 0.8678243 -0.1768484  0.00000000  0.00000000
3   2.0 0.7027833 0.6557706 0.8313156 -0.1755450 -0.03520521 -0.03650868
           oe         te
1  0.04817894 -0.1490223
2  0.00000000 -0.1768484
3 -0.06201325 -0.2120537

[[18]]
  delta        mu      mu_1      mu_0         de         se_1        se_0
1   0.5 0.7899590 0.6671746 0.8721423 -0.2049677  0.005631442  0.04093934
2   1.0 0.7333891 0.6615431 0.8312030 -0.1696598  0.000000000  0.00000000
3   2.0 0.7030868 0.6558135 0.8206066 -0.1647931 -0.005729675 -0.01059637
           oe         te
1  0.05656985 -0.1640284
2  0.00000000 -0.1696598
3 -0.03030229 -0.1753895

[[19]]
  delta        mu      mu_1      mu_0         de        se_1        se_0
1   0.5 0.7766771 0.6816322 0.8460142 -0.1643820 0.009077235 -0.01636081
2   1.0 0.7525701 0.6725550 0.8623751 -0.1898201 0.000000000  0.00000000
3   2.0 0.7536864 0.6974077 0.8907213 -0.1933136 0.024852731  0.02834624
           oe         te
1 0.024106995 -0.1807428
2 0.000000000 -0.1898201
3 0.001116325 -0.1649674

[[20]]
  delta        mu      mu_1      mu_0         de        se_1         se_0
1   0.5 0.7742740 0.6871257 0.8380353 -0.1509096  0.01275248 -0.015594115
2   1.0 0.7517422 0.6743732 0.8536294 -0.1792562  0.00000000  0.000000000
3   2.0 0.7177051 0.6581110 0.8632232 -0.2051121 -0.01626220  0.009593713
           oe         te
1  0.02253181 -0.1665037
2  0.00000000 -0.1792562
3 -0.03403713 -0.1955184

[[1]]
  delta         mu       mu_1       mu_0         de       se_1       se_0
1   0.5 0.02218520 0.02057044 0.02591241 0.02412195 0.01714274 0.02139067
2   1.0 0.01712116 0.01781647 0.01675716 0.01287449 0.00000000 0.00000000
3   2.0 0.03416657 0.03689098 0.02692424 0.02558995 0.02914990 0.02242860
          oe         te
1 0.01889204 0.01705026
2 0.00000000 0.01287449
3 0.02815230 0.03608354

[[2]]
  delta         mu       mu_1       mu_0         de       se_1       se_0
1   0.5 0.02147376 0.02035667 0.02394363 0.02147055 0.01858402 0.02166789
2   1.0 0.01742771 0.01798295 0.01648530 0.01171373 0.00000000 0.00000000
3   2.0 0.03601933 0.03867519 0.02753770 0.02582779 0.03203190 0.02192105
          oe         te
1 0.02033852 0.01801420
2 0.00000000 0.01171373
3 0.02999552 0.03699647

[[3]]
  delta         mu       mu_1       mu_0         de       se_1       se_0
1   0.5 0.02869120 0.02075041 0.03360830 0.02469114 0.01664652 0.02862178
2   1.0 0.01688508 0.01703376 0.01678376 0.01242090 0.00000000 0.00000000
3   2.0 0.02945888 0.03185296 0.02455414 0.02470487 0.02462374 0.02081169
          oe         te
1 0.02465716 0.01638072
2 0.00000000 0.01242090
3 0.02393159 0.03147014

[[4]]
  delta         mu       mu_1       mu_0         de       se_1       se_0
1   0.5 0.02535488 0.02103437 0.02869701 0.02165138 0.01551757 0.02204540
2   1.0 0.01709432 0.01785032 0.01667310 0.01260014 0.00000000 0.00000000
3   2.0 0.02964756 0.03135107 0.02444749 0.02040549 0.02429896 0.02086925
          oe         te
1 0.01990224 0.01528978
2 0.00000000 0.01260014
3 0.02419919 0.03058445

[[5]]
  delta         mu       mu_1       mu_0         de       se_1       se_0
1   0.5 0.02404810 0.02007985 0.02742674 0.02243367 0.01710184 0.02402546
2   1.0 0.01712552 0.01755843 0.01655616 0.01272485 0.00000000 0.00000000
3   2.0 0.03437817 0.03689354 0.02563870 0.02371102 0.02912582 0.02122362
          oe         te
1 0.02158256 0.01785144
2 0.00000000 0.01272485
3 0.02815069 0.03552371

[[6]]
  delta         mu       mu_1       mu_0         de       se_1       se_0
1   0.5 0.02300053 0.01907852 0.02552132 0.01908113 0.01494258 0.02130487
2   1.0 0.01788600 0.01862986 0.01686181 0.01266552 0.00000000 0.00000000
3   2.0 0.03231711 0.03547455 0.02531211 0.02674880 0.02847532 0.01940558
          oe         te
1 0.01952116 0.01512910
2 0.00000000 0.01266552
3 0.02622017 0.03419102

[[7]]
  delta         mu       mu_1       mu_0         de       se_1       se_0
1   0.5 0.02402518 0.02257873 0.02740045 0.02590478 0.01992836 0.02163571
2   1.0 0.01770027 0.01795490 0.01755711 0.01308894 0.00000000 0.00000000
3   2.0 0.03347040 0.03617550 0.02585006 0.02302441 0.02858289 0.02181922
          oe         te
1 0.02011922 0.02007415
2 0.00000000 0.01308894
3 0.02762338 0.03570390

[[8]]
  delta         mu       mu_1       mu_0         de       se_1       se_0
1   0.5 0.02545889 0.02130004 0.02839242 0.02189645 0.01588480 0.02248854
2   1.0 0.01754707 0.01798217 0.01694562 0.01223362 0.00000000 0.00000000
3   2.0 0.03111948 0.03460952 0.02390002 0.02619573 0.02731188 0.01990726
          oe         te
1 0.02011028 0.01581620
2 0.00000000 0.01223362
3 0.02518453 0.03317430

[[9]]
  delta         mu       mu_1       mu_0         de       se_1       se_0
1   0.5 0.02300067 0.01982096 0.02653838 0.02241857 0.01569581 0.02228995
2   1.0 0.01729290 0.01790236 0.01680100 0.01249482 0.00000000 0.00000000
3   2.0 0.03302774 0.03595342 0.02493086 0.02430707 0.02923672 0.02011884
          oe         te
1 0.01992317 0.01576847
2 0.00000000 0.01249482
3 0.02738798 0.03458538

[[10]]
  delta         mu       mu_1       mu_0         de       se_1       se_0
1   0.5 0.02373721 0.01935370 0.02763064 0.02238910 0.01583281 0.02311123
2   1.0 0.01684780 0.01767394 0.01621041 0.01293253 0.00000000 0.00000000
3   2.0 0.03303174 0.03654781 0.02411150 0.02578032 0.02894024 0.01980983
          oe         te
1 0.02013514 0.01556671
2 0.00000000 0.01293253
3 0.02706450 0.03559488

[[11]]
  delta         mu       mu_1       mu_0         de       se_1       se_0
1   0.5 0.02442789 0.02091502 0.02791895 0.02104479 0.01728949 0.02268613
2   1.0 0.01848024 0.01893808 0.01778401 0.01280441 0.00000000 0.00000000
3   2.0 0.03334619 0.03532336 0.02659030 0.02331443 0.02694618 0.02106212
          oe         te
1 0.02068492 0.01619324
2 0.00000000 0.01280441
3 0.02597857 0.03294471

[[12]]
  delta         mu       mu_1       mu_0         de       se_1       se_0
1   0.5 0.02285341 0.01943281 0.02569603 0.02056648 0.01498146 0.02162217
2   1.0 0.01710327 0.01761199 0.01630959 0.01272422 0.00000000 0.00000000
3   2.0 0.03145160 0.03422636 0.02394026 0.02462769 0.02839485 0.01936264
          oe         te
1 0.01927667 0.01494468
2 0.00000000 0.01272422
3 0.02642729 0.03385478

[[13]]
  delta         mu       mu_1       mu_0         de       se_1       se_0
1   0.5 0.02212698 0.01883626 0.02536324 0.02100937 0.01529428 0.02275786
2   1.0 0.01760995 0.01804252 0.01688889 0.01185213 0.00000000 0.00000000
3   2.0 0.03376683 0.03746810 0.02449286 0.02956194 0.03151336 0.01889080
          oe         te
1 0.01970444 0.01478268
2 0.00000000 0.01185213
3 0.02863355 0.03707841

[[14]]
  delta         mu       mu_1       mu_0         de       se_1       se_0
1   0.5 0.02299302 0.01942411 0.02584925 0.02087843 0.01594909 0.02150505
2   1.0 0.01791380 0.01845335 0.01704809 0.01262113 0.00000000 0.00000000
3   2.0 0.02985193 0.03253053 0.02345103 0.02414189 0.02461847 0.01813153
          oe         te
1 0.01972857 0.01579225
2 0.00000000 0.01262113
3 0.02313954 0.03115071

[[15]]
  delta         mu       mu_1       mu_0         de       se_1       se_0
1   0.5 0.02483817 0.01917698 0.02811726 0.02015701 0.01507098 0.02204390
2   1.0 0.01731787 0.01759253 0.01686976 0.01237655 0.00000000 0.00000000
3   2.0 0.03088590 0.03340639 0.02353896 0.02272471 0.02631811 0.01950324
          oe         te
1 0.02002461 0.01411938
2 0.00000000 0.01237655
3 0.02507346 0.03245744

[[16]]
  delta         mu       mu_1       mu_0         de       se_1       se_0
1   0.5 0.02170226 0.01882558 0.02439116 0.01903180 0.01421185 0.02016781
2   1.0 0.01661432 0.01705095 0.01629561 0.01241918 0.00000000 0.00000000
3   2.0 0.02840577 0.03180740 0.02232418 0.02700619 0.02554552 0.01871483
          oe         te
1 0.01800044 0.01523144
2 0.00000000 0.01241918
3 0.02361034 0.03235084

[[17]]
  delta         mu       mu_1       mu_0         de       se_1       se_0
1   0.5 0.02468423 0.01993784 0.02809612 0.02197166 0.01675987 0.02363819
2   1.0 0.01724201 0.01789245 0.01644205 0.01279944 0.00000000 0.00000000
3   2.0 0.02836455 0.03077594 0.02176931 0.02087559 0.02414730 0.01749247
          oe         te
1 0.02157067 0.01592454
2 0.00000000 0.01279944
3 0.02297870 0.03047695

[[18]]
  delta         mu       mu_1       mu_0         de       se_1       se_0
1   0.5 0.02208129 0.01949851 0.02453290 0.01960066 0.01462107 0.02045066
2   1.0 0.01775780 0.01821193 0.01706858 0.01210716 0.00000000 0.00000000
3   2.0 0.03362454 0.03533915 0.02894296 0.02391364 0.02701658 0.02258624
          oe         te
1 0.01810962 0.01565599
2 0.00000000 0.01210716
3 0.02624292 0.03270795

[[19]]
  delta         mu       mu_1       mu_0         de       se_1       se_0
1   0.5 0.02317856 0.01894553 0.02690381 0.02242895 0.01605885 0.02391846
2   1.0 0.01770404 0.01859099 0.01662821 0.01268566 0.00000000 0.00000000
3   2.0 0.03428068 0.03735102 0.02487070 0.02640465 0.03007492 0.01959049
          oe         te
1 0.02133375 0.01602497
2 0.00000000 0.01268566
3 0.02781680 0.03571381

[[20]]
  delta         mu       mu_1       mu_0         de      se_1       se_0
1   0.5 0.02501793 0.02217001 0.02722077 0.02064656 0.0185362 0.02329299
2   1.0 0.01794219 0.01914189 0.01673056 0.01331285 0.0000000 0.00000000
3   2.0 0.03666382 0.04352557 0.02618468 0.03813087 0.0363580 0.02176814
          oe         te
1 0.02186894 0.01772438
2 0.00000000 0.01331285
3 0.03052778 0.04238507

[1] "Total run time was 3674.618 seconds"
