Warning message:
package ‘SuperLearner’ was built under R version 4.1.3 
[1] "[Simulation setting]"
[1] "n: 500"
[1] "deltas: 0.5, 1, 2"
[1] "K: 2"
[1] "r: 100"
[1] "s: 1"
[1] "Sim.id 1"
[1] "Data generated and format changed"
[1] "   Split: 1"
Loading required namespace: nnet
Loading required namespace: ranger
[1] "   Split: 2"
[1] "Estimates and SE estimates computed"
[1] ""
[1] "Sim.id 2"
[1] "Data generated and format changed"
[1] "   Split: 1"
[1] "   Split: 2"
[1] "Estimates and SE estimates computed"
[1] ""
[1] "Sim.id 3"
[1] "Data generated and format changed"
[1] "   Split: 1"
[1] "   Split: 2"
[1] "Estimates and SE estimates computed"
[1] ""
[1] "Sim.id 4"
[1] "Data generated and format changed"
[1] "   Split: 1"
[1] "   Split: 2"
[1] "Estimates and SE estimates computed"
[1] ""
[1] "Sim.id 5"
[1] "Data generated and format changed"
[1] "   Split: 1"
[1] "   Split: 2"
[1] "Estimates and SE estimates computed"
[1] ""
[1] "Sim.id 6"
[1] "Data generated and format changed"
[1] "   Split: 1"
[1] "   Split: 2"
[1] "Estimates and SE estimates computed"
[1] ""
[1] "Sim.id 7"
[1] "Data generated and format changed"
[1] "   Split: 1"
[1] "   Split: 2"
[1] "Estimates and SE estimates computed"
[1] ""
[1] "Sim.id 8"
[1] "Data generated and format changed"
[1] "   Split: 1"
[1] "   Split: 2"
[1] "Estimates and SE estimates computed"
[1] ""
[1] "Sim.id 9"
[1] "Data generated and format changed"
[1] "   Split: 1"
[1] "   Split: 2"
[1] "Estimates and SE estimates computed"
[1] ""
[1] "Sim.id 10"
[1] "Data generated and format changed"
[1] "   Split: 1"
[1] "   Split: 2"
[1] "Estimates and SE estimates computed"
[1] ""
[1] "Sim.id 11"
[1] "Data generated and format changed"
[1] "   Split: 1"
[1] "   Split: 2"
[1] "Estimates and SE estimates computed"
[1] ""
[1] "Sim.id 12"
[1] "Data generated and format changed"
[1] "   Split: 1"
[1] "   Split: 2"
[1] "Estimates and SE estimates computed"
[1] ""
[1] "Sim.id 13"
[1] "Data generated and format changed"
[1] "   Split: 1"
[1] "   Split: 2"
[1] "Estimates and SE estimates computed"
[1] ""
[1] "Sim.id 14"
[1] "Data generated and format changed"
[1] "   Split: 1"
[1] "   Split: 2"
[1] "Estimates and SE estimates computed"
[1] ""
[1] "Sim.id 15"
[1] "Data generated and format changed"
[1] "   Split: 1"
[1] "   Split: 2"
[1] "Estimates and SE estimates computed"
[1] ""
[1] "Sim.id 16"
[1] "Data generated and format changed"
[1] "   Split: 1"
[1] "   Split: 2"
[1] "Estimates and SE estimates computed"
[1] ""
[1] "Sim.id 17"
[1] "Data generated and format changed"
[1] "   Split: 1"
[1] "   Split: 2"
[1] "Estimates and SE estimates computed"
[1] ""
[1] "Sim.id 18"
[1] "Data generated and format changed"
[1] "   Split: 1"
[1] "   Split: 2"
[1] "Estimates and SE estimates computed"
[1] ""
[1] "Sim.id 19"
[1] "Data generated and format changed"
[1] "   Split: 1"
[1] "   Split: 2"
[1] "Estimates and SE estimates computed"
[1] ""
[1] "Sim.id 20"
[1] "Data generated and format changed"
[1] "   Split: 1"
[1] "   Split: 2"
[1] "Estimates and SE estimates computed"
[1] ""
[[1]]
  delta        mu      mu_1      mu_0         de        se_1         se_0
1   0.5 0.7805630 0.6774922 0.8461241 -0.1686319 0.021743653 -0.001814991
2   1.0 0.7411770 0.6557486 0.8479391 -0.1921905 0.000000000  0.000000000
3   2.0 0.7035652 0.6579012 0.8158653 -0.1579641 0.002152636 -0.032073836
           oe         te
1  0.03938605 -0.1704469
2  0.00000000 -0.1921905
3 -0.03761179 -0.1900379

[[2]]
  delta        mu      mu_1      mu_0         de         se_1         se_0
1   0.5 0.7560030 0.6526433 0.8330873 -0.1804441 -0.002102271  0.004009262
2   1.0 0.7250269 0.6547455 0.8290781 -0.1743326  0.000000000  0.000000000
3   2.0 0.6320075 0.5725953 0.8124444 -0.2398491 -0.082150239 -0.016633657
           oe         te
1  0.03097608 -0.1764348
2  0.00000000 -0.1743326
3 -0.09301941 -0.2564828

[[3]]
  delta        mu      mu_1      mu_0         de         se_1        se_0
1   0.5 0.7639386 0.6824180 0.8282400 -0.1458221 -0.007437107 -0.04943297
2   1.0 0.7703528 0.6898551 0.8776730 -0.1878179  0.000000000  0.00000000
3   2.0 0.6894069 0.6258935 0.8644874 -0.2385938 -0.063961567 -0.01318566
            oe         te
1 -0.006414175 -0.1952550
2  0.000000000 -0.1878179
3 -0.080945926 -0.2517795

[[4]]
  delta        mu      mu_1      mu_0         de        se_1         se_0
1   0.5 0.7835440 0.6768036 0.8552531 -0.1784495  0.01077025  0.007918099
2   1.0 0.7450590 0.6660333 0.8473350 -0.1813017  0.00000000  0.000000000
3   2.0 0.7002739 0.6434291 0.8358369 -0.1924078 -0.02260422 -0.011498103
           oe         te
1  0.03848506 -0.1705314
2  0.00000000 -0.1813017
3 -0.04478509 -0.2039059

[[5]]
  delta        mu      mu_1      mu_0         de        se_1       se_0
1   0.5 0.8322484 0.6996063 0.9179160 -0.2183097  0.03167005 0.03991288
2   1.0 0.7598572 0.6679362 0.8780031 -0.2100669  0.00000000 0.00000000
3   2.0 0.7183796 0.6557955 0.8803919 -0.2245964 -0.01214076 0.00238878
           oe         te
1  0.07239119 -0.1783969
2  0.00000000 -0.2100669
3 -0.04147759 -0.2222077

[[6]]
  delta        mu      mu_1      mu_0         de        se_1        se_0
1   0.5 0.7585048 0.6694089 0.8288469 -0.1594381 -0.01171303 -0.00713070
2   1.0 0.7431479 0.6811219 0.8359776 -0.1548557  0.00000000  0.00000000
3   2.0 0.7393270 0.6997697 0.8469231 -0.1471534  0.01864778  0.01094547
            oe         te
1  0.015356817 -0.1665688
2  0.000000000 -0.1548557
3 -0.003820957 -0.1362080

[[7]]
  delta        mu      mu_1      mu_0         de        se_1         se_0
1   0.5 0.8115641 0.7122554 0.8803175 -0.1680621  0.01985959 -0.001674702
2   1.0 0.7733952 0.6923958 0.8819922 -0.1895964  0.00000000  0.000000000
3   2.0 0.7134749 0.6508740 0.8832855 -0.2324114 -0.04152173  0.001293302
           oe         te
1  0.03816889 -0.1697368
2  0.00000000 -0.1895964
3 -0.05992038 -0.2311181

[[8]]
  delta        mu      mu_1      mu_0         de          se_1          se_0
1   0.5 0.8197981 0.7066779 0.8957070 -0.1890291 -0.0002671082  0.0074570289
2   1.0 0.7866551 0.7069450 0.8882500 -0.1813049  0.0000000000  0.0000000000
3   2.0 0.7197851 0.6537705 0.8879757 -0.2342052 -0.0531745369 -0.0002742627
           oe         te
1  0.03314299 -0.1815720
2  0.00000000 -0.1813049
3 -0.06687000 -0.2344795

[[9]]
  delta        mu      mu_1      mu_0         de        se_1        se_0
1   0.5 0.8264346 0.7151442 0.8950720 -0.1799278  0.03719242  0.02090566
2   1.0 0.7640862 0.6779518 0.8741664 -0.1962146  0.00000000  0.00000000
3   2.0 0.7203640 0.6622712 0.8626337 -0.2003625 -0.01568061 -0.01153267
           oe         te
1  0.06234840 -0.1590222
2  0.00000000 -0.1962146
3 -0.04372223 -0.2118952

[[10]]
  delta        mu      mu_1      mu_0         de        se_1        se_0
1   0.5 0.7887026 0.7089715 0.8456015 -0.1366300  0.03069040 -0.02861029
2   1.0 0.7632237 0.6782811 0.8742118 -0.1959307  0.00000000  0.00000000
3   2.0 0.6825099 0.6224247 0.8448877 -0.2224630 -0.05585632 -0.02932406
           oe         te
1  0.02547895 -0.1652403
2  0.00000000 -0.1959307
3 -0.08071376 -0.2517871

[[11]]
  delta        mu      mu_1      mu_0         de        se_1        se_0
1   0.5 0.7677159 0.6884930 0.8259076 -0.1374146  0.01670779 -0.03011621
2   1.0 0.7522580 0.6717852 0.8560238 -0.1842386  0.00000000  0.00000000
3   2.0 0.6845126 0.6256731 0.8392065 -0.2135334 -0.04611212 -0.01681730
           oe         te
1  0.01545798 -0.1675308
2  0.00000000 -0.1842386
3 -0.06774533 -0.2303507

[[12]]
  delta        mu      mu_1      mu_0         de         se_1          se_0
1   0.5 0.7749982 0.6759080 0.8432070 -0.1672990  0.004627722 -0.0103885201
2   1.0 0.7520901 0.6712803 0.8535955 -0.1823152  0.000000000  0.0000000000
3   2.0 0.7137697 0.6558609 0.8541239 -0.1982630 -0.015419389  0.0005283829
           oe         te
1  0.02290809 -0.1776875
2  0.00000000 -0.1823152
3 -0.03832040 -0.1977346

[[13]]
  delta        mu      mu_1      mu_0         de         se_1         se_0
1   0.5 0.7903161 0.7020729 0.8499669 -0.1478940  0.009638388 -0.004225812
2   1.0 0.7622429 0.6924345 0.8541927 -0.1617582  0.000000000  0.000000000
3   2.0 0.7090043 0.6608324 0.8384633 -0.1776309 -0.031602125 -0.015729445
           oe         te
1  0.02807319 -0.1521198
2  0.00000000 -0.1617582
3 -0.05323854 -0.1933603

[[14]]
  delta        mu      mu_1      mu_0         de        se_1        se_0
1   0.5 0.7928467 0.6694211 0.8729958 -0.2035747  0.01256186  0.02329235
2   1.0 0.7398416 0.6568592 0.8497034 -0.1928442  0.00000000  0.00000000
3   2.0 0.6868254 0.6391526 0.8138108 -0.1746582 -0.01770663 -0.03589263
           oe         te
1  0.05300509 -0.1802824
2  0.00000000 -0.1928442
3 -0.05301618 -0.2105509

[[15]]
  delta        mu      mu_1      mu_0         de       se_1        se_0
1   0.5 0.7907723 0.6892194 0.8513529 -0.1621335 0.01981214 -0.01050912
2   1.0 0.7569745 0.6694072 0.8618620 -0.1924548 0.00000000  0.00000000
3   2.0 0.7521119 0.6950552 0.8840248 -0.1889696 0.02564801  0.02216283
            oe         te
1  0.033797802 -0.1726426
2  0.000000000 -0.1924548
3 -0.004862617 -0.1668068

[[16]]
  delta        mu      mu_1      mu_0         de        se_1         se_0
1   0.5 0.8305602 0.7163960 0.9037502 -0.1873542  0.00978378  0.003975279
2   1.0 0.7926804 0.7066122 0.8997749 -0.1931627  0.00000000  0.000000000
3   2.0 0.7407322 0.6744765 0.8959156 -0.2214391 -0.03213570 -0.003859372
           oe         te
1  0.03787972 -0.1833790
2  0.00000000 -0.1931627
3 -0.05194827 -0.2252984

[[17]]
  delta        mu      mu_1      mu_0         de         se_1        se_0
1   0.5 0.8329362 0.7237350 0.9021862 -0.1784512  0.032874354  0.03768289
2   1.0 0.7678616 0.6908607 0.8645033 -0.1736426  0.000000000  0.00000000
3   2.0 0.7287460 0.6815404 0.8441267 -0.1625863 -0.009320263 -0.02037662
           oe         te
1  0.06507463 -0.1407683
2  0.00000000 -0.1736426
3 -0.03911559 -0.1829629

[[18]]
  delta        mu      mu_1      mu_0         de        se_1         se_0
1   0.5 0.7675634 0.6842589 0.8320801 -0.1478212  0.01409697 -0.005242725
2   1.0 0.7374686 0.6701619 0.8373228 -0.1671609  0.00000000  0.000000000
3   2.0 0.6829415 0.6345616 0.8218515 -0.1872899 -0.03560032 -0.015471343
           oe         te
1  0.03009478 -0.1530639
2  0.00000000 -0.1671609
3 -0.05452711 -0.2027612

[[19]]
  delta        mu      mu_1      mu_0         de        se_1        se_0
1   0.5 0.8261889 0.6973800 0.9113250 -0.2139450  0.02930280  0.04671741
2   1.0 0.7530755 0.6680772 0.8646076 -0.1965304  0.00000000  0.00000000
3   2.0 0.7072691 0.6518363 0.8477497 -0.1959134 -0.01624088 -0.01685787
           oe         te
1  0.07311335 -0.1672276
2  0.00000000 -0.1965304
3 -0.04580644 -0.2127713

[[20]]
  delta        mu      mu_1      mu_0         de         se_1        se_0
1   0.5 0.7911270 0.6855472 0.8621096 -0.1765625  0.005654422  0.00493655
2   1.0 0.7557854 0.6798927 0.8571731 -0.1772803  0.000000000  0.00000000
3   2.0 0.7128671 0.6667176 0.8384636 -0.1717460 -0.013175162 -0.01870951
           oe         te
1  0.03534157 -0.1716259
2  0.00000000 -0.1772803
3 -0.04291828 -0.1904555

[[1]]
  delta         mu       mu_1       mu_0         de       se_1       se_0
1   0.5 0.02400408 0.01885640 0.02778888 0.02259118 0.01427794 0.02297476
2   1.0 0.01690828 0.01754589 0.01601861 0.01198724 0.00000000 0.00000000
3   2.0 0.03124306 0.03437873 0.02311796 0.02335211 0.02694171 0.01744545
          oe         te
1 0.01995694 0.01428009
2 0.00000000 0.01198724
3 0.02486743 0.03257986

[[2]]
  delta         mu       mu_1       mu_0         de       se_1       se_0
1   0.5 0.02351006 0.02131132 0.02612449 0.02201715 0.01822662 0.02373221
2   1.0 0.01812434 0.01927277 0.01660916 0.01292352 0.00000000 0.00000000
3   2.0 0.03380975 0.03694700 0.02651910 0.02785749 0.03018483 0.02095161
          oe         te
1 0.02168745 0.01749697
2 0.00000000 0.01292352
3 0.02789480 0.03606571

[[3]]
  delta         mu       mu_1       mu_0         de       se_1       se_0
1   0.5 0.02129524 0.01812563 0.02461925 0.02068319 0.01491679 0.02182597
2   1.0 0.01725461 0.01789633 0.01633268 0.01258461 0.00000000 0.00000000
3   2.0 0.03203561 0.03520227 0.02382562 0.02550572 0.02963000 0.01965007
          oe         te
1 0.01919992 0.01520374
2 0.00000000 0.01258461
3 0.02739044 0.03515847

[[4]]
  delta         mu       mu_1       mu_0         de       se_1       se_0
1   0.5 0.02690788 0.02384758 0.02906306 0.02159579 0.02061545 0.02465782
2   1.0 0.01789111 0.01867927 0.01663691 0.01223977 0.00000000 0.00000000
3   2.0 0.03199715 0.03408776 0.02552433 0.02116226 0.02429840 0.01899493
          oe         te
1 0.02328062 0.01946175
2 0.00000000 0.01223977
3 0.02361849 0.03083287

[[5]]
  delta         mu       mu_1       mu_0         de       se_1       se_0
1   0.5 0.02349972 0.01966813 0.02649738 0.02102398 0.01465178 0.02256064
2   1.0 0.01707775 0.01744573 0.01674712 0.01231573 0.00000000 0.00000000
3   2.0 0.03362698 0.03646584 0.02579452 0.02489780 0.02971823 0.02160514
          oe         te
1 0.01991980 0.01541037
2 0.00000000 0.01231573
3 0.02824664 0.03503717

[[6]]
  delta         mu       mu_1       mu_0         de       se_1       se_0
1   0.5 0.02462833 0.01948338 0.02756316 0.01993369 0.01539521 0.02288394
2   1.0 0.01707102 0.01802840 0.01634368 0.01262556 0.00000000 0.00000000
3   2.0 0.04827243 0.05541246 0.02640847 0.03858526 0.04954595 0.02236907
          oe         te
1 0.02099094 0.01423605
2 0.00000000 0.01262556
3 0.04374432 0.05457925

[[7]]
  delta         mu       mu_1       mu_0         de       se_1       se_0
1   0.5 0.02335094 0.01896339 0.02685318 0.02121307 0.01578065 0.02240016
2   1.0 0.01712780 0.01820784 0.01626176 0.01348882 0.00000000 0.00000000
3   2.0 0.03122054 0.03366397 0.02458365 0.02243520 0.02618247 0.02089542
          oe         te
1 0.02058029 0.01524684
2 0.00000000 0.01348882
3 0.02549381 0.03329562

[[8]]
  delta         mu       mu_1       mu_0         de       se_1       se_0
1   0.5 0.02729723 0.02107101 0.03073898 0.02238824 0.01584508 0.02556546
2   1.0 0.01781909 0.01854276 0.01687734 0.01278765 0.00000000 0.00000000
3   2.0 0.03291806 0.03608348 0.02492294 0.02515433 0.02791161 0.02054027
          oe         te
1 0.02269500 0.01567976
2 0.00000000 0.01278765
3 0.02629633 0.03433953

[[9]]
  delta         mu       mu_1       mu_0         de       se_1       se_0
1   0.5 0.02814962 0.02283232 0.03135446 0.02321536 0.01796246 0.02593692
2   1.0 0.01882663 0.01924594 0.01800478 0.01294448 0.00000000 0.00000000
3   2.0 0.03519479 0.03779452 0.02762133 0.02391818 0.02901094 0.02236750
          oe         te
1 0.02356582 0.01761910
2 0.00000000 0.01294448
3 0.02788753 0.03552832

[[10]]
  delta         mu       mu_1       mu_0         de       se_1       se_0
1   0.5 0.02628752 0.02003905 0.03088063 0.02355469 0.01512907 0.02528466
2   1.0 0.01688029 0.01743523 0.01645132 0.01213755 0.00000000 0.00000000
3   2.0 0.02958250 0.03241983 0.02290134 0.02371657 0.02592825 0.01815655
          oe         te
1 0.02168634 0.01515972
2 0.00000000 0.01213755
3 0.02404594 0.03147781

[[11]]
  delta         mu       mu_1       mu_0         de       se_1       se_0
1   0.5 0.02356599 0.01945422 0.02649257 0.02036917 0.01539723 0.02247834
2   1.0 0.01666446 0.01712510 0.01585659 0.01160019 0.00000000 0.00000000
3   2.0 0.02840750 0.02941316 0.02466199 0.01866904 0.02306816 0.01974647
          oe         te
1 0.02037384 0.01437317
2 0.00000000 0.01160019
3 0.02264923 0.02810135

[[12]]
  delta         mu       mu_1       mu_0         de       se_1       se_0
1   0.5 0.02739876 0.02027433 0.03235511 0.02598610 0.01573114 0.02734235
2   1.0 0.01737217 0.01788584 0.01689551 0.01263754 0.00000000 0.00000000
3   2.0 0.02975580 0.03182812 0.02456478 0.02200886 0.02407465 0.01971374
          oe         te
1 0.02350134 0.01612118
2 0.00000000 0.01263754
3 0.02325970 0.03035033

[[13]]
  delta         mu       mu_1       mu_0         de       se_1       se_0
1   0.5 0.02490436 0.01950378 0.02855996 0.02240305 0.01478862 0.02442917
2   1.0 0.01825773 0.01834389 0.01763838 0.01243450 0.00000000 0.00000000
3   2.0 0.02808915 0.02983042 0.02302875 0.02115806 0.02313246 0.01876584
          oe         te
1 0.02142887 0.01478182
2 0.00000000 0.01243450
3 0.02267055 0.02953539

[[14]]
  delta         mu       mu_1       mu_0         de       se_1       se_0
1   0.5 0.02391952 0.01998994 0.02757363 0.02207612 0.01636423 0.02359663
2   1.0 0.01680091 0.01733115 0.01642455 0.01258898 0.00000000 0.00000000
3   2.0 0.03175775 0.03483130 0.02381869 0.02456233 0.02849041 0.01916478
          oe         te
1 0.02080125 0.01673356
2 0.00000000 0.01258898
3 0.02652643 0.03431367

[[15]]
  delta         mu       mu_1       mu_0         de       se_1       se_0
1   0.5 0.02448492 0.01965578 0.02767884 0.02118497 0.01485394 0.02226859
2   1.0 0.01725170 0.01805972 0.01646134 0.01233560 0.00000000 0.00000000
3   2.0 0.03223133 0.03542703 0.02337558 0.02429861 0.02776292 0.01832609
          oe         te
1 0.02005144 0.01462302
2 0.00000000 0.01233560
3 0.02551244 0.03307575

[[16]]
  delta         mu       mu_1       mu_0         de       se_1       se_0
1   0.5 0.02413900 0.02046737 0.02682694 0.02100057 0.01558011 0.02150232
2   1.0 0.01770430 0.01778183 0.01686362 0.01216415 0.00000000 0.00000000
3   2.0 0.03678291 0.04205457 0.02518026 0.02854461 0.03686135 0.02201999
          oe         te
1 0.01958372 0.01519428
2 0.00000000 0.01216415
3 0.03269945 0.04216941

[[17]]
  delta         mu       mu_1       mu_0         de       se_1       se_0
1   0.5 0.02767802 0.02219870 0.03051049 0.02031807 0.01659962 0.02496267
2   1.0 0.01790891 0.01840489 0.01721433 0.01248271 0.00000000 0.00000000
3   2.0 0.03381547 0.03756001 0.02444442 0.02644393 0.03036280 0.01894398
          oe         te
1 0.02252397 0.01619053
2 0.00000000 0.01248271
3 0.02747448 0.03589271

[[18]]
  delta         mu       mu_1       mu_0         de       se_1       se_0
1   0.5 0.02402850 0.01890905 0.02748618 0.02023079 0.01613612 0.02269337
2   1.0 0.01660755 0.01702637 0.01638555 0.01232449 0.00000000 0.00000000
3   2.0 0.02899935 0.03124481 0.02326099 0.02206580 0.02422120 0.01798986
          oe         te
1 0.02087353 0.01566849
2 0.00000000 0.01232449
3 0.02264200 0.02980472

[[19]]
  delta         mu       mu_1       mu_0         de       se_1       se_0
1   0.5 0.02378333 0.01905972 0.02689364 0.01994932 0.01560462 0.02229167
2   1.0 0.01701667 0.01744220 0.01657441 0.01225173 0.00000000 0.00000000
3   2.0 0.02971944 0.03123392 0.02425066 0.01975560 0.02358411 0.01992153
          oe         te
1 0.02031996 0.01511240
2 0.00000000 0.01225173
3 0.02379555 0.03023272

[[20]]
  delta         mu       mu_1       mu_0         de       se_1       se_0
1   0.5 0.02456404 0.02147354 0.02781390 0.02195993 0.01731410 0.02307132
2   1.0 0.01763951 0.01788626 0.01724828 0.01229711 0.00000000 0.00000000
3   2.0 0.02892581 0.03111974 0.02339980 0.02132394 0.02465044 0.01896209
          oe         te
1 0.02045221 0.01715364
2 0.00000000 0.01229711
3 0.02376523 0.03090142

[[1]]
  delta        mu      mu_1      mu_0         de         se_1         se_0
1   0.5 0.7795503 0.6768558 0.8449536 -0.1680979 0.0221530364 -0.001566143
2   1.0 0.7399338 0.6547027 0.8465198 -0.1918170 0.0000000000  0.000000000
3   2.0 0.7006415 0.6551944 0.8135343 -0.1583400 0.0004916504 -0.032985425
           oe         te
1  0.03961654 -0.1696640
2  0.00000000 -0.1918170
3 -0.03929232 -0.1913254

[[2]]
  delta        mu      mu_1      mu_0         de         se_1         se_0
1   0.5 0.7567653 0.6525121 0.8342996 -0.1817874 -0.002592261  0.004194492
2   1.0 0.7257883 0.6551044 0.8301051 -0.1750007  0.000000000  0.000000000
3   2.0 0.6325049 0.5731522 0.8128397 -0.2396875 -0.081952252 -0.017265401
           oe         te
1  0.03097706 -0.1775929
2  0.00000000 -0.1750007
3 -0.09328336 -0.2569529

[[3]]
  delta        mu      mu_1      mu_0         de         se_1        se_0
1   0.5 0.7639843 0.6823399 0.8285181 -0.1461782 -0.007279096 -0.04922636
2   1.0 0.7702347 0.6896190 0.8777445 -0.1881255  0.000000000  0.00000000
3   2.0 0.6885118 0.6246750 0.8645626 -0.2398876 -0.064943971 -0.01318189
            oe         te
1 -0.006250438 -0.1954046
2  0.000000000 -0.1881255
3 -0.081722938 -0.2530694

[[4]]
  delta        mu      mu_1      mu_0         de        se_1         se_0
1   0.5 0.7825153 0.6767343 0.8539685 -0.1772342  0.01206441  0.007829293
2   1.0 0.7434564 0.6646699 0.8461393 -0.1814694  0.00000000  0.000000000
3   2.0 0.6976490 0.6411797 0.8338822 -0.1927024 -0.02349015 -0.012257101
           oe         te
1  0.03905889 -0.1694049
2  0.00000000 -0.1814694
3 -0.04580736 -0.2049595

[[5]]
  delta        mu      mu_1      mu_0         de        se_1        se_0
1   0.5 0.8337759 0.7011074 0.9191135 -0.2180061  0.03230201 0.040168491
2   1.0 0.7606893 0.6688054 0.8789450 -0.2101396  0.00000000 0.000000000
3   2.0 0.7195599 0.6577269 0.8799941 -0.2222671 -0.01107847 0.001049074
           oe         te
1  0.07308664 -0.1778376
2  0.00000000 -0.2101396
3 -0.04112942 -0.2212181

[[6]]
  delta        mu      mu_1      mu_0         de        se_1         se_0
1   0.5 0.7584253 0.6697371 0.8284873 -0.1587502 -0.01183906 -0.008283926
2   1.0 0.7437904 0.6815762 0.8367712 -0.1551950  0.00000000  0.000000000
3   2.0 0.7374450 0.6975806 0.8468670 -0.1492864  0.01600439  0.010095712
            oe         te
1  0.014634900 -0.1670341
2  0.000000000 -0.1551950
3 -0.006345399 -0.1391906

[[7]]
  delta        mu      mu_1      mu_0         de        se_1         se_0
1   0.5 0.8111910 0.7118918 0.8799728 -0.1680810  0.01943181 -0.002012699
2   1.0 0.7734229 0.6924600 0.8819855 -0.1895255  0.00000000  0.000000000
3   2.0 0.7135299 0.6510375 0.8830621 -0.2320246 -0.04142254  0.001076546
           oe         te
1  0.03776812 -0.1700937
2  0.00000000 -0.1895255
3 -0.05989299 -0.2309481

[[8]]
  delta        mu      mu_1      mu_0         de          se_1          se_0
1   0.5 0.8207407 0.7066973 0.8971945 -0.1904971 -0.0003154745  0.0080081144
2   1.0 0.7872636 0.7070128 0.8891863 -0.1821736  0.0000000000  0.0000000000
3   2.0 0.7204829 0.6541113 0.8884695 -0.2343582 -0.0529015188 -0.0007168328
           oe         te
1  0.03347710 -0.1824890
2  0.00000000 -0.1821736
3 -0.06678073 -0.2350751

[[9]]
  delta        mu      mu_1      mu_0         de        se_1        se_0
1   0.5 0.8268699 0.7142855 0.8964459 -0.1821605  0.03726958  0.02262273
2   1.0 0.7634200 0.6770159 0.8738232 -0.1968073  0.00000000  0.00000000
3   2.0 0.7209498 0.6626147 0.8637252 -0.2011105 -0.01440120 -0.01009796
           oe         te
1  0.06344984 -0.1595377
2  0.00000000 -0.1968073
3 -0.04247023 -0.2112085

[[10]]
  delta        mu      mu_1      mu_0         de        se_1        se_0
1   0.5 0.7904884 0.7102053 0.8476504 -0.1374452  0.03231396 -0.02604668
2   1.0 0.7627327 0.6778913 0.8736971 -0.1958058  0.00000000  0.00000000
3   2.0 0.6810681 0.6209217 0.8442949 -0.2233732 -0.05696958 -0.02940218
           oe         te
1  0.02775572 -0.1634919
2  0.00000000 -0.1958058
3 -0.08166464 -0.2527754

[[11]]
  delta        mu      mu_1      mu_0         de        se_1        se_0
1   0.5 0.7698278 0.6903294 0.8278234 -0.1374940  0.01723634 -0.02975009
2   1.0 0.7538828 0.6730931 0.8575735 -0.1844804  0.00000000  0.00000000
3   2.0 0.6875996 0.6284427 0.8423148 -0.2138721 -0.04465041 -0.01525866
           oe         te
1  0.01594500 -0.1672441
2  0.00000000 -0.1844804
3 -0.06628317 -0.2291308

[[12]]
  delta        mu      mu_1      mu_0         de        se_1          se_0
1   0.5 0.7740078 0.6762889 0.8408675 -0.1645786  0.00395005 -0.0140053492
2   1.0 0.7533725 0.6723389 0.8548729 -0.1825340  0.00000000  0.0000000000
3   2.0 0.7135038 0.6559307 0.8545098 -0.1985791 -0.01640819 -0.0003630705
           oe         te
1  0.02063537 -0.1785839
2  0.00000000 -0.1825340
3 -0.03986861 -0.1989422

[[13]]
  delta        mu      mu_1      mu_0         de        se_1         se_0
1   0.5 0.7897961 0.7020680 0.8494960 -0.1474279  0.01091705 -0.003316533
2   1.0 0.7606537 0.6911510 0.8528125 -0.1616615  0.00000000  0.000000000
3   2.0 0.7057398 0.6581624 0.8349749 -0.1768124 -0.03298857 -0.017837650
           oe         te
1  0.02914237 -0.1507445
2  0.00000000 -0.1616615
3 -0.05491392 -0.1946501

[[14]]
  delta        mu      mu_1      mu_0         de        se_1        se_0
1   0.5 0.7930354 0.6696654 0.8736676 -0.2040022  0.01240800  0.02384027
2   1.0 0.7398933 0.6572574 0.8498273 -0.1925699  0.00000000  0.00000000
3   2.0 0.6869481 0.6391732 0.8148535 -0.1756804 -0.01808421 -0.03497375
           oe         te
1  0.05314219 -0.1801619
2  0.00000000 -0.1925699
3 -0.05294519 -0.2106541

[[15]]
  delta        mu      mu_1      mu_0         de       se_1         se_0
1   0.5 0.7890010 0.6869726 0.8505830 -0.1636104 0.01953167 -0.009082098
2   1.0 0.7546101 0.6674410 0.8596651 -0.1922242 0.00000000  0.000000000
3   2.0 0.7496673 0.6925256 0.8828208 -0.1902952 0.02508468  0.023155657
            oe         te
1  0.034390939 -0.1726925
2  0.000000000 -0.1922242
3 -0.004942778 -0.1671395

[[16]]
  delta        mu      mu_1      mu_0         de        se_1         se_0
1   0.5 0.8314004 0.7158755 0.9059912 -0.1901157  0.01067811  0.008267091
2   1.0 0.7903110 0.7051974 0.8977241 -0.1925267  0.00000000  0.000000000
3   2.0 0.7364362 0.6702182 0.8930874 -0.2228691 -0.03497917 -0.004636758
           oe         te
1  0.04108933 -0.1818486
2  0.00000000 -0.1925267
3 -0.05387484 -0.2275059

[[17]]
  delta        mu      mu_1      mu_0         de        se_1       se_0
1   0.5 0.8305782 0.7242942 0.8991377 -0.1748435  0.03256366  0.0339230
2   1.0 0.7685942 0.6917305 0.8652147 -0.1734842  0.00000000  0.0000000
3   2.0 0.7288558 0.6814195 0.8449322 -0.1635128 -0.01031109 -0.0202825
           oe         te
1  0.06198398 -0.1409205
2  0.00000000 -0.1734842
3 -0.03973841 -0.1837953

[[18]]
  delta        mu      mu_1      mu_0         de        se_1         se_0
1   0.5 0.7701289 0.6843012 0.8352608 -0.1509597  0.01291650 -0.003490895
2   1.0 0.7396708 0.6713847 0.8387517 -0.1673671  0.00000000  0.000000000
3   2.0 0.6848205 0.6352562 0.8246646 -0.1894084 -0.03612843 -0.014087097
           oe         te
1  0.03045809 -0.1544506
2  0.00000000 -0.1673671
3 -0.05485031 -0.2034955

[[19]]
  delta        mu      mu_1      mu_0         de        se_1        se_0
1   0.5 0.8252825 0.6969840 0.9101779 -0.2131939  0.03008692  0.04667293
2   1.0 0.7518963 0.6668971 0.8635050 -0.1966079  0.00000000  0.00000000
3   2.0 0.7059433 0.6508742 0.8462123 -0.1953381 -0.01602293 -0.01729268
           oe         te
1  0.07338621 -0.1665210
2  0.00000000 -0.1966079
3 -0.04595301 -0.2126308

[[20]]
  delta        mu      mu_1      mu_0         de         se_1         se_0
1   0.5 0.7925276 0.6855393 0.8633029 -0.1777636  0.004493236  0.004210887
2   1.0 0.7573972 0.6810461 0.8590920 -0.1780459  0.000000000  0.000000000
3   2.0 0.7194634 0.6732513 0.8431543 -0.1699031 -0.007794796 -0.015937643
           oe         te
1  0.03513047 -0.1735527
2  0.00000000 -0.1780459
3 -0.03793378 -0.1858407

[[1]]
  delta         mu       mu_1       mu_0         de       se_1       se_0
1   0.5 0.02385014 0.01888112 0.02753812 0.02236785 0.01426477 0.02256278
2   1.0 0.01691432 0.01754754 0.01602504 0.01196013 0.00000000 0.00000000
3   2.0 0.03112380 0.03425760 0.02301150 0.02332960 0.02700112 0.01740749
          oe         te
1 0.01963541 0.01424661
2 0.00000000 0.01196013
3 0.02492231 0.03260628

[[2]]
  delta         mu       mu_1       mu_0         de       se_1       se_0
1   0.5 0.02365351 0.02157748 0.02623102 0.02232684 0.01849201 0.02375352
2   1.0 0.01812914 0.01928287 0.01659897 0.01291606 0.00000000 0.00000000
3   2.0 0.03358153 0.03667838 0.02643712 0.02763297 0.02990648 0.02089744
          oe         te
1 0.02175493 0.01778198
2 0.00000000 0.01291606
3 0.02766706 0.03581897

[[3]]
  delta         mu       mu_1       mu_0         de       se_1       se_0
1   0.5 0.02129946 0.01811609 0.02459028 0.02064029 0.01492927 0.02182274
2   1.0 0.01724869 0.01788901 0.01632532 0.01259060 0.00000000 0.00000000
3   2.0 0.03209516 0.03524088 0.02387623 0.02556773 0.02967707 0.01969443
          oe         te
1 0.01922191 0.01523731
2 0.00000000 0.01259060
3 0.02744892 0.03520527

[[4]]
  delta         mu       mu_1       mu_0         de       se_1       se_0
1   0.5 0.02659302 0.02367970 0.02872661 0.02144726 0.02030692 0.02433898
2   1.0 0.01780856 0.01859321 0.01657605 0.01214805 0.00000000 0.00000000
3   2.0 0.03203778 0.03416791 0.02538767 0.02103382 0.02450189 0.01880070
          oe         te
1 0.02293700 0.01922644
2 0.00000000 0.01214805
3 0.02372042 0.03087466

[[5]]
  delta         mu       mu_1       mu_0         de       se_1       se_0
1   0.5 0.02364408 0.01977636 0.02665328 0.02100713 0.01473375 0.02269053
2   1.0 0.01708289 0.01745424 0.01674789 0.01232098 0.00000000 0.00000000
3   2.0 0.03359155 0.03666897 0.02570874 0.02556782 0.02994727 0.02151743
          oe         te
1 0.02006412 0.01543777
2 0.00000000 0.01232098
3 0.02821150 0.03527411

[[6]]
  delta         mu       mu_1       mu_0         de       se_1       se_0
1   0.5 0.02449739 0.01943557 0.02741752 0.01983820 0.01532633 0.02274281
2   1.0 0.01708190 0.01805036 0.01632499 0.01258962 0.00000000 0.00000000
3   2.0 0.04750090 0.05447321 0.02635283 0.03770770 0.04850513 0.02225410
          oe         te
1 0.02086781 0.01416834
2 0.00000000 0.01258962
3 0.04286110 0.05356184

[[7]]
  delta         mu       mu_1       mu_0         de       se_1       se_0
1   0.5 0.02332360 0.01895808 0.02681363 0.02117837 0.01575945 0.02237073
2   1.0 0.01712171 0.01819970 0.01625281 0.01348198 0.00000000 0.00000000
3   2.0 0.03116506 0.03361429 0.02456445 0.02243276 0.02613219 0.02086445
          oe         te
1 0.02054784 0.01523815
2 0.00000000 0.01348198
3 0.02543885 0.03325094

[[8]]
  delta         mu       mu_1       mu_0         de       se_1       se_0
1   0.5 0.02713501 0.02097325 0.03067550 0.02252798 0.01570997 0.02549245
2   1.0 0.01776522 0.01852926 0.01681907 0.01281812 0.00000000 0.00000000
3   2.0 0.03308850 0.03641468 0.02483585 0.02553130 0.02829912 0.02052102
          oe         te
1 0.02253103 0.01561403
2 0.00000000 0.01281812
3 0.02652590 0.03469294

[[9]]
  delta         mu       mu_1       mu_0         de       se_1       se_0
1   0.5 0.02758442 0.02242168 0.03071334 0.02265453 0.01795453 0.02571248
2   1.0 0.01873649 0.01928128 0.01782699 0.01297882 0.00000000 0.00000000
3   2.0 0.03542631 0.03804695 0.02772757 0.02406118 0.02915265 0.02241989
          oe         te
1 0.02351117 0.01758357
2 0.00000000 0.01297882
3 0.02797964 0.03568124

[[10]]
  delta         mu       mu_1       mu_0         de       se_1       se_0
1   0.5 0.02600556 0.01999208 0.03045817 0.02322840 0.01511372 0.02490368
2   1.0 0.01692547 0.01750433 0.01642315 0.01210563 0.00000000 0.00000000
3   2.0 0.03010932 0.03304169 0.02299892 0.02425550 0.02660455 0.01821349
          oe         te
1 0.02142112 0.01512526
2 0.00000000 0.01210563
3 0.02461234 0.03210655

[[11]]
  delta         mu       mu_1       mu_0         de       se_1       se_0
1   0.5 0.02364764 0.01949032 0.02662971 0.02045230 0.01548289 0.02251882
2   1.0 0.01663374 0.01709086 0.01585521 0.01162872 0.00000000 0.00000000
3   2.0 0.02824969 0.02926539 0.02454121 0.01862773 0.02297599 0.01968096
          oe         te
1 0.02042788 0.01448194
2 0.00000000 0.01162872
3 0.02254767 0.02805041

[[12]]
  delta         mu       mu_1       mu_0         de       se_1       se_0
1   0.5 0.02678942 0.02005696 0.03158704 0.02531254 0.01561050 0.02670119
2   1.0 0.01744905 0.01799423 0.01690671 0.01264591 0.00000000 0.00000000
3   2.0 0.02986270 0.03201317 0.02452981 0.02226547 0.02419623 0.01962141
          oe         te
1 0.02302678 0.01585949
2 0.00000000 0.01264591
3 0.02331536 0.03052304

[[13]]
  delta         mu       mu_1       mu_0         de       se_1       se_0
1   0.5 0.02495267 0.01937707 0.02875568 0.02260897 0.01467693 0.02461721
2   1.0 0.01819337 0.01830361 0.01757499 0.01244744 0.00000000 0.00000000
3   2.0 0.02791141 0.02961657 0.02318774 0.02125018 0.02293448 0.01899795
          oe         te
1 0.02150666 0.01469719
2 0.00000000 0.01244744
3 0.02249858 0.02935530

[[14]]
  delta         mu       mu_1       mu_0         de       se_1       se_0
1   0.5 0.02381062 0.01990907 0.02739924 0.02184948 0.01631237 0.02343440
2   1.0 0.01676479 0.01732531 0.01635690 0.01257569 0.00000000 0.00000000
3   2.0 0.03166864 0.03476072 0.02373392 0.02454513 0.02838520 0.01909551
          oe         te
1 0.02069405 0.01661908
2 0.00000000 0.01257569
3 0.02642132 0.03421328

[[15]]
  delta         mu       mu_1       mu_0         de       se_1       se_0
1   0.5 0.02365232 0.01940944 0.02669646 0.02044355 0.01465762 0.02140872
2   1.0 0.01709226 0.01795232 0.01630101 0.01234393 0.00000000 0.00000000
3   2.0 0.03211968 0.03527488 0.02327525 0.02400624 0.02762047 0.01835727
          oe         te
1 0.01930845 0.01451498
2 0.00000000 0.01234393
3 0.02547720 0.03297371

[[16]]
  delta         mu       mu_1       mu_0         de       se_1       se_0
1   0.5 0.02434280 0.02048882 0.02702704 0.02092431 0.01551468 0.02151860
2   1.0 0.01756155 0.01766300 0.01677336 0.01219570 0.00000000 0.00000000
3   2.0 0.03786986 0.04400577 0.02516394 0.03044927 0.03907113 0.02194653
          oe         te
1 0.01959542 0.01513329
2 0.00000000 0.01219570
3 0.03390522 0.04413417

[[17]]
  delta         mu       mu_1       mu_0         de       se_1       se_0
1   0.5 0.02758387 0.02219765 0.03038221 0.02028903 0.01656829 0.02468803
2   1.0 0.01790814 0.01840201 0.01721577 0.01250037 0.00000000 0.00000000
3   2.0 0.03287004 0.03637171 0.02422031 0.02549550 0.02906822 0.01872730
          oe         te
1 0.02230872 0.01614774
2 0.00000000 0.01250037
3 0.02646557 0.03472432

[[18]]
  delta         mu       mu_1       mu_0         de       se_1       se_0
1   0.5 0.02424467 0.01895280 0.02775890 0.02036636 0.01611187 0.02282880
2   1.0 0.01651371 0.01698048 0.01625900 0.01226982 0.00000000 0.00000000
3   2.0 0.02858823 0.03084673 0.02329353 0.02213381 0.02396229 0.01803735
          oe         te
1 0.02094857 0.01560561
2 0.00000000 0.01226982
3 0.02238813 0.02955543

[[19]]
  delta         mu       mu_1       mu_0         de       se_1       se_0
1   0.5 0.02379499 0.01904847 0.02692761 0.01996519 0.01561134 0.02235243
2   1.0 0.01697338 0.01739918 0.01656192 0.01226268 0.00000000 0.00000000
3   2.0 0.02966257 0.03120090 0.02419828 0.01980739 0.02356921 0.01984648
          oe         te
1 0.02035948 0.01512356
2 0.00000000 0.01226268
3 0.02374773 0.03022999

[[20]]
  delta         mu       mu_1       mu_0         de       se_1       se_0
1   0.5 0.02481391 0.02154134 0.02804759 0.02188621 0.01710040 0.02318097
2   1.0 0.01777599 0.01798936 0.01732553 0.01222325 0.00000000 0.00000000
3   2.0 0.02963296 0.03206630 0.02339710 0.02212293 0.02565961 0.01901263
          oe         te
1 0.02045623 0.01701271
2 0.00000000 0.01222325
3 0.02456283 0.03182178

[1] "Total run time was 2096.968 seconds"
