Warning message:
package ‘SuperLearner’ was built under R version 4.1.3 
[1] "[Simulation setting]"
[1] "n: 500"
[1] "deltas: 0.5, 1, 2"
[1] "K: 2"
[1] "r: 100"
[1] "s: 1"
[1] "Sim.id 1"
[1] "Data generated and format changed"
[1] "   Split: 1"
Loading required namespace: nnet
Loading required namespace: ranger
[1] "   Split: 2"
[1] "Estimates and SE estimates computed"
[1] ""
[1] "Sim.id 2"
[1] "Data generated and format changed"
[1] "   Split: 1"
[1] "   Split: 2"
[1] "Estimates and SE estimates computed"
[1] ""
[1] "Sim.id 3"
[1] "Data generated and format changed"
[1] "   Split: 1"
[1] "   Split: 2"
[1] "Estimates and SE estimates computed"
[1] ""
[1] "Sim.id 4"
[1] "Data generated and format changed"
[1] "   Split: 1"
[1] "   Split: 2"
[1] "Estimates and SE estimates computed"
[1] ""
[1] "Sim.id 5"
[1] "Data generated and format changed"
[1] "   Split: 1"
[1] "   Split: 2"
[1] "Estimates and SE estimates computed"
[1] ""
[1] "Sim.id 6"
[1] "Data generated and format changed"
[1] "   Split: 1"
[1] "   Split: 2"
[1] "Estimates and SE estimates computed"
[1] ""
[1] "Sim.id 7"
[1] "Data generated and format changed"
[1] "   Split: 1"
[1] "   Split: 2"
[1] "Estimates and SE estimates computed"
[1] ""
[1] "Sim.id 8"
[1] "Data generated and format changed"
[1] "   Split: 1"
[1] "   Split: 2"
[1] "Estimates and SE estimates computed"
[1] ""
[1] "Sim.id 9"
[1] "Data generated and format changed"
[1] "   Split: 1"
[1] "   Split: 2"
[1] "Estimates and SE estimates computed"
[1] ""
[1] "Sim.id 10"
[1] "Data generated and format changed"
[1] "   Split: 1"
[1] "   Split: 2"
[1] "Estimates and SE estimates computed"
[1] ""
[1] "Sim.id 11"
[1] "Data generated and format changed"
[1] "   Split: 1"
[1] "   Split: 2"
[1] "Estimates and SE estimates computed"
[1] ""
[1] "Sim.id 12"
[1] "Data generated and format changed"
[1] "   Split: 1"
[1] "   Split: 2"
[1] "Estimates and SE estimates computed"
[1] ""
[1] "Sim.id 13"
[1] "Data generated and format changed"
[1] "   Split: 1"
[1] "   Split: 2"
[1] "Estimates and SE estimates computed"
[1] ""
[1] "Sim.id 14"
[1] "Data generated and format changed"
[1] "   Split: 1"
[1] "   Split: 2"
[1] "Estimates and SE estimates computed"
[1] ""
[1] "Sim.id 15"
[1] "Data generated and format changed"
[1] "   Split: 1"
[1] "   Split: 2"
[1] "Estimates and SE estimates computed"
[1] ""
[1] "Sim.id 16"
[1] "Data generated and format changed"
[1] "   Split: 1"
[1] "   Split: 2"
[1] "Estimates and SE estimates computed"
[1] ""
[1] "Sim.id 17"
[1] "Data generated and format changed"
[1] "   Split: 1"
[1] "   Split: 2"
[1] "Estimates and SE estimates computed"
[1] ""
[1] "Sim.id 18"
[1] "Data generated and format changed"
[1] "   Split: 1"
[1] "   Split: 2"
[1] "Estimates and SE estimates computed"
[1] ""
[1] "Sim.id 19"
[1] "Data generated and format changed"
[1] "   Split: 1"
[1] "   Split: 2"
[1] "Estimates and SE estimates computed"
[1] ""
[1] "Sim.id 20"
[1] "Data generated and format changed"
[1] "   Split: 1"
[1] "   Split: 2"
[1] "Estimates and SE estimates computed"
[1] ""
[[1]]
  delta        mu      mu_1      mu_0         de       se_1        se_0
1   0.5 0.7838282 0.6927404 0.8442377 -0.1514972 0.01556813 -0.01086437
2   1.0 0.7551390 0.6771723 0.8551020 -0.1779297 0.00000000  0.00000000
3   2.0 0.7557237 0.7001431 0.8869387 -0.1867956 0.02297081  0.03183669
            oe         te
1 0.0286892440 -0.1623616
2 0.0000000000 -0.1779297
3 0.0005847195 -0.1549589

[[2]]
  delta        mu      mu_1      mu_0         de        se_1         se_0
1   0.5 0.7926526 0.6973992 0.8588500 -0.1614507  0.01554573 -0.008494974
2   1.0 0.7604980 0.6818535 0.8673449 -0.1854915  0.00000000  0.000000000
3   2.0 0.7123588 0.6637534 0.8520971 -0.1883436 -0.01810005 -0.015247869
           oe         te
1  0.03215459 -0.1699457
2  0.00000000 -0.1854915
3 -0.04813922 -0.2035915

[[3]]
  delta        mu      mu_1      mu_0         de        se_1        se_0
1   0.5 0.7668708 0.6642650 0.8385604 -0.1742953 -0.00190524 -0.01425533
2   1.0 0.7463779 0.6661703 0.8528157 -0.1866454  0.00000000  0.00000000
3   2.0 0.6588815 0.6000645 0.8160485 -0.2159840 -0.06610579 -0.03676723
           oe         te
1  0.02049288 -0.1885507
2  0.00000000 -0.1866454
3 -0.08749637 -0.2527512

[[4]]
  delta        mu      mu_1      mu_0         de        se_1        se_0
1   0.5 0.8233018 0.7064404 0.8992384 -0.1927980  0.02641259  0.03827228
2   1.0 0.7596245 0.6800278 0.8609661 -0.1809383  0.00000000  0.00000000
3   2.0 0.6961206 0.6354147 0.8461342 -0.2107196 -0.04461313 -0.01483186
           oe         te
1  0.06367726 -0.1545257
2  0.00000000 -0.1809383
3 -0.06350391 -0.2255514

[[5]]
  delta        mu      mu_1      mu_0         de        se_1        se_0
1   0.5 0.7981865 0.6994243 0.8608808 -0.1614566  0.03269794  0.01194493
2   1.0 0.7465451 0.6667264 0.8489359 -0.1822096  0.00000000  0.00000000
3   2.0 0.6458683 0.5799427 0.8242702 -0.2443275 -0.08678365 -0.02466571
           oe         te
1  0.05164141 -0.1495116
2  0.00000000 -0.1822096
3 -0.10067685 -0.2689932

[[6]]
  delta        mu      mu_1      mu_0         de        se_1        se_0
1   0.5 0.7940873 0.6767286 0.8773262 -0.2005976  0.02936257  0.02757469
2   1.0 0.7322289 0.6473660 0.8497515 -0.2023855  0.00000000  0.00000000
3   2.0 0.6651880 0.6167092 0.8023974 -0.1856881 -0.03065676 -0.04735415
           oe         te
1  0.06185843 -0.1730230
2  0.00000000 -0.2023855
3 -0.06704084 -0.2330423

[[7]]
  delta        mu      mu_1      mu_0         de        se_1        se_0
1   0.5 0.8172725 0.7027091 0.8886566 -0.1859476  0.03116221  0.03263398
2   1.0 0.7535682 0.6715469 0.8560227 -0.1844758  0.00000000  0.00000000
3   2.0 0.6926248 0.6356282 0.8375753 -0.2019471 -0.03591872 -0.01844738
           oe         te
1  0.06370425 -0.1533136
2  0.00000000 -0.1844758
3 -0.06094349 -0.2203945

[[8]]
  delta        mu      mu_1      mu_0         de        se_1        se_0
1   0.5 0.7931383 0.6906609 0.8707633 -0.1801024  0.02806607  0.02197569
2   1.0 0.7388822 0.6625948 0.8487876 -0.1861928  0.00000000  0.00000000
3   2.0 0.6759553 0.6204580 0.8317616 -0.2113035 -0.04213676 -0.01702602
           oe         te
1  0.05425612 -0.1581267
2  0.00000000 -0.1861928
3 -0.06292687 -0.2283295

[[9]]
  delta        mu      mu_1      mu_0         de        se_1        se_0
1   0.5 0.7757802 0.6828839 0.8409850 -0.1581011  0.01899189 -0.01971648
2   1.0 0.7481329 0.6638920 0.8607015 -0.1968095  0.00000000  0.00000000
3   2.0 0.6628038 0.6006285 0.8435050 -0.2428765 -0.06326355 -0.01719650
           oe         te
1  0.02764733 -0.1778176
2  0.00000000 -0.1968095
3 -0.08532912 -0.2600730

[[10]]
  delta        mu      mu_1      mu_0         de        se_1        se_0
1   0.5 0.8630737 0.7336974 0.9424382 -0.2087408 0.057201151  0.06965973
2   1.0 0.7607421 0.6764962 0.8727784 -0.1962822 0.000000000  0.00000000
3   2.0 0.7287238 0.6852372 0.8441478 -0.1589105 0.008740993 -0.02863065
           oe         te
1  0.10233163 -0.1390810
2  0.00000000 -0.1962822
3 -0.03201824 -0.1875412

[[11]]
  delta        mu      mu_1      mu_0         de        se_1        se_0
1   0.5 0.7973755 0.6748206 0.8681248 -0.1933042  0.02450778  0.01648975
2   1.0 0.7414117 0.6503128 0.8516350 -0.2013222  0.00000000  0.00000000
3   2.0 0.6680444 0.6054369 0.8245520 -0.2191151 -0.04487588 -0.02708297
           oe         te
1  0.05596383 -0.1768144
2  0.00000000 -0.2013222
3 -0.07336730 -0.2461981

[[12]]
  delta        mu      mu_1      mu_0         de         se_1         se_0
1   0.5 0.7704149 0.6504282 0.8446885 -0.1942603  0.009330183  0.008144352
2   1.0 0.7271021 0.6410980 0.8365442 -0.1954462  0.000000000  0.000000000
3   2.0 0.6897110 0.6394277 0.8168860 -0.1774583 -0.001670320 -0.019658186
           oe         te
1  0.04331281 -0.1861160
2  0.00000000 -0.1954462
3 -0.03739114 -0.1971165

[[13]]
  delta        mu      mu_1      mu_0         de       se_1         se_0
1   0.5 0.7781699 0.6866678 0.8462138 -0.1595460  0.0170577 -0.007670251
2   1.0 0.7467659 0.6696101 0.8538840 -0.1842739  0.0000000  0.000000000
3   2.0 0.6863971 0.6281709 0.8470712 -0.2189003 -0.0414392 -0.006812817
           oe         te
1  0.03140398 -0.1672162
2  0.00000000 -0.1842739
3 -0.06036881 -0.2257131

[[14]]
  delta        mu      mu_1      mu_0         de          se_1         se_0
1   0.5 0.7883021 0.7066236 0.8452224 -0.1385988  0.0065131918 -0.019210407
2   1.0 0.7703693 0.7001104 0.8644328 -0.1643224  0.0000000000  0.000000000
3   2.0 0.7428960 0.6998580 0.8561770 -0.1563189 -0.0002523872 -0.008255855
           oe         te
1  0.01793282 -0.1578092
2  0.00000000 -0.1643224
3 -0.02747326 -0.1645748

[[15]]
  delta        mu      mu_1      mu_0         de        se_1        se_0
1   0.5 0.8299244 0.7240869 0.9066817 -0.1825947 0.020208238  0.01343522
2   1.0 0.7853911 0.7038787 0.8932464 -0.1893677 0.000000000  0.00000000
3   2.0 0.7589139 0.7111920 0.8780755 -0.1668835 0.007313308 -0.01517092
           oe         te
1  0.04453323 -0.1691595
2  0.00000000 -0.1893677
3 -0.02647722 -0.1820544

[[16]]
  delta        mu      mu_1      mu_0         de       se_1        se_0
1   0.5 0.8207370 0.7117198 0.8937335 -0.1820137 0.02059890 0.017584439
2   1.0 0.7710361 0.6911209 0.8761491 -0.1850282 0.00000000 0.000000000
3   2.0 0.7538675 0.7011224 0.8797876 -0.1786652 0.01000156 0.003638582
           oe         te
1  0.04970086 -0.1644293
2  0.00000000 -0.1850282
3 -0.01716868 -0.1750266

[[17]]
  delta        mu      mu_1      mu_0        de        se_1         se_0
1   0.5 0.7992831 0.7090216 0.8619196 -0.152898  0.02397469  0.008899625
2   1.0 0.7544500 0.6850469 0.8530200 -0.167973  0.00000000  0.000000000
3   2.0 0.7154711 0.6719048 0.8359588 -0.164054 -0.01314210 -0.017061170
           oe         te
1  0.04483305 -0.1439983
2  0.00000000 -0.1679730
3 -0.03897890 -0.1811151

[[18]]
  delta        mu      mu_1      mu_0         de        se_1        se_0
1   0.5 0.8312717 0.7074126 0.9105718 -0.2031592  0.02566573  0.04312734
2   1.0 0.7610323 0.6817469 0.8674445 -0.1856976  0.00000000  0.00000000
3   2.0 0.7024437 0.6473350 0.8432448 -0.1959099 -0.03441194 -0.02419968
           oe         te
1  0.07023949 -0.1600319
2  0.00000000 -0.1856976
3 -0.05858859 -0.2201096

[[19]]
  delta        mu      mu_1      mu_0         de        se_1         se_0
1   0.5 0.8193820 0.6820891 0.9077470 -0.2256579  0.02646036  0.057615549
2   1.0 0.7402376 0.6556288 0.8501314 -0.1945027  0.00000000  0.000000000
3   2.0 0.6897657 0.6304584 0.8409557 -0.2104973 -0.02517035 -0.009175754
           oe         te
1  0.07914433 -0.1680423
2  0.00000000 -0.1945027
3 -0.05047195 -0.2196730

[[20]]
  delta        mu      mu_1      mu_0         de        se_1        se_0
1   0.5 0.7739936 0.6737372 0.8505079 -0.1767707 0.005902362 -0.01661131
2   1.0 0.7501070 0.6678349 0.8671193 -0.1992844 0.000000000  0.00000000
3   2.0 0.7337906 0.6799314 0.8829646 -0.2030332 0.012096538  0.01584535
           oe         te
1  0.02388660 -0.1933820
2  0.00000000 -0.1992844
3 -0.01631639 -0.1871879

[[1]]
  delta         mu       mu_1       mu_0         de       se_1       se_0
1   0.5 0.02479008 0.02111110 0.02718471 0.01884031 0.01677268 0.02287640
2   1.0 0.01738791 0.01793845 0.01664291 0.01251605 0.00000000 0.00000000
3   2.0 0.03167703 0.03444329 0.02484235 0.02451960 0.02694277 0.01986697
          oe         te
1 0.02129066 0.01642841
2 0.00000000 0.01251605
3 0.02551699 0.03321961

[[2]]
  delta         mu       mu_1       mu_0         de       se_1       se_0
1   0.5 0.02385338 0.01958968 0.02709107 0.02053985 0.01445150 0.02145241
2   1.0 0.01791784 0.01864850 0.01761762 0.01344619 0.00000000 0.00000000
3   2.0 0.02832819 0.03074000 0.02333560 0.02220505 0.02239131 0.01728641
          oe         te
1 0.01967097 0.01525729
2 0.00000000 0.01344619
3 0.02135453 0.02942675

[[3]]
  delta         mu       mu_1       mu_0         de       se_1       se_0
1   0.5 0.02485181 0.02479399 0.02819300 0.02726184 0.02240568 0.02311284
2   1.0 0.01800236 0.01816603 0.01758561 0.01291276 0.00000000 0.00000000
3   2.0 0.03331721 0.03656481 0.02515752 0.02670354 0.02876406 0.02004169
          oe         te
1 0.02129547 0.02182319
2 0.00000000 0.01291276
3 0.02665735 0.03520241

[[4]]
  delta         mu       mu_1       mu_0         de       se_1       se_0
1   0.5 0.02995914 0.02142759 0.03784714 0.03367329 0.01604328 0.03375963
2   1.0 0.01775320 0.01792001 0.01738800 0.01259107 0.00000000 0.00000000
3   2.0 0.02876369 0.03156735 0.02394887 0.02521742 0.02573477 0.02020372
          oe         te
1 0.02602414 0.01635298
2 0.00000000 0.01259107
3 0.02399902 0.03156959

[[5]]
  delta         mu       mu_1       mu_0         de       se_1       se_0
1   0.5 0.02446546 0.02080769 0.02801293 0.02300156 0.01590740 0.02202314
2   1.0 0.01759371 0.01779626 0.01734871 0.01248783 0.00000000 0.00000000
3   2.0 0.02863934 0.03228715 0.02146940 0.02634410 0.02746211 0.01682335
          oe         te
1 0.01927797 0.01670561
2 0.00000000 0.01248783
3 0.02449353 0.03251336

[[6]]
  delta         mu       mu_1       mu_0         de       se_1       se_0
1   0.5 0.02363161 0.01897097 0.02700065 0.02099888 0.01461078 0.02272549
2   1.0 0.01736432 0.01737981 0.01726190 0.01230804 0.00000000 0.00000000
3   2.0 0.02942252 0.03166944 0.02478748 0.02187075 0.02545740 0.02025363
          oe         te
1 0.02002431 0.01481886
2 0.00000000 0.01230804
3 0.02427540 0.03152270

[[7]]
  delta         mu       mu_1       mu_0         de       se_1       se_0
1   0.5 0.02509269 0.02015144 0.02835939 0.02146936 0.01612235 0.02265649
2   1.0 0.01703710 0.01753147 0.01653981 0.01264530 0.00000000 0.00000000
3   2.0 0.02874469 0.03023863 0.02378422 0.01993089 0.02305620 0.01925820
          oe         te
1 0.02046553 0.01606037
2 0.00000000 0.01264530
3 0.02266964 0.02919218

[[8]]
  delta         mu       mu_1       mu_0         de       se_1       se_0
1   0.5 0.02451809 0.02173735 0.02834483 0.02566069 0.01807911 0.02319835
2   1.0 0.01737487 0.01748770 0.01716339 0.01254563 0.00000000 0.00000000
3   2.0 0.03748269 0.04221103 0.02560051 0.02938842 0.03524901 0.02070275
          oe         te
1 0.02047647 0.01862688
2 0.00000000 0.01254563
3 0.03161293 0.04069655

[[9]]
  delta         mu       mu_1       mu_0         de       se_1       se_0
1   0.5 0.02492592 0.02047244 0.02939238 0.02439684 0.01675993 0.02509930
2   1.0 0.01720721 0.01772183 0.01659193 0.01216962 0.00000000 0.00000000
3   2.0 0.03200282 0.03386910 0.02600390 0.02136285 0.02591349 0.02077339
          oe         te
1 0.02186001 0.01633599
2 0.00000000 0.01216962
3 0.02496937 0.03138114

[[10]]
  delta         mu       mu_1       mu_0         de       se_1       se_0
1   0.5 0.02767575 0.02160337 0.03079857 0.02177656 0.01776609 0.02564856
2   1.0 0.01826930 0.01905817 0.01734800 0.01349875 0.00000000 0.00000000
3   2.0 0.03437840 0.03752327 0.02592792 0.02558113 0.02931350 0.02152032
          oe         te
1 0.02366365 0.01629736
2 0.00000000 0.01349875
3 0.02795067 0.03671888

[[11]]
  delta         mu       mu_1       mu_0         de       se_1       se_0
1   0.5 0.02785676 0.02160250 0.03174781 0.02350117 0.01740691 0.02620491
2   1.0 0.01666344 0.01704615 0.01663517 0.01230184 0.00000000 0.00000000
3   2.0 0.02680175 0.03086765 0.02134237 0.02567946 0.02549971 0.01739334
          oe         te
1 0.02366688 0.01756593
2 0.00000000 0.01230184
3 0.02210123 0.03076213

[[12]]
  delta         mu       mu_1       mu_0         de       se_1       se_0
1   0.5 0.02347423 0.02074768 0.02621426 0.02018325 0.01543885 0.02084683
2   1.0 0.01769904 0.01844789 0.01726001 0.01288198 0.00000000 0.00000000
3   2.0 0.02912431 0.03216440 0.02285522 0.02441520 0.02485307 0.01790148
          oe         te
1 0.01869875 0.01634536
2 0.00000000 0.01288198
3 0.02313145 0.03135268

[[13]]
  delta         mu       mu_1       mu_0         de       se_1       se_0
1   0.5 0.02343299 0.01901943 0.02625136 0.01951559 0.01346196 0.02061477
2   1.0 0.01774990 0.01834875 0.01697390 0.01281504 0.00000000 0.00000000
3   2.0 0.03321503 0.03667295 0.02369859 0.02711221 0.03017695 0.01915190
          oe         te
1 0.01866673 0.01348737
2 0.00000000 0.01281504
3 0.02800244 0.03625489

[[14]]
  delta         mu       mu_1       mu_0         de       se_1       se_0
1   0.5 0.02363170 0.02030956 0.02646162 0.02009050 0.01542617 0.02044884
2   1.0 0.01845025 0.01881280 0.01783555 0.01250426 0.00000000 0.00000000
3   2.0 0.03649058 0.03938348 0.02817489 0.02457015 0.03202685 0.02329148
          oe         te
1 0.01872796 0.01517004
2 0.00000000 0.01250426
3 0.03060394 0.03819518

[[15]]
  delta         mu       mu_1       mu_0         de       se_1       se_0
1   0.5 0.02573593 0.02193658 0.02797793 0.02039550 0.01603892 0.02297818
2   1.0 0.01872074 0.01896267 0.01783641 0.01268503 0.00000000 0.00000000
3   2.0 0.04725438 0.05383908 0.02876656 0.03910177 0.04802141 0.02484081
          oe         te
1 0.02089744 0.01584817
2 0.00000000 0.01268503
3 0.04237532 0.05282425

[[16]]
  delta         mu       mu_1       mu_0         de       se_1       se_0
1   0.5 0.02501808 0.02291687 0.02720073 0.02056624 0.01925456 0.02322572
2   1.0 0.01780319 0.01837352 0.01671662 0.01283700 0.00000000 0.00000000
3   2.0 0.03436565 0.03754100 0.02496435 0.02701485 0.02968212 0.02035393
          oe         te
1 0.02202807 0.01909884
2 0.00000000 0.01283700
3 0.02770337 0.03597883

[[17]]
  delta         mu       mu_1       mu_0         de       se_1       se_0
1   0.5 0.02337934 0.01979071 0.02644372 0.02138567 0.01607572 0.02182572
2   1.0 0.01706837 0.01764751 0.01655710 0.01251017 0.00000000 0.00000000
3   2.0 0.02977555 0.03220124 0.02332988 0.02187743 0.02436469 0.01842534
          oe         te
1 0.01990089 0.01581944
2 0.00000000 0.01251017
3 0.02321520 0.03061559

[[18]]
  delta         mu       mu_1       mu_0         de       se_1       se_0
1   0.5 0.02757656 0.02045644 0.03302084 0.02580290 0.01554014 0.02831728
2   1.0 0.01771512 0.01806696 0.01711263 0.01245562 0.00000000 0.00000000
3   2.0 0.03480325 0.03831972 0.02546357 0.02648354 0.03115992 0.02063202
          oe         te
1 0.02301221 0.01684348
2 0.00000000 0.01245562
3 0.02893227 0.03712816

[[19]]
  delta         mu       mu_1       mu_0         de       se_1       se_0
1   0.5 0.02750600 0.02154411 0.03162682 0.02577954 0.01853768 0.02845635
2   1.0 0.01604638 0.01681810 0.01570644 0.01256826 0.00000000 0.00000000
3   2.0 0.03226042 0.03528869 0.02382484 0.02284987 0.02937036 0.01971670
          oe         te
1 0.02513443 0.01852390
2 0.00000000 0.01256826
3 0.02747362 0.03463609

[[20]]
  delta         mu       mu_1       mu_0         de       se_1       se_0
1   0.5 0.02296503 0.01991851 0.02609977 0.02177588 0.01672436 0.02132176
2   1.0 0.01757630 0.01833109 0.01652612 0.01302102 0.00000000 0.00000000
3   2.0 0.03269069 0.03542210 0.02568753 0.02459994 0.02770023 0.01988326
          oe         te
1 0.01957297 0.01687163
2 0.00000000 0.01302102
3 0.02596070 0.03406668

[[1]]
  delta        mu      mu_1      mu_0         de       se_1        se_0
1   0.5 0.7833527 0.6927382 0.8441414 -0.1514032 0.01541472 -0.01091637
2   1.0 0.7549979 0.6773234 0.8550578 -0.1777343 0.00000000  0.00000000
3   2.0 0.7562280 0.7008627 0.8870451 -0.1861824 0.02353926  0.03198738
           oe         te
1 0.028354877 -0.1623196
2 0.000000000 -0.1777343
3 0.001230165 -0.1541951

[[2]]
  delta        mu      mu_1      mu_0         de        se_1         se_0
1   0.5 0.7932298 0.6966445 0.8594894 -0.1628449  0.01576226 -0.007592924
2   1.0 0.7599819 0.6808823 0.8670823 -0.1862001  0.00000000  0.000000000
3   2.0 0.7118211 0.6634712 0.8508001 -0.1873288 -0.01741102 -0.016282236
           oe         te
1  0.03324788 -0.1704378
2  0.00000000 -0.1862001
3 -0.04816082 -0.2036111

[[3]]
  delta        mu      mu_1      mu_0         de         se_1        se_0
1   0.5 0.7677880 0.6648305 0.8391232 -0.1742927 -0.002476977 -0.01405504
2   1.0 0.7474252 0.6673074 0.8531782 -0.1858708  0.000000000  0.00000000
3   2.0 0.6595510 0.5999153 0.8180127 -0.2180974 -0.067392139 -0.03516551
           oe         te
1  0.02036276 -0.1883478
2  0.00000000 -0.1858708
3 -0.08787422 -0.2532629

[[4]]
  delta        mu      mu_1      mu_0         de        se_1        se_0
1   0.5 0.8229204 0.7056055 0.8991865 -0.1935811  0.02610131  0.03922822
2   1.0 0.7586557 0.6795041 0.8599583 -0.1804542  0.00000000  0.00000000
3   2.0 0.6944605 0.6340033 0.8450907 -0.2110874 -0.04550085 -0.01486763
           oe         te
1  0.06426476 -0.1543529
2  0.00000000 -0.1804542
3 -0.06419516 -0.2259550

[[5]]
  delta        mu      mu_1      mu_0         de        se_1         se_0
1   0.5 0.7949509 0.6980503 0.8575705 -0.1595202  0.03090695  0.009521202
2   1.0 0.7461579 0.6671433 0.8480493 -0.1809059  0.00000000  0.000000000
3   2.0 0.6535722 0.5889892 0.8259332 -0.2369440 -0.07815419 -0.022116094
           oe         te
1  0.04879295 -0.1499990
2  0.00000000 -0.1809059
3 -0.09258575 -0.2590601

[[6]]
  delta        mu      mu_1      mu_0         de        se_1       se_0
1   0.5 0.7950794 0.6770642 0.8788061 -0.2017419  0.02979147  0.0285933
2   1.0 0.7323639 0.6472727 0.8502128 -0.2029400  0.00000000  0.0000000
3   2.0 0.6644178 0.6158757 0.8019290 -0.1860533 -0.03139705 -0.0482838
           oe         te
1  0.06271550 -0.1731486
2  0.00000000 -0.2029400
3 -0.06794614 -0.2343371

[[7]]
  delta        mu      mu_1      mu_0         de        se_1        se_0
1   0.5 0.8185180 0.7032698 0.8901136 -0.1868438  0.03149545  0.03392209
2   1.0 0.7536637 0.6717743 0.8561915 -0.1844172  0.00000000  0.00000000
3   2.0 0.6938742 0.6372493 0.8380161 -0.2007667 -0.03452499 -0.01817546
           oe         te
1  0.06485428 -0.1529218
2  0.00000000 -0.1844172
3 -0.05978950 -0.2189422

[[8]]
  delta        mu      mu_1      mu_0         de        se_1        se_0
1   0.5 0.7937397 0.6905697 0.8719333 -0.1813636  0.02992510  0.02486262
2   1.0 0.7367192 0.6606446 0.8470707 -0.1864261  0.00000000  0.00000000
3   2.0 0.6732948 0.6184861 0.8290549 -0.2105688 -0.04215845 -0.01801573
           oe         te
1  0.05702052 -0.1565010
2  0.00000000 -0.1864261
3 -0.06342441 -0.2285845

[[9]]
  delta        mu      mu_1      mu_0         de        se_1        se_0
1   0.5 0.7748176 0.6832018 0.8397190 -0.1565172  0.01628026 -0.02345564
2   1.0 0.7512560 0.6669215 0.8631746 -0.1962531  0.00000000  0.00000000
3   2.0 0.6659372 0.6031936 0.8468013 -0.2436077 -0.06372793 -0.01637336
           oe         te
1  0.02356159 -0.1799729
2  0.00000000 -0.1962531
3 -0.08531887 -0.2599811

[[10]]
  delta        mu      mu_1      mu_0         de        se_1        se_0
1   0.5 0.8633705 0.7336648 0.9430023 -0.2093375 0.057138750  0.07052005
2   1.0 0.7605415 0.6765260 0.8724822 -0.1959562 0.000000000  0.00000000
3   2.0 0.7285021 0.6850752 0.8439487 -0.1588735 0.008549152 -0.02853350
           oe         te
1  0.10282897 -0.1388174
2  0.00000000 -0.1959562
3 -0.03203945 -0.1874070

[[11]]
  delta        mu      mu_1      mu_0         de        se_1        se_0
1   0.5 0.7975059 0.6750674 0.8680523 -0.1929849  0.02534414  0.01703475
2   1.0 0.7407822 0.6497233 0.8510175 -0.2012943  0.00000000  0.00000000
3   2.0 0.6686701 0.6059122 0.8245437 -0.2186316 -0.04381107 -0.02647378
           oe         te
1  0.05672368 -0.1759501
2  0.00000000 -0.2012943
3 -0.07211215 -0.2451053

[[12]]
  delta        mu      mu_1      mu_0         de         se_1         se_0
1   0.5 0.7683837 0.6491116 0.8417734 -0.1926618 0.0075721143  0.004878861
2   1.0 0.7276924 0.6415395 0.8368945 -0.1953550 0.0000000000  0.000000000
3   2.0 0.6921777 0.6420529 0.8175354 -0.1754825 0.0005134116 -0.019359084
           oe         te
1  0.04069137 -0.1877829
2  0.00000000 -0.1953550
3 -0.03551471 -0.1948416

[[13]]
  delta        mu      mu_1      mu_0         de        se_1         se_0
1   0.5 0.7780285 0.6867990 0.8452214 -0.1584224  0.01764344 -0.008742041
2   1.0 0.7467230 0.6691556 0.8539634 -0.1848079  0.00000000  0.000000000
3   2.0 0.6874424 0.6290355 0.8486128 -0.2195773 -0.04012003 -0.005350637
           oe         te
1  0.03130554 -0.1671644
2  0.00000000 -0.1848079
3 -0.05928061 -0.2249279

[[14]]
  delta        mu      mu_1      mu_0         de        se_1         se_0
1   0.5 0.7899291 0.7079703 0.8469955 -0.1390251 0.007246560 -0.017802689
2   1.0 0.7709110 0.7007238 0.8647982 -0.1640744 0.000000000  0.000000000
3   2.0 0.7451896 0.7021516 0.8575650 -0.1554135 0.001427775 -0.007233106
           oe         te
1  0.01901809 -0.1568278
2  0.00000000 -0.1640744
3 -0.02572135 -0.1626466

[[15]]
  delta        mu      mu_1      mu_0         de        se_1        se_0
1   0.5 0.8297823 0.7238394 0.9066594 -0.1828200 0.020003719  0.01340152
2   1.0 0.7853735 0.7038357 0.8932579 -0.1894222 0.000000000  0.00000000
3   2.0 0.7598537 0.7125603 0.8780061 -0.1654458 0.008724664 -0.01525180
           oe         te
1  0.04440878 -0.1694185
2  0.00000000 -0.1894222
3 -0.02551980 -0.1806976

[[16]]
  delta        mu      mu_1      mu_0         de        se_1         se_0
1   0.5 0.8219329 0.7112691 0.8958690 -0.1845999 0.021641848 0.0200748566
2   1.0 0.7697923 0.6896272 0.8757941 -0.1861669 0.000000000 0.0000000000
3   2.0 0.7504112 0.6979758 0.8765045 -0.1785287 0.008348615 0.0007103835
           oe         te
1  0.05214064 -0.1645250
2  0.00000000 -0.1861669
3 -0.01938112 -0.1778183

[[17]]
  delta        mu      mu_1      mu_0         de        se_1         se_0
1   0.5 0.8003275 0.7099659 0.8624069 -0.1524410  0.02464248  0.009875145
2   1.0 0.7546979 0.6853234 0.8525317 -0.1672084  0.00000000  0.000000000
3   2.0 0.7160230 0.6717695 0.8370472 -0.1652777 -0.01355387 -0.015484548
           oe         te
1  0.04562961 -0.1425659
2  0.00000000 -0.1672084
3 -0.03867491 -0.1807622

[[18]]
  delta        mu      mu_1      mu_0         de        se_1        se_0
1   0.5 0.8307432 0.7063682 0.9114148 -0.2050465  0.02655288  0.04655310
2   1.0 0.7579996 0.6798153 0.8648617 -0.1850463  0.00000000  0.00000000
3   2.0 0.7000863 0.6450746 0.8430883 -0.1980137 -0.03474077 -0.02177339
           oe         te
1  0.07274354 -0.1584934
2  0.00000000 -0.1850463
3 -0.05791331 -0.2197871

[[19]]
  delta        mu      mu_1      mu_0         de        se_1        se_0
1   0.5 0.8183582 0.6826240 0.9062756 -0.2236517  0.02869917  0.05640049
2   1.0 0.7387499 0.6539248 0.8498751 -0.1959504  0.00000000  0.00000000
3   2.0 0.6873953 0.6295496 0.8385004 -0.2089508 -0.02437520 -0.01137473
           oe         te
1  0.07960827 -0.1672512
2  0.00000000 -0.1959504
3 -0.05135467 -0.2203256

[[20]]
  delta        mu      mu_1      mu_0         de        se_1        se_0
1   0.5 0.7741944 0.6734256 0.8509418 -0.1775161 0.005336806 -0.01629196
2   1.0 0.7503300 0.6680888 0.8672337 -0.1991449 0.000000000  0.00000000
3   2.0 0.7341628 0.6807512 0.8820559 -0.2013047 0.012662361  0.01482214
           oe         te
1  0.02386438 -0.1938081
2  0.00000000 -0.1991449
3 -0.01616718 -0.1864826

[[1]]
  delta         mu       mu_1       mu_0         de       se_1       se_0
1   0.5 0.02472193 0.02107212 0.02705804 0.01885807 0.01671627 0.02277023
2   1.0 0.01739257 0.01797365 0.01658892 0.01249381 0.00000000 0.00000000
3   2.0 0.03192445 0.03472071 0.02490026 0.02467141 0.02722773 0.01998145
         oe         te
1 0.0212236 0.01636057
2 0.0000000 0.01249381
3 0.0257826 0.03348328

[[2]]
  delta         mu       mu_1       mu_0         de       se_1       se_0
1   0.5 0.02380949 0.01958452 0.02705229 0.02057271 0.01435988 0.02134182
2   1.0 0.01796128 0.01870932 0.01761810 0.01346743 0.00000000 0.00000000
3   2.0 0.02868055 0.03120895 0.02339106 0.02268752 0.02274862 0.01723714
          oe         te
1 0.01952515 0.01523187
2 0.00000000 0.01346743
3 0.02158517 0.02978904

[[3]]
  delta         mu       mu_1       mu_0         de       se_1       se_0
1   0.5 0.02472686 0.02467142 0.02803242 0.02706727 0.02234312 0.02305247
2   1.0 0.01812338 0.01830414 0.01766481 0.01293663 0.00000000 0.00000000
3   2.0 0.03361886 0.03690440 0.02543772 0.02700533 0.02902116 0.02018244
          oe         te
1 0.02125485 0.02172362
2 0.00000000 0.01293663
3 0.02685615 0.03547773

[[4]]
  delta         mu       mu_1       mu_0         de       se_1       se_0
1   0.5 0.03006813 0.02136844 0.03808359 0.03407101 0.01597638 0.03411696
2   1.0 0.01772578 0.01791476 0.01731350 0.01253003 0.00000000 0.00000000
3   2.0 0.02888110 0.03182872 0.02384976 0.02557586 0.02615263 0.02011021
          oe         te
1 0.02623088 0.01630076
2 0.00000000 0.01253003
3 0.02422608 0.03184768

[[5]]
  delta         mu       mu_1       mu_0         de       se_1       se_0
1   0.5 0.02420779 0.02069547 0.02781060 0.02317853 0.01590496 0.02187947
2   1.0 0.01748025 0.01777684 0.01715155 0.01246778 0.00000000 0.00000000
3   2.0 0.02723310 0.03029134 0.02134593 0.02412999 0.02463742 0.01658416
          oe         te
1 0.01910538 0.01678457
2 0.00000000 0.01246778
3 0.02223957 0.02995668

[[6]]
  delta         mu       mu_1       mu_0         de       se_1       se_0
1   0.5 0.02359028 0.01896050 0.02696629 0.02108191 0.01460120 0.02269832
2   1.0 0.01736048 0.01737839 0.01725039 0.01231740 0.00000000 0.00000000
3   2.0 0.02939510 0.03161008 0.02478926 0.02177973 0.02533655 0.02024385
          oe         te
1 0.01999211 0.01485703
2 0.00000000 0.01231740
3 0.02419694 0.03142626

[[7]]
  delta         mu       mu_1       mu_0         de       se_1       se_0
1   0.5 0.02495208 0.02010655 0.02817485 0.02135252 0.01608587 0.02248113
2   1.0 0.01698915 0.01749591 0.01648426 0.01264411 0.00000000 0.00000000
3   2.0 0.02886354 0.03038456 0.02382874 0.02005468 0.02322689 0.01932691
          oe         te
1 0.02033478 0.01602108
2 0.00000000 0.01264411
3 0.02281385 0.02934730

[[8]]
  delta         mu       mu_1       mu_0         de       se_1       se_0
1   0.5 0.02464980 0.02160008 0.02897122 0.02658526 0.01783930 0.02375885
2   1.0 0.01737649 0.01750657 0.01713608 0.01251581 0.00000000 0.00000000
3   2.0 0.03745176 0.04217578 0.02560843 0.02932079 0.03514512 0.02067840
          oe         te
1 0.02048083 0.01841872
2 0.00000000 0.01251581
3 0.03151894 0.04057911

[[9]]
  delta         mu       mu_1       mu_0         de       se_1       se_0
1   0.5 0.02480177 0.02031542 0.02919973 0.02422252 0.01657136 0.02493127
2   1.0 0.01706338 0.01764914 0.01644542 0.01218956 0.00000000 0.00000000
3   2.0 0.03223443 0.03418119 0.02596360 0.02151234 0.02615513 0.02088043
          oe         te
1 0.02171754 0.01610794
2 0.00000000 0.01218956
3 0.02521167 0.03170666

[[10]]
  delta         mu       mu_1       mu_0         de       se_1       se_0
1   0.5 0.02759874 0.02156248 0.03073675 0.02176586 0.01776440 0.02566848
2   1.0 0.01820693 0.01902757 0.01727114 0.01346670 0.00000000 0.00000000
3   2.0 0.03437444 0.03752903 0.02589634 0.02555743 0.02932707 0.02146119
          oe         te
1 0.02366684 0.01631312
2 0.00000000 0.01346670
3 0.02794321 0.03670023

[[11]]
  delta         mu       mu_1       mu_0         de       se_1       se_0
1   0.5 0.02730197 0.02164412 0.03118320 0.02334352 0.01758739 0.02564631
2   1.0 0.01677994 0.01714728 0.01674995 0.01231568 0.00000000 0.00000000
3   2.0 0.02725199 0.03162792 0.02148703 0.02632974 0.02632524 0.01748829
          oe         te
1 0.02316805 0.01776271
2 0.00000000 0.01231568
3 0.02263065 0.03160582

[[12]]
  delta         mu       mu_1       mu_0         de       se_1       se_0
1   0.5 0.02350234 0.02075852 0.02636950 0.02028296 0.01559850 0.02104928
2   1.0 0.01772526 0.01850533 0.01725154 0.01292379 0.00000000 0.00000000
3   2.0 0.02967094 0.03281093 0.02305572 0.02491170 0.02541604 0.01803734
          oe         te
1 0.01881377 0.01642312
2 0.00000000 0.01292379
3 0.02359161 0.03195656

[[13]]
  delta         mu       mu_1       mu_0         de       se_1       se_0
1   0.5 0.02348165 0.01904800 0.02634913 0.01940055 0.01349149 0.02061644
2   1.0 0.01759436 0.01822143 0.01689333 0.01283079 0.00000000 0.00000000
3   2.0 0.03290355 0.03634599 0.02363885 0.02683581 0.02976022 0.01930973
          oe         te
1 0.01862892 0.01354445
2 0.00000000 0.01283079
3 0.02770454 0.03590598

[[14]]
  delta         mu       mu_1       mu_0         de       se_1       se_0
1   0.5 0.02353769 0.02027763 0.02641367 0.02011283 0.01545866 0.02050498
2   1.0 0.01842475 0.01882146 0.01777180 0.01248310 0.00000000 0.00000000
3   2.0 0.03645797 0.03934158 0.02807616 0.02446659 0.03196604 0.02322316
          oe         te
1 0.01874679 0.01524631
2 0.00000000 0.01248310
3 0.03054740 0.03811912

[[15]]
  delta         mu       mu_1       mu_0         de       se_1       se_0
1   0.5 0.02581942 0.02193364 0.02809931 0.02047901 0.01603140 0.02310692
2   1.0 0.01868611 0.01892768 0.01782435 0.01269275 0.00000000 0.00000000
3   2.0 0.04726917 0.05394839 0.02876950 0.03943989 0.04814959 0.02489203
          oe         te
1 0.02098573 0.01584838
2 0.00000000 0.01269275
3 0.04242373 0.05295792

[[16]]
  delta         mu       mu_1       mu_0         de       se_1       se_0
1   0.5 0.02505832 0.02286060 0.02736522 0.02067917 0.01921580 0.02337450
2   1.0 0.01780167 0.01839167 0.01670120 0.01287750 0.00000000 0.00000000
3   2.0 0.03423745 0.03742256 0.02490669 0.02697197 0.02959911 0.02025856
          oe         te
1 0.02207025 0.01909348
2 0.00000000 0.01287750
3 0.02760969 0.03589984

[[17]]
  delta         mu       mu_1       mu_0         de       se_1       se_0
1   0.5 0.02342396 0.01972110 0.02661317 0.02153043 0.01596885 0.02203130
2   1.0 0.01707775 0.01766788 0.01658990 0.01251887 0.00000000 0.00000000
3   2.0 0.02987076 0.03232220 0.02342907 0.02188239 0.02446134 0.01848151
          oe         te
1 0.01997944 0.01574307
2 0.00000000 0.01251887
3 0.02329175 0.03070021

[[18]]
  delta         mu       mu_1       mu_0         de       se_1       se_0
1   0.5 0.02674065 0.02020730 0.03192051 0.02500329 0.01540435 0.02727074
2   1.0 0.01747863 0.01794133 0.01680927 0.01229951 0.00000000 0.00000000
3   2.0 0.03402700 0.03739339 0.02512580 0.02583016 0.03015502 0.02005483
          oe         te
1 0.02230510 0.01675809
2 0.00000000 0.01229951
3 0.02798913 0.03603431

[[19]]
  delta         mu       mu_1       mu_0         de       se_1       se_0
1   0.5 0.02683585 0.02158721 0.03062017 0.02486293 0.01857015 0.02733491
2   1.0 0.01592587 0.01669834 0.01565217 0.01262632 0.00000000 0.00000000
3   2.0 0.03324863 0.03643328 0.02405710 0.02349332 0.03060975 0.02008262
          oe         te
1 0.02435356 0.01858173
2 0.00000000 0.01262632
3 0.02857663 0.03580608

[[20]]
  delta         mu       mu_1       mu_0         de       se_1       se_0
1   0.5 0.02292794 0.01978238 0.02601112 0.02143450 0.01660909 0.02121731
2   1.0 0.01764549 0.01840128 0.01654494 0.01301190 0.00000000 0.00000000
3   2.0 0.03341368 0.03629971 0.02575239 0.02520078 0.02860121 0.01994827
          oe         te
1 0.01954136 0.01663918
2 0.00000000 0.01301190
3 0.02669968 0.03493258

[1] "Total run time was 3044.346 seconds"
