Warning message:
package ‘SuperLearner’ was built under R version 4.1.3 
[1] "[Simulation setting]"
[1] "n: 500"
[1] "deltas: 0.5, 1, 2"
[1] "K: 2"
[1] "r: 100"
[1] "s: 1"
[1] "Sim.id 1"
[1] "Data generated and format changed"
[1] "   Split: 1"
Loading required namespace: nnet
Loading required namespace: ranger
[1] "   Split: 2"
[1] "Estimates and SE estimates computed"
[1] ""
[1] "Sim.id 2"
[1] "Data generated and format changed"
[1] "   Split: 1"
[1] "   Split: 2"
[1] "Estimates and SE estimates computed"
[1] ""
[1] "Sim.id 3"
[1] "Data generated and format changed"
[1] "   Split: 1"
[1] "   Split: 2"
[1] "Estimates and SE estimates computed"
[1] ""
[1] "Sim.id 4"
[1] "Data generated and format changed"
[1] "   Split: 1"
[1] "   Split: 2"
[1] "Estimates and SE estimates computed"
[1] ""
[1] "Sim.id 5"
[1] "Data generated and format changed"
[1] "   Split: 1"
[1] "   Split: 2"
[1] "Estimates and SE estimates computed"
[1] ""
[1] "Sim.id 6"
[1] "Data generated and format changed"
[1] "   Split: 1"
[1] "   Split: 2"
[1] "Estimates and SE estimates computed"
[1] ""
[1] "Sim.id 7"
[1] "Data generated and format changed"
[1] "   Split: 1"
[1] "   Split: 2"
[1] "Estimates and SE estimates computed"
[1] ""
[1] "Sim.id 8"
[1] "Data generated and format changed"
[1] "   Split: 1"
[1] "   Split: 2"
[1] "Estimates and SE estimates computed"
[1] ""
[1] "Sim.id 9"
[1] "Data generated and format changed"
[1] "   Split: 1"
[1] "   Split: 2"
[1] "Estimates and SE estimates computed"
[1] ""
[1] "Sim.id 10"
[1] "Data generated and format changed"
[1] "   Split: 1"
[1] "   Split: 2"
[1] "Estimates and SE estimates computed"
[1] ""
[1] "Sim.id 11"
[1] "Data generated and format changed"
[1] "   Split: 1"
[1] "   Split: 2"
[1] "Estimates and SE estimates computed"
[1] ""
[1] "Sim.id 12"
[1] "Data generated and format changed"
[1] "   Split: 1"
[1] "   Split: 2"
[1] "Estimates and SE estimates computed"
[1] ""
[1] "Sim.id 13"
[1] "Data generated and format changed"
[1] "   Split: 1"
[1] "   Split: 2"
[1] "Estimates and SE estimates computed"
[1] ""
[1] "Sim.id 14"
[1] "Data generated and format changed"
[1] "   Split: 1"
[1] "   Split: 2"
[1] "Estimates and SE estimates computed"
[1] ""
[1] "Sim.id 15"
[1] "Data generated and format changed"
[1] "   Split: 1"
[1] "   Split: 2"
[1] "Estimates and SE estimates computed"
[1] ""
[1] "Sim.id 16"
[1] "Data generated and format changed"
[1] "   Split: 1"
[1] "   Split: 2"
[1] "Estimates and SE estimates computed"
[1] ""
[1] "Sim.id 17"
[1] "Data generated and format changed"
[1] "   Split: 1"
[1] "   Split: 2"
[1] "Estimates and SE estimates computed"
[1] ""
[1] "Sim.id 18"
[1] "Data generated and format changed"
[1] "   Split: 1"
[1] "   Split: 2"
[1] "Estimates and SE estimates computed"
[1] ""
[1] "Sim.id 19"
[1] "Data generated and format changed"
[1] "   Split: 1"
[1] "   Split: 2"
[1] "Estimates and SE estimates computed"
[1] ""
[1] "Sim.id 20"
[1] "Data generated and format changed"
[1] "   Split: 1"
[1] "   Split: 2"
[1] "Estimates and SE estimates computed"
[1] ""
[[1]]
  delta        mu      mu_1      mu_0         de        se_1        se_0
1   0.5 0.8229050 0.7022731 0.8928076 -0.1905345  0.02509938  0.02904841
2   1.0 0.7642579 0.6771737 0.8637592 -0.1865855  0.00000000  0.00000000
3   2.0 0.6839115 0.6202847 0.8332152 -0.2129305 -0.05688903 -0.03054401
           oe         te
1  0.05864713 -0.1614861
2  0.00000000 -0.1865855
3 -0.08034632 -0.2434745

[[2]]
  delta        mu      mu_1      mu_0         de        se_1        se_0
1   0.5 0.8051287 0.6941866 0.8788758 -0.1846892  0.03580267  0.03536155
2   1.0 0.7378258 0.6583839 0.8435143 -0.1851303  0.00000000  0.00000000
3   2.0 0.6645733 0.6200326 0.7998727 -0.1798401 -0.03835130 -0.04364152
           oe         te
1  0.06730298 -0.1493277
2  0.00000000 -0.1851303
3 -0.07325242 -0.2234816

[[3]]
  delta        mu      mu_1      mu_0         de        se_1        se_0
1   0.5 0.8091324 0.7022323 0.8802990 -0.1780667  0.05148677  0.03718191
2   1.0 0.7330369 0.6507455 0.8431171 -0.1923716  0.00000000  0.00000000
3   2.0 0.6684846 0.6121783 0.8211903 -0.2090119 -0.03856716 -0.02192679
           oe         te
1  0.07609556 -0.1408848
2  0.00000000 -0.1923716
3 -0.06455228 -0.2309387

[[4]]
  delta        mu      mu_1      mu_0         de        se_1        se_0
1   0.5 0.8378441 0.7073601 0.9208985 -0.2135384  0.01281068  0.04383015
2   1.0 0.7742908 0.6945495 0.8770684 -0.1825189  0.00000000  0.00000000
3   2.0 0.7130745 0.6582679 0.8597731 -0.2015052 -0.03628154 -0.01729526
           oe         te
1  0.06355332 -0.1697082
2  0.00000000 -0.1825189
3 -0.06121632 -0.2188004

[[5]]
  delta        mu      mu_1      mu_0         de        se_1        se_0
1   0.5 0.8536484 0.7241543 0.9359674 -0.2118131  0.02389597  0.03968116
2   1.0 0.7844063 0.7002583 0.8962862 -0.1960279  0.00000000  0.00000000
3   2.0 0.7018604 0.6470768 0.8548236 -0.2077468 -0.05318151 -0.04146260
           oe         te
1  0.06924212 -0.1721319
2  0.00000000 -0.1960279
3 -0.08254593 -0.2492094

[[6]]
  delta        mu      mu_1      mu_0         de          se_1        se_0
1   0.5 0.7759989 0.6648673 0.8505602 -0.1856930 -0.0008892637 0.012533377
2   1.0 0.7388096 0.6657565 0.8380269 -0.1722703  0.0000000000 0.000000000
3   2.0 0.7203011 0.6710478 0.8471432 -0.1760953  0.0052913059 0.009116315
           oe         te
1  0.03718928 -0.1731596
2  0.00000000 -0.1722703
3 -0.01850851 -0.1669790

[[7]]
  delta        mu      mu_1      mu_0         de       se_1         se_0
1   0.5 0.8159073 0.6951459 0.8910295 -0.1958836 0.02812784  0.025298596
2   1.0 0.7528884 0.6670180 0.8657309 -0.1987128 0.00000000  0.000000000
3   2.0 0.7469171 0.7006585 0.8597282 -0.1590697 0.03364052 -0.006002611
            oe         te
1  0.063018911 -0.1705850
2  0.000000000 -0.1987128
3 -0.005971287 -0.1650723

[[8]]
  delta        mu      mu_1      mu_0         de        se_1         se_0
1   0.5 0.7849192 0.6681625 0.8640564 -0.1958939 0.009660332  0.025537446
2   1.0 0.7330217 0.6585021 0.8385189 -0.1800168 0.000000000  0.000000000
3   2.0 0.7084758 0.6657467 0.8335110 -0.1677643 0.007244583 -0.005007875
           oe         te
1  0.05189753 -0.1703565
2  0.00000000 -0.1800168
3 -0.02454588 -0.1727722

[[9]]
  delta        mu      mu_1      mu_0         de         se_1         se_0
1   0.5 0.8328294 0.6970275 0.9129115 -0.2158840  0.023849155  0.040766717
2   1.0 0.7624656 0.6731783 0.8721447 -0.1989664  0.000000000  0.000000000
3   2.0 0.7248548 0.6669495 0.8633809 -0.1964314 -0.006228761 -0.008763839
           oe         te
1  0.07036382 -0.1751173
2  0.00000000 -0.1989664
3 -0.03761080 -0.2051952

[[10]]
  delta        mu      mu_1      mu_0         de         se_1        se_0
1   0.5 0.7496574 0.6586972 0.8149110 -0.1562138 -0.009309576 -0.02401751
2   1.0 0.7407864 0.6680068 0.8389286 -0.1709217  0.000000000  0.00000000
3   2.0 0.7513666 0.7016827 0.8757781 -0.1740953  0.033675910  0.03684951
           oe         te
1 0.008871021 -0.1802313
2 0.000000000 -0.1709217
3 0.010580165 -0.1372458

[[11]]
  delta        mu      mu_1      mu_0         de        se_1        se_0
1   0.5 0.8197000 0.7007609 0.8967328 -0.1959719  0.02362505  0.01888621
2   1.0 0.7657359 0.6771358 0.8778466 -0.2007107  0.00000000  0.00000000
3   2.0 0.6894276 0.6259503 0.8542520 -0.2283017 -0.05118551 -0.02359459
           oe         te
1  0.05396415 -0.1770857
2  0.00000000 -0.2007107
3 -0.07630821 -0.2518962

[[12]]
  delta        mu      mu_1      mu_0         de        se_1          se_0
1   0.5 0.8207792 0.7163339 0.8879187 -0.1715847  0.03956344 -0.0003453894
2   1.0 0.7706296 0.6767705 0.8882641 -0.2114936  0.00000000  0.0000000000
3   2.0 0.6821319 0.6122931 0.8536582 -0.2413652 -0.06447742 -0.0346058087
           oe         te
1  0.05014960 -0.1719301
2  0.00000000 -0.2114936
3 -0.08849773 -0.2759710

[[13]]
  delta        mu      mu_1      mu_0         de        se_1        se_0
1   0.5 0.7850314 0.6676239 0.8578913 -0.1902675 0.001643844 0.017289673
2   1.0 0.7463698 0.6659800 0.8406017 -0.1746216 0.000000000 0.000000000
3   2.0 0.7223125 0.6694458 0.8421888 -0.1727430 0.003465801 0.001587136
           oe         te
1  0.03866161 -0.1729778
2  0.00000000 -0.1746216
3 -0.02405732 -0.1711558

[[14]]
  delta        mu      mu_1      mu_0         de         se_1         se_0
1   0.5 0.7852567 0.6955540 0.8545401 -0.1589861  0.009495122 -0.004685091
2   1.0 0.7558591 0.6860589 0.8592252 -0.1731663  0.000000000  0.000000000
3   2.0 0.7252950 0.6828559 0.8514073 -0.1685514 -0.003203022 -0.007817921
           oe         te
1  0.02939763 -0.1636712
2  0.00000000 -0.1731663
3 -0.03056410 -0.1763694

[[15]]
  delta        mu      mu_1      mu_0         de       se_1        se_0
1   0.5 0.8254240 0.6943144 0.9128065 -0.2184921 0.02816673  0.05346134
2   1.0 0.7473472 0.6661477 0.8593452 -0.1931975 0.00000000  0.00000000
3   2.0 0.7289863 0.6837712 0.8463111 -0.1625399 0.01762357 -0.01303403
           oe         te
1  0.07807676 -0.1650308
2  0.00000000 -0.1931975
3 -0.01836086 -0.1755740

[[16]]
  delta        mu      mu_1      mu_0         de        se_1        se_0
1   0.5 0.8030418 0.6978570 0.8701052 -0.1722482 0.003656504 0.009147551
2   1.0 0.7687152 0.6942005 0.8609576 -0.1667571 0.000000000 0.000000000
3   2.0 0.7558714 0.7027278 0.8720373 -0.1693095 0.008527318 0.011079676
           oe         te
1  0.03432662 -0.1631006
2  0.00000000 -0.1667571
3 -0.01284381 -0.1582298

[[17]]
  delta        mu      mu_1      mu_0         de       se_1       se_0
1   0.5 0.8098188 0.6893795 0.8873078 -0.1979282 0.01036999 0.02826452
2   1.0 0.7577543 0.6790095 0.8590432 -0.1800337 0.00000000 0.00000000
3   2.0 0.7550756 0.7038941 0.8766730 -0.1727789 0.02488453 0.01762971
            oe         te
1  0.052064497 -0.1696637
2  0.000000000 -0.1800337
3 -0.002678663 -0.1551492

[[18]]
  delta        mu      mu_1      mu_0         de        se_1        se_0
1   0.5 0.8401948 0.7169998 0.9121943 -0.1951945  0.04313615  0.03354074
2   1.0 0.7662233 0.6738636 0.8786535 -0.2047899  0.00000000  0.00000000
3   2.0 0.6842783 0.6247634 0.8391961 -0.2144327 -0.04910022 -0.03945747
           oe         te
1  0.07397151 -0.1616538
2  0.00000000 -0.2047899
3 -0.08194497 -0.2538901

[[19]]
  delta        mu      mu_1      mu_0         de        se_1        se_0
1   0.5 0.8154399 0.6938206 0.9021117 -0.2082911  0.03303710  0.04109190
2   1.0 0.7447633 0.6607835 0.8610198 -0.2002363  0.00000000  0.00000000
3   2.0 0.6644489 0.6141196 0.8076099 -0.1934904 -0.04666398 -0.05340993
           oe         te
1  0.07067657 -0.1671992
2  0.00000000 -0.2002363
3 -0.08031444 -0.2469003

[[20]]
  delta        mu      mu_1      mu_0         de       se_1        se_0
1   0.5 0.8387617 0.6936460 0.9281121 -0.2344661 0.03054602  0.06026350
2   1.0 0.7536654 0.6631000 0.8678486 -0.2047486 0.00000000  0.00000000
3   2.0 0.7237351 0.6808049 0.8341824 -0.1533775 0.01770490 -0.03366618
           oe         te
1  0.08509628 -0.1742026
2  0.00000000 -0.2047486
3 -0.02993031 -0.1870437

[[1]]
  delta         mu       mu_1       mu_0         de       se_1       se_0
1   0.5 0.02645159 0.02079601 0.02999729 0.02271662 0.01488229 0.02423237
2   1.0 0.01741078 0.01772560 0.01725125 0.01263217 0.00000000 0.00000000
3   2.0 0.02642641 0.02911748 0.02200098 0.02299743 0.02377961 0.01919750
          oe         te
1 0.02146546 0.01479001
2 0.00000000 0.01263217
3 0.02240844 0.02958967

[[2]]
  delta         mu       mu_1       mu_0         de      se_1       se_0
1   0.5 0.02489162 0.02119742 0.02891640 0.02386276 0.0149688 0.02308754
2   1.0 0.01811511 0.01866854 0.01731809 0.01210669 0.0000000 0.00000000
3   2.0 0.03384861 0.03680605 0.02385709 0.02347731 0.0293088 0.01919852
          oe         te
1 0.01960546 0.01467008
2 0.00000000 0.01210669
3 0.02756347 0.03515162

[[3]]
  delta         mu       mu_1       mu_0         de       se_1       se_0
1   0.5 0.02195773 0.01790569 0.02480883 0.01911014 0.01417177 0.02103744
2   1.0 0.01655273 0.01733978 0.01575504 0.01255466 0.00000000 0.00000000
3   2.0 0.03389512 0.03698484 0.02553186 0.02555078 0.03139593 0.02245953
          oe         te
1 0.01907835 0.01391407
2 0.00000000 0.01255466
3 0.02968116 0.03735319

[[4]]
  delta         mu       mu_1       mu_0         de       se_1       se_0
1   0.5 0.02360799 0.01876368 0.02784821 0.02280066 0.01451511 0.02291282
2   1.0 0.01692070 0.01776625 0.01622645 0.01280736 0.00000000 0.00000000
3   2.0 0.03289801 0.03524311 0.02504485 0.02247972 0.02736972 0.02056749
          oe         te
1 0.01932506 0.01445013
2 0.00000000 0.01280736
3 0.02657038 0.03381535

[[5]]
  delta         mu       mu_1       mu_0         de       se_1       se_0
1   0.5 0.02585147 0.02155234 0.02874096 0.02026178 0.01636156 0.02286051
2   1.0 0.01822323 0.01856920 0.01767548 0.01261468 0.00000000 0.00000000
3   2.0 0.03001637 0.03211945 0.02448602 0.02336548 0.02514217 0.01951794
          oe         te
1 0.02077806 0.01614627
2 0.00000000 0.01261468
3 0.02404750 0.03132802

[[6]]
  delta         mu       mu_1       mu_0         de       se_1       se_0
1   0.5 0.02621508 0.02251848 0.02897478 0.02226061 0.01704923 0.02282570
2   1.0 0.01699419 0.01734472 0.01690619 0.01231037 0.00000000 0.00000000
3   2.0 0.02628958 0.02838709 0.02215724 0.02075121 0.02101572 0.01722734
          oe         te
1 0.02058319 0.01711830
2 0.00000000 0.01231037
3 0.02024616 0.02721306

[[7]]
  delta         mu       mu_1       mu_0         de       se_1       se_0
1   0.5 0.02453135 0.01991439 0.02832677 0.02363847 0.01589079 0.02426498
2   1.0 0.01701580 0.01730473 0.01642535 0.01214264 0.00000000 0.00000000
3   2.0 0.03312404 0.03648965 0.02490797 0.02666201 0.02967943 0.02101380
          oe         te
1 0.02061969 0.01709937
2 0.00000000 0.01214264
3 0.02781191 0.03590890

[[8]]
  delta         mu       mu_1       mu_0         de       se_1       se_0
1   0.5 0.02534053 0.02081125 0.02886843 0.02276059 0.01594358 0.02422885
2   1.0 0.01818389 0.01838761 0.01805513 0.01305790 0.00000000 0.00000000
3   2.0 0.03440132 0.03760238 0.02691347 0.02572392 0.03008442 0.02240530
          oe         te
1 0.02115987 0.01575153
2 0.00000000 0.01305790
3 0.02850491 0.03721312

[[9]]
  delta         mu       mu_1       mu_0         de       se_1       se_0
1   0.5 0.02439379 0.02078799 0.02779072 0.02195161 0.01592608 0.02217210
2   1.0 0.01855885 0.01909844 0.01779527 0.01250303 0.00000000 0.00000000
3   2.0 0.03084014 0.03280247 0.02499914 0.02294613 0.02487314 0.01936439
          oe         te
1 0.01963971 0.01622950
2 0.00000000 0.01250303
3 0.02378582 0.03102651

[[10]]
  delta         mu       mu_1       mu_0         de       se_1       se_0
1   0.5 0.02277995 0.01959446 0.02542564 0.01917992 0.01501969 0.02086689
2   1.0 0.01818298 0.01894956 0.01717913 0.01293617 0.00000000 0.00000000
3   2.0 0.03756535 0.04140408 0.02605105 0.02735148 0.03228927 0.02029800
          oe         te
1 0.01885155 0.01484028
2 0.00000000 0.01293617
3 0.03004549 0.03910058

[[11]]
  delta         mu       mu_1       mu_0         de       se_1       se_0
1   0.5 0.02817550 0.02015261 0.03296186 0.02637039 0.01548999 0.02847832
2   1.0 0.01684961 0.01743856 0.01669654 0.01357277 0.00000000 0.00000000
3   2.0 0.02883451 0.03176843 0.02286801 0.02418519 0.02492168 0.01921077
          oe         te
1 0.02439626 0.01547345
2 0.00000000 0.01357277
3 0.02349744 0.03161780

[[12]]
  delta         mu       mu_1       mu_0         de       se_1       se_0
1   0.5 0.02304080 0.02036625 0.02486557 0.01912731 0.01538884 0.02025179
2   1.0 0.01782996 0.01790375 0.01718238 0.01199004 0.00000000 0.00000000
3   2.0 0.02870499 0.03037876 0.02314888 0.02139939 0.02498922 0.01923610
          oe         te
1 0.01887778 0.01582123
2 0.00000000 0.01199004
3 0.02411902 0.03031304

[[13]]
  delta         mu       mu_1       mu_0         de       se_1       se_0
1   0.5 0.02668880 0.02090167 0.03074490 0.02510401 0.01645034 0.02646521
2   1.0 0.01683717 0.01718468 0.01657553 0.01226306 0.00000000 0.00000000
3   2.0 0.03081500 0.03465160 0.02217769 0.02554382 0.02936690 0.01926535
          oe         te
1 0.02269345 0.01673741
2 0.00000000 0.01226306
3 0.02676143 0.03485750

[[14]]
  delta         mu       mu_1       mu_0         de       se_1       se_0
1   0.5 0.02458886 0.02039933 0.02710358 0.01973373 0.01584891 0.02141144
2   1.0 0.01793215 0.01879734 0.01705291 0.01364215 0.00000000 0.00000000
3   2.0 0.03179927 0.03450697 0.02472636 0.02352068 0.02627041 0.02049317
          oe         te
1 0.02015217 0.01518470
2 0.00000000 0.01364215
3 0.02526710 0.03334789

[[15]]
  delta         mu       mu_1       mu_0         de       se_1       se_0
1   0.5 0.02416035 0.02075177 0.02680355 0.02027963 0.01556779 0.02268830
2   1.0 0.01752537 0.01813950 0.01677935 0.01215672 0.00000000 0.00000000
3   2.0 0.03148162 0.03382811 0.02415822 0.02159354 0.02749438 0.01910357
          oe         te
1 0.02035091 0.01621590
2 0.00000000 0.01215672
3 0.02613698 0.03279535

[[16]]
  delta         mu       mu_1       mu_0         de       se_1       se_0
1   0.5 0.02310806 0.01936609 0.02643277 0.02039652 0.01442957 0.02149980
2   1.0 0.01795723 0.01854942 0.01743737 0.01226583 0.00000000 0.00000000
3   2.0 0.03245454 0.03587349 0.02501046 0.02692789 0.02854226 0.01891846
          oe         te
1 0.01890919 0.01456000
2 0.00000000 0.01226583
3 0.02628830 0.03468765

[[17]]
  delta         mu       mu_1       mu_0         de       se_1       se_0
1   0.5 0.02412617 0.02072772 0.02727835 0.02299737 0.01623000 0.02216718
2   1.0 0.01790602 0.01798882 0.01753495 0.01287928 0.00000000 0.00000000
3   2.0 0.04348257 0.05022229 0.02530275 0.03883286 0.04479941 0.02149062
          oe         te
1 0.01972865 0.01668596
2 0.00000000 0.01287928
3 0.03931843 0.05022110

[[18]]
  delta         mu       mu_1       mu_0         de       se_1       se_0
1   0.5 0.02449683 0.01997415 0.02764731 0.02108847 0.01499957 0.02329454
2   1.0 0.01846226 0.01884576 0.01772244 0.01240859 0.00000000 0.00000000
3   2.0 0.03336853 0.03568723 0.02575493 0.02290616 0.02890467 0.02107212
          oe         te
1 0.02011218 0.01520839
2 0.00000000 0.01240859
3 0.02809386 0.03513414

[[19]]
  delta         mu       mu_1       mu_0         de       se_1       se_0
1   0.5 0.02515107 0.01890057 0.02994128 0.02296098 0.01465433 0.02519166
2   1.0 0.01632291 0.01681187 0.01589323 0.01242845 0.00000000 0.00000000
3   2.0 0.02812478 0.03041637 0.02760646 0.02760162 0.02520054 0.02355745
          oe         te
1 0.02132030 0.01510467
2 0.00000000 0.01242845
3 0.02379591 0.03092988

[[20]]
  delta         mu       mu_1       mu_0         de       se_1       se_0
1   0.5 0.02502721 0.02417593 0.02991283 0.03171882 0.02032148 0.02722447
2   1.0 0.01717467 0.01783123 0.01642948 0.01251887 0.00000000 0.00000000
3   2.0 0.03593363 0.03960472 0.02629494 0.02660698 0.03207637 0.02137309
          oe         te
1 0.02241074 0.02005410
2 0.00000000 0.01251887
3 0.02966075 0.03784092

[[1]]
  delta        mu      mu_1      mu_0         de        se_1        se_0
1   0.5 0.8206072 0.7005123 0.8904213 -0.1899090  0.02502600  0.02694422
2   1.0 0.7631918 0.6754863 0.8634771 -0.1879908  0.00000000  0.00000000
3   2.0 0.6832394 0.6190996 0.8329565 -0.2138568 -0.05638665 -0.03052060
           oe         te
1  0.05741537 -0.1629648
2  0.00000000 -0.1879908
3 -0.07995238 -0.2443774

[[2]]
  delta        mu      mu_1      mu_0         de        se_1        se_0
1   0.5 0.8046945 0.6938252 0.8784500 -0.1846248  0.03505148  0.03507090
2   1.0 0.7379987 0.6587737 0.8433791 -0.1846054  0.00000000  0.00000000
3   2.0 0.6656995 0.6212055 0.8002939 -0.1790884 -0.03756819 -0.04308522
           oe         te
1  0.06669578 -0.1495539
2  0.00000000 -0.1846054
3 -0.07229925 -0.2221736

[[3]]
  delta        mu      mu_1      mu_0         de        se_1        se_0
1   0.5 0.8113420 0.7024518 0.8830258 -0.1805741  0.05102538  0.03930508
2   1.0 0.7337109 0.6514264 0.8437207 -0.1922944  0.00000000  0.00000000
3   2.0 0.6696232 0.6132621 0.8218246 -0.2085625 -0.03816423 -0.02189608
           oe         te
1  0.07763111 -0.1412690
2  0.00000000 -0.1922944
3 -0.06408766 -0.2304586

[[4]]
  delta        mu      mu_1      mu_0         de        se_1        se_0
1   0.5 0.8379952 0.7076551 0.9209693 -0.2133142  0.01301983  0.04392479
2   1.0 0.7743208 0.6946352 0.8770445 -0.1824093  0.00000000  0.00000000
3   2.0 0.7127781 0.6579364 0.8596579 -0.2017214 -0.03669878 -0.01738659
           oe         te
1  0.06367434 -0.1693894
2  0.00000000 -0.1824093
3 -0.06154271 -0.2191080

[[5]]
  delta        mu      mu_1      mu_0         de        se_1        se_0
1   0.5 0.8541855 0.7240324 0.9368466 -0.2128141  0.02433839  0.04112866
2   1.0 0.7839290 0.6996941 0.8957179 -0.1960238  0.00000000  0.00000000
3   2.0 0.7021696 0.6474928 0.8536065 -0.2061137 -0.05220123 -0.04211135
           oe         te
1  0.07025646 -0.1716855
2  0.00000000 -0.1960238
3 -0.08175944 -0.2482251

[[6]]
  delta        mu      mu_1      mu_0         de         se_1        se_0
1   0.5 0.7707638 0.6617673 0.8451160 -0.1833487 -0.005820226 0.005693329
2   1.0 0.7407294 0.6675875 0.8394227 -0.1718351  0.000000000 0.000000000
3   2.0 0.7221695 0.6727966 0.8477953 -0.1749988  0.005209029 0.008372671
           oe         te
1  0.03003439 -0.1776554
2  0.00000000 -0.1718351
3 -0.01855992 -0.1666261

[[7]]
  delta        mu      mu_1      mu_0         de       se_1         se_0
1   0.5 0.8155923 0.6948351 0.8907138 -0.1958787 0.02803332  0.024980333
2   1.0 0.7527730 0.6668017 0.8657335 -0.1989317 0.00000000  0.000000000
3   2.0 0.7461837 0.6996446 0.8597511 -0.1601065 0.03284284 -0.005982365
            oe         te
1  0.062819343 -0.1708984
2  0.000000000 -0.1989317
3 -0.006589245 -0.1660889

[[8]]
  delta        mu      mu_1      mu_0         de        se_1         se_0
1   0.5 0.7843741 0.6678597 0.8639892 -0.1961295 0.009053543  0.025596055
2   1.0 0.7330402 0.6588061 0.8383931 -0.1795870 0.000000000  0.000000000
3   2.0 0.7090196 0.6659990 0.8339187 -0.1679197 0.007192910 -0.004474434
           oe         te
1  0.05133391 -0.1705335
2  0.00000000 -0.1795870
3 -0.02402058 -0.1723941

[[9]]
  delta        mu      mu_1      mu_0         de         se_1         se_0
1   0.5 0.8297638 0.6947894 0.9100213 -0.2152319  0.022451886  0.039421929
2   1.0 0.7610947 0.6723375 0.8705993 -0.1982618  0.000000000  0.000000000
3   2.0 0.7239948 0.6658060 0.8633768 -0.1975708 -0.006531512 -0.007222508
          oe         te
1  0.0686691 -0.1758099
2  0.0000000 -0.1982618
3 -0.0370999 -0.2047933

[[10]]
  delta        mu      mu_1      mu_0         de         se_1        se_0
1   0.5 0.7515654 0.6596842 0.8170714 -0.1573872 -0.009229437 -0.02306484
2   1.0 0.7418349 0.6689136 0.8401363 -0.1712226  0.000000000  0.00000000
3   2.0 0.7540038 0.7045337 0.8769255 -0.1723918  0.035620086  0.03678926
           oe         te
1 0.009730553 -0.1804521
2 0.000000000 -0.1712226
3 0.012168879 -0.1356026

[[11]]
  delta        mu      mu_1      mu_0         de        se_1        se_0
1   0.5 0.8205533 0.7014882 0.8978408 -0.1963525  0.02444714  0.01927802
2   1.0 0.7657956 0.6770411 0.8785627 -0.2015216  0.00000000  0.00000000
3   2.0 0.6901673 0.6267938 0.8554173 -0.2286235 -0.05024734 -0.02314544
           oe         te
1  0.05475774 -0.1770745
2  0.00000000 -0.2015216
3 -0.07562831 -0.2517690

[[12]]
  delta        mu      mu_1      mu_0         de        se_1          se_0
1   0.5 0.8210873 0.7164247 0.8883118 -0.1718870  0.03922639 -0.0000751218
2   1.0 0.7709741 0.6771984 0.8883869 -0.2111885  0.00000000  0.0000000000
3   2.0 0.6826998 0.6130517 0.8535934 -0.2405417 -0.06414664 -0.0347934310
           oe         te
1  0.05011327 -0.1719621
2  0.00000000 -0.2111885
3 -0.08827426 -0.2753352

[[13]]
  delta        mu      mu_1      mu_0         de         se_1        se_0
1   0.5 0.7826983 0.6669511 0.8549775 -0.1880264 0.0003106302 0.014566288
2   1.0 0.7466996 0.6666405 0.8404113 -0.1737708 0.0000000000 0.000000000
3   2.0 0.7239120 0.6712356 0.8426654 -0.1714298 0.0045951205 0.002254144
           oe         te
1  0.03599865 -0.1734601
2  0.00000000 -0.1737708
3 -0.02278767 -0.1691756

[[14]]
  delta        mu      mu_1      mu_0         de         se_1         se_0
1   0.5 0.7868455 0.6958625 0.8567457 -0.1608832  0.009334775 -0.002816227
2   1.0 0.7562071 0.6865277 0.8595619 -0.1730342  0.000000000  0.000000000
3   2.0 0.7262503 0.6839492 0.8516757 -0.1677265 -0.002578473 -0.007886204
           oe         te
1  0.03063841 -0.1636994
2  0.00000000 -0.1730342
3 -0.02995678 -0.1756127

[[15]]
  delta        mu      mu_1      mu_0         de       se_1        se_0
1   0.5 0.8248180 0.6949886 0.9115479 -0.2165593 0.02720909  0.05289155
2   1.0 0.7479564 0.6677795 0.8586563 -0.1908769 0.00000000  0.00000000
3   2.0 0.7352606 0.6916922 0.8474007 -0.1557085 0.02391269 -0.01125566
           oe         te
1  0.07686156 -0.1636678
2  0.00000000 -0.1908769
3 -0.01269586 -0.1669642

[[16]]
  delta        mu      mu_1      mu_0         de        se_1       se_0
1   0.5 0.8032678 0.6974898 0.8709176 -0.1734278 0.003528963 0.01031760
2   1.0 0.7683855 0.6939608 0.8606000 -0.1666391 0.000000000 0.00000000
3   2.0 0.7557106 0.7027479 0.8716908 -0.1689429 0.008787041 0.01109083
           oe         te
1  0.03488227 -0.1631102
2  0.00000000 -0.1666391
3 -0.01267492 -0.1578521

[[17]]
  delta        mu      mu_1      mu_0         de        se_1       se_0
1   0.5 0.8074129 0.6875369 0.8852769 -0.1977401 0.009311363 0.02715947
2   1.0 0.7567147 0.6782255 0.8581174 -0.1798919 0.000000000 0.00000000
3   2.0 0.7526311 0.7008978 0.8762782 -0.1753804 0.022672265 0.01816075
            oe         te
1  0.050698152 -0.1705806
2  0.000000000 -0.1798919
3 -0.004083616 -0.1572197

[[18]]
  delta        mu      mu_1      mu_0         de        se_1        se_0
1   0.5 0.8389946 0.7165217 0.9105679 -0.1940463  0.04296122  0.03265597
2   1.0 0.7657468 0.6735604 0.8779120 -0.2043515  0.00000000  0.00000000
3   2.0 0.6844919 0.6253736 0.8381938 -0.2128201 -0.04818681 -0.03971821
           oe         te
1  0.07324777 -0.1613903
2  0.00000000 -0.2043515
3 -0.08125497 -0.2525384

[[19]]
  delta        mu      mu_1      mu_0         de        se_1        se_0
1   0.5 0.8154076 0.6940944 0.9020095 -0.2079151  0.03275334  0.04024707
2   1.0 0.7456116 0.6613410 0.8617624 -0.2004213  0.00000000  0.00000000
3   2.0 0.6652416 0.6143307 0.8095475 -0.1952169 -0.04701039 -0.05221488
           oe         te
1  0.06979603 -0.1676680
2  0.00000000 -0.2004213
3 -0.08036996 -0.2474317

[[20]]
  delta        mu      mu_1      mu_0         de       se_1        se_0
1   0.5 0.8380345 0.6934898 0.9271991 -0.2337093 0.03047504  0.05945139
2   1.0 0.7534034 0.6630148 0.8677477 -0.2047329 0.00000000  0.00000000
3   2.0 0.7209958 0.6778718 0.8338484 -0.1559767 0.01485695 -0.03389932
           oe         te
1  0.08463109 -0.1742579
2  0.00000000 -0.2047329
3 -0.03240766 -0.1898760

[[1]]
  delta         mu       mu_1       mu_0         de       se_1       se_0
1   0.5 0.02638171 0.02075103 0.02989804 0.02254359 0.01485551 0.02412496
2   1.0 0.01736722 0.01770812 0.01721443 0.01263885 0.00000000 0.00000000
3   2.0 0.02632483 0.02909690 0.02200207 0.02321100 0.02374135 0.01922839
          oe         te
1 0.02140747 0.01476487
2 0.00000000 0.01263885
3 0.02234689 0.02966419

[[2]]
  delta         mu       mu_1       mu_0         de       se_1       se_0
1   0.5 0.02474857 0.02118105 0.02884169 0.02401955 0.01498194 0.02310594
2   1.0 0.01808819 0.01866844 0.01726681 0.01206198 0.00000000 0.00000000
3   2.0 0.03391953 0.03688640 0.02390870 0.02349192 0.02940867 0.01920060
          oe         te
1 0.01951015 0.01470569
2 0.00000000 0.01206198
3 0.02763221 0.03520890

[[3]]
  delta         mu       mu_1       mu_0         de       se_1       se_0
1   0.5 0.02204979 0.01787486 0.02498198 0.01908252 0.01437629 0.02121800
2   1.0 0.01661288 0.01746994 0.01577603 0.01262452 0.00000000 0.00000000
3   2.0 0.03530406 0.03864754 0.02584774 0.02653850 0.03279513 0.02274042
          oe         te
1 0.01930658 0.01381811
2 0.00000000 0.01262452
3 0.03090601 0.03891778

[[4]]
  delta         mu       mu_1       mu_0         de       se_1       se_0
1   0.5 0.02362355 0.01875582 0.02787600 0.02281030 0.01451671 0.02293593
2   1.0 0.01692445 0.01776555 0.01623312 0.01280142 0.00000000 0.00000000
3   2.0 0.03299840 0.03537428 0.02509948 0.02259385 0.02751140 0.02061423
          oe         te
1 0.01934094 0.01444832
2 0.00000000 0.01280142
3 0.02666754 0.03394522

[[5]]
  delta         mu       mu_1       mu_0         de       se_1       se_0
1   0.5 0.02573721 0.02159454 0.02855431 0.02008004 0.01639068 0.02267748
2   1.0 0.01826158 0.01861204 0.01770228 0.01261997 0.00000000 0.00000000
3   2.0 0.03010613 0.03218909 0.02462197 0.02338364 0.02526232 0.01966385
          oe         te
1 0.02067013 0.01613654
2 0.00000000 0.01261997
3 0.02416569 0.03141709

[[6]]
  delta         mu       mu_1       mu_0         de       se_1       se_0
1   0.5 0.02640338 0.02285894 0.02917473 0.02234468 0.01795540 0.02351511
2   1.0 0.01678383 0.01719025 0.01666149 0.01229985 0.00000000 0.00000000
3   2.0 0.02613846 0.02829437 0.02188802 0.02079996 0.02109581 0.01721832
          oe         te
1 0.02140461 0.01796887
2 0.00000000 0.01229985
3 0.02033014 0.02730382

[[7]]
  delta         mu       mu_1       mu_0         de       se_1       se_0
1   0.5 0.02452043 0.01991593 0.02832164 0.02364758 0.01587646 0.02425156
2   1.0 0.01703446 0.01731992 0.01644042 0.01213668 0.00000000 0.00000000
3   2.0 0.03309402 0.03644390 0.02489362 0.02658936 0.02962671 0.02100285
          oe         te
1 0.02059904 0.01708486
2 0.00000000 0.01213668
3 0.02777507 0.03586044

[[8]]
  delta         mu       mu_1       mu_0         de       se_1       se_0
1   0.5 0.02516149 0.02071358 0.02865355 0.02259300 0.01592411 0.02403958
2   1.0 0.01814076 0.01838789 0.01794130 0.01301180 0.00000000 0.00000000
3   2.0 0.03438372 0.03768760 0.02674182 0.02596673 0.03015694 0.02223744
          oe         te
1 0.02102947 0.01563601
2 0.00000000 0.01301180
3 0.02845496 0.03725603

[[9]]
  delta         mu       mu_1       mu_0         de       se_1       se_0
1   0.5 0.02424486 0.02069945 0.02766098 0.02191216 0.01591484 0.02209660
2   1.0 0.01847659 0.01907225 0.01768777 0.01252485 0.00000000 0.00000000
3   2.0 0.03076656 0.03269537 0.02495154 0.02283083 0.02475965 0.01931998
          oe         te
1 0.01957341 0.01619221
2 0.00000000 0.01252485
3 0.02371970 0.03094266

[[10]]
  delta         mu       mu_1       mu_0         de       se_1       se_0
1   0.5 0.02268648 0.01954798 0.02531435 0.01911456 0.01503235 0.02083502
2   1.0 0.01818114 0.01898664 0.01710003 0.01285219 0.00000000 0.00000000
3   2.0 0.03825019 0.04211560 0.02627209 0.02766537 0.03286004 0.02028937
          oe         te
1 0.01884531 0.01476512
2 0.00000000 0.01285219
3 0.03052084 0.03955455

[[11]]
  delta         mu       mu_1       mu_0         de       se_1       se_0
1   0.5 0.02810470 0.02031856 0.03277940 0.02590607 0.01563069 0.02816313
2   1.0 0.01682325 0.01744515 0.01666000 0.01361078 0.00000000 0.00000000
3   2.0 0.02858578 0.03147641 0.02271227 0.02389785 0.02463280 0.01916160
          oe         te
1 0.02422342 0.01555396
2 0.00000000 0.01361078
3 0.02328214 0.03135551

[[12]]
  delta         mu       mu_1       mu_0         de       se_1       se_0
1   0.5 0.02301205 0.02034337 0.02484803 0.01908608 0.01535374 0.02026305
2   1.0 0.01787477 0.01795409 0.01720953 0.01199261 0.00000000 0.00000000
3   2.0 0.02879277 0.03048295 0.02318120 0.02145780 0.02510577 0.01928239
          oe         te
1 0.01887537 0.01576378
2 0.00000000 0.01199261
3 0.02422295 0.03044970

[[13]]
  delta         mu       mu_1       mu_0         de       se_1       se_0
1   0.5 0.02651340 0.02081369 0.03050771 0.02477977 0.01636373 0.02626061
2   1.0 0.01687478 0.01722358 0.01657080 0.01225414 0.00000000 0.00000000
3   2.0 0.03123746 0.03521921 0.02227378 0.02606220 0.02998661 0.01931790
          oe         te
1 0.02255024 0.01662387
2 0.00000000 0.01225414
3 0.02719311 0.03540645

[[14]]
  delta         mu       mu_1       mu_0         de       se_1       se_0
1   0.5 0.02487638 0.02045899 0.02744753 0.01989415 0.01581874 0.02159412
2   1.0 0.01792971 0.01875571 0.01711280 0.01364789 0.00000000 0.00000000
3   2.0 0.03154462 0.03421314 0.02458858 0.02332075 0.02604315 0.02042354
          oe         te
1 0.02025688 0.01519707
2 0.00000000 0.01364789
3 0.02509035 0.03312572

[[15]]
  delta         mu       mu_1       mu_0         de       se_1       se_0
1   0.5 0.02412314 0.02089329 0.02670330 0.02029315 0.01579093 0.02265952
2   1.0 0.01756515 0.01820085 0.01678942 0.01218095 0.00000000 0.00000000
3   2.0 0.03198613 0.03442391 0.02438415 0.02202470 0.02801934 0.01930584
          oe         te
1 0.02040078 0.01640467
2 0.00000000 0.01218095
3 0.02659124 0.03335772

[[16]]
  delta         mu       mu_1       mu_0         de       se_1       se_0
1   0.5 0.02309380 0.01934510 0.02640771 0.02031466 0.01440275 0.02143577
2   1.0 0.01801410 0.01861493 0.01746445 0.01228056 0.00000000 0.00000000
3   2.0 0.03258031 0.03597644 0.02508649 0.02690728 0.02856219 0.01894529
          oe         te
1 0.01886245 0.01451413
2 0.00000000 0.01228056
3 0.02631692 0.03472477

[[17]]
  delta         mu       mu_1       mu_0         de       se_1       se_0
1   0.5 0.02396824 0.02081261 0.02711651 0.02322436 0.01624200 0.02203812
2   1.0 0.01785836 0.01793755 0.01753075 0.01289271 0.00000000 0.00000000
3   2.0 0.04407040 0.05104744 0.02537693 0.03964295 0.04568818 0.02165247
          oe         te
1 0.01954365 0.01682690
2 0.00000000 0.01289271
3 0.03998567 0.05108767

[[18]]
  delta         mu       mu_1       mu_0         de       se_1       se_0
1   0.5 0.02457962 0.01992899 0.02783094 0.02120975 0.01495423 0.02342548
2   1.0 0.01846710 0.01888709 0.01772733 0.01250867 0.00000000 0.00000000
3   2.0 0.03398611 0.03646722 0.02587257 0.02363444 0.02963965 0.02117470
          oe         te
1 0.02019514 0.01518053
2 0.00000000 0.01250867
3 0.02870252 0.03593906

[[19]]
  delta         mu       mu_1       mu_0         de       se_1       se_0
1   0.5 0.02523414 0.01914057 0.02996520 0.02293046 0.01484989 0.02510472
2   1.0 0.01647148 0.01692657 0.01603191 0.01249934 0.00000000 0.00000000
3   2.0 0.02837243 0.03049465 0.02778741 0.02749605 0.02523970 0.02372811
          oe         te
1 0.02124343 0.01522418
2 0.00000000 0.01249934
3 0.02397216 0.03103882

[[20]]
  delta         mu       mu_1       mu_0         de       se_1       se_0
1   0.5 0.02511127 0.02426682 0.02990602 0.03164315 0.02038055 0.02726470
2   1.0 0.01723053 0.01788200 0.01646194 0.01250968 0.00000000 0.00000000
3   2.0 0.03541897 0.03908857 0.02609694 0.02640989 0.03165730 0.02123021
          oe         te
1 0.02254694 0.02015353
2 0.00000000 0.01250968
3 0.02923224 0.03741906

[1] "Total run time was 3158.232 seconds"
