Warning message:
package ‘SuperLearner’ was built under R version 4.1.3 
[1] "[Simulation setting]"
[1] "n: 500"
[1] "deltas: 0.5, 1, 2"
[1] "K: 2"
[1] "r: 100"
[1] "s: 1"
[1] "Sim.id 1"
[1] "Data generated and format changed"
[1] "   Split: 1"
Loading required namespace: nnet
Loading required namespace: ranger
[1] "   Split: 2"
[1] "Estimates and SE estimates computed"
[1] ""
[1] "Sim.id 2"
[1] "Data generated and format changed"
[1] "   Split: 1"
[1] "   Split: 2"
[1] "Estimates and SE estimates computed"
[1] ""
[1] "Sim.id 3"
[1] "Data generated and format changed"
[1] "   Split: 1"
[1] "   Split: 2"
[1] "Estimates and SE estimates computed"
[1] ""
[1] "Sim.id 4"
[1] "Data generated and format changed"
[1] "   Split: 1"
[1] "   Split: 2"
[1] "Estimates and SE estimates computed"
[1] ""
[1] "Sim.id 5"
[1] "Data generated and format changed"
[1] "   Split: 1"
[1] "   Split: 2"
[1] "Estimates and SE estimates computed"
[1] ""
[1] "Sim.id 6"
[1] "Data generated and format changed"
[1] "   Split: 1"
[1] "   Split: 2"
[1] "Estimates and SE estimates computed"
[1] ""
[1] "Sim.id 7"
[1] "Data generated and format changed"
[1] "   Split: 1"
[1] "   Split: 2"
[1] "Estimates and SE estimates computed"
[1] ""
[1] "Sim.id 8"
[1] "Data generated and format changed"
[1] "   Split: 1"
[1] "   Split: 2"
[1] "Estimates and SE estimates computed"
[1] ""
[1] "Sim.id 9"
[1] "Data generated and format changed"
[1] "   Split: 1"
[1] "   Split: 2"
[1] "Estimates and SE estimates computed"
[1] ""
[1] "Sim.id 10"
[1] "Data generated and format changed"
[1] "   Split: 1"
[1] "   Split: 2"
[1] "Estimates and SE estimates computed"
[1] ""
[1] "Sim.id 11"
[1] "Data generated and format changed"
[1] "   Split: 1"
[1] "   Split: 2"
[1] "Estimates and SE estimates computed"
[1] ""
[1] "Sim.id 12"
[1] "Data generated and format changed"
[1] "   Split: 1"
[1] "   Split: 2"
[1] "Estimates and SE estimates computed"
[1] ""
[1] "Sim.id 13"
[1] "Data generated and format changed"
[1] "   Split: 1"
[1] "   Split: 2"
[1] "Estimates and SE estimates computed"
[1] ""
[1] "Sim.id 14"
[1] "Data generated and format changed"
[1] "   Split: 1"
[1] "   Split: 2"
[1] "Estimates and SE estimates computed"
[1] ""
[1] "Sim.id 15"
[1] "Data generated and format changed"
[1] "   Split: 1"
[1] "   Split: 2"
[1] "Estimates and SE estimates computed"
[1] ""
[1] "Sim.id 16"
[1] "Data generated and format changed"
[1] "   Split: 1"
[1] "   Split: 2"
[1] "Estimates and SE estimates computed"
[1] ""
[1] "Sim.id 17"
[1] "Data generated and format changed"
[1] "   Split: 1"
[1] "   Split: 2"
[1] "Estimates and SE estimates computed"
[1] ""
[1] "Sim.id 18"
[1] "Data generated and format changed"
[1] "   Split: 1"
[1] "   Split: 2"
[1] "Estimates and SE estimates computed"
[1] ""
[1] "Sim.id 19"
[1] "Data generated and format changed"
[1] "   Split: 1"
[1] "   Split: 2"
[1] "Estimates and SE estimates computed"
[1] ""
[1] "Sim.id 20"
[1] "Data generated and format changed"
[1] "   Split: 1"
[1] "   Split: 2"
[1] "Estimates and SE estimates computed"
[1] ""
[[1]]
  delta        mu      mu_1      mu_0         de         se_1         se_0
1   0.5 0.8434858 0.7155574 0.9149776 -0.1994203  0.007756976  0.008308839
2   1.0 0.7964901 0.7078004 0.9066688 -0.1988684  0.000000000  0.000000000
3   2.0 0.7505248 0.6941953 0.8934651 -0.1992698 -0.013605108 -0.013203727
           oe         te
1  0.04699571 -0.1911114
2  0.00000000 -0.1988684
3 -0.04596527 -0.2124735

[[2]]
  delta        mu      mu_1      mu_0         de       se_1        se_0
1   0.5 0.7879471 0.6709965 0.8622152 -0.1912187 0.00969003 0.018428565
2   1.0 0.7389926 0.6613064 0.8437866 -0.1824802 0.00000000 0.000000000
3   2.0 0.7241369 0.6742168 0.8487067 -0.1744899 0.01291032 0.004920074
           oe         te
1  0.04895451 -0.1727902
2  0.00000000 -0.1824802
3 -0.01485571 -0.1695699

[[3]]
  delta        mu      mu_1      mu_0         de         se_1        se_0
1   0.5 0.7978606 0.7180007 0.8554509 -0.1374503 0.0234956758 -0.01967797
2   1.0 0.7702433 0.6945050 0.8751289 -0.1806239 0.0000000000  0.00000000
3   2.0 0.7499246 0.6951086 0.8942352 -0.1991265 0.0006036485  0.01910630
           oe         te
1  0.02761726 -0.1571282
2  0.00000000 -0.1806239
3 -0.02031868 -0.1800202

[[4]]
  delta        mu      mu_1      mu_0         de        se_1         se_0
1   0.5 0.7953798 0.7140548 0.8560274 -0.1419726  0.02157605  0.001861392
2   1.0 0.7593864 0.6924787 0.8541660 -0.1616872  0.00000000  0.000000000
3   2.0 0.7182715 0.6728338 0.8430416 -0.1702079 -0.01964497 -0.011124326
           oe         te
1  0.03599342 -0.1401112
2  0.00000000 -0.1616872
3 -0.04111486 -0.1813322

[[5]]
  delta        mu      mu_1      mu_0         de         se_1         se_0
1   0.5 0.8067245 0.7086081 0.8725547 -0.1639466  0.020738183  0.013794132
2   1.0 0.7603412 0.6878699 0.8587605 -0.1708907  0.000000000  0.000000000
3   2.0 0.7272040 0.6806668 0.8541687 -0.1735019 -0.007203024 -0.004591802
           oe         te
1  0.04638331 -0.1501525
2  0.00000000 -0.1708907
3 -0.03313723 -0.1780937

[[6]]
  delta        mu      mu_1      mu_0         de        se_1        se_0
1   0.5 0.7717041 0.6786088 0.8354117 -0.1568029 0.007472332 -0.02544928
2   1.0 0.7542326 0.6711365 0.8608610 -0.1897245 0.000000000  0.00000000
3   2.0 0.7475498 0.6890124 0.8917063 -0.2026940 0.017875870  0.03084535
            oe         te
1  0.017471548 -0.1822522
2  0.000000000 -0.1897245
3 -0.006682776 -0.1718486

[[7]]
  delta        mu      mu_1      mu_0         de         se_1          se_0
1   0.5 0.7763379 0.6943810 0.8358527 -0.1414717  0.020279451 -0.0013625840
2   1.0 0.7397520 0.6741016 0.8372153 -0.1631137  0.000000000  0.0000000000
3   2.0 0.7115438 0.6662818 0.8381092 -0.1718274 -0.007819767  0.0008939222
           oe         te
1  0.03658594 -0.1428342
2  0.00000000 -0.1631137
3 -0.02820816 -0.1709335

[[8]]
  delta        mu      mu_1      mu_0         de         se_1         se_0
1   0.5 0.7653569 0.6613842 0.8385769 -0.1771927 -0.002661864 -0.004222044
2   1.0 0.7393988 0.6640461 0.8427990 -0.1787529  0.000000000  0.000000000
3   2.0 0.6950744 0.6418551 0.8371872 -0.1953321 -0.022191047 -0.005611790
           oe         te
1  0.02595807 -0.1814147
2  0.00000000 -0.1787529
3 -0.04432444 -0.2009439

[[9]]
  delta        mu      mu_1      mu_0         de        se_1        se_0
1   0.5 0.7897045 0.6764796 0.8655070 -0.1890275 0.006061421 0.022040709
2   1.0 0.7441825 0.6704181 0.8434663 -0.1730482 0.000000000 0.000000000
3   2.0 0.7459462 0.7031718 0.8456802 -0.1425085 0.032753629 0.002213913
          oe         te
1 0.04552195 -0.1669868
2 0.00000000 -0.1730482
3 0.00176365 -0.1402946

[[10]]
  delta        mu      mu_1      mu_0         de        se_1        se_0
1   0.5 0.7597575 0.6485632 0.8346987 -0.1861356 0.009702617 0.019755085
2   1.0 0.7130732 0.6388605 0.8149437 -0.1760831 0.000000000 0.000000000
3   2.0 0.6959365 0.6497454 0.8215843 -0.1718390 0.010884831 0.006640676
           oe         te
1  0.04668431 -0.1663805
2  0.00000000 -0.1760831
3 -0.01713661 -0.1651983

[[11]]
  delta        mu      mu_1      mu_0         de         se_1         se_0
1   0.5 0.7925109 0.6852759 0.8650198 -0.1797439 -0.001697288 -0.009716033
2   1.0 0.7700127 0.6869732 0.8747359 -0.1877627  0.000000000  0.000000000
3   2.0 0.8026889 0.7637789 0.8865985 -0.1228196  0.076805745  0.011862640
          oe         te
1 0.02249828 -0.1894600
2 0.00000000 -0.1877627
3 0.03267628 -0.1109569

[[12]]
  delta        mu      mu_1      mu_0         de        se_1        se_0
1   0.5 0.8164220 0.7213555 0.8842193 -0.1628638  0.03807048  0.04131056
2   1.0 0.7499058 0.6832850 0.8429088 -0.1596237  0.00000000  0.00000000
3   2.0 0.6916877 0.6430264 0.8263872 -0.1833608 -0.04025860 -0.01652155
           oe         te
1  0.06651616 -0.1215532
2  0.00000000 -0.1596237
3 -0.05821815 -0.1998823

[[13]]
  delta        mu      mu_1      mu_0         de          se_1        se_0
1   0.5 0.7800330 0.6833860 0.8436004 -0.1602144 -0.0006612351 -0.01130570
2   1.0 0.7590913 0.6840472 0.8549061 -0.1708589  0.0000000000  0.00000000
3   2.0 0.7090731 0.6584712 0.8373738 -0.1789026 -0.0255760034 -0.01753228
           oe         te
1  0.02094171 -0.1715201
2  0.00000000 -0.1708589
3 -0.05001823 -0.1964349

[[14]]
  delta        mu      mu_1      mu_0         de       se_1        se_0
1   0.5 0.8150581 0.7014306 0.8920997 -0.1906691 0.03846189  0.03308373
2   1.0 0.7448601 0.6629687 0.8590160 -0.1960473 0.00000000  0.00000000
3   2.0 0.7398479 0.7041882 0.8430481 -0.1388599 0.04121956 -0.01596784
           oe         te
1  0.07019800 -0.1575854
2  0.00000000 -0.1960473
3 -0.00501217 -0.1548277

[[15]]
  delta        mu      mu_1      mu_0         de        se_1        se_0
1   0.5 0.7791004 0.6998368 0.8440201 -0.1441833  0.02604947 -0.01275365
2   1.0 0.7459636 0.6737874 0.8567738 -0.1829864  0.00000000  0.00000000
3   2.0 0.6801880 0.6279695 0.8541012 -0.2261317 -0.04581792 -0.00267260
           oe         te
1  0.03313678 -0.1569369
2  0.00000000 -0.1829864
3 -0.06577561 -0.2288043

[[16]]
  delta        mu      mu_1      mu_0         de        se_1         se_0
1   0.5 0.8146956 0.7021958 0.8869737 -0.1847779 0.033509452  0.040312381
2   1.0 0.7443861 0.6686864 0.8466613 -0.1779750 0.000000000  0.000000000
3   2.0 0.7181419 0.6728087 0.8420218 -0.1692131 0.004122348 -0.004639549
           oe         te
1  0.07030953 -0.1444655
2  0.00000000 -0.1779750
3 -0.02624422 -0.1738526

[[17]]
  delta        mu      mu_1      mu_0         de        se_1        se_0
1   0.5 0.8143483 0.7157008 0.8817879 -0.1660870  0.01795572  0.00793463
2   1.0 0.7740960 0.6977451 0.8738532 -0.1761081  0.00000000  0.00000000
3   2.0 0.7129009 0.6573904 0.8591044 -0.2017140 -0.04035476 -0.01474885
           oe         te
1  0.04025234 -0.1581524
2  0.00000000 -0.1761081
3 -0.06119505 -0.2164629

[[18]]
  delta        mu      mu_1      mu_0         de        se_1        se_0
1   0.5 0.7937492 0.6792579 0.8762870 -0.1970291  0.01929424  0.02409443
2   1.0 0.7401198 0.6599636 0.8521926 -0.1922289  0.00000000  0.00000000
3   2.0 0.6572049 0.6066684 0.8048565 -0.1981881 -0.05329528 -0.04733606
           oe         te
1  0.05362938 -0.1729347
2  0.00000000 -0.1922289
3 -0.08291490 -0.2455242

[[19]]
  delta        mu      mu_1      mu_0         de       se_1        se_0
1   0.5 0.7995825 0.6854513 0.8712016 -0.1857503 0.01685731  0.01640881
2   1.0 0.7491272 0.6685940 0.8547927 -0.1861988 0.00000000  0.00000000
3   2.0 0.7325516 0.6950493 0.8380932 -0.1430440 0.02645528 -0.01669950
           oe         te
1  0.05045529 -0.1693414
2  0.00000000 -0.1861988
3 -0.01657564 -0.1597435

[[20]]
  delta        mu      mu_1      mu_0         de        se_1       se_0
1   0.5 0.8082246 0.6860453 0.8871607 -0.2011154 0.006997288 0.02371960
2   1.0 0.7591122 0.6790480 0.8634411 -0.1843931 0.000000000 0.00000000
3   2.0 0.7405396 0.6880909 0.8747233 -0.1866324 0.009042951 0.01128225
           oe         te
1  0.04911237 -0.1773958
2  0.00000000 -0.1843931
3 -0.01857263 -0.1753502

[[1]]
  delta         mu       mu_1       mu_0         de       se_1       se_0
1   0.5 0.02568744 0.02116521 0.02986354 0.02124993 0.01611313 0.02552038
2   1.0 0.01833964 0.01888885 0.01744219 0.01217601 0.00000000 0.00000000
3   2.0 0.03088308 0.03331665 0.02493449 0.02358969 0.02562088 0.01917306
          oe         te
1 0.02168741 0.01620914
2 0.00000000 0.01217601
3 0.02410185 0.03141538

[[2]]
  delta         mu       mu_1       mu_0         de       se_1       se_0
1   0.5 0.02622151 0.02052913 0.03050957 0.02423041 0.01642194 0.02519901
2   1.0 0.01690532 0.01712612 0.01694400 0.01240568 0.00000000 0.00000000
3   2.0 0.03113651 0.03313176 0.02531702 0.02177587 0.02548483 0.02065340
          oe         te
1 0.02170741 0.01634110
2 0.00000000 0.01240568
3 0.02508312 0.03208048

[[3]]
  delta         mu       mu_1       mu_0         de       se_1       se_0
1   0.5 0.02493563 0.01970173 0.02934245 0.02276016 0.01665480 0.02536028
2   1.0 0.01741163 0.01786998 0.01676914 0.01244704 0.00000000 0.00000000
3   2.0 0.03310867 0.03706719 0.02476681 0.02771947 0.03054855 0.02008025
          oe         te
1 0.02236536 0.01561384
2 0.00000000 0.01244704
3 0.02775404 0.03663792

[[4]]
  delta         mu       mu_1       mu_0         de       se_1       se_0
1   0.5 0.02467120 0.02099091 0.02808185 0.02210699 0.01597210 0.02246970
2   1.0 0.01820128 0.01855279 0.01747565 0.01196319 0.00000000 0.00000000
3   2.0 0.03379277 0.03765250 0.02403840 0.02753983 0.03137097 0.01874242
          oe         te
1 0.02010101 0.01612685
2 0.00000000 0.01196319
3 0.02844000 0.03681324

[[5]]
  delta         mu       mu_1       mu_0         de       se_1       se_0
1   0.5 0.02351635 0.02268219 0.02688345 0.02570321 0.01975982 0.02166512
2   1.0 0.01729647 0.01805328 0.01635922 0.01197943 0.00000000 0.00000000
3   2.0 0.03118360 0.03390375 0.02390764 0.02212389 0.02673878 0.01995754
          oe         te
1 0.01994199 0.02086764
2 0.00000000 0.01197943
3 0.02544261 0.03264048

[[6]]
  delta         mu       mu_1       mu_0         de       se_1       se_0
1   0.5 0.02578710 0.01982360 0.03038570 0.02509238 0.01586522 0.02545822
2   1.0 0.01714582 0.01797274 0.01650735 0.01270694 0.00000000 0.00000000
3   2.0 0.03335870 0.03714410 0.02394008 0.02549459 0.02989755 0.01941058
          oe         te
1 0.02222381 0.01541551
2 0.00000000 0.01270694
3 0.02732409 0.03529717

[[7]]
  delta         mu       mu_1       mu_0         de       se_1       se_0
1   0.5 0.02541100 0.01965497 0.02899987 0.02135275 0.01602590 0.02352709
2   1.0 0.01728569 0.01771488 0.01682284 0.01223939 0.00000000 0.00000000
3   2.0 0.02986611 0.03198291 0.02399933 0.02120088 0.02417312 0.01848631
          oe         te
1 0.02144310 0.01516501
2 0.00000000 0.01223939
3 0.02328806 0.03062231

[[8]]
  delta         mu       mu_1       mu_0         de       se_1       se_0
1   0.5 0.02436284 0.02068109 0.02769671 0.02205485 0.01615580 0.02350772
2   1.0 0.01717880 0.01782365 0.01649894 0.01224940 0.00000000 0.00000000
3   2.0 0.02722205 0.02888730 0.02363656 0.02220078 0.02174986 0.01828519
          oe         te
1 0.02090289 0.01648167
2 0.00000000 0.01224940
3 0.02106499 0.02775607

[[9]]
  delta         mu       mu_1       mu_0         de       se_1       se_0
1   0.5 0.02431633 0.01982957 0.02803994 0.02271907 0.01566987 0.02267905
2   1.0 0.01809356 0.01840245 0.01781373 0.01309758 0.00000000 0.00000000
3   2.0 0.03596278 0.03849987 0.02628028 0.02517356 0.03207171 0.02196017
          oe         te
1 0.02026619 0.01657386
2 0.00000000 0.01309758
3 0.03089678 0.03849179

[[10]]
  delta         mu       mu_1       mu_0         de       se_1       se_0
1   0.5 0.02277425 0.02041869 0.02512994 0.02063588 0.01591539 0.01947393
2   1.0 0.01757149 0.01773220 0.01724278 0.01218621 0.00000000 0.00000000
3   2.0 0.03669459 0.03948042 0.02705013 0.02582537 0.03163563 0.02120401
          oe         te
1 0.01799113 0.01638301
2 0.00000000 0.01218621
3 0.02978373 0.03709708

[[11]]
  delta         mu       mu_1       mu_0         de       se_1       se_0
1   0.5 0.02349021 0.01923316 0.02692334 0.02122958 0.01452325 0.02202113
2   1.0 0.01799191 0.01838205 0.01733120 0.01288203 0.00000000 0.00000000
3   2.0 0.06635685 0.08321733 0.02775838 0.07653676 0.07813005 0.02368018
          oe         te
1 0.01921170 0.01509741
2 0.00000000 0.01288203
3 0.06234707 0.08288531

[[12]]
  delta         mu       mu_1       mu_0         de       se_1       se_0
1   0.5 0.02539794 0.01920307 0.02923152 0.02259519 0.01527893 0.02500923
2   1.0 0.01674512 0.01720870 0.01632305 0.01253974 0.00000000 0.00000000
3   2.0 0.02714653 0.02926714 0.02222296 0.02086338 0.02230378 0.01740087
          oe         te
1 0.02215445 0.01446258
2 0.00000000 0.01253974
3 0.02147057 0.02885791

[[13]]
  delta         mu       mu_1       mu_0         de       se_1       se_0
1   0.5 0.02175504 0.01972278 0.02433108 0.02046962 0.01665401 0.02055876
2   1.0 0.01622317 0.01718195 0.01584585 0.01239385 0.00000000 0.00000000
3   2.0 0.03734380 0.04317669 0.02444286 0.03267106 0.03725233 0.02021176
          oe         te
1 0.01917664 0.01653110
2 0.00000000 0.01239385
3 0.03256376 0.04241574

[[14]]
  delta         mu       mu_1       mu_0         de       se_1       se_0
1   0.5 0.02835558 0.02182617 0.03250319 0.02468337 0.01783787 0.02770766
2   1.0 0.01780016 0.01820289 0.01728252 0.01298648 0.00000000 0.00000000
3   2.0 0.04092322 0.04737094 0.02755948 0.03800370 0.04072593 0.02252989
          oe         te
1 0.02444900 0.01731160
2 0.00000000 0.01298648
3 0.03540735 0.04676415

[[15]]
  delta         mu       mu_1       mu_0         de       se_1       se_0
1   0.5 0.02016212 0.01813659 0.02343472 0.02137493 0.01553841 0.01981240
2   1.0 0.01741401 0.01819664 0.01645984 0.01269182 0.00000000 0.00000000
3   2.0 0.03399749 0.03618600 0.02671637 0.02400073 0.02746615 0.02113684
          oe         te
1 0.01795544 0.01581117
2 0.00000000 0.01269182
3 0.02680074 0.03406767

[[16]]
  delta         mu       mu_1       mu_0         de       se_1       se_0
1   0.5 0.02424277 0.01922088 0.02698510 0.01959234 0.01496502 0.02250577
2   1.0 0.01691914 0.01732586 0.01628289 0.01247517 0.00000000 0.00000000
3   2.0 0.03362560 0.03831662 0.02357610 0.02891855 0.03250203 0.01923047
          oe         te
1 0.02044063 0.01434639
2 0.00000000 0.01247517
3 0.02839204 0.03730097

[[17]]
  delta         mu       mu_1       mu_0         de       se_1       se_0
1   0.5 0.02329599 0.01975825 0.02610576 0.02084383 0.01570049 0.02152534
2   1.0 0.01759456 0.01786059 0.01734762 0.01272813 0.00000000 0.00000000
3   2.0 0.03311400 0.03579319 0.02650419 0.02556990 0.02973302 0.02063819
          oe         te
1 0.01950923 0.01626128
2 0.00000000 0.01272813
3 0.02760726 0.03493033

[[18]]
  delta         mu       mu_1       mu_0         de       se_1       se_0
1   0.5 0.02183239 0.01841669 0.02510784 0.02067466 0.01409649 0.02216647
2   1.0 0.01729881 0.01816134 0.01640142 0.01316155 0.00000000 0.00000000
3   2.0 0.03028877 0.03268317 0.02456795 0.02329233 0.02500595 0.01921716
          oe         te
1 0.01925495 0.01433563
2 0.00000000 0.01316155
3 0.02407771 0.03198715

[[19]]
  delta         mu       mu_1       mu_0         de       se_1       se_0
1   0.5 0.02655929 0.02118203 0.03152146 0.02608309 0.01762097 0.02675606
2   1.0 0.01815135 0.01900514 0.01747325 0.01273794 0.00000000 0.00000000
3   2.0 0.04057397 0.04540322 0.02980966 0.03138168 0.03797289 0.02367304
          oe         te
1 0.02316605 0.01769396
2 0.00000000 0.01273794
3 0.03424659 0.04361166

[[20]]
  delta         mu       mu_1       mu_0         de       se_1       se_0
1   0.5 0.02551040 0.01980962 0.02924841 0.02178933 0.01615843 0.02552172
2   1.0 0.01697658 0.01754863 0.01622314 0.01229682 0.00000000 0.00000000
3   2.0 0.03068261 0.03425176 0.02344834 0.02595885 0.02775492 0.01899236
          oe         te
1 0.02245533 0.01593616
2 0.00000000 0.01229682
3 0.02524513 0.03368087

[[1]]
  delta        mu      mu_1      mu_0         de         se_1        se_0
1   0.5 0.8454299 0.7158273 0.9181944 -0.2023671  0.007279098  0.01124183
2   1.0 0.7971196 0.7085482 0.9069525 -0.1984043  0.000000000  0.00000000
3   2.0 0.7510677 0.6948697 0.8935814 -0.1987117 -0.013678540 -0.01337118
           oe         te
1  0.04831030 -0.1911252
2  0.00000000 -0.1984043
3 -0.04605191 -0.2120829

[[2]]
  delta        mu      mu_1      mu_0         de        se_1        se_0
1   0.5 0.7877778 0.6709512 0.8619822 -0.1910310 0.009643862 0.018185983
2   1.0 0.7390124 0.6613073 0.8437962 -0.1824889 0.000000000 0.000000000
3   2.0 0.7244489 0.6745395 0.8488951 -0.1743557 0.013232180 0.005098966
           oe         te
1  0.04876535 -0.1728450
2  0.00000000 -0.1824889
3 -0.01456348 -0.1692567

[[3]]
  delta        mu      mu_1      mu_0         de          se_1        se_0
1   0.5 0.7975777 0.7193887 0.8540699 -0.1346811  0.0249450631 -0.02092085
2   1.0 0.7699295 0.6944437 0.8749907 -0.1805470  0.0000000000  0.00000000
3   2.0 0.7489059 0.6939493 0.8943976 -0.2004483 -0.0004943423  0.01940691
           oe         te
1  0.02764818 -0.1556020
2  0.00000000 -0.1805470
3 -0.02102357 -0.1810414

[[4]]
  delta        mu      mu_1      mu_0         de        se_1         se_0
1   0.5 0.7942877 0.7127470 0.8554268 -0.1426798  0.02198346  0.002794892
2   1.0 0.7575705 0.6907636 0.8526319 -0.1618683  0.00000000  0.000000000
3   2.0 0.7159052 0.6706157 0.8413964 -0.1707807 -0.02014783 -0.011235444
           oe         te
1  0.03671719 -0.1398849
2  0.00000000 -0.1618683
3 -0.04166534 -0.1820162

[[5]]
  delta        mu      mu_1      mu_0         de        se_1         se_0
1   0.5 0.8083741 0.7107004 0.8740908 -0.1633904  0.02285002  0.014993313
2   1.0 0.7603789 0.6878504 0.8590975 -0.1712471  0.00000000  0.000000000
3   2.0 0.7273055 0.6807138 0.8544186 -0.1737048 -0.00713662 -0.004678941
           oe         te
1  0.04799520 -0.1483971
2  0.00000000 -0.1712471
3 -0.03307336 -0.1783837

[[6]]
  delta        mu      mu_1      mu_0         de        se_1        se_0
1   0.5 0.7706186 0.6797397 0.8329396 -0.1532000 0.008137121 -0.02882753
2   1.0 0.7550812 0.6716026 0.8617672 -0.1901646 0.000000000  0.00000000
3   2.0 0.7467331 0.6869365 0.8932311 -0.2062946 0.015333951  0.03146390
            oe         te
1  0.015537399 -0.1820275
2  0.000000000 -0.1901646
3 -0.008348128 -0.1748307

[[7]]
  delta        mu      mu_1      mu_0         de         se_1          se_0
1   0.5 0.7769069 0.6941358 0.8367365 -0.1426007  0.019746549 -0.0013682596
2   1.0 0.7403375 0.6743892 0.8381047 -0.1637155  0.000000000  0.0000000000
3   2.0 0.7116287 0.6662608 0.8386363 -0.1723754 -0.008128364  0.0005315667
           oe         te
1  0.03656938 -0.1439690
2  0.00000000 -0.1637155
3 -0.02870887 -0.1718439

[[8]]
  delta        mu      mu_1      mu_0         de          se_1         se_0
1   0.5 0.7653549 0.6614325 0.8390697 -0.1776372 -2.636693e-05 -0.001958634
2   1.0 0.7365803 0.6614588 0.8410283 -0.1795695  0.000000e+00  0.000000000
3   2.0 0.6912053 0.6391435 0.8331713 -0.1940278 -2.231529e-02 -0.007856942
           oe         te
1  0.02877465 -0.1795958
2  0.00000000 -0.1795695
3 -0.04537493 -0.2018848

[[9]]
  delta        mu      mu_1      mu_0         de       se_1        se_0
1   0.5 0.7896895 0.6764069 0.8652972 -0.1888903 0.00564450 0.021476559
2   1.0 0.7445812 0.6707624 0.8438206 -0.1730582 0.00000000 0.000000000
3   2.0 0.7481254 0.7051422 0.8463257 -0.1411835 0.03437982 0.002505063
           oe         te
1 0.045108370 -0.1674137
2 0.000000000 -0.1730582
3 0.003544226 -0.1386784

[[10]]
  delta        mu      mu_1      mu_0         de       se_1        se_0
1   0.5 0.7588517 0.6480849 0.8336052 -0.1855202 0.00822085 0.017581882
2   1.0 0.7139093 0.6398641 0.8160233 -0.1761592 0.00000000 0.000000000
3   2.0 0.6986891 0.6530750 0.8239557 -0.1708806 0.01321094 0.007932402
           oe         te
1  0.04494240 -0.1679383
2  0.00000000 -0.1761592
3 -0.01522024 -0.1629482

[[11]]
  delta        mu      mu_1      mu_0         de         se_1        se_0
1   0.5 0.7920139 0.6852289 0.8643597 -0.1791308 -0.001723371 -0.01013171
2   1.0 0.7698225 0.6869523 0.8744914 -0.1875391  0.000000000  0.00000000
3   2.0 0.8027368 0.7639321 0.8868979 -0.1229658  0.076979816  0.01240643
          oe         te
1 0.02219136 -0.1892625
2 0.00000000 -0.1875391
3 0.03291432 -0.1105593

[[12]]
  delta        mu      mu_1      mu_0         de        se_1        se_0
1   0.5 0.8175304 0.7229853 0.8849691 -0.1619839  0.03890074  0.04151535
2   1.0 0.7508305 0.6840845 0.8434538 -0.1593693  0.00000000  0.00000000
3   2.0 0.6919989 0.6429421 0.8266871 -0.1837450 -0.04114240 -0.01676671
           oe         te
1  0.06669990 -0.1204685
2  0.00000000 -0.1593693
3 -0.05883161 -0.2005117

[[13]]
  delta        mu      mu_1      mu_0         de         se_1        se_0
1   0.5 0.7802118 0.6834480 0.8436878 -0.1602398 -0.000201594 -0.01114834
2   1.0 0.7589137 0.6836496 0.8548362 -0.1711866  0.000000000  0.00000000
3   2.0 0.7076250 0.6564694 0.8371006 -0.1806312 -0.027180204 -0.01773561
           oe         te
1  0.02129815 -0.1713882
2  0.00000000 -0.1711866
3 -0.05128864 -0.1983668

[[14]]
  delta        mu      mu_1      mu_0         de       se_1        se_0
1   0.5 0.8138570 0.7010101 0.8906968 -0.1896867 0.03812024  0.03220955
2   1.0 0.7444559 0.6628899 0.8584873 -0.1955974 0.00000000  0.00000000
3   2.0 0.7388481 0.7029732 0.8428320 -0.1398589 0.04008327 -0.01565523
            oe         te
1  0.069401090 -0.1574771
2  0.000000000 -0.1955974
3 -0.005607796 -0.1555141

[[15]]
  delta        mu      mu_1      mu_0         de        se_1         se_0
1   0.5 0.7823902 0.6992624 0.8496767 -0.1504143  0.02832432 -0.005300577
2   1.0 0.7428823 0.6709381 0.8549773 -0.1840392  0.00000000  0.000000000
3   2.0 0.6753521 0.6242059 0.8494246 -0.2252187 -0.04673221 -0.005552690
           oe         te
1  0.03950797 -0.1557149
2  0.00000000 -0.1840392
3 -0.06753018 -0.2307714

[[16]]
  delta        mu      mu_1      mu_0         de        se_1         se_0
1   0.5 0.8153239 0.7021742 0.8875568 -0.1853826  0.03556891  0.041699922
2   1.0 0.7427010 0.6666053 0.8458569 -0.1792516  0.00000000  0.000000000
3   2.0 0.7105606 0.6644937 0.8382259 -0.1737322 -0.00211165 -0.007631045
           oe         te
1  0.07262286 -0.1436827
2  0.00000000 -0.1792516
3 -0.03214042 -0.1813632

[[17]]
  delta        mu      mu_1      mu_0         de        se_1         se_0
1   0.5 0.8139297 0.7156517 0.8813081 -0.1656563  0.01746403  0.007289412
2   1.0 0.7743969 0.6981877 0.8740187 -0.1758310  0.00000000  0.000000000
3   2.0 0.7139492 0.6584881 0.8596986 -0.2012106 -0.03969966 -0.014320071
           oe         te
1  0.03953288 -0.1583669
2  0.00000000 -0.1758310
3 -0.06044768 -0.2155306

[[18]]
  delta        mu      mu_1      mu_0         de        se_1        se_0
1   0.5 0.7931423 0.6793966 0.8748276 -0.1954310  0.01909766  0.02325044
2   1.0 0.7399547 0.6602990 0.8515772 -0.1912782  0.00000000  0.00000000
3   2.0 0.6589675 0.6094709 0.8048548 -0.1953840 -0.05082808 -0.04672235
           oe         te
1  0.05318758 -0.1721806
2  0.00000000 -0.1912782
3 -0.08098721 -0.2421063

[[19]]
  delta        mu      mu_1      mu_0         de       se_1        se_0
1   0.5 0.8000397 0.6856905 0.8719811 -0.1862906 0.01703050  0.01692600
2   1.0 0.7493061 0.6686600 0.8550551 -0.1863951 0.00000000  0.00000000
3   2.0 0.7328453 0.6954340 0.8381924 -0.1427584 0.02677408 -0.01686266
           oe         te
1  0.05073361 -0.1693646
2  0.00000000 -0.1863951
3 -0.01646084 -0.1596210

[[20]]
  delta        mu      mu_1      mu_0         de        se_1       se_0
1   0.5 0.8019835 0.6816779 0.8807490 -0.1990711 0.001512229 0.01781316
2   1.0 0.7594255 0.6801656 0.8629358 -0.1827702 0.000000000 0.00000000
3   2.0 0.7435578 0.6912547 0.8771703 -0.1859156 0.011089126 0.01423452
           oe         te
1  0.04255801 -0.1812579
2  0.00000000 -0.1827702
3 -0.01586766 -0.1716810

[[1]]
  delta         mu       mu_1       mu_0         de       se_1       se_0
1   0.5 0.02512368 0.02111396 0.02877260 0.02082638 0.01612779 0.02441676
2   1.0 0.01839557 0.01895713 0.01744725 0.01217873 0.00000000 0.00000000
3   2.0 0.03106482 0.03351190 0.02491031 0.02360141 0.02577369 0.01915902
          oe         te
1 0.02113823 0.01613052
2 0.00000000 0.01217873
3 0.02424632 0.03160296

[[2]]
  delta         mu       mu_1       mu_0         de       se_1       se_0
1   0.5 0.02622977 0.02055155 0.03049906 0.02419157 0.01646401 0.02519363
2   1.0 0.01691424 0.01714033 0.01694474 0.01240426 0.00000000 0.00000000
3   2.0 0.03130385 0.03334991 0.02534570 0.02195517 0.02573579 0.02068662
          oe         te
1 0.02172558 0.01636055
2 0.00000000 0.01240426
3 0.02527236 0.03231248

[[3]]
  delta         mu       mu_1       mu_0         de       se_1       se_0
1   0.5 0.02482562 0.01959583 0.02914393 0.02243379 0.01657839 0.02518490
2   1.0 0.01746339 0.01792431 0.01679683 0.01243418 0.00000000 0.00000000
3   2.0 0.03319351 0.03740868 0.02467042 0.02839329 0.03097256 0.01990099
          oe         te
1 0.02226233 0.01554930
2 0.00000000 0.01243418
3 0.02785499 0.03703364

[[4]]
  delta         mu       mu_1       mu_0         de       se_1       se_0
1   0.5 0.02469112 0.02106946 0.02813231 0.02222103 0.01609411 0.02251155
2   1.0 0.01820858 0.01855240 0.01749205 0.01199584 0.00000000 0.00000000
3   2.0 0.03358719 0.03738962 0.02395769 0.02735618 0.03111824 0.01874860
          oe         te
1 0.02013527 0.01620132
2 0.00000000 0.01199584
3 0.02826994 0.03663001

[[5]]
  delta         mu       mu_1       mu_0         de       se_1       se_0
1   0.5 0.02353126 0.02255342 0.02690941 0.02547962 0.01960506 0.02169137
2   1.0 0.01730424 0.01805408 0.01636263 0.01198032 0.00000000 0.00000000
3   2.0 0.03113945 0.03382351 0.02394631 0.02206450 0.02664718 0.01997804
          oe         te
1 0.01993290 0.02065726
2 0.00000000 0.01198032
3 0.02538134 0.03255176

[[6]]
  delta         mu       mu_1       mu_0         de       se_1       se_0
1   0.5 0.02593235 0.01993063 0.03049161 0.02515903 0.01604263 0.02564915
2   1.0 0.01709826 0.01793475 0.01645034 0.01269133 0.00000000 0.00000000
3   2.0 0.03291709 0.03656082 0.02378336 0.02504582 0.02932863 0.01928033
          oe         te
1 0.02241463 0.01556732
2 0.00000000 0.01269133
3 0.02689696 0.03473014

[[7]]
  delta         mu       mu_1       mu_0         de       se_1       se_0
1   0.5 0.02532578 0.01968744 0.02892227 0.02129951 0.01604810 0.02344710
2   1.0 0.01731568 0.01777235 0.01679799 0.01223364 0.00000000 0.00000000
3   2.0 0.02988531 0.03210272 0.02388792 0.02143682 0.02435675 0.01844779
          oe         te
1 0.02138139 0.01514904
2 0.00000000 0.01223364
3 0.02336141 0.03079253

[[8]]
  delta         mu       mu_1       mu_0         de       se_1       se_0
1   0.5 0.02440697 0.02077596 0.02771495 0.02229768 0.01622730 0.02353402
2   1.0 0.01716190 0.01782821 0.01645205 0.01225358 0.00000000 0.00000000
3   2.0 0.02743011 0.02910314 0.02377285 0.02238878 0.02185942 0.01839253
          oe         te
1 0.02094496 0.01647470
2 0.00000000 0.01225358
3 0.02116319 0.02789729

[[9]]
  delta         mu       mu_1       mu_0         de       se_1       se_0
1   0.5 0.02426608 0.01974075 0.02803575 0.02257672 0.01550257 0.02261715
2   1.0 0.01811684 0.01840284 0.01789049 0.01319923 0.00000000 0.00000000
3   2.0 0.03641038 0.03902571 0.02636465 0.02564115 0.03273326 0.02227910
          oe         te
1 0.02021393 0.01640262
2 0.00000000 0.01319923
3 0.03154827 0.03923933

[[10]]
  delta         mu       mu_1       mu_0         de       se_1       se_0
1   0.5 0.02289261 0.02050107 0.02528374 0.02083910 0.01603528 0.01970518
2   1.0 0.01745736 0.01759250 0.01719008 0.01215637 0.00000000 0.00000000
3   2.0 0.03594156 0.03870738 0.02664609 0.02561606 0.03110516 0.02098662
          oe         te
1 0.01819961 0.01652920
2 0.00000000 0.01215637
3 0.02925782 0.03650403

[[11]]
  delta         mu       mu_1       mu_0         de       se_1       se_0
1   0.5 0.02349083 0.01923700 0.02691605 0.02120600 0.01452338 0.02203113
2   1.0 0.01801090 0.01839642 0.01734590 0.01287515 0.00000000 0.00000000
3   2.0 0.06635905 0.08323810 0.02777482 0.07656170 0.07816333 0.02370420
         oe         te
1 0.0192288 0.01509055
2 0.0000000 0.01287515
3 0.0623637 0.08291555

[[12]]
  delta         mu       mu_1       mu_0         de       se_1       se_0
1   0.5 0.02587478 0.01962369 0.02956224 0.02256500 0.01574247 0.02501781
2   1.0 0.01688645 0.01734460 0.01644294 0.01266411 0.00000000 0.00000000
3   2.0 0.02746150 0.02951788 0.02237964 0.02081560 0.02238006 0.01752472
          oe         te
1 0.02241508 0.01460597
2 0.00000000 0.01266411
3 0.02163884 0.02904344

[[13]]
  delta         mu       mu_1       mu_0         de       se_1       se_0
1   0.5 0.02170393 0.01965092 0.02430462 0.02046397 0.01658880 0.02051412
2   1.0 0.01623004 0.01719661 0.01584252 0.01241233 0.00000000 0.00000000
3   2.0 0.03751464 0.04349890 0.02433639 0.03315867 0.03757417 0.02013664
          oe         te
1 0.01912809 0.01645982
2 0.00000000 0.01241233
3 0.03275248 0.04279253

[[14]]
  delta         mu       mu_1       mu_0         de       se_1       se_0
1   0.5 0.02825916 0.02177880 0.03237398 0.02455435 0.01778610 0.02759448
2   1.0 0.01779167 0.01819439 0.01727711 0.01296333 0.00000000 0.00000000
3   2.0 0.04084015 0.04721323 0.02754524 0.03777576 0.04055821 0.02248568
          oe         te
1 0.02436132 0.01725531
2 0.00000000 0.01296333
3 0.03531642 0.04659400

[[15]]
  delta         mu       mu_1       mu_0         de       se_1       se_0
1   0.5 0.02023088 0.01824880 0.02364876 0.02179556 0.01594243 0.02002412
2   1.0 0.01746391 0.01828503 0.01649202 0.01276572 0.00000000 0.00000000
3   2.0 0.03413710 0.03618907 0.02711304 0.02381948 0.02724877 0.02139433
          oe         te
1 0.01818062 0.01613965
2 0.00000000 0.01276572
3 0.02670078 0.03389714

[[16]]
  delta         mu       mu_1       mu_0         de       se_1       se_0
1   0.5 0.02496505 0.01934204 0.02784549 0.02038127 0.01503667 0.02305042
2   1.0 0.01705308 0.01737497 0.01643348 0.01254515 0.00000000 0.00000000
3   2.0 0.03272325 0.03690418 0.02359102 0.02749069 0.03073450 0.01928409
          oe         te
1 0.02092786 0.01432284
2 0.00000000 0.01254515
3 0.02717424 0.03566389

[[17]]
  delta         mu       mu_1       mu_0         de       se_1       se_0
1   0.5 0.02321791 0.01973196 0.02601305 0.02078503 0.01565226 0.02147248
2   1.0 0.01755625 0.01783178 0.01731503 0.01269668 0.00000000 0.00000000
3   2.0 0.03303754 0.03575199 0.02641728 0.02561636 0.02972605 0.02052832
          oe         te
1 0.01944429 0.01623128
2 0.00000000 0.01269668
3 0.02755951 0.03489782

[[18]]
  delta         mu       mu_1       mu_0         de       se_1       se_0
1   0.5 0.02232439 0.01850363 0.02546133 0.02063396 0.01436879 0.02239465
2   1.0 0.01729531 0.01817013 0.01634702 0.01308543 0.00000000 0.00000000
3   2.0 0.03061984 0.03317165 0.02471554 0.02369185 0.02547504 0.01940567
          oe         te
1 0.01970219 0.01436005
2 0.00000000 0.01308543
3 0.02435922 0.03233254

[[19]]
  delta         mu       mu_1       mu_0         de       se_1       se_0
1   0.5 0.02652968 0.02116007 0.03152553 0.02618493 0.01761504 0.02679648
2   1.0 0.01813822 0.01901398 0.01743025 0.01274865 0.00000000 0.00000000
3   2.0 0.04059443 0.04543418 0.02971586 0.03135496 0.03797266 0.02357035
          oe         te
1 0.02317400 0.01769921
2 0.00000000 0.01274865
3 0.03423001 0.04361346

[[20]]
  delta         mu       mu_1       mu_0         de       se_1       se_0
1   0.5 0.02575917 0.01993303 0.02962985 0.02206331 0.01634773 0.02576059
2   1.0 0.01690099 0.01755090 0.01611472 0.01231548 0.00000000 0.00000000
3   2.0 0.03101499 0.03466537 0.02345500 0.02600036 0.02804993 0.01902687
          oe         te
1 0.02266073 0.01595205
2 0.00000000 0.01231548
3 0.02553213 0.03408688

[1] "Total run time was 4625.923 seconds"
