Warning message:
package ‘SuperLearner’ was built under R version 4.1.3 
[1] "[Simulation setting]"
[1] "n: 500"
[1] "deltas: 0.5, 1, 2"
[1] "K: 2"
[1] "r: 100"
[1] "s: 1"
[1] "Sim.id 1"
[1] "Data generated and format changed"
[1] "   Split: 1"
Loading required namespace: nnet
Loading required namespace: ranger
[1] "   Split: 2"
[1] "Estimates and SE estimates computed"
[1] ""
[1] "Sim.id 2"
[1] "Data generated and format changed"
[1] "   Split: 1"
[1] "   Split: 2"
[1] "Estimates and SE estimates computed"
[1] ""
[1] "Sim.id 3"
[1] "Data generated and format changed"
[1] "   Split: 1"
[1] "   Split: 2"
[1] "Estimates and SE estimates computed"
[1] ""
[1] "Sim.id 4"
[1] "Data generated and format changed"
[1] "   Split: 1"
[1] "   Split: 2"
[1] "Estimates and SE estimates computed"
[1] ""
[1] "Sim.id 5"
[1] "Data generated and format changed"
[1] "   Split: 1"
[1] "   Split: 2"
[1] "Estimates and SE estimates computed"
[1] ""
[1] "Sim.id 6"
[1] "Data generated and format changed"
[1] "   Split: 1"
[1] "   Split: 2"
[1] "Estimates and SE estimates computed"
[1] ""
[1] "Sim.id 7"
[1] "Data generated and format changed"
[1] "   Split: 1"
[1] "   Split: 2"
[1] "Estimates and SE estimates computed"
[1] ""
[1] "Sim.id 8"
[1] "Data generated and format changed"
[1] "   Split: 1"
[1] "   Split: 2"
[1] "Estimates and SE estimates computed"
[1] ""
[1] "Sim.id 9"
[1] "Data generated and format changed"
[1] "   Split: 1"
[1] "   Split: 2"
[1] "Estimates and SE estimates computed"
[1] ""
[1] "Sim.id 10"
[1] "Data generated and format changed"
[1] "   Split: 1"
[1] "   Split: 2"
[1] "Estimates and SE estimates computed"
[1] ""
[1] "Sim.id 11"
[1] "Data generated and format changed"
[1] "   Split: 1"
[1] "   Split: 2"
[1] "Estimates and SE estimates computed"
[1] ""
[1] "Sim.id 12"
[1] "Data generated and format changed"
[1] "   Split: 1"
[1] "   Split: 2"
[1] "Estimates and SE estimates computed"
[1] ""
[1] "Sim.id 13"
[1] "Data generated and format changed"
[1] "   Split: 1"
[1] "   Split: 2"
[1] "Estimates and SE estimates computed"
[1] ""
[1] "Sim.id 14"
[1] "Data generated and format changed"
[1] "   Split: 1"
[1] "   Split: 2"
[1] "Estimates and SE estimates computed"
[1] ""
[1] "Sim.id 15"
[1] "Data generated and format changed"
[1] "   Split: 1"
[1] "   Split: 2"
[1] "Estimates and SE estimates computed"
[1] ""
[1] "Sim.id 16"
[1] "Data generated and format changed"
[1] "   Split: 1"
[1] "   Split: 2"
[1] "Estimates and SE estimates computed"
[1] ""
[1] "Sim.id 17"
[1] "Data generated and format changed"
[1] "   Split: 1"
[1] "   Split: 2"
[1] "Estimates and SE estimates computed"
[1] ""
[1] "Sim.id 18"
[1] "Data generated and format changed"
[1] "   Split: 1"
[1] "   Split: 2"
[1] "Estimates and SE estimates computed"
[1] ""
[1] "Sim.id 19"
[1] "Data generated and format changed"
[1] "   Split: 1"
[1] "   Split: 2"
[1] "Estimates and SE estimates computed"
[1] ""
[1] "Sim.id 20"
[1] "Data generated and format changed"
[1] "   Split: 1"
[1] "   Split: 2"
[1] "Estimates and SE estimates computed"
[1] ""
[[1]]
  delta        mu      mu_1      mu_0         de        se_1         se_0
1   0.5 0.7848599 0.6871523 0.8523752 -0.1652229 -0.02061488 -0.013967643
2   1.0 0.7765107 0.7077672 0.8663429 -0.1585757  0.00000000  0.000000000
3   2.0 0.7454012 0.6969054 0.8703493 -0.1734438 -0.01086177  0.004006406
            oe         te
1  0.008349192 -0.1791905
2  0.000000000 -0.1585757
3 -0.031109481 -0.1694374

[[2]]
  delta        mu      mu_1      mu_0         de         se_1        se_0
1   0.5 0.7664711 0.6775141 0.8253965 -0.1478824  0.008476062 -0.02045823
2   1.0 0.7476605 0.6690381 0.8458547 -0.1768167  0.000000000  0.00000000
3   2.0 0.6888948 0.6375125 0.8216214 -0.1841089 -0.031525558 -0.02423336
           oe         te
1  0.01881064 -0.1683406
2  0.00000000 -0.1768167
3 -0.05876572 -0.2083422

[[3]]
  delta        mu      mu_1      mu_0         de        se_1        se_0
1   0.5 0.7540615 0.6464566 0.8329676 -0.1865110 -0.02013399 -0.02159212
2   1.0 0.7463558 0.6665906 0.8545597 -0.1879691  0.00000000  0.00000000
3   2.0 0.7501026 0.7011190 0.8723539 -0.1712349  0.03452841  0.01779420
           oe         te
1 0.007705661 -0.2081031
2 0.000000000 -0.1879691
3 0.003746821 -0.1534407

[[4]]
  delta        mu      mu_1      mu_0         de          se_1         se_0
1   0.5 0.7875230 0.6906250 0.8530999 -0.1624748  0.0152411361  0.003257938
2   1.0 0.7496167 0.6753839 0.8498419 -0.1744580  0.0000000000  0.000000000
3   2.0 0.7186000 0.6748458 0.8350297 -0.1601838 -0.0005380582 -0.014812242
           oe         te
1  0.03790628 -0.1592169
2  0.00000000 -0.1744580
3 -0.03101668 -0.1749961

[[5]]
  delta        mu      mu_1      mu_0         de        se_1         se_0
1   0.5 0.7592445 0.6675342 0.8233206 -0.1557864  0.01635746 -0.007294683
2   1.0 0.7278691 0.6511768 0.8306153 -0.1794385  0.00000000  0.000000000
3   2.0 0.6253843 0.5672523 0.7880803 -0.2208280 -0.08392447 -0.042535010
           oe         te
1  0.03137532 -0.1630811
2  0.00000000 -0.1794385
3 -0.10248488 -0.2633630

[[6]]
  delta        mu      mu_1      mu_0         de       se_1        se_0
1   0.5 0.8328669 0.7035491 0.9182513 -0.2147023 0.04254797  0.06698590
2   1.0 0.7400827 0.6610011 0.8512654 -0.1902643 0.00000000  0.00000000
3   2.0 0.7251239 0.6875363 0.8323957 -0.1448593 0.02653526 -0.01886977
           oe         te
1  0.09278417 -0.1477164
2  0.00000000 -0.1902643
3 -0.01495887 -0.1637291

[[7]]
  delta        mu      mu_1      mu_0         de        se_1        se_0
1   0.5 0.7918312 0.7008802 0.8513501 -0.1504699  0.02989158 -0.01512497
2   1.0 0.7564717 0.6709886 0.8664751 -0.1954865  0.00000000  0.00000000
3   2.0 0.6952643 0.6417969 0.8417158 -0.1999188 -0.02919168 -0.02475932
           oe         te
1  0.03535957 -0.1655949
2  0.00000000 -0.1954865
3 -0.06120739 -0.2246782

[[8]]
  delta        mu      mu_1      mu_0         de        se_1        se_0
1   0.5 0.8058562 0.6856339 0.8860442 -0.2004103  0.04818453  0.04569955
2   1.0 0.7235982 0.6374494 0.8403447 -0.2028953  0.00000000  0.00000000
3   2.0 0.6674153 0.6170153 0.8078881 -0.1908728 -0.02043413 -0.03245663
           oe         te
1  0.08225801 -0.1547108
2  0.00000000 -0.2028953
3 -0.05618283 -0.2233294

[[9]]
  delta        mu      mu_1      mu_0         de        se_1         se_0
1   0.5 0.7939239 0.6858220 0.8685184 -0.1826963  0.02277187  0.015162256
2   1.0 0.7430789 0.6630502 0.8533561 -0.1903060  0.00000000  0.000000000
3   2.0 0.7028030 0.6512161 0.8520511 -0.2008350 -0.01183408 -0.001305056
           oe         te
1  0.05084504 -0.1675341
2  0.00000000 -0.1903060
3 -0.04027590 -0.2021400

[[10]]
  delta        mu      mu_1      mu_0         de        se_1        se_0
1   0.5 0.8086863 0.6879070 0.8914329 -0.2035258  0.02013635  0.01836822
2   1.0 0.7542628 0.6677707 0.8730646 -0.2052940  0.00000000  0.00000000
3   2.0 0.6928414 0.6348051 0.8535928 -0.2187876 -0.03296555 -0.01947189
           oe         te
1  0.05442348 -0.1851576
2  0.00000000 -0.2052940
3 -0.06142138 -0.2382595

[[11]]
  delta        mu      mu_1      mu_0         de        se_1         se_0
1   0.5 0.7855684 0.6874511 0.8529694 -0.1655183  0.02059952 -0.010534643
2   1.0 0.7512594 0.6668516 0.8635041 -0.1966525  0.00000000  0.000000000
3   2.0 0.7020092 0.6421647 0.8613202 -0.2191555 -0.02468686 -0.002183879
           oe         te
1  0.03430896 -0.1760530
2  0.00000000 -0.1966525
3 -0.04925021 -0.2213393

[[12]]
  delta        mu      mu_1      mu_0         de         se_1        se_0
1   0.5 0.7756362 0.6805587 0.8400943 -0.1595357 0.0007448795 -0.02708756
2   1.0 0.7618612 0.6798138 0.8671819 -0.1873681 0.0000000000  0.00000000
3   2.0 0.7475326 0.6852451 0.8957281 -0.2104830 0.0054313129  0.02854623
           oe         te
1  0.01377502 -0.1866232
2  0.00000000 -0.1873681
3 -0.01432857 -0.1819368

[[13]]
  delta        mu      mu_1      mu_0         de        se_1         se_0
1   0.5 0.7936389 0.7058365 0.8594584 -0.1536218 0.009981846 -0.005999933
2   1.0 0.7663156 0.6958547 0.8654583 -0.1696036 0.000000000  0.000000000
3   2.0 0.7537112 0.7068447 0.8788223 -0.1719776 0.010989962  0.013363975
           oe         te
1  0.02732324 -0.1596217
2  0.00000000 -0.1696036
3 -0.01260440 -0.1586136

[[14]]
  delta        mu      mu_1      mu_0         de        se_1        se_0
1   0.5 0.8065216 0.6916892 0.8854813 -0.1937921  0.02109704  0.03439160
2   1.0 0.7463943 0.6705921 0.8510897 -0.1804976  0.00000000  0.00000000
3   2.0 0.6792449 0.6255915 0.8316121 -0.2060206 -0.04500065 -0.01947761
           oe         te
1  0.06012723 -0.1594005
2  0.00000000 -0.1804976
3 -0.06714940 -0.2254982

[[15]]
  delta        mu      mu_1      mu_0         de        se_1        se_0
1   0.5 0.8318425 0.7118663 0.9149700 -0.2031037  0.04032955  0.06074125
2   1.0 0.7483433 0.6715367 0.8542288 -0.1826920  0.00000000  0.00000000
3   2.0 0.7073607 0.6570197 0.8424072 -0.1853875 -0.01451700 -0.01182151
           oe         te
1  0.08349913 -0.1423625
2  0.00000000 -0.1826920
3 -0.04098269 -0.1972090

[[16]]
  delta        mu      mu_1      mu_0         de         se_1        se_0
1   0.5 0.8054211 0.7009068 0.8742417 -0.1733350  0.048211992  0.03891138
2   1.0 0.7313487 0.6526948 0.8353304 -0.1826356  0.000000000  0.00000000
3   2.0 0.6983213 0.6473491 0.8250920 -0.1777430 -0.005345699 -0.01023830
           oe         te
1  0.07407239 -0.1344236
2  0.00000000 -0.1826356
3 -0.03302741 -0.1879813

[[17]]
  delta        mu      mu_1      mu_0         de       se_1          se_0
1   0.5 0.7644720 0.6631116 0.8363290 -0.1732174 0.01915152  0.0157938621
2   1.0 0.7164863 0.6439601 0.8205351 -0.1765750 0.00000000  0.0000000000
3   2.0 0.7001458 0.6576543 0.8204084 -0.1627541 0.01369421 -0.0001266854
           oe         te
1  0.04798576 -0.1574235
2  0.00000000 -0.1765750
3 -0.01634043 -0.1628808

[[18]]
  delta        mu      mu_1      mu_0         de        se_1        se_0
1   0.5 0.8509246 0.7006533 0.9338185 -0.2331652  0.02876020  0.05162754
2   1.0 0.7663675 0.6718931 0.8821909 -0.2102979  0.00000000  0.00000000
3   2.0 0.6869732 0.6277072 0.8371987 -0.2094915 -0.04418589 -0.04499224
           oe         te
1  0.08455713 -0.1815377
2  0.00000000 -0.2102979
3 -0.07939430 -0.2544838

[[19]]
  delta        mu      mu_1      mu_0         de          se_1         se_0
1   0.5 0.7529059 0.6672962 0.8175064 -0.1502102 -0.0007318226 -0.014301647
2   1.0 0.7340672 0.6680280 0.8318080 -0.1637800  0.0000000000  0.000000000
3   2.0 0.6844967 0.6349014 0.8286606 -0.1937592 -0.0331265986 -0.003147462
           oe         te
1  0.01883878 -0.1645118
2  0.00000000 -0.1637800
3 -0.04957041 -0.1969066

[[20]]
  delta        mu      mu_1      mu_0         de        se_1        se_0
1   0.5 0.7871809 0.6741764 0.8650509 -0.1908745  0.01525582  0.01876122
2   1.0 0.7382928 0.6589205 0.8462897 -0.1873692  0.00000000  0.00000000
3   2.0 0.6903079 0.6411672 0.8254747 -0.1843075 -0.01775335 -0.02081498
           oe         te
1  0.04888811 -0.1721133
2  0.00000000 -0.1873692
3 -0.04798484 -0.2051225

[[1]]
  delta         mu       mu_1       mu_0         de       se_1       se_0
1   0.5 0.02486462 0.01857369 0.02914937 0.02262243 0.01450212 0.02528393
2   1.0 0.01792879 0.01848245 0.01697081 0.01147489 0.00000000 0.00000000
3   2.0 0.03108599 0.03290672 0.02489958 0.01994160 0.02538796 0.01932791
          oe         te
1 0.02164516 0.01412967
2 0.00000000 0.01147489
3 0.02465086 0.03090599

[[2]]
  delta         mu       mu_1       mu_0         de       se_1       se_0
1   0.5 0.02723545 0.02213391 0.03104484 0.02437287 0.01635224 0.02598104
2   1.0 0.01691564 0.01736332 0.01651260 0.01249604 0.00000000 0.00000000
3   2.0 0.03086733 0.03429074 0.02285912 0.02565557 0.02872822 0.01932657
          oe         te
1 0.02275079 0.01646572
2 0.00000000 0.01249604
3 0.02641157 0.03418781

[[3]]
  delta         mu       mu_1       mu_0         de       se_1       se_0
1   0.5 0.02470629 0.01967955 0.03114869 0.02836668 0.01537736 0.02699277
2   1.0 0.01736278 0.01770704 0.01729994 0.01258108 0.00000000 0.00000000
3   2.0 0.03654282 0.04102174 0.02489663 0.02895841 0.03441704 0.01984139
          oe         te
1 0.02118183 0.01681236
2 0.00000000 0.01258108
3 0.03052297 0.03908987

[[4]]
  delta         mu       mu_1       mu_0         de       se_1       se_0
1   0.5 0.02528825 0.01977092 0.02885438 0.02215033 0.01526989 0.02355237
2   1.0 0.01836579 0.01856224 0.01765764 0.01195480 0.00000000 0.00000000
3   2.0 0.03700964 0.04173403 0.02557760 0.02947551 0.03491837 0.02011303
          oe         te
1 0.02063634 0.01482464
2 0.00000000 0.01195480
3 0.03108602 0.04017935

[[5]]
  delta         mu       mu_1       mu_0         de       se_1       se_0
1   0.5 0.02724964 0.02140986 0.03215606 0.02708135 0.01637731 0.02649432
2   1.0 0.01781066 0.01823994 0.01752991 0.01274433 0.00000000 0.00000000
3   2.0 0.03041484 0.03246065 0.02374051 0.02011269 0.02624015 0.01923910
          oe         te
1 0.02275085 0.01654399
2 0.00000000 0.01274433
3 0.02530266 0.03181609

[[6]]
  delta         mu       mu_1       mu_0         de       se_1       se_0
1   0.5 0.02792252 0.02115980 0.03393117 0.02904819 0.01828266 0.02964921
2   1.0 0.01672672 0.01709024 0.01636301 0.01251222 0.00000000 0.00000000
3   2.0 0.03664225 0.04140317 0.02492992 0.03221813 0.03510558 0.01945776
          oe         te
1 0.02472829 0.01864896
2 0.00000000 0.01251222
3 0.03104922 0.04041695

[[7]]
  delta         mu       mu_1       mu_0         de       se_1       se_0
1   0.5 0.02573067 0.02086961 0.02966149 0.02449368 0.01605618 0.02490190
2   1.0 0.01756506 0.01802272 0.01695071 0.01236317 0.00000000 0.00000000
3   2.0 0.03065984 0.03285857 0.02352094 0.02197015 0.02541128 0.01887924
          oe         te
1 0.02144501 0.01634433
2 0.00000000 0.01236317
3 0.02447023 0.03168554

[[8]]
  delta         mu       mu_1       mu_0         de       se_1       se_0
1   0.5 0.02364864 0.01933806 0.02661522 0.01977040 0.01421920 0.02229446
2   1.0 0.01653702 0.01692965 0.01621115 0.01211066 0.00000000 0.00000000
3   2.0 0.02731075 0.02953230 0.02189750 0.02168101 0.02321808 0.01740206
          oe         te
1 0.01955994 0.01536012
2 0.00000000 0.01211066
3 0.02205161 0.02924491

[[9]]
  delta         mu       mu_1       mu_0         de       se_1       se_0
1   0.5 0.02449426 0.01926838 0.02786696 0.02077971 0.01503372 0.02248837
2   1.0 0.01694895 0.01781461 0.01613747 0.01297027 0.00000000 0.00000000
3   2.0 0.03537855 0.03816438 0.02617281 0.02673376 0.03059138 0.02198511
          oe         te
1 0.02036890 0.01419890
2 0.00000000 0.01297027
3 0.02950118 0.03718696

[[10]]
  delta         mu       mu_1       mu_0         de       se_1       se_0
1   0.5 0.02520487 0.02007550 0.03034942 0.02641763 0.01618388 0.02671999
2   1.0 0.01726089 0.01831424 0.01675558 0.01387476 0.00000000 0.00000000
3   2.0 0.03146821 0.03483742 0.02436588 0.02631847 0.02762863 0.02026625
          oe         te
1 0.02256458 0.01684848
2 0.00000000 0.01387476
3 0.02602714 0.03478903

[[11]]
  delta         mu       mu_1       mu_0         de       se_1       se_0
1   0.5 0.02653259 0.02226105 0.03100962 0.02787692 0.01778278 0.02463192
2   1.0 0.01737233 0.01760544 0.01702691 0.01301594 0.00000000 0.00000000
3   2.0 0.02877718 0.03094376 0.02357734 0.02328490 0.02456542 0.01975843
          oe         te
1 0.02115064 0.01861399
2 0.00000000 0.01301594
3 0.02353329 0.03039282

[[12]]
  delta         mu       mu_1       mu_0         de       se_1       se_0
1   0.5 0.02228145 0.01892963 0.02509717 0.02031120 0.01482707 0.02048646
2   1.0 0.01595494 0.01706646 0.01521698 0.01239978 0.00000000 0.00000000
3   2.0 0.03364054 0.03688510 0.02606869 0.02600224 0.03033525 0.02228413
          oe         te
1 0.01865793 0.01469414
2 0.00000000 0.01239978
3 0.02844647 0.03608951

[[13]]
  delta         mu       mu_1       mu_0         de       se_1       se_0
1   0.5 0.02393300 0.01933118 0.02676431 0.01879510 0.01520469 0.02157429
2   1.0 0.01718020 0.01799323 0.01619879 0.01195451 0.00000000 0.00000000
3   2.0 0.03398418 0.03649052 0.02653096 0.02294837 0.02849677 0.02108071
          oe         te
1 0.01936253 0.01468113
2 0.00000000 0.01195451
3 0.02693038 0.03365579

[[14]]
  delta         mu       mu_1       mu_0         de       se_1       se_0
1   0.5 0.02333777 0.01964865 0.02636365 0.02069904 0.01522660 0.02157558
2   1.0 0.01861573 0.01860886 0.01825892 0.01291723 0.00000000 0.00000000
3   2.0 0.03304180 0.03615635 0.02589655 0.02552017 0.02955914 0.02064233
          oe         te
1 0.01926803 0.01582364
2 0.00000000 0.01291723
3 0.02731858 0.03519083

[[15]]
  delta         mu       mu_1       mu_0         de       se_1       se_0
1   0.5 0.02325632 0.01920568 0.02764430 0.02414513 0.01483961 0.02314649
2   1.0 0.01695503 0.01756330 0.01635465 0.01272113 0.00000000 0.00000000
3   2.0 0.03134744 0.03532730 0.02283109 0.02701673 0.02811592 0.01793369
          oe         te
1 0.01970621 0.01566471
2 0.00000000 0.01272113
3 0.02518701 0.03379659

[[16]]
  delta         mu       mu_1       mu_0         de       se_1       se_0
1   0.5 0.02581386 0.02137314 0.02977339 0.02412571 0.01615691 0.02583631
2   1.0 0.01777560 0.01774591 0.01727698 0.01178402 0.00000000 0.00000000
3   2.0 0.02895447 0.03206581 0.02391500 0.02665669 0.02568828 0.01918160
          oe         te
1 0.02195304 0.01615363
2 0.00000000 0.01178402
3 0.02337697 0.03118761

[[17]]
  delta         mu       mu_1       mu_0         de       se_1       se_0
1   0.5 0.02259803 0.01903049 0.02641559 0.02166783 0.01513094 0.02280259
2   1.0 0.01667606 0.01719531 0.01656929 0.01235354 0.00000000 0.00000000
3   2.0 0.03774082 0.04315868 0.02408013 0.03157163 0.03683098 0.01934664
          oe         te
1 0.01999712 0.01542101
2 0.00000000 0.01235354
3 0.03238754 0.04181218

[[18]]
  delta         mu       mu_1       mu_0         de       se_1       se_0
1   0.5 0.02472318 0.02151271 0.02783381 0.02256910 0.01641620 0.02422467
2   1.0 0.01723491 0.01763093 0.01630104 0.01169642 0.00000000 0.00000000
3   2.0 0.02542355 0.02664723 0.02167240 0.01860394 0.02040176 0.01682988
          oe         te
1 0.02096304 0.01720817
2 0.00000000 0.01169642
3 0.01988721 0.02588001

[[19]]
  delta         mu       mu_1       mu_0         de       se_1       se_0
1   0.5 0.02640754 0.01992497 0.03227350 0.02452856 0.01598514 0.02750334
2   1.0 0.01766090 0.01804229 0.01748624 0.01253429 0.00000000 0.00000000
3   2.0 0.03493246 0.03845506 0.02672057 0.02826161 0.03158427 0.02220530
          oe         te
1 0.02222790 0.01589409
2 0.00000000 0.01253429
3 0.02946205 0.03787679

[[20]]
  delta         mu       mu_1       mu_0         de       se_1       se_0
1   0.5 0.02507279 0.02136925 0.02732062 0.01972579 0.01683049 0.02228639
2   1.0 0.01810128 0.01812980 0.01790001 0.01258187 0.00000000 0.00000000
3   2.0 0.03501403 0.03727768 0.02675169 0.02364669 0.03010263 0.02276511
          oe         te
1 0.02055776 0.01632710
2 0.00000000 0.01258187
3 0.02953182 0.03683867

[[1]]
  delta        mu      mu_1      mu_0         de        se_1         se_0
1   0.5 0.7864613 0.6869820 0.8549327 -0.1679507 -0.02007020 -0.011325169
2   1.0 0.7759541 0.7070522 0.8662579 -0.1592057  0.00000000  0.000000000
3   2.0 0.7447866 0.6962647 0.8699724 -0.1737076 -0.01078743  0.003714515
           oe         te
1  0.01050719 -0.1792759
2  0.00000000 -0.1592057
3 -0.03116747 -0.1699931

[[2]]
  delta        mu      mu_1      mu_0         de         se_1        se_0
1   0.5 0.7657992 0.6774001 0.8245664 -0.1471663  0.008243568 -0.02122203
2   1.0 0.7477099 0.6691565 0.8457885 -0.1766319  0.000000000  0.00000000
3   2.0 0.6894505 0.6380847 0.8220855 -0.1840008 -0.031071861 -0.02370297
           oe         te
1  0.01808927 -0.1683884
2  0.00000000 -0.1766319
3 -0.05825948 -0.2077038

[[3]]
  delta        mu      mu_1      mu_0         de        se_1        se_0
1   0.5 0.7539271 0.6477107 0.8318514 -0.1841407 -0.01934901 -0.02381265
2   1.0 0.7472492 0.6670597 0.8556640 -0.1886044  0.00000000  0.00000000
3   2.0 0.7511487 0.7022190 0.8721909 -0.1699719  0.03515935  0.01652690
           oe         te
1 0.006677893 -0.2079534
2 0.000000000 -0.1886044
3 0.003899430 -0.1534450

[[4]]
  delta        mu      mu_1      mu_0         de         se_1         se_0
1   0.5 0.7861877 0.6907359 0.8509715 -0.1602356  0.015970085  0.001823451
2   1.0 0.7489312 0.6747658 0.8491480 -0.1743822  0.000000000  0.000000000
3   2.0 0.7145307 0.6706931 0.8320888 -0.1613958 -0.004072756 -0.017059211
           oe         te
1  0.03725644 -0.1584121
2  0.00000000 -0.1743822
3 -0.03440048 -0.1784550

[[5]]
  delta        mu      mu_1      mu_0         de        se_1         se_0
1   0.5 0.7588744 0.6690152 0.8220209 -0.1530057  0.01767296 -0.008086332
2   1.0 0.7275951 0.6513422 0.8301072 -0.1787650  0.00000000  0.000000000
3   2.0 0.6255335 0.5676092 0.7874675 -0.2198582 -0.08373295 -0.042639716
           oe         te
1  0.03127933 -0.1610920
2  0.00000000 -0.1787650
3 -0.10206156 -0.2624979

[[6]]
  delta        mu      mu_1      mu_0         de       se_1        se_0
1   0.5 0.8307225 0.7000598 0.9166599 -0.2166000 0.03992748  0.06561963
2   1.0 0.7393123 0.6601323 0.8510402 -0.1909079 0.00000000  0.00000000
3   2.0 0.7247706 0.6868376 0.8330090 -0.1461715 0.02670527 -0.01803117
           oe         te
1  0.09141014 -0.1509804
2  0.00000000 -0.1909079
3 -0.01454175 -0.1642026

[[7]]
  delta        mu      mu_1      mu_0         de        se_1        se_0
1   0.5 0.7925092 0.7010022 0.8520318 -0.1510297  0.02942367 -0.01490032
2   1.0 0.7572241 0.6715785 0.8669321 -0.1953537  0.00000000  0.00000000
3   2.0 0.6985138 0.6448431 0.8438402 -0.1989971 -0.02673540 -0.02309192
           oe         te
1  0.03528503 -0.1659300
2  0.00000000 -0.1953537
3 -0.05871030 -0.2220891

[[8]]
  delta        mu      mu_1      mu_0         de        se_1        se_0
1   0.5 0.8068939 0.6861227 0.8871734 -0.2010507  0.04867151  0.04634320
2   1.0 0.7237424 0.6374512 0.8408302 -0.2033790  0.00000000  0.00000000
3   2.0 0.6673939 0.6172578 0.8078193 -0.1905615 -0.02019335 -0.03301091
           oe         te
1  0.08315147 -0.1547075
2  0.00000000 -0.2033790
3 -0.05634855 -0.2235724

[[9]]
  delta        mu      mu_1      mu_0         de        se_1          se_0
1   0.5 0.7949869 0.6861651 0.8696839 -0.1835188  0.02213057  0.0157712780
2   1.0 0.7439646 0.6640345 0.8539126 -0.1898781  0.00000000  0.0000000000
3   2.0 0.7044769 0.6528914 0.8530602 -0.2001688 -0.01114315 -0.0008524569
           oe         te
1  0.05102233 -0.1677475
2  0.00000000 -0.1898781
3 -0.03948772 -0.2010213

[[10]]
  delta        mu      mu_1      mu_0         de        se_1        se_0
1   0.5 0.8055230 0.6870350 0.8866801 -0.1996451  0.02025037  0.01408555
2   1.0 0.7536053 0.6667846 0.8725945 -0.2058099  0.00000000  0.00000000
3   2.0 0.6883961 0.6298447 0.8530560 -0.2232112 -0.03693988 -0.01953855
           oe         te
1  0.05191768 -0.1855595
2  0.00000000 -0.2058099
3 -0.06520925 -0.2427498

[[11]]
  delta        mu      mu_1      mu_0         de        se_1         se_0
1   0.5 0.7863696 0.6873482 0.8534208 -0.1660727  0.02146109 -0.007928927
2   1.0 0.7500087 0.6658871 0.8613498 -0.1954627  0.00000000  0.000000000
3   2.0 0.7012768 0.6409744 0.8605326 -0.2195582 -0.02491266 -0.000817168
           oe         te
1  0.03636088 -0.1740016
2  0.00000000 -0.1954627
3 -0.04873190 -0.2203754

[[12]]
  delta        mu      mu_1      mu_0         de         se_1        se_0
1   0.5 0.7743264 0.6800998 0.8383893 -0.1582895 -0.003019125 -0.03157206
2   1.0 0.7652906 0.6831190 0.8699614 -0.1868424  0.000000000  0.00000000
3   2.0 0.7525828 0.6899993 0.9003831 -0.2103838  0.006880341  0.03042173
            oe         te
1  0.009035814 -0.1898615
2  0.000000000 -0.1868424
3 -0.012707863 -0.1799621

[[13]]
  delta        mu      mu_1      mu_0         de        se_1         se_0
1   0.5 0.7939968 0.7059756 0.8596034 -0.1536278 0.009514237 -0.006356571
2   1.0 0.7670403 0.6964613 0.8659599 -0.1694986 0.000000000  0.000000000
3   2.0 0.7543497 0.7072996 0.8793740 -0.1720744 0.010838321  0.013414089
           oe         te
1  0.02695654 -0.1599844
2  0.00000000 -0.1694986
3 -0.01269055 -0.1586603

[[14]]
  delta        mu      mu_1      mu_0         de        se_1        se_0
1   0.5 0.8054465 0.6907715 0.8846542 -0.1938827  0.02042509  0.03346758
2   1.0 0.7461458 0.6703464 0.8511866 -0.1808402  0.00000000  0.00000000
3   2.0 0.6797406 0.6258271 0.8324021 -0.2065750 -0.04451926 -0.01878450
           oe         te
1  0.05930075 -0.1604151
2  0.00000000 -0.1808402
3 -0.06640514 -0.2253595

[[15]]
  delta        mu      mu_1      mu_0         de        se_1        se_0
1   0.5 0.8331816 0.7109838 0.9189468 -0.2079630  0.03980071  0.06415562
2   1.0 0.7482186 0.6711831 0.8547912 -0.1836081  0.00000000  0.00000000
3   2.0 0.7063691 0.6561584 0.8417842 -0.1856259 -0.01502476 -0.01300693
           oe         te
1  0.08496303 -0.1438074
2  0.00000000 -0.1836081
3 -0.04184945 -0.1986328

[[16]]
  delta        mu      mu_1      mu_0         de        se_1        se_0
1   0.5 0.8096566 0.7028345 0.8792568 -0.1764222  0.05035448  0.04297298
2   1.0 0.7314821 0.6524800 0.8362838 -0.1838037  0.00000000  0.00000000
3   2.0 0.6932041 0.6402146 0.8242936 -0.1840790 -0.01226543 -0.01199020
           oe         te
1  0.07817454 -0.1334493
2  0.00000000 -0.1838037
3 -0.03827798 -0.1960692

[[17]]
  delta        mu      mu_1      mu_0         de       se_1         se_0
1   0.5 0.7638325 0.6633362 0.8350353 -0.1716991 0.01986579 0.0151844392
2   1.0 0.7160290 0.6434704 0.8198508 -0.1763804 0.00000000 0.0000000000
3   2.0 0.6990624 0.6560092 0.8201446 -0.1641354 0.01253874 0.0002937702
           oe         te
1  0.04780349 -0.1565146
2  0.00000000 -0.1763804
3 -0.01696665 -0.1638417

[[18]]
  delta        mu      mu_1      mu_0         de        se_1        se_0
1   0.5 0.8534197 0.7014598 0.9365471 -0.2350873  0.02962153  0.05453682
2   1.0 0.7664220 0.6718383 0.8820103 -0.2101720  0.00000000  0.00000000
3   2.0 0.6857577 0.6265818 0.8360367 -0.2094548 -0.04525644 -0.04597363
           oe         te
1  0.08699767 -0.1805505
2  0.00000000 -0.2101720
3 -0.08066437 -0.2554285

[[19]]
  delta        mu      mu_1      mu_0         de          se_1         se_0
1   0.5 0.7533757 0.6682694 0.8174994 -0.1492300 -0.0004659831 -0.015466110
2   1.0 0.7351874 0.6687354 0.8329656 -0.1642301  0.0000000000  0.000000000
3   2.0 0.6821739 0.6315634 0.8288725 -0.1973091 -0.0371720435 -0.004093088
           oe         te
1  0.01818836 -0.1646961
2  0.00000000 -0.1642301
3 -0.05301343 -0.2014022

[[20]]
  delta        mu      mu_1      mu_0         de        se_1        se_0
1   0.5 0.7868958 0.6747351 0.8641732 -0.1894381  0.01572160  0.01780434
2   1.0 0.7383350 0.6590135 0.8463689 -0.1873554  0.00000000  0.00000000
3   2.0 0.6898601 0.6407920 0.8250361 -0.1842442 -0.01822155 -0.02133274
           oe         te
1  0.04856080 -0.1716337
2  0.00000000 -0.1873554
3 -0.04847495 -0.2055769

[[1]]
  delta         mu       mu_1       mu_0         de       se_1       se_0
1   0.5 0.02499854 0.01856730 0.02937125 0.02288308 0.01449601 0.02549438
2   1.0 0.01788882 0.01846990 0.01691130 0.01148154 0.00000000 0.00000000
3   2.0 0.03113983 0.03296379 0.02485421 0.01992478 0.02546995 0.01931643
          oe         te
1 0.02177103 0.01412895
2 0.00000000 0.01148154
3 0.02474768 0.03101812

[[2]]
  delta         mu       mu_1       mu_0         de       se_1       se_0
1   0.5 0.02721303 0.02213321 0.03098748 0.02429916 0.01631257 0.02588989
2   1.0 0.01693093 0.01738612 0.01652574 0.01250836 0.00000000 0.00000000
3   2.0 0.03092655 0.03433050 0.02285890 0.02564795 0.02871798 0.01931493
          oe         te
1 0.02268540 0.01643373
2 0.00000000 0.01250836
3 0.02643328 0.03420191

[[3]]
  delta         mu       mu_1       mu_0         de       se_1       se_0
1   0.5 0.02414096 0.01976918 0.02984648 0.02681204 0.01563161 0.02572896
2   1.0 0.01746832 0.01782004 0.01735921 0.01259963 0.00000000 0.00000000
3   2.0 0.03772066 0.04252447 0.02500096 0.03046369 0.03594338 0.01987433
          oe         te
1 0.02071826 0.01695265
2 0.00000000 0.01259963
3 0.03168296 0.04051871

[[4]]
  delta         mu       mu_1       mu_0         de       se_1       se_0
1   0.5 0.02536654 0.01983374 0.02895172 0.02226311 0.01533960 0.02367046
2   1.0 0.01842534 0.01863114 0.01765547 0.01196022 0.00000000 0.00000000
3   2.0 0.03682969 0.04143525 0.02557749 0.02920235 0.03450576 0.01997573
          oe         te
1 0.02073657 0.01479649
2 0.00000000 0.01196022
3 0.03074731 0.03975626

[[5]]
  delta         mu       mu_1       mu_0         de       se_1       se_0
1   0.5 0.02696359 0.02149157 0.03193624 0.02743228 0.01660358 0.02640843
2   1.0 0.01784933 0.01834037 0.01747512 0.01274905 0.00000000 0.00000000
3   2.0 0.03046327 0.03251878 0.02372004 0.02007303 0.02617391 0.01915988
          oe         te
1 0.02261603 0.01671882
2 0.00000000 0.01274905
3 0.02522300 0.03175291

[[6]]
  delta         mu       mu_1       mu_0         de       se_1       se_0
1   0.5 0.02725006 0.02073886 0.03322554 0.02869037 0.01787139 0.02905809
2   1.0 0.01675567 0.01715862 0.01630993 0.01248527 0.00000000 0.00000000
3   2.0 0.03825261 0.04334036 0.02498699 0.03354832 0.03710491 0.01972238
          oe         te
1 0.02407453 0.01820278
2 0.00000000 0.01248527
3 0.03289869 0.04251100

[[7]]
  delta         mu       mu_1       mu_0         de       se_1       se_0
1   0.5 0.02558240 0.02084451 0.02940718 0.02423255 0.01611718 0.02465774
2   1.0 0.01766396 0.01812649 0.01699180 0.01237466 0.00000000 0.00000000
3   2.0 0.03095897 0.03314475 0.02365383 0.02204890 0.02566728 0.01895187
          oe         te
1 0.02136736 0.01631349
2 0.00000000 0.01237466
3 0.02471707 0.03192604

[[8]]
  delta         mu       mu_1       mu_0         de       se_1       se_0
1   0.5 0.02373246 0.01941257 0.02676155 0.01983207 0.01436009 0.02251805
2   1.0 0.01651194 0.01691795 0.01617232 0.01208370 0.00000000 0.00000000
3   2.0 0.02721749 0.02947578 0.02182624 0.02166817 0.02307711 0.01728699
          oe         te
1 0.01974605 0.01544915
2 0.00000000 0.01208370
3 0.02187693 0.02911569

[[9]]
  delta         mu       mu_1       mu_0         de       se_1       se_0
1   0.5 0.02438639 0.01926653 0.02773770 0.02074444 0.01505918 0.02237068
2   1.0 0.01693441 0.01781466 0.01610187 0.01295500 0.00000000 0.00000000
3   2.0 0.03526165 0.03797452 0.02620041 0.02638072 0.03035103 0.02203069
          oe         te
1 0.02028119 0.01418661
2 0.00000000 0.01295500
3 0.02933102 0.03693792

[[10]]
  delta         mu       mu_1       mu_0         de       se_1       se_0
1   0.5 0.02439707 0.02004430 0.02889352 0.02501148 0.01605834 0.02540499
2   1.0 0.01729689 0.01839486 0.01665482 0.01379850 0.00000000 0.00000000
3   2.0 0.03214042 0.03536738 0.02453901 0.02602636 0.02814294 0.02050987
          oe         te
1 0.02178590 0.01652813
2 0.00000000 0.01379850
3 0.02665026 0.03519273

[[11]]
  delta         mu       mu_1       mu_0         de       se_1       se_0
1   0.5 0.02631848 0.02223501 0.03045833 0.02694659 0.01793442 0.02421273
2   1.0 0.01740183 0.01768756 0.01695630 0.01300946 0.00000000 0.00000000
3   2.0 0.02913602 0.03135333 0.02375351 0.02341986 0.02471228 0.01988186
          oe         te
1 0.02113096 0.01868047
2 0.00000000 0.01300946
3 0.02369661 0.03070241

[[12]]
  delta         mu       mu_1       mu_0         de       se_1       se_0
1   0.5 0.02229672 0.01904905 0.02506202 0.02027513 0.01510743 0.02053167
2   1.0 0.01608768 0.01721954 0.01527629 0.01242669 0.00000000 0.00000000
3   2.0 0.03431507 0.03758239 0.02616300 0.02636545 0.03102117 0.02227924
          oe         te
1 0.01887356 0.01483439
2 0.00000000 0.01242669
3 0.02906361 0.03675074

[[13]]
  delta         mu       mu_1       mu_0         de       se_1       se_0
1   0.5 0.02394697 0.01936825 0.02672649 0.01871710 0.01530886 0.02157179
2   1.0 0.01722234 0.01805468 0.01622298 0.01199431 0.00000000 0.00000000
3   2.0 0.03412722 0.03660675 0.02664182 0.02295212 0.02850691 0.02117480
          oe         te
1 0.01942173 0.01469143
2 0.00000000 0.01199431
3 0.02698143 0.03370508

[[14]]
  delta         mu       mu_1       mu_0         de       se_1       se_0
1   0.5 0.02326712 0.01963461 0.02623997 0.02060055 0.01531234 0.02148474
2   1.0 0.01851320 0.01853904 0.01812420 0.01290488 0.00000000 0.00000000
3   2.0 0.03300333 0.03605765 0.02587193 0.02533792 0.02938796 0.02063343
          oe         te
1 0.01926655 0.01587789
2 0.00000000 0.01290488
3 0.02721720 0.03504229

[[15]]
  delta         mu       mu_1       mu_0         de       se_1       se_0
1   0.5 0.02334850 0.01925498 0.02818188 0.02499726 0.01483437 0.02386629
2   1.0 0.01692237 0.01755897 0.01627181 0.01271507 0.00000000 0.00000000
3   2.0 0.03165191 0.03574095 0.02285415 0.02737713 0.02851790 0.01796580
          oe         te
1 0.01989961 0.01564800
2 0.00000000 0.01271507
3 0.02547656 0.03417868

[[16]]
  delta         mu       mu_1       mu_0         de       se_1       se_0
1   0.5 0.02530584 0.02137272 0.02890581 0.02370186 0.01618633 0.02491622
2   1.0 0.01786917 0.01792287 0.01726152 0.01182247 0.00000000 0.00000000
3   2.0 0.02953346 0.03301571 0.02397091 0.02761790 0.02670219 0.01925199
          oe         te
1 0.02140639 0.01610500
2 0.00000000 0.01182247
3 0.02397630 0.03216072

[[17]]
  delta         mu       mu_1       mu_0         de       se_1       se_0
1   0.5 0.02242019 0.01900151 0.02621598 0.02173638 0.01508679 0.02260623
2   1.0 0.01665819 0.01716351 0.01658439 0.01233972 0.00000000 0.00000000
3   2.0 0.03713958 0.04240621 0.02394554 0.03093210 0.03609439 0.01923156
          oe         te
1 0.01980956 0.01548129
2 0.00000000 0.01233972
3 0.03179574 0.04106689

[[18]]
  delta         mu       mu_1       mu_0         de       se_1       se_0
1   0.5 0.02499407 0.02165734 0.02813281 0.02288376 0.01656080 0.02439296
2   1.0 0.01728534 0.01764610 0.01640344 0.01176056 0.00000000 0.00000000
3   2.0 0.02558785 0.02681121 0.02170251 0.01861181 0.02059348 0.01700471
          oe         te
1 0.02111475 0.01731176
2 0.00000000 0.01176056
3 0.02013632 0.02616260

[[19]]
  delta         mu       mu_1       mu_0         de       se_1       se_0
1   0.5 0.02678828 0.02036445 0.03258424 0.02425983 0.01642747 0.02783088
2   1.0 0.01766788 0.01807034 0.01742729 0.01246261 0.00000000 0.00000000
3   2.0 0.03445166 0.03778010 0.02653704 0.02754537 0.03068657 0.02196164
          oe         te
1 0.02265201 0.01629978
2 0.00000000 0.01246261
3 0.02873222 0.03699638

[[20]]
  delta         mu       mu_1       mu_0         de       se_1       se_0
1   0.5 0.02502191 0.02155314 0.02719958 0.01982500 0.01700065 0.02208577
2   1.0 0.01816366 0.01820412 0.01792686 0.01256404 0.00000000 0.00000000
3   2.0 0.03498017 0.03725023 0.02662621 0.02355786 0.03004492 0.02262677
          oe         te
1 0.02044906 0.01656122
2 0.00000000 0.01256404
3 0.02945112 0.03676258

[1] "Total run time was 3727.707 seconds"
