Warning message:
package ‘SuperLearner’ was built under R version 4.1.3 
[1] "[Simulation setting]"
[1] "n: 500"
[1] "deltas: 0.5, 1, 2"
[1] "K: 2"
[1] "r: 100"
[1] "s: 1"
[1] "Sim.id 1"
[1] "Data generated and format changed"
[1] "   Split: 1"
Loading required namespace: nnet
Loading required namespace: ranger
[1] "   Split: 2"
[1] "Estimates and SE estimates computed"
[1] ""
[1] "Sim.id 2"
[1] "Data generated and format changed"
[1] "   Split: 1"
[1] "   Split: 2"
[1] "Estimates and SE estimates computed"
[1] ""
[1] "Sim.id 3"
[1] "Data generated and format changed"
[1] "   Split: 1"
[1] "   Split: 2"
[1] "Estimates and SE estimates computed"
[1] ""
[1] "Sim.id 4"
[1] "Data generated and format changed"
[1] "   Split: 1"
[1] "   Split: 2"
[1] "Estimates and SE estimates computed"
[1] ""
[1] "Sim.id 5"
[1] "Data generated and format changed"
[1] "   Split: 1"
[1] "   Split: 2"
[1] "Estimates and SE estimates computed"
[1] ""
[1] "Sim.id 6"
[1] "Data generated and format changed"
[1] "   Split: 1"
[1] "   Split: 2"
[1] "Estimates and SE estimates computed"
[1] ""
[1] "Sim.id 7"
[1] "Data generated and format changed"
[1] "   Split: 1"
[1] "   Split: 2"
[1] "Estimates and SE estimates computed"
[1] ""
[1] "Sim.id 8"
[1] "Data generated and format changed"
[1] "   Split: 1"
[1] "   Split: 2"
[1] "Estimates and SE estimates computed"
[1] ""
[1] "Sim.id 9"
[1] "Data generated and format changed"
[1] "   Split: 1"
[1] "   Split: 2"
[1] "Estimates and SE estimates computed"
[1] ""
[1] "Sim.id 10"
[1] "Data generated and format changed"
[1] "   Split: 1"
[1] "   Split: 2"
[1] "Estimates and SE estimates computed"
[1] ""
[1] "Sim.id 11"
[1] "Data generated and format changed"
[1] "   Split: 1"
[1] "   Split: 2"
[1] "Estimates and SE estimates computed"
[1] ""
[1] "Sim.id 12"
[1] "Data generated and format changed"
[1] "   Split: 1"
[1] "   Split: 2"
[1] "Estimates and SE estimates computed"
[1] ""
[1] "Sim.id 13"
[1] "Data generated and format changed"
[1] "   Split: 1"
[1] "   Split: 2"
[1] "Estimates and SE estimates computed"
[1] ""
[1] "Sim.id 14"
[1] "Data generated and format changed"
[1] "   Split: 1"
[1] "   Split: 2"
[1] "Estimates and SE estimates computed"
[1] ""
[1] "Sim.id 15"
[1] "Data generated and format changed"
[1] "   Split: 1"
[1] "   Split: 2"
[1] "Estimates and SE estimates computed"
[1] ""
[1] "Sim.id 16"
[1] "Data generated and format changed"
[1] "   Split: 1"
[1] "   Split: 2"
[1] "Estimates and SE estimates computed"
[1] ""
[1] "Sim.id 17"
[1] "Data generated and format changed"
[1] "   Split: 1"
[1] "   Split: 2"
[1] "Estimates and SE estimates computed"
[1] ""
[1] "Sim.id 18"
[1] "Data generated and format changed"
[1] "   Split: 1"
[1] "   Split: 2"
[1] "Estimates and SE estimates computed"
[1] ""
[1] "Sim.id 19"
[1] "Data generated and format changed"
[1] "   Split: 1"
[1] "   Split: 2"
[1] "Estimates and SE estimates computed"
[1] ""
[1] "Sim.id 20"
[1] "Data generated and format changed"
[1] "   Split: 1"
[1] "   Split: 2"
[1] "Estimates and SE estimates computed"
[1] ""
[[1]]
  delta        mu      mu_1      mu_0         de        se_1        se_0
1   0.5 0.8105520 0.6832715 0.8955770 -0.2123055  0.04621715  0.04716205
2   1.0 0.7260934 0.6370543 0.8484150 -0.2113606  0.00000000  0.00000000
3   2.0 0.6627673 0.6141168 0.8005916 -0.1864747 -0.02293751 -0.04782341
           oe         te
1  0.08445858 -0.1651435
2  0.00000000 -0.2113606
3 -0.06332607 -0.2342981

[[2]]
  delta        mu      mu_1      mu_0         de         se_1         se_0
1   0.5 0.8342214 0.7254831 0.8964114 -0.1709283  0.032194475  0.006857128
2   1.0 0.7843174 0.6932887 0.8895543 -0.1962656  0.000000000  0.000000000
3   2.0 0.7495783 0.6876866 0.8880292 -0.2003426 -0.005602018 -0.001525027
           oe         te
1  0.04990395 -0.1640711
2  0.00000000 -0.1962656
3 -0.03473912 -0.2018676

[[3]]
  delta        mu      mu_1      mu_0         de        se_1        se_0
1   0.5 0.8107799 0.7005857 0.8835543 -0.1829686  0.01335874  0.02175359
2   1.0 0.7631728 0.6872270 0.8618007 -0.1745737  0.00000000  0.00000000
3   2.0 0.7158280 0.6636808 0.8511149 -0.1874342 -0.02354621 -0.01068576
           oe         te
1  0.04760713 -0.1612150
2  0.00000000 -0.1745737
3 -0.04734478 -0.1981199

[[4]]
  delta        mu      mu_1      mu_0         de        se_1          se_0
1   0.5 0.7866821 0.7041059 0.8572340 -0.1531281  0.01446431 -0.0002168697
2   1.0 0.7573483 0.6896416 0.8574509 -0.1678093  0.00000000  0.0000000000
3   2.0 0.7039250 0.6519003 0.8495538 -0.1976535 -0.03774132 -0.0078970625
           oe         te
1  0.02933386 -0.1533450
2  0.00000000 -0.1678093
3 -0.05342325 -0.2055506

[[5]]
  delta        mu      mu_1      mu_0         de         se_1         se_0
1   0.5 0.7771396 0.6703111 0.8519358 -0.1816247 -0.005132862  0.002482733
2   1.0 0.7495343 0.6754440 0.8494531 -0.1740091  0.000000000  0.000000000
3   2.0 0.7323384 0.6884724 0.8439539 -0.1554814  0.013028430 -0.005499253
           oe         te
1  0.02760534 -0.1791420
2  0.00000000 -0.1740091
3 -0.01719589 -0.1609807

[[6]]
  delta        mu      mu_1      mu_0         de        se_1          se_0
1   0.5 0.7817049 0.6890911 0.8426613 -0.1535702  0.03201557  2.035538e-05
2   1.0 0.7372973 0.6570755 0.8426409 -0.1855654  0.00000000  0.000000e+00
3   2.0 0.6761468 0.6244513 0.8233301 -0.1988788 -0.03262422 -1.931085e-02
           oe         te
1  0.04440760 -0.1535499
2  0.00000000 -0.1855654
3 -0.06115057 -0.2181896

[[7]]
  delta        mu      mu_1      mu_0         de        se_1        se_0
1   0.5 0.8079726 0.6824928 0.8849829 -0.2024901  0.02171292  0.04626857
2   1.0 0.7379191 0.6607799 0.8387144 -0.1779345  0.00000000  0.00000000
3   2.0 0.6865888 0.6335257 0.8191930 -0.1856673 -0.02725414 -0.01952137
           oe         te
1  0.07005348 -0.1562216
2  0.00000000 -0.1779345
3 -0.05133039 -0.2051886

[[8]]
  delta        mu      mu_1      mu_0         de        se_1        se_0
1   0.5 0.8294181 0.7301285 0.8958829 -0.1657545 0.034311011  0.03379797
2   1.0 0.7673770 0.6958174 0.8620849 -0.1662675 0.000000000  0.00000000
3   2.0 0.7385116 0.6959375 0.8479737 -0.1520362 0.000120068 -0.01411121
           oe         te
1  0.06204111 -0.1319565
2  0.00000000 -0.1662675
3 -0.02886542 -0.1661474

[[9]]
  delta        mu      mu_1      mu_0         de         se_1       se_0
1   0.5 0.8236297 0.7111896 0.8986521 -0.1874625 -0.003821311 0.03288231
2   1.0 0.7788019 0.7150109 0.8657698 -0.1507588  0.000000000 0.00000000
3   2.0 0.8072282 0.7705594 0.8906569 -0.1200975  0.055548496 0.02488717
          oe          te
1 0.04482777 -0.15458016
2 0.00000000 -0.15075885
3 0.02842626 -0.09521035

[[10]]
  delta        mu      mu_1      mu_0         de        se_1        se_0
1   0.5 0.8003579 0.6703216 0.8842381 -0.2139165  0.03534490  0.03979721
2   1.0 0.7253511 0.6349767 0.8444409 -0.2094642  0.00000000  0.00000000
3   2.0 0.6775965 0.6223504 0.8251009 -0.2027505 -0.01262628 -0.01934002
           oe         te
1  0.07500683 -0.1741193
2  0.00000000 -0.2094642
3 -0.04775453 -0.2220905

[[11]]
  delta        mu      mu_1      mu_0         de        se_1        se_0
1   0.5 0.8031861 0.7104233 0.8647560 -0.1543327  0.01146802 -0.01367608
2   1.0 0.7770359 0.6989553 0.8784321 -0.1794768  0.00000000  0.00000000
3   2.0 0.7088401 0.6549869 0.8481483 -0.1931614 -0.04396845 -0.03028383
           oe         te
1  0.02615015 -0.1680088
2  0.00000000 -0.1794768
3 -0.06819588 -0.2234452

[[12]]
  delta        mu      mu_1      mu_0         de        se_1        se_0
1   0.5 0.7625903 0.6703425 0.8268822 -0.1565397  0.02675637 -0.00790402
2   1.0 0.7268321 0.6435861 0.8347862 -0.1912001  0.00000000  0.00000000
3   2.0 0.6581578 0.6003624 0.8107385 -0.2103761 -0.04322369 -0.02404773
           oe         te
1  0.03575819 -0.1644438
2  0.00000000 -0.1912001
3 -0.06867428 -0.2344238

[[13]]
  delta        mu      mu_1      mu_0         de       se_1        se_0
1   0.5 0.7591700 0.6743314 0.8204105 -0.1460791 0.03170127 -0.00690051
2   1.0 0.7198180 0.6426301 0.8273110 -0.1846809 0.00000000  0.00000000
3   2.0 0.7186951 0.6800274 0.8164072 -0.1363798 0.03739730 -0.01090373
           oe         te
1  0.03935201 -0.1529796
2  0.00000000 -0.1846809
3 -0.00112289 -0.1472836

[[14]]
  delta        mu      mu_1      mu_0         de        se_1        se_0
1   0.5 0.7436490 0.6554975 0.8145138 -0.1590163 -0.02850519 -0.03467545
2   1.0 0.7534823 0.6840027 0.8491892 -0.1651865  0.00000000  0.00000000
3   2.0 0.7082247 0.6473925 0.8681777 -0.2207852 -0.03661020  0.01898849
           oe         te
1 -0.00983335 -0.1936917
2  0.00000000 -0.1651865
3 -0.04525765 -0.2017967

[[15]]
  delta        mu      mu_1      mu_0         de        se_1        se_0
1   0.5 0.7573230 0.6796432 0.8142341 -0.1345908  0.02702842 -0.02467234
2   1.0 0.7331162 0.6526148 0.8389064 -0.1862916  0.00000000  0.00000000
3   2.0 0.6399872 0.5751870 0.8204137 -0.2452268 -0.07742786 -0.01849269
           oe         te
1  0.02420680 -0.1592632
2  0.00000000 -0.1862916
3 -0.09312897 -0.2637195

[[16]]
  delta        mu      mu_1      mu_0         de       se_1        se_0
1   0.5 0.8193189 0.7225620 0.8838348 -0.1612729 0.01957688 0.011541056
2   1.0 0.7767145 0.7029851 0.8722938 -0.1693087 0.00000000 0.000000000
3   2.0 0.7654965 0.7169797 0.8791390 -0.1621593 0.01399462 0.006845251
           oe         te
1  0.04260437 -0.1497318
2  0.00000000 -0.1693087
3 -0.01121808 -0.1553141

[[17]]
  delta        mu      mu_1      mu_0         de        se_1        se_0
1   0.5 0.7863171 0.6773325 0.8643391 -0.1870066  0.01644286  0.01888125
2   1.0 0.7374736 0.6608896 0.8454578 -0.1845682  0.00000000  0.00000000
3   2.0 0.6622201 0.6091616 0.8144933 -0.2053317 -0.05172799 -0.03096447
           oe         te
1  0.04884349 -0.1681253
2  0.00000000 -0.1845682
3 -0.07525349 -0.2362962

[[18]]
  delta        mu      mu_1      mu_0         de         se_1         se_0
1   0.5 0.7557042 0.6649410 0.8195571 -0.1546161  0.005562297 -0.005985001
2   1.0 0.7313566 0.6593787 0.8255421 -0.1661634  0.000000000  0.000000000
3   2.0 0.6149210 0.5558403 0.7802761 -0.2244358 -0.103538478 -0.045266085
           oe         te
1  0.02434761 -0.1606011
2  0.00000000 -0.1661634
3 -0.11643557 -0.2697019

[[19]]
  delta        mu      mu_1      mu_0         de       se_1        se_0
1   0.5 0.8094443 0.7126037 0.8800330 -0.1674293 0.02092913 0.022339924
2   1.0 0.7596886 0.6916745 0.8576931 -0.1660185 0.00000000 0.000000000
3   2.0 0.7510676 0.7098575 0.8626161 -0.1527586 0.01818296 0.004923039
            oe         te
1  0.049755704 -0.1450894
2  0.000000000 -0.1660185
3 -0.008621021 -0.1478356

[[20]]
  delta        mu      mu_1      mu_0         de       se_1          se_0
1   0.5 0.8006047 0.7035030 0.8657530 -0.1622500 0.02572284 -3.936349e-05
2   1.0 0.7587554 0.6777801 0.8657923 -0.1880122 0.00000000  0.000000e+00
3   2.0 0.7386237 0.6895162 0.8692569 -0.1797406 0.01173611  3.464522e-03
           oe         te
1  0.04184933 -0.1622894
2  0.00000000 -0.1880122
3 -0.02013166 -0.1762761

[[1]]
  delta         mu       mu_1       mu_0         de       se_1       se_0
1   0.5 0.02293075 0.01992233 0.02632251 0.02214472 0.01658403 0.02241425
2   1.0 0.01627488 0.01699701 0.01600440 0.01315800 0.00000000 0.00000000
3   2.0 0.03534685 0.03997581 0.02594521 0.03306092 0.03460483 0.02174255
          oe         te
1 0.02008714 0.01661415
2 0.00000000 0.01315800
3 0.03115091 0.04067914

[[2]]
  delta         mu       mu_1       mu_0         de       se_1       se_0
1   0.5 0.02572971 0.02177035 0.02873879 0.02186377 0.01695050 0.02331865
2   1.0 0.01742282 0.01814326 0.01684104 0.01325479 0.00000000 0.00000000
3   2.0 0.02940168 0.03098567 0.02441246 0.02029080 0.02251953 0.02021767
          oe         te
1 0.02101781 0.01771903
2 0.00000000 0.01325479
3 0.02274880 0.02971112

[[3]]
  delta         mu       mu_1       mu_0         de       se_1       se_0
1   0.5 0.02344424 0.01910440 0.02637090 0.01912094 0.01508161 0.02130308
2   1.0 0.01742357 0.01775317 0.01709846 0.01230647 0.00000000 0.00000000
3   2.0 0.03190861 0.03457835 0.02501575 0.02485038 0.02705767 0.01958655
          oe         te
1 0.01944429 0.01453816
2 0.00000000 0.01230647
3 0.02573217 0.03364514

[[4]]
  delta         mu       mu_1       mu_0         de       se_1       se_0
1   0.5 0.02677639 0.02041728 0.03306770 0.02707312 0.01689182 0.02782403
2   1.0 0.01686606 0.01704695 0.01681543 0.01243792 0.00000000 0.00000000
3   2.0 0.03688800 0.04111206 0.02560070 0.02929508 0.03595282 0.02153819
          oe         te
1 0.02307165 0.01640332
2 0.00000000 0.01243792
3 0.03255027 0.04102465

[[5]]
  delta         mu       mu_1       mu_0         de       se_1      se_0
1   0.5 0.02345663 0.01878359 0.02675697 0.02161907 0.01648411 0.0230920
2   1.0 0.01720521 0.01782103 0.01635830 0.01267343 0.00000000 0.0000000
3   2.0 0.03566967 0.03802425 0.02790948 0.02479627 0.03045746 0.0233296
          oe         te
1 0.02083895 0.01621063
2 0.00000000 0.01267343
3 0.02933437 0.03632114

[[6]]
  delta         mu       mu_1       mu_0         de       se_1       se_0
1   0.5 0.02294409 0.02110996 0.02526513 0.02170243 0.01754780 0.02057276
2   1.0 0.01736236 0.01772884 0.01706437 0.01210798 0.00000000 0.00000000
3   2.0 0.03122399 0.03473793 0.02389887 0.02412063 0.02799373 0.01911952
          oe         te
1 0.01920214 0.01731082
2 0.00000000 0.01210798
3 0.02567495 0.03377132

[[7]]
  delta         mu       mu_1       mu_0         de       se_1       se_0
1   0.5 0.02553615 0.02032432 0.02984002 0.02507754 0.01521136 0.02417507
2   1.0 0.01732119 0.01790499 0.01654163 0.01240710 0.00000000 0.00000000
3   2.0 0.03066086 0.03351047 0.02323778 0.02311652 0.02676116 0.01928076
          oe         te
1 0.02045437 0.01562251
2 0.00000000 0.01240710
3 0.02541585 0.03300275

[[8]]
  delta         mu       mu_1       mu_0         de       se_1       se_0
1   0.5 0.02429610 0.01975389 0.02750616 0.02092362 0.01500408 0.02334710
2   1.0 0.01737047 0.01797782 0.01635224 0.01198415 0.00000000 0.00000000
3   2.0 0.03852026 0.04296425 0.02783899 0.03053257 0.03711566 0.02401507
          oe         te
1 0.02050741 0.01494488
2 0.00000000 0.01198415
3 0.03379366 0.04221262

[[9]]
  delta         mu       mu_1       mu_0         de       se_1       se_0
1   0.5 0.02441273 0.02175115 0.02679848 0.02083086 0.01730110 0.02258598
2   1.0 0.01772125 0.01815924 0.01705824 0.01252339 0.00000000 0.00000000
3   2.0 0.04003601 0.04683823 0.02394758 0.03709975 0.04130268 0.02045378
          oe         te
1 0.02089552 0.01710309
2 0.00000000 0.01252339
3 0.03545813 0.04624141

[[10]]
  delta         mu       mu_1       mu_0         de       se_1       se_0
1   0.5 0.02240839 0.01962028 0.02557441 0.02255951 0.01462607 0.02159122
2   1.0 0.01709861 0.01754377 0.01723011 0.01296856 0.00000000 0.00000000
3   2.0 0.02734743 0.02985569 0.02194476 0.02126648 0.02302590 0.01685326
          oe         te
1 0.01859122 0.01547565
2 0.00000000 0.01296856
3 0.02185249 0.02935309

[[11]]
  delta         mu       mu_1       mu_0         de       se_1       se_0
1   0.5 0.02259520 0.01939617 0.02523913 0.01960748 0.01565569 0.02110926
2   1.0 0.01714761 0.01806835 0.01607715 0.01257629 0.00000000 0.00000000
3   2.0 0.03601375 0.03836476 0.02678242 0.02382438 0.03034628 0.02155756
          oe         te
1 0.01932503 0.01530384
2 0.00000000 0.01257629
3 0.02892327 0.03568328

[[12]]
  delta         mu       mu_1       mu_0         de       se_1       se_0
1   0.5 0.02536190 0.02088547 0.02912399 0.02352203 0.01630834 0.02469656
2   1.0 0.01750702 0.01792380 0.01746304 0.01290600 0.00000000 0.00000000
3   2.0 0.03336417 0.03600547 0.02601480 0.02434940 0.03007004 0.02215640
          oe         te
1 0.02195301 0.01547951
2 0.00000000 0.01290600
3 0.02884735 0.03616550

[[13]]
  delta         mu       mu_1       mu_0         de       se_1       se_0
1   0.5 0.02361108 0.02030572 0.02633395 0.02040091 0.01538397 0.02127061
2   1.0 0.01691475 0.01763515 0.01619180 0.01249937 0.00000000 0.00000000
3   2.0 0.04079245 0.04610784 0.02534513 0.03167254 0.04012398 0.02115958
          oe         te
1 0.01949580 0.01505735
2 0.00000000 0.01249937
3 0.03574382 0.04494844

[[14]]
  delta         mu       mu_1       mu_0         de       se_1       se_0
1   0.5 0.02323805 0.02002455 0.02577684 0.02022998 0.01543014 0.02064143
2   1.0 0.01717630 0.01780029 0.01684552 0.01289997 0.00000000 0.00000000
3   2.0 0.03481836 0.03935499 0.02484092 0.03129587 0.03355956 0.02094035
          oe         te
1 0.01910059 0.01536897
2 0.00000000 0.01289997
3 0.03043508 0.03958105

[[15]]
  delta         mu       mu_1       mu_0         de       se_1       se_0
1   0.5 0.02606917 0.02082983 0.02963639 0.02409905 0.01758931 0.02599440
2   1.0 0.01723297 0.01751890 0.01675585 0.01260355 0.00000000 0.00000000
3   2.0 0.03490689 0.03971250 0.02467778 0.03122375 0.03355487 0.02039849
          oe         te
1 0.02326313 0.01761040
2 0.00000000 0.01260355
3 0.02963361 0.03873656

[[16]]
  delta         mu       mu_1       mu_0         de       se_1       se_0
1   0.5 0.02507911 0.02079256 0.02774408 0.02032825 0.01718316 0.02309462
2   1.0 0.01771700 0.01824148 0.01676681 0.01257295 0.00000000 0.00000000
3   2.0 0.03916806 0.04382252 0.02591701 0.03252766 0.03753657 0.02208949
          oe         te
1 0.02140226 0.01682948
2 0.00000000 0.01257295
3 0.03417793 0.04336058

[[17]]
  delta         mu       mu_1       mu_0         de       se_1       se_0
1   0.5 0.02822529 0.01867787 0.03391616 0.02706402 0.01568312 0.03176009
2   1.0 0.01780558 0.01810231 0.01703476 0.01224969 0.00000000 0.00000000
3   2.0 0.02810869 0.02953784 0.02386540 0.02115816 0.02225834 0.01869587
          oe         te
1 0.02693081 0.01491280
2 0.00000000 0.01224969
3 0.02179488 0.02833175

[[18]]
  delta         mu       mu_1       mu_0         de       se_1       se_0
1   0.5 0.02322118 0.02056909 0.02670993 0.02317134 0.01740630 0.02318456
2   1.0 0.01794243 0.01840861 0.01728439 0.01196720 0.00000000 0.00000000
3   2.0 0.03434262 0.03725977 0.02713391 0.02617746 0.03052807 0.02132731
          oe         te
1 0.02068452 0.01742462
2 0.00000000 0.01196720
3 0.02822430 0.03573175

[[19]]
  delta         mu       mu_1       mu_0         de       se_1       se_0
1   0.5 0.02238671 0.01951516 0.02475934 0.01912725 0.01624640 0.02058269
2   1.0 0.01739690 0.01802241 0.01651090 0.01297067 0.00000000 0.00000000
3   2.0 0.03936391 0.04434134 0.02561372 0.03139960 0.03861439 0.02147867
          oe         te
1 0.01928705 0.01512005
2 0.00000000 0.01297067
3 0.03488242 0.04459992

[[20]]
  delta         mu       mu_1       mu_0         de       se_1       se_0
1   0.5 0.02808077 0.01943233 0.03339978 0.02374788 0.01611938 0.03039229
2   1.0 0.01601757 0.01673937 0.01551569 0.01256977 0.00000000 0.00000000
3   2.0 0.03393063 0.03883005 0.02329406 0.03011303 0.03280593 0.01909028
          oe         te
1 0.02589466 0.01537497
2 0.00000000 0.01256977
3 0.02893773 0.03792517

[[1]]
  delta        mu      mu_1      mu_0         de        se_1        se_0
1   0.5 0.8116840 0.6846636 0.8962801 -0.2116166  0.04712091  0.04746844
2   1.0 0.7267837 0.6375427 0.8488117 -0.2112690  0.00000000  0.00000000
3   2.0 0.6640594 0.6152345 0.8012439 -0.1860093 -0.02230813 -0.04756784
           oe         te
1  0.08490037 -0.1641481
2  0.00000000 -0.2112690
3 -0.06272432 -0.2335772

[[2]]
  delta        mu      mu_1      mu_0         de        se_1         se_0
1   0.5 0.8342026 0.7254526 0.8963961 -0.1709435  0.03196040  0.006797467
2   1.0 0.7844675 0.6934922 0.8895986 -0.1961064  0.00000000  0.000000000
3   2.0 0.7496928 0.6878142 0.8880566 -0.2002424 -0.00567797 -0.001541959
           oe         te
1  0.04973511 -0.1641460
2  0.00000000 -0.1961064
3 -0.03477470 -0.2017844

[[3]]
  delta        mu      mu_1      mu_0         de       se_1        se_0
1   0.5 0.8123597 0.7007724 0.8856056 -0.1848331  0.0140843  0.02350846
2   1.0 0.7630099 0.6866881 0.8620971 -0.1754090  0.0000000  0.00000000
3   2.0 0.7134921 0.6610411 0.8505924 -0.1895513 -0.0256470 -0.01150467
           oe         te
1  0.04934986 -0.1613247
2  0.00000000 -0.1754090
3 -0.04951776 -0.2010560

[[4]]
  delta        mu      mu_1      mu_0         de        se_1         se_0
1   0.5 0.7864231 0.7040364 0.8550669 -0.1510305  0.01448095 -0.002945338
2   1.0 0.7579871 0.6895555 0.8580122 -0.1684568  0.00000000  0.000000000
3   2.0 0.7082795 0.6565580 0.8513465 -0.1947884 -0.03299742 -0.006665766
           oe         te
1  0.02843601 -0.1539758
2  0.00000000 -0.1684568
3 -0.04970754 -0.2014542

[[5]]
  delta        mu      mu_1      mu_0         de         se_1         se_0
1   0.5 0.7780796 0.6712369 0.8527680 -0.1815311 -0.003559622  0.003512023
2   1.0 0.7490146 0.6747965 0.8492560 -0.1744594  0.000000000  0.000000000
3   2.0 0.7310181 0.6873732 0.8428342 -0.1554611  0.012576625 -0.006421716
           oe         te
1  0.02906497 -0.1780190
2  0.00000000 -0.1744594
3 -0.01799652 -0.1618828

[[6]]
  delta        mu      mu_1      mu_0         de        se_1          se_0
1   0.5 0.7813899 0.6889737 0.8424586 -0.1534850  0.03109779 -0.0004053631
2   1.0 0.7377971 0.6578759 0.8428640 -0.1849881  0.00000000  0.0000000000
3   2.0 0.6758672 0.6240214 0.8232249 -0.1992034 -0.03385442 -0.0196391028
           oe         te
1  0.04359278 -0.1538903
2  0.00000000 -0.1849881
3 -0.06192991 -0.2188425

[[7]]
  delta        mu      mu_1      mu_0         de        se_1        se_0
1   0.5 0.8068476 0.6836854 0.8829157 -0.1992303  0.02261485  0.04564953
2   1.0 0.7370877 0.6610706 0.8372662 -0.1761956  0.00000000  0.00000000
3   2.0 0.6897851 0.6379036 0.8200205 -0.1821169 -0.02316699 -0.01724565
           oe         te
1  0.06975986 -0.1535807
2  0.00000000 -0.1761956
3 -0.04730263 -0.1993626

[[8]]
  delta        mu      mu_1      mu_0         de         se_1        se_0
1   0.5 0.8319967 0.7317678 0.8998948 -0.1681270  0.036351972  0.03876301
2   1.0 0.7660742 0.6954158 0.8611318 -0.1657160  0.000000000  0.00000000
3   2.0 0.7334966 0.6918598 0.8460192 -0.1541594 -0.003556028 -0.01511258
           oe        te
1  0.06592251 -0.129364
2  0.00000000 -0.165716
3 -0.03257760 -0.169272

[[9]]
  delta        mu      mu_1      mu_0         de         se_1       se_0
1   0.5 0.8226814 0.7108329 0.8972566 -0.1864237 -0.004183116 0.03157552
2   1.0 0.7787549 0.7150160 0.8656811 -0.1506651  0.000000000 0.00000000
3   2.0 0.8058147 0.7689522 0.8901511 -0.1211990  0.053936111 0.02447001
          oe          te
1 0.04392647 -0.15484819
2 0.00000000 -0.15066507
3 0.02705979 -0.09672896

[[10]]
  delta        mu      mu_1      mu_0         de        se_1        se_0
1   0.5 0.7986124 0.6689066 0.8825967 -0.2136901  0.03309898  0.03665934
2   1.0 0.7267630 0.6358077 0.8459374 -0.2101297  0.00000000  0.00000000
3   2.0 0.6771948 0.6213223 0.8253411 -0.2040188 -0.01448540 -0.02059630
           oe         te
1  0.07184945 -0.1770308
2  0.00000000 -0.2101297
3 -0.04956817 -0.2246151

[[11]]
  delta        mu      mu_1      mu_0         de        se_1        se_0
1   0.5 0.8025019 0.7096729 0.8642508 -0.1545779  0.01070101 -0.01347895
2   1.0 0.7768676 0.6989719 0.8777298 -0.1787579  0.00000000  0.00000000
3   2.0 0.7089995 0.6543476 0.8495983 -0.1952508 -0.04462430 -0.02813144
           oe         te
1  0.02563431 -0.1680569
2  0.00000000 -0.1787579
3 -0.06786810 -0.2233822

[[12]]
  delta        mu      mu_1      mu_0         de        se_1         se_0
1   0.5 0.7622960 0.6704016 0.8264348 -0.1560332  0.02772866 -0.008226437
2   1.0 0.7261716 0.6426730 0.8346613 -0.1919883  0.00000000  0.000000000
3   2.0 0.6596888 0.6016871 0.8117068 -0.2100196 -0.04098582 -0.022954487
           oe         te
1  0.03612438 -0.1642597
2  0.00000000 -0.1919883
3 -0.06648280 -0.2329741

[[13]]
  delta        mu      mu_1      mu_0         de       se_1         se_0
1   0.5 0.7591082 0.6744877 0.8202165 -0.1457288 0.03179521 -0.007395352
2   1.0 0.7199920 0.6426925 0.8276119 -0.1849194 0.00000000  0.000000000
3   2.0 0.7187461 0.6798638 0.8168406 -0.1369768 0.03717128 -0.010771252
           oe         te
1  0.03911615 -0.1531242
2  0.00000000 -0.1849194
3 -0.00124595 -0.1477481

[[14]]
  delta        mu      mu_1      mu_0         de        se_1        se_0
1   0.5 0.7446488 0.6564426 0.8151767 -0.1587341 -0.02704951 -0.03315728
2   1.0 0.7529081 0.6834921 0.8483340 -0.1648418  0.00000000  0.00000000
3   2.0 0.7081089 0.6480265 0.8669999 -0.2189734 -0.03546560  0.01866599
            oe         te
1 -0.008259262 -0.1918913
2  0.000000000 -0.1648418
3 -0.044799187 -0.2003074

[[15]]
  delta        mu      mu_1      mu_0         de        se_1        se_0
1   0.5 0.7570714 0.6793756 0.8141093 -0.1347337  0.02697962 -0.02435968
2   1.0 0.7326369 0.6523960 0.8384690 -0.1860730  0.00000000  0.00000000
3   2.0 0.6411933 0.5768915 0.8201491 -0.2432576 -0.07550453 -0.01831990
           oe         te
1  0.02443451 -0.1590934
2  0.00000000 -0.1860730
3 -0.09144364 -0.2615775

[[16]]
  delta        mu      mu_1      mu_0         de       se_1        se_0
1   0.5 0.8185117 0.7217951 0.8831255 -0.1613304 0.01982297 0.012397645
2   1.0 0.7754741 0.7019721 0.8707279 -0.1687557 0.00000000 0.000000000
3   2.0 0.7609178 0.7125577 0.8750941 -0.1625364 0.01058560 0.004366209
           oe         te
1  0.04303768 -0.1489328
2  0.00000000 -0.1687557
3 -0.01455625 -0.1581701

[[17]]
  delta        mu      mu_1      mu_0         de        se_1        se_0
1   0.5 0.7880205 0.6775559 0.8667524 -0.1891966  0.01716155  0.02158108
2   1.0 0.7369962 0.6603943 0.8451713 -0.1847770  0.00000000  0.00000000
3   2.0 0.6589041 0.6056564 0.8117084 -0.2060520 -0.05473790 -0.03346297
           oe         te
1  0.05102430 -0.1676155
2  0.00000000 -0.1847770
3 -0.07809204 -0.2395149

[[18]]
  delta        mu      mu_1      mu_0         de         se_1         se_0
1   0.5 0.7568002 0.6650734 0.8210468 -0.1559734  0.006666929 -0.004143625
2   1.0 0.7304336 0.6584065 0.8251904 -0.1667839  0.000000000  0.000000000
3   2.0 0.6148490 0.5559288 0.7805146 -0.2245859 -0.102477702 -0.044675744
           oe         te
1  0.02636657 -0.1601170
2  0.00000000 -0.1667839
3 -0.11558462 -0.2692616

[[19]]
  delta        mu      mu_1      mu_0         de       se_1        se_0
1   0.5 0.8095759 0.7121533 0.8801480 -0.1679947 0.01989984 0.021578355
2   1.0 0.7605711 0.6922534 0.8585696 -0.1663162 0.00000000 0.000000000
3   2.0 0.7508768 0.7091288 0.8638536 -0.1547248 0.01687535 0.005283933
           oe         te
1  0.04900478 -0.1464163
2  0.00000000 -0.1663162
3 -0.00969432 -0.1494408

[[20]]
  delta        mu      mu_1      mu_0         de       se_1        se_0
1   0.5 0.8014038 0.7037421 0.8674519 -0.1637098 0.02606304 0.002152587
2   1.0 0.7584672 0.6776791 0.8652993 -0.1876202 0.00000000 0.000000000
3   2.0 0.7395537 0.6903643 0.8698813 -0.1795170 0.01268525 0.004581952
           oe         te
1  0.04293658 -0.1615572
2  0.00000000 -0.1876202
3 -0.01891352 -0.1749350

[[1]]
  delta         mu       mu_1       mu_0         de       se_1       se_0
1   0.5 0.02300424 0.02000525 0.02644645 0.02225451 0.01666364 0.02252088
2   1.0 0.01634489 0.01707577 0.01602457 0.01314515 0.00000000 0.00000000
3   2.0 0.03549281 0.04020137 0.02595998 0.03332562 0.03478141 0.02168768
          oe         te
1 0.02015986 0.01667662
2 0.00000000 0.01314515
3 0.03121976 0.04081879

[[2]]
  delta         mu       mu_1       mu_0         de       se_1       se_0
1   0.5 0.02573245 0.02177114 0.02874382 0.02185176 0.01695147 0.02331987
2   1.0 0.01744037 0.01815979 0.01684870 0.01324333 0.00000000 0.00000000
3   2.0 0.02947009 0.03105197 0.02441934 0.02027580 0.02258662 0.02022078
          oe         te
1 0.02102411 0.01769738
2 0.00000000 0.01324333
3 0.02280833 0.02976955

[[3]]
  delta         mu       mu_1       mu_0         de       se_1       se_0
1   0.5 0.02338850 0.01916684 0.02628779 0.01907248 0.01517151 0.02115780
2   1.0 0.01753553 0.01786082 0.01715462 0.01230324 0.00000000 0.00000000
3   2.0 0.03220652 0.03501665 0.02496951 0.02520329 0.02752125 0.01950057
          oe         te
1 0.01937105 0.01458276
2 0.00000000 0.01230324
3 0.02600782 0.03407123

[[4]]
  delta         mu       mu_1       mu_0         de       se_1       se_0
1   0.5 0.02676206 0.02046590 0.03240538 0.02603859 0.01700132 0.02712062
2   1.0 0.01682334 0.01704587 0.01669811 0.01239671 0.00000000 0.00000000
3   2.0 0.03762945 0.04198153 0.02562534 0.02996904 0.03677306 0.02156283
          oe         te
1 0.02304693 0.01644239
2 0.00000000 0.01239671
3 0.03327619 0.04186034

[[5]]
  delta         mu       mu_1       mu_0         de       se_1       se_0
1   0.5 0.02336150 0.01872001 0.02664759 0.02151491 0.01640762 0.02299963
2   1.0 0.01718849 0.01781984 0.01631565 0.01263448 0.00000000 0.00000000
3   2.0 0.03583410 0.03820043 0.02795281 0.02482692 0.03063672 0.02335570
          oe         te
1 0.02074097 0.01612416
2 0.00000000 0.01263448
3 0.02949156 0.03647281

[[6]]
  delta         mu       mu_1       mu_0         de       se_1       se_0
1   0.5 0.02296140 0.02116456 0.02525101 0.02172405 0.01759285 0.02050187
2   1.0 0.01740621 0.01775508 0.01712142 0.01214111 0.00000000 0.00000000
3   2.0 0.03131448 0.03479837 0.02397648 0.02419443 0.02802054 0.01919657
          oe         te
1 0.01916308 0.01737267
2 0.00000000 0.01214111
3 0.02574694 0.03385106

[[7]]
  delta         mu       mu_1       mu_0         de       se_1       se_0
1   0.5 0.02545214 0.02035266 0.02972208 0.02488778 0.01530115 0.02408496
2   1.0 0.01728250 0.01791033 0.01645448 0.01239990 0.00000000 0.00000000
3   2.0 0.03108966 0.03405978 0.02330842 0.02357239 0.02730943 0.01931695
          oe         te
1 0.02040884 0.01563876
2 0.00000000 0.01239990
3 0.02584480 0.03355439

[[8]]
  delta         mu       mu_1       mu_0         de       se_1       se_0
1   0.5 0.02507261 0.02009582 0.02826023 0.02110660 0.01549129 0.02378199
2   1.0 0.01759334 0.01815001 0.01656769 0.01220535 0.00000000 0.00000000
3   2.0 0.03959440 0.04471041 0.02749062 0.03268970 0.03892569 0.02345677
          oe         te
1 0.02110577 0.01507182
2 0.00000000 0.01220535
3 0.03489012 0.04411030

[[9]]
  delta         mu       mu_1       mu_0         de       se_1       se_0
1   0.5 0.02428845 0.02169158 0.02666130 0.02073806 0.01724434 0.02242266
2   1.0 0.01770123 0.01812692 0.01705163 0.01249706 0.00000000 0.00000000
3   2.0 0.03938945 0.04597341 0.02385883 0.03630053 0.04038055 0.02037105
          oe         te
1 0.02074209 0.01706515
2 0.00000000 0.01249706
3 0.03475043 0.04532196

[[10]]
  delta         mu       mu_1       mu_0         de       se_1       se_0
1   0.5 0.02235916 0.01957715 0.02550256 0.02261427 0.01450566 0.02171407
2   1.0 0.01708078 0.01748642 0.01726723 0.01296588 0.00000000 0.00000000
3   2.0 0.02761631 0.03025389 0.02184058 0.02161234 0.02370504 0.01703691
          oe         te
1 0.01859188 0.01543522
2 0.00000000 0.01296588
3 0.02246934 0.02998151

[[11]]
  delta         mu       mu_1       mu_0         de       se_1      se_0
1   0.5 0.02281146 0.01959481 0.02536586 0.01958961 0.01590361 0.0211519
2   1.0 0.01721694 0.01812253 0.01613297 0.01261244 0.00000000 0.0000000
3   2.0 0.03632599 0.03865319 0.02695616 0.02391221 0.03051428 0.0217277
          oe         te
1 0.01949560 0.01543602
2 0.00000000 0.01261244
3 0.02915611 0.03595483

[[12]]
  delta         mu       mu_1       mu_0         de       se_1       se_0
1   0.5 0.02546643 0.02099577 0.02912325 0.02326799 0.01648384 0.02470467
2   1.0 0.01754698 0.01798315 0.01745026 0.01288152 0.00000000 0.00000000
3   2.0 0.03318893 0.03591220 0.02587211 0.02450952 0.02995623 0.02197955
          oe         te
1 0.02209927 0.01555728
2 0.00000000 0.01288152
3 0.02861414 0.03600801

[[13]]
  delta         mu       mu_1       mu_0         de       se_1       se_0
1   0.5 0.02356268 0.02025145 0.02626604 0.02026691 0.01534606 0.02118776
2   1.0 0.01690064 0.01764724 0.01615341 0.01245738 0.00000000 0.00000000
3   2.0 0.04072465 0.04601910 0.02530741 0.03153831 0.04000003 0.02114236
          oe         te
1 0.01944884 0.01498924
2 0.00000000 0.01245738
3 0.03566289 0.04484955

[[14]]
  delta         mu       mu_1       mu_0         de       se_1       se_0
1   0.5 0.02323567 0.02001406 0.02575730 0.02013362 0.01544314 0.02072644
2   1.0 0.01725983 0.01790533 0.01686841 0.01293457 0.00000000 0.00000000
3   2.0 0.03594425 0.04042451 0.02517947 0.03168671 0.03449485 0.02120696
          oe         te
1 0.01919168 0.01538388
2 0.00000000 0.01293457
3 0.03142688 0.04048175

[[15]]
  delta         mu       mu_1       mu_0         de       se_1       se_0
1   0.5 0.02595569 0.02073101 0.02953338 0.02397020 0.01750507 0.02599944
2   1.0 0.01718806 0.01749602 0.01669959 0.01257050 0.00000000 0.00000000
3   2.0 0.03422338 0.03871941 0.02462424 0.03016908 0.03240423 0.02027815
          oe         te
1 0.02323400 0.01753830
2 0.00000000 0.01257050
3 0.02881437 0.03768304

[[16]]
  delta         mu       mu_1       mu_0         de       se_1       se_0
1   0.5 0.02422731 0.02041480 0.02675738 0.01981498 0.01696556 0.02215504
2   1.0 0.01778216 0.01837992 0.01667937 0.01266110 0.00000000 0.00000000
3   2.0 0.03799599 0.04242607 0.02593220 0.03137192 0.03592282 0.02186365
          oe         te
1 0.02069298 0.01643251
2 0.00000000 0.01266110
3 0.03270632 0.04182428

[[17]]
  delta         mu       mu_1       mu_0         de       se_1       se_0
1   0.5 0.02805306 0.01869462 0.03359745 0.02660866 0.01571611 0.03141810
2   1.0 0.01770185 0.01805070 0.01684628 0.01210663 0.00000000 0.00000000
3   2.0 0.02788663 0.02926417 0.02369416 0.02090665 0.02190953 0.01853015
          oe         te
1 0.02673544 0.01484789
2 0.00000000 0.01210663
3 0.02146087 0.02790640

[[18]]
  delta         mu       mu_1       mu_0         de       se_1       se_0
1   0.5 0.02304587 0.02042736 0.02652976 0.02305969 0.01723897 0.02315757
2   1.0 0.01794446 0.01841137 0.01726408 0.01191397 0.00000000 0.00000000
3   2.0 0.03435156 0.03730581 0.02706020 0.02612779 0.03055221 0.02117461
          oe         te
1 0.02059071 0.01733092
2 0.00000000 0.01191397
3 0.02818886 0.03570157

[[19]]
  delta         mu       mu_1       mu_0         de       se_1       se_0
1   0.5 0.02256832 0.01974457 0.02489007 0.01915436 0.01647107 0.02061980
2   1.0 0.01736654 0.01797486 0.01651103 0.01299027 0.00000000 0.00000000
3   2.0 0.03998852 0.04511501 0.02560500 0.03205920 0.03944597 0.02155641
          oe         te
1 0.01939863 0.01538067
2 0.00000000 0.01299027
3 0.03560203 0.04543557

[[20]]
  delta         mu       mu_1       mu_0         de       se_1       se_0
1   0.5 0.02797391 0.01954086 0.03300943 0.02343376 0.01620042 0.02999451
2   1.0 0.01605174 0.01684165 0.01540164 0.01250270 0.00000000 0.00000000
3   2.0 0.03419057 0.03900684 0.02323500 0.03003552 0.03275218 0.01894048
          oe         te
1 0.02578775 0.01534534
2 0.00000000 0.01250270
3 0.02900621 0.03796691

[1] "Total run time was 3371.354 seconds"
