Warning message:
package ‘SuperLearner’ was built under R version 4.1.3 
[1] "[Simulation setting]"
[1] "n: 500"
[1] "deltas: 0.5, 1, 2"
[1] "K: 2"
[1] "r: 100"
[1] "s: 1"
[1] "Sim.id 1"
[1] "Data generated and format changed"
[1] "   Split: 1"
Loading required namespace: nnet
Loading required namespace: ranger
[1] "   Split: 2"
[1] "Estimates and SE estimates computed"
[1] ""
[1] "Sim.id 2"
[1] "Data generated and format changed"
[1] "   Split: 1"
[1] "   Split: 2"
[1] "Estimates and SE estimates computed"
[1] ""
[1] "Sim.id 3"
[1] "Data generated and format changed"
[1] "   Split: 1"
[1] "   Split: 2"
[1] "Estimates and SE estimates computed"
[1] ""
[1] "Sim.id 4"
[1] "Data generated and format changed"
[1] "   Split: 1"
[1] "   Split: 2"
[1] "Estimates and SE estimates computed"
[1] ""
[1] "Sim.id 5"
[1] "Data generated and format changed"
[1] "   Split: 1"
[1] "   Split: 2"
[1] "Estimates and SE estimates computed"
[1] ""
[1] "Sim.id 6"
[1] "Data generated and format changed"
[1] "   Split: 1"
[1] "   Split: 2"
[1] "Estimates and SE estimates computed"
[1] ""
[1] "Sim.id 7"
[1] "Data generated and format changed"
[1] "   Split: 1"
[1] "   Split: 2"
[1] "Estimates and SE estimates computed"
[1] ""
[1] "Sim.id 8"
[1] "Data generated and format changed"
[1] "   Split: 1"
[1] "   Split: 2"
[1] "Estimates and SE estimates computed"
[1] ""
[1] "Sim.id 9"
[1] "Data generated and format changed"
[1] "   Split: 1"
[1] "   Split: 2"
[1] "Estimates and SE estimates computed"
[1] ""
[1] "Sim.id 10"
[1] "Data generated and format changed"
[1] "   Split: 1"
[1] "   Split: 2"
[1] "Estimates and SE estimates computed"
[1] ""
[1] "Sim.id 11"
[1] "Data generated and format changed"
[1] "   Split: 1"
[1] "   Split: 2"
[1] "Estimates and SE estimates computed"
[1] ""
[1] "Sim.id 12"
[1] "Data generated and format changed"
[1] "   Split: 1"
[1] "   Split: 2"
[1] "Estimates and SE estimates computed"
[1] ""
[1] "Sim.id 13"
[1] "Data generated and format changed"
[1] "   Split: 1"
[1] "   Split: 2"
[1] "Estimates and SE estimates computed"
[1] ""
[1] "Sim.id 14"
[1] "Data generated and format changed"
[1] "   Split: 1"
[1] "   Split: 2"
[1] "Estimates and SE estimates computed"
[1] ""
[1] "Sim.id 15"
[1] "Data generated and format changed"
[1] "   Split: 1"
[1] "   Split: 2"
[1] "Estimates and SE estimates computed"
[1] ""
[1] "Sim.id 16"
[1] "Data generated and format changed"
[1] "   Split: 1"
[1] "   Split: 2"
[1] "Estimates and SE estimates computed"
[1] ""
[1] "Sim.id 17"
[1] "Data generated and format changed"
[1] "   Split: 1"
[1] "   Split: 2"
[1] "Estimates and SE estimates computed"
[1] ""
[1] "Sim.id 18"
[1] "Data generated and format changed"
[1] "   Split: 1"
[1] "   Split: 2"
[1] "Estimates and SE estimates computed"
[1] ""
[1] "Sim.id 19"
[1] "Data generated and format changed"
[1] "   Split: 1"
[1] "   Split: 2"
[1] "Estimates and SE estimates computed"
[1] ""
[1] "Sim.id 20"
[1] "Data generated and format changed"
[1] "   Split: 1"
[1] "   Split: 2"
[1] "Estimates and SE estimates computed"
[1] ""
[[1]]
  delta        mu      mu_1      mu_0         de        se_1         se_0
1   0.5 0.8306060 0.7143832 0.9009655 -0.1865824  0.03230803  0.028809374
2   1.0 0.7651493 0.6820751 0.8721562 -0.1900810  0.00000000  0.000000000
3   2.0 0.7022557 0.6417440 0.8648454 -0.2231014 -0.04033116 -0.007310741
           oe         te
1  0.06545664 -0.1577730
2  0.00000000 -0.1900810
3 -0.06289365 -0.2304122

[[2]]
  delta        mu      mu_1      mu_0         de       se_1       se_0
1   0.5 0.8077610 0.6909444 0.8795259 -0.1885816 0.01470178 0.01130257
2   1.0 0.7603012 0.6762426 0.8682234 -0.1919808 0.00000000 0.00000000
3   2.0 0.7458260 0.6901227 0.8822329 -0.1921102 0.01388011 0.01400953
           oe         te
1  0.04745979 -0.1772790
2  0.00000000 -0.1919808
3 -0.01447516 -0.1781007

[[3]]
  delta        mu      mu_1      mu_0         de        se_1        se_0
1   0.5 0.8417925 0.7051379 0.9259739 -0.2208359  0.04595815  0.07098965
2   1.0 0.7422887 0.6591798 0.8549842 -0.1958044  0.00000000  0.00000000
3   2.0 0.6742845 0.6309298 0.8066495 -0.1757197 -0.02824999 -0.04833474
           oe         te
1  0.09950382 -0.1498463
2  0.00000000 -0.1958044
3 -0.06800419 -0.2240544

[[4]]
  delta        mu      mu_1      mu_0         de       se_1        se_0
1   0.5 0.7903363 0.6647601 0.8762074 -0.2114473 0.00334463 0.006629088
2   1.0 0.7508675 0.6614155 0.8695783 -0.2081629 0.00000000 0.000000000
3   2.0 0.7396533 0.6848654 0.8799942 -0.1951288 0.02344991 0.010415856
           oe         te
1  0.03946884 -0.2048182
2  0.00000000 -0.2081629
3 -0.01121415 -0.1847130

[[5]]
  delta        mu      mu_1      mu_0         de       se_1        se_0
1   0.5 0.8177577 0.7115559 0.8916180 -0.1800621 0.06033056 0.053351829
2   1.0 0.7290576 0.6512253 0.8382662 -0.1870409 0.00000000 0.000000000
3   2.0 0.7119240 0.6632290 0.8397797 -0.1765507 0.01200373 0.001513575
           oe         te
1  0.08870009 -0.1267103
2  0.00000000 -0.1870409
3 -0.01713358 -0.1750371

[[6]]
  delta        mu      mu_1      mu_0         de        se_1        se_0
1   0.5 0.7652791 0.6938937 0.8210538 -0.1271601 0.029299137 -0.01718886
2   1.0 0.7370378 0.6645946 0.8382427 -0.1736481 0.000000000  0.00000000
3   2.0 0.7263095 0.6736445 0.8630047 -0.1893602 0.009049919  0.02476207
           oe         te
1  0.02824131 -0.1443489
2  0.00000000 -0.1736481
3 -0.01072834 -0.1645982

[[7]]
  delta        mu      mu_1      mu_0         de       se_1        se_0
1   0.5 0.7823668 0.6564881 0.8642754 -0.2077873 0.01284130  0.02228433
2   1.0 0.7272847 0.6436468 0.8419910 -0.1983443 0.00000000  0.00000000
3   2.0 0.7000054 0.6564095 0.8198239 -0.1634144 0.01276277 -0.02216712
           oe         te
1  0.05508205 -0.1855030
2  0.00000000 -0.1983443
3 -0.02727932 -0.1855815

[[8]]
  delta        mu      mu_1      mu_0         de        se_1        se_0
1   0.5 0.8141425 0.7001082 0.8927533 -0.1926451  0.03241119  0.02038597
2   1.0 0.7545094 0.6676970 0.8723673 -0.2046704  0.00000000  0.00000000
3   2.0 0.6856601 0.6254022 0.8486917 -0.2232895 -0.04229473 -0.02367559
           oe         te
1  0.05963317 -0.1722592
2  0.00000000 -0.2046704
3 -0.06884927 -0.2469651

[[9]]
  delta        mu      mu_1      mu_0         de        se_1       se_0
1   0.5 0.7687969 0.6646804 0.8448296 -0.1801492 0.010783567 0.03130539
2   1.0 0.7193989 0.6538968 0.8135242 -0.1596274 0.000000000 0.00000000
3   2.0 0.7051562 0.6611817 0.8236284 -0.1624467 0.007284838 0.01010415
           oe         te
1  0.04939802 -0.1488438
2  0.00000000 -0.1596274
3 -0.01424274 -0.1523425

[[10]]
  delta        mu      mu_1      mu_0         de          se_1        se_0
1   0.5 0.7747964 0.6812441 0.8400945 -0.1588504 -0.0117472428 -0.03196434
2   1.0 0.7722094 0.6929914 0.8720589 -0.1790675  0.0000000000  0.00000000
3   2.0 0.7517815 0.6931486 0.8899082 -0.1967596  0.0001572286  0.01784931
            oe         te
1  0.002586955 -0.1908148
2  0.000000000 -0.1790675
3 -0.020427931 -0.1789103

[[11]]
  delta        mu      mu_1      mu_0         de         se_1        se_0
1   0.5 0.7399074 0.6460789 0.8113769 -0.1652979 -0.007467427 -0.01889477
2   1.0 0.7263942 0.6535464 0.8302716 -0.1767253  0.000000000  0.00000000
3   2.0 0.6886627 0.6319231 0.8524151 -0.2204920 -0.021623255  0.02214341
           oe         te
1  0.01351322 -0.1841927
2  0.00000000 -0.1767253
3 -0.03773143 -0.1983485

[[12]]
  delta        mu      mu_1      mu_0         de        se_1        se_0
1   0.5 0.8060492 0.6919929 0.8808782 -0.1888853 0.005404787  0.03134541
2   1.0 0.7577761 0.6865881 0.8495328 -0.1629447 0.000000000  0.00000000
3   2.0 0.7342704 0.6952252 0.8278995 -0.1326743 0.008637125 -0.02163333
           oe         te
1  0.04827311 -0.1575399
2  0.00000000 -0.1629447
3 -0.02350567 -0.1543076

[[13]]
  delta        mu      mu_1      mu_0         de        se_1        se_0
1   0.5 0.8022604 0.7059505 0.8738972 -0.1679467  0.02811062  0.01131340
2   1.0 0.7538867 0.6778399 0.8625838 -0.1847439  0.00000000  0.00000000
3   2.0 0.6963073 0.6527008 0.8222604 -0.1695595 -0.02513902 -0.04032341
           oe         te
1  0.04837370 -0.1566333
2  0.00000000 -0.1847439
3 -0.05757932 -0.2098830

[[14]]
  delta        mu      mu_1      mu_0         de         se_1        se_0
1   0.5 0.7947606 0.6869073 0.8662586 -0.1793514  0.019811714  0.01014872
2   1.0 0.7493316 0.6670955 0.8561099 -0.1890144  0.000000000  0.00000000
3   2.0 0.7155167 0.6642461 0.8523602 -0.1881141 -0.002849436 -0.00374971
           oe         te
1  0.04542903 -0.1692027
2  0.00000000 -0.1890144
3 -0.03381491 -0.1918638

[[15]]
  delta        mu      mu_1      mu_0         de        se_1        se_0
1   0.5 0.8136059 0.7062521 0.8851369 -0.1788848  0.05045703  0.03106778
2   1.0 0.7413910 0.6557950 0.8540691 -0.1982741  0.00000000  0.00000000
3   2.0 0.6566198 0.5965483 0.8121584 -0.2156101 -0.05924673 -0.04191069
           oe         te
1  0.07221489 -0.1478170
2  0.00000000 -0.1982741
3 -0.08477116 -0.2575208

[[16]]
  delta        mu      mu_1      mu_0         de        se_1        se_0
1   0.5 0.8218473 0.6940149 0.9036655 -0.2096506  0.01646543  0.04285750
2   1.0 0.7553556 0.6775494 0.8608080 -0.1832586  0.00000000  0.00000000
3   2.0 0.7029684 0.6478886 0.8460501 -0.1981616 -0.02966090 -0.01475788
           oe         te
1  0.06649168 -0.1667931
2  0.00000000 -0.1832586
3 -0.05238723 -0.2129195

[[17]]
  delta        mu      mu_1      mu_0         de        se_1        se_0
1   0.5 0.8039788 0.7008567 0.8735159 -0.1726591  0.02053654  0.01079372
2   1.0 0.7578205 0.6803202 0.8627222 -0.1824020  0.00000000  0.00000000
3   2.0 0.7171330 0.6672192 0.8507110 -0.1834918 -0.01310097 -0.01201114
           oe         te
1  0.04615830 -0.1618654
2  0.00000000 -0.1824020
3 -0.04068748 -0.1955029

[[18]]
  delta        mu      mu_1      mu_0         de          se_1        se_0
1   0.5 0.8039677 0.7001275 0.8686789 -0.1685514 -0.0009022718 -0.01881128
2   1.0 0.7846581 0.7010297 0.8874902 -0.1864604  0.0000000000  0.00000000
3   2.0 0.7659772 0.7154527 0.9007581 -0.1853053  0.0144229665  0.01326789
           oe         te
1  0.01930963 -0.1873627
2  0.00000000 -0.1864604
3 -0.01868088 -0.1720375

[[19]]
  delta        mu      mu_1      mu_0         de         se_1        se_0
1   0.5 0.7957885 0.7133255 0.8579723 -0.1446468  0.008763914 -0.01217998
2   1.0 0.7738805 0.7045616 0.8701523 -0.1655907  0.000000000  0.00000000
3   2.0 0.6913191 0.6353278 0.8456502 -0.2103225 -0.069233829 -0.02450204
           oe         te
1  0.02190801 -0.1568268
2  0.00000000 -0.1655907
3 -0.08256133 -0.2348245

[[20]]
  delta        mu      mu_1      mu_0         de       se_1        se_0
1   0.5 0.8068875 0.7042288 0.8765794 -0.1723506 0.03345755  0.02475133
2   1.0 0.7472627 0.6707713 0.8518281 -0.1810568 0.00000000  0.00000000
3   2.0 0.7163615 0.6795491 0.8222374 -0.1426883 0.00877780 -0.02959069
           oe         te
1  0.05962482 -0.1475993
2  0.00000000 -0.1810568
3 -0.03090123 -0.1722790

[[1]]
  delta         mu       mu_1       mu_0         de       se_1       se_0
1   0.5 0.02427240 0.01989098 0.02759351 0.02163522 0.01512223 0.02193655
2   1.0 0.01780020 0.01829976 0.01709126 0.01287792 0.00000000 0.00000000
3   2.0 0.03454288 0.03865818 0.02375238 0.02751409 0.03170914 0.01942485
          oe         te
1 0.01923565 0.01525808
2 0.00000000 0.01287792
3 0.02900992 0.03773819

[[2]]
  delta         mu       mu_1       mu_0         de       se_1       se_0
1   0.5 0.02643062 0.02271830 0.02996526 0.02185996 0.01785137 0.02444563
2   1.0 0.01742668 0.01781965 0.01739576 0.01319568 0.00000000 0.00000000
3   2.0 0.03877430 0.04561829 0.02339964 0.03781969 0.03874523 0.02057143
          oe         te
1 0.02168994 0.01777607
2 0.00000000 0.01319568
3 0.03375739 0.04532585

[[3]]
  delta         mu       mu_1       mu_0         de       se_1       se_0
1   0.5 0.02550067 0.02020026 0.03018997 0.02399286 0.01563161 0.02468612
2   1.0 0.01729586 0.01761243 0.01684032 0.01275700 0.00000000 0.00000000
3   2.0 0.03445252 0.03767122 0.02563332 0.02668084 0.03075061 0.02102043
          oe         te
1 0.02081219 0.01651972
2 0.00000000 0.01275700
3 0.02840741 0.03614437

[[4]]
  delta         mu       mu_1       mu_0         de       se_1       se_0
1   0.5 0.02239692 0.01935447 0.02506677 0.01921580 0.01535150 0.02012054
2   1.0 0.01804153 0.01890300 0.01745787 0.01336613 0.00000000 0.00000000
3   2.0 0.03866930 0.04245598 0.02720146 0.02763101 0.03371282 0.02266715
          oe         te
1 0.01860068 0.01507438
2 0.00000000 0.01336613
3 0.03152616 0.03994265

[[5]]
  delta         mu       mu_1       mu_0         de       se_1       se_0
1   0.5 0.02529426 0.02291935 0.02688814 0.01855427 0.02042620 0.02249314
2   1.0 0.01762683 0.01784264 0.01701064 0.01238800 0.00000000 0.00000000
3   2.0 0.03501510 0.03846344 0.02495116 0.02626284 0.03132355 0.02013006
          oe         te
1 0.02192198 0.02011887
2 0.00000000 0.01238800
3 0.02894820 0.03686389

[[6]]
  delta         mu       mu_1       mu_0         de       se_1       se_0
1   0.5 0.02393222 0.01875428 0.02756706 0.02125976 0.01432742 0.02268382
2   1.0 0.01733980 0.01756741 0.01702505 0.01216839 0.00000000 0.00000000
3   2.0 0.03641985 0.04130864 0.02477993 0.03055758 0.03537323 0.01979705
          oe         te
1 0.02021862 0.01447558
2 0.00000000 0.01216839
3 0.03101931 0.03968971

[[7]]
  delta         mu       mu_1       mu_0         de       se_1       se_0
1   0.5 0.02381316 0.02148350 0.02855438 0.02682414 0.01844878 0.02448931
2   1.0 0.01600071 0.01637957 0.01581560 0.01179437 0.00000000 0.00000000
3   2.0 0.03310576 0.03684571 0.02383123 0.02601969 0.03125402 0.01994776
          oe         te
1 0.02075872 0.01857588
2 0.00000000 0.01179437
3 0.02847992 0.03651987

[[8]]
  delta         mu       mu_1       mu_0         de       se_1       se_0
1   0.5 0.02404112 0.01983229 0.02663258 0.01928044 0.01521266 0.02112800
2   1.0 0.01754467 0.01817195 0.01654579 0.01193067 0.00000000 0.00000000
3   2.0 0.03282536 0.03471263 0.02564211 0.02061400 0.02592960 0.02030873
          oe         te
1 0.01923297 0.01455161
2 0.00000000 0.01193067
3 0.02567592 0.03247349

[[9]]
  delta         mu       mu_1       mu_0         de       se_1       se_0
1   0.5 0.02743747 0.02242951 0.03210729 0.02544752 0.01804616 0.02749347
2   1.0 0.01717498 0.01792384 0.01663367 0.01278401 0.00000000 0.00000000
3   2.0 0.03296047 0.03641143 0.02560352 0.02647598 0.02969174 0.02085116
          oe         te
1 0.02345900 0.01756742
2 0.00000000 0.01278401
3 0.02733246 0.03558230

[[10]]
  delta         mu       mu_1       mu_0         de       se_1       se_0
1   0.5 0.02413932 0.01999431 0.02710495 0.02028929 0.01452084 0.02136632
2   1.0 0.01758671 0.01769752 0.01745850 0.01282021 0.00000000 0.00000000
3   2.0 0.02939278 0.03129985 0.02449637 0.02153636 0.02399610 0.01967624
          oe         te
1 0.01913344 0.01522726
2 0.00000000 0.01282021
3 0.02337953 0.03044742

[[11]]
  delta         mu       mu_1       mu_0         de       se_1       se_0
1   0.5 0.02318172 0.02102871 0.02570455 0.02130585 0.01723828 0.02207324
2   1.0 0.01719623 0.01794645 0.01639315 0.01240537 0.00000000 0.00000000
3   2.0 0.03104788 0.03270944 0.02570595 0.02235693 0.02401807 0.02028172
          oe         te
1 0.02029201 0.01718045
2 0.00000000 0.01240537
3 0.02375143 0.03079900

[[12]]
  delta         mu       mu_1       mu_0         de       se_1       se_0
1   0.5 0.02474927 0.01969147 0.02851023 0.02247038 0.01583780 0.02395669
2   1.0 0.01751277 0.01802687 0.01715213 0.01261494 0.00000000 0.00000000
3   2.0 0.03711662 0.04238407 0.02513337 0.03125207 0.03684681 0.02101816
          oe         te
1 0.02116743 0.01475774
2 0.00000000 0.01261494
3 0.03277348 0.04243883

[[13]]
  delta         mu       mu_1       mu_0         de       se_1       se_0
1   0.5 0.02338051 0.02068493 0.02695141 0.02335473 0.01691247 0.02241258
2   1.0 0.01835547 0.01892945 0.01723882 0.01219634 0.00000000 0.00000000
3   2.0 0.03411069 0.03669997 0.02668775 0.02465525 0.02793211 0.02007617
          oe         te
1 0.01969165 0.01666262
2 0.00000000 0.01219634
3 0.02596848 0.03351221

[[14]]
  delta         mu       mu_1       mu_0         de       se_1       se_0
1   0.5 0.02637474 0.02031243 0.03041674 0.02418374 0.01606211 0.02568453
2   1.0 0.01791493 0.01812128 0.01784425 0.01261557 0.00000000 0.00000000
3   2.0 0.02914806 0.03135730 0.02351390 0.02176765 0.02430037 0.01905524
          oe         te
1 0.02256646 0.01550305
2 0.00000000 0.01261557
3 0.02331216 0.03084051

[[15]]
  delta         mu       mu_1       mu_0         de       se_1       se_0
1   0.5 0.02570231 0.02078639 0.02893254 0.02254877 0.01583770 0.02337004
2   1.0 0.01751309 0.01792030 0.01683271 0.01246834 0.00000000 0.00000000
3   2.0 0.02707617 0.02842639 0.02273220 0.01937609 0.02183436 0.01910918
          oe         te
1 0.02082181 0.01616728
2 0.00000000 0.01246834
3 0.02189058 0.02818246

[[16]]
  delta         mu       mu_1       mu_0         de       se_1       se_0
1   0.5 0.02417197 0.01941869 0.02653133 0.01792104 0.01590571 0.02136325
2   1.0 0.01829461 0.01878666 0.01740180 0.01262602 0.00000000 0.00000000
3   2.0 0.03040266 0.03149914 0.02497063 0.01920560 0.02263971 0.01935269
          oe         te
1 0.02010636 0.01524167
2 0.00000000 0.01262602
3 0.02256357 0.02879320

[[17]]
  delta         mu       mu_1       mu_0         de       se_1       se_0
1   0.5 0.02320783 0.01942142 0.02630480 0.01925540 0.01513703 0.02126635
2   1.0 0.01703569 0.01779660 0.01653458 0.01299818 0.00000000 0.00000000
3   2.0 0.03126921 0.03332120 0.02549553 0.02249619 0.02560644 0.02081485
          oe         te
1 0.01922812 0.01465946
2 0.00000000 0.01299818
3 0.02505381 0.03272736

[[18]]
  delta         mu       mu_1       mu_0         de       se_1       se_0
1   0.5 0.02498723 0.02082261 0.02855744 0.02235434 0.01494604 0.02258054
2   1.0 0.01750862 0.01808463 0.01741807 0.01339918 0.00000000 0.00000000
3   2.0 0.03785215 0.04224509 0.02779254 0.02508725 0.03661789 0.02375748
          oe         te
1 0.02006431 0.01605827
2 0.00000000 0.01339918
3 0.03339182 0.04163742

[[19]]
  delta         mu       mu_1       mu_0         de       se_1       se_0
1   0.5 0.02124753 0.01886644 0.02336380 0.01808385 0.01493072 0.01918356
2   1.0 0.01700147 0.01773264 0.01609178 0.01209109 0.00000000 0.00000000
3   2.0 0.03912764 0.04520317 0.02395204 0.03653824 0.03982384 0.01945294
          oe         te
1 0.01797570 0.01416861
2 0.00000000 0.01209109
3 0.03458828 0.04467202

[[20]]
  delta         mu       mu_1       mu_0         de       se_1       se_0
1   0.5 0.02490101 0.02140820 0.02846142 0.02418430 0.01648703 0.02253546
2   1.0 0.01754314 0.01746518 0.01729459 0.01243139 0.00000000 0.00000000
3   2.0 0.03361261 0.03692203 0.02646520 0.02546495 0.03016085 0.02199672
          oe         te
1 0.01968926 0.01740038
2 0.00000000 0.01243139
3 0.02780222 0.03558259

[[1]]
  delta        mu      mu_1      mu_0         de        se_1         se_0
1   0.5 0.8312101 0.7150242 0.9016807 -0.1866565  0.03294449  0.029354205
2   1.0 0.7653183 0.6820797 0.8723265 -0.1902468  0.00000000  0.000000000
3   2.0 0.7026468 0.6410921 0.8669897 -0.2258976 -0.04098765 -0.005336885
           oe         te
1  0.06589180 -0.1573023
2  0.00000000 -0.1902468
3 -0.06267156 -0.2312344

[[2]]
  delta        mu      mu_1      mu_0         de       se_1        se_0
1   0.5 0.8060641 0.6902117 0.8776185 -0.1874068 0.01306688 0.008259873
2   1.0 0.7615948 0.6771448 0.8693586 -0.1922138 0.00000000 0.000000000
3   2.0 0.7444940 0.6882428 0.8817342 -0.1934914 0.01109802 0.012375583
           oe         te
1  0.04446925 -0.1791469
2  0.00000000 -0.1922138
3 -0.01710083 -0.1811158

[[3]]
  delta        mu      mu_1      mu_0         de        se_1        se_0
1   0.5 0.8427427 0.7047236 0.9284504 -0.2237268  0.04557727  0.07250730
2   1.0 0.7426915 0.6591464 0.8559431 -0.1967968  0.00000000  0.00000000
3   2.0 0.6740531 0.6304124 0.8075445 -0.1771321 -0.02873390 -0.04839857
           oe         te
1  0.10005118 -0.1512195
2  0.00000000 -0.1967968
3 -0.06863838 -0.2255307

[[4]]
  delta        mu      mu_1      mu_0         de        se_1        se_0
1   0.5 0.7879136 0.6629960 0.8733901 -0.2103941 0.001910662 0.004842019
2   1.0 0.7503927 0.6610853 0.8685480 -0.2074627 0.000000000 0.000000000
3   2.0 0.7432462 0.6892805 0.8800788 -0.1907983 0.028195177 0.011530755
            oe         te
1  0.037520916 -0.2055521
2  0.000000000 -0.2074627
3 -0.007146462 -0.1792675

[[5]]
  delta        mu      mu_1      mu_0         de       se_1       se_0
1   0.5 0.8172149 0.7114561 0.8908015 -0.1793454 0.06025956 0.05273361
2   1.0 0.7289751 0.6511965 0.8380679 -0.1868713 0.00000000 0.00000000
3   2.0 0.7120837 0.6633675 0.8398349 -0.1764674 0.01217097 0.00176704
           oe         te
1  0.08823971 -0.1266118
2  0.00000000 -0.1868713
3 -0.01689146 -0.1747004

[[6]]
  delta        mu      mu_1      mu_0         de       se_1        se_0
1   0.5 0.7652982 0.6943860 0.8198980 -0.1255120 0.02800927 -0.01924532
2   1.0 0.7390116 0.6663767 0.8391433 -0.1727666 0.00000000  0.00000000
3   2.0 0.7348371 0.6820254 0.8683472 -0.1863218 0.01564869  0.02920392
            oe         te
1  0.026286573 -0.1447573
2  0.000000000 -0.1727666
3 -0.004174495 -0.1571179

[[7]]
  delta        mu      mu_1      mu_0         de       se_1        se_0
1   0.5 0.7830753 0.6562690 0.8654797 -0.2092107 0.01221024  0.02237572
2   1.0 0.7282090 0.6440588 0.8431040 -0.1990452 0.00000000  0.00000000
3   2.0 0.7015662 0.6574194 0.8217777 -0.1643583 0.01336070 -0.02132627
           oe         te
1  0.05486630 -0.1868350
2  0.00000000 -0.1990452
3 -0.02664284 -0.1856845

[[8]]
  delta        mu      mu_1      mu_0         de        se_1        se_0
1   0.5 0.8136409 0.7001650 0.8919056 -0.1917406  0.03239864  0.01966973
2   1.0 0.7544900 0.6677663 0.8722358 -0.2044695  0.00000000  0.00000000
3   2.0 0.6863309 0.6263954 0.8488432 -0.2224478 -0.04137093 -0.02339264
           oe         te
1  0.05915090 -0.1720709
2  0.00000000 -0.2044695
3 -0.06815913 -0.2458404

[[9]]
  delta        mu      mu_1      mu_0         de        se_1       se_0
1   0.5 0.7680204 0.6644417 0.8437764 -0.1793348 0.011122776 0.03074497
2   1.0 0.7189224 0.6533189 0.8130314 -0.1597126 0.000000000 0.00000000
3   2.0 0.7041896 0.6596552 0.8233141 -0.1636589 0.006336269 0.01028265
           oe         te
1  0.04909802 -0.1485898
2  0.00000000 -0.1597126
3 -0.01473275 -0.1533763

[[10]]
  delta        mu      mu_1      mu_0         de          se_1        se_0
1   0.5 0.7753393 0.6814209 0.8408441 -0.1594233 -0.0111908668 -0.03168212
2   1.0 0.7720185 0.6926117 0.8725262 -0.1799145  0.0000000000  0.00000000
3   2.0 0.7513802 0.6933306 0.8887624 -0.1954318  0.0007188109  0.01623616
            oe         te
1  0.003320797 -0.1911054
2  0.000000000 -0.1799145
3 -0.020638361 -0.1791957

[[11]]
  delta        mu      mu_1      mu_0         de         se_1        se_0
1   0.5 0.7413011 0.6454790 0.8135507 -0.1680717 -0.006682087 -0.01704057
2   1.0 0.7255966 0.6521611 0.8305912 -0.1784302  0.000000000  0.00000000
3   2.0 0.6853316 0.6288880 0.8508093 -0.2219213 -0.023273050  0.02021805
           oe         te
1  0.01570449 -0.1851123
2  0.00000000 -0.1784302
3 -0.04026495 -0.2017032

[[12]]
  delta        mu      mu_1      mu_0         de        se_1        se_0
1   0.5 0.8054268 0.6918408 0.8801957 -0.1883549 0.005122827  0.03132699
2   1.0 0.7574013 0.6867180 0.8488688 -0.1621508 0.000000000  0.00000000
3   2.0 0.7354976 0.6968242 0.8275467 -0.1307225 0.010106176 -0.02132207
           oe         te
1  0.04802554 -0.1570279
2  0.00000000 -0.1621508
3 -0.02190368 -0.1520446

[[13]]
  delta        mu      mu_1      mu_0         de        se_1        se_0
1   0.5 0.8049578 0.7084730 0.8752189 -0.1667460  0.02859184  0.01012507
2   1.0 0.7568042 0.6798811 0.8650939 -0.1852127  0.00000000  0.00000000
3   2.0 0.6956977 0.6511887 0.8226858 -0.1714971 -0.02869247 -0.04240812
           oe         te
1  0.04815361 -0.1566209
2  0.00000000 -0.1852127
3 -0.06110646 -0.2139052

[[14]]
  delta        mu      mu_1      mu_0         de          se_1        se_0
1   0.5 0.7971513 0.6874808 0.8689979 -0.1815171  1.993712e-02  0.01258408
2   1.0 0.7496749 0.6675436 0.8564138 -0.1888701  0.000000e+00  0.00000000
3   2.0 0.7181558 0.6675030 0.8534921 -0.1859891 -4.067366e-05 -0.00292167
           oe         te
1  0.04747633 -0.1689330
2  0.00000000 -0.1888701
3 -0.03151910 -0.1889108

[[15]]
  delta        mu      mu_1      mu_0         de        se_1        se_0
1   0.5 0.8136773 0.7064010 0.8851742 -0.1787732  0.05102028  0.03114342
2   1.0 0.7410567 0.6553807 0.8540308 -0.1986500  0.00000000  0.00000000
3   2.0 0.6563197 0.5964408 0.8119701 -0.2155293 -0.05893990 -0.04206068
           oe         te
1  0.07262055 -0.1476298
2  0.00000000 -0.1986500
3 -0.08473701 -0.2575899

[[16]]
  delta        mu      mu_1      mu_0         de        se_1        se_0
1   0.5 0.8229456 0.6943394 0.9043705 -0.2100311  0.01619621  0.04268917
2   1.0 0.7564765 0.6781432 0.8616813 -0.1835381  0.00000000  0.00000000
3   2.0 0.7046734 0.6493869 0.8472709 -0.1978841 -0.02875630 -0.01441037
           oe         te
1  0.06646906 -0.1673419
2  0.00000000 -0.1835381
3 -0.05180315 -0.2122944

[[17]]
  delta        mu      mu_1      mu_0         de        se_1        se_0
1   0.5 0.8025559 0.7003777 0.8723804 -0.1720028  0.02013217  0.01039089
2   1.0 0.7570782 0.6802455 0.8619895 -0.1817440  0.00000000  0.00000000
3   2.0 0.7164807 0.6670285 0.8502429 -0.1832144 -0.01321694 -0.01174662
           oe         te
1  0.04547773 -0.1616119
2  0.00000000 -0.1817440
3 -0.04059742 -0.1949610

[[18]]
  delta        mu      mu_1      mu_0         de        se_1        se_0
1   0.5 0.8052913 0.6995200 0.8707151 -0.1711951 -0.00128892 -0.01687182
2   1.0 0.7847171 0.7008089 0.8875869 -0.1867780  0.00000000  0.00000000
3   2.0 0.7642722 0.7127685 0.9012697 -0.1885011  0.01195963  0.01368277
           oe         te
1  0.02057424 -0.1880669
2  0.00000000 -0.1867780
3 -0.02044490 -0.1748184

[[19]]
  delta        mu      mu_1      mu_0         de        se_1        se_0
1   0.5 0.7959392 0.7141891 0.8576181 -0.1434290  0.00810560 -0.01374277
2   1.0 0.7754965 0.7060835 0.8713609 -0.1652774  0.00000000  0.00000000
3   2.0 0.6929947 0.6370063 0.8464318 -0.2094255 -0.06907723 -0.02492912
           oe         te
1  0.02044267 -0.1571718
2  0.00000000 -0.1652774
3 -0.08250187 -0.2343546

[[20]]
  delta        mu      mu_1      mu_0         de        se_1        se_0
1   0.5 0.8067541 0.7042419 0.8760601 -0.1718182 0.033372976  0.02453574
2   1.0 0.7472565 0.6708689 0.8515244 -0.1806555 0.000000000  0.00000000
3   2.0 0.7156407 0.6785703 0.8220157 -0.1434454 0.007701426 -0.02950863
           oe         te
1  0.05949757 -0.1472825
2  0.00000000 -0.1806555
3 -0.03161582 -0.1729540

[[1]]
  delta         mu       mu_1       mu_0         de       se_1       se_0
1   0.5 0.02424163 0.01988154 0.02754830 0.02150386 0.01513399 0.02184452
2   1.0 0.01769226 0.01824855 0.01697804 0.01292852 0.00000000 0.00000000
3   2.0 0.03460045 0.03879128 0.02366177 0.02775043 0.03173008 0.01941841
          oe         te
1 0.01918769 0.01523756
2 0.00000000 0.01292852
3 0.02900578 0.03784712

[[2]]
  delta         mu       mu_1       mu_0         de       se_1       se_0
1   0.5 0.02615299 0.02250713 0.02965791 0.02159317 0.01760794 0.02416420
2   1.0 0.01743034 0.01784862 0.01736246 0.01321902 0.00000000 0.00000000
3   2.0 0.03871629 0.04569200 0.02319536 0.03806922 0.03885148 0.02037913
          oe         te
1 0.02146373 0.01753056
2 0.00000000 0.01321902
3 0.03370415 0.04540007

[[3]]
  delta         mu       mu_1       mu_0         de       se_1       se_0
1   0.5 0.02552722 0.02031564 0.03029981 0.02410264 0.01582504 0.02472594
2   1.0 0.01721600 0.01754088 0.01682459 0.01283616 0.00000000 0.00000000
3   2.0 0.03353557 0.03669761 0.02525688 0.02613060 0.02984706 0.02073699
          oe         te
1 0.02084444 0.01677969
2 0.00000000 0.01283616
3 0.02758560 0.03531690

[[4]]
  delta         mu       mu_1       mu_0         de       se_1       se_0
1   0.5 0.02256182 0.01940937 0.02526615 0.01932799 0.01537190 0.02028745
2   1.0 0.01801671 0.01884760 0.01745304 0.01332413 0.00000000 0.00000000
3   2.0 0.03926793 0.04352991 0.02686245 0.02920877 0.03496685 0.02220942
          oe         te
1 0.01871045 0.01509476
2 0.00000000 0.01332413
3 0.03220882 0.04102738

[[5]]
  delta         mu       mu_1       mu_0         de       se_1       se_0
1   0.5 0.02527134 0.02288451 0.02687821 0.01852842 0.02040928 0.02247491
2   1.0 0.01760976 0.01782386 0.01700982 0.01239935 0.00000000 0.00000000
3   2.0 0.03491321 0.03829908 0.02491983 0.02607020 0.03116809 0.02013193
          oe         te
1 0.02191157 0.02009540
2 0.00000000 0.01239935
3 0.02886078 0.03672710

[[6]]
  delta         mu       mu_1       mu_0         de       se_1       se_0
1   0.5 0.02373268 0.01877264 0.02719301 0.02078234 0.01424688 0.02224384
2   1.0 0.01745541 0.01768165 0.01709989 0.01214527 0.00000000 0.00000000
3   2.0 0.03851870 0.04361219 0.02537765 0.03187295 0.03761913 0.02045735
          oe         te
1 0.01987673 0.01427415
2 0.00000000 0.01214527
3 0.03317226 0.04202441

[[7]]
  delta         mu       mu_1       mu_0         de       se_1       se_0
1   0.5 0.02345151 0.02147382 0.02843001 0.02733268 0.01846101 0.02450553
2   1.0 0.01602416 0.01642945 0.01576245 0.01175690 0.00000000 0.00000000
3   2.0 0.03326657 0.03708237 0.02376611 0.02611161 0.03151125 0.01986044
          oe         te
1 0.02047071 0.01858897
2 0.00000000 0.01175690
3 0.02863723 0.03671779

[[8]]
  delta         mu       mu_1       mu_0         de       se_1       se_0
1   0.5 0.02398684 0.01979563 0.02659993 0.01931200 0.01518607 0.02113241
2   1.0 0.01751842 0.01817064 0.01650595 0.01194740 0.00000000 0.00000000
3   2.0 0.03293211 0.03484322 0.02567263 0.02073081 0.02607777 0.02035774
          oe         te
1 0.01923287 0.01454250
2 0.00000000 0.01194740
3 0.02579610 0.03262119

[[9]]
  delta         mu       mu_1       mu_0         de       se_1       se_0
1   0.5 0.02734096 0.02223831 0.03187159 0.02493193 0.01773311 0.02714030
2   1.0 0.01719281 0.01792369 0.01668236 0.01279870 0.00000000 0.00000000
3   2.0 0.03317467 0.03669725 0.02564856 0.02657986 0.02991136 0.02087821
          oe         te
1 0.02330219 0.01727949
2 0.00000000 0.01279870
3 0.02750709 0.03581014

[[10]]
  delta         mu       mu_1       mu_0         de       se_1       se_0
1   0.5 0.02394675 0.01996419 0.02685242 0.02014987 0.01444065 0.02111984
2   1.0 0.01754386 0.01768798 0.01738785 0.01278077 0.00000000 0.00000000
3   2.0 0.02930247 0.03125353 0.02430175 0.02146690 0.02397536 0.01951101
          oe         te
1 0.01892723 0.01518057
2 0.00000000 0.01278077
3 0.02331198 0.03038783

[[11]]
  delta         mu       mu_1       mu_0         de       se_1       se_0
1   0.5 0.02360592 0.02129934 0.02619057 0.02184030 0.01747916 0.02270936
2   1.0 0.01724365 0.01794794 0.01646938 0.01237668 0.00000000 0.00000000
3   2.0 0.03100044 0.03266990 0.02555679 0.02222779 0.02396351 0.02003716
          oe         te
1 0.02076688 0.01746340
2 0.00000000 0.01237668
3 0.02368897 0.03072071

[[12]]
  delta         mu       mu_1       mu_0         de       se_1       se_0
1   0.5 0.02463290 0.01965172 0.02836892 0.02246587 0.01561625 0.02391949
2   1.0 0.01739133 0.01795470 0.01693272 0.01248787 0.00000000 0.00000000
3   2.0 0.03704359 0.04232122 0.02495155 0.03124941 0.03685581 0.02084369
          oe         te
1 0.02106539 0.01463392
2 0.00000000 0.01248787
3 0.03275692 0.04235562

[[13]]
  delta         mu       mu_1       mu_0         de       se_1       se_0
1   0.5 0.02311476 0.02069190 0.02663859 0.02339426 0.01705701 0.02230642
2   1.0 0.01824581 0.01884879 0.01706327 0.01212460 0.00000000 0.00000000
3   2.0 0.03418423 0.03679710 0.02667087 0.02470248 0.02837384 0.02019133
          oe         te
1 0.01962176 0.01679745
2 0.00000000 0.01212460
3 0.02635383 0.03380613

[[14]]
  delta         mu       mu_1       mu_0         de       se_1       se_0
1   0.5 0.02592794 0.02031874 0.02977740 0.02343057 0.01609584 0.02500465
2   1.0 0.01791087 0.01812654 0.01784865 0.01263032 0.00000000 0.00000000
3   2.0 0.02926395 0.03151571 0.02360963 0.02180537 0.02431208 0.01917411
          oe         te
1 0.02209153 0.01552782
2 0.00000000 0.01263032
3 0.02334597 0.03092867

[[15]]
  delta         mu       mu_1       mu_0         de       se_1       se_0
1   0.5 0.02549211 0.02071348 0.02870563 0.02241472 0.01574764 0.02312983
2   1.0 0.01737656 0.01783837 0.01669163 0.01245525 0.00000000 0.00000000
3   2.0 0.02719621 0.02867872 0.02258073 0.01959235 0.02220143 0.01906334
          oe         te
1 0.02058497 0.01604949
2 0.00000000 0.01245525
3 0.02214699 0.02852194

[[16]]
  delta         mu       mu_1       mu_0         de       se_1       se_0
1   0.5 0.02413712 0.01938755 0.02651800 0.01787425 0.01581388 0.02135771
2   1.0 0.01819874 0.01871551 0.01734225 0.01259213 0.00000000 0.00000000
3   2.0 0.03056885 0.03171913 0.02493660 0.01932603 0.02289613 0.01934101
          oe         te
1 0.02006335 0.01518999
2 0.00000000 0.01259213
3 0.02274855 0.02897114

[[17]]
  delta         mu       mu_1       mu_0         de       se_1       se_0
1   0.5 0.02305846 0.01929755 0.02617178 0.01920152 0.01507802 0.02124064
2   1.0 0.01701808 0.01778866 0.01647018 0.01296743 0.00000000 0.00000000
3   2.0 0.03118241 0.03318495 0.02544425 0.02227877 0.02539327 0.02077294
          oe         te
1 0.01917576 0.01456810
2 0.00000000 0.01296743
3 0.02489238 0.03252135

[[18]]
  delta         mu       mu_1       mu_0         de       se_1       se_0
1   0.5 0.02484381 0.02077136 0.02835787 0.02221067 0.01490081 0.02245319
2   1.0 0.01753995 0.01812189 0.01744715 0.01336879 0.00000000 0.00000000
3   2.0 0.03734253 0.04149385 0.02777168 0.02436902 0.03581599 0.02375741
          oe         te
1 0.01993906 0.01597222
2 0.00000000 0.01336879
3 0.03286088 0.04088650

[[19]]
  delta         mu       mu_1       mu_0         de       se_1       se_0
1   0.5 0.02146722 0.01896201 0.02366023 0.01839593 0.01488723 0.01938359
2   1.0 0.01706073 0.01773597 0.01620820 0.01214695 0.00000000 0.00000000
3   2.0 0.03914341 0.04522408 0.02392300 0.03650139 0.03984132 0.01949977
          oe         te
1 0.01801055 0.01420243
2 0.00000000 0.01214695
3 0.03464648 0.04475311

[[20]]
  delta         mu       mu_1       mu_0         de       se_1       se_0
1   0.5 0.02488136 0.02139941 0.02847059 0.02419967 0.01646194 0.02255459
2   1.0 0.01757938 0.01748765 0.01732503 0.01242122 0.00000000 0.00000000
3   2.0 0.03359187 0.03688444 0.02647299 0.02541466 0.03010997 0.02197903
          oe         te
1 0.01967314 0.01737978
2 0.00000000 0.01242122
3 0.02777175 0.03555838

[1] "Total run time was 3402.903 seconds"
