Warning message:
package ‘SuperLearner’ was built under R version 4.1.3 
[1] "[Simulation setting]"
[1] "n: 500"
[1] "deltas: 0.5, 1, 2"
[1] "K: 2"
[1] "r: 100"
[1] "s: 1"
[1] "Sim.id 1"
[1] "Data generated and format changed"
[1] "   Split: 1"
Loading required namespace: nnet
Loading required namespace: ranger
[1] "   Split: 2"
[1] "Estimates and SE estimates computed"
[1] ""
[1] "Sim.id 2"
[1] "Data generated and format changed"
[1] "   Split: 1"
[1] "   Split: 2"
[1] "Estimates and SE estimates computed"
[1] ""
[1] "Sim.id 3"
[1] "Data generated and format changed"
[1] "   Split: 1"
[1] "   Split: 2"
[1] "Estimates and SE estimates computed"
[1] ""
[1] "Sim.id 4"
[1] "Data generated and format changed"
[1] "   Split: 1"
[1] "   Split: 2"
[1] "Estimates and SE estimates computed"
[1] ""
[1] "Sim.id 5"
[1] "Data generated and format changed"
[1] "   Split: 1"
[1] "   Split: 2"
[1] "Estimates and SE estimates computed"
[1] ""
[1] "Sim.id 6"
[1] "Data generated and format changed"
[1] "   Split: 1"
[1] "   Split: 2"
[1] "Estimates and SE estimates computed"
[1] ""
[1] "Sim.id 7"
[1] "Data generated and format changed"
[1] "   Split: 1"
[1] "   Split: 2"
[1] "Estimates and SE estimates computed"
[1] ""
[1] "Sim.id 8"
[1] "Data generated and format changed"
[1] "   Split: 1"
[1] "   Split: 2"
[1] "Estimates and SE estimates computed"
[1] ""
[1] "Sim.id 9"
[1] "Data generated and format changed"
[1] "   Split: 1"
[1] "   Split: 2"
[1] "Estimates and SE estimates computed"
[1] ""
[1] "Sim.id 10"
[1] "Data generated and format changed"
[1] "   Split: 1"
[1] "   Split: 2"
[1] "Estimates and SE estimates computed"
[1] ""
[1] "Sim.id 11"
[1] "Data generated and format changed"
[1] "   Split: 1"
[1] "   Split: 2"
[1] "Estimates and SE estimates computed"
[1] ""
[1] "Sim.id 12"
[1] "Data generated and format changed"
[1] "   Split: 1"
[1] "   Split: 2"
[1] "Estimates and SE estimates computed"
[1] ""
[1] "Sim.id 13"
[1] "Data generated and format changed"
[1] "   Split: 1"
[1] "   Split: 2"
[1] "Estimates and SE estimates computed"
[1] ""
[1] "Sim.id 14"
[1] "Data generated and format changed"
[1] "   Split: 1"
[1] "   Split: 2"
[1] "Estimates and SE estimates computed"
[1] ""
[1] "Sim.id 15"
[1] "Data generated and format changed"
[1] "   Split: 1"
[1] "   Split: 2"
[1] "Estimates and SE estimates computed"
[1] ""
[1] "Sim.id 16"
[1] "Data generated and format changed"
[1] "   Split: 1"
[1] "   Split: 2"
[1] "Estimates and SE estimates computed"
[1] ""
[1] "Sim.id 17"
[1] "Data generated and format changed"
[1] "   Split: 1"
[1] "   Split: 2"
[1] "Estimates and SE estimates computed"
[1] ""
[1] "Sim.id 18"
[1] "Data generated and format changed"
[1] "   Split: 1"
[1] "   Split: 2"
[1] "Estimates and SE estimates computed"
[1] ""
[1] "Sim.id 19"
[1] "Data generated and format changed"
[1] "   Split: 1"
[1] "   Split: 2"
[1] "Estimates and SE estimates computed"
[1] ""
[1] "Sim.id 20"
[1] "Data generated and format changed"
[1] "   Split: 1"
[1] "   Split: 2"
[1] "Estimates and SE estimates computed"
[1] ""
[[1]]
  delta        mu      mu_1      mu_0         de        se_1        se_0
1   0.5 0.7996009 0.6844473 0.8753868 -0.1909395  0.01684481  0.01622251
2   1.0 0.7490448 0.6676025 0.8591643 -0.1915618  0.00000000  0.00000000
3   2.0 0.6997641 0.6512355 0.8325462 -0.1813107 -0.01636697 -0.02661808
           oe         te
1  0.05055606 -0.1747170
2  0.00000000 -0.1915618
3 -0.04928077 -0.2079288

[[2]]
  delta        mu      mu_1      mu_0         de       se_1        se_0
1   0.5 0.8104361 0.7025027 0.8789494 -0.1764467 0.00542632 0.017739211
2   1.0 0.7712153 0.6970764 0.8612102 -0.1641338 0.00000000 0.000000000
3   2.0 0.7621664 0.7136478 0.8651748 -0.1515270 0.01657140 0.003964626
            oe         te
1  0.039220756 -0.1587074
2  0.000000000 -0.1641338
3 -0.009048881 -0.1475624

[[3]]
  delta        mu      mu_1      mu_0         de        se_1        se_0
1   0.5 0.8265148 0.7126079 0.8994435 -0.1868356  0.03225526  0.04640233
2   1.0 0.7527723 0.6803526 0.8530411 -0.1726886  0.00000000  0.00000000
3   2.0 0.7090482 0.6620067 0.8423225 -0.1803158 -0.01834589 -0.01071865
           oe         te
1  0.07374247 -0.1404333
2  0.00000000 -0.1726886
3 -0.04372413 -0.1910344

[[4]]
  delta        mu      mu_1      mu_0         de         se_1         se_0
1   0.5 0.7551350 0.6461593 0.8345426 -0.1883832  0.004295477 -0.003309501
2   1.0 0.7241707 0.6418639 0.8378521 -0.1959882  0.000000000  0.000000000
3   2.0 0.6770892 0.6251936 0.8216384 -0.1964448 -0.016670253 -0.016213620
           oe         te
1  0.03096432 -0.1916927
2  0.00000000 -0.1959882
3 -0.04708141 -0.2126585

[[5]]
  delta        mu      mu_1      mu_0         de         se_1         se_0
1   0.5 0.7697371 0.6637032 0.8436758 -0.1799726  0.009358877  0.002624251
2   1.0 0.7337603 0.6543443 0.8410516 -0.1867073  0.000000000  0.000000000
3   2.0 0.6789649 0.6293100 0.8226141 -0.1933041 -0.025034276 -0.018437481
           oe         te
1  0.03597682 -0.1773484
2  0.00000000 -0.1867073
3 -0.05479539 -0.2117415

[[6]]
  delta        mu      mu_1      mu_0         de        se_1        se_0
1   0.5 0.7968323 0.6903700 0.8700176 -0.1796475  0.02635398  0.01092181
2   1.0 0.7483758 0.6640161 0.8590957 -0.1950797  0.00000000  0.00000000
3   2.0 0.6903330 0.6450913 0.8086165 -0.1635252 -0.01892474 -0.05047925
           oe         te
1  0.04845652 -0.1687257
2  0.00000000 -0.1950797
3 -0.05804287 -0.2140044

[[7]]
  delta        mu      mu_1      mu_0         de        se_1        se_0
1   0.5 0.7586261 0.6577562 0.8285458 -0.1707897  0.01087586 -0.01358914
2   1.0 0.7313511 0.6468803 0.8421350 -0.1952547  0.00000000  0.00000000
3   2.0 0.6837437 0.6286207 0.8237339 -0.1951132 -0.01825965 -0.01840107
           oe         te
1  0.02727494 -0.1843788
2  0.00000000 -0.1952547
3 -0.04760745 -0.2135143

[[8]]
  delta        mu      mu_1      mu_0         de          se_1        se_0
1   0.5 0.8161023 0.7070146 0.8854181 -0.1784035  0.0346486362  0.04158927
2   1.0 0.7441438 0.6723660 0.8438289 -0.1714629  0.0000000000  0.00000000
3   2.0 0.7112419 0.6720142 0.8249712 -0.1529570 -0.0003517528 -0.01885767
           oe         te
1  0.07195847 -0.1368142
2  0.00000000 -0.1714629
3 -0.03290192 -0.1718146

[[9]]
  delta        mu      mu_1      mu_0         de        se_1         se_0
1   0.5 0.7827649 0.6745228 0.8543016 -0.1797788 -0.01008909  0.010713024
2   1.0 0.7530726 0.6846119 0.8435886 -0.1589767  0.00000000  0.000000000
3   2.0 0.7077558 0.6557031 0.8379047 -0.1822017 -0.02890886 -0.005683856
           oe         te
1  0.02969234 -0.1690657
2  0.00000000 -0.1589767
3 -0.04531678 -0.1878855

[[10]]
  delta        mu      mu_1      mu_0         de        se_1         se_0
1   0.5 0.8206298 0.7048664 0.8925196 -0.1876532  0.03577698  0.027227926
2   1.0 0.7559952 0.6690894 0.8652917 -0.1962022  0.00000000  0.000000000
3   2.0 0.7080276 0.6490874 0.8570851 -0.2079977 -0.02000203 -0.008206554
           oe         te
1  0.06463455 -0.1604253
2  0.00000000 -0.1962022
3 -0.04796762 -0.2162043

[[11]]
  delta        mu      mu_1      mu_0         de        se_1        se_0
1   0.5 0.7862435 0.6739246 0.8593917 -0.1854671  0.01310945  0.01254974
2   1.0 0.7408614 0.6608151 0.8468419 -0.1860268  0.00000000  0.00000000
3   2.0 0.6712680 0.6201568 0.8131278 -0.1929710 -0.04065829 -0.03371407
           oe         te
1  0.04538209 -0.1729173
2  0.00000000 -0.1860268
3 -0.06959333 -0.2266851

[[12]]
  delta        mu      mu_1      mu_0         de        se_1         se_0
1   0.5 0.7666578 0.6702126 0.8386759 -0.1684633  0.01650225 -0.006546586
2   1.0 0.7333636 0.6537103 0.8452225 -0.1915122  0.00000000  0.000000000
3   2.0 0.6807215 0.6207842 0.8401221 -0.2193379 -0.03292614 -0.005100352
           oe         te
1  0.03329417 -0.1750099
2  0.00000000 -0.1915122
3 -0.05264210 -0.2244383

[[13]]
  delta        mu      mu_1      mu_0         de        se_1         se_0
1   0.5 0.7898963 0.6827123 0.8620439 -0.1793316  0.01504080  0.010934651
2   1.0 0.7449117 0.6676715 0.8511093 -0.1834378  0.00000000  0.000000000
3   2.0 0.7009566 0.6510587 0.8458563 -0.1947976 -0.01661279 -0.005252941
           oe         te
1  0.04498452 -0.1683970
2  0.00000000 -0.1834378
3 -0.04395515 -0.2000506

[[14]]
  delta        mu      mu_1      mu_0         de        se_1         se_0
1   0.5 0.8151904 0.6961791 0.8929790 -0.1967999  0.03942871  0.064098749
2   1.0 0.7285879 0.6567504 0.8288803 -0.1721299  0.00000000  0.000000000
3   2.0 0.6860301 0.6384587 0.8196671 -0.1812084 -0.01829167 -0.009213178
           oe         te
1  0.08660253 -0.1327012
2  0.00000000 -0.1721299
3 -0.04255780 -0.1904215

[[15]]
  delta        mu      mu_1      mu_0         de         se_1         se_0
1   0.5 0.7587702 0.6673139 0.8203116 -0.1529977  0.007231916 -0.016523032
2   1.0 0.7353439 0.6600820 0.8368347 -0.1767527  0.000000000  0.000000000
3   2.0 0.6996955 0.6523185 0.8325881 -0.1802696 -0.007763545 -0.004246567
           oe         te
1  0.02342623 -0.1695207
2  0.00000000 -0.1767527
3 -0.03564843 -0.1845162

[[16]]
  delta        mu      mu_1      mu_0         de        se_1        se_0
1   0.5 0.8543514 0.7346273 0.9325703 -0.1979430  0.05312170  0.05784660
2   1.0 0.7635788 0.6815056 0.8747237 -0.1932181  0.00000000  0.00000000
3   2.0 0.6612883 0.5970937 0.8426751 -0.2455814 -0.08441185 -0.03204853
           oe         te
1  0.09077255 -0.1400964
2  0.00000000 -0.1932181
3 -0.10229049 -0.2776300

[[17]]
  delta        mu      mu_1      mu_0         de       se_1        se_0
1   0.5 0.8112928 0.7144866 0.8807408 -0.1662542 0.03869255  0.02338964
2   1.0 0.7480702 0.6757941 0.8573512 -0.1815571 0.00000000  0.00000000
3   2.0 0.7274831 0.6947506 0.8414821 -0.1467316 0.01895652 -0.01586905
           oe         te
1  0.06322260 -0.1428646
2  0.00000000 -0.1815571
3 -0.02058709 -0.1626006

[[18]]
  delta        mu      mu_1      mu_0         de         se_1         se_0
1   0.5 0.7973182 0.6851150 0.8708314 -0.1857164 -0.008098504 0.0003223914
2   1.0 0.7715897 0.6932135 0.8705090 -0.1772955  0.000000000 0.0000000000
3   2.0 0.7716515 0.7237214 0.8807523 -0.1570309  0.030507940 0.0102432993
           oe         te
1 2.57285e-02 -0.1853940
2 0.00000e+00 -0.1772955
3 6.17694e-05 -0.1467876

[[19]]
  delta        mu      mu_1      mu_0         de         se_1        se_0
1   0.5 0.7659941 0.6800792 0.8299733 -0.1498941 -0.004702193 -0.01911564
2   1.0 0.7536433 0.6847814 0.8490889 -0.1643075  0.000000000  0.00000000
3   2.0 0.7474277 0.6920643 0.8917907 -0.1997264  0.007282928  0.04270177
            oe         te
1  0.012350784 -0.1690097
2  0.000000000 -0.1643075
3 -0.006215659 -0.1570246

[[20]]
  delta        mu      mu_1      mu_0         de         se_1        se_0
1   0.5 0.7763877 0.6923678 0.8336077 -0.1412399 -0.002880274 -0.01674093
2   1.0 0.7621771 0.6952480 0.8503486 -0.1551006  0.000000000  0.00000000
3   2.0 0.7666033 0.7174437 0.8895942 -0.1721505  0.022195654  0.03924557
           oe         te
1 0.014210556 -0.1579808
2 0.000000000 -0.1551006
3 0.004426214 -0.1329049

[[1]]
  delta         mu       mu_1       mu_0         de       se_1       se_0
1   0.5 0.02347383 0.02026122 0.02640304 0.02133003 0.01537430 0.02151859
2   1.0 0.01820526 0.01861365 0.01753360 0.01246948 0.00000000 0.00000000
3   2.0 0.03317934 0.03600837 0.02580299 0.02503597 0.02885108 0.02032323
          oe         te
1 0.01930450 0.01517774
2 0.00000000 0.01246948
3 0.02684328 0.03424396

[[2]]
  delta         mu       mu_1       mu_0         de       se_1       se_0
1   0.5 0.02896703 0.02212176 0.03263884 0.02284661 0.01776551 0.02629278
2   1.0 0.01751424 0.01785730 0.01747479 0.01335392 0.00000000 0.00000000
3   2.0 0.04461101 0.05050355 0.02652903 0.03552450 0.04428021 0.02292936
          oe         te
1 0.02391090 0.01705069
2 0.00000000 0.01335392
3 0.04016522 0.05053698

[[3]]
  delta         mu       mu_1       mu_0         de       se_1       se_0
1   0.5 0.02607432 0.02009391 0.02873352 0.01955499 0.01518091 0.02278361
2   1.0 0.01785523 0.01802250 0.01692126 0.01190702 0.00000000 0.00000000
3   2.0 0.03130447 0.03392935 0.02250913 0.02165179 0.02618440 0.01779553
          oe         te
1 0.02080048 0.01506322
2 0.00000000 0.01190702
3 0.02482333 0.03199639

[[4]]
  delta         mu       mu_1       mu_0         de       se_1       se_0
1   0.5 0.02181768 0.02069604 0.02395665 0.02100654 0.01724408 0.01988934
2   1.0 0.01703364 0.01755629 0.01646917 0.01252687 0.00000000 0.00000000
3   2.0 0.03494791 0.03859560 0.02486266 0.02638207 0.03219725 0.02000340
          oe         te
1 0.01865102 0.01787112
2 0.00000000 0.01252687
3 0.02961640 0.03768647

[[5]]
  delta         mu       mu_1       mu_0         de       se_1       se_0
1   0.5 0.02165792 0.01964727 0.02466502 0.02176466 0.01595566 0.02075507
2   1.0 0.01722718 0.01777757 0.01641336 0.01239405 0.00000000 0.00000000
3   2.0 0.03413402 0.03780280 0.02377684 0.02662964 0.03010784 0.01916781
          oe         te
1 0.01859955 0.01604320
2 0.00000000 0.01239405
3 0.02769529 0.03594291

[[6]]
  delta         mu       mu_1       mu_0         de       se_1       se_0
1   0.5 0.02266114 0.01901429 0.02448106 0.01747599 0.01381024 0.01970214
2   1.0 0.01732144 0.01789084 0.01654584 0.01235229 0.00000000 0.00000000
3   2.0 0.03714297 0.04297414 0.02676979 0.03737440 0.03743146 0.02151990
          oe         te
1 0.01813936 0.01357017
2 0.00000000 0.01235229
3 0.03210145 0.04211073

[[7]]
  delta         mu       mu_1       mu_0         de       se_1       se_0
1   0.5 0.02437892 0.02170692 0.02709330 0.02280951 0.01772472 0.02212094
2   1.0 0.01695474 0.01698411 0.01706593 0.01334814 0.00000000 0.00000000
3   2.0 0.02709717 0.02946923 0.02436740 0.02428930 0.02386960 0.02091529
          oe         te
1 0.02051221 0.01781120
2 0.00000000 0.01334814
3 0.02271284 0.03027654

[[8]]
  delta         mu       mu_1       mu_0         de       se_1       se_0
1   0.5 0.02378839 0.02002867 0.02657549 0.02073974 0.01511285 0.02064356
2   1.0 0.01758193 0.01788438 0.01707833 0.01231427 0.00000000 0.00000000
3   2.0 0.03581498 0.04071460 0.02427305 0.03161525 0.03440133 0.02024927
          oe         te
1 0.01865041 0.01493285
2 0.00000000 0.01231427
3 0.03062345 0.03978170

[[9]]
  delta         mu       mu_1       mu_0         de       se_1       se_0
1   0.5 0.02584738 0.02038010 0.02909958 0.02193263 0.01662011 0.02447469
2   1.0 0.01861124 0.01873421 0.01819449 0.01254243 0.00000000 0.00000000
3   2.0 0.02907369 0.03080321 0.02483892 0.02202556 0.02311725 0.01933973
          oe         te
1 0.02209263 0.01514458
2 0.00000000 0.01254243
3 0.02239699 0.02957205

[[10]]
  delta         mu       mu_1       mu_0         de       se_1       se_0
1   0.5 0.02790519 0.02160375 0.03112868 0.02109067 0.01555955 0.02534715
2   1.0 0.01882321 0.01885943 0.01824279 0.01199413 0.00000000 0.00000000
3   2.0 0.03164796 0.03425099 0.02478296 0.02375644 0.02725258 0.01985951
          oe         te
1 0.02238721 0.01553597
2 0.00000000 0.01199413
3 0.02535189 0.03214049

[[11]]
  delta         mu       mu_1       mu_0         de       se_1       se_0
1   0.5 0.02504503 0.02056362 0.02828829 0.02165308 0.01555182 0.02364883
2   1.0 0.01709688 0.01778085 0.01670767 0.01308738 0.00000000 0.00000000
3   2.0 0.03286250 0.03607306 0.02403264 0.02531388 0.02885450 0.01937564
          oe         te
1 0.02077770 0.01597162
2 0.00000000 0.01308738
3 0.02693288 0.03532524

[[12]]
  delta         mu       mu_1       mu_0         de       se_1       se_0
1   0.5 0.02215095 0.01785476 0.02675140 0.02362742 0.01516627 0.02390113
2   1.0 0.01634625 0.01761064 0.01495132 0.01271776 0.00000000 0.00000000
3   2.0 0.03069025 0.03255935 0.02433356 0.02106074 0.02495757 0.02035941
          oe         te
1 0.02017812 0.01457833
2 0.00000000 0.01271776
3 0.02441450 0.03109798

[[13]]
  delta         mu       mu_1       mu_0         de       se_1       se_0
1   0.5 0.02394566 0.02048553 0.02932826 0.02722342 0.01673111 0.02485097
2   1.0 0.01713720 0.01757993 0.01679214 0.01261280 0.00000000 0.00000000
3   2.0 0.03700942 0.04333265 0.02357699 0.03351013 0.03920827 0.02029370
          oe         te
1 0.02010844 0.01745256
2 0.00000000 0.01261280
3 0.03387743 0.04419938

[[14]]
  delta         mu       mu_1       mu_0         de       se_1       se_0
1   0.5 0.02380923 0.02039146 0.02641093 0.01979896 0.01608214 0.02123840
2   1.0 0.01703573 0.01742636 0.01662113 0.01214395 0.00000000 0.00000000
3   2.0 0.03477434 0.03883266 0.02636503 0.02966141 0.03286562 0.02214987
          oe         te
1 0.01943391 0.01555999
2 0.00000000 0.01214395
3 0.02982024 0.03838517

[[15]]
  delta         mu       mu_1       mu_0         de       se_1       se_0
1   0.5 0.02350879 0.01952979 0.02760011 0.02382841 0.01660151 0.02250416
2   1.0 0.01628384 0.01681620 0.01589548 0.01203018 0.00000000 0.00000000
3   2.0 0.05825664 0.07386718 0.02239053 0.06813224 0.06850693 0.01924212
          oe         te
1 0.01933835 0.01602370
2 0.00000000 0.01203018
3 0.05409128 0.07278277

[[16]]
  delta         mu       mu_1       mu_0         de       se_1       se_0
1   0.5 0.02432975 0.01985558 0.02828991 0.02297580 0.01681520 0.02343618
2   1.0 0.01713693 0.01802966 0.01620729 0.01265708 0.00000000 0.00000000
3   2.0 0.06151873 0.07448917 0.02588993 0.06541955 0.07151371 0.02266955
          oe         te
1 0.02122907 0.01610547
2 0.00000000 0.01265708
3 0.05939757 0.07527119

[[17]]
  delta         mu       mu_1       mu_0         de       se_1       se_0
1   0.5 0.02290472 0.01849559 0.02536514 0.01836015 0.01488793 0.02182656
2   1.0 0.01774631 0.01820328 0.01694608 0.01282481 0.00000000 0.00000000
3   2.0 0.03729415 0.04245845 0.02607801 0.03252731 0.03648169 0.02162878
          oe         te
1 0.01976237 0.01440489
2 0.00000000 0.01282481
3 0.03235383 0.04217164

[[18]]
  delta         mu       mu_1       mu_0         de       se_1       se_0
1   0.5 0.02265662 0.01962802 0.02539087 0.02082955 0.01517400 0.02110605
2   1.0 0.01695402 0.01767805 0.01631240 0.01267019 0.00000000 0.00000000
3   2.0 0.02880012 0.03141209 0.02296965 0.02136252 0.02432874 0.01791396
          oe         te
1 0.01913876 0.01560502
2 0.00000000 0.01267019
3 0.02278269 0.03027872

[[19]]
  delta         mu       mu_1       mu_0         de       se_1       se_0
1   0.5 0.02142352 0.02059676 0.02362045 0.02032435 0.01836560 0.02114106
2   1.0 0.01622721 0.01708191 0.01571051 0.01231319 0.00000000 0.00000000
3   2.0 0.03205284 0.03493584 0.02472706 0.02401002 0.02803006 0.02000554
          oe         te
1 0.02010935 0.01834709
2 0.00000000 0.01231319
3 0.02645000 0.03440933

[[20]]
  delta         mu       mu_1       mu_0         de       se_1       se_0
1   0.5 0.02462112 0.01941378 0.02818514 0.02125521 0.01402115 0.02260312
2   1.0 0.01785784 0.01842754 0.01721064 0.01222653 0.00000000 0.00000000
3   2.0 0.03372095 0.03773286 0.02519709 0.02771812 0.03099070 0.01986376
          oe         te
1 0.01981446 0.01387835
2 0.00000000 0.01222653
3 0.02766502 0.03588102

[[1]]
  delta        mu      mu_1      mu_0         de        se_1        se_0
1   0.5 0.8014176 0.6854445 0.8767764 -0.1913319  0.01512149  0.01551637
2   1.0 0.7519911 0.6703230 0.8612601 -0.1909370  0.00000000  0.00000000
3   2.0 0.7053332 0.6570491 0.8347311 -0.1776820 -0.01327395 -0.02652899
           oe         te
1  0.04942659 -0.1758155
2  0.00000000 -0.1909370
3 -0.04665789 -0.2042110

[[2]]
  delta        mu      mu_1      mu_0         de         se_1          se_0
1   0.5 0.8078953 0.7013376 0.8758247 -0.1744871 0.0080974420  0.0168907693
2   1.0 0.7675755 0.6932402 0.8589340 -0.1656938 0.0000000000  0.0000000000
3   2.0 0.7431163 0.6934127 0.8586448 -0.1652321 0.0001725532 -0.0002891543
           oe         te
1  0.04031982 -0.1575963
2  0.00000000 -0.1656938
3 -0.02445923 -0.1655212

[[3]]
  delta        mu      mu_1      mu_0         de        se_1        se_0
1   0.5 0.8256659 0.7125839 0.8981466 -0.1855627  0.03095190  0.04443026
2   1.0 0.7539615 0.6816320 0.8537163 -0.1720844  0.00000000  0.00000000
3   2.0 0.7090271 0.6617012 0.8426759 -0.1809746 -0.01993074 -0.01104046
           oe         te
1  0.07170438 -0.1411325
2  0.00000000 -0.1720844
3 -0.04493446 -0.1920151

[[4]]
  delta        mu      mu_1      mu_0         de         se_1         se_0
1   0.5 0.7544406 0.6451119 0.8339225 -0.1888106  0.004414322 -0.002411036
2   1.0 0.7226896 0.6406976 0.8363335 -0.1956360  0.000000000  0.000000000
3   2.0 0.6765878 0.6252759 0.8201342 -0.1948583 -0.015421655 -0.016199303
           oe         te
1  0.03175104 -0.1912216
2  0.00000000 -0.1956360
3 -0.04610184 -0.2110576

[[5]]
  delta        mu      mu_1      mu_0         de         se_1          se_0
1   0.5 0.7685379 0.6629469 0.8421244 -0.1791775  0.007534385 -7.598254e-05
2   1.0 0.7352694 0.6554125 0.8422004 -0.1867878  0.000000000  0.000000e+00
3   2.0 0.6810210 0.6305380 0.8246156 -0.1940777 -0.024874593 -1.758473e-02
           oe         te
1  0.03326851 -0.1792534
2  0.00000000 -0.1867878
3 -0.05424843 -0.2116624

[[6]]
  delta        mu      mu_1      mu_0         de        se_1        se_0
1   0.5 0.7941987 0.6882437 0.8668906 -0.1786469  0.02323322  0.00654743
2   1.0 0.7501480 0.6650105 0.8603432 -0.1953327  0.00000000  0.00000000
3   2.0 0.6898496 0.6432611 0.8087783 -0.1655173 -0.02174942 -0.05156487
           oe         te
1  0.04405068 -0.1720995
2  0.00000000 -0.1953327
3 -0.06029839 -0.2170821

[[7]]
  delta        mu      mu_1      mu_0         de        se_1        se_0
1   0.5 0.7586136 0.6575301 0.8287399 -0.1712098  0.01081369 -0.01340118
2   1.0 0.7312942 0.6467164 0.8421410 -0.1954247  0.00000000  0.00000000
3   2.0 0.6829928 0.6275696 0.8234183 -0.1958486 -0.01914676 -0.01872279
           oe         te
1  0.02731935 -0.1846110
2  0.00000000 -0.1954247
3 -0.04830144 -0.2145714

[[8]]
  delta        mu      mu_1      mu_0         de        se_1        se_0
1   0.5 0.8168161 0.7077700 0.8858759 -0.1781060  0.03566564  0.04207493
2   1.0 0.7440494 0.6721043 0.8438010 -0.1716967  0.00000000  0.00000000
3   2.0 0.7096621 0.6705801 0.8234283 -0.1528482 -0.00152420 -0.02037270
           oe         te
1  0.07276668 -0.1360311
2  0.00000000 -0.1716967
3 -0.03438727 -0.1732209

[[9]]
  delta        mu      mu_1      mu_0         de        se_1         se_0
1   0.5 0.7819352 0.6752918 0.8525422 -0.1772504 -0.01042288  0.009384591
2   1.0 0.7535129 0.6857146 0.8431576 -0.1574429  0.00000000  0.000000000
3   2.0 0.7088515 0.6568127 0.8386274 -0.1818147 -0.02890190 -0.004530126
           oe         te
1  0.02842229 -0.1678658
2  0.00000000 -0.1574429
3 -0.04466133 -0.1863448

[[10]]
  delta        mu      mu_1      mu_0         de        se_1         se_0
1   0.5 0.8203245 0.7042098 0.8930835 -0.1888736  0.03620961  0.029403565
2   1.0 0.7543502 0.6680002 0.8636799 -0.1956797  0.00000000  0.000000000
3   2.0 0.7083263 0.6498056 0.8572528 -0.2074472 -0.01819462 -0.006427097
           oe         te
1  0.06597424 -0.1594701
2  0.00000000 -0.1956797
3 -0.04602396 -0.2138743

[[11]]
  delta        mu      mu_1      mu_0         de        se_1        se_0
1   0.5 0.7871274 0.6738753 0.8601357 -0.1862605  0.01282197  0.01337075
2   1.0 0.7411771 0.6610533 0.8467650 -0.1857117  0.00000000  0.00000000
3   2.0 0.6717835 0.6207917 0.8138623 -0.1930706 -0.04026161 -0.03290270
           oe         te
1  0.04595037 -0.1728897
2  0.00000000 -0.1857117
3 -0.06939361 -0.2259733

[[12]]
  delta        mu      mu_1      mu_0         de        se_1         se_0
1   0.5 0.7659313 0.6697516 0.8376685 -0.1679169  0.01578548 -0.007297588
2   1.0 0.7334612 0.6539661 0.8449661 -0.1910000  0.00000000  0.000000000
3   2.0 0.6815159 0.6219424 0.8396118 -0.2176694 -0.03202373 -0.005354245
           oe         te
1  0.03247005 -0.1752145
2  0.00000000 -0.1910000
3 -0.05194527 -0.2230237

[[13]]
  delta        mu      mu_1      mu_0         de        se_1         se_0
1   0.5 0.7906505 0.6848012 0.8616905 -0.1768893  0.01505685  0.006836551
2   1.0 0.7483481 0.6697444 0.8548539 -0.1851096  0.00000000  0.000000000
3   2.0 0.6992146 0.6477807 0.8467587 -0.1989780 -0.02196361 -0.008095233
           oe         te
1  0.04230235 -0.1700527
2  0.00000000 -0.1851096
3 -0.04913358 -0.2070732

[[14]]
  delta        mu      mu_1      mu_0         de        se_1         se_0
1   0.5 0.8153698 0.6970308 0.8921993 -0.1951686  0.03823576  0.062376030
2   1.0 0.7303394 0.6587950 0.8298233 -0.1710283  0.00000000  0.000000000
3   2.0 0.6885135 0.6413944 0.8220275 -0.1806331 -0.01740060 -0.007795777
           oe         te
1  0.08503036 -0.1327925
2  0.00000000 -0.1710283
3 -0.04182590 -0.1884289

[[15]]
  delta        mu      mu_1      mu_0         de         se_1        se_0
1   0.5 0.7602662 0.6681378 0.8217540 -0.1536162  0.008864793 -0.01503021
2   1.0 0.7348830 0.6592730 0.8367842 -0.1775112  0.000000000  0.00000000
3   2.0 0.6910079 0.6422047 0.8309599 -0.1887552 -0.017068276 -0.00582427
           oe         te
1  0.02538321 -0.1686464
2  0.00000000 -0.1775112
3 -0.04387517 -0.1945795

[[16]]
  delta        mu      mu_1      mu_0         de        se_1        se_0
1   0.5 0.8537254 0.7337949 0.9326640 -0.1988691  0.05291120  0.05953724
2   1.0 0.7622395 0.6808837 0.8731268 -0.1922431  0.00000000  0.00000000
3   2.0 0.6638005 0.6007806 0.8426692 -0.2418886 -0.08010307 -0.03045752
           oe         te
1  0.09148596 -0.1393319
2  0.00000000 -0.1922431
3 -0.09843897 -0.2723462

[[17]]
  delta        mu      mu_1      mu_0         de       se_1        se_0
1   0.5 0.8092888 0.7129571 0.8792032 -0.1662461 0.03816658  0.02329166
2   1.0 0.7467142 0.6747905 0.8559116 -0.1811210 0.00000000  0.00000000
3   2.0 0.7251904 0.6935992 0.8365297 -0.1429306 0.01880861 -0.01938182
           oe         te
1  0.06257458 -0.1429544
2  0.00000000 -0.1811210
3 -0.02152383 -0.1623124

[[18]]
  delta        mu      mu_1      mu_0         de         se_1          se_0
1   0.5 0.7966567 0.6845478 0.8703046 -0.1857567 -0.008968523 -0.0001432667
2   1.0 0.7717095 0.6935164 0.8704478 -0.1769315  0.000000000  0.0000000000
3   2.0 0.7719428 0.7241110 0.8805745 -0.1564635  0.030594671  0.0101267128
            oe         te
1 0.0249472232 -0.1859000
2 0.0000000000 -0.1769315
3 0.0002333264 -0.1463368

[[19]]
  delta        mu      mu_1      mu_0         de        se_1        se_0
1   0.5 0.7663509 0.6801068 0.8304372 -0.1503304 -0.00490928 -0.01887885
2   1.0 0.7538513 0.6850161 0.8493161 -0.1643000  0.00000000  0.00000000
3   2.0 0.7498316 0.6953510 0.8917478 -0.1963968  0.01033487  0.04243172
            oe         te
1  0.012499595 -0.1692092
2  0.000000000 -0.1643000
3 -0.004019699 -0.1539651

[[20]]
  delta        mu      mu_1      mu_0         de         se_1        se_0
1   0.5 0.7753024 0.6913741 0.8332446 -0.1418705 -0.004555714 -0.01705153
2   1.0 0.7622363 0.6959298 0.8502962 -0.1543663  0.000000000  0.00000000
3   2.0 0.7662904 0.7166147 0.8908455 -0.1742307  0.020684929  0.04054931
           oe         te
1 0.013066084 -0.1589221
2 0.000000000 -0.1543663
3 0.004054069 -0.1336814

[[1]]
  delta         mu       mu_1       mu_0         de       se_1       se_0
1   0.5 0.02344252 0.02044276 0.02607224 0.02085979 0.01532902 0.02097255
2   1.0 0.01841359 0.01871033 0.01779215 0.01251233 0.00000000 0.00000000
3   2.0 0.03357208 0.03646257 0.02593755 0.02549932 0.02939573 0.02055860
          oe         te
1 0.01903510 0.01523228
2 0.00000000 0.01251233
3 0.02732371 0.03474132

[[2]]
  delta         mu       mu_1       mu_0         de       se_1       se_0
1   0.5 0.02943163 0.02224779 0.03320417 0.02310057 0.01777614 0.02682593
2   1.0 0.01745196 0.01769039 0.01754863 0.01333195 0.00000000 0.00000000
3   2.0 0.04056275 0.04576654 0.02608202 0.03165313 0.03986211 0.02264146
          oe         te
1 0.02432166 0.01715512
2 0.00000000 0.01333195
3 0.03642666 0.04621093

[[3]]
  delta         mu       mu_1       mu_0         de       se_1       se_0
1   0.5 0.02589990 0.02006414 0.02852679 0.01941928 0.01512029 0.02262347
2   1.0 0.01779326 0.01803206 0.01682893 0.01190975 0.00000000 0.00000000
3   2.0 0.03148776 0.03419875 0.02245361 0.02187688 0.02643537 0.01775782
          oe         te
1 0.02064888 0.01497700
2 0.00000000 0.01190975
3 0.02498950 0.03222861

[[4]]
  delta         mu       mu_1       mu_0         de       se_1       se_0
1   0.5 0.02193431 0.02080741 0.02411176 0.02120834 0.01750942 0.02004507
2   1.0 0.01698723 0.01757442 0.01636826 0.01251354 0.00000000 0.00000000
3   2.0 0.03443045 0.03788644 0.02478840 0.02558794 0.03127597 0.01991154
          oe         te
1 0.01885486 0.01800568
2 0.00000000 0.01251354
3 0.02888271 0.03677878

[[5]]
  delta         mu       mu_1       mu_0         de       se_1       se_0
1   0.5 0.02181890 0.01964710 0.02494183 0.02193449 0.01595874 0.02096493
2   1.0 0.01729263 0.01786101 0.01646144 0.01247050 0.00000000 0.00000000
3   2.0 0.03467658 0.03844201 0.02387053 0.02706311 0.03072456 0.01937512
          oe         te
1 0.01874729 0.01600988
2 0.00000000 0.01247050
3 0.02827277 0.03665026

[[6]]
  delta         mu       mu_1       mu_0         de       se_1       se_0
1   0.5 0.02232104 0.01893659 0.02407654 0.01734639 0.01360851 0.01937418
2   1.0 0.01747129 0.01804618 0.01658564 0.01227210 0.00000000 0.00000000
3   2.0 0.03731023 0.04310358 0.02690370 0.03749003 0.03745935 0.02142984
          oe         te
1 0.01779410 0.01346870
2 0.00000000 0.01227210
3 0.03209996 0.04206736

[[7]]
  delta         mu       mu_1       mu_0         de       se_1       se_0
1   0.5 0.02439237 0.02176425 0.02709771 0.02286522 0.01778948 0.02213789
2   1.0 0.01694472 0.01696290 0.01706087 0.01333119 0.00000000 0.00000000
3   2.0 0.02727330 0.02960161 0.02443999 0.02410868 0.02402376 0.02097611
          oe         te
1 0.02053655 0.01786576
2 0.00000000 0.01333119
3 0.02290359 0.03041418

[[8]]
  delta         mu       mu_1       mu_0         de       se_1       se_0
1   0.5 0.02385354 0.02015538 0.02665918 0.02078486 0.01519605 0.02071132
2   1.0 0.01766969 0.01794707 0.01716886 0.01230414 0.00000000 0.00000000
3   2.0 0.03592055 0.04086587 0.02421966 0.03166361 0.03456175 0.02020645
          oe         te
1 0.01867311 0.01499813
2 0.00000000 0.01230414
3 0.03075945 0.03995034

[[9]]
  delta         mu       mu_1       mu_0         de       se_1       se_0
1   0.5 0.02581907 0.02034756 0.02905470 0.02180815 0.01657714 0.02438832
2   1.0 0.01859947 0.01871140 0.01822063 0.01257052 0.00000000 0.00000000
3   2.0 0.02897032 0.03071901 0.02487580 0.02211903 0.02303912 0.01936672
          oe         te
1 0.02203033 0.01511176
2 0.00000000 0.01257052
3 0.02230700 0.02951969

[[10]]
  delta         mu       mu_1       mu_0         de       se_1       se_0
1   0.5 0.02814270 0.02182028 0.03142477 0.02126257 0.01596663 0.02580567
2   1.0 0.01855924 0.01870594 0.01795888 0.01192115 0.00000000 0.00000000
3   2.0 0.03135507 0.03407915 0.02449945 0.02393431 0.02708901 0.01963829
          oe         te
1 0.02286246 0.01581225
2 0.00000000 0.01192115
3 0.02508150 0.03198074

[[11]]
  delta         mu       mu_1       mu_0         de       se_1       se_0
1   0.5 0.02510919 0.02043268 0.02834769 0.02160209 0.01560375 0.02371148
2   1.0 0.01692079 0.01767285 0.01652592 0.01311482 0.00000000 0.00000000
3   2.0 0.03291846 0.03619232 0.02395598 0.02541246 0.02901335 0.01936289
          oe         te
1 0.02087900 0.01596458
2 0.00000000 0.01311482
3 0.02706796 0.03548970

[[12]]
  delta         mu       mu_1       mu_0         de       se_1       se_0
1   0.5 0.02202212 0.01784273 0.02621495 0.02275980 0.01516605 0.02328052
2   1.0 0.01633501 0.01761363 0.01492516 0.01271452 0.00000000 0.00000000
3   2.0 0.03080373 0.03276239 0.02433345 0.02136139 0.02515943 0.02035789
          oe         te
1 0.02000219 0.01450919
2 0.00000000 0.01271452
3 0.02454104 0.03131640

[[13]]
  delta         mu       mu_1       mu_0         de       se_1       se_0
1   0.5 0.02377731 0.02049578 0.02926031 0.02753306 0.01677577 0.02452641
2   1.0 0.01711788 0.01758419 0.01669610 0.01253935 0.00000000 0.00000000
3   2.0 0.03660251 0.04277006 0.02352641 0.03299598 0.03861344 0.02017919
          oe         te
1 0.01967882 0.01741012
2 0.00000000 0.01253935
3 0.03341621 0.04361340

[[14]]
  delta         mu       mu_1       mu_0         de       se_1       se_0
1   0.5 0.02386318 0.02009503 0.02664883 0.01991344 0.01597161 0.02143017
2   1.0 0.01699848 0.01748532 0.01653381 0.01226148 0.00000000 0.00000000
3   2.0 0.03568711 0.04071806 0.02628534 0.03226483 0.03482977 0.02210043
          oe         te
1 0.01957447 0.01525685
2 0.00000000 0.01226148
3 0.03078253 0.04033499

[[15]]
  delta         mu       mu_1       mu_0         de       se_1       se_0
1   0.5 0.02340897 0.01953299 0.02744991 0.02368637 0.01651066 0.02236748
2   1.0 0.01613293 0.01667651 0.01576571 0.01198726 0.00000000 0.00000000
3   2.0 0.05170103 0.06537109 0.02222564 0.05948652 0.06028625 0.01911512
          oe         te
1 0.01921980 0.01597278
2 0.00000000 0.01198726
3 0.04775965 0.06454222

[[16]]
  delta         mu       mu_1       mu_0         de       se_1       se_0
1   0.5 0.02416515 0.01985473 0.02797972 0.02253294 0.01692782 0.02312939
2   1.0 0.01700014 0.01790019 0.01610363 0.01258751 0.00000000 0.00000000
3   2.0 0.06109095 0.07409499 0.02574409 0.06515034 0.07107868 0.02243018
          oe         te
1 0.02108286 0.01615834
2 0.00000000 0.01258751
3 0.05891550 0.07483551

[[17]]
  delta         mu       mu_1       mu_0         de       se_1       se_0
1   0.5 0.02268901 0.01830684 0.02517162 0.01823431 0.01488309 0.02184779
2   1.0 0.01772981 0.01820890 0.01689324 0.01278998 0.00000000 0.00000000
3   2.0 0.03786122 0.04346855 0.02585490 0.03380784 0.03764616 0.02145777
          oe         te
1 0.01980056 0.01427098
2 0.00000000 0.01278998
3 0.03305272 0.04321897

[[18]]
  delta         mu       mu_1       mu_0         de       se_1       se_0
1   0.5 0.02263160 0.01953437 0.02541326 0.02088875 0.01504380 0.02111458
2   1.0 0.01691568 0.01765092 0.01629436 0.01266431 0.00000000 0.00000000
3   2.0 0.02858874 0.03116593 0.02282810 0.02110910 0.02408786 0.01777985
          oe         te
1 0.01909384 0.01553434
2 0.00000000 0.01266431
3 0.02258526 0.03003181

[[19]]
  delta         mu       mu_1       mu_0         de       se_1       se_0
1   0.5 0.02151869 0.02062483 0.02369509 0.02023022 0.01834956 0.02113168
2   1.0 0.01628136 0.01713370 0.01573904 0.01231372 0.00000000 0.00000000
3   2.0 0.03251582 0.03551037 0.02473299 0.02436547 0.02876103 0.02015891
          oe         te
1 0.02012402 0.01824356
2 0.00000000 0.01231372
3 0.02710673 0.03514083

[[20]]
  delta         mu       mu_1       mu_0         de       se_1       se_0
1   0.5 0.02451279 0.01946092 0.02797172 0.02103430 0.01409383 0.02234236
2   1.0 0.01791387 0.01848009 0.01722250 0.01220374 0.00000000 0.00000000
3   2.0 0.03421272 0.03823883 0.02529635 0.02810405 0.03149905 0.01987566
          oe         te
1 0.01963602 0.01395987
2 0.00000000 0.01220374
3 0.02813028 0.03636123

[1] "Total run time was 3512.446 seconds"
