Warning message:
package ‘SuperLearner’ was built under R version 4.1.3 
[1] "[Simulation setting]"
[1] "n: 500"
[1] "deltas: 0.5, 1, 2"
[1] "K: 2"
[1] "r: 100"
[1] "s: 1"
[1] "Sim.id 1"
[1] "Data generated and format changed"
[1] "   Split: 1"
Loading required namespace: nnet
Loading required namespace: ranger
[1] "   Split: 2"
[1] "Estimates and SE estimates computed"
[1] ""
[1] "Sim.id 2"
[1] "Data generated and format changed"
[1] "   Split: 1"
[1] "   Split: 2"
[1] "Estimates and SE estimates computed"
[1] ""
[1] "Sim.id 3"
[1] "Data generated and format changed"
[1] "   Split: 1"
[1] "   Split: 2"
[1] "Estimates and SE estimates computed"
[1] ""
[1] "Sim.id 4"
[1] "Data generated and format changed"
[1] "   Split: 1"
[1] "   Split: 2"
[1] "Estimates and SE estimates computed"
[1] ""
[1] "Sim.id 5"
[1] "Data generated and format changed"
[1] "   Split: 1"
[1] "   Split: 2"
[1] "Estimates and SE estimates computed"
[1] ""
[1] "Sim.id 6"
[1] "Data generated and format changed"
[1] "   Split: 1"
[1] "   Split: 2"
[1] "Estimates and SE estimates computed"
[1] ""
[1] "Sim.id 7"
[1] "Data generated and format changed"
[1] "   Split: 1"
[1] "   Split: 2"
[1] "Estimates and SE estimates computed"
[1] ""
[1] "Sim.id 8"
[1] "Data generated and format changed"
[1] "   Split: 1"
[1] "   Split: 2"
[1] "Estimates and SE estimates computed"
[1] ""
[1] "Sim.id 9"
[1] "Data generated and format changed"
[1] "   Split: 1"
[1] "   Split: 2"
[1] "Estimates and SE estimates computed"
[1] ""
[1] "Sim.id 10"
[1] "Data generated and format changed"
[1] "   Split: 1"
[1] "   Split: 2"
[1] "Estimates and SE estimates computed"
[1] ""
[1] "Sim.id 11"
[1] "Data generated and format changed"
[1] "   Split: 1"
[1] "   Split: 2"
[1] "Estimates and SE estimates computed"
[1] ""
[1] "Sim.id 12"
[1] "Data generated and format changed"
[1] "   Split: 1"
[1] "   Split: 2"
[1] "Estimates and SE estimates computed"
[1] ""
[1] "Sim.id 13"
[1] "Data generated and format changed"
[1] "   Split: 1"
[1] "   Split: 2"
[1] "Estimates and SE estimates computed"
[1] ""
[1] "Sim.id 14"
[1] "Data generated and format changed"
[1] "   Split: 1"
[1] "   Split: 2"
[1] "Estimates and SE estimates computed"
[1] ""
[1] "Sim.id 15"
[1] "Data generated and format changed"
[1] "   Split: 1"
[1] "   Split: 2"
[1] "Estimates and SE estimates computed"
[1] ""
[1] "Sim.id 16"
[1] "Data generated and format changed"
[1] "   Split: 1"
[1] "   Split: 2"
[1] "Estimates and SE estimates computed"
[1] ""
[1] "Sim.id 17"
[1] "Data generated and format changed"
[1] "   Split: 1"
[1] "   Split: 2"
[1] "Estimates and SE estimates computed"
[1] ""
[1] "Sim.id 18"
[1] "Data generated and format changed"
[1] "   Split: 1"
[1] "   Split: 2"
[1] "Estimates and SE estimates computed"
[1] ""
[1] "Sim.id 19"
[1] "Data generated and format changed"
[1] "   Split: 1"
[1] "   Split: 2"
[1] "Estimates and SE estimates computed"
[1] ""
[1] "Sim.id 20"
[1] "Data generated and format changed"
[1] "   Split: 1"
[1] "   Split: 2"
[1] "Estimates and SE estimates computed"
[1] ""
[[1]]
  delta        mu      mu_1      mu_0         de         se_1         se_0
1   0.5 0.7819154 0.6611766 0.8589131 -0.1977365  0.004811551  0.004487972
2   1.0 0.7424423 0.6563650 0.8544251 -0.1980600  0.000000000  0.000000000
3   2.0 0.7061612 0.6491145 0.8492485 -0.2001341 -0.007250586 -0.005176553
           oe         te
1  0.03947314 -0.1932485
2  0.00000000 -0.1980600
3 -0.03628110 -0.2053106

[[2]]
  delta        mu      mu_1      mu_0         de         se_1        se_0
1   0.5 0.8112632 0.6721132 0.8947292 -0.2226159  0.003826407  0.02144371
2   1.0 0.7611274 0.6682868 0.8732855 -0.2049986  0.000000000  0.00000000
3   2.0 0.7149025 0.6588345 0.8499863 -0.1911517 -0.009452274 -0.02329921
           oe         te
1  0.05013584 -0.2011722
2  0.00000000 -0.2049986
3 -0.04622487 -0.2144509

[[3]]
  delta        mu      mu_1      mu_0         de        se_1       se_0
1   0.5 0.8141856 0.7187980 0.8753891 -0.1565911  0.04566387  0.0219073
2   1.0 0.7525059 0.6731341 0.8534818 -0.1803477  0.00000000  0.0000000
3   2.0 0.6816769 0.6182402 0.8335814 -0.2153411 -0.05489387 -0.0199004
           oe         te
1  0.06167968 -0.1346838
2  0.00000000 -0.1803477
3 -0.07082899 -0.2352415

[[4]]
  delta        mu      mu_1      mu_0         de        se_1        se_0
1   0.5 0.8146854 0.7045420 0.8890063 -0.1844643  0.01904316  0.01701842
2   1.0 0.7639362 0.6854988 0.8719879 -0.1864891  0.00000000  0.00000000
3   2.0 0.7093324 0.6538096 0.8608952 -0.2070856 -0.03168920 -0.01109266
           oe         te
1  0.05074920 -0.1674459
2  0.00000000 -0.1864891
3 -0.05460388 -0.2181783

[[5]]
  delta        mu      mu_1      mu_0         de        se_1         se_0
1   0.5 0.7955580 0.6991271 0.8602368 -0.1611097 0.008289451 -0.010769429
2   1.0 0.7698484 0.6908376 0.8710062 -0.1801686 0.000000000  0.000000000
3   2.0 0.7617490 0.7137239 0.8766399 -0.1629160 0.022886303  0.005633672
            oe         te
1  0.025709541 -0.1718791
2  0.000000000 -0.1801686
3 -0.008099466 -0.1572823

[[6]]
  delta        mu      mu_1      mu_0         de         se_1        se_0
1   0.5 0.7508365 0.6659221 0.8185476 -0.1526255 -0.022288329 -0.03420086
2   1.0 0.7557071 0.6882104 0.8527485 -0.1645381  0.000000000  0.00000000
3   2.0 0.7360674 0.6837078 0.8760177 -0.1923099 -0.004502588  0.02326923
            oe         te
1 -0.004870598 -0.1868264
2  0.000000000 -0.1645381
3 -0.019639647 -0.1690407

[[7]]
  delta        mu      mu_1      mu_0         de        se_1        se_0
1   0.5 0.8014240 0.6914624 0.8759207 -0.1844583  0.03163212  0.02558741
2   1.0 0.7413416 0.6598303 0.8503333 -0.1905030  0.00000000  0.00000000
3   2.0 0.6927049 0.6452758 0.8223923 -0.1771165 -0.01455453 -0.02794101
           oe         te
1  0.06008245 -0.1588709
2  0.00000000 -0.1905030
3 -0.04863671 -0.2050575

[[8]]
  delta        mu      mu_1      mu_0         de       se_1          se_0
1   0.5 0.7891839 0.6860525 0.8596762 -0.1736237 0.00610239 -0.0002013641
2   1.0 0.7542923 0.6799502 0.8598776 -0.1799274 0.00000000  0.0000000000
3   2.0 0.7455681 0.7052885 0.8591099 -0.1538214 0.02533837 -0.0007676291
            oe         te
1  0.034891513 -0.1738250
2  0.000000000 -0.1799274
3 -0.008724196 -0.1545890

[[9]]
  delta        mu      mu_1      mu_0         de        se_1        se_0
1   0.5 0.7910623 0.6849067 0.8638763 -0.1789697 0.008458052 0.031773716
2   1.0 0.7400899 0.6764486 0.8321026 -0.1556540 0.000000000 0.000000000
3   2.0 0.7423010 0.7071531 0.8357205 -0.1285674 0.030704496 0.003617914
           oe         te
1 0.050972370 -0.1471959
2 0.000000000 -0.1556540
3 0.002211145 -0.1249495

[[10]]
  delta        mu      mu_1      mu_0         de        se_1         se_0
1   0.5 0.8094218 0.6878283 0.8924558 -0.2046275 -0.00229069 -0.007484622
2   1.0 0.7804898 0.6901190 0.8999404 -0.2098214  0.00000000  0.000000000
3   2.0 0.7038481 0.6446668 0.8642859 -0.2196191 -0.04545226 -0.035654514
          oe         te
1  0.0289320 -0.2121121
2  0.0000000 -0.2098214
3 -0.0766417 -0.2552737

[[11]]
  delta        mu      mu_1      mu_0         de        se_1        se_0
1   0.5 0.7638105 0.6746238 0.8283728 -0.1537490 -0.02444158 -0.01390755
2   1.0 0.7588587 0.6990654 0.8422804 -0.1432150  0.00000000  0.00000000
3   2.0 0.7836413 0.7459229 0.8818186 -0.1358957  0.04685750  0.03953825
           oe          te
1 0.004951714 -0.16765655
2 0.000000000 -0.14321497
3 0.024782515 -0.09635747

[[12]]
  delta        mu      mu_1      mu_0         de        se_1        se_0
1   0.5 0.8608190 0.7029087 0.9538201 -0.2509114  0.02279368  0.06779606
2   1.0 0.7702017 0.6801150 0.8860240 -0.2059090  0.00000000  0.00000000
3   2.0 0.6897019 0.6317532 0.8521476 -0.2203944 -0.04836180 -0.03387641
           oe         te
1  0.09061730 -0.1831153
2  0.00000000 -0.2059090
3 -0.08049982 -0.2542708

[[13]]
  delta        mu      mu_1      mu_0         de         se_1         se_0
1   0.5 0.7492525 0.6423472 0.8243993 -0.1820521 -0.011924711 -0.008762463
2   1.0 0.7280852 0.6542719 0.8331617 -0.1788898  0.000000000  0.000000000
3   2.0 0.7083636 0.6463119 0.8670651 -0.2207532 -0.007960002  0.033903362
           oe         te
1  0.02116734 -0.1908146
2  0.00000000 -0.1788898
3 -0.01972155 -0.1868498

[[14]]
  delta        mu      mu_1      mu_0         de        se_1         se_0
1   0.5 0.8103759 0.7024812 0.8950671 -0.1925859 -0.00360410  0.003936969
2   1.0 0.7822982 0.7060853 0.8911301 -0.1850448  0.00000000  0.000000000
3   2.0 0.7175520 0.6657649 0.8625177 -0.1967528 -0.04032041 -0.028612465
           oe         te
1  0.02807767 -0.1886489
2  0.00000000 -0.1850448
3 -0.06474615 -0.2253652

[[15]]
  delta        mu      mu_1      mu_0         de         se_1        se_0
1   0.5 0.7893033 0.6724985 0.8649760 -0.1924774 -0.005925805 -0.01128124
2   1.0 0.7645362 0.6784243 0.8762572 -0.1978329  0.000000000  0.00000000
3   2.0 0.6932782 0.6300787 0.8589916 -0.2289129 -0.048345655 -0.01726563
           oe         te
1  0.02476711 -0.2037587
2  0.00000000 -0.1978329
3 -0.07125805 -0.2461785

[[16]]
  delta        mu      mu_1      mu_0         de         se_1       se_0
1   0.5 0.7906615 0.6798723 0.8689760 -0.1891036  0.002240819 0.01962032
2   1.0 0.7498252 0.6776315 0.8493556 -0.1717241  0.000000000 0.00000000
3   2.0 0.7066096 0.6435106 0.8637906 -0.2202799 -0.034120854 0.01443491
           oe         te
1  0.04083633 -0.1694833
2  0.00000000 -0.1717241
3 -0.04321560 -0.2058450

[[17]]
  delta        mu      mu_1      mu_0         de        se_1         se_0
1   0.5 0.7882964 0.6850045 0.8588714 -0.1738669  0.01759465  0.009274995
2   1.0 0.7465721 0.6674099 0.8495964 -0.1821865  0.00000000  0.000000000
3   2.0 0.6880022 0.6263861 0.8455653 -0.2191792 -0.04102374 -0.004031092
           oe         te
1  0.04172434 -0.1645919
2  0.00000000 -0.1821865
3 -0.05856985 -0.2232103

[[18]]
  delta        mu      mu_1      mu_0         de        se_1        se_0
1   0.5 0.8393340 0.7004889 0.9236254 -0.2231365  0.03331357  0.04880314
2   1.0 0.7604407 0.6671753 0.8748223 -0.2076470  0.00000000  0.00000000
3   2.0 0.7003880 0.6327682 0.8645015 -0.2317333 -0.03440710 -0.01032079
           oe         te
1  0.07889331 -0.1743334
2  0.00000000 -0.2076470
3 -0.06005270 -0.2420541

[[19]]
  delta        mu      mu_1      mu_0         de       se_1        se_0
1   0.5 0.8317610 0.7292460 0.8962996 -0.1670536 0.01990409  0.01117608
2   1.0 0.7870925 0.7093419 0.8851235 -0.1757816 0.00000000  0.00000000
3   2.0 0.7624594 0.7194399 0.8674287 -0.1479888 0.01009799 -0.01769483
           oe         te
1  0.04466853 -0.1558776
2  0.00000000 -0.1757816
3 -0.02463309 -0.1656836

[[20]]
  delta        mu      mu_1      mu_0         de       se_1         se_0
1   0.5 0.8155787 0.7262971 0.8763417 -0.1500447 0.02465080  0.006738104
2   1.0 0.7733540 0.7016463 0.8696036 -0.1679574 0.00000000  0.000000000
3   2.0 0.7664117 0.7307760 0.8550637 -0.1242877 0.02912974 -0.014539878
            oe         te
1  0.042224756 -0.1433066
2  0.000000000 -0.1679574
3 -0.006942294 -0.1388276

[[1]]
  delta         mu       mu_1       mu_0         de       se_1       se_0
1   0.5 0.02289171 0.02043746 0.02522065 0.01872036 0.01612253 0.02143331
2   1.0 0.01755986 0.01799659 0.01659897 0.01150862 0.00000000 0.00000000
3   2.0 0.03090911 0.03170059 0.02777380 0.02075828 0.02283284 0.02058874
          oe         te
1 0.01937013 0.01695697
2 0.00000000 0.01150862
3 0.02253966 0.02774518

[[2]]
  delta         mu       mu_1       mu_0         de       se_1       se_0
1   0.5 0.02417611 0.02103824 0.02747300 0.02367033 0.01529681 0.02239660
2   1.0 0.01707911 0.01756410 0.01671294 0.01319331 0.00000000 0.00000000
3   2.0 0.02882628 0.03141086 0.02308080 0.02364789 0.02358204 0.01792077
          oe         te
1 0.01966993 0.01687884
2 0.00000000 0.01319331
3 0.02232182 0.03040182

[[3]]
  delta         mu       mu_1       mu_0         de       se_1       se_0
1   0.5 0.02380326 0.02128876 0.02716362 0.02424428 0.01608196 0.02120767
2   1.0 0.01754400 0.01793632 0.01704711 0.01302584 0.00000000 0.00000000
3   2.0 0.02997422 0.03328539 0.02325503 0.02539727 0.02637909 0.01805152
          oe         te
1 0.01863086 0.01673693
2 0.00000000 0.01302584
3 0.02396695 0.03223752

[[4]]
  delta         mu       mu_1       mu_0         de       se_1       se_0
1   0.5 0.02479616 0.02105150 0.02729325 0.02049289 0.01542182 0.02187884
2   1.0 0.01802696 0.01834231 0.01740534 0.01255876 0.00000000 0.00000000
3   2.0 0.03459373 0.03900500 0.02393546 0.02918832 0.03380921 0.01906302
          oe         te
1 0.01959194 0.01616970
2 0.00000000 0.01255876
3 0.02979154 0.03827645

[[5]]
  delta         mu       mu_1       mu_0         de       se_1       se_0
1   0.5 0.02332716 0.02063766 0.02611243 0.02143599 0.01616735 0.01998268
2   1.0 0.01789133 0.01824871 0.01717611 0.01288239 0.00000000 0.00000000
3   2.0 0.03354575 0.03559323 0.02695855 0.02268580 0.02654954 0.02182026
          oe         te
1 0.01811456 0.01577669
2 0.00000000 0.01288239
3 0.02608393 0.03314129

[[6]]
  delta         mu       mu_1       mu_0         de       se_1       se_0
1   0.5 0.02102523 0.01845960 0.02370358 0.01943725 0.01456584 0.02015938
2   1.0 0.01792330 0.01892927 0.01682980 0.01264947 0.00000000 0.00000000
3   2.0 0.03372872 0.03769577 0.02612121 0.03051344 0.03004416 0.01956790
          oe         te
1 0.01835834 0.01430734
2 0.00000000 0.01264947
3 0.02691553 0.03631550

[[7]]
  delta         mu       mu_1       mu_0         de       se_1       se_0
1   0.5 0.02563028 0.02076258 0.02953681 0.02414082 0.01598370 0.02546115
2   1.0 0.01699434 0.01764155 0.01629574 0.01256152 0.00000000 0.00000000
3   2.0 0.02669776 0.02899044 0.02119853 0.02000353 0.02160675 0.01684789
          oe         te
1 0.02247414 0.01672028
2 0.00000000 0.01256152
3 0.02058488 0.02802116

[[8]]
  delta         mu       mu_1       mu_0         de       se_1       se_0
1   0.5 0.02446561 0.02150135 0.03434463 0.03589122 0.01683987 0.03072098
2   1.0 0.01767766 0.01833730 0.01677038 0.01259182 0.00000000 0.00000000
3   2.0 0.03397498 0.03792157 0.02593821 0.02849072 0.03103192 0.02146396
          oe         te
1 0.02070575 0.01753985
2 0.00000000 0.01259182
3 0.02828092 0.03690583

[[9]]
  delta         mu       mu_1       mu_0         de       se_1       se_0
1   0.5 0.02538827 0.01963020 0.02958567 0.02136486 0.01519054 0.02479260
2   1.0 0.01770693 0.01818509 0.01684972 0.01193009 0.00000000 0.00000000
3   2.0 0.03287145 0.03489073 0.02636435 0.02261087 0.02657842 0.02097147
          oe         te
1 0.02118454 0.01426317
2 0.00000000 0.01193009
3 0.02567521 0.03241505

[[10]]
  delta         mu       mu_1       mu_0         de       se_1       se_0
1   0.5 0.02291314 0.01843676 0.02590235 0.01973793 0.01493995 0.02158208
2   1.0 0.01669700 0.01721151 0.01632504 0.01265529 0.00000000 0.00000000
3   2.0 0.03138936 0.03420285 0.02374631 0.02421502 0.02753904 0.01807200
          oe         te
1 0.01951490 0.01485363
2 0.00000000 0.01265529
3 0.02536519 0.03313341

[[11]]
  delta         mu       mu_1       mu_0         de       se_1       se_0
1   0.5 0.02298904 0.01926819 0.02670752 0.02229420 0.01625508 0.02279687
2   1.0 0.01655349 0.01779394 0.01543801 0.01233348 0.00000000 0.00000000
3   2.0 0.03447502 0.03795519 0.02525248 0.02619131 0.03013179 0.02012940
          oe         te
1 0.02070941 0.01556855
2 0.00000000 0.01233348
3 0.02786975 0.03609469

[[12]]
  delta         mu       mu_1       mu_0         de       se_1       se_0
1   0.5 0.02458343 0.02121080 0.02811723 0.02292778 0.01630741 0.02246338
2   1.0 0.01739845 0.01790708 0.01711481 0.01264649 0.00000000 0.00000000
3   2.0 0.03060325 0.03260259 0.02425098 0.02176663 0.02559771 0.02044834
          oe         te
1 0.02002653 0.01643858
2 0.00000000 0.01264649
3 0.02517778 0.03226729

[[13]]
  delta         mu       mu_1       mu_0         de       se_1       se_0
1   0.5 0.02361864 0.01921623 0.02746336 0.02159969 0.01572415 0.02372330
2   1.0 0.01630702 0.01730560 0.01590598 0.01306576 0.00000000 0.00000000
3   2.0 0.03045501 0.03308326 0.02371189 0.02239802 0.02539963 0.01874864
          oe         te
1 0.02106807 0.01629971
2 0.00000000 0.01306576
3 0.02402327 0.03194746

[[14]]
  delta         mu       mu_1       mu_0         de       se_1      se_0
1   0.5 0.02364170 0.01938825 0.02803619 0.02283996 0.01578583 0.0229241
2   1.0 0.01783662 0.01874602 0.01701875 0.01359869 0.00000000 0.0000000
3   2.0 0.03398357 0.03663135 0.02516966 0.02328422 0.02831166 0.0206195
          oe         te
1 0.01984485 0.01499568
2 0.00000000 0.01359869
3 0.02754931 0.03576412

[[15]]
  delta         mu       mu_1       mu_0         de       se_1       se_0
1   0.5 0.02140578 0.01847052 0.02410325 0.01974736 0.01481135 0.02081139
2   1.0 0.01660188 0.01750479 0.01560324 0.01250356 0.00000000 0.00000000
3   2.0 0.03481523 0.03802926 0.02615592 0.02618343 0.03046647 0.02097556
          oe         te
1 0.01879910 0.01545451
2 0.00000000 0.01250356
3 0.02843477 0.03651637

[[16]]
  delta         mu       mu_1       mu_0         de       se_1       se_0
1   0.5 0.02615370 0.02120372 0.02989423 0.02355563 0.01710042 0.02474936
2   1.0 0.01675847 0.01720530 0.01646278 0.01291932 0.00000000 0.00000000
3   2.0 0.02967979 0.03405326 0.02352492 0.02990593 0.02875140 0.01930140
          oe         te
1 0.02214437 0.01684432
2 0.00000000 0.01291932
3 0.02518409 0.03445955

[[17]]
  delta         mu       mu_1       mu_0         de       se_1       se_0
1   0.5 0.02582309 0.02019716 0.02916530 0.02043013 0.01579281 0.02337571
2   1.0 0.01729214 0.01778371 0.01690892 0.01277174 0.00000000 0.00000000
3   2.0 0.03237102 0.03551983 0.02516043 0.02548354 0.02878485 0.02165518
          oe         te
1 0.02105359 0.01502109
2 0.00000000 0.01277174
3 0.02740554 0.03549028

[[18]]
  delta         mu       mu_1       mu_0         de       se_1       se_0
1   0.5 0.02336239 0.02128493 0.02582891 0.02173333 0.01741410 0.02211355
2   1.0 0.01713456 0.01766962 0.01621203 0.01266146 0.00000000 0.00000000
3   2.0 0.02983109 0.03134828 0.02563123 0.02200045 0.02366552 0.02099979
          oe         te
1 0.01997803 0.01720588
2 0.00000000 0.01266146
3 0.02373231 0.03055558

[[19]]
  delta         mu       mu_1       mu_0         de       se_1       se_0
1   0.5 0.02455602 0.02459719 0.02674201 0.02439358 0.02067092 0.02296501
2   1.0 0.01743476 0.01815492 0.01646516 0.01182888 0.00000000 0.00000000
3   2.0 0.03071273 0.03445629 0.02286183 0.02664846 0.02764123 0.01730392
          oe         te
1 0.02138288 0.02043036
2 0.00000000 0.01182888
3 0.02456359 0.03268353

[[20]]
  delta         mu       mu_1       mu_0         de       se_1       se_0
1   0.5 0.02389724 0.02075618 0.02697642 0.02241161 0.01716042 0.02302320
2   1.0 0.01816880 0.01898351 0.01686052 0.01250873 0.00000000 0.00000000
3   2.0 0.03623466 0.04040713 0.02498680 0.03076451 0.03360274 0.01965985
          oe         te
1 0.02085218 0.01699924
2 0.00000000 0.01250873
3 0.03026965 0.03887498

[[1]]
  delta        mu      mu_1      mu_0         de         se_1         se_0
1   0.5 0.7816985 0.6615529 0.8583274 -0.1967745  0.005134261  0.004044682
2   1.0 0.7424133 0.6564187 0.8542827 -0.1978640  0.000000000  0.000000000
3   2.0 0.7037544 0.6458364 0.8489557 -0.2031193 -0.010582231 -0.005327016
           oe         te
1  0.03928525 -0.1927298
2  0.00000000 -0.1978640
3 -0.03865891 -0.2084463

[[2]]
  delta        mu      mu_1      mu_0         de         se_1        se_0
1   0.5 0.8154329 0.6738165 0.8997918 -0.2259752  0.004511411  0.02390256
2   1.0 0.7630387 0.6693051 0.8758892 -0.2065841  0.000000000  0.00000000
3   2.0 0.7143658 0.6582951 0.8497120 -0.1914170 -0.011010061 -0.02617717
           oe         te
1  0.05239427 -0.2020727
2  0.00000000 -0.2065841
3 -0.04867283 -0.2175941

[[3]]
  delta        mu      mu_1      mu_0         de        se_1        se_0
1   0.5 0.8207060 0.7218676 0.8826537 -0.1607862  0.04782234  0.02694889
2   1.0 0.7545281 0.6740452 0.8557049 -0.1816596  0.00000000  0.00000000
3   2.0 0.6817584 0.6167151 0.8346039 -0.2178888 -0.05733010 -0.02110094
           oe         te
1  0.06617790 -0.1338373
2  0.00000000 -0.1816596
3 -0.07276966 -0.2389897

[[4]]
  delta        mu      mu_1      mu_0         de        se_1        se_0
1   0.5 0.8150230 0.7048304 0.8893536 -0.1845232  0.01932432  0.01743316
2   1.0 0.7639007 0.6855061 0.8719205 -0.1864144  0.00000000  0.00000000
3   2.0 0.7084596 0.6526774 0.8609164 -0.2082390 -0.03282864 -0.01100406
           oe         te
1  0.05112231 -0.1670901
2  0.00000000 -0.1864144
3 -0.05544108 -0.2192430

[[5]]
  delta        mu      mu_1      mu_0         de        se_1         se_0
1   0.5 0.7955425 0.6989741 0.8605354 -0.1615613 0.007945845 -0.010650009
2   1.0 0.7700084 0.6910282 0.8711854 -0.1801571 0.000000000  0.000000000
3   2.0 0.7609976 0.7127531 0.8764380 -0.1636849 0.021724854  0.005252599
            oe         te
1  0.025534156 -0.1722113
2  0.000000000 -0.1801571
3 -0.009010759 -0.1584323

[[6]]
  delta        mu      mu_1      mu_0         de         se_1        se_0
1   0.5 0.7506558 0.6657908 0.8182158 -0.1524249 -0.022592994 -0.03503615
2   1.0 0.7560361 0.6883838 0.8532519 -0.1648681  0.000000000  0.00000000
3   2.0 0.7345533 0.6823945 0.8752088 -0.1928143 -0.005989321  0.02195685
            oe         te
1 -0.005380265 -0.1874611
2  0.000000000 -0.1648681
3 -0.021482799 -0.1708574

[[7]]
  delta        mu      mu_1      mu_0         de        se_1        se_0
1   0.5 0.8018430 0.6924505 0.8754633 -0.1830129  0.03275595  0.02504503
2   1.0 0.7414832 0.6596945 0.8504183 -0.1907238  0.00000000  0.00000000
3   2.0 0.6911068 0.6443207 0.8210640 -0.1767433 -0.01537382 -0.02935431
           oe         te
1  0.06035975 -0.1579679
2  0.00000000 -0.1907238
3 -0.05037641 -0.2060976

[[8]]
  delta        mu      mu_1      mu_0         de        se_1          se_0
1   0.5 0.7892101 0.6862409 0.8595056 -0.1732648 0.006001699 -0.0004568659
2   1.0 0.7545067 0.6802392 0.8599625 -0.1797233 0.000000000  0.0000000000
3   2.0 0.7461597 0.7059348 0.8597116 -0.1537768 0.025695608 -0.0002508693
           oe         te
1  0.03470341 -0.1737216
2  0.00000000 -0.1797233
3 -0.00834700 -0.1540277

[[9]]
  delta        mu      mu_1      mu_0         de       se_1        se_0
1   0.5 0.7901752 0.6855694 0.8618154 -0.1762460 0.00886351 0.029493605
2   1.0 0.7406418 0.6767059 0.8323218 -0.1556159 0.00000000 0.000000000
3   2.0 0.7433375 0.7077644 0.8363339 -0.1285695 0.03105852 0.004012086
           oe         te
1 0.049533480 -0.1467524
2 0.000000000 -0.1556159
3 0.002695788 -0.1245574

[[10]]
  delta        mu      mu_1      mu_0         de          se_1         se_0
1   0.5 0.8103881 0.6891023 0.8930795 -0.2039772 -0.0003862437 -0.005976781
2   1.0 0.7797234 0.6894885 0.8990562 -0.2095677  0.0000000000  0.000000000
3   2.0 0.7023773 0.6428149 0.8647553 -0.2219404 -0.0466736487 -0.034300912
           oe         te
1  0.03066470 -0.2099539
2  0.00000000 -0.2095677
3 -0.07734613 -0.2562413

[[11]]
  delta        mu      mu_1      mu_0         de        se_1        se_0
1   0.5 0.7661872 0.6765129 0.8305249 -0.1540120 -0.02232453 -0.01305495
2   1.0 0.7593324 0.6988374 0.8435798 -0.1447424  0.00000000  0.00000000
3   2.0 0.7797222 0.7407345 0.8811364 -0.1404018  0.04189717  0.03755656
           oe         te
1 0.006854758 -0.1670670
2 0.000000000 -0.1447424
3 0.020389790 -0.1028453

[[12]]
  delta        mu      mu_1      mu_0         de        se_1        se_0
1   0.5 0.8610383 0.7033375 0.9536782 -0.2503407  0.02399103  0.06792687
2   1.0 0.7694890 0.6793465 0.8857513 -0.2064048  0.00000000  0.00000000
3   2.0 0.6891271 0.6313101 0.8516731 -0.2203629 -0.04803633 -0.03407820
          oe         te
1  0.0915493 -0.1824138
2  0.0000000 -0.2064048
3 -0.0803619 -0.2544411

[[13]]
  delta        mu      mu_1      mu_0         de         se_1         se_0
1   0.5 0.7491558 0.6424374 0.8242755 -0.1818381 -0.011396363 -0.008753248
2   1.0 0.7276374 0.6538338 0.8330288 -0.1791950  0.000000000  0.000000000
3   2.0 0.7060807 0.6442547 0.8646602 -0.2204055 -0.009579081  0.031631451
           oe         te
1  0.02151843 -0.1905913
2  0.00000000 -0.1791950
3 -0.02155664 -0.1887740

[[14]]
  delta        mu      mu_1      mu_0         de         se_1         se_0
1   0.5 0.8095782 0.7021718 0.8935451 -0.1913733 -0.004109235  0.002225892
2   1.0 0.7826190 0.7062811 0.8913192 -0.1850381  0.000000000  0.000000000
3   2.0 0.7168218 0.6650061 0.8619279 -0.1969218 -0.041274968 -0.029391321
           oe         te
1  0.02695913 -0.1891474
2  0.00000000 -0.1850381
3 -0.06579722 -0.2263131

[[15]]
  delta        mu      mu_1      mu_0         de         se_1        se_0
1   0.5 0.7879808 0.6714443 0.8639968 -0.1925525 -0.007348434 -0.01267651
2   1.0 0.7647485 0.6787927 0.8766733 -0.1978806  0.000000000  0.00000000
3   2.0 0.6925150 0.6286823 0.8606362 -0.2319539 -0.050110443 -0.01603713
           oe         te
1  0.02323227 -0.2052290
2  0.00000000 -0.1978806
3 -0.07223352 -0.2479910

[[16]]
  delta        mu      mu_1      mu_0         de         se_1       se_0
1   0.5 0.7914461 0.6808301 0.8696036 -0.1887734  0.002507971 0.01990068
2   1.0 0.7505728 0.6783221 0.8497029 -0.1713807  0.000000000 0.00000000
3   2.0 0.7082921 0.6447753 0.8657960 -0.2210207 -0.033546842 0.01609311
           oe         te
1  0.04087337 -0.1688728
2  0.00000000 -0.1713807
3 -0.04228067 -0.2049276

[[17]]
  delta        mu      mu_1      mu_0         de        se_1        se_0
1   0.5 0.7884151 0.6856019 0.8591236 -0.1735216  0.01870024  0.00918250
2   1.0 0.7463165 0.6669017 0.8499411 -0.1830394  0.00000000  0.00000000
3   2.0 0.6890018 0.6272357 0.8470517 -0.2198159 -0.03966595 -0.00288941
           oe         te
1  0.04209856 -0.1643391
2  0.00000000 -0.1830394
3 -0.05731476 -0.2227053

[[18]]
  delta        mu      mu_1      mu_0         de        se_1        se_0
1   0.5 0.8396372 0.7012350 0.9233119 -0.2220769  0.03494032  0.04909902
2   1.0 0.7596888 0.6662947 0.8742129 -0.2079182  0.00000000  0.00000000
3   2.0 0.6971898 0.6293905 0.8626746 -0.2332842 -0.03690425 -0.01153824
           oe         te
1  0.07994844 -0.1729779
2  0.00000000 -0.2079182
3 -0.06249899 -0.2448224

[[19]]
  delta        mu      mu_1      mu_0         de       se_1         se_0
1   0.5 0.8272901 0.7267937 0.8898466 -0.1630530 0.01944189  0.006559904
2   1.0 0.7849565 0.7073518 0.8832867 -0.1759350 0.00000000  0.000000000
3   2.0 0.7611954 0.7182859 0.8671258 -0.1488399 0.01093412 -0.016160903
           oe         te
1  0.04233355 -0.1564931
2  0.00000000 -0.1759350
3 -0.02376112 -0.1650008

[[20]]
  delta        mu      mu_1      mu_0         de       se_1         se_0
1   0.5 0.8121943 0.7244095 0.8724830 -0.1480735 0.02313542  0.004225052
2   1.0 0.7725057 0.7012741 0.8682579 -0.1669839 0.00000000  0.000000000
3   2.0 0.7640482 0.7298557 0.8526914 -0.1228357 0.02858160 -0.015566532
           oe         te
1  0.03968860 -0.1438485
2  0.00000000 -0.1669839
3 -0.00845753 -0.1384023

[[1]]
  delta         mu       mu_1       mu_0         de       se_1       se_0
1   0.5 0.02299388 0.02061083 0.02526167 0.01866454 0.01631980 0.02150060
2   1.0 0.01763204 0.01808228 0.01663070 0.01149834 0.00000000 0.00000000
3   2.0 0.03130801 0.03203702 0.02798981 0.02052607 0.02299719 0.02078554
          oe         te
1 0.01950499 0.01712503
2 0.00000000 0.01149834
3 0.02280393 0.02798171

[[2]]
  delta         mu       mu_1       mu_0         de       se_1       se_0
1   0.5 0.02407975 0.02099676 0.02724102 0.02326545 0.01530540 0.02205018
2   1.0 0.01722475 0.01768153 0.01683212 0.01324815 0.00000000 0.00000000
3   2.0 0.02920346 0.03168541 0.02311365 0.02321537 0.02375513 0.01803251
          oe         te
1 0.01951893 0.01676414
2 0.00000000 0.01324815
3 0.02266587 0.03065387

[[3]]
  delta         mu       mu_1       mu_0         de       se_1       se_0
1   0.5 0.02411233 0.02174414 0.02729951 0.02419486 0.01665949 0.02127008
2   1.0 0.01753357 0.01796481 0.01704425 0.01316434 0.00000000 0.00000000
3   2.0 0.03091380 0.03452483 0.02337615 0.02646251 0.02767833 0.01828567
          oe         te
1 0.01889341 0.01720064
2 0.00000000 0.01316434
3 0.02506582 0.03363012

[[4]]
  delta         mu       mu_1       mu_0         de       se_1       se_0
1   0.5 0.02484147 0.02106221 0.02737331 0.02063808 0.01543557 0.02200363
2   1.0 0.01804401 0.01837266 0.01739234 0.01255050 0.00000000 0.00000000
3   2.0 0.03471344 0.03915589 0.02391847 0.02931777 0.03392547 0.01905711
          oe         te
1 0.01967347 0.01615887
2 0.00000000 0.01255050
3 0.02987274 0.03838456

[[5]]
  delta         mu       mu_1       mu_0         de       se_1       se_0
1   0.5 0.02327275 0.02055397 0.02599146 0.02119268 0.01607662 0.01981323
2   1.0 0.01781705 0.01818846 0.01712901 0.01289285 0.00000000 0.00000000
3   2.0 0.03332036 0.03538670 0.02684909 0.02267449 0.02639929 0.02177650
          oe         te
1 0.01804138 0.01567321
2 0.00000000 0.01289285
3 0.02592437 0.03300600

[[6]]
  delta         mu       mu_1       mu_0         de       se_1       se_0
1   0.5 0.02096354 0.01852049 0.02358579 0.01941483 0.01461666 0.02004767
2   1.0 0.01798886 0.01898414 0.01684880 0.01264542 0.00000000 0.00000000
3   2.0 0.03403716 0.03811534 0.02605831 0.03110637 0.03049340 0.01952674
          oe         te
1 0.01830601 0.01427659
2 0.00000000 0.01264542
3 0.02727624 0.03678488

[[7]]
  delta         mu       mu_1       mu_0         de       se_1       se_0
1   0.5 0.02595504 0.02073151 0.02992320 0.02435197 0.01602923 0.02584978
2   1.0 0.01709840 0.01773830 0.01635355 0.01257991 0.00000000 0.00000000
3   2.0 0.02697824 0.02924550 0.02137828 0.02002406 0.02178339 0.01687546
          oe         te
1 0.02285914 0.01664218
2 0.00000000 0.01257991
3 0.02073939 0.02818467

[[8]]
  delta         mu       mu_1       mu_0         de       se_1       se_0
1   0.5 0.02444900 0.02148046 0.03433406 0.03588130 0.01682379 0.03071287
2   1.0 0.01766910 0.01832812 0.01676505 0.01258244 0.00000000 0.00000000
3   2.0 0.03389768 0.03786656 0.02582810 0.02846622 0.03099617 0.02136697
          oe         te
1 0.02069552 0.01751855
2 0.00000000 0.01258244
3 0.02822524 0.03686204

[[9]]
  delta         mu       mu_1       mu_0         de       se_1       se_0
1   0.5 0.02522765 0.01968799 0.02922061 0.02082371 0.01527214 0.02429526
2   1.0 0.01771505 0.01815323 0.01692125 0.01196649 0.00000000 0.00000000
3   2.0 0.03303914 0.03502766 0.02642268 0.02263614 0.02666139 0.02105391
          oe         te
1 0.02092037 0.01435096
2 0.00000000 0.01196649
3 0.02582206 0.03255722

[[10]]
  delta         mu       mu_1       mu_0         de       se_1       se_0
1   0.5 0.02271396 0.01836907 0.02565494 0.01954368 0.01500124 0.02144369
2   1.0 0.01676538 0.01731256 0.01629687 0.01263928 0.00000000 0.00000000
3   2.0 0.03206821 0.03508515 0.02393619 0.02514010 0.02852235 0.01824460
          oe         te
1 0.01946860 0.01485968
2 0.00000000 0.01263928
3 0.02609664 0.03400988

[[11]]
  delta         mu       mu_1       mu_0         de       se_1       se_0
1   0.5 0.02301822 0.01928108 0.02678546 0.02243795 0.01630767 0.02288970
2   1.0 0.01667146 0.01794448 0.01546279 0.01238681 0.00000000 0.00000000
3   2.0 0.03468100 0.03804391 0.02540487 0.02581215 0.02996653 0.02022708
          oe         te
1 0.02080499 0.01560448
2 0.00000000 0.01238681
3 0.02781119 0.03598696

[[12]]
  delta         mu       mu_1       mu_0         de       se_1       se_0
1   0.5 0.02458393 0.02147796 0.02804502 0.02308707 0.01674843 0.02247540
2   1.0 0.01747228 0.01801146 0.01708703 0.01265629 0.00000000 0.00000000
3   2.0 0.03045187 0.03225270 0.02436161 0.02118290 0.02505932 0.02041067
          oe         te
1 0.02018816 0.01681976
2 0.00000000 0.01265629
3 0.02481246 0.03182944

[[13]]
  delta         mu       mu_1       mu_0         de       se_1       se_0
1   0.5 0.02366737 0.01919670 0.02756142 0.02170384 0.01570146 0.02384183
2   1.0 0.01626860 0.01726826 0.01589741 0.01305546 0.00000000 0.00000000
3   2.0 0.03047068 0.03308474 0.02400085 0.02240809 0.02545723 0.01907727
          oe         te
1 0.02113487 0.01629861
2 0.00000000 0.01305546
3 0.02410093 0.03197038

[[14]]
  delta         mu       mu_1       mu_0         de       se_1       se_0
1   0.5 0.02361730 0.01941320 0.02775397 0.02242975 0.01575751 0.02255877
2   1.0 0.01782408 0.01872638 0.01699978 0.01355652 0.00000000 0.00000000
3   2.0 0.03395818 0.03662556 0.02510145 0.02331449 0.02835630 0.02058321
          oe         te
1 0.01972530 0.01495015
2 0.00000000 0.01355652
3 0.02757373 0.03577408

[[15]]
  delta         mu       mu_1       mu_0         de       se_1       se_0
1   0.5 0.02142376 0.01851673 0.02409974 0.01977668 0.01492333 0.02083737
2   1.0 0.01666366 0.01755529 0.01561841 0.01245023 0.00000000 0.00000000
3   2.0 0.03559365 0.03896383 0.02631699 0.02678350 0.03161175 0.02115955
          oe         te
1 0.01886249 0.01547481
2 0.00000000 0.01245023
3 0.02937693 0.03752987

[[16]]
  delta         mu       mu_1       mu_0         de       se_1       se_0
1   0.5 0.02598329 0.02110593 0.02967548 0.02340305 0.01711158 0.02461150
2   1.0 0.01677553 0.01727624 0.01640978 0.01288670 0.00000000 0.00000000
3   2.0 0.02997957 0.03479497 0.02349658 0.03114032 0.02958645 0.01924426
          oe         te
1 0.02206862 0.01675529
2 0.00000000 0.01288670
3 0.02555883 0.03525191

[[17]]
  delta         mu       mu_1       mu_0         de       se_1       se_0
1   0.5 0.02564053 0.01998857 0.02885292 0.02007593 0.01569813 0.02309337
2   1.0 0.01721562 0.01777915 0.01673936 0.01269673 0.00000000 0.00000000
3   2.0 0.03268808 0.03593051 0.02518904 0.02581507 0.02928201 0.02171453
          oe         te
1 0.02093509 0.01477656
2 0.00000000 0.01269673
3 0.02777610 0.03588003

[[18]]
  delta         mu       mu_1       mu_0         de       se_1       se_0
1   0.5 0.02335566 0.02127018 0.02576798 0.02164946 0.01745135 0.02207480
2   1.0 0.01717041 0.01771164 0.01623619 0.01267014 0.00000000 0.00000000
3   2.0 0.03020603 0.03171258 0.02585332 0.02217883 0.02402568 0.02114207
          oe         te
1 0.02001051 0.01725025
2 0.00000000 0.01267014
3 0.02405226 0.03088612

[[19]]
  delta         mu       mu_1       mu_0         de       se_1       se_0
1   0.5 0.02453131 0.02441536 0.02673076 0.02391197 0.02043706 0.02287111
2   1.0 0.01735261 0.01811071 0.01635626 0.01176708 0.00000000 0.00000000
3   2.0 0.03052325 0.03417204 0.02266993 0.02623353 0.02726026 0.01709759
          oe         te
1 0.02130296 0.02012292
2 0.00000000 0.01176708
3 0.02427118 0.03230976

[[20]]
  delta         mu       mu_1       mu_0         de       se_1       se_0
1   0.5 0.02400175 0.02057825 0.02717593 0.02242997 0.01696865 0.02329381
2   1.0 0.01814294 0.01898410 0.01680220 0.01251341 0.00000000 0.00000000
3   2.0 0.03613779 0.04083581 0.02465631 0.03202045 0.03420151 0.01930562
          oe         te
1 0.02102119 0.01678197
2 0.00000000 0.01251341
3 0.03030506 0.03944499

[1] "Total run time was 2961.696 seconds"
