Warning message:
package ‘SuperLearner’ was built under R version 4.1.3 
[1] "[Simulation setting]"
[1] "n: 500"
[1] "deltas: 0.5, 1, 2"
[1] "K: 2"
[1] "r: 100"
[1] "s: 1"
[1] "Sim.id 1"
[1] "Data generated and format changed"
[1] "   Split: 1"
Loading required namespace: nnet
Loading required namespace: ranger
[1] "   Split: 2"
[1] "Estimates and SE estimates computed"
[1] ""
[1] "Sim.id 2"
[1] "Data generated and format changed"
[1] "   Split: 1"
[1] "   Split: 2"
[1] "Estimates and SE estimates computed"
[1] ""
[1] "Sim.id 3"
[1] "Data generated and format changed"
[1] "   Split: 1"
[1] "   Split: 2"
[1] "Estimates and SE estimates computed"
[1] ""
[1] "Sim.id 4"
[1] "Data generated and format changed"
[1] "   Split: 1"
[1] "   Split: 2"
[1] "Estimates and SE estimates computed"
[1] ""
[1] "Sim.id 5"
[1] "Data generated and format changed"
[1] "   Split: 1"
[1] "   Split: 2"
[1] "Estimates and SE estimates computed"
[1] ""
[1] "Sim.id 6"
[1] "Data generated and format changed"
[1] "   Split: 1"
[1] "   Split: 2"
[1] "Estimates and SE estimates computed"
[1] ""
[1] "Sim.id 7"
[1] "Data generated and format changed"
[1] "   Split: 1"
[1] "   Split: 2"
[1] "Estimates and SE estimates computed"
[1] ""
[1] "Sim.id 8"
[1] "Data generated and format changed"
[1] "   Split: 1"
[1] "   Split: 2"
[1] "Estimates and SE estimates computed"
[1] ""
[1] "Sim.id 9"
[1] "Data generated and format changed"
[1] "   Split: 1"
[1] "   Split: 2"
[1] "Estimates and SE estimates computed"
[1] ""
[1] "Sim.id 10"
[1] "Data generated and format changed"
[1] "   Split: 1"
[1] "   Split: 2"
[1] "Estimates and SE estimates computed"
[1] ""
[1] "Sim.id 11"
[1] "Data generated and format changed"
[1] "   Split: 1"
[1] "   Split: 2"
[1] "Estimates and SE estimates computed"
[1] ""
[1] "Sim.id 12"
[1] "Data generated and format changed"
[1] "   Split: 1"
[1] "   Split: 2"
[1] "Estimates and SE estimates computed"
[1] ""
[1] "Sim.id 13"
[1] "Data generated and format changed"
[1] "   Split: 1"
[1] "   Split: 2"
[1] "Estimates and SE estimates computed"
[1] ""
[1] "Sim.id 14"
[1] "Data generated and format changed"
[1] "   Split: 1"
[1] "   Split: 2"
[1] "Estimates and SE estimates computed"
[1] ""
[1] "Sim.id 15"
[1] "Data generated and format changed"
[1] "   Split: 1"
[1] "   Split: 2"
[1] "Estimates and SE estimates computed"
[1] ""
[1] "Sim.id 16"
[1] "Data generated and format changed"
[1] "   Split: 1"
[1] "   Split: 2"
[1] "Estimates and SE estimates computed"
[1] ""
[1] "Sim.id 17"
[1] "Data generated and format changed"
[1] "   Split: 1"
[1] "   Split: 2"
[1] "Estimates and SE estimates computed"
[1] ""
[1] "Sim.id 18"
[1] "Data generated and format changed"
[1] "   Split: 1"
[1] "   Split: 2"
[1] "Estimates and SE estimates computed"
[1] ""
[1] "Sim.id 19"
[1] "Data generated and format changed"
[1] "   Split: 1"
[1] "   Split: 2"
[1] "Estimates and SE estimates computed"
[1] ""
[1] "Sim.id 20"
[1] "Data generated and format changed"
[1] "   Split: 1"
[1] "   Split: 2"
[1] "Estimates and SE estimates computed"
[1] ""
[[1]]
  delta        mu      mu_1      mu_0         de        se_1       se_0
1   0.5 0.8138329 0.7142554 0.8850604 -0.1708050  0.02965910 0.01838707
2   1.0 0.7637331 0.6845963 0.8666733 -0.1820770  0.00000000 0.00000000
3   2.0 0.7275624 0.6668408 0.8770174 -0.2101765 -0.01775548 0.01034404
           oe         te
1  0.05009981 -0.1524179
2  0.00000000 -0.1820770
3 -0.03617075 -0.1998325

[[2]]
  delta        mu      mu_1      mu_0         de        se_1        se_0
1   0.5 0.8080565 0.7053279 0.8787832 -0.1734553  0.01174286 -0.01043036
2   1.0 0.7798089 0.6935850 0.8892135 -0.1956285  0.00000000  0.00000000
3   2.0 0.7277074 0.6803893 0.8522815 -0.1718923 -0.01319574 -0.03693197
           oe         te
1  0.02824760 -0.1838857
2  0.00000000 -0.1956285
3 -0.05210147 -0.2088243

[[3]]
  delta        mu      mu_1      mu_0         de        se_1        se_0
1   0.5 0.8311665 0.7169005 0.9062515 -0.1893511  0.02467617  0.02900738
2   1.0 0.7710849 0.6922243 0.8772442 -0.1850199  0.00000000  0.00000000
3   2.0 0.6883996 0.6428848 0.8291753 -0.1862904 -0.04933945 -0.04806891
           oe         te
1  0.06008161 -0.1603437
2  0.00000000 -0.1850199
3 -0.08268529 -0.2343593

[[4]]
  delta        mu      mu_1      mu_0         de         se_1         se_0
1   0.5 0.7966824 0.6761212 0.8774808 -0.2013596  0.007460742  0.007597914
2   1.0 0.7543438 0.6686604 0.8698829 -0.2012224  0.000000000  0.000000000
3   2.0 0.7091139 0.6505392 0.8649502 -0.2144109 -0.018121202 -0.004932700
           oe         te
1  0.04233863 -0.1937617
2  0.00000000 -0.2012224
3 -0.04522995 -0.2193436

[[5]]
  delta        mu      mu_1      mu_0         de       se_1       se_0
1   0.5 0.8115586 0.6859334 0.8953990 -0.2094656 0.02128170 0.04472702
2   1.0 0.7431711 0.6646517 0.8506720 -0.1860203 0.00000000 0.00000000
3   2.0 0.7729049 0.7308762 0.8722353 -0.1413591 0.06622442 0.02156329
          oe         te
1 0.06838745 -0.1647386
2 0.00000000 -0.1860203
3 0.02973381 -0.1197958

[[6]]
  delta        mu      mu_1      mu_0         de        se_1        se_0
1   0.5 0.8089799 0.7002416 0.8823369 -0.1820954  0.03372576  0.03144361
2   1.0 0.7443750 0.6665158 0.8508933 -0.1843775  0.00000000  0.00000000
3   2.0 0.6748890 0.6278963 0.8186286 -0.1907323 -0.03861947 -0.03226472
           oe         te
1  0.06460496 -0.1506518
2  0.00000000 -0.1843775
3 -0.06948593 -0.2229970

[[7]]
  delta        mu      mu_1      mu_0         de       se_1         se_0
1   0.5 0.7920871 0.6901309 0.8673083 -0.1771773 0.02713454  0.008358246
2   1.0 0.7438580 0.6629964 0.8589500 -0.1959536 0.00000000  0.000000000
3   2.0 0.7281871 0.6824732 0.8554086 -0.1729354 0.01947684 -0.003541441
           oe         te
1  0.04822920 -0.1688191
2  0.00000000 -0.1959536
3 -0.01567086 -0.1764768

[[8]]
  delta        mu      mu_1      mu_0         de       se_1        se_0
1   0.5 0.8289603 0.7284972 0.8880639 -0.1595667  0.0395074  0.02304417
2   1.0 0.7696537 0.6889898 0.8650197 -0.1760299  0.0000000  0.00000000
3   2.0 0.7155052 0.6640463 0.8322426 -0.1681962 -0.0249435 -0.03277715
           oe         te
1  0.05930663 -0.1365225
2  0.00000000 -0.1760299
3 -0.05414846 -0.2009734

[[9]]
  delta        mu      mu_1      mu_0         de         se_1       se_0
1   0.5 0.8295972 0.7036501 0.9066535 -0.2030033  0.006742671 0.03019292
2   1.0 0.7785365 0.6969075 0.8764606 -0.1795531  0.000000000 0.00000000
3   2.0 0.7440917 0.6862806 0.8794657 -0.1931851 -0.010626857 0.00300512
           oe         te
1  0.05106067 -0.1728104
2  0.00000000 -0.1795531
3 -0.03444488 -0.1901799

[[10]]
  delta        mu      mu_1      mu_0         de         se_1         se_0
1   0.5 0.7633772 0.6751157 0.8299154 -0.1547997 -0.004479671 -0.014278346
2   1.0 0.7492085 0.6795953 0.8441937 -0.1645984  0.000000000  0.000000000
3   2.0 0.7174669 0.6647112 0.8490115 -0.1843004 -0.014884165  0.004817783
           oe         te
1  0.01416870 -0.1690781
2  0.00000000 -0.1645984
3 -0.03174165 -0.1794826

[[11]]
  delta        mu      mu_1      mu_0         de        se_1         se_0
1   0.5 0.8346185 0.7080652 0.9127065 -0.2046414  0.02134988  0.008208956
2   1.0 0.7837415 0.6867153 0.9044976 -0.2177823  0.00000000  0.000000000
3   2.0 0.6913055 0.6259790 0.8595755 -0.2335965 -0.06073630 -0.044922112
           oe         te
1  0.05087697 -0.1964324
2  0.00000000 -0.2177823
3 -0.09243601 -0.2785186

[[12]]
  delta        mu      mu_1      mu_0         de        se_1        se_0
1   0.5 0.8166398 0.7226749 0.8862786 -0.1636036  0.01585267 0.009007553
2   1.0 0.7769274 0.7068223 0.8772710 -0.1704487  0.00000000 0.000000000
3   2.0 0.7385328 0.6889819 0.8785067 -0.1895248 -0.01784038 0.001235724
           oe         te
1  0.03971241 -0.1545961
2  0.00000000 -0.1704487
3 -0.03839463 -0.1882891

[[13]]
  delta        mu      mu_1      mu_0         de        se_1         se_0
1   0.5 0.8037416 0.6962051 0.8692645 -0.1730594  0.04074217  0.036939821
2   1.0 0.7318035 0.6554629 0.8323247 -0.1768617  0.00000000  0.000000000
3   2.0 0.6782389 0.6233572 0.8258536 -0.2024964 -0.03210573 -0.006471033
           oe         te
1  0.07193811 -0.1361196
2  0.00000000 -0.1768617
3 -0.05356464 -0.2089675

[[14]]
  delta        mu      mu_1      mu_0         de         se_1        se_0
1   0.5 0.7654974 0.6671795 0.8364574 -0.1692779 -0.001516673 -0.01425233
2   1.0 0.7434124 0.6686962 0.8507098 -0.1820136  0.000000000  0.00000000
3   2.0 0.6964156 0.6468045 0.8405093 -0.1937048 -0.021891750 -0.01020050
           oe         te
1  0.02208507 -0.1835302
2  0.00000000 -0.1820136
3 -0.04699681 -0.2039053

[[15]]
  delta        mu      mu_1      mu_0         de       se_1         se_0
1   0.5 0.7657861 0.6741630 0.8326476 -0.1584846 0.03160001 0.0130757710
2   1.0 0.7155737 0.6425630 0.8195718 -0.1770088 0.00000000 0.0000000000
3   2.0 0.7090873 0.6671578 0.8196690 -0.1525113 0.02459480 0.0000972314
            oe         te
1  0.050212363 -0.1454088
2  0.000000000 -0.1770088
3 -0.006486395 -0.1524140

[[16]]
  delta        mu      mu_1      mu_0         de         se_1         se_0
1   0.5 0.7904736 0.6736381 0.8654082 -0.1917701  0.006289404  0.004107796
2   1.0 0.7519765 0.6673487 0.8613004 -0.1939517  0.000000000  0.000000000
3   2.0 0.7135554 0.6552710 0.8607722 -0.2055012 -0.012077725 -0.000528178
           oe         te
1  0.03849714 -0.1876623
2  0.00000000 -0.1939517
3 -0.03842107 -0.2060294

[[17]]
  delta        mu      mu_1      mu_0         de        se_1         se_0
1   0.5 0.8119326 0.7080428 0.8792740 -0.1712312 0.040834014 0.0180408490
2   1.0 0.7527845 0.6672088 0.8612331 -0.1940243 0.000000000 0.0000000000
3   2.0 0.7278286 0.6731761 0.8614365 -0.1882604 0.005967345 0.0002033709
           oe         te
1  0.05914804 -0.1531903
2  0.00000000 -0.1940243
3 -0.02495595 -0.1880570

[[18]]
  delta        mu      mu_1      mu_0         de        se_1        se_0
1   0.5 0.7940832 0.6808013 0.8698593 -0.1890581  0.02129952  0.01195376
2   1.0 0.7431702 0.6595018 0.8579056 -0.1984038  0.00000000  0.00000000
3   2.0 0.6630469 0.6154952 0.8080382 -0.1925430 -0.04400660 -0.04986738
           oe         te
1  0.05091296 -0.1771043
2  0.00000000 -0.1984038
3 -0.08012333 -0.2424104

[[19]]
  delta        mu      mu_1      mu_0         de        se_1        se_0
1   0.5 0.7915059 0.7045349 0.8530217 -0.1484867  0.01978336 0.001777127
2   1.0 0.7553496 0.6847515 0.8512445 -0.1664930  0.00000000 0.000000000
3   2.0 0.7137758 0.6603450 0.8585378 -0.1981929 -0.02440656 0.007293309
           oe         te
1  0.03615629 -0.1467096
2  0.00000000 -0.1664930
3 -0.04157374 -0.1908995

[[20]]
  delta        mu      mu_1      mu_0         de        se_1        se_0
1   0.5 0.8171215 0.6951844 0.8899626 -0.1947782  0.03686799  0.02899129
2   1.0 0.7478124 0.6583164 0.8609713 -0.2026549  0.00000000  0.00000000
3   2.0 0.6804526 0.6245785 0.8238840 -0.1993055 -0.03373793 -0.03708734
           oe         te
1  0.06930902 -0.1657869
2  0.00000000 -0.2026549
3 -0.06735982 -0.2363928

[[1]]
  delta         mu       mu_1       mu_0         de       se_1       se_0
1   0.5 0.02522868 0.02081119 0.02934641 0.02156222 0.01849660 0.02605717
2   1.0 0.01815553 0.01881592 0.01724816 0.01263432 0.00000000 0.00000000
3   2.0 0.03581073 0.03895186 0.02599589 0.02653910 0.03051756 0.02020003
          oe         te
1 0.02319902 0.01715062
2 0.00000000 0.01263432
3 0.02866942 0.03695160

[[2]]
  delta         mu       mu_1       mu_0         de       se_1       se_0
1   0.5 0.02417447 0.01919584 0.02787571 0.02256419 0.01559318 0.02460502
2   1.0 0.01689139 0.01724712 0.01630773 0.01240700 0.00000000 0.00000000
3   2.0 0.03532914 0.04063597 0.02478125 0.03211705 0.03534906 0.02084396
          oe         te
1 0.02137483 0.01590517
2 0.00000000 0.01240700
3 0.03091992 0.04039337

[[3]]
  delta         mu       mu_1       mu_0         de       se_1       se_0
1   0.5 0.02295839 0.01944226 0.02550878 0.01959919 0.01464563 0.02138692
2   1.0 0.01808817 0.01849844 0.01767327 0.01238162 0.00000000 0.00000000
3   2.0 0.03339103 0.03697647 0.02354307 0.02688644 0.02974171 0.01768401
          oe         te
1 0.01934506 0.01504895
2 0.00000000 0.01238162
3 0.02715978 0.03542301

[[4]]
  delta         mu       mu_1       mu_0         de       se_1       se_0
1   0.5 0.02435586 0.01913497 0.02834524 0.02234631 0.01547951 0.02284340
2   1.0 0.01708099 0.01775788 0.01645155 0.01284137 0.00000000 0.00000000
3   2.0 0.03287431 0.03546247 0.02458024 0.02385315 0.02732644 0.01937173
          oe         te
1 0.02030216 0.01568400
2 0.00000000 0.01284137
3 0.02607448 0.03367933

[[5]]
  delta         mu       mu_1       mu_0         de       se_1       se_0
1   0.5 0.02165384 0.01921011 0.02415635 0.01919523 0.01604932 0.02066771
2   1.0 0.01701868 0.01783666 0.01603112 0.01235382 0.00000000 0.00000000
3   2.0 0.03881590 0.04330338 0.02627475 0.03025356 0.03543450 0.02116109
          oe         te
1 0.01874389 0.01546159
2 0.00000000 0.01235382
3 0.03225289 0.04125947

[[6]]
  delta         mu       mu_1       mu_0         de       se_1       se_0
1   0.5 0.02047292 0.01919052 0.02305768 0.02073109 0.01474902 0.01999192
2   1.0 0.01717314 0.01807050 0.01638382 0.01280756 0.00000000 0.00000000
3   2.0 0.02926054 0.03106522 0.02899245 0.02871894 0.02389249 0.02365482
          oe         te
1 0.01754021 0.01560855
2 0.00000000 0.01280756
3 0.02321401 0.03051944

[[7]]
  delta         mu       mu_1       mu_0         de       se_1       se_0
1   0.5 0.02568266 0.02118286 0.02899798 0.02228282 0.01742836 0.02402989
2   1.0 0.01661137 0.01751037 0.01629804 0.01342018 0.00000000 0.00000000
3   2.0 0.04114882 0.04869183 0.02521441 0.03773651 0.04302070 0.02146779
          oe         te
1 0.02206286 0.01715115
2 0.00000000 0.01342018
3 0.03651459 0.04820437

[[8]]
  delta         mu       mu_1       mu_0         de       se_1       se_0
1   0.5 0.02513734 0.02177366 0.02827322 0.02283347 0.01642777 0.02241633
2   1.0 0.01793232 0.01825314 0.01730606 0.01239626 0.00000000 0.00000000
3   2.0 0.02853093 0.03001221 0.02399610 0.01933441 0.02258673 0.01894027
          oe         te
1 0.01993268 0.01627816
2 0.00000000 0.01239626
3 0.02226571 0.02858698

[[9]]
  delta         mu       mu_1       mu_0         de       se_1       se_0
1   0.5 0.02351807 0.02114387 0.02701958 0.02373816 0.01741968 0.02382733
2   1.0 0.01693417 0.01751830 0.01611445 0.01169067 0.00000000 0.00000000
3   2.0 0.03427867 0.03852557 0.02400802 0.02902009 0.03291825 0.01999115
          oe         te
1 0.02039320 0.01762637
2 0.00000000 0.01169067
3 0.02964041 0.03774760

[[10]]
  delta         mu       mu_1       mu_0         de       se_1       se_0
1   0.5 0.02490348 0.01923801 0.02865466 0.02195773 0.01521416 0.02317092
2   1.0 0.01648015 0.01710896 0.01592879 0.01219352 0.00000000 0.00000000
3   2.0 0.03543119 0.03845258 0.02621652 0.02465330 0.03199209 0.02239124
          oe         te
1 0.02051147 0.01489352
2 0.00000000 0.01219352
3 0.03035752 0.03763435

[[11]]
  delta         mu       mu_1       mu_0         de       se_1       se_0
1   0.5 0.02315507 0.02097481 0.02582035 0.02028260 0.01741879 0.02269818
2   1.0 0.01668722 0.01750819 0.01569498 0.01242789 0.00000000 0.00000000
3   2.0 0.03352224 0.03728144 0.02369556 0.02589234 0.03089628 0.02061176
          oe         te
1 0.02076889 0.01760466
2 0.00000000 0.01242789
3 0.02881493 0.03692854

[[12]]
  delta         mu       mu_1       mu_0         de       se_1       se_0
1   0.5 0.02159864 0.02031567 0.02575078 0.02617301 0.01788551 0.02276099
2   1.0 0.01816506 0.01900115 0.01686280 0.01272313 0.00000000 0.00000000
3   2.0 0.03808391 0.04184076 0.02671307 0.02868657 0.03562427 0.02225048
          oe         te
1 0.01977044 0.01781330
2 0.00000000 0.01272313
3 0.03301435 0.04132602

[[13]]
  delta         mu       mu_1       mu_0         de       se_1       se_0
1   0.5 0.02376244 0.02025766 0.02703187 0.02132094 0.01626973 0.02235490
2   1.0 0.01742580 0.01803580 0.01683578 0.01217228 0.00000000 0.00000000
3   2.0 0.03062212 0.03234953 0.02449945 0.02180895 0.02535322 0.01947377
          oe         te
1 0.02003727 0.01577240
2 0.00000000 0.01217228
3 0.02453061 0.03067306

[[14]]
  delta         mu       mu_1       mu_0         de       se_1       se_0
1   0.5 0.02090985 0.01878561 0.02415299 0.02098700 0.01455283 0.02083512
2   1.0 0.01691490 0.01818584 0.01570886 0.01257707 0.00000000 0.00000000
3   2.0 0.03348112 0.03771896 0.02336387 0.02937661 0.03053330 0.01893152
          oe         te
1 0.01833107 0.01495446
2 0.00000000 0.01257707
3 0.02749900 0.03652515

[[15]]
  delta         mu       mu_1       mu_0         de       se_1       se_0
1   0.5 0.02322137 0.02038161 0.02563752 0.01968411 0.01617358 0.02189315
2   1.0 0.01664139 0.01733307 0.01552867 0.01108530 0.00000000 0.00000000
3   2.0 0.03212891 0.03525434 0.02388226 0.02545817 0.02890082 0.01870527
          oe         te
1 0.01959920 0.01586390
2 0.00000000 0.01108530
3 0.02679843 0.03425136

[[16]]
  delta         mu       mu_1       mu_0         de       se_1       se_0
1   0.5 0.02719844 0.02138388 0.03148097 0.02529992 0.01754180 0.02577531
2   1.0 0.01780377 0.01779110 0.01772417 0.01286239 0.00000000 0.00000000
3   2.0 0.02799228 0.02995476 0.02421509 0.02271723 0.02263257 0.02051520
          oe         te
1 0.02278781 0.01764378
2 0.00000000 0.01286239
3 0.02218947 0.02941641

[[17]]
  delta         mu       mu_1       mu_0         de       se_1       se_0
1   0.5 0.02575515 0.02018299 0.02878464 0.01915183 0.01531492 0.02285148
2   1.0 0.01730093 0.01731964 0.01726547 0.01208926 0.00000000 0.00000000
3   2.0 0.03108096 0.03390225 0.02405129 0.02347093 0.02666379 0.01950657
         oe         te
1 0.0207075 0.01463571
2 0.0000000 0.01208926
3 0.0250736 0.03260738

[[18]]
  delta         mu       mu_1       mu_0         de       se_1       se_0
1   0.5 0.02472113 0.02093022 0.02743894 0.02111133 0.01632601 0.02224435
2   1.0 0.01768416 0.01780010 0.01717224 0.01233058 0.00000000 0.00000000
3   2.0 0.02997516 0.03202823 0.02586803 0.02456258 0.02439164 0.02027064
          oe         te
1 0.02005537 0.01609692
2 0.00000000 0.01233058
3 0.02335964 0.03067838

[[19]]
  delta         mu       mu_1       mu_0         de       se_1       se_0
1   0.5 0.02076368 0.01829181 0.02340515 0.01975037 0.01547867 0.02054592
2   1.0 0.01663613 0.01781438 0.01544161 0.01241605 0.00000000 0.00000000
3   2.0 0.03556647 0.04017054 0.02595629 0.02986528 0.03259098 0.01996596
          oe         te
1 0.01881945 0.01588574
2 0.00000000 0.01241605
3 0.02889677 0.03828743

[[20]]
  delta         mu       mu_1       mu_0         de       se_1       se_0
1   0.5 0.02405025 0.02002479 0.02764330 0.02189838 0.01526835 0.02319804
2   1.0 0.01675994 0.01720916 0.01621195 0.01184775 0.00000000 0.00000000
3   2.0 0.02705031 0.02830008 0.02281814 0.01784170 0.02162628 0.01882765
          oe         te
1 0.02006462 0.01522888
2 0.00000000 0.01184775
3 0.02167704 0.02769426

[[1]]
  delta        mu      mu_1      mu_0         de        se_1        se_0
1   0.5 0.8167846 0.7151506 0.8883603 -0.1732097  0.03118324 0.020430447
2   1.0 0.7642436 0.6839673 0.8679298 -0.1839625  0.00000000 0.000000000
3   2.0 0.7183869 0.6569735 0.8708811 -0.2139076 -0.02699385 0.002951277
           oe         te
1  0.05254093 -0.1527792
2  0.00000000 -0.1839625
3 -0.04585678 -0.2109563

[[2]]
  delta        mu      mu_1      mu_0         de        se_1        se_0
1   0.5 0.8102236 0.7050349 0.8821936 -0.1771588  0.01203896 -0.00749158
2   1.0 0.7793641 0.6929959 0.8896852 -0.1966893  0.00000000  0.00000000
3   2.0 0.7280005 0.6813419 0.8528056 -0.1714637 -0.01165401 -0.03687960
           oe         te
1  0.03085958 -0.1846503
2  0.00000000 -0.1966893
3 -0.05136360 -0.2083433

[[3]]
  delta        mu      mu_1      mu_0         de        se_1        se_0
1   0.5 0.8315910 0.7173394 0.9066363 -0.1892969  0.02526592  0.02933796
2   1.0 0.7710264 0.6920734 0.8772983 -0.1852249  0.00000000  0.00000000
3   2.0 0.6873737 0.6416743 0.8287369 -0.1870626 -0.05039918 -0.04856147
           oe         te
1  0.06056452 -0.1599590
2  0.00000000 -0.1852249
3 -0.08365274 -0.2356241

[[4]]
  delta        mu      mu_1      mu_0         de         se_1         se_0
1   0.5 0.7994013 0.6771616 0.8813314 -0.2041699  0.007484084  0.009983545
2   1.0 0.7555827 0.6696775 0.8713479 -0.2016704  0.000000000  0.000000000
3   2.0 0.7097339 0.6511719 0.8654829 -0.2143110 -0.018505625 -0.005865046
           oe         te
1  0.04381858 -0.1941863
2  0.00000000 -0.2016704
3 -0.04584881 -0.2201760

[[5]]
  delta        mu      mu_1      mu_0         de       se_1       se_0
1   0.5 0.8117842 0.6864491 0.8955191 -0.2090700 0.02135574 0.04421251
2   1.0 0.7437036 0.6650934 0.8513066 -0.1862133 0.00000000 0.00000000
3   2.0 0.7730106 0.7310634 0.8719405 -0.1408771 0.06597008 0.02063386
          oe         te
1 0.06808065 -0.1648575
2 0.00000000 -0.1862133
3 0.02930696 -0.1202432

[[6]]
  delta        mu      mu_1      mu_0         de        se_1        se_0
1   0.5 0.8081683 0.7009483 0.8801702 -0.1792218  0.03472426  0.02944458
2   1.0 0.7439047 0.6662241 0.8507256 -0.1845015  0.00000000  0.00000000
3   2.0 0.6748107 0.6283359 0.8187455 -0.1904097 -0.03788822 -0.03198006
           oe         te
1  0.06426366 -0.1497773
2  0.00000000 -0.1845015
3 -0.06909397 -0.2223897

[[7]]
  delta        mu      mu_1      mu_0         de       se_1         se_0
1   0.5 0.7914484 0.6899656 0.8662062 -0.1762406 0.02630593  0.006518824
2   1.0 0.7447902 0.6636597 0.8596874 -0.1960277 0.00000000  0.000000000
3   2.0 0.7271579 0.6805502 0.8561667 -0.1756166 0.01689044 -0.003520670
           oe         te
1  0.04665819 -0.1697218
2  0.00000000 -0.1960277
3 -0.01763228 -0.1791373

[[8]]
  delta        mu      mu_1      mu_0         de        se_1        se_0
1   0.5 0.8263592 0.7280245 0.8847773 -0.1567528  0.03880625  0.01981357
2   1.0 0.7696459 0.6892183 0.8649637 -0.1757455  0.00000000  0.00000000
3   2.0 0.7163665 0.6648466 0.8331381 -0.1682914 -0.02437161 -0.03182566
           oe         te
1  0.05671339 -0.1369392
2  0.00000000 -0.1757455
3 -0.05327937 -0.2001171

[[9]]
  delta        mu      mu_1      mu_0         de         se_1        se_0
1   0.5 0.8289367 0.7032936 0.9058032 -0.2025096  0.007570956 0.030193510
2   1.0 0.7776779 0.6957226 0.8756097 -0.1798871  0.000000000 0.000000000
3   2.0 0.7402942 0.6817802 0.8773239 -0.1955437 -0.013942425 0.001714148
           oe         te
1  0.05125885 -0.1723161
2  0.00000000 -0.1798871
3 -0.03738368 -0.1938295

[[10]]
  delta        mu      mu_1      mu_0         de         se_1          se_0
1   0.5 0.7596569 0.6741410 0.8248139 -0.1506729 -0.004501607 -0.0185159306
2   1.0 0.7482069 0.6786426 0.8433299 -0.1646872  0.000000000  0.0000000000
3   2.0 0.7150437 0.6639285 0.8438265 -0.1798981 -0.014714157  0.0004966699
           oe         te
1  0.01145002 -0.1691889
2  0.00000000 -0.1646872
3 -0.03316324 -0.1794014

[[11]]
  delta        mu      mu_1      mu_0         de        se_1         se_0
1   0.5 0.8345092 0.7070204 0.9128113 -0.2057909  0.02014338  0.008560161
2   1.0 0.7837856 0.6868770 0.9042511 -0.2173741  0.00000000  0.000000000
3   2.0 0.6922221 0.6270908 0.8597093 -0.2326185 -0.05978621 -0.044541811
           oe         te
1  0.05072354 -0.1972307
2  0.00000000 -0.2173741
3 -0.09156349 -0.2771603

[[12]]
  delta        mu      mu_1      mu_0         de        se_1          se_0
1   0.5 0.8158557 0.7226482 0.8850925 -0.1624442  0.01552378  0.0070303662
2   1.0 0.7774159 0.7071245 0.8780621 -0.1709376  0.00000000  0.0000000000
3   2.0 0.7357668 0.6861767 0.8775448 -0.1913681 -0.02094775 -0.0005173064
           oe         te
1  0.03843987 -0.1554139
2  0.00000000 -0.1709376
3 -0.04164911 -0.1918854

[[13]]
  delta        mu      mu_1      mu_0         de        se_1         se_0
1   0.5 0.8037612 0.6965915 0.8692618 -0.1726703  0.04040489  0.037073433
2   1.0 0.7321166 0.6561866 0.8321883 -0.1760017  0.00000000  0.000000000
3   2.0 0.6801795 0.6251450 0.8275474 -0.2024024 -0.03104163 -0.004640975
           oe         te
1  0.07164454 -0.1355969
2  0.00000000 -0.1760017
3 -0.05193710 -0.2070434

[[14]]
  delta        mu      mu_1      mu_0         de         se_1        se_0
1   0.5 0.7645831 0.6668984 0.8343172 -0.1674188 -0.001896254 -0.01618475
2   1.0 0.7435844 0.6687947 0.8505020 -0.1817073  0.000000000  0.00000000
3   2.0 0.6971696 0.6466076 0.8429127 -0.1963051 -0.022187078 -0.00758929
           oe         te
1  0.02099878 -0.1836035
2  0.00000000 -0.1817073
3 -0.04641472 -0.2038944

[[15]]
  delta        mu      mu_1      mu_0         de       se_1         se_0
1   0.5 0.7660432 0.6736054 0.8333050 -0.1596996 0.03013197 0.0130764793
2   1.0 0.7163661 0.6434734 0.8202285 -0.1767551 0.00000000 0.0000000000
3   2.0 0.7100539 0.6679604 0.8210902 -0.1531298 0.02448701 0.0008616743
            oe         te
1  0.049677119 -0.1466231
2  0.000000000 -0.1767551
3 -0.006312203 -0.1522681

[[16]]
  delta        mu      mu_1      mu_0         de         se_1         se_0
1   0.5 0.7903368 0.6734647 0.8653570 -0.1918922  0.005976552  0.004067402
2   1.0 0.7520493 0.6674882 0.8612895 -0.1938014  0.000000000  0.000000000
3   2.0 0.7132477 0.6547607 0.8607909 -0.2060302 -0.012727476 -0.000498660
           oe         te
1  0.03828754 -0.1878248
2  0.00000000 -0.1938014
3 -0.03880155 -0.2065289

[[17]]
  delta        mu      mu_1      mu_0         de        se_1        se_0
1   0.5 0.8079757 0.7055871 0.8752536 -0.1696665 0.039211760 0.015585052
2   1.0 0.7512423 0.6663753 0.8596686 -0.1932933 0.000000000 0.000000000
3   2.0 0.7274055 0.6730852 0.8607050 -0.1876198 0.006709828 0.001036385
           oe         te
1  0.05673344 -0.1540815
2  0.00000000 -0.1932933
3 -0.02383676 -0.1865834

[[18]]
  delta        mu      mu_1      mu_0         de        se_1        se_0
1   0.5 0.7926153 0.6789608 0.8684622 -0.1895014  0.02094046  0.01241113
2   1.0 0.7417212 0.6580203 0.8560511 -0.1980308  0.00000000  0.00000000
3   2.0 0.6622240 0.6143159 0.8075744 -0.1932585 -0.04370439 -0.04847665
           oe         te
1  0.05089404 -0.1770903
2  0.00000000 -0.1980308
3 -0.07949721 -0.2417351

[[19]]
  delta        mu      mu_1      mu_0         de        se_1        se_0
1   0.5 0.7945871 0.7060096 0.8563231 -0.1503135  0.02244127 0.005687502
2   1.0 0.7543294 0.6835683 0.8506356 -0.1670673  0.00000000 0.000000000
3   2.0 0.7132941 0.6598095 0.8585003 -0.1986908 -0.02375879 0.007864711
           oe         te
1  0.04025771 -0.1446260
2  0.00000000 -0.1670673
3 -0.04103538 -0.1908261

[[20]]
  delta        mu      mu_1      mu_0         de        se_1        se_0
1   0.5 0.8129408 0.6933853 0.8849491 -0.1915639  0.03521990  0.02734581
2   1.0 0.7459411 0.6581654 0.8576033 -0.1994380  0.00000000  0.00000000
3   2.0 0.6808362 0.6253697 0.8224045 -0.1970348 -0.03279567 -0.03519887
           oe         te
1  0.06699974 -0.1642181
2  0.00000000 -0.1994380
3 -0.06510487 -0.2322336

[[1]]
  delta         mu       mu_1       mu_0         de       se_1       se_0
1   0.5 0.02512862 0.02096202 0.02881074 0.02066772 0.01848002 0.02533114
2   1.0 0.01825143 0.01890838 0.01726361 0.01261047 0.00000000 0.00000000
3   2.0 0.03596298 0.03928679 0.02595685 0.02694299 0.03074520 0.01992535
          oe         te
1 0.02289575 0.01706258
2 0.00000000 0.01261047
3 0.02865692 0.03712568

[[2]]
  delta         mu       mu_1       mu_0         de       se_1       se_0
1   0.5 0.02411188 0.01914889 0.02780869 0.02245299 0.01558959 0.02461470
2   1.0 0.01680842 0.01721152 0.01614257 0.01237691 0.00000000 0.00000000
3   2.0 0.03579779 0.04128120 0.02472354 0.03275864 0.03603135 0.02084783
          oe         te
1 0.02136539 0.01591007
2 0.00000000 0.01237691
3 0.03143582 0.04104678

[[3]]
  delta         mu       mu_1       mu_0         de       se_1       se_0
1   0.5 0.02292473 0.01945657 0.02545280 0.01955236 0.01468680 0.02134902
2   1.0 0.01811144 0.01852856 0.01767008 0.01236216 0.00000000 0.00000000
3   2.0 0.03347280 0.03706392 0.02356320 0.02689560 0.02980194 0.01770101
          oe         te
1 0.01933798 0.01506990
2 0.00000000 0.01236216
3 0.02720851 0.03547837

[[4]]
  delta         mu       mu_1       mu_0         de       se_1       se_0
1   0.5 0.02452250 0.01914576 0.02859887 0.02256242 0.01550544 0.02311879
2   1.0 0.01703187 0.01768810 0.01639598 0.01280388 0.00000000 0.00000000
3   2.0 0.03227011 0.03480836 0.02416407 0.02342559 0.02684627 0.01904446
          oe         te
1 0.02049150 0.01563271
2 0.00000000 0.01280388
3 0.02561633 0.03315109

[[5]]
  delta         mu       mu_1       mu_0         de       se_1       se_0
1   0.5 0.02158186 0.01909210 0.02410901 0.01904190 0.01593795 0.02067121
2   1.0 0.01700711 0.01785241 0.01599452 0.01236634 0.00000000 0.00000000
3   2.0 0.03864185 0.04309645 0.02616923 0.03007910 0.03514456 0.02104916
          oe         te
1 0.01872724 0.01534836
2 0.00000000 0.01236634
3 0.03202142 0.04103087

[[6]]
  delta         mu       mu_1       mu_0         de       se_1       se_0
1   0.5 0.02079393 0.01925523 0.02360717 0.02077544 0.01480157 0.02039289
2   1.0 0.01712396 0.01803846 0.01634463 0.01281456 0.00000000 0.00000000
3   2.0 0.02934965 0.03118479 0.02872953 0.02846517 0.02404899 0.02335500
          oe         te
1 0.01780055 0.01565129
2 0.00000000 0.01281456
3 0.02334012 0.03065287

[[7]]
  delta         mu       mu_1       mu_0         de       se_1       se_0
1   0.5 0.02550769 0.02112241 0.02877602 0.02213603 0.01732428 0.02378837
2   1.0 0.01661176 0.01750134 0.01632319 0.01341368 0.00000000 0.00000000
3   2.0 0.03985093 0.04666898 0.02512655 0.03549703 0.04081986 0.02142125
          oe         te
1 0.02184806 0.01707291
2 0.00000000 0.01341368
3 0.03511609 0.04619327

[[8]]
  delta         mu       mu_1       mu_0         de       se_1       se_0
1   0.5 0.02479073 0.02158797 0.02787610 0.02256551 0.01626261 0.02203340
2   1.0 0.01786013 0.01822611 0.01722675 0.01239439 0.00000000 0.00000000
3   2.0 0.02862430 0.03010776 0.02396724 0.01925045 0.02263580 0.01897058
          oe         te
1 0.01960542 0.01614253
2 0.00000000 0.01239439
3 0.02232298 0.02865939

[[9]]
  delta         mu       mu_1       mu_0         de       se_1       se_0
1   0.5 0.02354562 0.02122370 0.02696940 0.02361082 0.01755765 0.02370005
2   1.0 0.01695198 0.01752092 0.01618208 0.01177788 0.00000000 0.00000000
3   2.0 0.03388806 0.03800937 0.02389995 0.02845913 0.03239529 0.02011317
          oe         te
1 0.02039181 0.01769822
2 0.00000000 0.01177788
3 0.02932138 0.03734869

[[10]]
  delta         mu       mu_1       mu_0         de       se_1       se_0
1   0.5 0.02488062 0.01933745 0.02860282 0.02202501 0.01542064 0.02324291
2   1.0 0.01661701 0.01726068 0.01597042 0.01220281 0.00000000 0.00000000
3   2.0 0.03543837 0.03861029 0.02584113 0.02476391 0.03199943 0.02182011
          oe         te
1 0.02063924 0.01496122
2 0.00000000 0.01220281
3 0.03019618 0.03771734

[[11]]
  delta         mu       mu_1       mu_0         de       se_1       se_0
1   0.5 0.02315005 0.02094840 0.02589017 0.02043775 0.01745833 0.02282437
2   1.0 0.01661613 0.01750740 0.01557346 0.01240694 0.00000000 0.00000000
3   2.0 0.03386736 0.03769364 0.02373926 0.02620039 0.03124173 0.02065390
          oe         te
1 0.02089204 0.01760475
2 0.00000000 0.01240694
3 0.02907965 0.03721826

[[12]]
  delta         mu       mu_1       mu_0         de       se_1       se_0
1   0.5 0.02144201 0.02046911 0.02571023 0.02663527 0.01795909 0.02275599
2   1.0 0.01799405 0.01887934 0.01668880 0.01271310 0.00000000 0.00000000
3   2.0 0.03768937 0.04149316 0.02627239 0.02861230 0.03534038 0.02197848
          oe         te
1 0.01958899 0.01788014
2 0.00000000 0.01271310
3 0.03272770 0.04109223

[[13]]
  delta         mu       mu_1       mu_0         de       se_1       se_0
1   0.5 0.02372908 0.02030855 0.02698844 0.02138273 0.01628541 0.02231062
2   1.0 0.01742078 0.01803531 0.01685855 0.01222091 0.00000000 0.00000000
3   2.0 0.03145375 0.03326364 0.02470760 0.02219499 0.02639533 0.01968326
          oe         te
1 0.02000276 0.01584053
2 0.00000000 0.01222091
3 0.02548549 0.03165439

[[14]]
  delta         mu       mu_1       mu_0         de       se_1       se_0
1   0.5 0.02096368 0.01877825 0.02405481 0.02071018 0.01462729 0.02073193
2   1.0 0.01693078 0.01824843 0.01565061 0.01261448 0.00000000 0.00000000
3   2.0 0.03353142 0.03784160 0.02334226 0.02956018 0.03069510 0.01891720
          oe         te
1 0.01846957 0.01498410
2 0.00000000 0.01261448
3 0.02756439 0.03670916

[[15]]
  delta         mu       mu_1       mu_0         de       se_1       se_0
1   0.5 0.02317372 0.02030166 0.02564998 0.01966265 0.01615726 0.02199656
2   1.0 0.01657465 0.01728521 0.01546373 0.01108816 0.00000000 0.00000000
3   2.0 0.03229073 0.03543192 0.02396977 0.02563098 0.02910109 0.01886156
          oe         te
1 0.01965941 0.01583237
2 0.00000000 0.01108816
3 0.02698374 0.03445114

[[16]]
  delta         mu       mu_1       mu_0         de       se_1       se_0
1   0.5 0.02723107 0.02143050 0.03151909 0.02528463 0.01763367 0.02583607
2   1.0 0.01786427 0.01786864 0.01773800 0.01285528 0.00000000 0.00000000
3   2.0 0.02818097 0.03019528 0.02421220 0.02292123 0.02286676 0.02049728
          oe         te
1 0.02287862 0.01767489
2 0.00000000 0.01285528
3 0.02234731 0.02964374

[[17]]
  delta         mu       mu_1       mu_0         de       se_1       se_0
1   0.5 0.02538606 0.02004513 0.02833776 0.01889479 0.01528138 0.02251336
2   1.0 0.01726106 0.01730093 0.01719087 0.01207266 0.00000000 0.00000000
3   2.0 0.03116531 0.03403224 0.02400777 0.02358755 0.02678622 0.01942424
          oe         te
1 0.02046093 0.01461425
2 0.00000000 0.01207266
3 0.02512123 0.03264955

[[18]]
  delta         mu       mu_1       mu_0         de       se_1       se_0
1   0.5 0.02475151 0.02096874 0.02746152 0.02106293 0.01638427 0.02221892
2   1.0 0.01768957 0.01779273 0.01717180 0.01227829 0.00000000 0.00000000
3   2.0 0.02993068 0.03193050 0.02590561 0.02452620 0.02432606 0.02033932
          oe         te
1 0.02006853 0.01613445
2 0.00000000 0.01227829
3 0.02336381 0.03063667

[[19]]
  delta         mu       mu_1       mu_0         de       se_1       se_0
1   0.5 0.02133355 0.01847548 0.02404151 0.01998753 0.01567523 0.02129645
2   1.0 0.01662360 0.01780634 0.01541823 0.01239045 0.00000000 0.00000000
3   2.0 0.03540489 0.04001038 0.02585824 0.02983332 0.03250760 0.01989828
          oe         te
1 0.01949044 0.01608907
2 0.00000000 0.01239045
3 0.02879114 0.03814538

[[20]]
  delta         mu       mu_1       mu_0         de       se_1       se_0
1   0.5 0.02410685 0.02008022 0.02774733 0.02178836 0.01537544 0.02318012
2   1.0 0.01691783 0.01732351 0.01640306 0.01194935 0.00000000 0.00000000
3   2.0 0.02768167 0.02900553 0.02337236 0.01807103 0.02226698 0.01942485
          oe         te
1 0.02008753 0.01521776
2 0.00000000 0.01194935
3 0.02234721 0.02856482

[1] "Total run time was 4494.89 seconds"
