Warning message:
package ‘SuperLearner’ was built under R version 4.1.3 
[1] "[Simulation setting]"
[1] "n: 500"
[1] "deltas: 0.5, 1, 2"
[1] "K: 2"
[1] "r: 100"
[1] "s: 1"
[1] "Sim.id 1"
[1] "Data generated and format changed"
[1] "   Split: 1"
Loading required namespace: nnet
Loading required namespace: ranger
[1] "   Split: 2"
[1] "Estimates and SE estimates computed"
[1] ""
[1] "Sim.id 2"
[1] "Data generated and format changed"
[1] "   Split: 1"
[1] "   Split: 2"
[1] "Estimates and SE estimates computed"
[1] ""
[1] "Sim.id 3"
[1] "Data generated and format changed"
[1] "   Split: 1"
[1] "   Split: 2"
[1] "Estimates and SE estimates computed"
[1] ""
[1] "Sim.id 4"
[1] "Data generated and format changed"
[1] "   Split: 1"
[1] "   Split: 2"
[1] "Estimates and SE estimates computed"
[1] ""
[1] "Sim.id 5"
[1] "Data generated and format changed"
[1] "   Split: 1"
[1] "   Split: 2"
[1] "Estimates and SE estimates computed"
[1] ""
[1] "Sim.id 6"
[1] "Data generated and format changed"
[1] "   Split: 1"
[1] "   Split: 2"
[1] "Estimates and SE estimates computed"
[1] ""
[1] "Sim.id 7"
[1] "Data generated and format changed"
[1] "   Split: 1"
[1] "   Split: 2"
[1] "Estimates and SE estimates computed"
[1] ""
[1] "Sim.id 8"
[1] "Data generated and format changed"
[1] "   Split: 1"
[1] "   Split: 2"
[1] "Estimates and SE estimates computed"
[1] ""
[1] "Sim.id 9"
[1] "Data generated and format changed"
[1] "   Split: 1"
[1] "   Split: 2"
[1] "Estimates and SE estimates computed"
[1] ""
[1] "Sim.id 10"
[1] "Data generated and format changed"
[1] "   Split: 1"
[1] "   Split: 2"
[1] "Estimates and SE estimates computed"
[1] ""
[1] "Sim.id 11"
[1] "Data generated and format changed"
[1] "   Split: 1"
[1] "   Split: 2"
[1] "Estimates and SE estimates computed"
[1] ""
[1] "Sim.id 12"
[1] "Data generated and format changed"
[1] "   Split: 1"
[1] "   Split: 2"
[1] "Estimates and SE estimates computed"
[1] ""
[1] "Sim.id 13"
[1] "Data generated and format changed"
[1] "   Split: 1"
[1] "   Split: 2"
[1] "Estimates and SE estimates computed"
[1] ""
[1] "Sim.id 14"
[1] "Data generated and format changed"
[1] "   Split: 1"
[1] "   Split: 2"
[1] "Estimates and SE estimates computed"
[1] ""
[1] "Sim.id 15"
[1] "Data generated and format changed"
[1] "   Split: 1"
[1] "   Split: 2"
[1] "Estimates and SE estimates computed"
[1] ""
[1] "Sim.id 16"
[1] "Data generated and format changed"
[1] "   Split: 1"
[1] "   Split: 2"
[1] "Estimates and SE estimates computed"
[1] ""
[1] "Sim.id 17"
[1] "Data generated and format changed"
[1] "   Split: 1"
[1] "   Split: 2"
[1] "Estimates and SE estimates computed"
[1] ""
[1] "Sim.id 18"
[1] "Data generated and format changed"
[1] "   Split: 1"
[1] "   Split: 2"
[1] "Estimates and SE estimates computed"
[1] ""
[1] "Sim.id 19"
[1] "Data generated and format changed"
[1] "   Split: 1"
[1] "   Split: 2"
[1] "Estimates and SE estimates computed"
[1] ""
[1] "Sim.id 20"
[1] "Data generated and format changed"
[1] "   Split: 1"
[1] "   Split: 2"
[1] "Estimates and SE estimates computed"
[1] ""
[[1]]
  delta        mu      mu_1      mu_0         de        se_1        se_0
1   0.5 0.8165691 0.6963208 0.8908051 -0.1944843 0.023104780 0.044142138
2   1.0 0.7487303 0.6732161 0.8466630 -0.1734469 0.000000000 0.000000000
3   2.0 0.7252157 0.6758366 0.8484902 -0.1726536 0.002620574 0.001827197
           oe         te
1  0.06783879 -0.1503421
2  0.00000000 -0.1734469
3 -0.02351454 -0.1708264

[[2]]
  delta        mu      mu_1      mu_0         de        se_1        se_0
1   0.5 0.8170217 0.7086999 0.8858795 -0.1771796  0.01392475  0.02405197
2   1.0 0.7697354 0.6947751 0.8618275 -0.1670524  0.00000000  0.00000000
3   2.0 0.7260556 0.6797456 0.8392064 -0.1594609 -0.01502958 -0.02262109
           oe         te
1  0.04728636 -0.1531276
2  0.00000000 -0.1670524
3 -0.04367975 -0.1820819

[[3]]
  delta        mu      mu_1      mu_0         de        se_1        se_0
1   0.5 0.7494578 0.6928734 0.8012661 -0.1083926  0.01082108 -0.05728123
2   1.0 0.7572604 0.6820523 0.8585473 -0.1764949  0.00000000  0.00000000
3   2.0 0.7002548 0.6537087 0.8280647 -0.1743561 -0.02834367 -0.03048256
            oe         te
1 -0.007802568 -0.1656739
2  0.000000000 -0.1764949
3 -0.057005565 -0.2048386

[[4]]
  delta        mu      mu_1      mu_0         de        se_1        se_0
1   0.5 0.7751709 0.6777380 0.8356750 -0.1579370  0.02661944 -0.02733453
2   1.0 0.7423253 0.6511185 0.8630095 -0.2118910  0.00000000  0.00000000
3   2.0 0.6642002 0.5991587 0.8448652 -0.2457065 -0.05195979 -0.01814430
           oe         te
1  0.03284558 -0.1852715
2  0.00000000 -0.2118910
3 -0.07812512 -0.2638508

[[5]]
  delta        mu      mu_1      mu_0         de        se_1        se_0
1   0.5 0.8508812 0.7216219 0.9337067 -0.2120848  0.04155032  0.05296330
2   1.0 0.7668096 0.6800716 0.8807434 -0.2006718  0.00000000  0.00000000
3   2.0 0.7077771 0.6528693 0.8505132 -0.1976438 -0.02720229 -0.03023026
           oe         te
1  0.08407155 -0.1591215
2  0.00000000 -0.2006718
3 -0.05903246 -0.2278741

[[6]]
  delta        mu      mu_1      mu_0         de        se_1        se_0
1   0.5 0.7824163 0.6687957 0.8679697 -0.1991740  0.01693374  0.02348039
2   1.0 0.7298708 0.6518619 0.8444893 -0.1926273  0.00000000  0.00000000
3   2.0 0.6784284 0.6334210 0.8170501 -0.1836290 -0.01844093 -0.02743921
           oe         te
1  0.05254558 -0.1756936
2  0.00000000 -0.1926273
3 -0.05144239 -0.2110683

[[7]]
  delta        mu      mu_1      mu_0         de        se_1        se_0
1   0.5 0.8006847 0.6933892 0.8664853 -0.1730961  0.02106813  0.01085364
2   1.0 0.7529225 0.6723211 0.8556317 -0.1833106  0.00000000  0.00000000
3   2.0 0.6776185 0.6326916 0.8016246 -0.1689330 -0.03962945 -0.05400710
           oe         te
1  0.04776226 -0.1622425
2  0.00000000 -0.1833106
3 -0.07530395 -0.2229401

[[8]]
  delta        mu      mu_1      mu_0         de        se_1        se_0
1   0.5 0.8157951 0.6790362 0.9008381 -0.2218019  0.02631192  0.04749106
2   1.0 0.7417356 0.6527243 0.8533471 -0.2006228  0.00000000  0.00000000
3   2.0 0.6666686 0.6018072 0.8300622 -0.2282550 -0.05091707 -0.02328488
           oe         te
1  0.07405952 -0.1743109
2  0.00000000 -0.2006228
3 -0.07506693 -0.2515398

[[9]]
  delta        mu      mu_1      mu_0         de        se_1         se_0
1   0.5 0.8220988 0.7162852 0.8877331 -0.1714479 0.023000887  0.023953593
2   1.0 0.7679123 0.6932844 0.8637795 -0.1704952 0.000000000  0.000000000
3   2.0 0.7457316 0.7003247 0.8627686 -0.1624439 0.007040355 -0.001010893
           oe         te
1  0.05418649 -0.1474943
2  0.00000000 -0.1704952
3 -0.02218067 -0.1634548

[[10]]
  delta        mu      mu_1      mu_0         de        se_1        se_0
1   0.5 0.8038803 0.6949437 0.8776325 -0.1826888  0.01151686  0.01987880
2   1.0 0.7574250 0.6834268 0.8577537 -0.1743269  0.00000000  0.00000000
3   2.0 0.6687918 0.6152413 0.8145505 -0.1993092 -0.06818547 -0.04320318
           oe         te
1  0.04645527 -0.1628100
2  0.00000000 -0.1743269
3 -0.08863320 -0.2425124

[[11]]
  delta        mu      mu_1      mu_0         de         se_1         se_0
1   0.5 0.7867531 0.6671674 0.8629967 -0.1958293 3.109180e-03  0.024198625
2   1.0 0.7396788 0.6640582 0.8387981 -0.1747399 0.000000e+00  0.000000000
3   2.0 0.7110855 0.6640678 0.8313486 -0.1672808 9.613813e-06 -0.007449484
           oe         te
1  0.04707429 -0.1716307
2  0.00000000 -0.1747399
3 -0.02859334 -0.1747302

[[12]]
  delta        mu      mu_1      mu_0         de        se_1        se_0
1   0.5 0.8032434 0.6818649 0.8842191 -0.2023542  0.01499069  0.02977835
2   1.0 0.7458701 0.6668742 0.8544407 -0.1875665  0.00000000  0.00000000
3   2.0 0.7023678 0.6565578 0.8312511 -0.1746933 -0.01031642 -0.02318964
           oe         te
1  0.05737332 -0.1725758
2  0.00000000 -0.1875665
3 -0.04350230 -0.1978829

[[13]]
  delta        mu      mu_1      mu_0         de         se_1        se_0
1   0.5 0.8011644 0.7103869 0.8687429 -0.1583560 1.355535e-02  0.01233684
2   1.0 0.7619304 0.6968316 0.8564061 -0.1595745 0.000000e+00  0.00000000
3   2.0 0.7360858 0.6968840 0.8475970 -0.1507130 5.243129e-05 -0.00880905
           oe         te
1  0.03923402 -0.1460192
2  0.00000000 -0.1595745
3 -0.02584458 -0.1595221

[[14]]
  delta        mu      mu_1      mu_0         de       se_1       se_0
1   0.5 0.7765077 0.6692371 0.8464574 -0.1772204 0.01961561 0.01539174
2   1.0 0.7271128 0.6496214 0.8310657 -0.1814442 0.00000000 0.00000000
3   2.0 0.7326545 0.6878257 0.8488170 -0.1609912 0.03820429 0.01775131
           oe         te
1 0.049394898 -0.1618286
2 0.000000000 -0.1814442
3 0.005541713 -0.1432399

[[15]]
  delta        mu      mu_1      mu_0         de        se_1        se_0
1   0.5 0.8120989 0.6901311 0.8913457 -0.2012146 0.051075892  0.05476932
2   1.0 0.7223483 0.6390552 0.8365764 -0.1975212 0.000000000  0.00000000
3   2.0 0.6955958 0.6473130 0.8243116 -0.1769985 0.008257827 -0.01226485
           oe         te
1  0.08975059 -0.1464453
2  0.00000000 -0.1975212
3 -0.02675251 -0.1892634

[[16]]
  delta        mu      mu_1      mu_0         de        se_1        se_0
1   0.5 0.7594346 0.6419853 0.8460878 -0.2041025  0.01589771  0.01394689
2   1.0 0.7106348 0.6260876 0.8321409 -0.2060533  0.00000000  0.00000000
3   2.0 0.6317534 0.5825358 0.7831807 -0.2006449 -0.04355178 -0.04896026
           oe         te
1  0.04879975 -0.1901556
2  0.00000000 -0.2060533
3 -0.07888139 -0.2496051

[[17]]
  delta        mu      mu_1      mu_0         de        se_1        se_0
1   0.5 0.8130256 0.7047761 0.8803714 -0.1755954  0.00894029  0.01597093
2   1.0 0.7719744 0.6958358 0.8644005 -0.1685647  0.00000000  0.00000000
3   2.0 0.7176117 0.6649533 0.8390833 -0.1741300 -0.03088244 -0.02531721
           oe         te
1  0.04105123 -0.1596245
2  0.00000000 -0.1685647
3 -0.05436273 -0.1994472

[[18]]
  delta        mu      mu_1      mu_0         de        se_1        se_0
1   0.5 0.7972027 0.7105520 0.8553747 -0.1448226  0.01927122 -0.01096519
2   1.0 0.7667773 0.6912808 0.8663398 -0.1750590  0.00000000  0.00000000
3   2.0 0.7227176 0.6785337 0.8487591 -0.1702254 -0.01274712 -0.01758075
           oe         te
1  0.03042536 -0.1557878
2  0.00000000 -0.1750590
3 -0.04405973 -0.1878062

[[19]]
  delta        mu      mu_1      mu_0         de         se_1         se_0
1   0.5 0.7736753 0.6700414 0.8432615 -0.1732201 -0.001279974 -0.001699171
2   1.0 0.7452927 0.6713214 0.8449607 -0.1736393  0.000000000  0.000000000
3   2.0 0.7089809 0.6637910 0.8332812 -0.1694902 -0.007530352 -0.011679529
           oe         te
1  0.02838261 -0.1749193
2  0.00000000 -0.1736393
3 -0.03631181 -0.1811697

[[20]]
  delta        mu      mu_1      mu_0         de         se_1        se_0
1   0.5 0.7989254 0.6841228 0.8737317 -0.1896089  0.014537415  0.01398529
2   1.0 0.7529017 0.6695854 0.8597464 -0.1901610  0.000000000  0.00000000
3   2.0 0.7131031 0.6605160 0.8415664 -0.1810504 -0.009069375 -0.01818003
           oe         te
1  0.04602374 -0.1756236
2  0.00000000 -0.1901610
3 -0.03979858 -0.1992304

[[1]]
  delta         mu       mu_1       mu_0         de       se_1       se_0
1   0.5 0.02623535 0.02015138 0.03022625 0.02261521 0.01549727 0.02546690
2   1.0 0.01769235 0.01804898 0.01710108 0.01217923 0.00000000 0.00000000
3   2.0 0.03247003 0.03521572 0.02443169 0.02435995 0.02727103 0.01890987
          oe         te
1 0.02224751 0.01464158
2 0.00000000 0.01217923
3 0.02563143 0.03328161

[[2]]
  delta         mu       mu_1       mu_0         de       se_1       se_0
1   0.5 0.02663966 0.02029654 0.03144825 0.02540672 0.01679266 0.02553569
2   1.0 0.01703344 0.01748811 0.01693144 0.01310020 0.00000000 0.00000000
3   2.0 0.03025629 0.03334763 0.02492733 0.02560509 0.02651199 0.01991191
          oe         te
1 0.02252488 0.01676081
2 0.00000000 0.01310020
3 0.02432334 0.03252144

[[3]]
  delta         mu       mu_1       mu_0         de       se_1       se_0
1   0.5 0.02842322 0.01992079 0.03379730 0.02631287 0.01557145 0.02957078
2   1.0 0.01750305 0.01783252 0.01739194 0.01287149 0.00000000 0.00000000
3   2.0 0.03444620 0.03822758 0.02524846 0.02722286 0.03280027 0.02092116
          oe         te
1 0.02519065 0.01476652
2 0.00000000 0.01287149
3 0.02996608 0.03831464

[[4]]
  delta         mu       mu_1       mu_0         de       se_1       se_0
1   0.5 0.02553958 0.02254559 0.03368740 0.02982626 0.01836362 0.02990493
2   1.0 0.01827823 0.01848168 0.01785756 0.01249019 0.00000000 0.00000000
3   2.0 0.02887818 0.03054472 0.02506085 0.02206473 0.02269022 0.01942292
          oe         te
1 0.02222582 0.01896593
2 0.00000000 0.01249019
3 0.02209678 0.02897710

[[5]]
  delta         mu       mu_1       mu_0         de       se_1       se_0
1   0.5 0.02425743 0.02091679 0.02716805 0.02129148 0.01649624 0.02226699
2   1.0 0.01745370 0.01773468 0.01716235 0.01254716 0.00000000 0.00000000
3   2.0 0.03105084 0.03363821 0.02516145 0.02441318 0.02629400 0.02019038
          oe         te
1 0.02012331 0.01658127
2 0.00000000 0.01254716
3 0.02519112 0.03309626

[[6]]
  delta         mu       mu_1       mu_0         de       se_1       se_0
1   0.5 0.02138690 0.01889680 0.02493812 0.02235793 0.01549791 0.02155105
2   1.0 0.01731705 0.01820354 0.01648465 0.01313015 0.00000000 0.00000000
3   2.0 0.03716448 0.04048426 0.02864887 0.02756294 0.03413551 0.02330878
          oe         te
1 0.01891411 0.01632657
2 0.00000000 0.01313015
3 0.03168350 0.03944772

[[7]]
  delta         mu       mu_1       mu_0         de       se_1       se_0
1   0.5 0.02461671 0.02049167 0.02813098 0.02193703 0.01568060 0.02354314
2   1.0 0.01675136 0.01745442 0.01612257 0.01236959 0.00000000 0.00000000
3   2.0 0.02963864 0.03150116 0.02378732 0.02201311 0.02337752 0.01912953
          oe         te
1 0.02079154 0.01613704
2 0.00000000 0.01236959
3 0.02276222 0.02950947

[[8]]
  delta         mu       mu_1       mu_0         de       se_1       se_0
1   0.5 0.02188252 0.02062380 0.02460502 0.02254273 0.01717932 0.02103028
2   1.0 0.01702044 0.01773386 0.01645402 0.01328031 0.00000000 0.00000000
3   2.0 0.03826269 0.04336687 0.02583363 0.03265542 0.03710230 0.02110557
          oe         te
1 0.01913379 0.01776727
2 0.00000000 0.01328031
3 0.03314641 0.04298231

[[9]]
  delta         mu       mu_1       mu_0         de       se_1       se_0
1   0.5 0.02948484 0.02031199 0.03448523 0.02681645 0.01730287 0.03122450
2   1.0 0.01725808 0.01774470 0.01693005 0.01230686 0.00000000 0.00000000
3   2.0 0.02952507 0.03168745 0.02457418 0.02209380 0.02456317 0.02049861
          oe         te
1 0.02727441 0.01580581
2 0.00000000 0.01230686
3 0.02373276 0.03067368

[[10]]
  delta         mu       mu_1       mu_0         de       se_1       se_0
1   0.5 0.02587123 0.01975686 0.03026478 0.02371455 0.01594506 0.02623577
2   1.0 0.01824030 0.01879596 0.01707432 0.01244880 0.00000000 0.00000000
3   2.0 0.02903086 0.03090254 0.02325933 0.02102865 0.02370873 0.01862654
          oe         te
1 0.02290701 0.01501291
2 0.00000000 0.01244880
3 0.02314749 0.03020887

[[11]]
  delta         mu       mu_1       mu_0         de       se_1       se_0
1   0.5 0.02431306 0.02032066 0.02719566 0.02200449 0.01469846 0.02110311
2   1.0 0.01808855 0.01828586 0.01729471 0.01235313 0.00000000 0.00000000
3   2.0 0.02968409 0.03165191 0.02346353 0.02286366 0.02481614 0.01880086
          oe         te
1 0.01894281 0.01610819
2 0.00000000 0.01235313
3 0.02362038 0.03014734

[[12]]
  delta         mu       mu_1       mu_0         de       se_1       se_0
1   0.5 0.02941030 0.02725905 0.03216685 0.02610889 0.02449545 0.02848589
2   1.0 0.01804533 0.01893976 0.01670930 0.01280704 0.00000000 0.00000000
3   2.0 0.03380104 0.03665263 0.02587991 0.02540583 0.02820455 0.02075236
          oe         te
1 0.02650318 0.02359849
2 0.00000000 0.01280704
3 0.02696488 0.03547706

[[13]]
  delta         mu       mu_1       mu_0         de       se_1       se_0
1   0.5 0.02179627 0.01905599 0.02493144 0.02112198 0.01578598 0.02117279
2   1.0 0.01700007 0.01747170 0.01631269 0.01204096 0.00000000 0.00000000
3   2.0 0.03302613 0.03530410 0.02692604 0.02543220 0.02804406 0.02188759
          oe         te
1 0.01911055 0.01561245
2 0.00000000 0.01204096
3 0.02670323 0.03388900

[[14]]
  delta         mu       mu_1       mu_0         de       se_1       se_0
1   0.5 0.02540547 0.01950683 0.02993242 0.02420869 0.01510933 0.02441926
2   1.0 0.01648819 0.01713617 0.01646678 0.01293187 0.00000000 0.00000000
3   2.0 0.03178670 0.03569192 0.02241641 0.02546274 0.02913042 0.01841837
          oe         te
1 0.02060047 0.01583327
2 0.00000000 0.01293187
3 0.02682086 0.03527279

[[15]]
  delta         mu       mu_1       mu_0         de       se_1       se_0
1   0.5 0.02305334 0.02006555 0.02566901 0.01982314 0.01576585 0.02158913
2   1.0 0.01642109 0.01715407 0.01564942 0.01142482 0.00000000 0.00000000
3   2.0 0.03862195 0.04387134 0.02664527 0.03114285 0.03749608 0.02170416
          oe         te
1 0.01947972 0.01555589
2 0.00000000 0.01142482
3 0.03315396 0.04248597

[[16]]
  delta         mu       mu_1       mu_0         de       se_1       se_0
1   0.5 0.02333012 0.01933692 0.02663632 0.02094966 0.01592969 0.02198805
2   1.0 0.01677117 0.01713521 0.01622255 0.01191528 0.00000000 0.00000000
3   2.0 0.02819523 0.02933126 0.02434459 0.02153713 0.02274962 0.01905690
          oe         te
1 0.01987214 0.01589483
2 0.00000000 0.01191528
3 0.02245160 0.02875939

[[17]]
  delta         mu       mu_1       mu_0         de       se_1       se_0
1   0.5 0.02427835 0.02111361 0.02704628 0.02151194 0.01561241 0.02284718
2   1.0 0.01764724 0.01764418 0.01755176 0.01184301 0.00000000 0.00000000
3   2.0 0.02971738 0.03156485 0.02398319 0.01983883 0.02441034 0.01935710
          oe         te
1 0.02004157 0.01633697
2 0.00000000 0.01184301
3 0.02405788 0.03048878

[[18]]
  delta         mu       mu_1       mu_0         de       se_1       se_0
1   0.5 0.02472178 0.02105735 0.02827559 0.02375540 0.01720324 0.02394743
2   1.0 0.01749787 0.01792338 0.01690111 0.01238078 0.00000000 0.00000000
3   2.0 0.03407358 0.03798477 0.02477682 0.02604227 0.03129130 0.02114045
          oe         te
1 0.02116682 0.01637505
2 0.00000000 0.01238078
3 0.02895116 0.03752194

[[19]]
  delta         mu       mu_1       mu_0         de       se_1       se_0
1   0.5 0.02393437 0.02237588 0.02897680 0.02847385 0.01827837 0.02483130
2   1.0 0.01849189 0.01916889 0.01732985 0.01236241 0.00000000 0.00000000
3   2.0 0.03070951 0.03326217 0.02394688 0.02193186 0.02620121 0.01879486
          oe         te
1 0.02057113 0.01819809
2 0.00000000 0.01236241
3 0.02442698 0.03175711

[[20]]
  delta         mu       mu_1       mu_0         de       se_1       se_0
1   0.5 0.02158008 0.01876088 0.02477896 0.02062098 0.01452106 0.02088626
2   1.0 0.01733180 0.01796859 0.01653610 0.01244093 0.00000000 0.00000000
3   2.0 0.03024395 0.03274009 0.02359916 0.02253429 0.02508693 0.01813458
          oe         te
1 0.01855479 0.01526775
2 0.00000000 0.01244093
3 0.02374948 0.03138676

[[1]]
  delta        mu      mu_1      mu_0         de          se_1         se_0
1   0.5 0.8161015 0.6960568 0.8902377 -0.1941809  0.0237637460 0.0434114710
2   1.0 0.7482939 0.6722930 0.8468262 -0.1745332  0.0000000000 0.0000000000
3   2.0 0.7218165 0.6718448 0.8475974 -0.1757526 -0.0004482401 0.0007711968
           oe         te
1  0.06780760 -0.1507694
2  0.00000000 -0.1745332
3 -0.02647739 -0.1749814

[[2]]
  delta        mu      mu_1      mu_0         de        se_1        se_0
1   0.5 0.8162752 0.7086127 0.8847615 -0.1761487  0.01386109  0.02263416
2   1.0 0.7696812 0.6947516 0.8621273 -0.1673757  0.00000000  0.00000000
3   2.0 0.7247983 0.6780715 0.8399163 -0.1618448 -0.01668014 -0.02221099
           oe         te
1  0.04659401 -0.1535146
2  0.00000000 -0.1673757
3 -0.04488288 -0.1840558

[[3]]
  delta        mu      mu_1      mu_0         de        se_1        se_0
1   0.5 0.7513625 0.6937586 0.8035707 -0.1098120  0.01122211 -0.05514075
2   1.0 0.7574584 0.6825365 0.8587114 -0.1761749  0.00000000  0.00000000
3   2.0 0.7004081 0.6539475 0.8282147 -0.1742672 -0.02858901 -0.03049671
            oe         te
1 -0.006095965 -0.1649528
2  0.000000000 -0.1761749
3 -0.057050340 -0.2047639

[[4]]
  delta        mu      mu_1      mu_0         de       se_1        se_0
1   0.5 0.7781140 0.6784072 0.8404039 -0.1619967  0.0272015 -0.02273024
2   1.0 0.7424357 0.6512057 0.8631342 -0.2119285  0.0000000  0.00000000
3   2.0 0.6647266 0.5997212 0.8448240 -0.2451028 -0.0514845 -0.01831016
           oe         te
1  0.03567825 -0.1847270
2  0.00000000 -0.2119285
3 -0.07770914 -0.2634130

[[5]]
  delta        mu      mu_1      mu_0         de        se_1        se_0
1   0.5 0.8510219 0.7219552 0.9338257 -0.2118705  0.04181844  0.05303060
2   1.0 0.7668218 0.6801368 0.8807951 -0.2006583  0.00000000  0.00000000
3   2.0 0.7081699 0.6533120 0.8506120 -0.1973000 -0.02682479 -0.03018311
           oe         te
1  0.08420014 -0.1588399
2  0.00000000 -0.2006583
3 -0.05865186 -0.2274831

[[6]]
  delta        mu      mu_1      mu_0         de        se_1        se_0
1   0.5 0.7819216 0.6687499 0.8673407 -0.1985908  0.01711073  0.02284461
2   1.0 0.7297398 0.6516391 0.8444961 -0.1928570  0.00000000  0.00000000
3   2.0 0.6780936 0.6329605 0.8168608 -0.1839003 -0.01867863 -0.02763533
           oe         te
1  0.05218176 -0.1757462
2  0.00000000 -0.1928570
3 -0.05164623 -0.2115356

[[7]]
  delta        mu      mu_1      mu_0         de        se_1        se_0
1   0.5 0.8009404 0.6939843 0.8665061 -0.1725218  0.02164124  0.01110891
2   1.0 0.7528472 0.6723431 0.8553972 -0.1830541  0.00000000  0.00000000
3   2.0 0.6774424 0.6324432 0.8015575 -0.1691143 -0.03989991 -0.05383970
           oe         te
1  0.04809319 -0.1614129
2  0.00000000 -0.1830541
3 -0.07540483 -0.2229540

[[8]]
  delta        mu      mu_1      mu_0         de        se_1        se_0
1   0.5 0.8151088 0.6789997 0.8998554 -0.2208557  0.02695287  0.04675897
2   1.0 0.7410627 0.6520468 0.8530964 -0.2010496  0.00000000  0.00000000
3   2.0 0.6614293 0.5958208 0.8288676 -0.2330468 -0.05622605 -0.02422884
           oe         te
1  0.07404608 -0.1740967
2  0.00000000 -0.2010496
3 -0.07963343 -0.2572756

[[9]]
  delta        mu      mu_1      mu_0         de        se_1         se_0
1   0.5 0.8203049 0.7159664 0.8856341 -0.1696677 0.023397559  0.022699375
2   1.0 0.7669830 0.6925688 0.8629347 -0.1703659 0.000000000  0.000000000
3   2.0 0.7440566 0.6987512 0.8614350 -0.1626839 0.006182335 -0.001499708
           oe         te
1  0.05332188 -0.1469683
2  0.00000000 -0.1703659
3 -0.02292644 -0.1641836

[[10]]
  delta        mu      mu_1      mu_0         de        se_1        se_0
1   0.5 0.8027214 0.6938167 0.8765789 -0.1827623  0.01115343  0.01965196
2   1.0 0.7564069 0.6826632 0.8569270 -0.1742637  0.00000000  0.00000000
3   2.0 0.6693208 0.6163718 0.8138627 -0.1974909 -0.06629147 -0.04306427
           oe         te
1  0.04631451 -0.1631103
2  0.00000000 -0.1742637
3 -0.08708614 -0.2405552

[[11]]
  delta        mu      mu_1      mu_0         de          se_1         se_0
1   0.5 0.7861244 0.6669234 0.8621315 -0.1952080  0.0024156966  0.023497464
2   1.0 0.7399536 0.6645077 0.8386340 -0.1741263  0.0000000000  0.000000000
3   2.0 0.7116988 0.6640066 0.8325714 -0.1685647 -0.0005010998 -0.006062634
           oe         te
1  0.04617083 -0.1717106
2  0.00000000 -0.1741263
3 -0.02825480 -0.1746274

[[12]]
  delta        mu      mu_1      mu_0         de         se_1        se_0
1   0.5 0.8059574 0.6860943 0.8862270 -0.2001327  0.015936199  0.02857240
2   1.0 0.7498275 0.6701581 0.8576546 -0.1874965  0.000000000  0.00000000
3   2.0 0.7096807 0.6629809 0.8370546 -0.1740738 -0.007177175 -0.02059993
           oe         te
1  0.05612984 -0.1715603
2  0.00000000 -0.1874965
3 -0.04014684 -0.1946737

[[13]]
  delta        mu      mu_1      mu_0         de        se_1         se_0
1   0.5 0.8026508 0.7114537 0.8700875 -0.1586338 0.014543660  0.012814783
2   1.0 0.7623989 0.6969100 0.8572727 -0.1603627 0.000000000  0.000000000
3   2.0 0.7366951 0.6972556 0.8489888 -0.1517331 0.000345612 -0.008283911
           oe         te
1  0.04025196 -0.1458190
2  0.00000000 -0.1603627
3 -0.02570381 -0.1600170

[[14]]
  delta        mu      mu_1      mu_0         de       se_1       se_0
1   0.5 0.7749246 0.6678713 0.8449652 -0.1770938 0.01873073 0.01467320
2   1.0 0.7264877 0.6491406 0.8302920 -0.1811513 0.00000000 0.00000000
3   2.0 0.7327072 0.6878592 0.8488371 -0.1609779 0.03871863 0.01854516
           oe         te
1 0.048436899 -0.1624206
2 0.000000000 -0.1811513
3 0.006219515 -0.1424327

[[15]]
  delta        mu      mu_1      mu_0         de       se_1        se_0
1   0.5 0.8119347 0.6898185 0.8913199 -0.2015014 0.05105675  0.05462969
2   1.0 0.7222507 0.6387617 0.8366902 -0.1979285 0.00000000  0.00000000
3   2.0 0.6947951 0.6460122 0.8245614 -0.1785492 0.00725045 -0.01212881
           oe         te
1  0.08968404 -0.1468717
2  0.00000000 -0.1979285
3 -0.02745562 -0.1906780

[[16]]
  delta        mu      mu_1      mu_0         de        se_1        se_0
1   0.5 0.7598071 0.6420829 0.8468471 -0.2047641  0.01611983  0.01404133
2   1.0 0.7110421 0.6259631 0.8328057 -0.2068426  0.00000000  0.00000000
3   2.0 0.6300395 0.5805729 0.7814626 -0.2008897 -0.04539017 -0.05134313
           oe         te
1  0.04876494 -0.1907228
2  0.00000000 -0.2068426
3 -0.08100262 -0.2522328

[[17]]
  delta        mu      mu_1      mu_0         de         se_1        se_0
1   0.5 0.8133148 0.7048652 0.8808352 -0.1759700  0.008852365  0.01639912
2   1.0 0.7720726 0.6960128 0.8644361 -0.1684233  0.000000000  0.00000000
3   2.0 0.7175012 0.6648095 0.8392737 -0.1744642 -0.031203294 -0.02516240
           oe         te
1  0.04124222 -0.1595709
2  0.00000000 -0.1684233
3 -0.05457144 -0.1996266

[[18]]
  delta        mu      mu_1      mu_0         de        se_1        se_0
1   0.5 0.7969317 0.7112464 0.8541862 -0.1429398  0.02026552 -0.01188187
2   1.0 0.7666231 0.6909809 0.8660680 -0.1750872  0.00000000  0.00000000
3   2.0 0.7216038 0.6766576 0.8489546 -0.1722969 -0.01432322 -0.01711347
           oe         te
1  0.03030869 -0.1548217
2  0.00000000 -0.1750872
3 -0.04501921 -0.1894104

[[19]]
  delta        mu      mu_1      mu_0         de         se_1         se_0
1   0.5 0.7768098 0.6712814 0.8469007 -0.1756193  0.001638834  0.002933607
2   1.0 0.7439002 0.6696425 0.8439670 -0.1743245  0.000000000  0.000000000
3   2.0 0.7056861 0.6601858 0.8307620 -0.1705762 -0.009456718 -0.013205031
           oe         te
1  0.03290960 -0.1726857
2  0.00000000 -0.1743245
3 -0.03821406 -0.1837812

[[20]]
  delta        mu      mu_1      mu_0         de        se_1        se_0
1   0.5 0.8006864 0.6844097 0.8768572 -0.1924475  0.01548060  0.01626949
2   1.0 0.7526649 0.6689291 0.8605877 -0.1916586  0.00000000  0.00000000
3   2.0 0.7102237 0.6576599 0.8406484 -0.1829884 -0.01126921 -0.01993938
           oe         te
1  0.04802151 -0.1761780
2  0.00000000 -0.1916586
3 -0.04244114 -0.2029278

[[1]]
  delta         mu       mu_1       mu_0         de       se_1       se_0
1   0.5 0.02638351 0.02015969 0.03043244 0.02250718 0.01553386 0.02556335
2   1.0 0.01777574 0.01815757 0.01713269 0.01223147 0.00000000 0.00000000
3   2.0 0.03293024 0.03562515 0.02458959 0.02435504 0.02750994 0.01907553
          oe         te
1 0.02239256 0.01456178
2 0.00000000 0.01223147
3 0.02596002 0.03361882

[[2]]
  delta         mu       mu_1       mu_0         de       se_1       se_0
1   0.5 0.02653669 0.02019183 0.03128257 0.02515632 0.01675754 0.02542835
2   1.0 0.01708599 0.01754247 0.01690325 0.01304032 0.00000000 0.00000000
3   2.0 0.03029157 0.03339464 0.02505210 0.02576976 0.02652579 0.02006875
          oe         te
1 0.02246642 0.01665513
2 0.00000000 0.01304032
3 0.02427313 0.03246873

[[3]]
  delta         mu       mu_1       mu_0         de       se_1       se_0
1   0.5 0.02831688 0.01990934 0.03366268 0.02616854 0.01549898 0.02942140
2   1.0 0.01752040 0.01784110 0.01740445 0.01285318 0.00000000 0.00000000
3   2.0 0.03410661 0.03783660 0.02513061 0.02697809 0.03245445 0.02077901
          oe         te
1 0.02503338 0.01475388
2 0.00000000 0.01285318
3 0.02965815 0.03797799

[[4]]
  delta         mu       mu_1       mu_0         de       se_1       se_0
1   0.5 0.02469885 0.02239737 0.03114285 0.02708481 0.01818595 0.02725046
2   1.0 0.01825967 0.01848248 0.01781910 0.01248783 0.00000000 0.00000000
3   2.0 0.02894866 0.03070191 0.02499885 0.02226597 0.02281109 0.01937475
          oe         te
1 0.02136128 0.01879300
2 0.00000000 0.01248783
3 0.02215137 0.02911863

[[5]]
  delta         mu       mu_1       mu_0         de       se_1       se_0
1   0.5 0.02421115 0.02087357 0.02713229 0.02131414 0.01645353 0.02224854
2   1.0 0.01745449 0.01773625 0.01715575 0.01255208 0.00000000 0.00000000
3   2.0 0.03104659 0.03365205 0.02512167 0.02442678 0.02630851 0.02015822
          oe         te
1 0.02008340 0.01655022
2 0.00000000 0.01255208
3 0.02519989 0.03313388

[[6]]
  delta         mu       mu_1       mu_0         de       se_1       se_0
1   0.5 0.02143202 0.01889585 0.02497498 0.02229880 0.01562582 0.02161961
2   1.0 0.01730165 0.01822484 0.01641175 0.01314304 0.00000000 0.00000000
3   2.0 0.03694674 0.04020647 0.02854704 0.02732938 0.03373142 0.02322331
          oe         te
1 0.01906505 0.01631417
2 0.00000000 0.01314304
3 0.03135000 0.03911957

[[7]]
  delta         mu       mu_1       mu_0         de       se_1       se_0
1   0.5 0.02462387 0.02053444 0.02813622 0.02190979 0.01563361 0.02352805
2   1.0 0.01675110 0.01745944 0.01611114 0.01235245 0.00000000 0.00000000
3   2.0 0.02964010 0.03151824 0.02374228 0.02201803 0.02340484 0.01906442
          oe         te
1 0.02075402 0.01610169
2 0.00000000 0.01235245
3 0.02276888 0.02952477

[[8]]
  delta         mu       mu_1       mu_0         de       se_1       se_0
1   0.5 0.02183832 0.02046458 0.02457661 0.02227906 0.01702301 0.02099983
2   1.0 0.01702408 0.01778690 0.01637321 0.01323150 0.00000000 0.00000000
3   2.0 0.04085821 0.04656024 0.02611170 0.03512485 0.04033640 0.02133119
          oe         te
1 0.01911856 0.01759005
2 0.00000000 0.01323150
3 0.03572754 0.04597601

[[9]]
  delta         mu       mu_1       mu_0         de       se_1       se_0
1   0.5 0.02868647 0.02020147 0.03347217 0.02600827 0.01726836 0.03037589
2   1.0 0.01734299 0.01783447 0.01697607 0.01230809 0.00000000 0.00000000
3   2.0 0.02958792 0.03176467 0.02461096 0.02227184 0.02459133 0.02043417
          oe         te
1 0.02666337 0.01577232
2 0.00000000 0.01230809
3 0.02370440 0.03067753

[[10]]
  delta         mu       mu_1       mu_0         de       se_1       se_0
1   0.5 0.02609142 0.01986722 0.03059377 0.02393875 0.01609830 0.02660405
2   1.0 0.01822749 0.01879037 0.01707226 0.01245796 0.00000000 0.00000000
3   2.0 0.02909985 0.03100238 0.02324236 0.02115263 0.02383307 0.01862792
          oe         te
1 0.02319537 0.01516236
2 0.00000000 0.01245796
3 0.02324268 0.03033199

[[11]]
  delta         mu       mu_1       mu_0         de       se_1       se_0
1   0.5 0.02414218 0.02035027 0.02703465 0.02199695 0.01480906 0.02090958
2   1.0 0.01790629 0.01820751 0.01708142 0.01227981 0.00000000 0.00000000
3   2.0 0.02901434 0.03091081 0.02321158 0.02223358 0.02406485 0.01857687
          oe         te
1 0.01877357 0.01618251
2 0.00000000 0.01227981
3 0.02297369 0.02939995

[[12]]
  delta         mu       mu_1       mu_0         de       se_1       se_0
1   0.5 0.02992978 0.02762989 0.03269816 0.02600413 0.02477314 0.02870691
2   1.0 0.01826936 0.01908620 0.01692162 0.01287048 0.00000000 0.00000000
3   2.0 0.03414916 0.03698983 0.02603113 0.02548296 0.02841913 0.02098025
          oe         te
1 0.02677351 0.02367049
2 0.00000000 0.01287048
3 0.02725823 0.03578642

[[13]]
  delta         mu       mu_1       mu_0         de       se_1       se_0
1   0.5 0.02169731 0.01899462 0.02483254 0.02104518 0.01577145 0.02110393
2   1.0 0.01700081 0.01748946 0.01628942 0.01202515 0.00000000 0.00000000
3   2.0 0.03323700 0.03555718 0.02691983 0.02558172 0.02825444 0.02190324
          oe         te
1 0.01903816 0.01555582
2 0.00000000 0.01202515
3 0.02688703 0.03412517

[[14]]
  delta         mu       mu_1       mu_0         de       se_1       se_0
1   0.5 0.02535928 0.01946735 0.02986409 0.02416448 0.01506364 0.02439663
2   1.0 0.01649523 0.01715114 0.01644999 0.01292802 0.00000000 0.00000000
3   2.0 0.03184958 0.03573405 0.02242113 0.02548961 0.02918535 0.01847367
          oe         te
1 0.02058627 0.01576018
2 0.00000000 0.01292802
3 0.02692815 0.03536633

[[15]]
  delta         mu       mu_1       mu_0         de       se_1       se_0
1   0.5 0.02308836 0.02017866 0.02567064 0.01985834 0.01583877 0.02157715
2   1.0 0.01643759 0.01716984 0.01565879 0.01143212 0.00000000 0.00000000
3   2.0 0.03845085 0.04364440 0.02660135 0.03105194 0.03729586 0.02167983
          oe         te
1 0.01949270 0.01567213
2 0.00000000 0.01143212
3 0.03299392 0.04227337

[[16]]
  delta         mu       mu_1       mu_0         de       se_1       se_0
1   0.5 0.02306766 0.01937583 0.02634920 0.02107851 0.01596599 0.02179233
2   1.0 0.01679681 0.01717230 0.01620084 0.01189158 0.00000000 0.00000000
3   2.0 0.02860343 0.02983163 0.02434122 0.02185152 0.02322828 0.01903208
          oe         te
1 0.01964755 0.01596845
2 0.00000000 0.01189158
3 0.02282495 0.02919790

[[17]]
  delta         mu       mu_1       mu_0         de       se_1       se_0
1   0.5 0.02430046 0.02115835 0.02705752 0.02151278 0.01568044 0.02287035
2   1.0 0.01769687 0.01770264 0.01756354 0.01182716 0.00000000 0.00000000
3   2.0 0.02998315 0.03186058 0.02403428 0.01988565 0.02466444 0.01940514
          oe         te
1 0.02008873 0.01635863
2 0.00000000 0.01182716
3 0.02427035 0.03072501

[[18]]
  delta         mu       mu_1       mu_0         de       se_1       se_0
1   0.5 0.02474591 0.02111169 0.02825954 0.02353306 0.01730933 0.02391476
2   1.0 0.01749900 0.01796628 0.01688266 0.01238605 0.00000000 0.00000000
3   2.0 0.03450831 0.03856014 0.02479877 0.02649576 0.03180738 0.02113680
          oe         te
1 0.02122617 0.01639852
2 0.00000000 0.01238605
3 0.02931850 0.03804011

[[19]]
  delta         mu       mu_1       mu_0         de       se_1       se_0
1   0.5 0.02355345 0.02219362 0.02818116 0.02774001 0.01795145 0.02401801
2   1.0 0.01841657 0.01913187 0.01722096 0.01232890 0.00000000 0.00000000
3   2.0 0.03045735 0.03301690 0.02373285 0.02180360 0.02595128 0.01866216
          oe         te
1 0.02009027 0.01793422
2 0.00000000 0.01232890
3 0.02419284 0.03147858

[[20]]
  delta         mu       mu_1       mu_0         de       se_1       se_0
1   0.5 0.02172483 0.01867455 0.02518549 0.02133525 0.01443962 0.02140183
2   1.0 0.01728666 0.01794617 0.01647076 0.01246694 0.00000000 0.00000000
3   2.0 0.02989553 0.03242753 0.02350654 0.02251008 0.02474710 0.01801813
          oe         te
1 0.01878268 0.01530112
2 0.00000000 0.01246694
3 0.02336869 0.03106946

[1] "Total run time was 3286.124 seconds"
