Warning message:
package ‘SuperLearner’ was built under R version 4.1.3 
[1] "[Simulation setting]"
[1] "n: 500"
[1] "deltas: 0.5, 1, 2"
[1] "K: 2"
[1] "r: 100"
[1] "s: 1"
[1] "Sim.id 1"
[1] "Data generated and format changed"
[1] "   Split: 1"
Loading required namespace: nnet
Loading required namespace: ranger
[1] "   Split: 2"
[1] "Estimates and SE estimates computed"
[1] ""
[1] "Sim.id 2"
[1] "Data generated and format changed"
[1] "   Split: 1"
[1] "   Split: 2"
[1] "Estimates and SE estimates computed"
[1] ""
[1] "Sim.id 3"
[1] "Data generated and format changed"
[1] "   Split: 1"
[1] "   Split: 2"
[1] "Estimates and SE estimates computed"
[1] ""
[1] "Sim.id 4"
[1] "Data generated and format changed"
[1] "   Split: 1"
[1] "   Split: 2"
[1] "Estimates and SE estimates computed"
[1] ""
[1] "Sim.id 5"
[1] "Data generated and format changed"
[1] "   Split: 1"
[1] "   Split: 2"
[1] "Estimates and SE estimates computed"
[1] ""
[1] "Sim.id 6"
[1] "Data generated and format changed"
[1] "   Split: 1"
[1] "   Split: 2"
[1] "Estimates and SE estimates computed"
[1] ""
[1] "Sim.id 7"
[1] "Data generated and format changed"
[1] "   Split: 1"
[1] "   Split: 2"
[1] "Estimates and SE estimates computed"
[1] ""
[1] "Sim.id 8"
[1] "Data generated and format changed"
[1] "   Split: 1"
[1] "   Split: 2"
[1] "Estimates and SE estimates computed"
[1] ""
[1] "Sim.id 9"
[1] "Data generated and format changed"
[1] "   Split: 1"
[1] "   Split: 2"
[1] "Estimates and SE estimates computed"
[1] ""
[1] "Sim.id 10"
[1] "Data generated and format changed"
[1] "   Split: 1"
[1] "   Split: 2"
[1] "Estimates and SE estimates computed"
[1] ""
[1] "Sim.id 11"
[1] "Data generated and format changed"
[1] "   Split: 1"
[1] "   Split: 2"
[1] "Estimates and SE estimates computed"
[1] ""
[1] "Sim.id 12"
[1] "Data generated and format changed"
[1] "   Split: 1"
[1] "   Split: 2"
[1] "Estimates and SE estimates computed"
[1] ""
[1] "Sim.id 13"
[1] "Data generated and format changed"
[1] "   Split: 1"
[1] "   Split: 2"
[1] "Estimates and SE estimates computed"
[1] ""
[1] "Sim.id 14"
[1] "Data generated and format changed"
[1] "   Split: 1"
[1] "   Split: 2"
[1] "Estimates and SE estimates computed"
[1] ""
[1] "Sim.id 15"
[1] "Data generated and format changed"
[1] "   Split: 1"
[1] "   Split: 2"
[1] "Estimates and SE estimates computed"
[1] ""
[1] "Sim.id 16"
[1] "Data generated and format changed"
[1] "   Split: 1"
[1] "   Split: 2"
[1] "Estimates and SE estimates computed"
[1] ""
[1] "Sim.id 17"
[1] "Data generated and format changed"
[1] "   Split: 1"
[1] "   Split: 2"
[1] "Estimates and SE estimates computed"
[1] ""
[1] "Sim.id 18"
[1] "Data generated and format changed"
[1] "   Split: 1"
[1] "   Split: 2"
[1] "Estimates and SE estimates computed"
[1] ""
[1] "Sim.id 19"
[1] "Data generated and format changed"
[1] "   Split: 1"
[1] "   Split: 2"
[1] "Estimates and SE estimates computed"
[1] ""
[1] "Sim.id 20"
[1] "Data generated and format changed"
[1] "   Split: 1"
[1] "   Split: 2"
[1] "Estimates and SE estimates computed"
[1] ""
[[1]]
  delta        mu      mu_1      mu_0         de         se_1        se_0
1   0.5 0.7645502 0.6657043 0.8303934 -0.1646892  0.013980245 -0.01164879
2   1.0 0.7339693 0.6517240 0.8420422 -0.1903182  0.000000000  0.00000000
3   2.0 0.6899101 0.6426812 0.8175857 -0.1749046 -0.009042856 -0.02445649
           oe         te
1  0.03058090 -0.1763380
2  0.00000000 -0.1903182
3 -0.04405923 -0.1993611

[[2]]
  delta        mu      mu_1      mu_0         de        se_1        se_0
1   0.5 0.8395880 0.7197436 0.9196460 -0.1999025  0.02035861  0.02993879
2   1.0 0.7810361 0.6993850 0.8897072 -0.1903223  0.00000000  0.00000000
3   2.0 0.7355063 0.6822155 0.8699982 -0.1877827 -0.01716946 -0.01970907
           oe         te
1  0.05855188 -0.1699637
2  0.00000000 -0.1903223
3 -0.04552979 -0.2074917

[[3]]
  delta        mu      mu_1      mu_0         de       se_1         se_0
1   0.5 0.8163993 0.7193946 0.8836888 -0.1642942 0.03244789  0.009502975
2   1.0 0.7679203 0.6869467 0.8741858 -0.1872391 0.00000000  0.000000000
3   2.0 0.7496204 0.6992667 0.8726948 -0.1734281 0.01231999 -0.001491064
           oe         te
1  0.04847901 -0.1547912
2  0.00000000 -0.1872391
3 -0.01829989 -0.1749191

[[4]]
  delta        mu      mu_1      mu_0         de        se_1         se_0
1   0.5 0.7847736 0.7028419 0.8477647 -0.1449228 0.007309301 -0.033941666
2   1.0 0.7747553 0.6955326 0.8817064 -0.1861738 0.000000000  0.000000000
3   2.0 0.7471674 0.6982604 0.8771412 -0.1788808 0.002727796 -0.004565188
           oe         te
1  0.01001824 -0.1788645
2  0.00000000 -0.1861738
3 -0.02758793 -0.1834460

[[5]]
  delta        mu      mu_1      mu_0         de       se_1       se_0
1   0.5 0.8299240 0.7143772 0.9075024 -0.1931252 0.02721781 0.05739617
2   1.0 0.7563797 0.6871594 0.8501062 -0.1629468 0.00000000 0.00000000
3   2.0 0.7930151 0.7544796 0.8823970 -0.1279174 0.06732020 0.03229079
          oe         te
1 0.07354435 -0.1357290
2 0.00000000 -0.1629468
3 0.03663538 -0.0956266

[[6]]
  delta        mu      mu_1      mu_0         de        se_1          se_0
1   0.5 0.8171366 0.6952774 0.8960631 -0.2007858  0.03090841  0.0510064731
2   1.0 0.7401044 0.6643690 0.8450567 -0.1806877  0.00000000  0.0000000000
3   2.0 0.7038847 0.6541524 0.8442201 -0.1900677 -0.01021657 -0.0008366027
           oe         te
1  0.07703221 -0.1497793
2  0.00000000 -0.1806877
3 -0.03621972 -0.1909043

[[7]]
  delta        mu      mu_1      mu_0         de         se_1         se_0
1   0.5 0.7926638 0.7012974 0.8543457 -0.1530483  0.018918483 -0.002656098
2   1.0 0.7583402 0.6823789 0.8570018 -0.1746229  0.000000000  0.000000000
3   2.0 0.7222089 0.6771947 0.8360292 -0.1588345 -0.005184273 -0.020972625
           oe         te
1  0.03432357 -0.1557044
2  0.00000000 -0.1746229
3 -0.03613137 -0.1798072

[[8]]
  delta        mu      mu_1      mu_0         de        se_1       se_0
1   0.5 0.7840611 0.6821311 0.8558844 -0.1737533 0.014086282 0.01206152
2   1.0 0.7418725 0.6680448 0.8438229 -0.1757780 0.000000000 0.00000000
3   2.0 0.7231528 0.6699228 0.8569038 -0.1869810 0.001877938 0.01308091
           oe         te
1  0.04218864 -0.1616918
2  0.00000000 -0.1757780
3 -0.01871963 -0.1739001

[[9]]
  delta        mu      mu_1      mu_0         de        se_1        se_0
1   0.5 0.7993681 0.6948591 0.8647335 -0.1698744 0.009580679 -0.01211862
2   1.0 0.7709429 0.6852785 0.8768521 -0.1915737 0.000000000  0.00000000
3   2.0 0.7603221 0.7075684 0.8814414 -0.1738730 0.022289932  0.00458924
           oe         te
1  0.02842520 -0.1819930
2  0.00000000 -0.1915737
3 -0.01062079 -0.1692837

[[10]]
  delta        mu      mu_1      mu_0         de         se_1        se_0
1   0.5 0.7478539 0.6459610 0.8206162 -0.1746552 -0.006569777 -0.02319022
2   1.0 0.7340367 0.6525308 0.8438064 -0.1912756  0.000000000  0.00000000
3   2.0 0.7021533 0.6471141 0.8560189 -0.2089048 -0.005416620  0.01221253
           oe         te
1  0.01381721 -0.1978454
2  0.00000000 -0.1912756
3 -0.03188340 -0.1966923

[[11]]
  delta        mu      mu_1      mu_0         de        se_1       se_0
1   0.5 0.7770946 0.6811132 0.8493745 -0.1682613 0.015234334 0.01411465
2   1.0 0.7351936 0.6658789 0.8352599 -0.1693810 0.000000000 0.00000000
3   2.0 0.7310192 0.6749418 0.8718071 -0.1968653 0.009062903 0.03654719
           oe         te
1  0.04190098 -0.1541466
2  0.00000000 -0.1693810
3 -0.00417440 -0.1603181

[[12]]
  delta        mu      mu_1      mu_0         de         se_1         se_0
1   0.5 0.8140889 0.7087148 0.8824020 -0.1736872  0.027061548  0.008114579
2   1.0 0.7654268 0.6816533 0.8742874 -0.1926341  0.000000000  0.000000000
3   2.0 0.7278012 0.6797673 0.8516133 -0.1718460 -0.001885952 -0.022674118
           oe         te
1  0.04866218 -0.1655726
2  0.00000000 -0.1926341
3 -0.03762558 -0.1945201

[[13]]
  delta        mu      mu_1      mu_0         de        se_1        se_0
1   0.5 0.8133003 0.6959774 0.8884921 -0.1925147  0.03500206  0.03392167
2   1.0 0.7440099 0.6609754 0.8545705 -0.1935951  0.00000000  0.00000000
3   2.0 0.6749865 0.6291491 0.8089694 -0.1798204 -0.03182630 -0.04560105
           oe         te
1  0.06929038 -0.1585930
2  0.00000000 -0.1935951
3 -0.06902340 -0.2254214

[[14]]
  delta        mu      mu_1      mu_0         de        se_1        se_0
1   0.5 0.7943015 0.6900763 0.8624980 -0.1724217  0.03622149  0.02170589
2   1.0 0.7338173 0.6538548 0.8407921 -0.1869373  0.00000000  0.00000000
3   2.0 0.6680647 0.6177547 0.8083214 -0.1905666 -0.03610004 -0.03247068
           oe         te
1  0.06048427 -0.1507158
2  0.00000000 -0.1869373
3 -0.06575256 -0.2230373

[[15]]
  delta        mu      mu_1      mu_0         de        se_1        se_0
1   0.5 0.7515517 0.6628271 0.8140604 -0.1512333 -0.01730724 -0.02856997
2   1.0 0.7505325 0.6801344 0.8426303 -0.1624960  0.00000000  0.00000000
3   2.0 0.7099493 0.6493231 0.8650636 -0.2157404 -0.03081123  0.02243323
            oe         te
1  0.001019222 -0.1798032
2  0.000000000 -0.1624960
3 -0.040583261 -0.1933072

[[16]]
  delta        mu      mu_1      mu_0         de         se_1         se_0
1   0.5 0.7748217 0.6758093 0.8457433 -0.1699340  0.009811232 -0.001401997
2   1.0 0.7443146 0.6659981 0.8471453 -0.1811472  0.000000000  0.000000000
3   2.0 0.6446370 0.5734814 0.8317076 -0.2582262 -0.092516662 -0.015437735
           oe         te
1  0.03050718 -0.1713360
2  0.00000000 -0.1811472
3 -0.09967756 -0.2736639

[[17]]
  delta        mu      mu_1      mu_0         de        se_1         se_0
1   0.5 0.7990554 0.7085096 0.8619564 -0.1534469  0.03198952  0.003545971
2   1.0 0.7533058 0.6765200 0.8584105 -0.1818904  0.00000000  0.000000000
3   2.0 0.6897578 0.6438662 0.8188316 -0.1749654 -0.03265389 -0.039578902
           oe         te
1  0.04574964 -0.1499009
2  0.00000000 -0.1818904
3 -0.06354794 -0.2145443

[[18]]
  delta        mu      mu_1      mu_0         de        se_1        se_0
1   0.5 0.7854529 0.6859602 0.8504724 -0.1645123  0.03823567  0.01382999
2   1.0 0.7301330 0.6477245 0.8366424 -0.1889179  0.00000000  0.00000000
3   2.0 0.6738468 0.6220032 0.7984804 -0.1764772 -0.02572128 -0.03816201
           oe         te
1  0.05531984 -0.1506823
2  0.00000000 -0.1889179
3 -0.05628621 -0.2146392

[[19]]
  delta        mu      mu_1      mu_0         de        se_1        se_0
1   0.5 0.8301426 0.7140433 0.9112719 -0.1972286  0.04069832  0.04293293
2   1.0 0.7549300 0.6733450 0.8683390 -0.1949940  0.00000000  0.00000000
3   2.0 0.6882707 0.6359248 0.8327850 -0.1968602 -0.03742020 -0.03555393
           oe         te
1  0.07521258 -0.1542956
2  0.00000000 -0.1949940
3 -0.06665932 -0.2324142

[[20]]
  delta        mu      mu_1      mu_0         de        se_1        se_0
1   0.5 0.7997328 0.6992938 0.8687456 -0.1694518  0.04237090  0.03081861
2   1.0 0.7346208 0.6569229 0.8379270 -0.1810041  0.00000000  0.00000000
3   2.0 0.6897515 0.6413610 0.8190032 -0.1776422 -0.01556191 -0.01892381
           oe         te
1  0.06511202 -0.1386332
2  0.00000000 -0.1810041
3 -0.04486930 -0.1965660

[[1]]
  delta         mu       mu_1       mu_0         de       se_1       se_0
1   0.5 0.02293873 0.02022977 0.02745176 0.02572214 0.01776122 0.02362484
2   1.0 0.01701806 0.01839112 0.01614941 0.01348254 0.00000000 0.00000000
3   2.0 0.03330725 0.03590676 0.02663153 0.02503475 0.02720650 0.02159535
          oe         te
1 0.02049219 0.01733014
2 0.00000000 0.01348254
3 0.02631988 0.03463832

[[2]]
  delta         mu       mu_1       mu_0         de       se_1       se_0
1   0.5 0.02166063 0.01824307 0.02443881 0.01925246 0.01387074 0.02124537
2   1.0 0.01779156 0.01833338 0.01702790 0.01272150 0.00000000 0.00000000
3   2.0 0.03654236 0.03999387 0.02586303 0.02813925 0.03283844 0.02032462
          oe         te
1 0.01870807 0.01402016
2 0.00000000 0.01272150
3 0.03038191 0.03864650

[[3]]
  delta         mu       mu_1       mu_0         de       se_1       se_0
1   0.5 0.02435584 0.01950212 0.02749088 0.02122570 0.01534439 0.02329527
2   1.0 0.01812688 0.01869480 0.01710266 0.01318708 0.00000000 0.00000000
3   2.0 0.03261695 0.03563054 0.02653996 0.02674346 0.02756510 0.02140938
          oe         te
1 0.02083045 0.01528443
2 0.00000000 0.01318708
3 0.02593109 0.03435697

[[4]]
  delta         mu       mu_1       mu_0         de       se_1       se_0
1   0.5 0.02286787 0.02016682 0.02603510 0.02237057 0.01616245 0.02158226
2   1.0 0.01813082 0.01900029 0.01696629 0.01300729 0.00000000 0.00000000
3   2.0 0.03394086 0.03680950 0.02541580 0.02532830 0.02943183 0.02063381
          oe         te
1 0.01936658 0.01622434
2 0.00000000 0.01300729
3 0.02772583 0.03557932

[[5]]
  delta         mu       mu_1       mu_0         de       se_1       se_0
1   0.5 0.02454044 0.02026530 0.02929199 0.02589168 0.01760064 0.02597666
2   1.0 0.01735790 0.01777080 0.01659747 0.01186960 0.00000000 0.00000000
3   2.0 0.03961680 0.04392198 0.02785534 0.02881372 0.03799806 0.02333752
          oe         te
1 0.02192114 0.01685454
2 0.00000000 0.01186960
3 0.03468222 0.04290663

[[6]]
  delta         mu       mu_1       mu_0         de       se_1       se_0
1   0.5 0.02396849 0.02021770 0.02705429 0.02124681 0.01543449 0.02179087
2   1.0 0.01685539 0.01718189 0.01631336 0.01173554 0.00000000 0.00000000
3   2.0 0.03231008 0.03464434 0.02476778 0.02196724 0.02776340 0.02079707
          oe         te
1 0.01927122 0.01582056
2 0.00000000 0.01173554
3 0.02672341 0.03341475

[[7]]
  delta         mu       mu_1       mu_0         de       se_1       se_0
1   0.5 0.02242076 0.01876481 0.02549720 0.02128823 0.01537073 0.02177687
2   1.0 0.01715726 0.01759429 0.01658538 0.01237025 0.00000000 0.00000000
3   2.0 0.03230491 0.03669811 0.02382317 0.03025031 0.03019427 0.01933799
          oe         te
1 0.01968632 0.01531065
2 0.00000000 0.01237025
3 0.02665924 0.03583933

[[8]]
  delta         mu       mu_1       mu_0         de       se_1       se_0
1   0.5 0.02454219 0.02240798 0.02819946 0.02523580 0.01699406 0.02320519
2   1.0 0.01759424 0.01816101 0.01718886 0.01289643 0.00000000 0.00000000
3   2.0 0.03336996 0.03565380 0.02723807 0.02469478 0.02876749 0.02221310
          oe         te
1 0.01989243 0.01734991
2 0.00000000 0.01289643
3 0.02750990 0.03426848

[[9]]
  delta         mu       mu_1       mu_0         de       se_1       se_0
1   0.5 0.02306454 0.01945512 0.02609512 0.02084544 0.01506226 0.02104806
2   1.0 0.01745310 0.01781817 0.01723785 0.01254028 0.00000000 0.00000000
3   2.0 0.03513577 0.03805812 0.02661558 0.02489542 0.03081471 0.02117375
          oe         te
1 0.01932714 0.01577905
2 0.00000000 0.01254028
3 0.02861502 0.03569579

[[10]]
  delta         mu       mu_1       mu_0         de       se_1       se_0
1   0.5 0.02190306 0.02122502 0.02516903 0.02442052 0.01730859 0.02147339
2   1.0 0.01739825 0.01803644 0.01674520 0.01244919 0.00000000 0.00000000
3   2.0 0.03035501 0.03266353 0.02427775 0.02244022 0.02492808 0.01864912
          oe         te
1 0.01883851 0.01796471
2 0.00000000 0.01244919
3 0.02349065 0.03060413

[[11]]
  delta         mu       mu_1       mu_0         de       se_1       se_0
1   0.5 0.02383554 0.01966698 0.02687842 0.01990442 0.01591149 0.02240700
2   1.0 0.01854414 0.01888484 0.01797186 0.01324278 0.00000000 0.00000000
3   2.0 0.03775460 0.04161649 0.02986386 0.03103997 0.03487110 0.02459692
          oe         te
1 0.02033225 0.01566168
2 0.00000000 0.01324278
3 0.03210068 0.04118789

[[12]]
  delta         mu       mu_1       mu_0         de       se_1       se_0
1   0.5 0.02677560 0.02190625 0.03042342 0.02505645 0.01744996 0.02561912
2   1.0 0.01723207 0.01762486 0.01670336 0.01278949 0.00000000 0.00000000
3   2.0 0.03265715 0.03595421 0.02571528 0.02524113 0.02863748 0.02119793
          oe         te
1 0.02256165 0.01752468
2 0.00000000 0.01278949
3 0.02696135 0.03516499

[[13]]
  delta         mu       mu_1       mu_0         de       se_1       se_0
1   0.5 0.02360430 0.02118221 0.02571648 0.02039429 0.01693449 0.01968799
2   1.0 0.01744788 0.01774399 0.01687800 0.01238754 0.00000000 0.00000000
3   2.0 0.03185239 0.03560725 0.02924445 0.03359858 0.02855112 0.02433947
          oe         te
1 0.01867722 0.01680608
2 0.00000000 0.01238754
3 0.02503813 0.03367779

[[14]]
  delta         mu       mu_1       mu_0         de       se_1       se_0
1   0.5 0.02633164 0.01995443 0.02955347 0.02136064 0.01546692 0.02504085
2   1.0 0.01740990 0.01752445 0.01722712 0.01262021 0.00000000 0.00000000
3   2.0 0.02959867 0.03092349 0.02610606 0.02106251 0.02322650 0.02074014
          oe         te
1 0.02238828 0.01598895
2 0.00000000 0.01262021
3 0.02302580 0.02954341

[[15]]
  delta         mu       mu_1       mu_0         de       se_1       se_0
1   0.5 0.02233348 0.01960466 0.02561261 0.02192318 0.01570993 0.02227561
2   1.0 0.01693300 0.01812194 0.01587918 0.01241972 0.00000000 0.00000000
3   2.0 0.03295775 0.03677405 0.02436709 0.02665055 0.02962696 0.01865657
          oe         te
1 0.02015408 0.01628737
2 0.00000000 0.01241972
3 0.02656980 0.03508315

[[16]]
  delta         mu       mu_1       mu_0         de       se_1       se_0
1   0.5 0.02164444 0.01988801 0.02475092 0.02282064 0.01588050 0.02074754
2   1.0 0.01734082 0.01803747 0.01665758 0.01249069 0.00000000 0.00000000
3   2.0 0.03532230 0.03763663 0.02685044 0.02459193 0.03013859 0.02105889
          oe         te
1 0.01864432 0.01651519
2 0.00000000 0.01249069
3 0.02878339 0.03599090

[[17]]
  delta         mu       mu_1       mu_0         de       se_1       se_0
1   0.5 0.02335612 0.01947529 0.02660906 0.02157302 0.01475048 0.02172539
2   1.0 0.01825858 0.01862990 0.01748955 0.01290597 0.00000000 0.00000000
3   2.0 0.03176959 0.03432405 0.02516835 0.02469289 0.02659956 0.01938883
          oe         te
1 0.01951099 0.01529898
2 0.00000000 0.01290597
3 0.02510770 0.03301344

[[18]]
  delta         mu       mu_1       mu_0         de       se_1       se_0
1   0.5 0.02447021 0.01885369 0.02848320 0.02244334 0.01470900 0.02458307
2   1.0 0.01775779 0.01778319 0.01763565 0.01229769 0.00000000 0.00000000
3   2.0 0.03318517 0.03600931 0.02517468 0.02636668 0.03000304 0.02171949
          oe         te
1 0.02148997 0.01518399
2 0.00000000 0.01229769
3 0.02846631 0.03588260

[[19]]
  delta         mu       mu_1       mu_0         de       se_1       se_0
1   0.5 0.02196717 0.01892425 0.02423283 0.01888800 0.01383273 0.02001051
2   1.0 0.01728715 0.01824815 0.01602600 0.01277571 0.00000000 0.00000000
3   2.0 0.03226176 0.03660547 0.02377505 0.02930573 0.02981525 0.01882834
          oe         te
1 0.01831260 0.01438592
2 0.00000000 0.01277571
3 0.02628134 0.03567247

[[20]]
  delta         mu       mu_1       mu_0         de       se_1       se_0
1   0.5 0.02367620 0.02028688 0.02724310 0.02292984 0.01586564 0.02267448
2   1.0 0.01697059 0.01765071 0.01653901 0.01278680 0.00000000 0.00000000
3   2.0 0.03097611 0.03346836 0.02336232 0.02164882 0.02674283 0.01988569
          oe         te
1 0.01986214 0.01591570
2 0.00000000 0.01278680
3 0.02570133 0.03245332

[[1]]
  delta        mu      mu_1      mu_0         de        se_1        se_0
1   0.5 0.7648225 0.6658415 0.8306172 -0.1647757  0.01394987 -0.01175327
2   1.0 0.7342847 0.6518916 0.8423704 -0.1904788  0.00000000  0.00000000
3   2.0 0.6891651 0.6415336 0.8181612 -0.1766276 -0.01035805 -0.02420926
           oe         te
1  0.03053782 -0.1765289
2  0.00000000 -0.1904788
3 -0.04511954 -0.2008369

[[2]]
  delta        mu      mu_1      mu_0         de        se_1        se_0
1   0.5 0.8395587 0.7197640 0.9195820 -0.1998181  0.02034898  0.02982454
2   1.0 0.7810716 0.6994150 0.8897575 -0.1903425  0.00000000  0.00000000
3   2.0 0.7354349 0.6820872 0.8700543 -0.1879670 -0.01732779 -0.01970325
           oe         te
1  0.05848707 -0.1699935
2  0.00000000 -0.1903425
3 -0.04563670 -0.2076703

[[3]]
  delta        mu      mu_1      mu_0         de       se_1        se_0
1   0.5 0.8139630 0.7192241 0.8804359 -0.1612119 0.03113826 0.006698073
2   1.0 0.7682130 0.6880858 0.8737379 -0.1856520 0.00000000 0.000000000
3   2.0 0.7523173 0.7014022 0.8749974 -0.1735952 0.01331637 0.001259544
           oe         te
1  0.04574996 -0.1545138
2  0.00000000 -0.1856520
3 -0.01589571 -0.1723357

[[4]]
  delta        mu      mu_1      mu_0         de        se_1         se_0
1   0.5 0.7872287 0.7042812 0.8499943 -0.1457131 0.008704685 -0.031602876
2   1.0 0.7747287 0.6955765 0.8815972 -0.1860207 0.000000000  0.000000000
3   2.0 0.7487121 0.6998464 0.8775564 -0.1777101 0.004269808 -0.004040784
           oe         te
1  0.01250003 -0.1773160
2  0.00000000 -0.1860207
3 -0.02601662 -0.1817509

[[5]]
  delta        mu      mu_1      mu_0         de       se_1       se_0
1   0.5 0.8284763 0.7142807 0.9045056 -0.1902249 0.02590964 0.05357529
2   1.0 0.7577524 0.6883711 0.8509303 -0.1625592 0.00000000 0.00000000
3   2.0 0.7940226 0.7556409 0.8827986 -0.1271576 0.06726986 0.03186826
          oe          te
1 0.07072399 -0.13664960
2 0.00000000 -0.16255924
3 0.03627025 -0.09528938

[[6]]
  delta        mu      mu_1      mu_0         de        se_1          se_0
1   0.5 0.8169770 0.6962228 0.8952152 -0.1989924  0.03163515  0.0505595734
2   1.0 0.7400546 0.6645877 0.8446557 -0.1800680  0.00000000  0.0000000000
3   2.0 0.7040350 0.6543202 0.8442106 -0.1898903 -0.01026743 -0.0004451114
           oe         te
1  0.07692243 -0.1484328
2  0.00000000 -0.1800680
3 -0.03601963 -0.1903354

[[7]]
  delta        mu      mu_1      mu_0         de         se_1         se_0
1   0.5 0.7916362 0.7007318 0.8532262 -0.1524944  0.018602892 -0.003211138
2   1.0 0.7579108 0.6821289 0.8564374 -0.1743085  0.000000000  0.000000000
3   2.0 0.7225699 0.6776608 0.8360994 -0.1584386 -0.004468173 -0.020338014
           oe         te
1  0.03372544 -0.1557056
2  0.00000000 -0.1743085
3 -0.03534090 -0.1787766

[[8]]
  delta        mu      mu_1      mu_0         de        se_1       se_0
1   0.5 0.7869063 0.6827552 0.8597404 -0.1769852 0.013836856 0.01413940
2   1.0 0.7433905 0.6689184 0.8456010 -0.1766826 0.000000000 0.00000000
3   2.0 0.7239192 0.6700205 0.8583255 -0.1883049 0.001102144 0.01272445
           oe         te
1  0.04351579 -0.1628458
2  0.00000000 -0.1766826
3 -0.01947129 -0.1755805

[[9]]
  delta        mu      mu_1      mu_0         de        se_1         se_0
1   0.5 0.7983756 0.6940856 0.8640051 -0.1699195 0.007269812 -0.013935664
2   1.0 0.7722952 0.6868158 0.8779408 -0.1911250 0.000000000  0.000000000
3   2.0 0.7614807 0.7083894 0.8835590 -0.1751696 0.021573616  0.005618187
           oe         te
1  0.02608043 -0.1838552
2  0.00000000 -0.1911250
3 -0.01081449 -0.1695514

[[10]]
  delta        mu      mu_1      mu_0         de         se_1        se_0
1   0.5 0.7482486 0.6462947 0.8211849 -0.1748903 -0.006352020 -0.02274069
2   1.0 0.7341263 0.6526467 0.8439256 -0.1912789  0.000000000  0.00000000
3   2.0 0.7019930 0.6468407 0.8562522 -0.2094115 -0.005806009  0.01232660
           oe         te
1  0.01412229 -0.1976310
2  0.00000000 -0.1912789
3 -0.03213325 -0.1970849

[[11]]
  delta        mu      mu_1      mu_0         de        se_1       se_0
1   0.5 0.7772979 0.6812374 0.8495676 -0.1683302 0.015316501 0.01408117
2   1.0 0.7353533 0.6659209 0.8354864 -0.1695655 0.000000000 0.00000000
3   2.0 0.7307477 0.6743392 0.8720122 -0.1976730 0.008418292 0.03652575
            oe         te
1  0.041944607 -0.1542490
2  0.000000000 -0.1695655
3 -0.004605618 -0.1611473

[[12]]
  delta        mu      mu_1      mu_0         de         se_1         se_0
1   0.5 0.8132585 0.7101653 0.8802831 -0.1701178  0.027761071  0.005614025
2   1.0 0.7660684 0.6824042 0.8746691 -0.1922648  0.000000000  0.000000000
3   2.0 0.7275100 0.6795139 0.8513768 -0.1718629 -0.002890315 -0.023292292
           oe         te
1  0.04719005 -0.1645038
2  0.00000000 -0.1922648
3 -0.03855844 -0.1951552

[[13]]
  delta        mu      mu_1      mu_0         de        se_1        se_0
1   0.5 0.8158977 0.6988498 0.8902680 -0.1914181  0.03774092  0.03498607
2   1.0 0.7445062 0.6611089 0.8552819 -0.1941730  0.00000000  0.00000000
3   2.0 0.6767392 0.6314961 0.8090742 -0.1775781 -0.02961286 -0.04620772
           oe         te
1  0.07139158 -0.1564321
2  0.00000000 -0.1941730
3 -0.06776696 -0.2237858

[[14]]
  delta        mu      mu_1      mu_0         de        se_1        se_0
1   0.5 0.7916652 0.6893960 0.8591846 -0.1697885  0.03462731  0.01848402
2   1.0 0.7341586 0.6547687 0.8407006 -0.1859318  0.00000000  0.00000000
3   2.0 0.6719548 0.6224192 0.8098883 -0.1874691 -0.03234957 -0.03081228
           oe         te
1  0.05750666 -0.1513045
2  0.00000000 -0.1859318
3 -0.06220378 -0.2182814

[[15]]
  delta        mu      mu_1      mu_0         de        se_1        se_0
1   0.5 0.7547341 0.6650258 0.8165027 -0.1514769 -0.01511230 -0.02682770
2   1.0 0.7508544 0.6801381 0.8433304 -0.1631923  0.00000000  0.00000000
3   2.0 0.7065157 0.6456516 0.8635852 -0.2179337 -0.03448654  0.02025487
            oe         te
1  0.003879655 -0.1783046
2  0.000000000 -0.1631923
3 -0.044338681 -0.1976788

[[16]]
  delta        mu      mu_1      mu_0         de         se_1          se_0
1   0.5 0.7760356 0.6756191 0.8474678 -0.1718487  0.009282419 -0.0003687148
2   1.0 0.7449618 0.6663367 0.8478365 -0.1814999  0.000000000  0.0000000000
3   2.0 0.6453866 0.5742515 0.8314307 -0.2571792 -0.092085231 -0.0164058814
           oe         te
1  0.03107379 -0.1722174
2  0.00000000 -0.1814999
3 -0.09957518 -0.2735851

[[17]]
  delta        mu      mu_1      mu_0         de        se_1         se_0
1   0.5 0.7992798 0.7072089 0.8629259 -0.1557170  0.03225114  0.006448594
2   1.0 0.7515617 0.6749578 0.8564773 -0.1815195  0.00000000  0.000000000
3   2.0 0.6898942 0.6439040 0.8187546 -0.1748506 -0.03105380 -0.037722772
           oe         te
1  0.04771814 -0.1492684
2  0.00000000 -0.1815195
3 -0.06166747 -0.2125733

[[18]]
  delta        mu      mu_1      mu_0         de        se_1        se_0
1   0.5 0.7858693 0.6857236 0.8513884 -0.1656649  0.03849318  0.01586789
2   1.0 0.7293285 0.6472304 0.8355205 -0.1882902  0.00000000  0.00000000
3   2.0 0.6760104 0.6247326 0.7983918 -0.1736592 -0.02249778 -0.03712878
           oe         te
1  0.05654076 -0.1497970
2  0.00000000 -0.1882902
3 -0.05331808 -0.2107879

[[19]]
  delta        mu      mu_1      mu_0         de        se_1        se_0
1   0.5 0.8297489 0.7138900 0.9105899 -0.1966999  0.04047668  0.04213462
2   1.0 0.7550706 0.6734133 0.8684553 -0.1950419  0.00000000  0.00000000
3   2.0 0.6869608 0.6348778 0.8310508 -0.1961731 -0.03853557 -0.03740446
           oe         te
1  0.07467829 -0.1545653
2  0.00000000 -0.1950419
3 -0.06810981 -0.2335775

[[20]]
  delta        mu      mu_1      mu_0         de        se_1        se_0
1   0.5 0.8001134 0.6995746 0.8689515 -0.1693769  0.04259710  0.03080714
2   1.0 0.7348180 0.6569775 0.8381443 -0.1811668  0.00000000  0.00000000
3   2.0 0.6896830 0.6412470 0.8190565 -0.1778095 -0.01573045 -0.01908782
           oe         te
1  0.06529533 -0.1385697
2  0.00000000 -0.1811668
3 -0.04513509 -0.1968973

[[1]]
  delta         mu       mu_1       mu_0         de       se_1       se_0
1   0.5 0.02282466 0.02019314 0.02732836 0.02570874 0.01770897 0.02350072
2   1.0 0.01702215 0.01837716 0.01615705 0.01346563 0.00000000 0.00000000
3   2.0 0.03325801 0.03578960 0.02657663 0.02476517 0.02702893 0.02156076
          oe         te
1 0.02036146 0.01731416
2 0.00000000 0.01346563
3 0.02627509 0.03452545

[[2]]
  delta         mu       mu_1       mu_0         de       se_1       se_0
1   0.5 0.02165178 0.01823401 0.02443119 0.01924850 0.01386948 0.02123952
2   1.0 0.01778819 0.01833062 0.01702396 0.01272165 0.00000000 0.00000000
3   2.0 0.03650646 0.03993404 0.02586008 0.02806001 0.03277696 0.02032056
          oe         te
1 0.01870543 0.01402085
2 0.00000000 0.01272165
3 0.03034230 0.03858221

[[3]]
  delta         mu       mu_1       mu_0         de       se_1       se_0
1   0.5 0.02429979 0.01959736 0.02729535 0.02098902 0.01539133 0.02309141
2   1.0 0.01814423 0.01870910 0.01710595 0.01317864 0.00000000 0.00000000
3   2.0 0.03277889 0.03587375 0.02667194 0.02728105 0.02771630 0.02162174
          oe         te
1 0.02071266 0.01524215
2 0.00000000 0.01317864
3 0.02603537 0.03449104

[[4]]
  delta         mu       mu_1       mu_0         de       se_1       se_0
1   0.5 0.02277523 0.02010236 0.02584645 0.02201485 0.01623245 0.02152415
2   1.0 0.01795121 0.01886181 0.01674600 0.01287101 0.00000000 0.00000000
3   2.0 0.03358585 0.03666890 0.02488335 0.02557576 0.02948798 0.02025838
          oe         te
1 0.01941120 0.01623090
2 0.00000000 0.01287101
3 0.02755809 0.03546997

[[5]]
  delta         mu       mu_1       mu_0         de       se_1       se_0
1   0.5 0.02389680 0.02035317 0.02797277 0.02484010 0.01764007 0.02457167
2   1.0 0.01731475 0.01774410 0.01653320 0.01182153 0.00000000 0.00000000
3   2.0 0.03928827 0.04345142 0.02775705 0.02841440 0.03750800 0.02323316
          oe         te
1 0.02121830 0.01688280
2 0.00000000 0.01182153
3 0.03432824 0.04241461

[[6]]
  delta         mu       mu_1       mu_0         de       se_1       se_0
1   0.5 0.02405020 0.02021648 0.02721376 0.02128600 0.01541287 0.02195344
2   1.0 0.01685563 0.01716713 0.01632525 0.01171666 0.00000000 0.00000000
3   2.0 0.03228348 0.03458320 0.02478709 0.02183956 0.02771214 0.02083473
          oe         te
1 0.01934383 0.01581722
2 0.00000000 0.01171666
3 0.02670574 0.03334032

[[7]]
  delta         mu       mu_1       mu_0         de       se_1       se_0
1   0.5 0.02243141 0.01878633 0.02552681 0.02134644 0.01536075 0.02178839
2   1.0 0.01713067 0.01757378 0.01656322 0.01236197 0.00000000 0.00000000
3   2.0 0.03243129 0.03686472 0.02382876 0.03040021 0.03040117 0.01936854
          oe         te
1 0.01967220 0.01531513
2 0.00000000 0.01236197
3 0.02683241 0.03603517

[[8]]
  delta         mu      mu_1       mu_0         de       se_1       se_0
1   0.5 0.02441077 0.0225799 0.02840362 0.02636391 0.01723381 0.02356183
2   1.0 0.01757428 0.0181630 0.01716970 0.01295050 0.00000000 0.00000000
3   2.0 0.03364090 0.0360070 0.02723138 0.02508995 0.02915999 0.02218336
          oe         te
1 0.01981053 0.01752013
2 0.00000000 0.01295050
3 0.02782253 0.03468349

[[9]]
  delta         mu       mu_1       mu_0         de       se_1       se_0
1   0.5 0.02299862 0.01947797 0.02595905 0.02071816 0.01513625 0.02089650
2   1.0 0.01752126 0.01786280 0.01724542 0.01250317 0.00000000 0.00000000
3   2.0 0.03564800 0.03855282 0.02677127 0.02507095 0.03123093 0.02135538
          oe         te
1 0.01925929 0.01573576
2 0.00000000 0.01250317
3 0.02905644 0.03612357

[[10]]
  delta         mu       mu_1       mu_0         de       se_1       se_0
1   0.5 0.02187607 0.02121047 0.02522242 0.02458972 0.01729805 0.02150722
2   1.0 0.01739646 0.01803176 0.01674650 0.01244869 0.00000000 0.00000000
3   2.0 0.03033447 0.03263583 0.02426437 0.02239613 0.02490088 0.01864371
          oe         te
1 0.01880343 0.01798276
2 0.00000000 0.01244869
3 0.02347278 0.03058028

[[11]]
  delta         mu       mu_1       mu_0         de       se_1       se_0
1   0.5 0.02382293 0.01965397 0.02684167 0.01980904 0.01591920 0.02237372
2   1.0 0.01853866 0.01888302 0.01795446 0.01323814 0.00000000 0.00000000
3   2.0 0.03777411 0.04165644 0.02984592 0.03113102 0.03492233 0.02458782
          oe         te
1 0.02033300 0.01565501
2 0.00000000 0.01323814
3 0.03212309 0.04123393

[[12]]
  delta         mu       mu_1       mu_0         de       se_1       se_0
1   0.5 0.02696757 0.02192597 0.03084359 0.02591512 0.01763460 0.02618074
2   1.0 0.01736775 0.01779484 0.01676245 0.01282061 0.00000000 0.00000000
3   2.0 0.03267874 0.03593339 0.02582347 0.02536533 0.02847864 0.02112024
          oe         te
1 0.02298579 0.01765828
2 0.00000000 0.01282061
3 0.02680175 0.03503970

[[13]]
  delta         mu       mu_1       mu_0         de       se_1       se_0
1   0.5 0.02370432 0.02119620 0.02579050 0.02019503 0.01685212 0.01971124
2   1.0 0.01743806 0.01776383 0.01686338 0.01241206 0.00000000 0.00000000
3   2.0 0.03224920 0.03650445 0.02941084 0.03502330 0.02957404 0.02449268
          oe         te
1 0.01869833 0.01670691
2 0.00000000 0.01241206
3 0.02548935 0.03465182

[[14]]
  delta         mu       mu_1       mu_0         de       se_1       se_0
1   0.5 0.02641188 0.01986032 0.02976470 0.02142640 0.01527509 0.02522745
2   1.0 0.01744619 0.01754817 0.01724017 0.01262211 0.00000000 0.00000000
3   2.0 0.02947981 0.03074412 0.02601189 0.02078531 0.02299059 0.02070087
          oe         te
1 0.02243623 0.01578799
2 0.00000000 0.01262211
3 0.02288244 0.02933338

[[15]]
  delta         mu       mu_1       mu_0         de       se_1       se_0
1   0.5 0.02240226 0.01953152 0.02576984 0.02193300 0.01560410 0.02250930
2   1.0 0.01702332 0.01817376 0.01591650 0.01240579 0.00000000 0.00000000
3   2.0 0.03344549 0.03754381 0.02429138 0.02765151 0.03068579 0.01874686
          oe         te
1 0.02029188 0.01614879
2 0.00000000 0.01240579
3 0.02732830 0.03603105

[[16]]
  delta         mu       mu_1       mu_0         de       se_1       se_0
1   0.5 0.02155055 0.01983142 0.02460290 0.02257078 0.01586288 0.02060099
2   1.0 0.01736858 0.01809116 0.01661574 0.01245312 0.00000000 0.00000000
3   2.0 0.03534555 0.03765276 0.02682337 0.02455071 0.03008766 0.02099302
          oe         te
1 0.01856225 0.01637852
2 0.00000000 0.01245312
3 0.02873205 0.03595531

[[17]]
  delta         mu       mu_1       mu_0         de       se_1       se_0
1   0.5 0.02329702 0.01923404 0.02672957 0.02161396 0.01454630 0.02189619
2   1.0 0.01811998 0.01855607 0.01732783 0.01280624 0.00000000 0.00000000
3   2.0 0.03169128 0.03438560 0.02485012 0.02462837 0.02681398 0.01918090
          oe         te
1 0.01956372 0.01513767
2 0.00000000 0.01280624
3 0.02518219 0.03311667

[[18]]
  delta         mu       mu_1       mu_0         de       se_1      se_0
1   0.5 0.02424821 0.01880311 0.02819400 0.02212441 0.01469960 0.0242897
2   1.0 0.01774196 0.01779782 0.01757569 0.01226383 0.00000000 0.0000000
3   2.0 0.03323337 0.03607875 0.02519049 0.02627717 0.02998961 0.0216844
          oe         te
1 0.02127811 0.01516249
2 0.00000000 0.01226383
3 0.02841515 0.03586072

[[19]]
  delta         mu       mu_1       mu_0         de       se_1       se_0
1   0.5 0.02194260 0.01890092 0.02417941 0.01882797 0.01381021 0.01998127
2   1.0 0.01728276 0.01824933 0.01598706 0.01272486 0.00000000 0.00000000
3   2.0 0.03243744 0.03678185 0.02378585 0.02931012 0.02997700 0.01880560
          oe         te
1 0.01830249 0.01436900
2 0.00000000 0.01272486
3 0.02644658 0.03579381

[[20]]
  delta         mu       mu_1       mu_0         de       se_1       se_0
1   0.5 0.02360424 0.02025273 0.02717123 0.02288433 0.01587923 0.02266714
2   1.0 0.01704278 0.01770484 0.01659899 0.01278099 0.00000000 0.00000000
3   2.0 0.03095073 0.03342174 0.02339672 0.02160038 0.02669108 0.01991680
         oe         te
1 0.0198711 0.01592212
2 0.0000000 0.01278099
3 0.0256651 0.03240766

[1] "Total run time was 3457.297 seconds"
