Warning message:
package ‘SuperLearner’ was built under R version 4.1.3 
[1] "[Simulation setting]"
[1] "n: 500"
[1] "deltas: 0.5, 1, 2"
[1] "K: 2"
[1] "r: 100"
[1] "s: 1"
[1] "Sim.id 1"
[1] "Data generated and format changed"
[1] "   Split: 1"
Loading required namespace: nnet
Loading required namespace: ranger
[1] "   Split: 2"
[1] "Estimates and SE estimates computed"
[1] ""
[1] "Sim.id 2"
[1] "Data generated and format changed"
[1] "   Split: 1"
[1] "   Split: 2"
[1] "Estimates and SE estimates computed"
[1] ""
[1] "Sim.id 3"
[1] "Data generated and format changed"
[1] "   Split: 1"
[1] "   Split: 2"
[1] "Estimates and SE estimates computed"
[1] ""
[1] "Sim.id 4"
[1] "Data generated and format changed"
[1] "   Split: 1"
[1] "   Split: 2"
[1] "Estimates and SE estimates computed"
[1] ""
[1] "Sim.id 5"
[1] "Data generated and format changed"
[1] "   Split: 1"
[1] "   Split: 2"
[1] "Estimates and SE estimates computed"
[1] ""
[1] "Sim.id 6"
[1] "Data generated and format changed"
[1] "   Split: 1"
[1] "   Split: 2"
[1] "Estimates and SE estimates computed"
[1] ""
[1] "Sim.id 7"
[1] "Data generated and format changed"
[1] "   Split: 1"
[1] "   Split: 2"
[1] "Estimates and SE estimates computed"
[1] ""
[1] "Sim.id 8"
[1] "Data generated and format changed"
[1] "   Split: 1"
[1] "   Split: 2"
[1] "Estimates and SE estimates computed"
[1] ""
[1] "Sim.id 9"
[1] "Data generated and format changed"
[1] "   Split: 1"
[1] "   Split: 2"
[1] "Estimates and SE estimates computed"
[1] ""
[1] "Sim.id 10"
[1] "Data generated and format changed"
[1] "   Split: 1"
[1] "   Split: 2"
[1] "Estimates and SE estimates computed"
[1] ""
[1] "Sim.id 11"
[1] "Data generated and format changed"
[1] "   Split: 1"
[1] "   Split: 2"
[1] "Estimates and SE estimates computed"
[1] ""
[1] "Sim.id 12"
[1] "Data generated and format changed"
[1] "   Split: 1"
[1] "   Split: 2"
[1] "Estimates and SE estimates computed"
[1] ""
[1] "Sim.id 13"
[1] "Data generated and format changed"
[1] "   Split: 1"
[1] "   Split: 2"
[1] "Estimates and SE estimates computed"
[1] ""
[1] "Sim.id 14"
[1] "Data generated and format changed"
[1] "   Split: 1"
[1] "   Split: 2"
[1] "Estimates and SE estimates computed"
[1] ""
[1] "Sim.id 15"
[1] "Data generated and format changed"
[1] "   Split: 1"
[1] "   Split: 2"
[1] "Estimates and SE estimates computed"
[1] ""
[1] "Sim.id 16"
[1] "Data generated and format changed"
[1] "   Split: 1"
[1] "   Split: 2"
[1] "Estimates and SE estimates computed"
[1] ""
[1] "Sim.id 17"
[1] "Data generated and format changed"
[1] "   Split: 1"
[1] "   Split: 2"
[1] "Estimates and SE estimates computed"
[1] ""
[1] "Sim.id 18"
[1] "Data generated and format changed"
[1] "   Split: 1"
[1] "   Split: 2"
[1] "Estimates and SE estimates computed"
[1] ""
[1] "Sim.id 19"
[1] "Data generated and format changed"
[1] "   Split: 1"
[1] "   Split: 2"
[1] "Estimates and SE estimates computed"
[1] ""
[1] "Sim.id 20"
[1] "Data generated and format changed"
[1] "   Split: 1"
[1] "   Split: 2"
[1] "Estimates and SE estimates computed"
[1] ""
[[1]]
  delta        mu      mu_1      mu_0         de         se_1        se_0
1   0.5 0.7971003 0.6853529 0.8702370 -0.1848842  0.007392209  0.02557523
2   1.0 0.7511614 0.6779606 0.8446618 -0.1667011  0.000000000  0.00000000
3   2.0 0.7002534 0.6509505 0.8224924 -0.1715419 -0.027010152 -0.02216941
           oe         te
1  0.04593890 -0.1593089
2  0.00000000 -0.1667011
3 -0.05090798 -0.1937113

[[2]]
  delta        mu      mu_1      mu_0         de        se_1        se_0
1   0.5 0.7517988 0.6691538 0.8143814 -0.1452276  0.01640814 -0.01886254
2   1.0 0.7287681 0.6527456 0.8332439 -0.1804983  0.00000000  0.00000000
3   2.0 0.6950455 0.6368722 0.8536386 -0.2167664 -0.01587344  0.02039470
           oe         te
1  0.02303070 -0.1640901
2  0.00000000 -0.1804983
3 -0.03372268 -0.1963717

[[3]]
  delta        mu      mu_1      mu_0         de         se_1        se_0
1   0.5 0.8171812 0.7206998 0.8832115 -0.1625117 0.0067925861 -0.01031342
2   1.0 0.7930916 0.7139072 0.8935249 -0.1796177 0.0000000000  0.00000000
3   2.0 0.7598852 0.7140865 0.8686818 -0.1545954 0.0001792528 -0.02484309
           oe         te
1  0.02408954 -0.1728251
2  0.00000000 -0.1796177
3 -0.03320646 -0.1794385

[[4]]
  delta        mu      mu_1      mu_0         de         se_1         se_0
1   0.5 0.7698942 0.6658201 0.8377311 -0.1719111  0.006217529  0.006575677
2   1.0 0.7351257 0.6596025 0.8311555 -0.1715529  0.000000000  0.000000000
3   2.0 0.6717826 0.6132341 0.8187135 -0.2054794 -0.046368447 -0.012441917
           oe         te
1  0.03476848 -0.1653354
2  0.00000000 -0.1715529
3 -0.06334305 -0.2179214

[[5]]
  delta        mu      mu_1      mu_0         de        se_1         se_0
1   0.5 0.7850331 0.7001416 0.8492976 -0.1491560  0.02938940  0.002444561
2   1.0 0.7444021 0.6707522 0.8468531 -0.1761008  0.00000000  0.000000000
3   2.0 0.6713475 0.6106009 0.8367709 -0.2261700 -0.06015137 -0.010082172
           oe         te
1  0.04063098 -0.1467114
2  0.00000000 -0.1761008
3 -0.07305461 -0.2362522

[[6]]
  delta        mu      mu_1      mu_0         de        se_1         se_0
1   0.5 0.7844067 0.6851622 0.8516078 -0.1664456 0.009798102 -0.003277062
2   1.0 0.7541441 0.6753641 0.8548848 -0.1795207 0.000000000  0.000000000
3   2.0 0.7340751 0.6764961 0.8772003 -0.2007042 0.001131953  0.022315435
           oe         te
1  0.03026268 -0.1697226
2  0.00000000 -0.1795207
3 -0.02006899 -0.1783888

[[7]]
  delta        mu      mu_1      mu_0         de        se_1        se_0
1   0.5 0.8383930 0.7018847 0.9182304 -0.2163457  0.04018404  0.05754018
2   1.0 0.7507448 0.6617006 0.8606902 -0.1989896  0.00000000  0.00000000
3   2.0 0.7000034 0.6487575 0.8280960 -0.1793386 -0.01294318 -0.03259421
           oe         te
1  0.08764820 -0.1588056
2  0.00000000 -0.1989896
3 -0.05074148 -0.2119328

[[8]]
  delta        mu      mu_1      mu_0         de        se_1        se_0
1   0.5 0.8028436 0.6901228 0.8779113 -0.1877885  0.05882562  0.05314825
2   1.0 0.7102619 0.6312972 0.8247630 -0.1934659  0.00000000  0.00000000
3   2.0 0.6361107 0.5861246 0.7957286 -0.2096040 -0.04517258 -0.02903444
           oe         te
1  0.09258167 -0.1346402
2  0.00000000 -0.1934659
3 -0.07415122 -0.2386384

[[9]]
  delta        mu      mu_1      mu_0         de        se_1        se_0
1   0.5 0.8147114 0.6966142 0.8942120 -0.1975978  0.02430568  0.02111444
2   1.0 0.7571566 0.6723085 0.8730975 -0.2007890  0.00000000  0.00000000
3   2.0 0.7036632 0.6506600 0.8536264 -0.2029664 -0.02164849 -0.01947112
           oe         te
1  0.05755481 -0.1764833
2  0.00000000 -0.2007890
3 -0.05349342 -0.2224375

[[10]]
  delta        mu      mu_1      mu_0         de        se_1        se_0
1   0.5 0.8381390 0.7292338 0.8977747 -0.1685409  0.04764276  0.02758785
2   1.0 0.7689742 0.6815910 0.8701868 -0.1885958  0.00000000  0.00000000
3   2.0 0.6944569 0.6254946 0.8556446 -0.2301500 -0.05609640 -0.01454225
           oe         te
1  0.06916479 -0.1409531
2  0.00000000 -0.1885958
3 -0.07451724 -0.2446922

[[11]]
  delta        mu      mu_1      mu_0         de         se_1        se_0
1   0.5 0.7993280 0.6700196 0.8880611 -0.2180415 -0.001590896  0.02776576
2   1.0 0.7515843 0.6716105 0.8602953 -0.1886849  0.000000000  0.00000000
3   2.0 0.7160525 0.6666152 0.8441195 -0.1775043 -0.004995281 -0.01617583
           oe         te
1  0.04774377 -0.1902758
2  0.00000000 -0.1886849
3 -0.03553172 -0.1936801

[[12]]
  delta        mu      mu_1      mu_0         de        se_1        se_0
1   0.5 0.7772184 0.6840595 0.8473293 -0.1632698  0.03380198  0.01629091
2   1.0 0.7225057 0.6502575 0.8310383 -0.1807809  0.00000000  0.00000000
3   2.0 0.6843858 0.6402561 0.8147920 -0.1745359 -0.01000138 -0.01624639
           oe         te
1  0.05471276 -0.1469789
2  0.00000000 -0.1807809
3 -0.03811984 -0.1907823

[[13]]
  delta        mu      mu_1      mu_0         de         se_1        se_0
1   0.5 0.7601761 0.6689001 0.8203764 -0.1514763 -0.009918109 -0.01644440
2   1.0 0.7489725 0.6788182 0.8368208 -0.1580026  0.000000000  0.00000000
3   2.0 0.7561360 0.7112933 0.8544414 -0.1431481  0.032475077  0.01762054
           oe         te
1 0.011203599 -0.1679207
2 0.000000000 -0.1580026
3 0.007163549 -0.1255275

[[14]]
  delta        mu      mu_1      mu_0         de        se_1       se_0
1   0.5 0.7896013 0.6987712 0.8557765 -0.1570053  0.02765304 0.02125899
2   1.0 0.7369820 0.6711182 0.8345175 -0.1633993  0.00000000 0.00000000
3   2.0 0.7058736 0.6515831 0.8559078 -0.2043246 -0.01953502 0.02139029
           oe         te
1  0.05261933 -0.1357463
2  0.00000000 -0.1633993
3 -0.03110836 -0.1829343

[[15]]
  delta        mu      mu_1      mu_0         de        se_1        se_0
1   0.5 0.7937442 0.6806771 0.8646528 -0.1839758  0.01859574  0.01598902
2   1.0 0.7415571 0.6620813 0.8486638 -0.1865825  0.00000000  0.00000000
3   2.0 0.6687242 0.6091584 0.8296392 -0.2204808 -0.05292293 -0.01902462
           oe         te
1  0.05218716 -0.1679867
2  0.00000000 -0.1865825
3 -0.07283287 -0.2395054

[[16]]
  delta        mu      mu_1      mu_0         de         se_1         se_0
1   0.5 0.8278645 0.7134736 0.9020013 -0.1885277  0.031102967  0.024105084
2   1.0 0.7659319 0.6823707 0.8778962 -0.1955255  0.000000000  0.000000000
3   2.0 0.7286381 0.6752167 0.8730557 -0.1978390 -0.007154006 -0.004840543
           oe         te
1  0.06193257 -0.1644226
2  0.00000000 -0.1955255
3 -0.03729386 -0.2026796

[[17]]
  delta        mu      mu_1      mu_0         de        se_1         se_0
1   0.5 0.7792600 0.6866747 0.8410996 -0.1544249  0.01822107 -0.003285222
2   1.0 0.7452819 0.6684536 0.8443848 -0.1759312  0.00000000  0.000000000
3   2.0 0.7024812 0.6525415 0.8370764 -0.1845349 -0.01591211 -0.007308389
           oe         te
1  0.03397809 -0.1577101
2  0.00000000 -0.1759312
3 -0.04280069 -0.1918433

[[18]]
  delta        mu      mu_1      mu_0         de         se_1        se_0
1   0.5 0.7653765 0.6695551 0.8349206 -0.1653655  0.009633307 -0.01237446
2   1.0 0.7390342 0.6599218 0.8472950 -0.1873732  0.000000000  0.00000000
3   2.0 0.7144342 0.6557569 0.8625978 -0.2068409 -0.004164876  0.01530276
           oe         te
1  0.02634234 -0.1777399
2  0.00000000 -0.1873732
3 -0.02460003 -0.1915381

[[19]]
  delta        mu      mu_1      mu_0         de         se_1         se_0
1   0.5 0.8163188 0.6935307 0.8963968 -0.2028661  0.003694699  0.026922920
2   1.0 0.7661129 0.6898360 0.8694739 -0.1796378  0.000000000  0.000000000
3   2.0 0.7258032 0.6745696 0.8616182 -0.1870486 -0.015266430 -0.007855673
           oe         te
1  0.05020588 -0.1759431
2  0.00000000 -0.1796378
3 -0.04030967 -0.1949043

[[20]]
  delta        mu      mu_1      mu_0         de        se_1        se_0
1   0.5 0.8158431 0.7172924 0.8807124 -0.1634200  0.04344505  0.01837279
2   1.0 0.7536389 0.6738474 0.8623397 -0.1884923  0.00000000  0.00000000
3   2.0 0.6726854 0.6181952 0.8297205 -0.2115253 -0.05565215 -0.03261912
           oe         te
1  0.06220415 -0.1450472
2  0.00000000 -0.1884923
3 -0.08095350 -0.2441444

[[1]]
  delta         mu       mu_1       mu_0         de       se_1       se_0
1   0.5 0.02328231 0.02036057 0.02678881 0.02319265 0.01643927 0.02189633
2   1.0 0.01708715 0.01773326 0.01663715 0.01267062 0.00000000 0.00000000
3   2.0 0.03243330 0.03455339 0.02498698 0.02079937 0.02591304 0.02101053
          oe         te
1 0.01951785 0.01672857
2 0.00000000 0.01267062
3 0.02563090 0.03296965

[[2]]
  delta         mu       mu_1       mu_0         de       se_1       se_0
1   0.5 0.02622258 0.01997489 0.02993213 0.02196703 0.01567626 0.02464457
2   1.0 0.01750200 0.01755096 0.01736902 0.01181784 0.00000000 0.00000000
3   2.0 0.02996745 0.03225355 0.02369819 0.02132664 0.02506656 0.01851390
          oe         te
1 0.02218556 0.01562295
2 0.00000000 0.01181784
3 0.02360343 0.03020075

[[3]]
  delta         mu       mu_1       mu_0         de       se_1       se_0
1   0.5 0.02373251 0.01913581 0.02724267 0.02199120 0.01564107 0.02292115
2   1.0 0.01764312 0.01832883 0.01697905 0.01302151 0.00000000 0.00000000
3   2.0 0.03337821 0.03533650 0.02661771 0.02203517 0.02673940 0.02154348
          oe         te
1 0.02032239 0.01522515
2 0.00000000 0.01302151
3 0.02633882 0.03359442

[[4]]
  delta         mu       mu_1       mu_0         de       se_1       se_0
1   0.5 0.02385983 0.02001824 0.02684809 0.01973522 0.01475019 0.02067145
2   1.0 0.01838747 0.01823643 0.01834978 0.01277864 0.00000000 0.00000000
3   2.0 0.02931664 0.03105669 0.02453592 0.02096160 0.02330600 0.01899611
          oe         te
1 0.01868985 0.01496386
2 0.00000000 0.01277864
3 0.02244028 0.02940438

[[5]]
  delta         mu       mu_1       mu_0         de       se_1       se_0
1   0.5 0.02487857 0.01995964 0.02747296 0.01978420 0.01547493 0.02233354
2   1.0 0.01846106 0.01846457 0.01823291 0.01273713 0.00000000 0.00000000
3   2.0 0.03404591 0.03688499 0.02661762 0.02572780 0.02890442 0.02214820
          oe         te
1 0.02036316 0.01478812
2 0.00000000 0.01273713
3 0.02760141 0.03491593

[[6]]
  delta         mu       mu_1       mu_0         de       se_1       se_0
1   0.5 0.02554530 0.02105628 0.02955292 0.02452722 0.01617941 0.02478566
2   1.0 0.01790822 0.01830131 0.01752648 0.01243085 0.00000000 0.00000000
3   2.0 0.03638222 0.03921141 0.02791222 0.02518023 0.03133408 0.02255019
          oe         te
1 0.02133663 0.01690007
2 0.00000000 0.01243085
3 0.02971372 0.03720279

[[7]]
  delta         mu       mu_1       mu_0         de       se_1       se_0
1   0.5 0.02702340 0.02087331 0.03040342 0.02186956 0.01455397 0.02452717
2   1.0 0.01714251 0.01724899 0.01705855 0.01245086 0.00000000 0.00000000
3   2.0 0.03078056 0.03376854 0.02438913 0.02290875 0.02734260 0.02087287
          oe         te
1 0.02143909 0.01513052
2 0.00000000 0.01245086
3 0.02570637 0.03302548

[[8]]
  delta         mu       mu_1       mu_0         de       se_1       se_0
1   0.5 0.02237237 0.01953864 0.02561064 0.02085047 0.01413784 0.01997327
2   1.0 0.01843053 0.01833759 0.01831235 0.01217461 0.00000000 0.00000000
3   2.0 0.03671004 0.04287838 0.02611139 0.03690408 0.03694645 0.01997453
          oe         te
1 0.01719095 0.01524083
2 0.00000000 0.01217461
3 0.03114360 0.04194351

[[9]]
  delta         mu       mu_1       mu_0         de       se_1       se_0
1   0.5 0.02209670 0.01903526 0.02471910 0.01973660 0.01527364 0.02136958
2   1.0 0.01733227 0.01818709 0.01636508 0.01219526 0.00000000 0.00000000
3   2.0 0.03402383 0.03774190 0.02403441 0.02575170 0.02995577 0.01934758
          oe         te
1 0.01928351 0.01492584
2 0.00000000 0.01219526
3 0.02768930 0.03603293

[[10]]
  delta         mu       mu_1       mu_0         de       se_1       se_0
1   0.5 0.02685515 0.02107260 0.02951733 0.02041971 0.01740151 0.02393082
2   1.0 0.01715642 0.01752461 0.01685319 0.01252505 0.00000000 0.00000000
3   2.0 0.02677980 0.02835234 0.02205336 0.01771913 0.02095354 0.01776237
          oe         te
1 0.02263034 0.01650422
2 0.00000000 0.01252505
3 0.02075380 0.02723345

[[11]]
  delta         mu       mu_1       mu_0         de       se_1       se_0
1   0.5 0.02488736 0.02191240 0.02806475 0.02384495 0.01854454 0.02285294
2   1.0 0.01706525 0.01770804 0.01661329 0.01286786 0.00000000 0.00000000
3   2.0 0.03867801 0.04135143 0.02844801 0.02567381 0.03340820 0.02364413
          oe         te
1 0.02108650 0.01901089
2 0.00000000 0.01286786
3 0.03226138 0.03957561

[[12]]
  delta         mu       mu_1       mu_0         de       se_1       se_0
1   0.5 0.02599214 0.02132063 0.02923500 0.02189465 0.01755985 0.02480636
2   1.0 0.01829555 0.01878703 0.01730872 0.01257873 0.00000000 0.00000000
3   2.0 0.03538049 0.03802700 0.02770900 0.02498284 0.03065806 0.02309504
          oe         te
1 0.02233163 0.01671371
2 0.00000000 0.01257873
3 0.02944591 0.03727167

[[13]]
  delta         mu       mu_1       mu_0         de       se_1       se_0
1   0.5 0.02321928 0.02073089 0.02571326 0.02008069 0.01581844 0.02091993
2   1.0 0.01831960 0.01894394 0.01761427 0.01311994 0.00000000 0.00000000
3   2.0 0.04547542 0.05044397 0.02809759 0.03454344 0.04325132 0.02250521
          oe         te
1 0.01914018 0.01594603
2 0.00000000 0.01311994
3 0.03945431 0.04896809

[[14]]
  delta         mu       mu_1       mu_0         de       se_1       se_0
1   0.5 0.02246039 0.01814904 0.02641659 0.02173499 0.01457564 0.02283503
2   1.0 0.01701650 0.01756301 0.01634576 0.01236418 0.00000000 0.00000000
3   2.0 0.03380739 0.03728077 0.02394249 0.02470429 0.02997981 0.01966234
          oe         te
1 0.01957401 0.01463472
2 0.00000000 0.01236418
3 0.02801909 0.03631742

[[15]]
  delta         mu       mu_1       mu_0         de       se_1       se_0
1   0.5 0.02358366 0.01988425 0.02632466 0.02055229 0.01427978 0.02083859
2   1.0 0.01791403 0.01839327 0.01734012 0.01271069 0.00000000 0.00000000
3   2.0 0.02890345 0.03099536 0.02277557 0.02155613 0.02404068 0.01732635
          oe         te
1 0.01858148 0.01500552
2 0.00000000 0.01271069
3 0.02282854 0.02984285

[[16]]
  delta         mu       mu_1       mu_0         de       se_1       se_0
1   0.5 0.02668302 0.02065282 0.03140977 0.02465348 0.01442196 0.02613091
2   1.0 0.01815283 0.01827785 0.01761931 0.01231012 0.00000000 0.00000000
3   2.0 0.03079636 0.03417310 0.02321493 0.02459337 0.02778272 0.01835299
          oe         te
1 0.02134703 0.01519938
2 0.00000000 0.01231012
3 0.02547032 0.03355767

[[17]]
  delta         mu       mu_1       mu_0         de       se_1       se_0
1   0.5 0.02291688 0.01977820 0.02636408 0.02114889 0.01569527 0.02194638
2   1.0 0.01729025 0.01776786 0.01708899 0.01247133 0.00000000 0.00000000
3   2.0 0.03368950 0.03757696 0.02622530 0.02737619 0.03207115 0.02209055
          oe         te
1 0.01957038 0.01580418
2 0.00000000 0.01247133
3 0.02914482 0.03733444

[[18]]
  delta         mu       mu_1       mu_0         de       se_1       se_0
1   0.5 0.02437113 0.01878674 0.02861709 0.02308711 0.01528676 0.02526936
2   1.0 0.01683867 0.01761917 0.01612339 0.01261754 0.00000000 0.00000000
3   2.0 0.03119081 0.03325508 0.02553959 0.02320850 0.02658140 0.02106332
          oe         te
1 0.02213292 0.01490258
2 0.00000000 0.01261754
3 0.02560658 0.03235722

[[19]]
  delta         mu       mu_1       mu_0         de       se_1       se_0
1   0.5 0.02506547 0.02076526 0.02793964 0.02114957 0.01635034 0.02403992
2   1.0 0.01850066 0.01870055 0.01787456 0.01247695 0.00000000 0.00000000
3   2.0 0.03224040 0.03453688 0.02583378 0.02451875 0.02756187 0.02038556
          oe         te
1 0.02133271 0.01579226
2 0.00000000 0.01247695
3 0.02620685 0.03376747

[[20]]
  delta         mu       mu_1       mu_0         de       se_1       se_0
1   0.5 0.02460416 0.01901169 0.02858585 0.02188770 0.01524842 0.02444167
2   1.0 0.01768244 0.01823226 0.01703850 0.01299138 0.00000000 0.00000000
3   2.0 0.02975561 0.03177305 0.02404865 0.02114133 0.02510325 0.01952214
          oe         te
1 0.02137379 0.01521560
2 0.00000000 0.01299138
3 0.02433516 0.03161227

[[1]]
  delta        mu      mu_1      mu_0         de         se_1        se_0
1   0.5 0.7978684 0.6855985 0.8714547 -0.1858562  0.007498105  0.02679733
2   1.0 0.7511136 0.6781004 0.8446573 -0.1665569  0.000000000  0.00000000
3   2.0 0.6999878 0.6506843 0.8219711 -0.1712867 -0.027416028 -0.02268626
           oe         te
1  0.04675484 -0.1590588
2  0.00000000 -0.1665569
3 -0.05112576 -0.1939730

[[2]]
  delta        mu      mu_1      mu_0         de        se_1        se_0
1   0.5 0.7524300 0.6691906 0.8153135 -0.1461230  0.01623967 -0.01807951
2   1.0 0.7290045 0.6529509 0.8333930 -0.1804421  0.00000000  0.00000000
3   2.0 0.6962149 0.6381957 0.8541014 -0.2159057 -0.01475523  0.02070835
           oe         te
1  0.02342553 -0.1642025
2  0.00000000 -0.1804421
3 -0.03278953 -0.1951974

[[3]]
  delta        mu      mu_1      mu_0         de          se_1        se_0
1   0.5 0.8179220 0.7214433 0.8838815 -0.1624382  0.0078819660 -0.00955580
2   1.0 0.7929895 0.7135614 0.8934373 -0.1798760  0.0000000000  0.00000000
3   2.0 0.7588254 0.7132916 0.8676951 -0.1544034 -0.0002697269 -0.02574226
           oe         te
1  0.02493249 -0.1719940
2  0.00000000 -0.1798760
3 -0.03416408 -0.1801457

[[4]]
  delta        mu      mu_1      mu_0         de         se_1        se_0
1   0.5 0.7691106 0.6643755 0.8373534 -0.1729779  0.005748587  0.00708335
2   1.0 0.7341264 0.6586269 0.8302700 -0.1716431  0.000000000  0.00000000
3   2.0 0.6718558 0.6137665 0.8183761 -0.2046097 -0.044860473 -0.01189390
           oe         te
1  0.03498419 -0.1658945
2  0.00000000 -0.1716431
3 -0.06227061 -0.2165036

[[5]]
  delta        mu      mu_1      mu_0         de        se_1         se_0
1   0.5 0.7859208 0.7024661 0.8495923 -0.1471262  0.03069402  0.002416791
2   1.0 0.7452719 0.6717721 0.8471756 -0.1754034  0.00000000  0.000000000
3   2.0 0.6692764 0.6091908 0.8343331 -0.2251423 -0.06258136 -0.012842494
           oe         te
1  0.04064888 -0.1447094
2  0.00000000 -0.1754034
3 -0.07599559 -0.2379848

[[6]]
  delta        mu      mu_1      mu_0         de        se_1          se_0
1   0.5 0.7855884 0.6854625 0.8533191 -0.1678566 0.011022327 -0.0002238352
2   1.0 0.7529073 0.6744402 0.8535429 -0.1791027 0.000000000  0.0000000000
3   2.0 0.7332613 0.6756125 0.8747020 -0.1990896 0.001172275  0.0211590880
          oe         te
1  0.0326811 -0.1680804
2  0.0000000 -0.1791027
3 -0.0196460 -0.1779305

[[7]]
  delta        mu      mu_1      mu_0         de        se_1        se_0
1   0.5 0.8358262 0.7024949 0.9145586 -0.2120637  0.03785000  0.05118882
2   1.0 0.7538985 0.6646449 0.8633698 -0.1987249  0.00000000  0.00000000
3   2.0 0.7022277 0.6505225 0.8303860 -0.1798636 -0.01412247 -0.03298377
           oe         te
1  0.08192764 -0.1608749
2  0.00000000 -0.1987249
3 -0.05167081 -0.2128474

[[8]]
  delta        mu      mu_1      mu_0         de        se_1        se_0
1   0.5 0.8006961 0.6888751 0.8759942 -0.1871191  0.05761009  0.05290165
2   1.0 0.7092217 0.6312650 0.8230926 -0.1918276  0.00000000  0.00000000
3   2.0 0.6405136 0.5915181 0.7961911 -0.2046730 -0.03974685 -0.02690145
           oe         te
1  0.09147438 -0.1342175
2  0.00000000 -0.1918276
3 -0.06870805 -0.2315744

[[9]]
  delta        mu      mu_1      mu_0         de        se_1        se_0
1   0.5 0.8146728 0.6961557 0.8944368 -0.1982811  0.02444760  0.02185351
2   1.0 0.7565645 0.6717081 0.8725833 -0.2008752  0.00000000  0.00000000
3   2.0 0.7016791 0.6483552 0.8522980 -0.2039429 -0.02335292 -0.02028524
           oe         te
1  0.05810832 -0.1764276
2  0.00000000 -0.2008752
3 -0.05488542 -0.2242281

[[10]]
  delta        mu      mu_1      mu_0         de        se_1        se_0
1   0.5 0.8374840 0.7291462 0.8960498 -0.1669036  0.04881872  0.02748795
2   1.0 0.7675617 0.6803275 0.8685618 -0.1882344  0.00000000  0.00000000
3   2.0 0.6907078 0.6215810 0.8548766 -0.2332956 -0.05874648 -0.01368518
           oe         te
1  0.06992226 -0.1394156
2  0.00000000 -0.1882344
3 -0.07685391 -0.2469808

[[11]]
  delta        mu      mu_1      mu_0         de         se_1        se_0
1   0.5 0.7996425 0.6701791 0.8882676 -0.2180885 -0.001776582  0.02761487
2   1.0 0.7520880 0.6719556 0.8606527 -0.1886971  0.000000000  0.00000000
3   2.0 0.7157343 0.6658363 0.8449313 -0.1790949 -0.006119295 -0.01572142
           oe         te
1  0.04755456 -0.1904737
2  0.00000000 -0.1886971
3 -0.03635370 -0.1948164

[[12]]
  delta        mu      mu_1      mu_0         de         se_1        se_0
1   0.5 0.7784326 0.6859639 0.8477280 -0.1617641  0.034521998  0.01509355
2   1.0 0.7240030 0.6514419 0.8326344 -0.1811925  0.000000000  0.00000000
3   2.0 0.6874690 0.6435959 0.8166054 -0.1730095 -0.007845945 -0.01602896
           oe         te
1  0.05442953 -0.1466705
2  0.00000000 -0.1811925
3 -0.03653406 -0.1890385

[[13]]
  delta        mu      mu_1      mu_0         de         se_1        se_0
1   0.5 0.7597308 0.6692660 0.8193735 -0.1501076 -0.008641211 -0.01690518
2   1.0 0.7481943 0.6779072 0.8362787 -0.1583715  0.000000000  0.00000000
3   2.0 0.7551741 0.7103650 0.8545680 -0.1442030  0.032457795  0.01828928
          oe         te
1 0.01153653 -0.1670127
2 0.00000000 -0.1583715
3 0.00697984 -0.1259137

[[14]]
  delta        mu      mu_1      mu_0         de        se_1      se_0
1   0.5 0.7915873 0.6992802 0.8588030 -0.1595228  0.02715524 0.0227718
2   1.0 0.7383543 0.6721249 0.8360312 -0.1639063  0.00000000 0.0000000
3   2.0 0.7052087 0.6500751 0.8563313 -0.2062562 -0.02204980 0.0203001
           oe         te
1  0.05323298 -0.1367510
2  0.00000000 -0.1639063
3 -0.03314555 -0.1859561

[[15]]
  delta        mu      mu_1      mu_0         de        se_1        se_0
1   0.5 0.7939515 0.6804073 0.8650942 -0.1846869  0.01908040  0.01713514
2   1.0 0.7407460 0.6613269 0.8479591 -0.1866322  0.00000000  0.00000000
3   2.0 0.6686151 0.6092122 0.8292322 -0.2200200 -0.05211467 -0.01872686
           oe         te
1  0.05320554 -0.1675518
2  0.00000000 -0.1866322
3 -0.07213086 -0.2387469

[[16]]
  delta        mu      mu_1      mu_0         de         se_1         se_0
1   0.5 0.8260422 0.7132360 0.8993149 -0.1860789  0.031742286  0.022634106
2   1.0 0.7647143 0.6814937 0.8766808 -0.1951871  0.000000000  0.000000000
3   2.0 0.7295738 0.6762260 0.8738470 -0.1976210 -0.005267678 -0.002833754
           oe         te
1  0.06132789 -0.1634448
2  0.00000000 -0.1951871
3 -0.03514056 -0.2004548

[[17]]
  delta        mu      mu_1      mu_0         de        se_1         se_0
1   0.5 0.7783958 0.6861577 0.8402305 -0.1540728  0.01790338 -0.003829956
2   1.0 0.7449734 0.6682543 0.8440604 -0.1758061  0.00000000  0.000000000
3   2.0 0.7031081 0.6531285 0.8374014 -0.1842729 -0.01512576 -0.006658978
           oe         te
1  0.03342234 -0.1579028
2  0.00000000 -0.1758061
3 -0.04186530 -0.1909319

[[18]]
  delta        mu      mu_1      mu_0         de         se_1        se_0
1   0.5 0.7615087 0.6668353 0.8312868 -0.1644514  0.007724146 -0.01532625
2   1.0 0.7379877 0.6591112 0.8466130 -0.1875018  0.000000000  0.00000000
3   2.0 0.7132600 0.6550232 0.8632223 -0.2081991 -0.004087987  0.01660930
           oe         te
1  0.02352103 -0.1797777
2  0.00000000 -0.1875018
3 -0.02472775 -0.1915898

[[19]]
  delta        mu      mu_1      mu_0         de         se_1         se_0
1   0.5 0.8167116 0.6938506 0.8967704 -0.2029198  0.004605941  0.027832016
2   1.0 0.7657340 0.6892447 0.8689384 -0.1796937  0.000000000  0.000000000
3   2.0 0.7232998 0.6708870 0.8608790 -0.1899920 -0.018357660 -0.008059399
           oe         te
1  0.05097755 -0.1750878
2  0.00000000 -0.1796937
3 -0.04243420 -0.1980514

[[20]]
  delta        mu      mu_1      mu_0         de        se_1        se_0
1   0.5 0.8154779 0.7171407 0.8802629 -0.1631222  0.04329458  0.01794710
2   1.0 0.7536123 0.6738462 0.8623158 -0.1884696  0.00000000  0.00000000
3   2.0 0.6728661 0.6182628 0.8301996 -0.2119368 -0.05558340 -0.03211623
           oe         te
1  0.06186559 -0.1451751
2  0.00000000 -0.1884696
3 -0.08074617 -0.2440530

[[1]]
  delta         mu       mu_1       mu_0         de       se_1       se_0
1   0.5 0.02320644 0.02032268 0.02678590 0.02331210 0.01638588 0.02186338
2   1.0 0.01710258 0.01773921 0.01666344 0.01268232 0.00000000 0.00000000
3   2.0 0.03238838 0.03451075 0.02498617 0.02081875 0.02587989 0.02100613
          oe         te
1 0.01942054 0.01671880
2 0.00000000 0.01268232
3 0.02559067 0.03293281

[[2]]
  delta         mu       mu_1       mu_0         de       se_1       se_0
1   0.5 0.02637860 0.02008902 0.03013454 0.02212807 0.01594161 0.02491409
2   1.0 0.01763143 0.01768070 0.01744383 0.01182742 0.00000000 0.00000000
3   2.0 0.03037170 0.03270682 0.02385433 0.02157088 0.02544477 0.01860595
          oe         te
1 0.02245033 0.01575995
2 0.00000000 0.01182742
3 0.02392780 0.03060936

[[3]]
  delta         mu       mu_1       mu_0         de       se_1       se_0
1   0.5 0.02362649 0.01910840 0.02709434 0.02184157 0.01573074 0.02281680
2   1.0 0.01763064 0.01835117 0.01693771 0.01301934 0.00000000 0.00000000
3   2.0 0.03353975 0.03552057 0.02663114 0.02204183 0.02683258 0.02155921
          oe         te
1 0.02031860 0.01521242
2 0.00000000 0.01301934
3 0.02642202 0.03369585

[[4]]
  delta         mu       mu_1       mu_0         de       se_1       se_0
1   0.5 0.02390442 0.02007564 0.02690994 0.01981353 0.01482828 0.02072506
2   1.0 0.01839130 0.01824214 0.01838060 0.01281943 0.00000000 0.00000000
3   2.0 0.02931494 0.03093270 0.02458346 0.02066140 0.02311800 0.01902341
          oe         te
1 0.01874196 0.01508447
2 0.00000000 0.01281943
3 0.02241970 0.02928122

[[5]]
  delta         mu       mu_1       mu_0         de       se_1       se_0
1   0.5 0.02492458 0.01973389 0.02767908 0.01999384 0.01553111 0.02293404
2   1.0 0.01820389 0.01837525 0.01787700 0.01259981 0.00000000 0.00000000
3   2.0 0.03357501 0.03608372 0.02657960 0.02469217 0.02793879 0.02168886
          oe         te
1 0.02086345 0.01477718
2 0.00000000 0.01259981
3 0.02683145 0.03389407

[[6]]
  delta         mu       mu_1       mu_0         de       se_1       se_0
1   0.5 0.02485770 0.02095434 0.02874985 0.02411210 0.01617309 0.02404469
2   1.0 0.01790476 0.01833490 0.01748202 0.01243460 0.00000000 0.00000000
3   2.0 0.03712844 0.04009401 0.02806022 0.02568109 0.03227206 0.02273645
          oe         te
1 0.02072234 0.01684733
2 0.00000000 0.01243460
3 0.03054962 0.03819626

[[7]]
  delta         mu       mu_1       mu_0         de       se_1       se_0
1   0.5 0.02692619 0.02090593 0.03020241 0.02151727 0.01451621 0.02406118
2   1.0 0.01714354 0.01722588 0.01706181 0.01243018 0.00000000 0.00000000
3   2.0 0.03094523 0.03392351 0.02447638 0.02281997 0.02753921 0.02104960
          oe         te
1 0.02112106 0.01504658
2 0.00000000 0.01243018
3 0.02596407 0.03327618

[[8]]
  delta         mu       mu_1       mu_0         de       se_1       se_0
1   0.5 0.02221293 0.01952831 0.02527311 0.02044321 0.01420412 0.01954399
2   1.0 0.01838364 0.01833486 0.01824011 0.01221573 0.00000000 0.00000000
3   2.0 0.03892402 0.04603219 0.02597012 0.04039719 0.04024920 0.01986175
          oe         te
1 0.01697300 0.01515046
2 0.00000000 0.01221573
3 0.03358235 0.04522422

[[9]]
  delta         mu       mu_1       mu_0         de       se_1       se_0
1   0.5 0.02204046 0.01911615 0.02453644 0.01958312 0.01540575 0.02123554
2   1.0 0.01733599 0.01819756 0.01633462 0.01218161 0.00000000 0.00000000
3   2.0 0.03439338 0.03814041 0.02416806 0.02606990 0.03042013 0.01951284
          oe         te
1 0.01926017 0.01499395
2 0.00000000 0.01218161
3 0.02811492 0.03648756

[[10]]
  delta         mu       mu_1       mu_0         de       se_1       se_0
1   0.5 0.02680797 0.02092873 0.02955730 0.02040218 0.01731399 0.02396358
2   1.0 0.01723297 0.01757729 0.01698905 0.01257341 0.00000000 0.00000000
3   2.0 0.02654157 0.02829694 0.02205274 0.01860588 0.02142257 0.01774219
          oe         te
1 0.02261504 0.01643904
2 0.00000000 0.01257341
3 0.02086914 0.02750537

[[11]]
  delta         mu       mu_1       mu_0         de       se_1       se_0
1   0.5 0.02496707 0.02204127 0.02812202 0.02387694 0.01869525 0.02288557
2   1.0 0.01702586 0.01769660 0.01656354 0.01287963 0.00000000 0.00000000
3   2.0 0.03847667 0.04109821 0.02838421 0.02545611 0.03313160 0.02358337
          oe         te
1 0.02116810 0.01914004
2 0.00000000 0.01287963
3 0.03204236 0.03932392

[[12]]
  delta         mu       mu_1       mu_0         de       se_1       se_0
1   0.5 0.02578577 0.02124705 0.02901741 0.02193908 0.01751626 0.02471580
2   1.0 0.01826549 0.01878604 0.01725378 0.01255633 0.00000000 0.00000000
3   2.0 0.03559060 0.03829569 0.02780809 0.02530427 0.03092029 0.02311746
          oe         te
1 0.02225107 0.01671478
2 0.00000000 0.01255633
3 0.02960381 0.03744440

[[13]]
  delta         mu       mu_1       mu_0         de       se_1       se_0
1   0.5 0.02318470 0.02063724 0.02569444 0.02006465 0.01561218 0.02091758
2   1.0 0.01821521 0.01882569 0.01755227 0.01305515 0.00000000 0.00000000
3   2.0 0.04392244 0.04883222 0.02768579 0.03334792 0.04183221 0.02218708
          oe         te
1 0.01903475 0.01581871
2 0.00000000 0.01305515
3 0.03808321 0.04751549

[[14]]
  delta         mu       mu_1       mu_0         de       se_1       se_0
1   0.5 0.02241803 0.01805339 0.02623060 0.02123342 0.01443702 0.02249359
2   1.0 0.01692054 0.01752090 0.01628484 0.01240946 0.00000000 0.00000000
3   2.0 0.03367414 0.03716507 0.02374284 0.02468967 0.02986379 0.01956166
          oe         te
1 0.01941262 0.01441034
2 0.00000000 0.01240946
3 0.02794514 0.03631262

[[15]]
  delta         mu       mu_1       mu_0         de       se_1       se_0
1   0.5 0.02354666 0.01983814 0.02630532 0.02057842 0.01425247 0.02085360
2   1.0 0.01788313 0.01837661 0.01730507 0.01270283 0.00000000 0.00000000
3   2.0 0.02881555 0.03092705 0.02273825 0.02160166 0.02396423 0.01728621
          oe         te
1 0.01857591 0.01498048
2 0.00000000 0.01270283
3 0.02274363 0.02979817

[[16]]
  delta         mu       mu_1       mu_0         de       se_1       se_0
1   0.5 0.02663688 0.02052640 0.03140946 0.02451971 0.01447298 0.02622208
2   1.0 0.01799249 0.01821935 0.01738634 0.01222974 0.00000000 0.00000000
3   2.0 0.03106221 0.03456540 0.02318515 0.02499625 0.02817145 0.01823594
          oe         te
1 0.02148872 0.01517071
2 0.00000000 0.01222974
3 0.02569751 0.03388034

[[17]]
  delta         mu       mu_1       mu_0         de       se_1       se_0
1   0.5 0.02294251 0.01977101 0.02641145 0.02117791 0.01571996 0.02197815
2   1.0 0.01726319 0.01775112 0.01706398 0.01247250 0.00000000 0.00000000
3   2.0 0.03366035 0.03749044 0.02627946 0.02729169 0.03193937 0.02215517
          oe         te
1 0.01959523 0.01580709
2 0.00000000 0.01247250
3 0.02908578 0.03723187

[[18]]
  delta         mu       mu_1       mu_0         de       se_1       se_0
1   0.5 0.02425647 0.01879101 0.02855416 0.02323364 0.01525289 0.02522266
2   1.0 0.01690885 0.01771049 0.01610240 0.01258159 0.00000000 0.00000000
3   2.0 0.03216296 0.03441937 0.02561686 0.02348658 0.02794330 0.02110250
          oe         te
1 0.02197787 0.01494335
2 0.00000000 0.01258159
3 0.02676654 0.03363674

[[19]]
  delta         mu       mu_1       mu_0         de       se_1       se_0
1   0.5 0.02482733 0.02063246 0.02767734 0.02098526 0.01629826 0.02389261
2   1.0 0.01838245 0.01865389 0.01770889 0.01243676 0.00000000 0.00000000
3   2.0 0.03264813 0.03526248 0.02565904 0.02547684 0.02853306 0.02029938
          oe         te
1 0.02121455 0.01573583
2 0.00000000 0.01243676
3 0.02681352 0.03455654

[[20]]
  delta         mu       mu_1       mu_0         de       se_1       se_0
1   0.5 0.02463366 0.01902800 0.02862947 0.02192078 0.01526469 0.02446097
2   1.0 0.01772590 0.01828192 0.01705809 0.01300388 0.00000000 0.00000000
3   2.0 0.02980882 0.03183719 0.02404062 0.02116356 0.02514501 0.01950495
          oe         te
1 0.02138741 0.01518575
2 0.00000000 0.01300388
3 0.02437099 0.03166692

[1] "Total run time was 2797.885 seconds"
