Warning message:
package ‘SuperLearner’ was built under R version 4.1.3 
[1] "[Simulation setting]"
[1] "n: 500"
[1] "deltas: 0.5, 1, 2"
[1] "K: 2"
[1] "r: 100"
[1] "s: 1"
[1] "Sim.id 1"
[1] "Data generated and format changed"
[1] "   Split: 1"
Loading required namespace: nnet
Loading required namespace: ranger
[1] "   Split: 2"
[1] "Estimates and SE estimates computed"
[1] ""
[1] "Sim.id 2"
[1] "Data generated and format changed"
[1] "   Split: 1"
[1] "   Split: 2"
[1] "Estimates and SE estimates computed"
[1] ""
[1] "Sim.id 3"
[1] "Data generated and format changed"
[1] "   Split: 1"
[1] "   Split: 2"
[1] "Estimates and SE estimates computed"
[1] ""
[1] "Sim.id 4"
[1] "Data generated and format changed"
[1] "   Split: 1"
[1] "   Split: 2"
[1] "Estimates and SE estimates computed"
[1] ""
[1] "Sim.id 5"
[1] "Data generated and format changed"
[1] "   Split: 1"
[1] "   Split: 2"
[1] "Estimates and SE estimates computed"
[1] ""
[1] "Sim.id 6"
[1] "Data generated and format changed"
[1] "   Split: 1"
[1] "   Split: 2"
[1] "Estimates and SE estimates computed"
[1] ""
[1] "Sim.id 7"
[1] "Data generated and format changed"
[1] "   Split: 1"
[1] "   Split: 2"
[1] "Estimates and SE estimates computed"
[1] ""
[1] "Sim.id 8"
[1] "Data generated and format changed"
[1] "   Split: 1"
[1] "   Split: 2"
[1] "Estimates and SE estimates computed"
[1] ""
[1] "Sim.id 9"
[1] "Data generated and format changed"
[1] "   Split: 1"
[1] "   Split: 2"
[1] "Estimates and SE estimates computed"
[1] ""
[1] "Sim.id 10"
[1] "Data generated and format changed"
[1] "   Split: 1"
[1] "   Split: 2"
[1] "Estimates and SE estimates computed"
[1] ""
[1] "Sim.id 11"
[1] "Data generated and format changed"
[1] "   Split: 1"
[1] "   Split: 2"
[1] "Estimates and SE estimates computed"
[1] ""
[1] "Sim.id 12"
[1] "Data generated and format changed"
[1] "   Split: 1"
[1] "   Split: 2"
[1] "Estimates and SE estimates computed"
[1] ""
[1] "Sim.id 13"
[1] "Data generated and format changed"
[1] "   Split: 1"
[1] "   Split: 2"
[1] "Estimates and SE estimates computed"
[1] ""
[1] "Sim.id 14"
[1] "Data generated and format changed"
[1] "   Split: 1"
[1] "   Split: 2"
[1] "Estimates and SE estimates computed"
[1] ""
[1] "Sim.id 15"
[1] "Data generated and format changed"
[1] "   Split: 1"
[1] "   Split: 2"
[1] "Estimates and SE estimates computed"
[1] ""
[1] "Sim.id 16"
[1] "Data generated and format changed"
[1] "   Split: 1"
[1] "   Split: 2"
[1] "Estimates and SE estimates computed"
[1] ""
[1] "Sim.id 17"
[1] "Data generated and format changed"
[1] "   Split: 1"
[1] "   Split: 2"
[1] "Estimates and SE estimates computed"
[1] ""
[1] "Sim.id 18"
[1] "Data generated and format changed"
[1] "   Split: 1"
[1] "   Split: 2"
[1] "Estimates and SE estimates computed"
[1] ""
[1] "Sim.id 19"
[1] "Data generated and format changed"
[1] "   Split: 1"
[1] "   Split: 2"
[1] "Estimates and SE estimates computed"
[1] ""
[1] "Sim.id 20"
[1] "Data generated and format changed"
[1] "   Split: 1"
[1] "   Split: 2"
[1] "Estimates and SE estimates computed"
[1] ""
[[1]]
  delta        mu      mu_1      mu_0         de        se_1        se_0
1   0.5 0.8198799 0.7049006 0.8908261 -0.1859254  0.03029623  0.02312839
2   1.0 0.7588154 0.6746044 0.8676977 -0.1930933  0.00000000  0.00000000
3   2.0 0.6891319 0.6260414 0.8575973 -0.2315559 -0.04856295 -0.01010034
           oe         te
1  0.06106452 -0.1627971
2  0.00000000 -0.1930933
3 -0.06968344 -0.2416562

[[2]]
  delta        mu      mu_1      mu_0         de        se_1        se_0
1   0.5 0.7788330 0.6713888 0.8474121 -0.1760233  0.02658949  0.01439464
2   1.0 0.7266293 0.6447993 0.8330175 -0.1882181  0.00000000  0.00000000
3   2.0 0.6659662 0.6147025 0.8095266 -0.1948241 -0.03009686 -0.02349087
           oe         te
1  0.05220360 -0.1616286
2  0.00000000 -0.1882181
3 -0.06066318 -0.2183150

[[3]]
  delta        mu      mu_1      mu_0         de         se_1        se_0
1   0.5 0.7485927 0.6815774 0.8096138 -0.1280364  0.001465587 -0.03438110
2   1.0 0.7456966 0.6801118 0.8439949 -0.1638831  0.000000000  0.00000000
3   2.0 0.7267394 0.6780146 0.8619268 -0.1839123 -0.002097211  0.01793195
            oe         te
1  0.002896099 -0.1624175
2  0.000000000 -0.1638831
3 -0.018957195 -0.1659803

[[4]]
  delta        mu      mu_1      mu_0         de       se_1        se_0
1   0.5 0.7688027 0.6743138 0.8338449 -0.1595311 0.01789494 0.008752190
2   1.0 0.7271880 0.6564189 0.8250927 -0.1686739 0.00000000 0.000000000
3   2.0 0.7222012 0.6834432 0.8261638 -0.1427206 0.02702430 0.001071078
            oe         te
1  0.041614653 -0.1507789
2  0.000000000 -0.1686739
3 -0.004986805 -0.1416496

[[5]]
  delta        mu      mu_1      mu_0         de        se_1        se_0
1   0.5 0.8904034 0.7452723 0.9690901 -0.2238178  0.06902513  0.08485228
2   1.0 0.7701243 0.6762472 0.8842378 -0.2079907  0.00000000  0.00000000
3   2.0 0.7003659 0.6507301 0.8269195 -0.1761894 -0.02551710 -0.05731833
           oe         te
1  0.12027902 -0.1389655
2  0.00000000 -0.2079907
3 -0.06975844 -0.2335078

[[6]]
  delta        mu      mu_1      mu_0         de        se_1          se_0
1   0.5 0.7995414 0.7094614 0.8629907 -0.1535293  0.02025692  0.0009678238
2   1.0 0.7620689 0.6892045 0.8620228 -0.1728184  0.00000000  0.0000000000
3   2.0 0.7266910 0.6778091 0.8613884 -0.1835793 -0.01139533 -0.0006344257
           oe         te
1  0.03747248 -0.1525615
2  0.00000000 -0.1728184
3 -0.03537787 -0.1842137

[[7]]
  delta        mu      mu_1      mu_0         de        se_1        se_0
1   0.5 0.8257018 0.6885075 0.9143724 -0.2258650  0.01089285  0.02726334
2   1.0 0.7675622 0.6776146 0.8871091 -0.2094945  0.00000000  0.00000000
3   2.0 0.6902291 0.6310612 0.8488016 -0.2177404 -0.04655344 -0.03830750
           oe         te
1  0.05813960 -0.1986016
2  0.00000000 -0.2094945
3 -0.07733303 -0.2560479

[[8]]
  delta        mu      mu_1      mu_0         de        se_1         se_0
1   0.5 0.7758950 0.6831518 0.8419375 -0.1587857  0.02979442  0.004531539
2   1.0 0.7278082 0.6533574 0.8374059 -0.1840485  0.00000000  0.000000000
3   2.0 0.6885641 0.6452612 0.8249277 -0.1796664 -0.00809616 -0.012478278
           oe         te
1  0.04808684 -0.1542541
2  0.00000000 -0.1840485
3 -0.03924409 -0.1921447

[[9]]
  delta        mu      mu_1      mu_0         de       se_1         se_0
1   0.5 0.7919411 0.6880342 0.8678521 -0.1798179 0.02026020  0.018193735
2   1.0 0.7398352 0.6677740 0.8496583 -0.1818844 0.00000000  0.000000000
3   2.0 0.7261487 0.6854961 0.8446262 -0.1591301 0.01772213 -0.005032086
           oe         te
1  0.05210597 -0.1616242
2  0.00000000 -0.1818844
3 -0.01368643 -0.1641622

[[10]]
  delta        mu      mu_1      mu_0         de        se_1        se_0
1   0.5 0.7936060 0.7210347 0.8513356 -0.1303009  0.02502274 -0.01961664
2   1.0 0.7687074 0.6960120 0.8709523 -0.1749403  0.00000000  0.00000000
3   2.0 0.7297103 0.6832386 0.8550920 -0.1718534 -0.01277337 -0.01586032
          oe         te
1  0.0248986 -0.1499176
2  0.0000000 -0.1749403
3 -0.0389971 -0.1877137

[[11]]
  delta        mu      mu_1      mu_0         de        se_1          se_0
1   0.5 0.7822350 0.6823540 0.8534044 -0.1710504  0.01824190 -0.0008568994
2   1.0 0.7467298 0.6641121 0.8542613 -0.1901492  0.00000000  0.0000000000
3   2.0 0.6770437 0.6181881 0.8271090 -0.2089208 -0.04592398 -0.0271523391
           oe         te
1  0.03550526 -0.1719073
2  0.00000000 -0.1901492
3 -0.06968606 -0.2360732

[[12]]
  delta        mu      mu_1      mu_0         de       se_1          se_0
1   0.5 0.7461229 0.6618590 0.8145508 -0.1526917 0.01773841 -0.0142726035
2   1.0 0.7203559 0.6441206 0.8288234 -0.1847027 0.00000000  0.0000000000
3   2.0 0.7031589 0.6583387 0.8284812 -0.1701425 0.01421807 -0.0003421689
           oe         te
1  0.02576694 -0.1669643
2  0.00000000 -0.1847027
3 -0.01719706 -0.1704847

[[13]]
  delta        mu      mu_1      mu_0         de        se_1        se_0
1   0.5 0.8004040 0.7078103 0.8659075 -0.1580972  0.03121993 0.006749806
2   1.0 0.7548739 0.6765903 0.8591577 -0.1825673  0.00000000 0.000000000
3   2.0 0.7098926 0.6492568 0.8641677 -0.2149109 -0.02733350 0.005010075
           oe         te
1  0.04553007 -0.1513474
2  0.00000000 -0.1825673
3 -0.04498129 -0.2099008

[[14]]
  delta        mu      mu_1      mu_0         de        se_1        se_0
1   0.5 0.7954007 0.6762978 0.8778667 -0.2015689 0.027731281  0.02955427
2   1.0 0.7327475 0.6485665 0.8483124 -0.1997459 0.000000000  0.00000000
3   2.0 0.7004179 0.6509419 0.8351629 -0.1842210 0.002375385 -0.01314956
           oe         te
1  0.06265320 -0.1720147
2  0.00000000 -0.1997459
3 -0.03232957 -0.1973706

[[15]]
  delta        mu      mu_1      mu_0         de        se_1        se_0
1   0.5 0.8151445 0.6995471 0.8925016 -0.1929545  0.02944367  0.03558158
2   1.0 0.7504123 0.6701035 0.8569201 -0.1868166  0.00000000  0.00000000
3   2.0 0.7154205 0.6643311 0.8443912 -0.1800601 -0.00577239 -0.01252886
           oe         te
1  0.06473213 -0.1573729
2  0.00000000 -0.1868166
3 -0.03499185 -0.1925890

[[16]]
  delta        mu      mu_1      mu_0         de        se_1         se_0
1   0.5 0.7518205 0.6663808 0.8145728 -0.1481920  0.01273231 -0.024359883
2   1.0 0.7317796 0.6536485 0.8389327 -0.1852842  0.00000000  0.000000000
3   2.0 0.6831634 0.6279902 0.8332202 -0.2052300 -0.02565828 -0.005712429
           oe         te
1  0.02004096 -0.1725519
2  0.00000000 -0.1852842
3 -0.04861614 -0.2109425

[[17]]
  delta        mu      mu_1      mu_0         de        se_1        se_0
1   0.5 0.7715885 0.6975350 0.8220717 -0.1245367  0.00549027 -0.03057964
2   1.0 0.7625692 0.6920447 0.8526514 -0.1606066  0.00000000  0.00000000
3   2.0 0.6917458 0.6403711 0.8215124 -0.1811413 -0.05167365 -0.03113898
            oe         te
1  0.009019309 -0.1551164
2  0.000000000 -0.1606066
3 -0.070823400 -0.2122803

[[18]]
  delta        mu      mu_1      mu_0         de       se_1        se_0
1   0.5 0.7809962 0.6902379 0.8502133 -0.1599755 0.01006213 -0.01849510
2   1.0 0.7589589 0.6801758 0.8687084 -0.1885327 0.00000000  0.00000000
3   2.0 0.7726309 0.7313225 0.8858202 -0.1544977 0.05114678  0.01711174
          oe         te
1 0.02203729 -0.1784706
2 0.00000000 -0.1885327
3 0.01367203 -0.1373859

[[19]]
  delta        mu      mu_1      mu_0         de        se_1         se_0
1   0.5 0.8220134 0.6971551 0.8997059 -0.2025508  0.03458826  0.038048416
2   1.0 0.7498622 0.6625668 0.8616574 -0.1990906  0.00000000  0.000000000
3   2.0 0.6904763 0.6268488 0.8575462 -0.2306974 -0.03571799 -0.004111203
           oe         te
1  0.07215126 -0.1645024
2  0.00000000 -0.1990906
3 -0.05938588 -0.2348086

[[20]]
  delta        mu      mu_1      mu_0         de        se_1        se_0
1   0.5 0.7815028 0.6918450 0.8404915 -0.1486465  0.01074839 -0.02035445
2   1.0 0.7595535 0.6810966 0.8608460 -0.1797494  0.00000000  0.00000000
3   2.0 0.6838101 0.6303571 0.8277430 -0.1973859 -0.05073951 -0.03310298
           oe         te
1  0.02194928 -0.1690010
2  0.00000000 -0.1797494
3 -0.07574335 -0.2304889

[[1]]
  delta         mu       mu_1       mu_0         de       se_1       se_0
1   0.5 0.02277709 0.01865801 0.02606593 0.02032720 0.01464404 0.02150136
2   1.0 0.01699375 0.01788942 0.01648963 0.01311508 0.00000000 0.00000000
3   2.0 0.03078912 0.03317414 0.02468720 0.02278460 0.02610681 0.01993897
          oe         te
1 0.01902318 0.01501364
2 0.00000000 0.01311508
3 0.02519145 0.03260020

[[2]]
  delta         mu       mu_1       mu_0         de       se_1       se_0
1   0.5 0.02265080 0.01979592 0.02513857 0.01992389 0.01513832 0.02064792
2   1.0 0.01626788 0.01709919 0.01575255 0.01273911 0.00000000 0.00000000
3   2.0 0.02890909 0.03175757 0.02248252 0.02394769 0.02488918 0.01895468
          oe         te
1 0.01886731 0.01542275
2 0.00000000 0.01273911
3 0.02368405 0.03139234

[[3]]
  delta         mu       mu_1       mu_0         de       se_1       se_0
1   0.5 0.02598498 0.01916053 0.03096340 0.02431784 0.01621116 0.02698261
2   1.0 0.01743196 0.01783913 0.01709039 0.01264027 0.00000000 0.00000000
3   2.0 0.03559125 0.03939756 0.02647780 0.02746808 0.03150364 0.02020027
          oe         te
1 0.02301597 0.01604391
2 0.00000000 0.01264027
3 0.02867128 0.03721337

[[4]]
  delta         mu       mu_1       mu_0         de       se_1       se_0
1   0.5 0.02323259 0.01847886 0.02658128 0.02123718 0.01477926 0.02256497
2   1.0 0.01714172 0.01746675 0.01652508 0.01235520 0.00000000 0.00000000
3   2.0 0.03179436 0.03470256 0.02358764 0.02282630 0.02731122 0.01926256
          oe         te
1 0.02002325 0.01410791
2 0.00000000 0.01235520
3 0.02564496 0.03316492

[[5]]
  delta         mu       mu_1       mu_0         de       se_1       se_0
1   0.5 0.02578559 0.02055613 0.02879783 0.02115800 0.01600658 0.02369441
2   1.0 0.01743108 0.01782003 0.01680115 0.01263830 0.00000000 0.00000000
3   2.0 0.03052249 0.03332037 0.02467618 0.02333144 0.02624589 0.01994673
          oe         te
1 0.02144596 0.01564922
2 0.00000000 0.01263830
3 0.02475869 0.03234010

[[6]]
  delta         mu       mu_1       mu_0         de       se_1       se_0
1   0.5 0.02330780 0.02041181 0.02588636 0.01918253 0.01664377 0.02131067
2   1.0 0.01724459 0.01765762 0.01681227 0.01237775 0.00000000 0.00000000
3   2.0 0.03102280 0.03269185 0.02532641 0.02087649 0.02475428 0.01979156
          oe         te
1 0.01972755 0.01659997
2 0.00000000 0.01237775
3 0.02450781 0.03151317

[[7]]
  delta         mu       mu_1       mu_0         de       se_1       se_0
1   0.5 0.02366973 0.01962900 0.02751276 0.02268951 0.01366402 0.02218376
2   1.0 0.01626360 0.01663040 0.01635668 0.01305784 0.00000000 0.00000000
3   2.0 0.02954730 0.03218388 0.02405720 0.02562598 0.02583360 0.02001348
          oe         te
1 0.01873279 0.01486835
2 0.00000000 0.01305784
3 0.02450496 0.03221179

[[8]]
  delta         mu       mu_1       mu_0         de       se_1       se_0
1   0.5 0.02344924 0.02012246 0.02990775 0.03013601 0.01611918 0.02591187
2   1.0 0.01650913 0.01714667 0.01588510 0.01252116 0.00000000 0.00000000
3   2.0 0.03104300 0.03467195 0.02246375 0.02609059 0.02791975 0.01823182
          oe         te
1 0.02018901 0.01752281
2 0.00000000 0.01252116
3 0.02556354 0.03379090

[[9]]
  delta         mu       mu_1       mu_0         de       se_1       se_0
1   0.5 0.02473478 0.02048855 0.02941193 0.02573722 0.01654435 0.02427193
2   1.0 0.01782045 0.01784183 0.01758489 0.01285912 0.00000000 0.00000000
3   2.0 0.03582573 0.03929116 0.02585422 0.02584221 0.03309416 0.02204264
          oe         te
1 0.02066812 0.01691644
2 0.00000000 0.01285912
3 0.03063955 0.03864720

[[10]]
  delta         mu       mu_1       mu_0         de       se_1       se_0
1   0.5 0.02827212 0.02002567 0.03392519 0.02572892 0.01623362 0.02903970
2   1.0 0.01732875 0.01778918 0.01681662 0.01321996 0.00000000 0.00000000
3   2.0 0.03379638 0.03791569 0.02337731 0.02734063 0.03031532 0.01842859
          oe         te
1 0.02464565 0.01550741
2 0.00000000 0.01321996
3 0.02747005 0.03651986

[[11]]
  delta         mu       mu_1       mu_0         de       se_1       se_0
1   0.5 0.02994728 0.02332827 0.03506614 0.02722667 0.02027429 0.03161412
2   1.0 0.01634662 0.01741926 0.01566777 0.01353419 0.00000000 0.00000000
3   2.0 0.03224944 0.03558848 0.02380312 0.02534177 0.02796093 0.01970977
          oe         te
1 0.02767835 0.02042097
2 0.00000000 0.01353419
3 0.02641710 0.03472407

[[12]]
  delta         mu       mu_1       mu_0         de       se_1       se_0
1   0.5 0.02632893 0.02070632 0.02980411 0.02323783 0.01746845 0.02639185
2   1.0 0.01783305 0.01791758 0.01746598 0.01253441 0.00000000 0.00000000
3   2.0 0.03361689 0.03627425 0.02715146 0.02625338 0.02980929 0.02307384
          oe         te
1 0.02374285 0.01602808
2 0.00000000 0.01253441
3 0.02840599 0.03612813

[[13]]
  delta         mu       mu_1       mu_0         de       se_1       se_0
1   0.5 0.02369789 0.01945966 0.02832762 0.02488058 0.01488268 0.02474628
2   1.0 0.01739183 0.01783686 0.01683733 0.01255511 0.00000000 0.00000000
3   2.0 0.02935471 0.03184825 0.02338387 0.02325384 0.02374020 0.01785554
          oe         te
1 0.02046838 0.01574649
2 0.00000000 0.01255511
3 0.02249068 0.03000592

[[14]]
  delta         mu       mu_1       mu_0         de       se_1       se_0
1   0.5 0.02166090 0.01829496 0.02409286 0.01842958 0.01390692 0.01920398
2   1.0 0.01639898 0.01682411 0.01616945 0.01254764 0.00000000 0.00000000
3   2.0 0.02965967 0.03260345 0.02227777 0.02301030 0.02701194 0.01896146
          oe         te
1 0.01746071 0.01351228
2 0.00000000 0.01254764
3 0.02567061 0.03356115

[[15]]
  delta         mu       mu_1       mu_0         de       se_1       se_0
1   0.5 0.02476828 0.01861342 0.02885688 0.02255170 0.01406899 0.02420619
2   1.0 0.01743356 0.01738127 0.01721329 0.01249154 0.00000000 0.00000000
3   2.0 0.02988981 0.03235861 0.02352372 0.02360222 0.02578896 0.01908353
          oe         te
1 0.02081633 0.01422645
2 0.00000000 0.01249154
3 0.02445751 0.03207626

[[16]]
  delta         mu       mu_1       mu_0         de       se_1       se_0
1   0.5 0.02278839 0.01840098 0.02685461 0.02281692 0.01607002 0.02368057
2   1.0 0.01704752 0.01792739 0.01620969 0.01282727 0.00000000 0.00000000
3   2.0 0.03164285 0.03376859 0.02470362 0.02152250 0.02694048 0.01938441
          oe         te
1 0.02107641 0.01636204
2 0.00000000 0.01282727
3 0.02554895 0.03224841

[[17]]
  delta         mu       mu_1       mu_0         de       se_1       se_0
1   0.5 0.02448324 0.02012450 0.02780928 0.02123711 0.01454449 0.02232620
2   1.0 0.01771289 0.01789521 0.01743952 0.01241978 0.00000000 0.00000000
3   2.0 0.03105659 0.03432633 0.02556180 0.02856051 0.02835753 0.02066288
          oe         te
1 0.01965789 0.01416022
2 0.00000000 0.01241978
3 0.02567352 0.03385739

[[18]]
  delta         mu       mu_1       mu_0         de       se_1       se_0
1   0.5 0.02493502 0.01973789 0.03009455 0.02446426 0.01727420 0.02642267
2   1.0 0.01826396 0.01905049 0.01748415 0.01350881 0.00000000 0.00000000
3   2.0 0.03605485 0.04008525 0.02779627 0.03143387 0.03215054 0.02154002
          oe         te
1 0.02276252 0.01697501
2 0.00000000 0.01350881
3 0.02886238 0.03819258

[[19]]
  delta         mu       mu_1       mu_0         de       se_1       se_0
1   0.5 0.02463163 0.01990316 0.02785905 0.02133854 0.01510427 0.02328460
2   1.0 0.01745247 0.01775743 0.01710614 0.01225488 0.00000000 0.00000000
3   2.0 0.03291359 0.03689948 0.02428849 0.02656595 0.03024923 0.01931247
          oe         te
1 0.02042599 0.01557116
2 0.00000000 0.01225488
3 0.02729141 0.03560968

[[20]]
  delta         mu       mu_1       mu_0         de       se_1       se_0
1   0.5 0.02312102 0.01906281 0.02786231 0.02415661 0.01578342 0.02314322
2   1.0 0.01896961 0.01942112 0.01777308 0.01232849 0.00000000 0.00000000
3   2.0 0.03637754 0.03984240 0.02758667 0.02995682 0.03205200 0.02065176
          oe         te
1 0.01940164 0.01545060
2 0.00000000 0.01232849
3 0.02880817 0.03708631

[[1]]
  delta        mu      mu_1      mu_0         de        se_1        se_0
1   0.5 0.8202461 0.7048035 0.8915053 -0.1867018  0.03064134  0.02376066
2   1.0 0.7586536 0.6741622 0.8677446 -0.1935825  0.00000000  0.00000000
3   2.0 0.6883514 0.6250091 0.8575909 -0.2325819 -0.04915310 -0.01015368
           oe         te
1  0.06159244 -0.1629411
2  0.00000000 -0.1935825
3 -0.07030225 -0.2427356

[[2]]
  delta        mu      mu_1      mu_0         de        se_1        se_0
1   0.5 0.7809575 0.6735009 0.8495507 -0.1760498  0.02748384  0.01592764
2   1.0 0.7275492 0.6460171 0.8336231 -0.1876060  0.00000000  0.00000000
3   2.0 0.6625142 0.6110062 0.8084372 -0.1974310 -0.03501087 -0.02518590
           oe         te
1  0.05340838 -0.1601221
2  0.00000000 -0.1876060
3 -0.06503498 -0.2226169

[[3]]
  delta        mu      mu_1      mu_0         de         se_1        se_0
1   0.5 0.7495958 0.6818070 0.8109402 -0.1291332  0.001313589 -0.03368206
2   1.0 0.7462301 0.6804935 0.8446223 -0.1641288  0.000000000  0.00000000
3   2.0 0.7275068 0.6790719 0.8624734 -0.1834015 -0.001421519  0.01785116
            oe         te
1  0.003365688 -0.1628152
2  0.000000000 -0.1641288
3 -0.018723341 -0.1655503

[[4]]
  delta        mu      mu_1      mu_0         de       se_1        se_0
1   0.5 0.7705935 0.6753727 0.8362184 -0.1608458 0.01916150 0.011409388
2   1.0 0.7268001 0.6562111 0.8248090 -0.1685979 0.00000000 0.000000000
3   2.0 0.7215960 0.6825055 0.8264432 -0.1439377 0.02629436 0.001634215
            oe         te
1  0.043793460 -0.1494364
2  0.000000000 -0.1685979
3 -0.005204035 -0.1423035

[[5]]
  delta        mu      mu_1      mu_0         de        se_1        se_0
1   0.5 0.8906529 0.7456302 0.9694127 -0.2237825  0.06952954  0.08514056
2   1.0 0.7699521 0.6761007 0.8842722 -0.2081715  0.00000000  0.00000000
3   2.0 0.7000785 0.6505344 0.8267979 -0.1762635 -0.02556632 -0.05747427
           oe         te
1  0.12070084 -0.1386419
2  0.00000000 -0.2081715
3 -0.06987363 -0.2337378

[[6]]
  delta        mu      mu_1      mu_0         de        se_1         se_0
1   0.5 0.7995332 0.7088487 0.8638247 -0.1549760  0.02267017 0.0052517049
2   1.0 0.7581004 0.6861785 0.8585730 -0.1723945  0.00000000 0.0000000000
3   2.0 0.7239313 0.6757458 0.8587327 -0.1829869 -0.01043272 0.0001597503
           oe         te
1  0.04143277 -0.1497243
2  0.00000000 -0.1723945
3 -0.03416911 -0.1828272

[[7]]
  delta        mu      mu_1      mu_0         de        se_1        se_0
1   0.5 0.8241398 0.6875194 0.9126688 -0.2251494  0.01037548  0.02610916
2   1.0 0.7670349 0.6771439 0.8865596 -0.2094157  0.00000000  0.00000000
3   2.0 0.6893309 0.6301198 0.8481601 -0.2180403 -0.04702418 -0.03839951
           oe         te
1  0.05710491 -0.1990402
2  0.00000000 -0.2094157
3 -0.07770391 -0.2564399

[[8]]
  delta        mu      mu_1      mu_0         de         se_1         se_0
1   0.5 0.7739215 0.6807280 0.8401611 -0.1594331  0.028983332  0.004692124
2   1.0 0.7258319 0.6517447 0.8354690 -0.1837243  0.000000000  0.000000000
3   2.0 0.6887321 0.6458474 0.8246211 -0.1787737 -0.005897243 -0.010847861
           oe         te
1  0.04808962 -0.1547410
2  0.00000000 -0.1837243
3 -0.03709976 -0.1896215

[[9]]
  delta        mu      mu_1      mu_0         de       se_1         se_0
1   0.5 0.7941741 0.6894941 0.8703082 -0.1808141 0.02054357  0.019128697
2   1.0 0.7413102 0.6689506 0.8511795 -0.1822289 0.00000000  0.000000000
3   2.0 0.7283977 0.6880499 0.8468729 -0.1588230 0.01909935 -0.004306582
           oe         te
1  0.05286392 -0.1616854
2  0.00000000 -0.1822289
3 -0.01291241 -0.1631296

[[10]]
  delta        mu      mu_1      mu_0         de        se_1        se_0
1   0.5 0.7970174 0.7233606 0.8541048 -0.1307441  0.02665630 -0.01837504
2   1.0 0.7699476 0.6967043 0.8724798 -0.1757755  0.00000000  0.00000000
3   2.0 0.7297921 0.6823249 0.8563031 -0.1739782 -0.01437948 -0.01617673
           oe         te
1  0.02706982 -0.1491192
2  0.00000000 -0.1757755
3 -0.04015551 -0.1901550

[[11]]
  delta        mu      mu_1      mu_0         de        se_1          se_0
1   0.5 0.7826913 0.6819640 0.8547237 -0.1727597  0.01729270 -9.889125e-05
2   1.0 0.7471215 0.6646713 0.8548226 -0.1901513  0.00000000  0.000000e+00
3   2.0 0.6751084 0.6157658 0.8275371 -0.2117712 -0.04890553 -2.728555e-02
           oe         te
1  0.03556972 -0.1728586
2  0.00000000 -0.1901513
3 -0.07201312 -0.2390568

[[12]]
  delta        mu      mu_1      mu_0         de       se_1          se_0
1   0.5 0.7476595 0.6618478 0.8165744 -0.1547267 0.01647065 -0.0130981484
2   1.0 0.7215545 0.6453771 0.8296726 -0.1842955 0.00000000  0.0000000000
3   2.0 0.7059743 0.6612366 0.8301696 -0.1689329 0.01585948  0.0004969812
           oe         te
1  0.02610499 -0.1678248
2  0.00000000 -0.1842955
3 -0.01558023 -0.1684360

[[13]]
  delta        mu      mu_1      mu_0         de        se_1        se_0
1   0.5 0.8000587 0.7072594 0.8656713 -0.1584119  0.03077713 0.006742915
2   1.0 0.7546794 0.6764823 0.8589284 -0.1824461  0.00000000 0.000000000
3   2.0 0.7097337 0.6491656 0.8639513 -0.2147857 -0.02731663 0.005022933
           oe         te
1  0.04537923 -0.1516690
2  0.00000000 -0.1824461
3 -0.04494575 -0.2097628

[[14]]
  delta        mu      mu_1      mu_0         de        se_1        se_0
1   0.5 0.7975605 0.6777845 0.8794799 -0.2016954 0.026903092  0.02900272
2   1.0 0.7355722 0.6508814 0.8504772 -0.1995958 0.000000000  0.00000000
3   2.0 0.7028431 0.6526480 0.8377574 -0.1851094 0.001766604 -0.01271979
           oe         te
1  0.06198835 -0.1726927
2  0.00000000 -0.1995958
3 -0.03272907 -0.1978292

[[15]]
  delta        mu      mu_1      mu_0         de         se_1        se_0
1   0.5 0.8150995 0.6994256 0.8917686 -0.1923429  0.029525320  0.03487502
2   1.0 0.7503660 0.6699003 0.8568935 -0.1869932  0.000000000  0.00000000
3   2.0 0.7139957 0.6627634 0.8443810 -0.1816176 -0.007136961 -0.01251256
           oe         te
1  0.06473351 -0.1574679
2  0.00000000 -0.1869932
3 -0.03637036 -0.1941302

[[16]]
  delta        mu      mu_1      mu_0         de        se_1         se_0
1   0.5 0.7523067 0.6684319 0.8140619 -0.1456299  0.01379631 -0.026535892
2   1.0 0.7331187 0.6546356 0.8405978 -0.1859621  0.00000000  0.000000000
3   2.0 0.6848931 0.6303788 0.8343791 -0.2040003 -0.02425683 -0.006218672
           oe         te
1  0.01918795 -0.1721658
2  0.00000000 -0.1859621
3 -0.04822559 -0.2102190

[[17]]
  delta        mu      mu_1      mu_0         de         se_1        se_0
1   0.5 0.7746518 0.7000256 0.8252964 -0.1252709  0.007836383 -0.02831482
2   1.0 0.7628376 0.6921892 0.8536112 -0.1614221  0.000000000  0.00000000
3   2.0 0.6903361 0.6401144 0.8203128 -0.1801984 -0.052074746 -0.03329841
           oe         te
1  0.01181422 -0.1535857
2  0.00000000 -0.1614221
3 -0.07250156 -0.2134968

[[18]]
  delta        mu      mu_1      mu_0         de       se_1        se_0
1   0.5 0.7828840 0.6917996 0.8517431 -0.1599435 0.01034022 -0.01887022
2   1.0 0.7604014 0.6814593 0.8706133 -0.1891540 0.00000000  0.00000000
3   2.0 0.7771056 0.7368027 0.8876411 -0.1508384 0.05534337  0.01702777
          oe         te
1 0.02248262 -0.1788138
2 0.00000000 -0.1891540
3 0.01670420 -0.1338106

[[19]]
  delta        mu      mu_1      mu_0         de        se_1         se_0
1   0.5 0.8216356 0.6975120 0.8991621 -0.2016501  0.03465721  0.036986312
2   1.0 0.7502995 0.6628548 0.8621758 -0.1993210  0.00000000  0.000000000
3   2.0 0.6890751 0.6252762 0.8565325 -0.2312563 -0.03757862 -0.005643306
           oe         te
1  0.07133618 -0.1646638
2  0.00000000 -0.1993210
3 -0.06122433 -0.2368996

[[20]]
  delta        mu      mu_1      mu_0         de        se_1        se_0
1   0.5 0.7840344 0.6956931 0.8416397 -0.1459466  0.01498694 -0.02040532
2   1.0 0.7598108 0.6807061 0.8620450 -0.1813389  0.00000000  0.00000000
3   2.0 0.6845627 0.6311747 0.8285248 -0.1973502 -0.04953147 -0.03352019
           oe         te
1  0.02422355 -0.1663519
2  0.00000000 -0.1813389
3 -0.07524817 -0.2308704

[[1]]
  delta         mu       mu_1       mu_0         de       se_1       se_0
1   0.5 0.02276518 0.01861740 0.02603644 0.02028072 0.01465285 0.02155340
2   1.0 0.01695189 0.01788782 0.01641689 0.01312245 0.00000000 0.00000000
3   2.0 0.03103331 0.03349075 0.02475076 0.02309461 0.02638728 0.02002034
          oe         te
1 0.01910283 0.01496950
2 0.00000000 0.01312245
3 0.02541502 0.03290450

[[2]]
  delta         mu       mu_1       mu_0         de       se_1       se_0
1   0.5 0.02276595 0.01986351 0.02523284 0.01992724 0.01521358 0.02056469
2   1.0 0.01636767 0.01722317 0.01583406 0.01281370 0.00000000 0.00000000
3   2.0 0.02972203 0.03264203 0.02285468 0.02457625 0.02562327 0.01931820
          oe         te
1 0.01881276 0.01537269
2 0.00000000 0.01281370
3 0.02440879 0.03225801

[[3]]
  delta         mu       mu_1       mu_0         de       se_1       se_0
1   0.5 0.02616123 0.01929613 0.03122247 0.02457143 0.01636937 0.02726481
2   1.0 0.01748445 0.01792205 0.01709211 0.01262204 0.00000000 0.00000000
3   2.0 0.03579551 0.03958889 0.02662204 0.02757460 0.03165980 0.02025186
          oe         te
1 0.02322686 0.01616455
2 0.00000000 0.01262204
3 0.02879482 0.03732835

[[4]]
  delta         mu       mu_1       mu_0         de       se_1       se_0
1   0.5 0.02320705 0.01843172 0.02648361 0.02093848 0.01472337 0.02247377
2   1.0 0.01714795 0.01750868 0.01650461 0.01236126 0.00000000 0.00000000
3   2.0 0.03175027 0.03461710 0.02367849 0.02268689 0.02709156 0.01934314
          oe         te
1 0.02000299 0.01398625
2 0.00000000 0.01236126
3 0.02549150 0.03300939

[[5]]
  delta         mu       mu_1       mu_0         de       se_1       se_0
1   0.5 0.02577258 0.02051455 0.02877345 0.02111216 0.01600982 0.02369831
2   1.0 0.01743266 0.01782748 0.01677764 0.01262558 0.00000000 0.00000000
3   2.0 0.03057980 0.03340434 0.02466268 0.02336732 0.02631486 0.01993273
          oe         te
1 0.02145955 0.01562254
2 0.00000000 0.01262558
3 0.02480046 0.03241329

[[6]]
  delta         mu       mu_1       mu_0         de       se_1       se_0
1   0.5 0.02331112 0.02038265 0.02586045 0.01909805 0.01673876 0.02127734
2   1.0 0.01736375 0.01771442 0.01692659 0.01241153 0.00000000 0.00000000
3   2.0 0.03139203 0.03297828 0.02560712 0.02081647 0.02499688 0.02011840
          oe         te
1 0.01982929 0.01657210
2 0.00000000 0.01241153
3 0.02483532 0.03176667

[[7]]
  delta         mu       mu_1       mu_0         de       se_1       se_0
1   0.5 0.02367191 0.01959394 0.02748116 0.02260632 0.01364325 0.02213834
2   1.0 0.01623172 0.01658983 0.01633074 0.01302305 0.00000000 0.00000000
3   2.0 0.02954871 0.03216572 0.02403420 0.02561136 0.02586859 0.02000779
          oe         te
1 0.01874255 0.01479807
2 0.00000000 0.01302305
3 0.02455980 0.03223161

[[8]]
  delta         mu       mu_1       mu_0         de       se_1       se_0
1   0.5 0.02317380 0.02009443 0.02921939 0.02921086 0.01610266 0.02505648
2   1.0 0.01660064 0.01722423 0.01601031 0.01262230 0.00000000 0.00000000
3   2.0 0.03105750 0.03465541 0.02256940 0.02603194 0.02784577 0.01845125
          oe         te
1 0.01977806 0.01744910
2 0.00000000 0.01262230
3 0.02559440 0.03385913

[[9]]
  delta         mu       mu_1       mu_0         de       se_1       se_0
1   0.5 0.02464575 0.02038004 0.02937314 0.02571988 0.01650459 0.02424711
2   1.0 0.01773372 0.01782997 0.01744288 0.01281711 0.00000000 0.00000000
3   2.0 0.03548900 0.03890795 0.02575812 0.02552050 0.03260921 0.02193810
          oe         te
1 0.02066025 0.01684366
2 0.00000000 0.01281711
3 0.03020439 0.03815497

[[10]]
  delta         mu       mu_1       mu_0         de       se_1       se_0
1   0.5 0.02852010 0.02002848 0.03450996 0.02623561 0.01627687 0.02969563
2   1.0 0.01729578 0.01777948 0.01676353 0.01321761 0.00000000 0.00000000
3   2.0 0.03393373 0.03796490 0.02343979 0.02708520 0.03026897 0.01856579
          oe         te
1 0.02499489 0.01550964
2 0.00000000 0.01321761
3 0.02751134 0.03650900

[[11]]
  delta         mu       mu_1       mu_0         de       se_1       se_0
1   0.5 0.02980500 0.02305916 0.03488361 0.02696771 0.01994945 0.03129961
2   1.0 0.01642704 0.01752281 0.01571722 0.01359122 0.00000000 0.00000000
3   2.0 0.03287557 0.03627200 0.02402247 0.02572209 0.02852018 0.01993845
          oe         te
1 0.02743282 0.02001591
2 0.00000000 0.01359122
3 0.02698040 0.03537312

[[12]]
  delta         mu       mu_1       mu_0         de       se_1       se_0
1   0.5 0.02599392 0.02071375 0.02936617 0.02293673 0.01747686 0.02598802
2   1.0 0.01777228 0.01790845 0.01738188 0.01248559 0.00000000 0.00000000
3   2.0 0.03364208 0.03627259 0.02720843 0.02623114 0.02969656 0.02314422
          oe         te
1 0.02342441 0.01609980
2 0.00000000 0.01248559
3 0.02835769 0.03603047

[[13]]
  delta         mu       mu_1       mu_0         de       se_1       se_0
1   0.5 0.02371886 0.01937123 0.02840911 0.02490023 0.01478234 0.02484227
2   1.0 0.01738093 0.01783173 0.01682596 0.01255848 0.00000000 0.00000000
3   2.0 0.02938983 0.03189759 0.02338903 0.02330665 0.02378278 0.01785686
          oe         te
1 0.02050394 0.01564982
2 0.00000000 0.01255848
3 0.02252402 0.03005137

[[14]]
  delta         mu       mu_1       mu_0         de       se_1       se_0
1   0.5 0.02169448 0.01838206 0.02407226 0.01838372 0.01405169 0.01918870
2   1.0 0.01641665 0.01684902 0.01619470 0.01255454 0.00000000 0.00000000
3   2.0 0.02950947 0.03235780 0.02234823 0.02291169 0.02663666 0.01885082
          oe         te
1 0.01754934 0.01365831
2 0.00000000 0.01255454
3 0.02538480 0.03323787

[[15]]
  delta         mu       mu_1       mu_0         de       se_1       se_0
1   0.5 0.02467249 0.01856163 0.02868834 0.02229551 0.01405148 0.02395780
2   1.0 0.01736315 0.01732500 0.01711967 0.01243917 0.00000000 0.00000000
3   2.0 0.03002607 0.03255842 0.02350104 0.02377714 0.02609531 0.01911276
          oe         te
1 0.02068290 0.01417699
2 0.00000000 0.01243917
3 0.02467678 0.03231473

[[16]]
  delta         mu       mu_1       mu_0         de       se_1       se_0
1   0.5 0.02270077 0.01842286 0.02671520 0.02276481 0.01606916 0.02356393
2   1.0 0.01707830 0.01794470 0.01619459 0.01278251 0.00000000 0.00000000
3   2.0 0.03161832 0.03376988 0.02461618 0.02165204 0.02697039 0.01930797
          oe         te
1 0.02101218 0.01632646
2 0.00000000 0.01278251
3 0.02556033 0.03228229

[[17]]
  delta         mu       mu_1       mu_0         de       se_1       se_0
1   0.5 0.02411242 0.02007263 0.02736545 0.02102991 0.01447596 0.02207642
2   1.0 0.01772972 0.01800267 0.01730872 0.01235934 0.00000000 0.00000000
3   2.0 0.03101205 0.03367930 0.02581368 0.02704262 0.02700725 0.02088561
          oe         te
1 0.01936954 0.01416476
2 0.00000000 0.01235934
3 0.02519736 0.03298411

[[18]]
  delta         mu       mu_1       mu_0         de       se_1       se_0
1   0.5 0.02476905 0.01999388 0.02974451 0.02364296 0.01758756 0.02609191
2   1.0 0.01831991 0.01917684 0.01746869 0.01365251 0.00000000 0.00000000
3   2.0 0.03762408 0.04217953 0.02820800 0.03376982 0.03432225 0.02192172
          oe         te
1 0.02267928 0.01724927
2 0.00000000 0.01365251
3 0.03049502 0.04033260

[[19]]
  delta         mu       mu_1       mu_0         de       se_1       se_0
1   0.5 0.02447321 0.01984677 0.02765206 0.02112744 0.01512600 0.02312687
2   1.0 0.01741507 0.01775696 0.01702540 0.01223438 0.00000000 0.00000000
3   2.0 0.03319849 0.03732957 0.02422092 0.02702538 0.03068011 0.01920477
          oe         te
1 0.02032867 0.01554366
2 0.00000000 0.01223438
3 0.02756379 0.03601186

[[20]]
  delta         mu       mu_1       mu_0         de       se_1       se_0
1   0.5 0.02322037 0.01911424 0.02899927 0.02650022 0.01584825 0.02423225
2   1.0 0.01891540 0.01935543 0.01768265 0.01218419 0.00000000 0.00000000
3   2.0 0.03593229 0.03937029 0.02732913 0.02966619 0.03163757 0.02044597
          oe         te
1 0.01941683 0.01563190
2 0.00000000 0.01218419
3 0.02837488 0.03654128

[1] "Total run time was 3630.22 seconds"
