Warning message:
package ‘SuperLearner’ was built under R version 4.1.3 
[1] "[Simulation setting]"
[1] "n: 500"
[1] "deltas: 0.5, 1, 2"
[1] "K: 2"
[1] "r: 100"
[1] "s: 1"
[1] "Sim.id 1"
[1] "Data generated and format changed"
[1] "   Split: 1"
Loading required namespace: nnet
Loading required namespace: ranger
[1] "   Split: 2"
[1] "Estimates and SE estimates computed"
[1] ""
[1] "Sim.id 2"
[1] "Data generated and format changed"
[1] "   Split: 1"
[1] "   Split: 2"
[1] "Estimates and SE estimates computed"
[1] ""
[1] "Sim.id 3"
[1] "Data generated and format changed"
[1] "   Split: 1"
[1] "   Split: 2"
[1] "Estimates and SE estimates computed"
[1] ""
[1] "Sim.id 4"
[1] "Data generated and format changed"
[1] "   Split: 1"
[1] "   Split: 2"
[1] "Estimates and SE estimates computed"
[1] ""
[1] "Sim.id 5"
[1] "Data generated and format changed"
[1] "   Split: 1"
[1] "   Split: 2"
[1] "Estimates and SE estimates computed"
[1] ""
[1] "Sim.id 6"
[1] "Data generated and format changed"
[1] "   Split: 1"
[1] "   Split: 2"
[1] "Estimates and SE estimates computed"
[1] ""
[1] "Sim.id 7"
[1] "Data generated and format changed"
[1] "   Split: 1"
[1] "   Split: 2"
[1] "Estimates and SE estimates computed"
[1] ""
[1] "Sim.id 8"
[1] "Data generated and format changed"
[1] "   Split: 1"
[1] "   Split: 2"
[1] "Estimates and SE estimates computed"
[1] ""
[1] "Sim.id 9"
[1] "Data generated and format changed"
[1] "   Split: 1"
[1] "   Split: 2"
[1] "Estimates and SE estimates computed"
[1] ""
[1] "Sim.id 10"
[1] "Data generated and format changed"
[1] "   Split: 1"
[1] "   Split: 2"
[1] "Estimates and SE estimates computed"
[1] ""
[1] "Sim.id 11"
[1] "Data generated and format changed"
[1] "   Split: 1"
[1] "   Split: 2"
[1] "Estimates and SE estimates computed"
[1] ""
[1] "Sim.id 12"
[1] "Data generated and format changed"
[1] "   Split: 1"
[1] "   Split: 2"
[1] "Estimates and SE estimates computed"
[1] ""
[1] "Sim.id 13"
[1] "Data generated and format changed"
[1] "   Split: 1"
[1] "   Split: 2"
[1] "Estimates and SE estimates computed"
[1] ""
[1] "Sim.id 14"
[1] "Data generated and format changed"
[1] "   Split: 1"
[1] "   Split: 2"
[1] "Estimates and SE estimates computed"
[1] ""
[1] "Sim.id 15"
[1] "Data generated and format changed"
[1] "   Split: 1"
[1] "   Split: 2"
[1] "Estimates and SE estimates computed"
[1] ""
[1] "Sim.id 16"
[1] "Data generated and format changed"
[1] "   Split: 1"
[1] "   Split: 2"
[1] "Estimates and SE estimates computed"
[1] ""
[1] "Sim.id 17"
[1] "Data generated and format changed"
[1] "   Split: 1"
[1] "   Split: 2"
[1] "Estimates and SE estimates computed"
[1] ""
[1] "Sim.id 18"
[1] "Data generated and format changed"
[1] "   Split: 1"
[1] "   Split: 2"
[1] "Estimates and SE estimates computed"
[1] ""
[1] "Sim.id 19"
[1] "Data generated and format changed"
[1] "   Split: 1"
[1] "   Split: 2"
[1] "Estimates and SE estimates computed"
[1] ""
[1] "Sim.id 20"
[1] "Data generated and format changed"
[1] "   Split: 1"
[1] "   Split: 2"
[1] "Estimates and SE estimates computed"
[1] ""
[[1]]
  delta        mu      mu_1      mu_0         de         se_1        se_0
1   0.5 0.7655211 0.6856441 0.8184078 -0.1327636  0.018492450 -0.02037380
2   1.0 0.7404829 0.6671517 0.8387816 -0.1716299  0.000000000  0.00000000
3   2.0 0.7160168 0.6619724 0.8553146 -0.1933422 -0.005179265  0.01653306
           oe         te
1  0.02503818 -0.1531374
2  0.00000000 -0.1716299
3 -0.02446611 -0.1768092

[[2]]
  delta        mu      mu_1      mu_0         de        se_1        se_0
1   0.5 0.8081696 0.7008488 0.8816853 -0.1808365  0.02478256  0.01739099
2   1.0 0.7569623 0.6760662 0.8642943 -0.1882281  0.00000000  0.00000000
3   2.0 0.6713827 0.6109177 0.8340774 -0.2231597 -0.06514852 -0.03021683
           oe         te
1  0.05120734 -0.1634455
2  0.00000000 -0.1882281
3 -0.08557952 -0.2533766

[[3]]
  delta        mu      mu_1      mu_0         de        se_1        se_0
1   0.5 0.7704214 0.6742978 0.8338384 -0.1595407 -0.01498139 -0.04447737
2   1.0 0.7749295 0.6892791 0.8783158 -0.1890367  0.00000000  0.00000000
3   2.0 0.7703249 0.7165681 0.8902358 -0.1736677  0.02728895  0.01192001
            oe         te
1 -0.004508043 -0.2040181
2  0.000000000 -0.1890367
3 -0.004604555 -0.1617477

[[4]]
  delta        mu      mu_1      mu_0         de        se_1        se_0
1   0.5 0.8051830 0.6781487 0.8914005 -0.2132519 0.031945258  0.03788488
2   1.0 0.7339413 0.6462034 0.8535156 -0.2073122 0.000000000  0.00000000
3   2.0 0.6989146 0.6515132 0.8298372 -0.1783241 0.005309743 -0.02367843
           oe         te
1  0.07124169 -0.1753670
2  0.00000000 -0.2073122
3 -0.03502663 -0.2020025

[[5]]
  delta        mu      mu_1      mu_0         de        se_1        se_0
1   0.5 0.7642847 0.6808419 0.8227043 -0.1418624  0.02199677 -0.02483879
2   1.0 0.7400062 0.6588452 0.8475431 -0.1886980  0.00000000  0.00000000
3   2.0 0.6813317 0.6161653 0.8543370 -0.2381716 -0.04267983  0.00679386
           oe         te
1  0.02427851 -0.1667012
2  0.00000000 -0.1886980
3 -0.05867449 -0.2313778

[[6]]
  delta        mu      mu_1      mu_0         de         se_1        se_0
1   0.5 0.7812270 0.6710947 0.8607318 -0.1896371  0.029463820  0.03897873
2   1.0 0.7150401 0.6416309 0.8217531 -0.1801222  0.000000000  0.00000000
3   2.0 0.6785844 0.6383868 0.7913860 -0.1529992 -0.003244157 -0.03036709
           oe         te
1  0.06618689 -0.1506584
2  0.00000000 -0.1801222
3 -0.03645571 -0.1833663

[[7]]
  delta        mu      mu_1      mu_0         de         se_1         se_0
1   0.5 0.8152126 0.6975467 0.8912894 -0.1937427  0.036114798  0.042875869
2   1.0 0.7409729 0.6614319 0.8484135 -0.1869816  0.000000000  0.000000000
3   2.0 0.7085348 0.6570157 0.8397452 -0.1827296 -0.004416202 -0.008668255
           oe         te
1  0.07423967 -0.1508668
2  0.00000000 -0.1869816
3 -0.03243811 -0.1913978

[[8]]
  delta        mu      mu_1      mu_0         de          se_1         se_0
1   0.5 0.7586197 0.6586240 0.8314081 -0.1727842 -1.275641e-05 -0.008195629
2   1.0 0.7340309 0.6586367 0.8396038 -0.1809670  0.000000e+00  0.000000000
3   2.0 0.7330222 0.6934110 0.8319077 -0.1384966  3.477431e-02 -0.007696098
            oe         te
1  0.024588785 -0.1809798
2  0.000000000 -0.1809670
3 -0.001008779 -0.1461927

[[9]]
  delta        mu      mu_1      mu_0         de         se_1         se_0
1   0.5 0.7654103 0.6661752 0.8375268 -0.1713516  0.023681398 -0.003126379
2   1.0 0.7258173 0.6424938 0.8406531 -0.1981594  0.000000000  0.000000000
3   2.0 0.6919997 0.6393073 0.8349003 -0.1955930 -0.003186495 -0.005752878
           oe         te
1  0.03959300 -0.1744780
2  0.00000000 -0.1981594
3 -0.03381768 -0.2013459

[[10]]
  delta        mu      mu_1      mu_0         de        se_1         se_0
1   0.5 0.7811557 0.6711155 0.8572602 -0.1861447  0.01346906  0.003738533
2   1.0 0.7411131 0.6576465 0.8535217 -0.1958752  0.00000000  0.000000000
3   2.0 0.6886441 0.6298158 0.8480500 -0.2182342 -0.02783065 -0.005471649
           oe         te
1  0.04004256 -0.1824062
2  0.00000000 -0.1958752
3 -0.05246904 -0.2237059

[[11]]
  delta        mu      mu_1      mu_0         de        se_1        se_0
1   0.5 0.7533567 0.6785257 0.8129031 -0.1343774 0.007672688 -0.03142447
2   1.0 0.7435676 0.6708530 0.8443276 -0.1734746 0.000000000  0.00000000
3   2.0 0.7138621 0.6744971 0.8160421 -0.1415450 0.003644139 -0.02828541
            oe         te
1  0.009789098 -0.1658019
2  0.000000000 -0.1734746
3 -0.029705499 -0.1698304

[[12]]
  delta        mu      mu_1      mu_0         de         se_1        se_0
1   0.5 0.7809906 0.7040163 0.8372603 -0.1332440  0.006702418 -0.01511151
2   1.0 0.7649865 0.6973139 0.8523718 -0.1550580  0.000000000  0.00000000
3   2.0 0.7168716 0.6695182 0.8317255 -0.1622074 -0.027795725 -0.02064632
           oe         te
1  0.01600419 -0.1483555
2  0.00000000 -0.1550580
3 -0.04811488 -0.1828537

[[13]]
  delta        mu      mu_1      mu_0         de        se_1        se_0
1   0.5 0.7867119 0.6867710 0.8599697 -0.1731987  0.02280421  0.01027894
2   1.0 0.7408359 0.6639668 0.8496908 -0.1857240  0.00000000  0.00000000
3   2.0 0.6779983 0.6274113 0.8330208 -0.2056095 -0.03655549 -0.01666997
           oe         te
1  0.04587595 -0.1629198
2  0.00000000 -0.1857240
3 -0.06283766 -0.2222795

[[14]]
  delta        mu      mu_1      mu_0         de         se_1         se_0
1   0.5 0.7976857 0.7090137 0.8550235 -0.1460099  0.003704531 -0.017103138
2   1.0 0.7810545 0.7053092 0.8721267 -0.1668175  0.000000000  0.000000000
3   2.0 0.7551646 0.7038892 0.8759474 -0.1720582 -0.001419953  0.003820708
           oe         te
1  0.01663120 -0.1631130
2  0.00000000 -0.1668175
3 -0.02588989 -0.1682375

[[15]]
  delta        mu      mu_1      mu_0         de         se_1       se_0
1   0.5 0.7978675 0.6953096 0.8623488 -0.1670392  0.034520465  0.0189835
2   1.0 0.7391995 0.6607891 0.8433653 -0.1825762  0.000000000  0.0000000
3   2.0 0.7064882 0.6571888 0.8323999 -0.1752110 -0.003600273 -0.0109654
           oe         te
1  0.05866796 -0.1480557
2  0.00000000 -0.1825762
3 -0.03271131 -0.1861764

[[16]]
  delta        mu      mu_1      mu_0         de       se_1         se_0
1   0.5 0.8117982 0.7028650 0.8867250 -0.1838600 0.02121510  0.050575539
2   1.0 0.7483075 0.6816499 0.8361494 -0.1544996 0.00000000  0.000000000
3   2.0 0.7392706 0.6973700 0.8325875 -0.1352175 0.01572015 -0.003561918
            oe         te
1  0.063490649 -0.1332845
2  0.000000000 -0.1544996
3 -0.009036953 -0.1387794

[[17]]
  delta        mu      mu_1     mu_0         de        se_1        se_0
1   0.5 0.8166529 0.7063198 0.892226 -0.1859062  0.04165559  0.04046795
2   1.0 0.7451356 0.6646642 0.851758 -0.1870938  0.00000000  0.00000000
3   2.0 0.6921087 0.6445677 0.821302 -0.1767342 -0.02009645 -0.03045604
           oe         te
1  0.07151735 -0.1454382
2  0.00000000 -0.1870938
3 -0.05302688 -0.2071903

[[18]]
  delta        mu      mu_1      mu_0         de        se_1         se_0
1   0.5 0.8322727 0.7378802 0.8950608 -0.1571805 0.018870622 0.0001970146
2   1.0 0.7970903 0.7190096 0.8948637 -0.1758541 0.000000000 0.0000000000
3   2.0 0.7776853 0.7243516 0.9050380 -0.1806865 0.005341958 0.0101742956
           oe         te
1  0.03518237 -0.1569835
2  0.00000000 -0.1758541
3 -0.01940498 -0.1705122

[[19]]
  delta        mu      mu_1      mu_0         de         se_1        se_0
1   0.5 0.7847588 0.6748972 0.8615354 -0.1866382 -0.009490532 -0.00187713
2   1.0 0.7616183 0.6843877 0.8634125 -0.1790248  0.000000000  0.00000000
3   2.0 0.7277019 0.6805499 0.8374222 -0.1568723 -0.003837812 -0.02599033
           oe         te
1  0.02314045 -0.1885153
2  0.00000000 -0.1790248
3 -0.03391644 -0.1828626

[[20]]
  delta        mu      mu_1      mu_0         de        se_1         se_0
1   0.5 0.7663806 0.6630506 0.8385927 -0.1755422  0.01368291 -0.002288201
2   1.0 0.7305887 0.6493676 0.8408809 -0.1915133  0.00000000  0.000000000
3   2.0 0.6900701 0.6385254 0.8196292 -0.1811038 -0.01084223 -0.021251697
           oe         te
1  0.03579183 -0.1778304
2  0.00000000 -0.1915133
3 -0.04051860 -0.2023555

[[1]]
  delta         mu       mu_1       mu_0         de       se_1       se_0
1   0.5 0.02209100 0.02081773 0.02516118 0.02327118 0.01734062 0.01910476
2   1.0 0.01674115 0.01739209 0.01635666 0.01282274 0.00000000 0.00000000
3   2.0 0.03150673 0.03451595 0.02457649 0.02542575 0.02675772 0.02060940
          oe         te
1 0.01790346 0.01850083
2 0.00000000 0.01282274
3 0.02518802 0.03332626

[[2]]
  delta         mu       mu_1       mu_0         de       se_1       se_0
1   0.5 0.02465837 0.01949713 0.02764445 0.01969791 0.01443144 0.02236558
2   1.0 0.01776698 0.01829652 0.01702001 0.01244115 0.00000000 0.00000000
3   2.0 0.02828511 0.02996063 0.02285609 0.01900476 0.02286037 0.01862117
          oe         te
1 0.02018864 0.01387367
2 0.00000000 0.01244115
3 0.02255030 0.02941081

[[3]]
  delta         mu       mu_1       mu_0         de       se_1       se_0
1   0.5 0.02324415 0.02066910 0.02633918 0.02230867 0.01751315 0.02274527
2   1.0 0.01709362 0.01791208 0.01646074 0.01286120 0.00000000 0.00000000
3   2.0 0.03390258 0.03753288 0.02653147 0.02815289 0.03168419 0.02172691
          oe         te
1 0.02065488 0.01744941
2 0.00000000 0.01286120
3 0.02870234 0.03672676

[[4]]
  delta         mu       mu_1       mu_0         de       se_1       se_0
1   0.5 0.02254127 0.01933964 0.02518129 0.02016443 0.01631980 0.02271063
2   1.0 0.01766632 0.01850658 0.01667685 0.01265826 0.00000000 0.00000000
3   2.0 0.03252206 0.03559323 0.02466233 0.02485235 0.02716692 0.01849626
          oe         te
1 0.02098667 0.01622157
2 0.00000000 0.01265826
3 0.02533629 0.03378030

[[5]]
  delta         mu       mu_1       mu_0         de       se_1       se_0
1   0.5 0.02317636 0.01977096 0.02623803 0.02068799 0.01538177 0.02217799
2   1.0 0.01761853 0.01823449 0.01693255 0.01253732 0.00000000 0.00000000
3   2.0 0.03057690 0.03303927 0.02397678 0.02227972 0.02492965 0.01904948
          oe         te
1 0.01990222 0.01577653
2 0.00000000 0.01253732
3 0.02391759 0.03115300

[[6]]
  delta         mu       mu_1       mu_0         de       se_1       se_0
1   0.5 0.02401321 0.01974768 0.02680402 0.01914854 0.01639890 0.02257250
2   1.0 0.01783334 0.01852283 0.01694306 0.01259107 0.00000000 0.00000000
3   2.0 0.03719323 0.04114182 0.02627643 0.02977724 0.03365339 0.02126337
          oe         te
1 0.02071813 0.01575326
2 0.00000000 0.01259107
3 0.03120739 0.04022446

[[7]]
  delta         mu       mu_1       mu_0         de       se_1       se_0
1   0.5 0.02227427 0.01832645 0.02585047 0.02116849 0.01464220 0.02127522
2   1.0 0.01737552 0.01733659 0.01719941 0.01163744 0.00000000 0.00000000
3   2.0 0.03602464 0.03802377 0.02726768 0.02390149 0.03244995 0.02134545
          oe         te
1 0.01871888 0.01554775
2 0.00000000 0.01163744
3 0.03074483 0.03636406

[[8]]
  delta         mu       mu_1       mu_0         de       se_1       se_0
1   0.5 0.02504654 0.02100510 0.02992008 0.02740504 0.01806082 0.02498433
2   1.0 0.01709321 0.01761676 0.01677193 0.01266240 0.00000000 0.00000000
3   2.0 0.03878812 0.04450292 0.02493929 0.03272753 0.03822327 0.02007673
          oe         te
1 0.02169609 0.01826230
2 0.00000000 0.01266240
3 0.03325555 0.04328423

[[9]]
  delta         mu       mu_1       mu_0         de       se_1       se_0
1   0.5 0.02245267 0.01868316 0.02577628 0.02212062 0.01596993 0.02287998
2   1.0 0.01653947 0.01748398 0.01543982 0.01272065 0.00000000 0.00000000
3   2.0 0.03183785 0.03460549 0.02352138 0.02256956 0.02740684 0.01979103
          oe         te
1 0.02062490 0.01587370
2 0.00000000 0.01272065
3 0.02607472 0.03368715

[[10]]
  delta         mu       mu_1       mu_0         de       se_1       se_0
1   0.5 0.02653129 0.02037976 0.03022046 0.02239200 0.01582522 0.02458004
2   1.0 0.01691829 0.01714704 0.01702391 0.01293517 0.00000000 0.00000000
3   2.0 0.03582708 0.03918912 0.02740379 0.02530862 0.03345287 0.02469289
          oe         te
1 0.02193271 0.01627084
2 0.00000000 0.01293517
3 0.03146803 0.03906181

[[11]]
  delta         mu       mu_1       mu_0         de       se_1       se_0
1   0.5 0.02529829 0.02005030 0.02833304 0.02070407 0.01691853 0.02433359
2   1.0 0.01730121 0.01775963 0.01708945 0.01278059 0.00000000 0.00000000
3   2.0 0.03900804 0.04436047 0.02939399 0.03747363 0.03959792 0.02551510
          oe         te
1 0.02250626 0.01564691
2 0.00000000 0.01278059
3 0.03489923 0.04462249

[[12]]
  delta         mu       mu_1       mu_0         de       se_1       se_0
1   0.5 0.02496962 0.01983940 0.02941553 0.02426795 0.01566922 0.02472827
2   1.0 0.01735421 0.01785117 0.01684277 0.01219493 0.00000000 0.00000000
3   2.0 0.02820407 0.02977788 0.02440761 0.02193205 0.02285472 0.01946645
          oe         te
1 0.02129808 0.01581087
2 0.00000000 0.01219493
3 0.02216349 0.02867590

[[13]]
  delta         mu       mu_1       mu_0         de       se_1       se_0
1   0.5 0.02349490 0.02007212 0.02644717 0.02025011 0.01665267 0.02241675
2   1.0 0.01723622 0.01792922 0.01642289 0.01256235 0.00000000 0.00000000
3   2.0 0.03303944 0.03532671 0.02559019 0.02331001 0.02956362 0.02123076
          oe         te
1 0.02088294 0.01593662
2 0.00000000 0.01256235
3 0.02809516 0.03500448

[[14]]
  delta         mu       mu_1       mu_0         de       se_1       se_0
1   0.5 0.02455175 0.01958703 0.02761993 0.01994329 0.01463263 0.02205255
2   1.0 0.01650996 0.01686220 0.01628050 0.01216122 0.00000000 0.00000000
3   2.0 0.02898599 0.03189688 0.02287307 0.02364137 0.02502994 0.01872791
          oe         te
1 0.02021777 0.01416344
2 0.00000000 0.01216122
3 0.02319719 0.03031710

[[15]]
  delta         mu       mu_1       mu_0         de       se_1       se_0
1   0.5 0.02439541 0.02029682 0.02738292 0.02036835 0.01483777 0.02092899
2   1.0 0.01793393 0.01812504 0.01778354 0.01218363 0.00000000 0.00000000
3   2.0 0.03271579 0.03519660 0.02414882 0.02260028 0.02886517 0.02014658
          oe         te
1 0.01882914 0.01459535
2 0.00000000 0.01218363
3 0.02754336 0.03448726

[[16]]
  delta         mu       mu_1       mu_0         de       se_1       se_0
1   0.5 0.02734813 0.02042202 0.03399440 0.02749917 0.01542333 0.02896136
2   1.0 0.01804948 0.01879803 0.01743647 0.01341401 0.00000000 0.00000000
3   2.0 0.03621174 0.03995448 0.02501870 0.02612564 0.03209112 0.02028785
          oe         te
1 0.02303872 0.01541044
2 0.00000000 0.01341401
3 0.02975948 0.03825850

[[17]]
  delta         mu       mu_1       mu_0         de       se_1       se_0
1   0.5 0.02617267 0.02002257 0.03105280 0.02474566 0.01634410 0.02575859
2   1.0 0.01726462 0.01752794 0.01694559 0.01292010 0.00000000 0.00000000
3   2.0 0.02917762 0.03231482 0.02276295 0.02353455 0.02582654 0.01858114
          oe         te
1 0.02243786 0.01549646
2 0.00000000 0.01292010
3 0.02380147 0.03189068

[[18]]
  delta         mu       mu_1       mu_0         de       se_1       se_0
1   0.5 0.02497315 0.02102027 0.02785156 0.02136914 0.01430729 0.02229757
2   1.0 0.01886584 0.01954235 0.01764509 0.01278101 0.00000000 0.00000000
3   2.0 0.03137172 0.03420115 0.02445749 0.02441748 0.02421774 0.01652502
          oe         te
1 0.01952380 0.01467936
2 0.00000000 0.01278101
3 0.02242898 0.03040052

[[19]]
  delta         mu       mu_1       mu_0         de       se_1       se_0
1   0.5 0.02524037 0.02393412 0.02759049 0.02344679 0.02015470 0.02443400
2   1.0 0.01780371 0.01854296 0.01652691 0.01216962 0.00000000 0.00000000
3   2.0 0.04016381 0.04507237 0.03182308 0.03745991 0.03684822 0.02571016
          oe         te
1 0.02263269 0.02023603
2 0.00000000 0.01216962
3 0.03216979 0.04111039

[[20]]
  delta         mu       mu_1       mu_0         de       se_1       se_0
1   0.5 0.02333978 0.02037954 0.02640152 0.02262198 0.01637248 0.02240690
2   1.0 0.01747467 0.01784143 0.01669093 0.01240201 0.00000000 0.00000000
3   2.0 0.02820633 0.02976799 0.02476398 0.02285949 0.02231989 0.01979462
          oe         te
1 0.02031350 0.01749438
2 0.00000000 0.01240201
3 0.02191619 0.02881709

[[1]]
  delta        mu      mu_1      mu_0         de         se_1        se_0
1   0.5 0.7632854 0.6870849 0.8116408 -0.1245559  0.019698700 -0.02631373
2   1.0 0.7403601 0.6673862 0.8379545 -0.1705683  0.000000000  0.00000000
3   2.0 0.7177609 0.6631821 0.8573408 -0.1941588 -0.004204096  0.01938634
           oe         te
1  0.02292526 -0.1508696
2  0.00000000 -0.1705683
3 -0.02259924 -0.1747724

[[2]]
  delta        mu      mu_1      mu_0         de        se_1        se_0
1   0.5 0.8074053 0.7006254 0.8802760 -0.1796505  0.02277166  0.01617109
2   1.0 0.7581198 0.6778538 0.8641049 -0.1862511  0.00000000  0.00000000
3   2.0 0.6742997 0.6137969 0.8344496 -0.2206527 -0.06405685 -0.02965526
           oe         te
1  0.04928548 -0.1634794
2  0.00000000 -0.1862511
3 -0.08382012 -0.2503079

[[3]]
  delta        mu      mu_1      mu_0         de        se_1        se_0
1   0.5 0.7611325 0.6676203 0.8248701 -0.1572498 -0.01984535 -0.05053329
2   1.0 0.7724008 0.6874656 0.8754033 -0.1879377  0.00000000  0.00000000
3   2.0 0.7686886 0.7152760 0.8885102 -0.1732342  0.02781038  0.01310686
            oe         te
1 -0.011268220 -0.2077831
2  0.000000000 -0.1879377
3 -0.003712163 -0.1601273

[[4]]
  delta        mu      mu_1      mu_0         de       se_1        se_0
1   0.5 0.7996072 0.6743536 0.8852015 -0.2108479 0.02988498  0.03310574
2   1.0 0.7324063 0.6444686 0.8520958 -0.2076272 0.00000000  0.00000000
3   2.0 0.6948726 0.6467972 0.8298333 -0.1830361 0.00232857 -0.02226245
           oe         te
1  0.06720091 -0.1777422
2  0.00000000 -0.2076272
3 -0.03753366 -0.2052986

[[5]]
  delta        mu      mu_1      mu_0         de        se_1         se_0
1   0.5 0.7653070 0.6809162 0.8240962 -0.1431799  0.02157660 -0.024151730
2   1.0 0.7406593 0.6593396 0.8482479 -0.1889083  0.00000000  0.000000000
3   2.0 0.6829369 0.6176536 0.8555326 -0.2378791 -0.04168605  0.007284744
           oe         te
1  0.02464768 -0.1673317
2  0.00000000 -0.1889083
3 -0.05772238 -0.2305943

[[6]]
  delta        mu      mu_1      mu_0         de         se_1        se_0
1   0.5 0.7821608 0.6697752 0.8623701 -0.1925949  0.028870262  0.04137093
2   1.0 0.7145173 0.6409050 0.8209992 -0.1800942  0.000000000  0.00000000
3   2.0 0.6797063 0.6389909 0.7927301 -0.1537392 -0.001914058 -0.02826909
           oe         te
1  0.06764348 -0.1512240
2  0.00000000 -0.1800942
3 -0.03481095 -0.1820083

[[7]]
  delta        mu      mu_1      mu_0         de         se_1         se_0
1   0.5 0.8154630 0.6977715 0.8914566 -0.1936851  0.036529146  0.043165349
2   1.0 0.7408289 0.6612423 0.8482912 -0.1870489  0.000000000  0.000000000
3   2.0 0.7081487 0.6566150 0.8395103 -0.1828953 -0.004627348 -0.008780917
           oe         te
1  0.07463409 -0.1505198
2  0.00000000 -0.1870489
3 -0.03268027 -0.1916762

[[8]]
  delta        mu      mu_1      mu_0         de          se_1         se_0
1   0.5 0.7597230 0.6592794 0.8335193 -0.1742399 -0.0006292698 -0.009929316
2   1.0 0.7364947 0.6599087 0.8434487 -0.1835399  0.0000000000  0.000000000
3   2.0 0.7209540 0.6797152 0.8286609 -0.1489457  0.0198065085 -0.014787768
           oe         te
1  0.02322830 -0.1841692
2  0.00000000 -0.1835399
3 -0.01554076 -0.1637334

[[9]]
  delta        mu      mu_1      mu_0         de         se_1         se_0
1   0.5 0.7656614 0.6662956 0.8377987 -0.1715032  0.023742501 -0.002948633
2   1.0 0.7258994 0.6425531 0.8407474 -0.1981943  0.000000000  0.000000000
3   2.0 0.6919406 0.6392259 0.8349244 -0.1956985 -0.003327177 -0.005822939
           oe         te
1  0.03976200 -0.1744518
2  0.00000000 -0.1981943
3 -0.03395878 -0.2015215

[[10]]
  delta        mu      mu_1      mu_0         de        se_1         se_0
1   0.5 0.7813257 0.6714167 0.8576074 -0.1861907  0.01376056  0.003950179
2   1.0 0.7410247 0.6576561 0.8536572 -0.1960011  0.00000000  0.000000000
3   2.0 0.6882047 0.6293045 0.8478458 -0.2185413 -0.02835165 -0.005811423
           oe         te
1  0.04030101 -0.1822406
2  0.00000000 -0.1960011
3 -0.05282000 -0.2243528

[[11]]
  delta        mu      mu_1      mu_0         de          se_1        se_0
1   0.5 0.7525628 0.6782243 0.8112613 -0.1330371  0.0085474271 -0.03176671
2   1.0 0.7424704 0.6696768 0.8430280 -0.1733512  0.0000000000  0.00000000
3   2.0 0.7094954 0.6692265 0.8146717 -0.1454452 -0.0004503552 -0.02835636
           oe         te
1  0.01009243 -0.1648038
2  0.00000000 -0.1733512
3 -0.03297492 -0.1738016

[[12]]
  delta        mu      mu_1      mu_0         de        se_1        se_0
1   0.5 0.7806752 0.7036482 0.8370623 -0.1334141  0.00603115 -0.01526902
2   1.0 0.7651327 0.6976171 0.8523314 -0.1547143  0.00000000  0.00000000
3   2.0 0.7179418 0.6708803 0.8321021 -0.1612218 -0.02673670 -0.02022926
           oe         te
1  0.01554253 -0.1486832
2  0.00000000 -0.1547143
3 -0.04719092 -0.1814510

[[13]]
  delta        mu      mu_1      mu_0         de        se_1        se_0
1   0.5 0.7895671 0.6881029 0.8630674 -0.1749645  0.02242897  0.01111654
2   1.0 0.7429963 0.6656739 0.8519508 -0.1862769  0.00000000  0.00000000
3   2.0 0.6785171 0.6274813 0.8348445 -0.2073632 -0.03819258 -0.01710630
           oe         te
1  0.04657079 -0.1638479
2  0.00000000 -0.1862769
3 -0.06447924 -0.2244695

[[14]]
  delta        mu      mu_1      mu_0         de         se_1         se_0
1   0.5 0.8000778 0.7093880 0.8587522 -0.1493642  0.004312774 -0.013639672
2   1.0 0.7807916 0.7050752 0.8723919 -0.1673167  0.000000000  0.000000000
3   2.0 0.7546345 0.7024436 0.8784628 -0.1760193 -0.002631621  0.006070945
           oe         te
1  0.01928618 -0.1630039
2  0.00000000 -0.1673167
3 -0.02615710 -0.1699483

[[15]]
  delta        mu      mu_1      mu_0         de         se_1        se_0
1   0.5 0.7977918 0.6953576 0.8621249 -0.1667673  0.034574956  0.01887752
2   1.0 0.7391891 0.6607826 0.8432474 -0.1824647  0.000000000  0.00000000
3   2.0 0.7062257 0.6567468 0.8325079 -0.1757611 -0.004035891 -0.01073948
           oe         te
1  0.05860270 -0.1478898
2  0.00000000 -0.1824647
3 -0.03296341 -0.1865006

[[16]]
  delta        mu      mu_1      mu_0         de       se_1         se_0
1   0.5 0.8148589 0.7039286 0.8914615 -0.1875329 0.02219050  0.054880818
2   1.0 0.7486938 0.6817381 0.8365807 -0.1548426 0.00000000  0.000000000
3   2.0 0.7384626 0.6955711 0.8338278 -0.1382567 0.01383307 -0.002752883
           oe         te
1  0.06616504 -0.1326521
2  0.00000000 -0.1548426
3 -0.01023120 -0.1410096

[[17]]
  delta        mu      mu_1      mu_0         de        se_1        se_0
1   0.5 0.8181445 0.7065545 0.8947892 -0.1882347  0.04027724  0.04138547
2   1.0 0.7470474 0.6662773 0.8534037 -0.1871265  0.00000000  0.00000000
3   2.0 0.6892392 0.6403732 0.8217110 -0.1813378 -0.02590403 -0.03169276
           oe         te
1  0.07109714 -0.1468493
2  0.00000000 -0.1871265
3 -0.05780819 -0.2130305

[[18]]
  delta        mu      mu_1      mu_0         de        se_1         se_0
1   0.5 0.8333433 0.7384350 0.8963805 -0.1579455 0.019170536 0.0009207824
2   1.0 0.7975672 0.7192645 0.8954598 -0.1761953 0.000000000 0.0000000000
3   2.0 0.7779109 0.7241846 0.9057577 -0.1815731 0.004920132 0.0102979596
           oe         te
1  0.03577613 -0.1570248
2  0.00000000 -0.1761953
3 -0.01965630 -0.1712752

[[19]]
  delta        mu      mu_1      mu_0         de         se_1          se_0
1   0.5 0.7856018 0.6772456 0.8616882 -0.1844426 -0.006232420 -0.0001134167
2   1.0 0.7600671 0.6834780 0.8618016 -0.1783236  0.000000000  0.0000000000
3   2.0 0.7256824 0.6793796 0.8350646 -0.1556850 -0.004098395 -0.0267369845
           oe         te
1  0.02553470 -0.1845560
2  0.00000000 -0.1783236
3 -0.03438473 -0.1824220

[[20]]
  delta        mu      mu_1      mu_0         de        se_1         se_0
1   0.5 0.7659115 0.6637317 0.8373107 -0.1735790  0.01404786 -0.003591946
2   1.0 0.7306985 0.6496839 0.8409027 -0.1912188  0.00000000  0.000000000
3   2.0 0.6913210 0.6400347 0.8198676 -0.1798329 -0.00964914 -0.021035061
           oe         te
1  0.03521307 -0.1771709
2  0.00000000 -0.1912188
3 -0.03937749 -0.2008679

[[1]]
  delta         mu       mu_1       mu_0         de       se_1       se_0
1   0.5 0.02206780 0.02151513 0.02557831 0.02550594 0.01825530 0.01951886
2   1.0 0.01666288 0.01733254 0.01631997 0.01285676 0.00000000 0.00000000
3   2.0 0.03160874 0.03461954 0.02455524 0.02530758 0.02687179 0.02063516
          oe         te
1 0.01785870 0.01937492
2 0.00000000 0.01285676
3 0.02534994 0.03351906

[[2]]
  delta         mu       mu_1       mu_0         de       se_1       se_0
1   0.5 0.02454256 0.01939059 0.02755136 0.01967909 0.01424679 0.02229853
2   1.0 0.01791471 0.01843289 0.01713495 0.01245042 0.00000000 0.00000000
3   2.0 0.02790251 0.02948978 0.02273637 0.01864747 0.02223402 0.01844800
          oe         te
1 0.02006806 0.01376540
2 0.00000000 0.01245042
3 0.02200328 0.02883566

[[3]]
  delta         mu       mu_1       mu_0         de       se_1       se_0
1   0.5 0.02373502 0.02060554 0.02697508 0.02243761 0.01762032 0.02330590
2   1.0 0.01714530 0.01795217 0.01648663 0.01289791 0.00000000 0.00000000
3   2.0 0.03507166 0.03903085 0.02679242 0.02952047 0.03314489 0.02194809
          oe         te
1 0.02113956 0.01745829
2 0.00000000 0.01289791
3 0.02984159 0.03819940

[[4]]
  delta         mu       mu_1       mu_0         de       se_1       se_0
1   0.5 0.02260165 0.01947597 0.02511643 0.01997698 0.01639276 0.02243945
2   1.0 0.01765993 0.01844154 0.01676864 0.01267990 0.00000000 0.00000000
3   2.0 0.03198913 0.03488905 0.02452818 0.02425216 0.02646901 0.01846175
          oe         te
1 0.02087212 0.01638239
2 0.00000000 0.01267990
3 0.02484047 0.03316478

[[5]]
  delta         mu       mu_1       mu_0         de       se_1       se_0
1   0.5 0.02315132 0.01975771 0.02619341 0.02060099 0.01535434 0.02219551
2   1.0 0.01762996 0.01824601 0.01691771 0.01251935 0.00000000 0.00000000
3   2.0 0.03083258 0.03332855 0.02405654 0.02243981 0.02521644 0.01913496
          oe         te
1 0.01990100 0.01576459
2 0.00000000 0.01251935
3 0.02418029 0.03142988

[[6]]
  delta         mu       mu_1       mu_0         de      se_1       se_0
1   0.5 0.02337402 0.01952825 0.02608620 0.01878969 0.0162615 0.02199408
2   1.0 0.01788315 0.01860809 0.01693368 0.01257277 0.0000000 0.00000000
3   2.0 0.03713362 0.04104793 0.02622107 0.02955992 0.0334950 0.02120438
          oe         te
1 0.02017193 0.01561312
2 0.00000000 0.01257277
3 0.03109562 0.04011775

[[7]]
  delta         mu       mu_1       mu_0         de       se_1       se_0
1   0.5 0.02227619 0.01832391 0.02585659 0.02114816 0.01462366 0.02127636
2   1.0 0.01736082 0.01731614 0.01719589 0.01161977 0.00000000 0.00000000
3   2.0 0.03598148 0.03799487 0.02724004 0.02390558 0.03243283 0.02131207
          oe         te
1 0.01871246 0.01554250
2 0.00000000 0.01161977
3 0.03070956 0.03633964

[[8]]
  delta         mu       mu_1       mu_0         de       se_1       se_0
1   0.5 0.02457843 0.02169659 0.02965234 0.02883387 0.01862779 0.02468942
2   1.0 0.01716798 0.01765687 0.01683237 0.01259836 0.00000000 0.00000000
3   2.0 0.03686710 0.04207046 0.02460244 0.03095545 0.03565208 0.01966307
          oe         te
1 0.02111041 0.01904968
2 0.00000000 0.01259836
3 0.03116429 0.04075962

[[9]]
  delta         mu       mu_1       mu_0         de       se_1       se_0
1   0.5 0.02243469 0.01868328 0.02575016 0.02210082 0.01596029 0.02285424
2   1.0 0.01654532 0.01748812 0.01543984 0.01271755 0.00000000 0.00000000
3   2.0 0.03185089 0.03461583 0.02353117 0.02257708 0.02741671 0.01979998
          oe         te
1 0.02059771 0.01586702
2 0.00000000 0.01271755
3 0.02608775 0.03369832

[[10]]
  delta         mu       mu_1       mu_0         de       se_1       se_0
1   0.5 0.02644281 0.02037621 0.03008915 0.02224296 0.01581449 0.02448907
2   1.0 0.01691507 0.01716158 0.01698875 0.01288749 0.00000000 0.00000000
3   2.0 0.03599509 0.03942104 0.02735881 0.02547006 0.03370942 0.02465172
          oe         te
1 0.02185134 0.01623255
2 0.00000000 0.01288749
3 0.03165060 0.03928367

[[11]]
  delta         mu       mu_1       mu_0         de       se_1       se_0
1   0.5 0.02524481 0.02000345 0.02825948 0.02044585 0.01679399 0.02413488
2   1.0 0.01718031 0.01765943 0.01700523 0.01274169 0.00000000 0.00000000
3   2.0 0.03796196 0.04288607 0.02913216 0.03549381 0.03805891 0.02520159
          oe         te
1 0.02231029 0.01549331
2 0.00000000 0.01274169
3 0.03378626 0.04310191

[[12]]
  delta         mu       mu_1       mu_0         de       se_1       se_0
1   0.5 0.02496440 0.01985607 0.02940002 0.02422150 0.01569956 0.02471134
2   1.0 0.01738219 0.01787912 0.01684338 0.01218556 0.00000000 0.00000000
3   2.0 0.02833609 0.02992485 0.02444431 0.02197911 0.02302368 0.01953219
          oe         te
1 0.02130073 0.01579862
2 0.00000000 0.01218556
3 0.02231566 0.02884038

[[13]]
  delta         mu       mu_1       mu_0         de       se_1       se_0
1   0.5 0.02340624 0.02012031 0.02624929 0.02010092 0.01666187 0.02225635
2   1.0 0.01719481 0.01789549 0.01640220 0.01257106 0.00000000 0.00000000
3   2.0 0.03269840 0.03494764 0.02541769 0.02301575 0.02910540 0.02101490
          oe         te
1 0.02077156 0.01598492
2 0.00000000 0.01257106
3 0.02768543 0.03458521

[[14]]
  delta         mu       mu_1       mu_0         de       se_1       se_0
1   0.5 0.02496539 0.01978015 0.02793887 0.01999419 0.01491134 0.02237134
2   1.0 0.01644197 0.01684450 0.01619483 0.01222836 0.00000000 0.00000000
3   2.0 0.02928901 0.03236112 0.02280524 0.02406625 0.02546838 0.01880240
          oe         te
1 0.02064316 0.01425754
2 0.00000000 0.01222836
3 0.02357707 0.03083148

[[15]]
  delta         mu       mu_1       mu_0         de       se_1       se_0
1   0.5 0.02437230 0.02028861 0.02732818 0.02029704 0.01484745 0.02087816
2   1.0 0.01792996 0.01812258 0.01777131 0.01217401 0.00000000 0.00000000
3   2.0 0.03269222 0.03517105 0.02414594 0.02260090 0.02884406 0.02014704
          oe         te
1 0.01881094 0.01459239
2 0.00000000 0.01217401
3 0.02751892 0.03445783

[[16]]
  delta         mu       mu_1       mu_0         de       se_1       se_0
1   0.5 0.02809329 0.02078088 0.03551049 0.02875963 0.01579909 0.03055564
2   1.0 0.01819866 0.01892731 0.01752311 0.01338816 0.00000000 0.00000000
3   2.0 0.03627661 0.04003713 0.02509886 0.02624636 0.03211685 0.02028292
          oe         te
1 0.02379909 0.01580644
2 0.00000000 0.01338816
3 0.02973970 0.03826288

[[17]]
  delta         mu       mu_1       mu_0         de       se_1       se_0
1   0.5 0.02626175 0.02017082 0.03098659 0.02446898 0.01640763 0.02562501
2   1.0 0.01727603 0.01753652 0.01695781 0.01292424 0.00000000 0.00000000
3   2.0 0.02867993 0.03170525 0.02263255 0.02314875 0.02514062 0.01843681
          oe         te
1 0.02246650 0.01550262
2 0.00000000 0.01292424
3 0.02324684 0.03126855

[[18]]
  delta         mu       mu_1       mu_0         de       se_1       se_0
1   0.5 0.02505301 0.02105913 0.02789917 0.02128013 0.01440922 0.02241515
2   1.0 0.01889226 0.01961850 0.01759397 0.01280717 0.00000000 0.00000000
3   2.0 0.03182387 0.03472729 0.02455495 0.02486242 0.02465412 0.01662476
          oe         te
1 0.01969651 0.01465594
2 0.00000000 0.01280717
3 0.02280915 0.03090264

[[19]]
  delta         mu       mu_1       mu_0         de       se_1       se_0
1   0.5 0.02458676 0.02270603 0.02709921 0.02260017 0.01875524 0.02412512
2   1.0 0.01772528 0.01843560 0.01650285 0.01208829 0.00000000 0.00000000
3   2.0 0.03754202 0.04227665 0.03180507 0.03736366 0.03433420 0.02602394
          oe         te
1 0.02198631 0.01891325
2 0.00000000 0.01208829
3 0.02980090 0.03866663

[[20]]
  delta         mu       mu_1       mu_0         de       se_1       se_0
1   0.5 0.02325685 0.02026029 0.02630193 0.02250622 0.01639363 0.02236745
2   1.0 0.01744811 0.01783361 0.01663940 0.01239376 0.00000000 0.00000000
3   2.0 0.02830310 0.02996202 0.02499611 0.02353699 0.02253401 0.02006236
          oe         te
1 0.02036221 0.01748995
2 0.00000000 0.01239376
3 0.02202131 0.02901673

[1] "Total run time was 3106.278 seconds"
