Warning message:
package ‘SuperLearner’ was built under R version 4.1.3 
[1] "[Simulation setting]"
[1] "n: 500"
[1] "deltas: 0.5, 1, 2"
[1] "K: 2"
[1] "r: 100"
[1] "s: 1"
[1] "Sim.id 1"
[1] "Data generated and format changed"
[1] "   Split: 1"
Loading required namespace: nnet
Loading required namespace: ranger
[1] "   Split: 2"
[1] "Estimates and SE estimates computed"
[1] ""
[1] "Sim.id 2"
[1] "Data generated and format changed"
[1] "   Split: 1"
[1] "   Split: 2"
[1] "Estimates and SE estimates computed"
[1] ""
[1] "Sim.id 3"
[1] "Data generated and format changed"
[1] "   Split: 1"
[1] "   Split: 2"
[1] "Estimates and SE estimates computed"
[1] ""
[1] "Sim.id 4"
[1] "Data generated and format changed"
[1] "   Split: 1"
[1] "   Split: 2"
[1] "Estimates and SE estimates computed"
[1] ""
[1] "Sim.id 5"
[1] "Data generated and format changed"
[1] "   Split: 1"
[1] "   Split: 2"
[1] "Estimates and SE estimates computed"
[1] ""
[1] "Sim.id 6"
[1] "Data generated and format changed"
[1] "   Split: 1"
[1] "   Split: 2"
[1] "Estimates and SE estimates computed"
[1] ""
[1] "Sim.id 7"
[1] "Data generated and format changed"
[1] "   Split: 1"
[1] "   Split: 2"
[1] "Estimates and SE estimates computed"
[1] ""
[1] "Sim.id 8"
[1] "Data generated and format changed"
[1] "   Split: 1"
[1] "   Split: 2"
[1] "Estimates and SE estimates computed"
[1] ""
[1] "Sim.id 9"
[1] "Data generated and format changed"
[1] "   Split: 1"
[1] "   Split: 2"
[1] "Estimates and SE estimates computed"
[1] ""
[1] "Sim.id 10"
[1] "Data generated and format changed"
[1] "   Split: 1"
[1] "   Split: 2"
[1] "Estimates and SE estimates computed"
[1] ""
[1] "Sim.id 11"
[1] "Data generated and format changed"
[1] "   Split: 1"
[1] "   Split: 2"
[1] "Estimates and SE estimates computed"
[1] ""
[1] "Sim.id 12"
[1] "Data generated and format changed"
[1] "   Split: 1"
[1] "   Split: 2"
[1] "Estimates and SE estimates computed"
[1] ""
[1] "Sim.id 13"
[1] "Data generated and format changed"
[1] "   Split: 1"
[1] "   Split: 2"
[1] "Estimates and SE estimates computed"
[1] ""
[1] "Sim.id 14"
[1] "Data generated and format changed"
[1] "   Split: 1"
[1] "   Split: 2"
[1] "Estimates and SE estimates computed"
[1] ""
[1] "Sim.id 15"
[1] "Data generated and format changed"
[1] "   Split: 1"
[1] "   Split: 2"
[1] "Estimates and SE estimates computed"
[1] ""
[1] "Sim.id 16"
[1] "Data generated and format changed"
[1] "   Split: 1"
[1] "   Split: 2"
[1] "Estimates and SE estimates computed"
[1] ""
[1] "Sim.id 17"
[1] "Data generated and format changed"
[1] "   Split: 1"
[1] "   Split: 2"
[1] "Estimates and SE estimates computed"
[1] ""
[1] "Sim.id 18"
[1] "Data generated and format changed"
[1] "   Split: 1"
[1] "   Split: 2"
[1] "Estimates and SE estimates computed"
[1] ""
[1] "Sim.id 19"
[1] "Data generated and format changed"
[1] "   Split: 1"
[1] "   Split: 2"
[1] "Estimates and SE estimates computed"
[1] ""
[1] "Sim.id 20"
[1] "Data generated and format changed"
[1] "   Split: 1"
[1] "   Split: 2"
[1] "Estimates and SE estimates computed"
[1] ""
[[1]]
  delta        mu      mu_1      mu_0         de        se_1         se_0
1   0.5 0.7737768 0.6683513 0.8515612 -0.1832099  0.01439295  0.003173227
2   1.0 0.7345885 0.6539583 0.8483879 -0.1944296  0.00000000  0.000000000
3   2.0 0.6604137 0.6036775 0.8223778 -0.2187002 -0.05028076 -0.026010169
           oe         te
1  0.03918832 -0.1800367
2  0.00000000 -0.1944296
3 -0.07417478 -0.2447104

[[2]]
  delta        mu      mu_1      mu_0         de         se_1        se_0
1   0.5 0.7992738 0.7006567 0.8695441 -0.1688874  0.009450034 -0.00707860
2   1.0 0.7704013 0.6912067 0.8766227 -0.1854160  0.000000000  0.00000000
3   2.0 0.7290558 0.6790655 0.8658237 -0.1867582 -0.012141147 -0.01079902
           oe         te
1  0.02887246 -0.1759660
2  0.00000000 -0.1854160
3 -0.04134552 -0.1975572

[[3]]
  delta        mu      mu_1      mu_0         de        se_1         se_0
1   0.5 0.8009037 0.7057163 0.8701538 -0.1644375  0.01379561 -0.005928054
2   1.0 0.7711508 0.6919206 0.8760818 -0.1841612  0.00000000  0.000000000
3   2.0 0.7216814 0.6612742 0.8784037 -0.2171295 -0.03064648  0.002321847
           oe         te
1  0.02975288 -0.1703656
2  0.00000000 -0.1841612
3 -0.04946937 -0.2148077

[[4]]
  delta        mu      mu_1      mu_0         de        se_1        se_0
1   0.5 0.8005076 0.6886625 0.8758596 -0.1871971  0.04550659  0.04401012
2   1.0 0.7216807 0.6431559 0.8318495 -0.1886936  0.00000000  0.00000000
3   2.0 0.6275098 0.5728819 0.7871223 -0.2142404 -0.07027406 -0.04472722
           oe         te
1  0.07882689 -0.1431870
2  0.00000000 -0.1886936
3 -0.09417093 -0.2589676

[[5]]
  delta        mu      mu_1      mu_0         de       se_1        se_0
1   0.5 0.7988050 0.6982125 0.8694366 -0.1712240 0.03641734 0.024831920
2   1.0 0.7383276 0.6617952 0.8446046 -0.1828095 0.00000000 0.000000000
3   2.0 0.7243442 0.6789365 0.8471584 -0.1682219 0.01714132 0.002553794
           oe         te
1  0.06047734 -0.1463921
2  0.00000000 -0.1828095
3 -0.01398345 -0.1656681

[[6]]
  delta        mu      mu_1      mu_0         de        se_1        se_0
1   0.5 0.7832651 0.6746614 0.8565195 -0.1818581  0.01829069  0.03205551
2   1.0 0.7273844 0.6563707 0.8244640 -0.1680933  0.00000000  0.00000000
3   2.0 0.6528658 0.6003421 0.8053849 -0.2050428 -0.05602861 -0.01907912
           oe         te
1  0.05588065 -0.1498026
2  0.00000000 -0.1680933
3 -0.07451856 -0.2241219

[[7]]
  delta        mu      mu_1      mu_0         de        se_1        se_0
1   0.5 0.7267671 0.6510561 0.7885199 -0.1374639  0.02617368 -0.03323272
2   1.0 0.7050899 0.6248824 0.8217527 -0.1968703  0.00000000  0.00000000
3   2.0 0.6259980 0.5728053 0.7924448 -0.2196394 -0.05207706 -0.02930790
           oe         te
1  0.02167716 -0.1706966
2  0.00000000 -0.1968703
3 -0.07909190 -0.2489473

[[8]]
  delta        mu      mu_1      mu_0         de         se_1        se_0
1   0.5 0.8001359 0.6800665 0.8749064 -0.1948399  0.027641405 0.022468731
2   1.0 0.7394829 0.6524251 0.8524377 -0.2000126  0.000000000 0.000000000
3   2.0 0.7089344 0.6495676 0.8535108 -0.2039432 -0.002857525 0.001073124
           oe         te
1  0.06065308 -0.1723712
2  0.00000000 -0.2000126
3 -0.03054840 -0.2028701

[[9]]
  delta        mu      mu_1      mu_0         de        se_1       se_0
1   0.5 0.7753504 0.6619208 0.8506660 -0.1887452 0.014256901 0.01747976
2   1.0 0.7266880 0.6476639 0.8331863 -0.1855224 0.000000000 0.00000000
3   2.0 0.7144651 0.6563203 0.8614854 -0.2051651 0.008656394 0.02829915
           oe         te
1  0.04866238 -0.1712655
2  0.00000000 -0.1855224
3 -0.01222289 -0.1768660

[[10]]
  delta        mu      mu_1      mu_0         de        se_1        se_0
1   0.5 0.8130307 0.7159311 0.8767869 -0.1608558  0.04492769  0.01564005
2   1.0 0.7516846 0.6710034 0.8611469 -0.1901434  0.00000000  0.00000000
3   2.0 0.6861577 0.6255612 0.8499622 -0.2244010 -0.04544219 -0.01118465
           oe         te
1  0.06134611 -0.1452158
2  0.00000000 -0.1901434
3 -0.06552691 -0.2355856

[[11]]
  delta        mu      mu_1      mu_0         de       se_1       se_0
1   0.5 0.7882207 0.6858311 0.8595656 -0.1737345 0.00478672 0.01314755
2   1.0 0.7508692 0.6810444 0.8464180 -0.1653736 0.00000000 0.00000000
3   2.0 0.7630330 0.7235084 0.8694771 -0.1459686 0.04246407 0.02305906
          oe         te
1 0.03735153 -0.1605869
2 0.00000000 -0.1653736
3 0.01216384 -0.1229096

[[12]]
  delta        mu      mu_1      mu_0         de        se_1       se_0
1   0.5 0.7742013 0.6697946 0.8489035 -0.1791089 0.002773644 0.02052481
2   1.0 0.7333175 0.6670209 0.8283787 -0.1613577 0.000000000 0.00000000
3   2.0 0.7148259 0.6698964 0.8407494 -0.1708531 0.002875430 0.01237076
           oe         te
1  0.04088382 -0.1585841
2  0.00000000 -0.1613577
3 -0.01849158 -0.1584823

[[13]]
  delta        mu      mu_1      mu_0         de         se_1       se_0
1   0.5 0.8181250 0.7077677 0.8912823 -0.1835146  0.024479362 0.03754584
2   1.0 0.7534807 0.6832883 0.8537365 -0.1704482  0.000000000 0.00000000
3   2.0 0.7332626 0.6819202 0.8715635 -0.1896432 -0.001368082 0.01782699
           oe         te
1  0.06464433 -0.1459688
2  0.00000000 -0.1704482
3 -0.02021809 -0.1718162

[[14]]
  delta        mu      mu_1      mu_0         de          se_1         se_0
1   0.5 0.7790835 0.6793713 0.8506046 -0.1712332 -0.0008643141 -0.009647606
2   1.0 0.7551775 0.6802357 0.8602522 -0.1800165  0.0000000000  0.000000000
3   2.0 0.7447485 0.6967927 0.8702583 -0.1734656  0.0165570289  0.010006098
           oe         te
1  0.02390595 -0.1808808
2  0.00000000 -0.1800165
3 -0.01042902 -0.1634595

[[15]]
  delta        mu      mu_1      mu_0         de       se_1        se_0
1   0.5 0.7809908 0.6715021 0.8526758 -0.1811737 0.03596993  0.02096786
2   1.0 0.7210924 0.6355321 0.8317079 -0.1961758 0.00000000  0.00000000
3   2.0 0.6931192 0.6490242 0.8021155 -0.1530913 0.01349201 -0.02959247
           oe         te
1  0.05989845 -0.1602059
2  0.00000000 -0.1961758
3 -0.02797318 -0.1826838

[[16]]
  delta        mu      mu_1      mu_0         de        se_1        se_0
1   0.5 0.8108914 0.6932374 0.8880741 -0.1948367  0.03849527  0.03711559
2   1.0 0.7396857 0.6547421 0.8509585 -0.1962164  0.00000000  0.00000000
3   2.0 0.6675652 0.6196558 0.7925592 -0.1729034 -0.03508626 -0.05839926
           oe         te
1  0.07120573 -0.1577211
2  0.00000000 -0.1962164
3 -0.07212048 -0.2313026

[[17]]
  delta        mu      mu_1      mu_0         de        se_1          se_0
1   0.5 0.7969293 0.6907387 0.8669770 -0.1762383  0.01604309 -0.0003548041
2   1.0 0.7590516 0.6746956 0.8673318 -0.1926362  0.00000000  0.0000000000
3   2.0 0.6991124 0.6422397 0.8438299 -0.2015902 -0.03245589 -0.0235018794
           oe         te
1  0.03787762 -0.1765931
2  0.00000000 -0.1926362
3 -0.05993924 -0.2250920

[[18]]
  delta        mu      mu_1      mu_0         de        se_1        se_0
1   0.5 0.8095068 0.7074848 0.8759133 -0.1684285  0.02463416 -0.01987365
2   1.0 0.7787136 0.6828506 0.8957869 -0.2129363  0.00000000  0.00000000
3   2.0 0.6817987 0.6062046 0.8717622 -0.2655576 -0.07664605 -0.02402472
           oe         te
1  0.03079318 -0.1883021
2  0.00000000 -0.2129363
3 -0.09691486 -0.2895824

[[19]]
  delta        mu      mu_1      mu_0         de        se_1         se_0
1   0.5 0.8071809 0.7143360 0.8699951 -0.1556591 0.034955127  0.017321333
2   1.0 0.7531542 0.6793809 0.8526738 -0.1732929 0.000000000  0.000000000
3   2.0 0.7280664 0.6809162 0.8506501 -0.1697339 0.001535313 -0.002023681
           oe         te
1  0.05402672 -0.1383378
2  0.00000000 -0.1732929
3 -0.02508772 -0.1717576

[[20]]
  delta        mu      mu_1      mu_0         de        se_1        se_0
1   0.5 0.7746246 0.6839133 0.8398794 -0.1559661 -0.00796709 -0.01755812
2   1.0 0.7617970 0.6918804 0.8574375 -0.1655571  0.00000000  0.00000000
3   2.0 0.7244965 0.6661618 0.8700779 -0.2039161 -0.02571862  0.01264038
           oe         te
1  0.01282765 -0.1735242
2  0.00000000 -0.1655571
3 -0.03730052 -0.1912757

[[1]]
  delta         mu       mu_1       mu_0         de       se_1       se_0
1   0.5 0.02930138 0.02166472 0.03425709 0.02826626 0.01817130 0.03068861
2   1.0 0.01739628 0.01770993 0.01684965 0.01271721 0.00000000 0.00000000
3   2.0 0.03174039 0.03467877 0.02488797 0.02576248 0.02878961 0.02023239
          oe         te
1 0.02646958 0.01825142
2 0.00000000 0.01271721
3 0.02671741 0.03421039

[[2]]
  delta         mu       mu_1       mu_0         de       se_1       se_0
1   0.5 0.02464417 0.01982906 0.02749532 0.02077966 0.01562007 0.02309227
2   1.0 0.01748258 0.01798008 0.01679676 0.01252537 0.00000000 0.00000000
3   2.0 0.03068813 0.03237896 0.02529233 0.02136541 0.02403419 0.02047700
          oe         te
1 0.02109324 0.01498669
2 0.00000000 0.01252537
3 0.02387406 0.03041057

[[3]]
  delta         mu       mu_1       mu_0         de       se_1       se_0
1   0.5 0.02205484 0.02029258 0.02419754 0.02001639 0.01595323 0.02024845
2   1.0 0.01830195 0.01909738 0.01702979 0.01273165 0.00000000 0.00000000
3   2.0 0.03826821 0.04122609 0.02788000 0.02466634 0.03260387 0.02277322
          oe         te
1 0.01921056 0.01552536
2 0.00000000 0.01273165
3 0.03109543 0.03872628

[[4]]
  delta         mu       mu_1       mu_0         de       se_1       se_0
1   0.5 0.02485096 0.01980588 0.02840854 0.02301039 0.01557129 0.02360177
2   1.0 0.01755758 0.01765462 0.01704213 0.01231808 0.00000000 0.00000000
3   2.0 0.03044025 0.03193526 0.02477982 0.01968201 0.02491346 0.02072132
          oe         te
1 0.02076315 0.01582397
2 0.00000000 0.01231808
3 0.02482358 0.03123675

[[5]]
  delta         mu       mu_1       mu_0         de       se_1       se_0
1   0.5 0.02350709 0.01936909 0.02690373 0.02071735 0.01466882 0.02154309
2   1.0 0.01696752 0.01793406 0.01601974 0.01303715 0.00000000 0.00000000
3   2.0 0.03362703 0.03679507 0.02468226 0.02578784 0.02803880 0.01945349
          oe         te
1 0.01922523 0.01420092
2 0.00000000 0.01303715
3 0.02636157 0.03469852

[[6]]
  delta         mu       mu_1       mu_0         de       se_1       se_0
1   0.5 0.02435201 0.02047677 0.02758990 0.02226355 0.01583225 0.02203113
2   1.0 0.01729435 0.01698830 0.01749376 0.01203714 0.00000000 0.00000000
3   2.0 0.02716144 0.02885344 0.02202567 0.01956800 0.02199687 0.01764557
          oe         te
1 0.01919335 0.01618450
2 0.00000000 0.01203714
3 0.02170720 0.02848816

[[7]]
  delta         mu       mu_1       mu_0         de       se_1       se_0
1   0.5 0.02171807 0.01812345 0.02513015 0.02075773 0.01434146 0.02161064
2   1.0 0.01666271 0.01730129 0.01589182 0.01241646 0.00000000 0.00000000
3   2.0 0.03039103 0.03380188 0.02283428 0.02545816 0.02684410 0.01788864
          oe         te
1 0.01902153 0.01540983
2 0.00000000 0.01241646
3 0.02410031 0.03181507

[[8]]
  delta         mu       mu_1       mu_0         de       se_1       se_0
1   0.5 0.02740662 0.02030106 0.03175061 0.02388692 0.01617970 0.02836843
2   1.0 0.01741978 0.01803937 0.01682833 0.01293766 0.00000000 0.00000000
3   2.0 0.02677639 0.02817425 0.02234394 0.01964053 0.02043273 0.01767556
          oe         te
1 0.02485359 0.01633544
2 0.00000000 0.01293766
3 0.02059623 0.02737215

[[9]]
  delta         mu       mu_1       mu_0         de       se_1       se_0
1   0.5 0.02554526 0.02080610 0.02871701 0.02114049 0.01607191 0.02215653
2   1.0 0.01752889 0.01810820 0.01723852 0.01293898 0.00000000 0.00000000
3   2.0 0.03064575 0.03296762 0.02560843 0.02416241 0.02486945 0.02031504
          oe         te
1 0.02041322 0.01574540
2 0.00000000 0.01293898
3 0.02394748 0.03164573

[[10]]
  delta         mu       mu_1       mu_0         de       se_1       se_0
1   0.5 0.02833137 0.02321874 0.03111424 0.02205413 0.01933744 0.02451405
2   1.0 0.01679018 0.01674611 0.01691662 0.01228683 0.00000000 0.00000000
3   2.0 0.02871941 0.03082302 0.02403476 0.02263409 0.02443624 0.02108774
          oe         te
1 0.02296248 0.01897418
2 0.00000000 0.01228683
3 0.02408605 0.03120320

[[11]]
  delta         mu       mu_1       mu_0         de       se_1       se_0
1   0.5 0.02415209 0.02212868 0.02683759 0.02333464 0.01783725 0.02294210
2   1.0 0.01879150 0.01953804 0.01764384 0.01288707 0.00000000 0.00000000
3   2.0 0.03613009 0.04032501 0.02656365 0.02796395 0.03182660 0.02043292
          oe         te
1 0.02090037 0.01772615
2 0.00000000 0.01288707
3 0.02870005 0.03757200

[[12]]
  delta         mu       mu_1       mu_0         de       se_1       se_0
1   0.5 0.02343825 0.02109227 0.02602824 0.02147497 0.01579793 0.02028570
2   1.0 0.01699397 0.01733976 0.01626738 0.01181017 0.00000000 0.00000000
3   2.0 0.02810489 0.03055433 0.02241168 0.02233447 0.02464088 0.01819549
          oe         te
1 0.01822443 0.01618848
2 0.00000000 0.01181017
3 0.02309139 0.03038760

[[13]]
  delta         mu       mu_1       mu_0         de       se_1       se_0
1   0.5 0.02533147 0.01966213 0.02907551 0.02205160 0.01456044 0.02489849
2   1.0 0.01717566 0.01812424 0.01588215 0.01192192 0.00000000 0.00000000
3   2.0 0.02960329 0.03189712 0.02361784 0.02184908 0.02385048 0.01798726
          oe         te
1 0.02145341 0.01450178
2 0.00000000 0.01192192
3 0.02279368 0.03003222

[[14]]
  delta         mu       mu_1       mu_0         de       se_1       se_0
1   0.5 0.02430103 0.02203457 0.02729705 0.02381407 0.01741443 0.02338870
2   1.0 0.01831972 0.01917511 0.01723368 0.01306190 0.00000000 0.00000000
3   2.0 0.03669531 0.04222191 0.02356309 0.03336575 0.03686826 0.01893122
          oe         te
1 0.02073953 0.01764665
2 0.00000000 0.01306190
3 0.03203978 0.04188369

[[15]]
  delta         mu       mu_1       mu_0         de       se_1       se_0
1   0.5 0.02322112 0.01936928 0.02628855 0.02066281 0.01527179 0.02204075
2   1.0 0.01616360 0.01660303 0.01590983 0.01188039 0.00000000 0.00000000
3   2.0 0.03113293 0.03454569 0.02389701 0.02516897 0.02837740 0.01939660
          oe         te
1 0.01981175 0.01535622
2 0.00000000 0.01188039
3 0.02608787 0.03392503

[[16]]
  delta         mu       mu_1       mu_0         de       se_1       se_0
1   0.5 0.02361399 0.02004797 0.02601043 0.01911415 0.01544705 0.02135693
2   1.0 0.01795787 0.01798374 0.01796150 0.01238089 0.00000000 0.00000000
3   2.0 0.03444573 0.03645649 0.02670656 0.02380883 0.02967628 0.02223989
          oe         te
1 0.01942268 0.01587557
2 0.00000000 0.01238089
3 0.02870981 0.03544279

[[17]]
  delta         mu       mu_1       mu_0         de       se_1       se_0
1   0.5 0.02679337 0.01937725 0.03115920 0.02313995 0.01498780 0.02546508
2   1.0 0.01705427 0.01724672 0.01675485 0.01266288 0.00000000 0.00000000
3   2.0 0.02964544 0.03088034 0.02554186 0.02154923 0.02302401 0.02051866
          oe         te
1 0.02211089 0.01434815
2 0.00000000 0.01266288
3 0.02301128 0.02949284

[[18]]
  delta         mu       mu_1       mu_0         de       se_1       se_0
1   0.5 0.02399350 0.02013835 0.02700124 0.02088012 0.01530560 0.02205922
2   1.0 0.01691403 0.01700048 0.01691270 0.01271765 0.00000000 0.00000000
3   2.0 0.02940146 0.03144732 0.02340604 0.02229219 0.02591985 0.01947805
          oe         te
1 0.01968789 0.01590397
2 0.00000000 0.01271765
3 0.02520313 0.03246127

[[19]]
  delta         mu       mu_1       mu_0         de      se_1       se_0
1   0.5 0.02442575 0.01845613 0.03290755 0.03253020 0.0155539 0.02773079
2   1.0 0.01627476 0.01713268 0.01620230 0.01309962 0.0000000 0.00000000
3   2.0 0.02869634 0.03135410 0.02167212 0.02161108 0.0235598 0.01799818
          oe         te
1 0.02108637 0.01622552
2 0.00000000 0.01309962
3 0.02302793 0.03093950

[[20]]
  delta         mu       mu_1       mu_0         de       se_1       se_0
1   0.5 0.02711601 0.02022377 0.03372396 0.02711979 0.01703747 0.02877813
2   1.0 0.01709857 0.01771365 0.01629802 0.01226437 0.00000000 0.00000000
3   2.0 0.02841666 0.03019943 0.02353122 0.02030619 0.02226990 0.01794136
          oe         te
1 0.02370949 0.01644829
2 0.00000000 0.01226437
3 0.02153572 0.02860763

[[1]]
  delta        mu      mu_1      mu_0         de        se_1         se_0
1   0.5 0.7726146 0.6679777 0.8501604 -0.1821827  0.01413856  0.001695924
2   1.0 0.7346047 0.6538391 0.8484645 -0.1946254  0.00000000  0.000000000
3   2.0 0.6597526 0.6028551 0.8221487 -0.2192936 -0.05098403 -0.026315789
           oe         te
1  0.03800993 -0.1804868
2  0.00000000 -0.1946254
3 -0.07485214 -0.2456094

[[2]]
  delta        mu      mu_1      mu_0         de         se_1        se_0
1   0.5 0.7959643 0.6993693 0.8655793 -0.1662100  0.009085076 -0.01006665
2   1.0 0.7696592 0.6902842 0.8756459 -0.1853617  0.000000000  0.00000000
3   2.0 0.7286481 0.6785973 0.8652261 -0.1866289 -0.011686930 -0.01041976
           oe         te
1  0.02630505 -0.1762766
2  0.00000000 -0.1853617
3 -0.04101114 -0.1970487

[[3]]
  delta        mu      mu_1      mu_0         de        se_1          se_0
1   0.5 0.8004420 0.7042073 0.8695288 -0.1653215  0.01661338 -0.0029118579
2   1.0 0.7670224 0.6875940 0.8724407 -0.1848467  0.00000000  0.0000000000
3   2.0 0.7141219 0.6541442 0.8722565 -0.2181123 -0.03344979 -0.0001841939
           oe         te
1  0.03341964 -0.1682333
2  0.00000000 -0.1848467
3 -0.05290050 -0.2182965

[[4]]
  delta        mu      mu_1      mu_0         de        se_1        se_0
1   0.5 0.7984957 0.6875823 0.8737572 -0.1861748  0.04407222  0.04252956
2   1.0 0.7214981 0.6435101 0.8312276 -0.1877175  0.00000000  0.00000000
3   2.0 0.6285600 0.5739260 0.7880808 -0.2141549 -0.06958416 -0.04314677
           oe         te
1  0.07699760 -0.1436453
2  0.00000000 -0.1877175
3 -0.09293813 -0.2573017

[[5]]
  delta        mu      mu_1      mu_0         de       se_1        se_0
1   0.5 0.7988056 0.6980123 0.8694941 -0.1714818 0.03609058 0.024810588
2   1.0 0.7383849 0.6619217 0.8446835 -0.1827618 0.00000000 0.000000000
3   2.0 0.7241223 0.6785444 0.8478274 -0.1692830 0.01662268 0.003143875
           oe         te
1  0.06042065 -0.1466712
2  0.00000000 -0.1827618
3 -0.01426266 -0.1661391

[[6]]
  delta        mu      mu_1      mu_0         de        se_1        se_0
1   0.5 0.7852401 0.6752207 0.8592010 -0.1839803  0.01907274  0.03371210
2   1.0 0.7278609 0.6561480 0.8254889 -0.1693409  0.00000000  0.00000000
3   2.0 0.6533950 0.6008248 0.8053891 -0.2045643 -0.05532319 -0.02009981
           oe         te
1  0.05737924 -0.1502682
2  0.00000000 -0.1693409
3 -0.07446591 -0.2246641

[[7]]
  delta        mu      mu_1      mu_0         de        se_1        se_0
1   0.5 0.7274064 0.6514171 0.7892639 -0.1378468  0.02620469 -0.03276350
2   1.0 0.7055238 0.6252124 0.8220274 -0.1968150  0.00000000  0.00000000
3   2.0 0.6267240 0.5734636 0.7928225 -0.2193589 -0.05174878 -0.02920494
           oe         te
1  0.02188259 -0.1706103
2  0.00000000 -0.1968150
3 -0.07879987 -0.2485638

[[8]]
  delta        mu      mu_1      mu_0         de        se_1        se_0
1   0.5 0.7995085 0.6800747 0.8733664 -0.1932917 0.027361320 0.022368446
2   1.0 0.7391627 0.6527134 0.8509980 -0.1982846 0.000000000 0.000000000
3   2.0 0.7128669 0.6543005 0.8532174 -0.1989169 0.001587144 0.002219445
           oe         te
1  0.06034577 -0.1709232
2  0.00000000 -0.1982846
3 -0.02629584 -0.1966974

[[9]]
  delta        mu      mu_1      mu_0         de        se_1       se_0
1   0.5 0.7731792 0.6617310 0.8481708 -0.1864398 0.013534692 0.01547468
2   1.0 0.7265552 0.6481963 0.8326961 -0.1844998 0.000000000 0.00000000
3   2.0 0.7149588 0.6566626 0.8624631 -0.2058005 0.008466325 0.02976705
           oe         te
1  0.04662408 -0.1709651
2  0.00000000 -0.1844998
3 -0.01159641 -0.1760335

[[10]]
  delta        mu      mu_1      mu_0         de        se_1        se_0
1   0.5 0.8115418 0.7153326 0.8750361 -0.1597035  0.04458041  0.01429897
2   1.0 0.7512612 0.6707522 0.8607371 -0.1899850  0.00000000  0.00000000
3   2.0 0.6858547 0.6250316 0.8504025 -0.2253709 -0.04572057 -0.01033465
           oe         te
1  0.06028059 -0.1454046
2  0.00000000 -0.1899850
3 -0.06540650 -0.2357055

[[11]]
  delta        mu      mu_1      mu_0         de        se_1       se_0
1   0.5 0.7893742 0.6850286 0.8614062 -0.1763776 0.003637261 0.01398695
2   1.0 0.7516106 0.6813913 0.8474192 -0.1660279 0.000000000 0.00000000
3   2.0 0.7665671 0.7280354 0.8697874 -0.1417521 0.046644071 0.02236824
          oe         te
1 0.03776359 -0.1623906
2 0.00000000 -0.1660279
3 0.01495652 -0.1193838

[[12]]
  delta        mu      mu_1      mu_0         de        se_1       se_0
1   0.5 0.7746641 0.6699208 0.8493059 -0.1793851 0.003005697 0.02080640
2   1.0 0.7333455 0.6669151 0.8284995 -0.1615844 0.000000000 0.00000000
3   2.0 0.7148933 0.6699537 0.8408582 -0.1709045 0.003038660 0.01235872
           oe         te
1  0.04131862 -0.1585787
2  0.00000000 -0.1615844
3 -0.01845222 -0.1585458

[[13]]
  delta        mu      mu_1      mu_0         de         se_1       se_0
1   0.5 0.8175262 0.7080647 0.8905865 -0.1825218  0.024534377 0.03674432
2   1.0 0.7536551 0.6835303 0.8538421 -0.1703118  0.000000000 0.00000000
3   2.0 0.7338089 0.6824660 0.8717600 -0.1892941 -0.001064344 0.01791787
           oe         te
1  0.06387113 -0.1457775
2  0.00000000 -0.1703118
3 -0.01984621 -0.1713762

[[14]]
  delta        mu      mu_1      mu_0         de        se_1         se_0
1   0.5 0.7814912 0.6836716 0.8513463 -0.1676748 0.001560006 -0.010755279
2   1.0 0.7574858 0.6821116 0.8621016 -0.1799900 0.000000000  0.000000000
3   2.0 0.7473418 0.6995615 0.8712450 -0.1716835 0.017449939  0.009143406
           oe         te
1  0.02400543 -0.1784300
2  0.00000000 -0.1799900
3 -0.01014398 -0.1625401

[[15]]
  delta        mu      mu_1      mu_0         de       se_1        se_0
1   0.5 0.7758138 0.6685224 0.8468572 -0.1783348 0.03237032  0.01592272
2   1.0 0.7209557 0.6361521 0.8309345 -0.1947824 0.00000000  0.00000000
3   2.0 0.6975266 0.6539613 0.8034318 -0.1494705 0.01780922 -0.02750270
           oe         te
1  0.05485809 -0.1624121
2  0.00000000 -0.1947824
3 -0.02342913 -0.1769732

[[16]]
  delta        mu      mu_1      mu_0         de        se_1        se_0
1   0.5 0.8097194 0.6935055 0.8865548 -0.1930493  0.03965497  0.03578893
2   1.0 0.7387858 0.6538505 0.8507659 -0.1969154  0.00000000  0.00000000
3   2.0 0.6688197 0.6215526 0.7930718 -0.1715192 -0.03229794 -0.05769410
           oe         te
1  0.07093354 -0.1572604
2  0.00000000 -0.1969154
3 -0.06996610 -0.2292133

[[17]]
  delta        mu      mu_1      mu_0         de        se_1         se_0
1   0.5 0.8009831 0.6925150 0.8714329 -0.1789178  0.01898945  0.002780346
2   1.0 0.7588406 0.6735256 0.8686525 -0.1951269  0.00000000  0.000000000
3   2.0 0.6964645 0.6408254 0.8411667 -0.2003413 -0.03270021 -0.027485824
           oe         te
1  0.04214252 -0.1761375
2  0.00000000 -0.1951269
3 -0.06237606 -0.2278271

[[18]]
  delta        mu      mu_1      mu_0         de        se_1        se_0
1   0.5 0.8073154 0.7065680 0.8731790 -0.1666111  0.02275753 -0.02314048
2   1.0 0.7794426 0.6838104 0.8963195 -0.2125091  0.00000000  0.00000000
3   2.0 0.6818878 0.6066343 0.8718016 -0.2651673 -0.07717616 -0.02451791
           oe         te
1  0.02787278 -0.1897515
2  0.00000000 -0.2125091
3 -0.09755479 -0.2896852

[[19]]
  delta        mu      mu_1      mu_0         de         se_1         se_0
1   0.5 0.8057673 0.7139636 0.8680191 -0.1540555  0.035291244  0.015973871
2   1.0 0.7524625 0.6786723 0.8520452 -0.1733729  0.000000000  0.000000000
3   2.0 0.7248932 0.6773337 0.8490896 -0.1717559 -0.001338615 -0.002955603
           oe         te
1  0.05330477 -0.1380817
2  0.00000000 -0.1733729
3 -0.02756931 -0.1747115

[[20]]
  delta        mu      mu_1      mu_0         de         se_1        se_0
1   0.5 0.7726143 0.6834936 0.8367946 -0.1533010 -0.008780105 -0.02118616
2   1.0 0.7630762 0.6922737 0.8579807 -0.1657070  0.000000000  0.00000000
3   2.0 0.7244227 0.6651237 0.8704418 -0.2053181 -0.027149991  0.01246104
           oe         te
1  0.00953807 -0.1744872
2  0.00000000 -0.1657070
3 -0.03865354 -0.1928570

[[1]]
  delta         mu       mu_1       mu_0         de       se_1       se_0
1   0.5 0.02992154 0.02162917 0.03505512 0.02887900 0.01817883 0.03149661
2   1.0 0.01739101 0.01771534 0.01682958 0.01272691 0.00000000 0.00000000
3   2.0 0.03177003 0.03465162 0.02499643 0.02568375 0.02867068 0.02033497
          oe         te
1 0.02714059 0.01820367
2 0.00000000 0.01272691
3 0.02666317 0.03412485

[[2]]
  delta         mu       mu_1       mu_0         de       se_1       se_0
1   0.5 0.02424710 0.01956688 0.02719089 0.02088123 0.01538549 0.02315092
2   1.0 0.01733278 0.01787635 0.01661177 0.01236814 0.00000000 0.00000000
3   2.0 0.03054031 0.03251314 0.02508505 0.02204551 0.02442345 0.02039506
          oe         te
1 0.02099201 0.01482256
2 0.00000000 0.01236814
3 0.02389263 0.03057801

[[3]]
  delta         mu       mu_1       mu_0         de       se_1       se_0
1   0.5 0.02171478 0.02022113 0.02384938 0.01994316 0.01563589 0.01994944
2   1.0 0.01816199 0.01898154 0.01692353 0.01269353 0.00000000 0.00000000
3   2.0 0.03812362 0.04109316 0.02773238 0.02453191 0.03244127 0.02247740
          oe         te
1 0.01883569 0.01540940
2 0.00000000 0.01269353
3 0.03086146 0.03846148

[[4]]
  delta         mu       mu_1       mu_0         de       se_1       se_0
1   0.5 0.02479893 0.01984918 0.02834279 0.02302976 0.01571588 0.02355830
2   1.0 0.01766208 0.01779873 0.01708718 0.01234321 0.00000000 0.00000000
3   2.0 0.03049366 0.03194564 0.02485238 0.01957118 0.02473665 0.02072695
          oe         te
1 0.02079678 0.01585403
2 0.00000000 0.01234321
3 0.02469236 0.03110232

[[5]]
  delta         mu       mu_1       mu_0         de       se_1       se_0
1   0.5 0.02344852 0.01937523 0.02683873 0.02069842 0.01467256 0.02149928
2   1.0 0.01695115 0.01792724 0.01600051 0.01301889 0.00000000 0.00000000
3   2.0 0.03357212 0.03672831 0.02464964 0.02573970 0.02798207 0.01945649
          oe         te
1 0.01919855 0.01419309
2 0.00000000 0.01301889
3 0.02632359 0.03465133

[[6]]
  delta         mu       mu_1       mu_0         de       se_1       se_0
1   0.5 0.02427952 0.02038558 0.02751312 0.02227520 0.01570215 0.02199347
2   1.0 0.01718432 0.01693214 0.01731615 0.01196347 0.00000000 0.00000000
3   2.0 0.02703662 0.02863776 0.02204084 0.01940854 0.02173717 0.01756404
          oe         te
1 0.01916728 0.01603022
2 0.00000000 0.01196347
3 0.02149783 0.02817390

[[7]]
  delta         mu       mu_1       mu_0         de       se_1       se_0
1   0.5 0.02173745 0.01810582 0.02515767 0.02076611 0.01435518 0.02165464
2   1.0 0.01669408 0.01732805 0.01591798 0.01240869 0.00000000 0.00000000
3   2.0 0.03017038 0.03350996 0.02286068 0.02525057 0.02652413 0.01790433
          oe         te
1 0.01906107 0.01539653
2 0.00000000 0.01240869
3 0.02385269 0.03153682

[[8]]
  delta         mu       mu_1       mu_0         de       se_1       se_0
1   0.5 0.02734885 0.02024109 0.03170000 0.02382888 0.01617339 0.02835369
2   1.0 0.01743254 0.01808785 0.01678157 0.01288879 0.00000000 0.00000000
3   2.0 0.02716108 0.02853996 0.02243346 0.01991767 0.02096795 0.01765392
          oe         te
1 0.02486547 0.01628069
2 0.00000000 0.01288879
3 0.02106221 0.02772778

[[9]]
  delta         mu       mu_1       mu_0         de       se_1       se_0
1   0.5 0.02475779 0.02049539 0.02784791 0.02081582 0.01589457 0.02156566
2   1.0 0.01748342 0.01810525 0.01711155 0.01288480 0.00000000 0.00000000
3   2.0 0.03087434 0.03323520 0.02555803 0.02421638 0.02521148 0.02022017
          oe         te
1 0.01991302 0.01562270
2 0.00000000 0.01288480
3 0.02417732 0.03184684

[[10]]
  delta         mu       mu_1       mu_0         de       se_1       se_0
1   0.5 0.02810848 0.02312766 0.03086630 0.02196065 0.01928378 0.02426177
2   1.0 0.01676261 0.01673766 0.01686449 0.01226923 0.00000000 0.00000000
3   2.0 0.02876676 0.03093415 0.02403953 0.02292957 0.02456495 0.02109766
          oe         te
1 0.02276591 0.01893257
2 0.00000000 0.01226923
3 0.02413579 0.03131366

[[11]]
  delta         mu       mu_1       mu_0         de       se_1       se_0
1   0.5 0.02393754 0.02203017 0.02653411 0.02311660 0.01777327 0.02266760
2   1.0 0.01877154 0.01953314 0.01758556 0.01285619 0.00000000 0.00000000
3   2.0 0.03707206 0.04185197 0.02646888 0.02974834 0.03336989 0.02026043
          oe         te
1 0.02071028 0.01772758
2 0.00000000 0.01285619
3 0.02954025 0.03891092

[[12]]
  delta         mu       mu_1       mu_0         de       se_1       se_0
1   0.5 0.02343735 0.02105381 0.02605518 0.02144448 0.01579878 0.02029331
2   1.0 0.01695915 0.01731937 0.01623991 0.01181695 0.00000000 0.00000000
3   2.0 0.02806933 0.03052320 0.02237052 0.02229810 0.02460723 0.01817605
          oe         te
1 0.01825044 0.01615791
2 0.00000000 0.01181695
3 0.02305410 0.03033699

[[13]]
  delta         mu       mu_1       mu_0         de       se_1       se_0
1   0.5 0.02537398 0.01961323 0.02917012 0.02213978 0.01445722 0.02492984
2   1.0 0.01720884 0.01814146 0.01593276 0.01192461 0.00000000 0.00000000
3   2.0 0.02941731 0.03165788 0.02357436 0.02169098 0.02355423 0.01790428
          oe         te
1 0.02143760 0.01440454
2 0.00000000 0.01192461
3 0.02254324 0.02972210

[[14]]
  delta         mu       mu_1       mu_0         de       se_1       se_0
1   0.5 0.02405472 0.02197557 0.02698410 0.02347567 0.01736069 0.02296946
2   1.0 0.01815485 0.01897861 0.01709990 0.01299176 0.00000000 0.00000000
3   2.0 0.03639753 0.04177888 0.02369378 0.03277885 0.03645812 0.01922713
          oe         te
1 0.02037228 0.01763015
2 0.00000000 0.01299176
3 0.03176313 0.04140372

[[15]]
  delta         mu       mu_1       mu_0         de       se_1       se_0
1   0.5 0.02301964 0.01948309 0.02598648 0.02064482 0.01544816 0.02184608
2   1.0 0.01633465 0.01676526 0.01601552 0.01187294 0.00000000 0.00000000
3   2.0 0.03208434 0.03548029 0.02407159 0.02526986 0.02942021 0.01961340
          oe         te
1 0.01971348 0.01542871
2 0.00000000 0.01187294
3 0.02711516 0.03490171

[[16]]
  delta         mu       mu_1       mu_0         de       se_1       se_0
1   0.5 0.02339403 0.02009378 0.02569762 0.01893542 0.01547519 0.02085221
2   1.0 0.01773579 0.01781645 0.01777393 0.01235871 0.00000000 0.00000000
3   2.0 0.03422723 0.03642757 0.02636976 0.02399594 0.02980497 0.02197599
          oe         te
1 0.01902337 0.01597972
2 0.00000000 0.01235871
3 0.02866749 0.03552677

[[17]]
  delta         mu       mu_1       mu_0         de       se_1       se_0
1   0.5 0.02585571 0.01931234 0.02978497 0.02133779 0.01481652 0.02387761
2   1.0 0.01698618 0.01718078 0.01672023 0.01257871 0.00000000 0.00000000
3   2.0 0.02916243 0.03059444 0.02534372 0.02177013 0.02294674 0.02052384
          oe         te
1 0.02100362 0.01416507
2 0.00000000 0.01257871
3 0.02276757 0.02938214

[[18]]
  delta         mu       mu_1       mu_0         de      se_1       se_0
1   0.5 0.02407586 0.02018845 0.02717214 0.02117889 0.0153047 0.02224313
2   1.0 0.01687678 0.01696770 0.01685179 0.01267059 0.0000000 0.00000000
3   2.0 0.02926809 0.03137724 0.02324831 0.02240411 0.0258359 0.01938293
          oe         te
1 0.01974479 0.01583463
2 0.00000000 0.01267059
3 0.02508678 0.03238678

[[19]]
  delta         mu       mu_1       mu_0         de       se_1       se_0
1   0.5 0.02435971 0.01847851 0.03288369 0.03268927 0.01554886 0.02777575
2   1.0 0.01624869 0.01710921 0.01617434 0.01308343 0.00000000 0.00000000
3   2.0 0.02866079 0.03129577 0.02157855 0.02146334 0.02349543 0.01790128
          oe         te
1 0.02108001 0.01635438
2 0.00000000 0.01308343
3 0.02298515 0.03084720

[[20]]
  delta         mu       mu_1       mu_0         de       se_1       se_0
1   0.5 0.02700773 0.02024485 0.03337099 0.02677978 0.01711084 0.02836417
2   1.0 0.01716529 0.01776534 0.01634316 0.01227312 0.00000000 0.00000000
3   2.0 0.02870389 0.03056046 0.02352320 0.02052381 0.02259651 0.01796562
          oe         te
1 0.02358799 0.01636244
2 0.00000000 0.01227312
3 0.02183278 0.02899711

[1] "Total run time was 3365.641 seconds"
