Warning message:
package ‘SuperLearner’ was built under R version 4.1.3 
[1] "[Simulation setting]"
[1] "n: 500"
[1] "deltas: 0.5, 1, 2"
[1] "K: 2"
[1] "r: 100"
[1] "s: 1"
[1] "Sim.id 1"
[1] "Data generated and format changed"
[1] "   Split: 1"
Loading required namespace: nnet
Loading required namespace: ranger
[1] "   Split: 2"
[1] "Estimates and SE estimates computed"
[1] ""
[1] "Sim.id 2"
[1] "Data generated and format changed"
[1] "   Split: 1"
[1] "   Split: 2"
[1] "Estimates and SE estimates computed"
[1] ""
[1] "Sim.id 3"
[1] "Data generated and format changed"
[1] "   Split: 1"
[1] "   Split: 2"
[1] "Estimates and SE estimates computed"
[1] ""
[1] "Sim.id 4"
[1] "Data generated and format changed"
[1] "   Split: 1"
[1] "   Split: 2"
[1] "Estimates and SE estimates computed"
[1] ""
[1] "Sim.id 5"
[1] "Data generated and format changed"
[1] "   Split: 1"
[1] "   Split: 2"
[1] "Estimates and SE estimates computed"
[1] ""
[1] "Sim.id 6"
[1] "Data generated and format changed"
[1] "   Split: 1"
[1] "   Split: 2"
[1] "Estimates and SE estimates computed"
[1] ""
[1] "Sim.id 7"
[1] "Data generated and format changed"
[1] "   Split: 1"
[1] "   Split: 2"
[1] "Estimates and SE estimates computed"
[1] ""
[1] "Sim.id 8"
[1] "Data generated and format changed"
[1] "   Split: 1"
[1] "   Split: 2"
[1] "Estimates and SE estimates computed"
[1] ""
[1] "Sim.id 9"
[1] "Data generated and format changed"
[1] "   Split: 1"
[1] "   Split: 2"
[1] "Estimates and SE estimates computed"
[1] ""
[1] "Sim.id 10"
[1] "Data generated and format changed"
[1] "   Split: 1"
[1] "   Split: 2"
[1] "Estimates and SE estimates computed"
[1] ""
[1] "Sim.id 11"
[1] "Data generated and format changed"
[1] "   Split: 1"
[1] "   Split: 2"
[1] "Estimates and SE estimates computed"
[1] ""
[1] "Sim.id 12"
[1] "Data generated and format changed"
[1] "   Split: 1"
[1] "   Split: 2"
[1] "Estimates and SE estimates computed"
[1] ""
[1] "Sim.id 13"
[1] "Data generated and format changed"
[1] "   Split: 1"
[1] "   Split: 2"
[1] "Estimates and SE estimates computed"
[1] ""
[1] "Sim.id 14"
[1] "Data generated and format changed"
[1] "   Split: 1"
[1] "   Split: 2"
[1] "Estimates and SE estimates computed"
[1] ""
[1] "Sim.id 15"
[1] "Data generated and format changed"
[1] "   Split: 1"
[1] "   Split: 2"
[1] "Estimates and SE estimates computed"
[1] ""
[1] "Sim.id 16"
[1] "Data generated and format changed"
[1] "   Split: 1"
[1] "   Split: 2"
[1] "Estimates and SE estimates computed"
[1] ""
[1] "Sim.id 17"
[1] "Data generated and format changed"
[1] "   Split: 1"
[1] "   Split: 2"
[1] "Estimates and SE estimates computed"
[1] ""
[1] "Sim.id 18"
[1] "Data generated and format changed"
[1] "   Split: 1"
[1] "   Split: 2"
[1] "Estimates and SE estimates computed"
[1] ""
[1] "Sim.id 19"
[1] "Data generated and format changed"
[1] "   Split: 1"
[1] "   Split: 2"
[1] "Estimates and SE estimates computed"
[1] ""
[1] "Sim.id 20"
[1] "Data generated and format changed"
[1] "   Split: 1"
[1] "   Split: 2"
[1] "Estimates and SE estimates computed"
[1] ""
[[1]]
  delta        mu      mu_1      mu_0         de        se_1        se_0
1   0.5 0.7672558 0.6832388 0.8233662 -0.1401274 0.015333584 -0.02070072
2   1.0 0.7451612 0.6679052 0.8440669 -0.1761617 0.000000000  0.00000000
3   2.0 0.7370169 0.6772514 0.8811542 -0.2039028 0.009346131  0.03708724
            oe         te
1  0.022094664 -0.1608281
2  0.000000000 -0.1761617
3 -0.008144299 -0.1668156

[[2]]
  delta        mu      mu_1      mu_0         de        se_1        se_0
1   0.5 0.7796875 0.6818189 0.8564171 -0.1745982  0.02295438  0.03640329
2   1.0 0.7237405 0.6588646 0.8200138 -0.1611493  0.00000000  0.00000000
3   2.0 0.6824752 0.6398326 0.8043304 -0.1644978 -0.01903198 -0.01568347
           oe         te
1  0.05594704 -0.1381949
2  0.00000000 -0.1611493
3 -0.04126521 -0.1801812

[[3]]
  delta        mu      mu_1      mu_0         de        se_1         se_0
1   0.5 0.7545324 0.6632903 0.8244808 -0.1611905 -0.02051937 -0.032240942
2   1.0 0.7570062 0.6838097 0.8567217 -0.1729121  0.00000000  0.000000000
3   2.0 0.7072508 0.6518752 0.8539775 -0.2021023 -0.03193444 -0.002744239
            oe         te
1 -0.002473864 -0.1934314
2  0.000000000 -0.1729121
3 -0.049755420 -0.2048465

[[4]]
  delta        mu      mu_1      mu_0         de         se_1         se_0
1   0.5 0.7857529 0.6791338 0.8499738 -0.1708400 -0.009722162 -0.024205841
2   1.0 0.7738697 0.6888559 0.8741796 -0.1853237  0.000000000  0.000000000
3   2.0 0.7255567 0.6604787 0.8803864 -0.2199077 -0.028377195  0.006206765
           oe         te
1  0.01188318 -0.1950459
2  0.00000000 -0.1853237
3 -0.04831309 -0.2137009

[[5]]
  delta        mu      mu_1      mu_0         de       se_1       se_0
1   0.5 0.8248312 0.7032336 0.8996637 -0.1964301 0.02338732 0.03398368
2   1.0 0.7626032 0.6798462 0.8656800 -0.1858338 0.00000000 0.00000000
3   2.0 0.7573925 0.7005093 0.8829634 -0.1824541 0.02066306 0.01728333
            oe         te
1  0.062228075 -0.1624465
2  0.000000000 -0.1858338
3 -0.005210641 -0.1651707

[[6]]
  delta        mu      mu_1      mu_0         de         se_1         se_0
1   0.5 0.7831340 0.6710586 0.8548906 -0.1838320  0.006618014  0.010630259
2   1.0 0.7395998 0.6644405 0.8442603 -0.1798198  0.000000000  0.000000000
3   2.0 0.6954254 0.6475581 0.8352412 -0.1876831 -0.016882485 -0.009019108
           oe         te
1  0.04353417 -0.1732018
2  0.00000000 -0.1798198
3 -0.04417442 -0.1967022

[[7]]
  delta        mu      mu_1      mu_0         de         se_1         se_0
1   0.5 0.8022969 0.6986071 0.8714226 -0.1728155  0.008412085  0.004005097
2   1.0 0.7675835 0.6901950 0.8674175 -0.1772225  0.000000000  0.000000000
3   2.0 0.7345527 0.6851049 0.8635196 -0.1784147 -0.005090083 -0.003897845
           oe         te
1  0.03471336 -0.1688104
2  0.00000000 -0.1772225
3 -0.03303086 -0.1823126

[[8]]
  delta        mu      mu_1      mu_0         de       se_1        se_0
1   0.5 0.7983272 0.6854751 0.8693964 -0.1839213 0.01955999 0.029521080
2   1.0 0.7393441 0.6659151 0.8398753 -0.1739602 0.00000000 0.000000000
3   2.0 0.7193477 0.6763900 0.8453578 -0.1689678 0.01047489 0.005482539
           oe         te
1  0.05898314 -0.1544002
2  0.00000000 -0.1739602
3 -0.01999644 -0.1634853

[[9]]
  delta        mu      mu_1      mu_0         de         se_1         se_0
1   0.5 0.7848182 0.6639514 0.8742133 -0.2102618 -0.006236468  0.013478033
2   1.0 0.7488373 0.6701879 0.8607353 -0.1905473  0.000000000  0.000000000
3   2.0 0.7272079 0.6779498 0.8553792 -0.1774294  0.007761879 -0.005356012
           oe         te
1  0.03598088 -0.1967838
2  0.00000000 -0.1905473
3 -0.02162944 -0.1827855

[[10]]
  delta        mu      mu_1      mu_0         de        se_1        se_0
1   0.5 0.8009995 0.6782809 0.8849965 -0.2067155  0.02233124  0.02698114
2   1.0 0.7399194 0.6559497 0.8580153 -0.2020656  0.00000000  0.00000000
3   2.0 0.6910831 0.6388156 0.8410042 -0.2021885 -0.01713407 -0.01701116
           oe         te
1  0.06108011 -0.1797344
2  0.00000000 -0.2020656
3 -0.04883629 -0.2191997

[[11]]
  delta        mu      mu_1      mu_0         de        se_1         se_0
1   0.5 0.8211759 0.7307100 0.8824400 -0.1517299 0.028383824  0.019603603
2   1.0 0.7698926 0.7023262 0.8628364 -0.1605102 0.000000000  0.000000000
3   2.0 0.7479718 0.7116575 0.8537804 -0.1421229 0.009331287 -0.009055945
           oe         te
1  0.05128322 -0.1321263
2  0.00000000 -0.1605102
3 -0.02192082 -0.1511789

[[12]]
  delta        mu      mu_1      mu_0         de        se_1         se_0
1   0.5 0.8292444 0.7016768 0.9089243 -0.2072476  0.01295215  0.027967009
2   1.0 0.7750516 0.6887246 0.8809573 -0.1922327  0.00000000  0.000000000
3   2.0 0.7327802 0.6725384 0.8755750 -0.2030365 -0.01618616 -0.005382371
           oe         te
1  0.05419281 -0.1792806
2  0.00000000 -0.1922327
3 -0.04227138 -0.2084189

[[13]]
  delta        mu      mu_1      mu_0         de         se_1        se_0
1   0.5 0.7614830 0.6702159 0.8252664 -0.1550505  0.005907885 -0.03367855
2   1.0 0.7480656 0.6643080 0.8589450 -0.1946370  0.000000000  0.00000000
3   2.0 0.6681160 0.6042257 0.8412067 -0.2369810 -0.060082267 -0.01773828
           oe         te
1  0.01341737 -0.1887291
2  0.00000000 -0.1946370
3 -0.07994967 -0.2547192

[[14]]
  delta        mu      mu_1      mu_0         de        se_1       se_0
1   0.5 0.8052629 0.6813171 0.8848148 -0.2034977  0.02187229 0.03509771
2   1.0 0.7410202 0.6594448 0.8497171 -0.1902723  0.00000000 0.00000000
3   2.0 0.6953848 0.6288417 0.8637520 -0.2349103 -0.03060310 0.01403494
           oe         te
1  0.06424268 -0.1684000
2  0.00000000 -0.1902723
3 -0.04563539 -0.2208754

[[15]]
  delta        mu      mu_1      mu_0         de         se_1          se_0
1   0.5 0.7822214 0.6762468 0.8544095 -0.1781627  0.001076602 -0.0005159076
2   1.0 0.7525069 0.6751702 0.8549254 -0.1797552  0.000000000  0.0000000000
3   2.0 0.7004533 0.6496590 0.8352581 -0.1855991 -0.025511215 -0.0196673507
           oe         te
1  0.02971446 -0.1786786
2  0.00000000 -0.1797552
3 -0.05205359 -0.2052664

[[16]]
  delta        mu      mu_1      mu_0         de       se_1        se_0
1   0.5 0.8021209 0.6754715 0.8825560 -0.2070845 0.01927543 0.033322505
2   1.0 0.7390189 0.6561961 0.8492335 -0.1930375 0.00000000 0.000000000
3   2.0 0.7127502 0.6578524 0.8527324 -0.1948801 0.00165630 0.003498914
           oe         te
1  0.06310197 -0.1737620
2  0.00000000 -0.1930375
3 -0.02626872 -0.1913812

[[17]]
  delta        mu      mu_1      mu_0         de        se_1         se_0
1   0.5 0.7674936 0.6573475 0.8440525 -0.1867049  0.01299855  0.004524576
2   1.0 0.7260460 0.6443490 0.8395279 -0.1951789  0.00000000  0.000000000
3   2.0 0.6658114 0.6116789 0.8238658 -0.2121869 -0.03267013 -0.015662084
           oe         te
1  0.04144754 -0.1821803
2  0.00000000 -0.1951789
3 -0.06023467 -0.2278490

[[18]]
  delta        mu      mu_1      mu_0         de        se_1         se_0
1   0.5 0.7890177 0.6934127 0.8537994 -0.1603868  0.01373314 -0.001386868
2   1.0 0.7551620 0.6796795 0.8551863 -0.1755068  0.00000000  0.000000000
3   2.0 0.7321628 0.6772515 0.8706131 -0.1933617 -0.00242806  0.015426835
           oe         te
1  0.03385571 -0.1617736
2  0.00000000 -0.1755068
3 -0.02299924 -0.1779348

[[19]]
  delta        mu      mu_1      mu_0         de        se_1         se_0
1   0.5 0.8098282 0.7078738 0.8748961 -0.1670223  0.04035162  0.011890971
2   1.0 0.7537447 0.6675222 0.8630052 -0.1954829  0.00000000  0.000000000
3   2.0 0.6861033 0.6205520 0.8545992 -0.2340472 -0.04697026 -0.008405956
           oe         te
1  0.05608347 -0.1551313
2  0.00000000 -0.1954829
3 -0.06764140 -0.2424532

[[20]]
  delta        mu      mu_1      mu_0         de        se_1         se_0
1   0.5 0.8048366 0.7081686 0.8687093 -0.1605407  0.01705172 -0.011118736
2   1.0 0.7738585 0.6911169 0.8798281 -0.1887112  0.00000000  0.000000000
3   2.0 0.7163091 0.6545346 0.8717761 -0.2172416 -0.03658231 -0.008051919
           oe         te
1  0.03097804 -0.1716595
2  0.00000000 -0.1887112
3 -0.05754940 -0.2252935

[[1]]
  delta         mu       mu_1       mu_0         de       se_1       se_0
1   0.5 0.02442789 0.02129690 0.02842428 0.02435633 0.01808364 0.02344874
2   1.0 0.01649701 0.01700330 0.01614169 0.01233281 0.00000000 0.00000000
3   2.0 0.02865236 0.03066176 0.02294195 0.02115518 0.02329338 0.01850425
          oe         te
1 0.02059191 0.01754651
2 0.00000000 0.01233281
3 0.02288653 0.02994242

[[2]]
  delta         mu       mu_1       mu_0         de       se_1       se_0
1   0.5 0.02760046 0.01992201 0.03209878 0.02441192 0.01551030 0.02690143
2   1.0 0.01714915 0.01750800 0.01665970 0.01261192 0.00000000 0.00000000
3   2.0 0.03227586 0.03437975 0.02434330 0.02061802 0.02641151 0.01948648
          oe         te
1 0.02367327 0.01537944
2 0.00000000 0.01261192
3 0.02550232 0.03244018

[[3]]
  delta         mu       mu_1       mu_0         de       se_1       se_0
1   0.5 0.02340811 0.02055460 0.02692923 0.02436096 0.01807781 0.02307561
2   1.0 0.01857093 0.01880673 0.01779504 0.01272851 0.00000000 0.00000000
3   2.0 0.03462338 0.03698787 0.02726596 0.02518780 0.02860481 0.02135999
          oe         te
1 0.02044277 0.01779753
2 0.00000000 0.01272851
3 0.02736505 0.03477770

[[4]]
  delta         mu       mu_1       mu_0         de       se_1       se_0
1   0.5 0.02416648 0.02030132 0.02747073 0.02146066 0.01629552 0.02235993
2   1.0 0.01621459 0.01676193 0.01568683 0.01250035 0.00000000 0.00000000
3   2.0 0.02875907 0.03081379 0.02312209 0.02150381 0.02423174 0.01862225
          oe         te
1 0.02018394 0.01684694
2 0.00000000 0.01250035
3 0.02323426 0.02994690

[[5]]
  delta         mu       mu_1       mu_0         de       se_1       se_0
1   0.5 0.02560887 0.02024004 0.02946339 0.02323565 0.01609390 0.02476453
2   1.0 0.01701434 0.01778303 0.01631078 0.01285526 0.00000000 0.00000000
3   2.0 0.03467967 0.03641702 0.02794347 0.02357166 0.02895333 0.02354129
          oe         te
1 0.02169988 0.01627000
2 0.00000000 0.01285526
3 0.02865532 0.03453318

[[6]]
  delta         mu       mu_1       mu_0         de       se_1       se_0
1   0.5 0.02978225 0.02006807 0.03605619 0.02975458 0.01556258 0.03129037
2   1.0 0.01669029 0.01718556 0.01622015 0.01251122 0.00000000 0.00000000
3   2.0 0.02789278 0.03015568 0.02241116 0.02066459 0.02287894 0.01797744
          oe         te
1 0.02577026 0.01561654
2 0.00000000 0.01251122
3 0.02194048 0.02902798

[[7]]
  delta         mu       mu_1       mu_0         de       se_1       se_0
1   0.5 0.02578405 0.02008811 0.02939422 0.02176738 0.01496286 0.02378237
2   1.0 0.01790561 0.01820516 0.01713804 0.01188445 0.00000000 0.00000000
3   2.0 0.03139128 0.03468486 0.02650198 0.02834437 0.02720929 0.02219331
          oe         te
1 0.02109136 0.01473039
2 0.00000000 0.01188445
3 0.02504839 0.03303264

[[8]]
  delta         mu       mu_1       mu_0         de       se_1       se_0
1   0.5 0.02287450 0.01864930 0.02539866 0.01898371 0.01431605 0.02070270
2   1.0 0.01703907 0.01738909 0.01672171 0.01250354 0.00000000 0.00000000
3   2.0 0.03499673 0.03944031 0.02455392 0.02845191 0.03327071 0.02000962
          oe         te
1 0.01876496 0.01416349
2 0.00000000 0.01250354
3 0.03002064 0.03895116

[[9]]
  delta         mu       mu_1       mu_0         de       se_1       se_0
1   0.5 0.02419582 0.02576211 0.02788086 0.03070799 0.02350318 0.02425703
2   1.0 0.01664980 0.01762084 0.01538562 0.01220081 0.00000000 0.00000000
3   2.0 0.03166701 0.03369103 0.02603455 0.02240305 0.02596630 0.02110772
          oe         te
1 0.02153534 0.02367169
2 0.00000000 0.01220081
3 0.02493867 0.03169228

[[10]]
  delta         mu       mu_1       mu_0         de       se_1       se_0
1   0.5 0.02403888 0.02099042 0.02733662 0.02287732 0.01648316 0.02231982
2   1.0 0.01686674 0.01699923 0.01711683 0.01316935 0.00000000 0.00000000
3   2.0 0.03393993 0.03793751 0.02475835 0.02722814 0.03168123 0.01979646
          oe         te
1 0.01956613 0.01763453
2 0.00000000 0.01316935
3 0.02875552 0.03701936

[[11]]
  delta         mu       mu_1       mu_0         de       se_1       se_0
1   0.5 0.02506975 0.02025133 0.02804272 0.02025966 0.01639402 0.02327592
2   1.0 0.01798450 0.01811709 0.01732963 0.01213880 0.00000000 0.00000000
3   2.0 0.03574062 0.03901483 0.02606793 0.02697630 0.03117796 0.02078700
          oe         te
1 0.02111679 0.01530917
2 0.00000000 0.01213880
3 0.02917217 0.03747710

[[12]]
  delta         mu       mu_1       mu_0         de       se_1       se_0
1   0.5 0.02464301 0.02261969 0.02773422 0.02336222 0.01681322 0.02254937
2   1.0 0.01750525 0.01781582 0.01724720 0.01197827 0.00000000 0.00000000
3   2.0 0.03182234 0.03458209 0.02413103 0.02264434 0.02784782 0.01954812
          oe         te
1 0.01967345 0.01744490
2 0.00000000 0.01197827
3 0.02632448 0.03323338

[[13]]
  delta         mu       mu_1       mu_0         de       se_1       se_0
1   0.5 0.02196613 0.01952600 0.02390838 0.01852810 0.01535420 0.01937806
2   1.0 0.01792446 0.01824793 0.01735098 0.01255154 0.00000000 0.00000000
3   2.0 0.03063501 0.03213923 0.02541257 0.02086110 0.02474752 0.01968226
          oe         te
1 0.01815700 0.01562735
2 0.00000000 0.01255154
3 0.02395982 0.03035595

[[14]]
  delta         mu       mu_1       mu_0         de       se_1       se_0
1   0.5 0.02432310 0.02096142 0.02758782 0.02254243 0.01690458 0.02414041
2   1.0 0.01625585 0.01719608 0.01541443 0.01237432 0.00000000 0.00000000
3   2.0 0.03029613 0.03289817 0.02281946 0.02439313 0.02583148 0.01776993
          oe         te
1 0.02130453 0.01745308
2 0.00000000 0.01237432
3 0.02435541 0.03168813

[[15]]
  delta         mu       mu_1       mu_0         de       se_1       se_0
1   0.5 0.02380699 0.01891325 0.02703755 0.02095287 0.01483218 0.02362087
2   1.0 0.01780214 0.01816651 0.01716812 0.01217844 0.00000000 0.00000000
3   2.0 0.03506580 0.03752675 0.02625011 0.02394990 0.03087352 0.02149127
          oe         te
1 0.02097124 0.01434433
2 0.00000000 0.01217844
3 0.02955331 0.03638819

[[16]]
  delta         mu       mu_1       mu_0         de       se_1       se_0
1   0.5 0.02453768 0.02068183 0.02842204 0.02405971 0.01496434 0.02269652
2   1.0 0.01790504 0.01894777 0.01687555 0.01308841 0.00000000 0.00000000
3   2.0 0.03116809 0.03340421 0.02564029 0.02259794 0.02502467 0.02026997
          oe         te
1 0.01942566 0.01587411
2 0.00000000 0.01308841
3 0.02415559 0.03176086

[[17]]
  delta         mu       mu_1       mu_0         de       se_1       se_0
1   0.5 0.02466744 0.01911207 0.02832922 0.02088381 0.01478957 0.02309261
2   1.0 0.01679956 0.01687580 0.01658314 0.01214284 0.00000000 0.00000000
3   2.0 0.02996291 0.03146079 0.02462038 0.02124850 0.02474501 0.02083767
          oe         te
1 0.02041396 0.01443667
2 0.00000000 0.01214284
3 0.02458823 0.03087343

[[18]]
  delta         mu       mu_1       mu_0         de       se_1       se_0
1   0.5 0.02621381 0.02195724 0.02997767 0.02396095 0.01793812 0.02477825
2   1.0 0.01684757 0.01743270 0.01625924 0.01247462 0.00000000 0.00000000
3   2.0 0.03576488 0.03961709 0.02329197 0.02681040 0.03273835 0.02006897
          oe         te
1 0.02217157 0.01766440
2 0.00000000 0.01247462
3 0.03029412 0.03835825

[[19]]
  delta         mu       mu_1       mu_0         de       se_1       se_0
1   0.5 0.02403686 0.01954052 0.02879220 0.02589941 0.01604181 0.02348212
2   1.0 0.01669953 0.01716370 0.01661258 0.01314237 0.00000000 0.00000000
3   2.0 0.02850801 0.03131562 0.02369109 0.02439994 0.02518650 0.01939046
          oe         te
1 0.02003675 0.01747754
2 0.00000000 0.01314237
3 0.02334817 0.03124997

[[20]]
  delta         mu       mu_1       mu_0         de       se_1       se_0
1   0.5 0.02345529 0.01967284 0.02638701 0.02067026 0.01593203 0.02206452
2   1.0 0.01722545 0.01769191 0.01659222 0.01229264 0.00000000 0.00000000
3   2.0 0.03000109 0.03166239 0.02417286 0.01983115 0.02434592 0.01921845
          oe         te
1 0.02033613 0.01573060
2 0.00000000 0.01229264
3 0.02381206 0.03018967

[[1]]
  delta        mu      mu_1      mu_0         de       se_1        se_0
1   0.5 0.7663659 0.6825551 0.8225951 -0.1400399 0.01377182 -0.02235480
2   1.0 0.7459575 0.6687833 0.8449499 -0.1761666 0.00000000  0.00000000
3   2.0 0.7393671 0.6796305 0.8823062 -0.2026757 0.01084717  0.03735631
            oe         te
1  0.020408460 -0.1623947
2  0.000000000 -0.1761666
3 -0.006590342 -0.1653194

[[2]]
  delta        mu      mu_1      mu_0         de        se_1        se_0
1   0.5 0.7802679 0.6825739 0.8560638 -0.1734898  0.02323400  0.03599055
2   1.0 0.7243498 0.6593399 0.8200732 -0.1607333  0.00000000  0.00000000
3   2.0 0.6832959 0.6404617 0.8048484 -0.1643867 -0.01887826 -0.01522480
           oe         te
1  0.05591817 -0.1374993
2  0.00000000 -0.1607333
3 -0.04105387 -0.1796115

[[3]]
  delta        mu      mu_1      mu_0         de        se_1         se_0
1   0.5 0.7548116 0.6636826 0.8244689 -0.1607863 -0.02023941 -0.032806863
2   1.0 0.7573940 0.6839220 0.8572757 -0.1733537  0.00000000  0.000000000
3   2.0 0.7082352 0.6528719 0.8545584 -0.2016865 -0.03105012 -0.002717363
            oe         te
1 -0.002582364 -0.1935931
2  0.000000000 -0.1733537
3 -0.049158768 -0.2044038

[[4]]
  delta        mu      mu_1      mu_0         de        se_1         se_0
1   0.5 0.7870346 0.6800163 0.8517280 -0.1717116 -0.00872008 -0.022723478
2   1.0 0.7738308 0.6887364 0.8744515 -0.1857150  0.00000000  0.000000000
3   2.0 0.7245005 0.6594693 0.8794813 -0.2200120 -0.02926710  0.005029835
           oe         te
1  0.01320377 -0.1944351
2  0.00000000 -0.1857150
3 -0.04933030 -0.2149821

[[5]]
  delta        mu      mu_1      mu_0         de       se_1       se_0
1   0.5 0.8247186 0.7031605 0.8996426 -0.1964821 0.02410428 0.03444818
2   1.0 0.7618754 0.6790562 0.8651944 -0.1861382 0.00000000 0.00000000
3   2.0 0.7565608 0.7000165 0.8820720 -0.1820555 0.02096025 0.01687760
            oe         te
1  0.062843204 -0.1620339
2  0.000000000 -0.1861382
3 -0.005314633 -0.1651779

[[6]]
  delta        mu      mu_1      mu_0         de         se_1         se_0
1   0.5 0.7837800 0.6707203 0.8564009 -0.1856806  0.006298495  0.011697269
2   1.0 0.7397298 0.6644218 0.8447037 -0.1802818  0.000000000  0.000000000
3   2.0 0.6951462 0.6467201 0.8364770 -0.1897570 -0.017701763 -0.008226645
           oe         te
1  0.04405011 -0.1739833
2  0.00000000 -0.1802818
3 -0.04458366 -0.1979836

[[7]]
  delta        mu      mu_1      mu_0         de         se_1         se_0
1   0.5 0.8025138 0.6986373 0.8717259 -0.1730885  0.008310088  0.004409357
2   1.0 0.7676348 0.6903272 0.8673165 -0.1769893  0.000000000  0.000000000
3   2.0 0.7364259 0.6870028 0.8644699 -0.1774670 -0.003324381 -0.002846613
           oe         te
1  0.03487904 -0.1686792
2  0.00000000 -0.1769893
3 -0.03120887 -0.1803137

[[8]]
  delta        mu      mu_1      mu_0         de        se_1        se_0
1   0.5 0.7974755 0.6843471 0.8690248 -0.1846776 0.018814168 0.029331927
2   1.0 0.7391776 0.6655330 0.8396928 -0.1741599 0.000000000 0.000000000
3   2.0 0.7179197 0.6742190 0.8452788 -0.1710599 0.008686016 0.005585994
           oe         te
1  0.05829791 -0.1553457
2  0.00000000 -0.1741599
3 -0.02125785 -0.1654739

[[9]]
  delta        mu      mu_1      mu_0         de         se_1         se_0
1   0.5 0.7861362 0.6652648 0.8757997 -0.2105349 -0.005243823  0.014125399
2   1.0 0.7495649 0.6705086 0.8616743 -0.1911657  0.000000000  0.000000000
3   2.0 0.7282288 0.6792064 0.8556678 -0.1764614  0.008697831 -0.006006446
           oe         te
1  0.03657127 -0.1964095
2  0.00000000 -0.1911657
3 -0.02133613 -0.1824679

[[10]]
  delta        mu      mu_1      mu_0         de        se_1        se_0
1   0.5 0.8004225 0.6785570 0.8835497 -0.2049927  0.02342944  0.02624277
2   1.0 0.7394019 0.6551275 0.8573069 -0.2021794  0.00000000  0.00000000
3   2.0 0.6888680 0.6360014 0.8400250 -0.2040236 -0.01912609 -0.01728189
           oe         te
1  0.06102059 -0.1787499
2  0.00000000 -0.2021794
3 -0.05053393 -0.2213055

[[11]]
  delta        mu      mu_1      mu_0         de       se_1         se_0
1   0.5 0.8197792 0.7297181 0.8807079 -0.1509898 0.02785108  0.018811706
2   1.0 0.7690982 0.7018670 0.8618962 -0.1600292 0.00000000  0.000000000
3   2.0 0.7515092 0.7157046 0.8544482 -0.1387436 0.01383763 -0.007447971
           oe         te
1  0.05068106 -0.1321781
2  0.00000000 -0.1600292
3 -0.01758896 -0.1461915

[[12]]
  delta        mu      mu_1      mu_0         de        se_1        se_0
1   0.5 0.8287201 0.7015147 0.9083358 -0.2068211  0.01306274  0.02801121
2   1.0 0.7745885 0.6884519 0.8803246 -0.1918727  0.00000000  0.00000000
3   2.0 0.7323457 0.6725160 0.8743187 -0.2018027 -0.01593590 -0.00600590
           oe         te
1  0.05413159 -0.1788099
2  0.00000000 -0.1918727
3 -0.04224279 -0.2078086

[[13]]
  delta        mu      mu_1      mu_0         de         se_1        se_0
1   0.5 0.7597686 0.6680338 0.8238313 -0.1557976  0.003610971 -0.03481764
2   1.0 0.7481305 0.6644228 0.8586490 -0.1942262  0.000000000  0.00000000
3   2.0 0.6674744 0.6024798 0.8420269 -0.2395472 -0.061943024 -0.01662207
           oe         te
1  0.01163808 -0.1906152
2  0.00000000 -0.1942262
3 -0.08065615 -0.2561692

[[14]]
  delta        mu      mu_1      mu_0         de        se_1       se_0
1   0.5 0.8018402 0.6773651 0.8819869 -0.2046218  0.01708725 0.03306975
2   1.0 0.7410468 0.6602778 0.8489171 -0.1886393  0.00000000 0.00000000
3   2.0 0.6982714 0.6327426 0.8639459 -0.2312033 -0.02753523 0.01502880
           oe         te
1  0.06079332 -0.1715521
2  0.00000000 -0.1886393
3 -0.04277541 -0.2161745

[[15]]
  delta        mu      mu_1      mu_0         de         se_1         se_0
1   0.5 0.7882867 0.6787803 0.8602939 -0.1815135  0.003577873  0.004116888
2   1.0 0.7539583 0.6752024 0.8561770 -0.1809745  0.000000000  0.000000000
3   2.0 0.6990412 0.6475243 0.8349891 -0.1874649 -0.027678173 -0.021187832
           oe         te
1  0.03432836 -0.1773967
2  0.00000000 -0.1809745
3 -0.05491713 -0.2086527

[[16]]
  delta        mu      mu_1      mu_0         de        se_1        se_0
1   0.5 0.7986673 0.6730620 0.8791803 -0.2061183 0.017982530 0.031224295
2   1.0 0.7375609 0.6550794 0.8479560 -0.1928766 0.000000000 0.000000000
3   2.0 0.7120622 0.6575676 0.8523774 -0.1948098 0.002488148 0.004421397
           oe         te
1  0.06110631 -0.1748940
2  0.00000000 -0.1928766
3 -0.02549872 -0.1903884

[[17]]
  delta        mu      mu_1      mu_0         de        se_1         se_0
1   0.5 0.7655370 0.6554132 0.8421771 -0.1867639  0.01288521  0.005124946
2   1.0 0.7236135 0.6425279 0.8370521 -0.1945242  0.00000000  0.000000000
3   2.0 0.6652943 0.6119024 0.8221304 -0.2102279 -0.03062551 -0.014921756
           oe         te
1  0.04192345 -0.1816390
2  0.00000000 -0.1945242
3 -0.05831916 -0.2251497

[[18]]
  delta        mu      mu_1      mu_0         de          se_1         se_0
1   0.5 0.7866076 0.6915961 0.8519615 -0.1603654  1.214569e-02 -0.002916653
2   1.0 0.7548364 0.6794504 0.8548782 -0.1754278  0.000000e+00  0.000000000
3   2.0 0.7342032 0.6794338 0.8716132 -0.1921794 -1.660728e-05  0.016735009
           oe         te
1  0.03177120 -0.1632821
2  0.00000000 -0.1754278
3 -0.02063319 -0.1754444

[[19]]
  delta        mu      mu_1      mu_0         de        se_1         se_0
1   0.5 0.8097389 0.7069749 0.8771606 -0.1701858  0.03946673  0.014727575
2   1.0 0.7531221 0.6675081 0.8624331 -0.1949249  0.00000000  0.000000000
3   2.0 0.6861191 0.6193866 0.8580369 -0.2386503 -0.04812151 -0.004396176
           oe         te
1  0.05661684 -0.1554582
2  0.00000000 -0.1949249
3 -0.06700303 -0.2430464

[[20]]
  delta        mu      mu_1      mu_0         de        se_1         se_0
1   0.5 0.8043323 0.7085728 0.8681698 -0.1595971  0.01759965 -0.011995594
2   1.0 0.7738474 0.6909731 0.8801654 -0.1891923  0.00000000  0.000000000
3   2.0 0.7202348 0.6584577 0.8735028 -0.2150450 -0.03251536 -0.006662659
           oe         te
1  0.03048486 -0.1715927
2  0.00000000 -0.1891923
3 -0.05361257 -0.2217077

[[1]]
  delta         mu       mu_1       mu_0         de       se_1       se_0
1   0.5 0.02406761 0.02133466 0.02799985 0.02451547 0.01814961 0.02314383
2   1.0 0.01634748 0.01685783 0.01599288 0.01223470 0.00000000 0.00000000
3   2.0 0.02871235 0.03077366 0.02281236 0.02129046 0.02361381 0.01842675
          oe         te
1 0.02025692 0.01768721
2 0.00000000 0.01223470
3 0.02310465 0.03008631

[[2]]
  delta         mu       mu_1       mu_0         de       se_1       se_0
1   0.5 0.02754010 0.01987127 0.03196062 0.02426273 0.01553585 0.02682226
2   1.0 0.01715396 0.01753090 0.01662282 0.01259733 0.00000000 0.00000000
3   2.0 0.03254907 0.03473383 0.02438182 0.02085006 0.02668718 0.01946357
          oe         te
1 0.02364667 0.01531493
2 0.00000000 0.01259733
3 0.02571711 0.03274563

[[3]]
  delta         mu       mu_1       mu_0         de       se_1       se_0
1   0.5 0.02346233 0.02052072 0.02703872 0.02444331 0.01806888 0.02323969
2   1.0 0.01854707 0.01878495 0.01777076 0.01270491 0.00000000 0.00000000
3   2.0 0.03455403 0.03693835 0.02722974 0.02519292 0.02858518 0.02130129
          oe         te
1 0.02055339 0.01780990
2 0.00000000 0.01270491
3 0.02730842 0.03473907

[[4]]
  delta         mu       mu_1       mu_0         de       se_1       se_0
1   0.5 0.02458950 0.02045855 0.02806727 0.02169093 0.01647793 0.02299682
2   1.0 0.01620569 0.01676097 0.01565985 0.01250016 0.00000000 0.00000000
3   2.0 0.02859878 0.03062679 0.02302865 0.02135454 0.02405702 0.01852827
          oe         te
1 0.02063640 0.01699702
2 0.00000000 0.01250016
3 0.02307549 0.02974885

[[5]]
  delta         mu       mu_1       mu_0         de       se_1       se_0
1   0.5 0.02543767 0.02021951 0.02922557 0.02304901 0.01617922 0.02456246
2   1.0 0.01690416 0.01773184 0.01616808 0.01281183 0.00000000 0.00000000
3   2.0 0.03491671 0.03675027 0.02781584 0.02356014 0.02932326 0.02342169
          oe         te
1 0.02160381 0.01628056
2 0.00000000 0.01281183
3 0.02891273 0.03488951

[[6]]
  delta         mu       mu_1       mu_0         de       se_1       se_0
1   0.5 0.02989940 0.02006802 0.03606364 0.02945988 0.01560152 0.03134633
2   1.0 0.01671525 0.01720924 0.01622517 0.01248724 0.00000000 0.00000000
3   2.0 0.02788899 0.03010012 0.02238844 0.02052937 0.02279930 0.01793856
          oe         te
1 0.02594443 0.01563146
2 0.00000000 0.01248724
3 0.02189058 0.02893426

[[7]]
  delta         mu       mu_1       mu_0         de       se_1       se_0
1   0.5 0.02579094 0.02009618 0.02944195 0.02181757 0.01501332 0.02383446
2   1.0 0.01795312 0.01830236 0.01711985 0.01191022 0.00000000 0.00000000
3   2.0 0.03194496 0.03553860 0.02630978 0.02898097 0.02798113 0.02196914
          oe         te
1 0.02114585 0.01471103
2 0.00000000 0.01191022
3 0.02555388 0.03386570

[[8]]
  delta         mu       mu_1       mu_0         de       se_1       se_0
1   0.5 0.02269253 0.01864569 0.02516172 0.01879107 0.01438901 0.02053388
2   1.0 0.01708992 0.01749911 0.01667020 0.01245382 0.00000000 0.00000000
3   2.0 0.03505742 0.03944579 0.02449120 0.02824231 0.03315073 0.01990670
          oe         te
1 0.01865366 0.01418287
2 0.00000000 0.01245382
3 0.02994218 0.03882525

[[9]]
  delta         mu       mu_1       mu_0         de       se_1       se_0
1   0.5 0.02416203 0.02631202 0.02787245 0.03163079 0.02402941 0.02428499
2   1.0 0.01661575 0.01762280 0.01529864 0.01220234 0.00000000 0.00000000
3   2.0 0.03196857 0.03407930 0.02603958 0.02262681 0.02639820 0.02120824
          oe         te
1 0.02149043 0.02421367
2 0.00000000 0.01220234
3 0.02530493 0.03211705

[[10]]
  delta         mu       mu_1       mu_0         de       se_1       se_0
1   0.5 0.02408193 0.02099461 0.02742309 0.02294451 0.01656630 0.02242102
2   1.0 0.01687741 0.01703325 0.01709183 0.01315105 0.00000000 0.00000000
3   2.0 0.03385926 0.03781100 0.02487304 0.02705118 0.03142847 0.01983569
         oe         te
1 0.0196518 0.01765428
2 0.0000000 0.01315105
3 0.0285461 0.03678192

[[11]]
  delta         mu       mu_1       mu_0         de       se_1       se_0
1   0.5 0.02487296 0.02009245 0.02793974 0.02028793 0.01624639 0.02329820
2   1.0 0.01797229 0.01812621 0.01727141 0.01213270 0.00000000 0.00000000
3   2.0 0.03606497 0.03950663 0.02600720 0.02747107 0.03176859 0.02076577
          oe         te
1 0.02104301 0.01512919
2 0.00000000 0.01213270
3 0.02952299 0.03794783

[[12]]
  delta         mu       mu_1       mu_0         de       se_1       se_0
1   0.5 0.02459753 0.02258186 0.02769129 0.02333499 0.01684841 0.02261578
2   1.0 0.01750452 0.01783255 0.01724573 0.01199211 0.00000000 0.00000000
3   2.0 0.03184501 0.03466897 0.02400981 0.02277837 0.02792820 0.01940193
          oe         te
1 0.01974197 0.01747198
2 0.00000000 0.01199211
3 0.02633495 0.03333181

[[13]]
  delta         mu       mu_1       mu_0         de       se_1       se_0
1   0.5 0.02217759 0.01971485 0.02414215 0.01849495 0.01552821 0.01956859
2   1.0 0.01797330 0.01830276 0.01741331 0.01261884 0.00000000 0.00000000
3   2.0 0.03096055 0.03269294 0.02542834 0.02176097 0.02511926 0.01961586
         oe         te
1 0.0183702 0.01571930
2 0.0000000 0.01261884
3 0.0241383 0.03087970

[[14]]
  delta         mu       mu_1       mu_0         de       se_1       se_0
1   0.5 0.02487506 0.02164228 0.02802697 0.02253828 0.01773197 0.02450853
2   1.0 0.01639514 0.01735938 0.01547062 0.01238031 0.00000000 0.00000000
3   2.0 0.03052781 0.03320965 0.02280744 0.02465395 0.02615283 0.01774447
          oe         te
1 0.02191486 0.01801695
2 0.00000000 0.01238031
3 0.02457239 0.03202748

[[15]]
  delta         mu       mu_1       mu_0         de       se_1       se_0
1   0.5 0.02331977 0.01883312 0.02642310 0.02042229 0.01457199 0.02287040
2   1.0 0.01796236 0.01837264 0.01724257 0.01219914 0.00000000 0.00000000
3   2.0 0.03517676 0.03750864 0.02632174 0.02388970 0.03074100 0.02150525
          oe         te
1 0.02030156 0.01411493
2 0.00000000 0.01219914
3 0.02953071 0.03629664

[[16]]
  delta         mu       mu_1       mu_0         de       se_1       se_0
1   0.5 0.02442053 0.02059930 0.02827580 0.02389720 0.01488212 0.02263178
2   1.0 0.01786306 0.01893246 0.01681572 0.01307759 0.00000000 0.00000000
3   2.0 0.03123921 0.03359858 0.02548570 0.02291683 0.02535380 0.02018872
          oe         te
1 0.01938520 0.01575720
2 0.00000000 0.01307759
3 0.02436634 0.03205849

[[17]]
  delta         mu       mu_1       mu_0         de       se_1       se_0
1   0.5 0.02469409 0.01905161 0.02839895 0.02109104 0.01476932 0.02317954
2   1.0 0.01675462 0.01684455 0.01657255 0.01217053 0.00000000 0.00000000
3   2.0 0.02972503 0.03124251 0.02453662 0.02122571 0.02459748 0.02080712
          oe         te
1 0.02047091 0.01439097
2 0.00000000 0.01217053
3 0.02443323 0.03072222

[[18]]
  delta         mu       mu_1       mu_0         de       se_1       se_0
1   0.5 0.02604004 0.02207719 0.02977589 0.02401610 0.01816485 0.02463838
2   1.0 0.01692277 0.01752712 0.01626814 0.01246209 0.00000000 0.00000000
3   2.0 0.03587121 0.03967685 0.02343980 0.02667043 0.03278306 0.02013909
          oe         te
1 0.02208523 0.01781970
2 0.00000000 0.01246209
3 0.03038969 0.03842803

[[19]]
  delta         mu       mu_1       mu_0         de       se_1       se_0
1   0.5 0.02380826 0.01942414 0.02877005 0.02564954 0.01597244 0.02354583
2   1.0 0.01664858 0.01716764 0.01651547 0.01311425 0.00000000 0.00000000
3   2.0 0.02852544 0.03137308 0.02372851 0.02474504 0.02529644 0.01942578
          oe         te
1 0.01996792 0.01745237
2 0.00000000 0.01311425
3 0.02334544 0.03128839

[[20]]
  delta         mu       mu_1       mu_0         de       se_1       se_0
1   0.5 0.02360190 0.02003987 0.02638145 0.02071363 0.01607587 0.02184146
2   1.0 0.01732350 0.01774744 0.01669175 0.01231220 0.00000000 0.00000000
3   2.0 0.03019504 0.03194641 0.02422103 0.02024113 0.02472384 0.01940178
          oe         te
1 0.02017224 0.01570824
2 0.00000000 0.01231220
3 0.02416059 0.03062023

[1] "Total run time was 3108.207 seconds"
