Warning message:
package ‘SuperLearner’ was built under R version 4.1.3 
[1] "[Simulation setting]"
[1] "n: 500"
[1] "deltas: 0.5, 1, 2"
[1] "K: 2"
[1] "r: 100"
[1] "s: 1"
[1] "Sim.id 1"
[1] "Data generated and format changed"
[1] "   Split: 1"
Loading required namespace: nnet
Loading required namespace: ranger
[1] "   Split: 2"
[1] "Estimates and SE estimates computed"
[1] ""
[1] "Sim.id 2"
[1] "Data generated and format changed"
[1] "   Split: 1"
[1] "   Split: 2"
[1] "Estimates and SE estimates computed"
[1] ""
[1] "Sim.id 3"
[1] "Data generated and format changed"
[1] "   Split: 1"
[1] "   Split: 2"
[1] "Estimates and SE estimates computed"
[1] ""
[1] "Sim.id 4"
[1] "Data generated and format changed"
[1] "   Split: 1"
[1] "   Split: 2"
[1] "Estimates and SE estimates computed"
[1] ""
[1] "Sim.id 5"
[1] "Data generated and format changed"
[1] "   Split: 1"
[1] "   Split: 2"
[1] "Estimates and SE estimates computed"
[1] ""
[1] "Sim.id 6"
[1] "Data generated and format changed"
[1] "   Split: 1"
[1] "   Split: 2"
[1] "Estimates and SE estimates computed"
[1] ""
[1] "Sim.id 7"
[1] "Data generated and format changed"
[1] "   Split: 1"
[1] "   Split: 2"
[1] "Estimates and SE estimates computed"
[1] ""
[1] "Sim.id 8"
[1] "Data generated and format changed"
[1] "   Split: 1"
[1] "   Split: 2"
[1] "Estimates and SE estimates computed"
[1] ""
[1] "Sim.id 9"
[1] "Data generated and format changed"
[1] "   Split: 1"
[1] "   Split: 2"
[1] "Estimates and SE estimates computed"
[1] ""
[1] "Sim.id 10"
[1] "Data generated and format changed"
[1] "   Split: 1"
[1] "   Split: 2"
[1] "Estimates and SE estimates computed"
[1] ""
[1] "Sim.id 11"
[1] "Data generated and format changed"
[1] "   Split: 1"
[1] "   Split: 2"
[1] "Estimates and SE estimates computed"
[1] ""
[1] "Sim.id 12"
[1] "Data generated and format changed"
[1] "   Split: 1"
[1] "   Split: 2"
[1] "Estimates and SE estimates computed"
[1] ""
[1] "Sim.id 13"
[1] "Data generated and format changed"
[1] "   Split: 1"
[1] "   Split: 2"
[1] "Estimates and SE estimates computed"
[1] ""
[1] "Sim.id 14"
[1] "Data generated and format changed"
[1] "   Split: 1"
[1] "   Split: 2"
[1] "Estimates and SE estimates computed"
[1] ""
[1] "Sim.id 15"
[1] "Data generated and format changed"
[1] "   Split: 1"
[1] "   Split: 2"
[1] "Estimates and SE estimates computed"
[1] ""
[1] "Sim.id 16"
[1] "Data generated and format changed"
[1] "   Split: 1"
[1] "   Split: 2"
[1] "Estimates and SE estimates computed"
[1] ""
[1] "Sim.id 17"
[1] "Data generated and format changed"
[1] "   Split: 1"
[1] "   Split: 2"
[1] "Estimates and SE estimates computed"
[1] ""
[1] "Sim.id 18"
[1] "Data generated and format changed"
[1] "   Split: 1"
[1] "   Split: 2"
[1] "Estimates and SE estimates computed"
[1] ""
[1] "Sim.id 19"
[1] "Data generated and format changed"
[1] "   Split: 1"
[1] "   Split: 2"
[1] "Estimates and SE estimates computed"
[1] ""
[1] "Sim.id 20"
[1] "Data generated and format changed"
[1] "   Split: 1"
[1] "   Split: 2"
[1] "Estimates and SE estimates computed"
[1] ""
[[1]]
  delta        mu      mu_1      mu_0         de        se_1        se_0
1   0.5 0.8176174 0.7038230 0.8899426 -0.1861196  0.04066400  0.03980354
2   1.0 0.7451728 0.6631590 0.8501391 -0.1869801  0.00000000  0.00000000
3   2.0 0.6699449 0.6148771 0.8149515 -0.2000743 -0.04828188 -0.03518762
           oe         te
1  0.07244455 -0.1463161
2  0.00000000 -0.1869801
3 -0.07522797 -0.2352619

[[2]]
  delta        mu      mu_1      mu_0         de        se_1        se_0
1   0.5 0.8252115 0.7216518 0.8990351 -0.1773833  0.04106609  0.03426688
2   1.0 0.7584201 0.6805858 0.8647683 -0.1841825  0.00000000  0.00000000
3   2.0 0.6959199 0.6437843 0.8265899 -0.1828056 -0.03680147 -0.03817840
           oe         te
1  0.06679136 -0.1431164
2  0.00000000 -0.1841825
3 -0.06250024 -0.2209840

[[3]]
  delta        mu      mu_1      mu_0         de         se_1         se_0
1   0.5 0.8275306 0.7123742 0.8957030 -0.1833288  0.001431956  0.008341819
2   1.0 0.7919907 0.7109422 0.8873612 -0.1764189  0.000000000  0.000000000
3   2.0 0.7244885 0.6624021 0.8730838 -0.2106817 -0.048540152 -0.014277377
           oe         te
1  0.03553993 -0.1749870
2  0.00000000 -0.1764189
3 -0.06750219 -0.2249591

[[4]]
  delta        mu      mu_1      mu_0         de        se_1        se_0
1   0.5 0.7532585 0.6473135 0.8259944 -0.1786809 -0.02297790 -0.02249767
2   1.0 0.7457880 0.6702914 0.8484921 -0.1782007  0.00000000  0.00000000
3   2.0 0.7519991 0.6978681 0.8874038 -0.1895357  0.02757672  0.03891173
           oe         te
1 0.007470447 -0.2011786
2 0.000000000 -0.1782007
3 0.006211084 -0.1506239

[[5]]
  delta        mu      mu_1      mu_0         de        se_1        se_0
1   0.5 0.8130563 0.7019943 0.8854506 -0.1834563 0.018171587  0.03014290
2   1.0 0.7579782 0.6838227 0.8553077 -0.1714850 0.000000000  0.00000000
3   2.0 0.7289498 0.6864532 0.8324219 -0.1459687 0.002630485 -0.02288582
           oe         te
1  0.05507815 -0.1533134
2  0.00000000 -0.1714850
3 -0.02902838 -0.1688545

[[6]]
  delta        mu      mu_1      mu_0         de       se_1         se_0
1   0.5 0.8064731 0.7134537 0.8696682 -0.1562145 0.01041064 -0.002166741
2   1.0 0.7765637 0.7030431 0.8718349 -0.1687919 0.00000000  0.000000000
3   2.0 0.7912024 0.7516830 0.8873440 -0.1356610 0.04863995  0.015509045
          oe         te
1 0.02990938 -0.1583812
2 0.00000000 -0.1687919
3 0.01463876 -0.1201519

[[7]]
  delta        mu      mu_1      mu_0         de       se_1        se_0
1   0.5 0.7611637 0.6799440 0.8276228 -0.1476788 0.02014939 -0.00300995
2   1.0 0.7271289 0.6597946 0.8306327 -0.1708382 0.00000000  0.00000000
3   2.0 0.7209427 0.6777304 0.8462925 -0.1685621 0.01793587  0.01565979
            oe         te
1  0.034034785 -0.1506888
2  0.000000000 -0.1708382
3 -0.006186187 -0.1529023

[[8]]
  delta        mu      mu_1      mu_0         de        se_1         se_0
1   0.5 0.8020750 0.6956797 0.8722678 -0.1765881  0.02258921  0.009973118
2   1.0 0.7514808 0.6730904 0.8622947 -0.1892042  0.00000000  0.000000000
3   2.0 0.6821641 0.6251694 0.8456027 -0.2204332 -0.04792101 -0.016691978
           oe         te
1  0.05059423 -0.1666150
2  0.00000000 -0.1892042
3 -0.06931667 -0.2371252

[[9]]
  delta        mu      mu_1      mu_0         de         se_1         se_0
1   0.5 0.7799252 0.6778813 0.8542812 -0.1763999 -0.003021623 0.0003304292
2   1.0 0.7521726 0.6809029 0.8539507 -0.1730478  0.000000000 0.0000000000
3   2.0 0.7315446 0.6859592 0.8591639 -0.1732047  0.005056272 0.0052131408
           oe         te
1  0.02775254 -0.1760694
2  0.00000000 -0.1730478
3 -0.02062807 -0.1679915

[[10]]
  delta        mu      mu_1      mu_0         de        se_1         se_0
1   0.5 0.7704136 0.6847044 0.8269003 -0.1421959  0.03716585 -0.008309209
2   1.0 0.7308887 0.6475385 0.8352095 -0.1876709  0.00000000  0.000000000
3   2.0 0.6624861 0.6065089 0.8087198 -0.2022109 -0.04102967 -0.026489727
           oe         te
1  0.03952491 -0.1505051
2  0.00000000 -0.1876709
3 -0.06840259 -0.2287006

[[11]]
  delta        mu      mu_1      mu_0         de         se_1        se_0
1   0.5 0.7686803 0.6732080 0.8361478 -0.1629398 -0.008088952 -0.02541540
2   1.0 0.7591008 0.6812970 0.8615632 -0.1802663  0.000000000  0.00000000
3   2.0 0.7073735 0.6551971 0.8432873 -0.1880902 -0.026099883 -0.01827597
            oe         te
1  0.009579505 -0.1883552
2  0.000000000 -0.1802663
3 -0.051727302 -0.2063661

[[12]]
  delta        mu      mu_1      mu_0         de        se_1         se_0
1   0.5 0.7771826 0.7049612 0.8335543 -0.1285931  0.02820351 -0.005881657
2   1.0 0.7424377 0.6767577 0.8394359 -0.1626783  0.00000000  0.000000000
3   2.0 0.6811689 0.6290857 0.8295559 -0.2004702 -0.04767195 -0.009880052
           oe         te
1  0.03474497 -0.1344748
2  0.00000000 -0.1626783
3 -0.06126875 -0.2103502

[[13]]
  delta        mu      mu_1      mu_0         de       se_1        se_0
1   0.5 0.8202542 0.7116358 0.8938807 -0.1822450 0.01376884 0.015401043
2   1.0 0.7766429 0.6978669 0.8784797 -0.1806128 0.00000000 0.000000000
3   2.0 0.7653048 0.7178326 0.8818940 -0.1640614 0.01996563 0.003414281
           oe         te
1  0.04361134 -0.1668439
2  0.00000000 -0.1806128
3 -0.01133812 -0.1606471

[[14]]
  delta        mu      mu_1      mu_0         de         se_1         se_0
1   0.5 0.7635474 0.6745163 0.8311198 -0.1566035 -0.008535274 -0.039105240
2   1.0 0.7631506 0.6830516 0.8702251 -0.1871735  0.000000000  0.000000000
3   2.0 0.7330653 0.6768471 0.8762602 -0.1994131 -0.006204472  0.006035129
             oe         te
1  0.0003967937 -0.1957088
2  0.0000000000 -0.1871735
3 -0.0300853079 -0.1933780

[[15]]
  delta        mu      mu_1      mu_0         de        se_1        se_0
1   0.5 0.8048369 0.6942350 0.8808182 -0.1865832  0.03840651  0.04229244
2   1.0 0.7339338 0.6558285 0.8385257 -0.1826972  0.00000000  0.00000000
3   2.0 0.6466208 0.5920853 0.7944629 -0.2023777 -0.06374326 -0.04406281
           oe         te
1  0.07090315 -0.1442907
2  0.00000000 -0.1826972
3 -0.08731293 -0.2464405

[[16]]
  delta        mu      mu_1      mu_0         de         se_1        se_0
1   0.5 0.7647459 0.6668660 0.8417473 -0.1748813  0.003218486 -0.01395670
2   1.0 0.7434743 0.6636476 0.8557040 -0.1920564  0.000000000  0.00000000
3   2.0 0.6608062 0.5977177 0.8389085 -0.2411908 -0.065929877 -0.01679554
           oe         te
1  0.02127153 -0.1888380
2  0.00000000 -0.1920564
3 -0.08266809 -0.2579863

[[17]]
  delta        mu      mu_1      mu_0         de        se_1        se_0
1   0.5 0.8111983 0.6962492 0.8841339 -0.1878847  0.04169822  0.04460223
2   1.0 0.7329089 0.6545510 0.8395316 -0.1849807  0.00000000  0.00000000
3   2.0 0.6619504 0.6037079 0.8200337 -0.2163258 -0.05084305 -0.01949797
           oe         te
1  0.07828942 -0.1432825
2  0.00000000 -0.1849807
3 -0.07095844 -0.2358237

[[18]]
  delta        mu      mu_1      mu_0         de       se_1       se_0
1   0.5 0.8066046 0.6924452 0.8826642 -0.1902190 0.03044400 0.05409600
2   1.0 0.7301446 0.6620012 0.8285682 -0.1665670 0.00000000 0.00000000
3   2.0 0.7665944 0.7311598 0.8618607 -0.1307008 0.06915862 0.03329244
          oe          te
1 0.07646003 -0.13612302
2 0.00000000 -0.16656703
3 0.03644987 -0.09740841

[[19]]
  delta        mu      mu_1      mu_0         de        se_1        se_0
1   0.5 0.7741321 0.6800153 0.8369832 -0.1569679 -0.01168832 -0.02712885
2   1.0 0.7680913 0.6917036 0.8641120 -0.1724084  0.00000000  0.00000000
3   2.0 0.7651075 0.7072847 0.8940610 -0.1867763  0.01558108  0.02994900
            oe         te
1  0.006040769 -0.1840967
2  0.000000000 -0.1724084
3 -0.002983815 -0.1568273

[[20]]
  delta        mu      mu_1      mu_0         de         se_1         se_0
1   0.5 0.7819887 0.6827016 0.8522250 -0.1695234 -0.009236741 -0.007815641
2   1.0 0.7628798 0.6919384 0.8600406 -0.1681023  0.000000000  0.000000000
3   2.0 0.7500153 0.7067804 0.8644614 -0.1576810  0.014842011  0.004420809
           oe         te
1  0.01910891 -0.1773390
2  0.00000000 -0.1681023
3 -0.01286451 -0.1532602

[[1]]
  delta         mu       mu_1       mu_0         de       se_1       se_0
1   0.5 0.02452030 0.02093895 0.02738106 0.02070018 0.01506991 0.02325051
2   1.0 0.01784260 0.01847995 0.01719165 0.01271617 0.00000000 0.00000000
3   2.0 0.03362471 0.03742263 0.02429047 0.02785908 0.03138437 0.02063954
          oe         te
1 0.02048209 0.01539500
2 0.00000000 0.01271617
3 0.02893990 0.03713959

[[2]]
  delta         mu       mu_1       mu_0         de       se_1       se_0
1   0.5 0.02252481 0.02099439 0.02483722 0.02151582 0.01696474 0.02143217
2   1.0 0.01805098 0.01849606 0.01731484 0.01262296 0.00000000 0.00000000
3   2.0 0.03227107 0.03528008 0.02507415 0.02619304 0.02756493 0.01866090
          oe         te
1 0.01914191 0.01732857
2 0.00000000 0.01262296
3 0.02563679 0.03398855

[[3]]
  delta         mu       mu_1       mu_0         de       se_1       se_0
1   0.5 0.02413456 0.02215093 0.02568539 0.01924849 0.01702641 0.01938658
2   1.0 0.01842403 0.01899097 0.01752412 0.01248433 0.00000000 0.00000000
3   2.0 0.03024069 0.03268541 0.02281215 0.02244736 0.02514420 0.01795143
          oe         te
1 0.01887362 0.01617724
2 0.00000000 0.01248433
3 0.02405147 0.03147449

[[4]]
  delta         mu       mu_1       mu_0         de       se_1       se_0
1   0.5 0.02454877 0.01973216 0.02844690 0.02152052 0.01582135 0.02461852
2   1.0 0.01729961 0.01807667 0.01640488 0.01264659 0.00000000 0.00000000
3   2.0 0.03763851 0.04142483 0.02669663 0.02825294 0.03392094 0.02170244
          oe         te
1 0.02135084 0.01573961
2 0.00000000 0.01264659
3 0.03138042 0.04008702

[[5]]
  delta         mu       mu_1       mu_0         de       se_1       se_0
1   0.5 0.02324964 0.02059006 0.02589584 0.02071618 0.01614234 0.02086699
2   1.0 0.01680181 0.01748204 0.01634110 0.01205688 0.00000000 0.00000000
3   2.0 0.03101015 0.03390002 0.02344948 0.02275600 0.02587015 0.01894280
          oe         te
1 0.01873440 0.01645971
2 0.00000000 0.01205688
3 0.02469843 0.03221397

[[6]]
  delta         mu       mu_1       mu_0         de       se_1       se_0
1   0.5 0.02789025 0.02269737 0.03070648 0.02267204 0.01819289 0.02522504
2   1.0 0.01739069 0.01755188 0.01709274 0.01219815 0.00000000 0.00000000
3   2.0 0.03456186 0.03763268 0.02656694 0.02512425 0.03037875 0.02166285
          oe         te
1 0.02327238 0.01711587
2 0.00000000 0.01219815
3 0.02852050 0.03575722

[[7]]
  delta         mu       mu_1       mu_0         de       se_1       se_0
1   0.5 0.02196376 0.01925636 0.02414899 0.01867652 0.01601603 0.02039127
2   1.0 0.01733466 0.01770164 0.01659008 0.01171887 0.00000000 0.00000000
3   2.0 0.04027443 0.04551795 0.02592532 0.03430737 0.03910692 0.02079455
          oe         te
1 0.01880061 0.01555910
2 0.00000000 0.01171887
3 0.03498561 0.04440954

[[8]]
  delta         mu       mu_1       mu_0         de       se_1       se_0
1   0.5 0.02265275 0.02045818 0.02511183 0.01994954 0.01559239 0.02142356
2   1.0 0.01799090 0.01879773 0.01682045 0.01257781 0.00000000 0.00000000
3   2.0 0.03229088 0.03483471 0.02530127 0.02412297 0.02782114 0.02015565
          oe         te
1 0.01886690 0.01515824
2 0.00000000 0.01257781
3 0.02620092 0.03380159

[[9]]
  delta         mu       mu_1       mu_0         de       se_1       se_0
1   0.5 0.02297319 0.02024569 0.02688291 0.02451219 0.01687875 0.02345999
2   1.0 0.01804028 0.01876682 0.01715352 0.01300582 0.00000000 0.00000000
3   2.0 0.03928946 0.04339794 0.02671167 0.02915998 0.03561845 0.02135333
          oe         te
1 0.02020158 0.01674693
2 0.00000000 0.01300582
3 0.03278549 0.04163026

[[10]]
  delta         mu       mu_1       mu_0         de       se_1       se_0
1   0.5 0.02395878 0.01958866 0.02697351 0.02076148 0.01412650 0.02236716
2   1.0 0.01718309 0.01733911 0.01688933 0.01223938 0.00000000 0.00000000
3   2.0 0.02954627 0.03196573 0.02315087 0.02232242 0.02585631 0.01860993
          oe         te
1 0.01963698 0.01493439
2 0.00000000 0.01223938
3 0.02430693 0.03112641

[[11]]
  delta         mu       mu_1       mu_0         de       se_1       se_0
1   0.5 0.02192726 0.01792694 0.02450994 0.01840344 0.01482391 0.02002430
2   1.0 0.01685516 0.01737441 0.01633556 0.01246402 0.00000000 0.00000000
3   2.0 0.03312793 0.03674460 0.02409233 0.02593586 0.02976476 0.01915277
          oe         te
1 0.01853972 0.01354815
2 0.00000000 0.01246402
3 0.02753233 0.03613943

[[12]]
  delta         mu       mu_1       mu_0         de       se_1       se_0
1   0.5 0.02658310 0.02166439 0.02917776 0.02092425 0.01745924 0.02420749
2   1.0 0.01814737 0.01821466 0.01754725 0.01235026 0.00000000 0.00000000
3   2.0 0.03290592 0.03511082 0.02533361 0.02244317 0.02822839 0.02026056
          oe         te
1 0.02254710 0.01661883
2 0.00000000 0.01235026
3 0.02707005 0.03407221

[[13]]
  delta         mu       mu_1       mu_0         de       se_1       se_0
1   0.5 0.02273567 0.02051847 0.02537273 0.02122589 0.01529769 0.02146486
2   1.0 0.01748515 0.01797059 0.01667755 0.01219035 0.00000000 0.00000000
3   2.0 0.03204984 0.03528527 0.02620184 0.02826891 0.02885983 0.02204946
          oe         te
1 0.01878393 0.01570903
2 0.00000000 0.01219035
3 0.02676261 0.03468258

[[14]]
  delta         mu       mu_1       mu_0         de       se_1       se_0
1   0.5 0.02213912 0.01885973 0.02482942 0.02037813 0.01487513 0.02087058
2   1.0 0.01743750 0.01782724 0.01659386 0.01210580 0.00000000 0.00000000
3   2.0 0.02850861 0.03021655 0.02338005 0.02132446 0.02324241 0.01831741
          oe         te
1 0.01876380 0.01557717
2 0.00000000 0.01210580
3 0.02237834 0.02874947

[[15]]
  delta         mu       mu_1       mu_0         de       se_1       se_0
1   0.5 0.02322884 0.01944342 0.02574068 0.01864491 0.01536721 0.02086838
2   1.0 0.01732453 0.01758373 0.01708367 0.01186735 0.00000000 0.00000000
3   2.0 0.03004135 0.03287478 0.02381816 0.02457989 0.02562527 0.01829755
          oe         te
1 0.01941331 0.01498825
2 0.00000000 0.01186735
3 0.02376689 0.03157027

[[16]]
  delta         mu       mu_1       mu_0         de       se_1       se_0
1   0.5 0.02341008 0.01996001 0.02646871 0.02050219 0.01597961 0.02276123
2   1.0 0.01751773 0.01801730 0.01645232 0.01267525 0.00000000 0.00000000
3   2.0 0.03328119 0.03619478 0.02529552 0.02478386 0.02854176 0.02118674
          oe         te
1 0.02050340 0.01558997
2 0.00000000 0.01267525
3 0.02696098 0.03485514

[[17]]
  delta         mu       mu_1       mu_0         de       se_1       se_0
1   0.5 0.02691328 0.02056447 0.03207217 0.02495319 0.01603477 0.02718259
2   1.0 0.01668412 0.01731939 0.01603809 0.01261203 0.00000000 0.00000000
3   2.0 0.03869742 0.04400792 0.02436660 0.03146552 0.03802265 0.02094850
          oe         te
1 0.02261384 0.01614763
2 0.00000000 0.01261203
3 0.03397439 0.04334334

[[18]]
  delta         mu       mu_1       mu_0         de       se_1       se_0
1   0.5 0.02881298 0.02155363 0.03259661 0.02331286 0.01757087 0.02773158
2   1.0 0.01815566 0.01829885 0.01768426 0.01203633 0.00000000 0.00000000
3   2.0 0.03451041 0.03858958 0.02444009 0.02567225 0.03228562 0.02086847
          oe         te
1 0.02491224 0.01641716
2 0.00000000 0.01203633
3 0.02972699 0.03800967

[[19]]
  delta         mu       mu_1       mu_0         de       se_1       se_0
1   0.5 0.02108624 0.01798775 0.02400292 0.01828435 0.01471489 0.02098224
2   1.0 0.01664751 0.01786823 0.01590746 0.01241291 0.00000000 0.00000000
3   2.0 0.03385639 0.03698340 0.02669918 0.02447947 0.03148176 0.02343494
          oe         te
1 0.01938234 0.01402630
2 0.00000000 0.01241291
3 0.02956795 0.03668115

[[20]]
  delta         mu       mu_1       mu_0         de       se_1       se_0
1   0.5 0.02444696 0.01940944 0.02811540 0.02203813 0.01651783 0.02454730
2   1.0 0.01752323 0.01794157 0.01680667 0.01251665 0.00000000 0.00000000
3   2.0 0.03560878 0.03904109 0.02576645 0.02626722 0.03157925 0.02069188
          oe         te
1 0.02205132 0.01512277
2 0.00000000 0.01251665
3 0.02912777 0.03703555

[[1]]
  delta        mu      mu_1      mu_0         de        se_1        se_0
1   0.5 0.8174078 0.7040124 0.8896529 -0.1856405  0.04078609  0.03949205
2   1.0 0.7451569 0.6632263 0.8501608 -0.1869345  0.00000000  0.00000000
3   2.0 0.6708412 0.6162830 0.8145454 -0.1982624 -0.04694331 -0.03561544
           oe         te
1  0.07225084 -0.1461484
2  0.00000000 -0.1869345
3 -0.07431571 -0.2338778

[[2]]
  delta        mu      mu_1      mu_0         de        se_1        se_0
1   0.5 0.8247148 0.7217520 0.8982598 -0.1765078  0.04105069  0.03296090
2   1.0 0.7588056 0.6807013 0.8652989 -0.1845976  0.00000000  0.00000000
3   2.0 0.6963134 0.6442486 0.8264942 -0.1822456 -0.03645270 -0.03880468
           oe         te
1  0.06590922 -0.1435469
2  0.00000000 -0.1845976
3 -0.06249213 -0.2210503

[[3]]
  delta        mu      mu_1      mu_0         de         se_1        se_0
1   0.5 0.8301501 0.7132071 0.8989506 -0.1857435  0.003135668  0.01073297
2   1.0 0.7916776 0.7100714 0.8882176 -0.1781462  0.000000000  0.00000000
3   2.0 0.7242355 0.6622762 0.8737577 -0.2114815 -0.047795176 -0.01445989
           oe         te
1  0.03847254 -0.1750105
2  0.00000000 -0.1781462
3 -0.06744206 -0.2259414

[[4]]
  delta        mu      mu_1      mu_0         de        se_1        se_0
1   0.5 0.7505744 0.6464867 0.8226771 -0.1761904 -0.02384340 -0.02573450
2   1.0 0.7455792 0.6703301 0.8484116 -0.1780815  0.00000000  0.00000000
3   2.0 0.7497828 0.6958022 0.8864903 -0.1906881  0.02547205  0.03807868
           oe         te
1 0.004995154 -0.2019249
2 0.000000000 -0.1780815
3 0.004203535 -0.1526094

[[5]]
  delta        mu      mu_1      mu_0         de        se_1        se_0
1   0.5 0.8135205 0.7020796 0.8855271 -0.1834475 0.018187353  0.02997023
2   1.0 0.7580384 0.6838922 0.8555569 -0.1716647 0.000000000  0.00000000
3   2.0 0.7295767 0.6871994 0.8324205 -0.1452211 0.003307209 -0.02313640
           oe         te
1  0.05548214 -0.1534773
2  0.00000000 -0.1716647
3 -0.02846169 -0.1683575

[[6]]
  delta        mu      mu_1      mu_0         de       se_1         se_0
1   0.5 0.8084074 0.7157085 0.8714236 -0.1557151 0.01190809 -0.001683231
2   1.0 0.7775573 0.7038004 0.8731068 -0.1693064 0.00000000  0.000000000
3   2.0 0.7917419 0.7524508 0.8877792 -0.1353284 0.04865039  0.014672401
          oe         te
1 0.03085006 -0.1573983
2 0.00000000 -0.1693064
3 0.01418460 -0.1206560

[[7]]
  delta        mu      mu_1      mu_0         de       se_1         se_0
1   0.5 0.7621017 0.6813578 0.8287458 -0.1473879 0.02195584 -0.002461137
2   1.0 0.7271204 0.6594020 0.8312069 -0.1718049 0.00000000  0.000000000
3   2.0 0.7187395 0.6753816 0.8455803 -0.1701988 0.01597956  0.014373417
            oe         te
1  0.034981237 -0.1498491
2  0.000000000 -0.1718049
3 -0.008380888 -0.1558254

[[8]]
  delta        mu      mu_1      mu_0         de        se_1        se_0
1   0.5 0.8005302 0.6940349 0.8721168 -0.1780819  0.02185024  0.01023297
2   1.0 0.7502390 0.6721846 0.8618838 -0.1896992  0.00000000  0.00000000
3   2.0 0.6827101 0.6261169 0.8459975 -0.2198807 -0.04606776 -0.01588626
           oe         te
1  0.05029112 -0.1678489
2  0.00000000 -0.1896992
3 -0.06752897 -0.2357669

[[9]]
  delta        mu      mu_1      mu_0         de         se_1        se_0
1   0.5 0.7809621 0.6785420 0.8549769 -0.1764349 -0.003343478 0.001100230
2   1.0 0.7529791 0.6818854 0.8538767 -0.1719912  0.000000000 0.000000000
3   2.0 0.7348419 0.6891162 0.8604752 -0.1713590  0.007230755 0.006598505
           oe         te
1  0.02798306 -0.1753347
2  0.00000000 -0.1719912
3 -0.01813716 -0.1647605

[[10]]
  delta        mu      mu_1      mu_0         de        se_1         se_0
1   0.5 0.7696101 0.6839791 0.8261386 -0.1421594  0.03693554 -0.008816025
2   1.0 0.7304917 0.6470436 0.8349546 -0.1879110  0.00000000  0.000000000
3   2.0 0.6618236 0.6056957 0.8087231 -0.2030274 -0.04134788 -0.026231508
           oe         te
1  0.03911843 -0.1509755
2  0.00000000 -0.1879110
3 -0.06866807 -0.2292589

[[11]]
  delta        mu      mu_1      mu_0         de        se_1       se_0
1   0.5 0.7688844 0.6724481 0.8365171 -0.1640690 -0.00720308 -0.0227079
2   1.0 0.7568790 0.6796512 0.8592250 -0.1795738  0.00000000  0.0000000
3   2.0 0.7103427 0.6585911 0.8434991 -0.1849080 -0.02106003 -0.0157259
           oe         te
1  0.01200537 -0.1867769
2  0.00000000 -0.1795738
3 -0.04653630 -0.2006338

[[12]]
  delta        mu      mu_1      mu_0         de        se_1         se_0
1   0.5 0.7775349 0.7053514 0.8336205 -0.1282690  0.02895268 -0.005740088
2   1.0 0.7421995 0.6763988 0.8393606 -0.1629618  0.00000000  0.000000000
3   2.0 0.6802263 0.6284529 0.8278730 -0.1994202 -0.04794590 -0.011487546
           oe         te
1  0.03533535 -0.1340091
2  0.00000000 -0.1629618
3 -0.06197320 -0.2109077

[[13]]
  delta        mu      mu_1      mu_0         de       se_1       se_0
1   0.5 0.8200107 0.7114765 0.8935363 -0.1820598 0.01365530 0.01516116
2   1.0 0.7765827 0.6978212 0.8783752 -0.1805540 0.00000000 0.00000000
3   2.0 0.7652788 0.7177742 0.8819006 -0.1641264 0.01995294 0.00352542
           oe         te
1  0.04342804 -0.1668987
2  0.00000000 -0.1805540
3 -0.01130387 -0.1606010

[[14]]
  delta        mu      mu_1      mu_0         de         se_1         se_0
1   0.5 0.7651102 0.6748934 0.8332527 -0.1583593 -0.008130998 -0.037859565
2   1.0 0.7634736 0.6830244 0.8711123 -0.1880879  0.000000000  0.000000000
3   2.0 0.7331567 0.6771764 0.8762365 -0.1990601 -0.005848039  0.005124226
            oe         te
1  0.001636627 -0.1962189
2  0.000000000 -0.1880879
3 -0.030316902 -0.1939359

[[15]]
  delta        mu      mu_1      mu_0         de        se_1        se_0
1   0.5 0.8051470 0.6947585 0.8810595 -0.1863010  0.03866225  0.04180888
2   1.0 0.7343190 0.6560963 0.8392506 -0.1831544  0.00000000  0.00000000
3   2.0 0.6473188 0.5925621 0.7958187 -0.2032566 -0.06353419 -0.04343195
           oe         te
1  0.07082795 -0.1444921
2  0.00000000 -0.1831544
3 -0.08700021 -0.2466886

[[16]]
  delta        mu      mu_1      mu_0         de         se_1        se_0
1   0.5 0.7657506 0.6680291 0.8420539 -0.1740248  0.004671062 -0.01360425
2   1.0 0.7432922 0.6633580 0.8556581 -0.1923002  0.000000000  0.00000000
3   2.0 0.6600979 0.5969533 0.8384307 -0.2414774 -0.066404700 -0.01722746
           oe         te
1  0.02245841 -0.1876291
2  0.00000000 -0.1923002
3 -0.08319427 -0.2587049

[[17]]
  delta        mu      mu_1      mu_0         de        se_1        se_0
1   0.5 0.8133366 0.6971906 0.8862742 -0.1890837  0.04185506  0.04557423
2   1.0 0.7340831 0.6553355 0.8407000 -0.1853645  0.00000000  0.00000000
3   2.0 0.6614341 0.6032615 0.8198865 -0.2166250 -0.05207403 -0.02081351
           oe         te
1  0.07925346 -0.1435095
2  0.00000000 -0.1853645
3 -0.07264902 -0.2374385

[[18]]
  delta        mu      mu_1      mu_0         de       se_1       se_0
1   0.5 0.8067121 0.6923927 0.8827210 -0.1903283 0.02999116 0.05392013
2   1.0 0.7305603 0.6624015 0.8288009 -0.1663993 0.00000000 0.00000000
3   2.0 0.7679022 0.7322443 0.8632627 -0.1310185 0.06984272 0.03446188
          oe         te
1 0.07615181 -0.1364082
2 0.00000000 -0.1663993
3 0.03734187 -0.0965566

[[19]]
  delta        mu      mu_1      mu_0         de        se_1        se_0
1   0.5 0.7747074 0.6793992 0.8379185 -0.1585192 -0.01163466 -0.02540262
2   1.0 0.7674026 0.6910339 0.8633211 -0.1722872  0.00000000  0.00000000
3   2.0 0.7650562 0.7077621 0.8933901 -0.1856280  0.01672822  0.03006900
            oe         te
1  0.007304855 -0.1839218
2  0.000000000 -0.1722872
3 -0.002346394 -0.1555590

[[20]]
  delta        mu      mu_1      mu_0         de         se_1         se_0
1   0.5 0.7845888 0.6850130 0.8546040 -0.1695910 -0.007371046 -0.006718391
2   1.0 0.7636064 0.6923841 0.8613224 -0.1689383  0.000000000  0.000000000
3   2.0 0.7530579 0.7108394 0.8651976 -0.1543582  0.018455358  0.003875201
           oe         te
1  0.02098243 -0.1763094
2  0.00000000 -0.1689383
3 -0.01054848 -0.1504830

[[1]]
  delta         mu       mu_1       mu_0         de       se_1       se_0
1   0.5 0.02450999 0.02099064 0.02732985 0.02065247 0.01509979 0.02312214
2   1.0 0.01788129 0.01853119 0.01719415 0.01271611 0.00000000 0.00000000
3   2.0 0.03364117 0.03745562 0.02426597 0.02789523 0.03143545 0.02064220
          oe         te
1 0.02042101 0.01537000
2 0.00000000 0.01271611
3 0.02897221 0.03720660

[[2]]
  delta         mu       mu_1       mu_0         de       se_1       se_0
1   0.5 0.02239685 0.02092893 0.02473207 0.02147689 0.01695291 0.02138975
2   1.0 0.01807532 0.01856417 0.01729531 0.01262411 0.00000000 0.00000000
3   2.0 0.03262107 0.03576822 0.02511033 0.02667053 0.02808856 0.01870919
          oe         te
1 0.01910714 0.01726682
2 0.00000000 0.01262411
3 0.02601436 0.03449057

[[3]]
  delta         mu       mu_1       mu_0         de       se_1       se_0
1   0.5 0.02398038 0.02206467 0.02555651 0.01923046 0.01694826 0.01933886
2   1.0 0.01826666 0.01885956 0.01737513 0.01240082 0.00000000 0.00000000
3   2.0 0.03012986 0.03256303 0.02283739 0.02247548 0.02507726 0.01797546
          oe         te
1 0.01876231 0.01620218
2 0.00000000 0.01240082
3 0.02396738 0.03133080

[[4]]
  delta         mu       mu_1       mu_0         de       se_1       se_0
1   0.5 0.02434365 0.01973156 0.02810295 0.02106213 0.01590908 0.02431767
2   1.0 0.01730840 0.01815294 0.01633716 0.01262863 0.00000000 0.00000000
3   2.0 0.03778022 0.04161835 0.02659921 0.02836279 0.03408736 0.02161642
          oe         te
1 0.02124798 0.01570839
2 0.00000000 0.01262863
3 0.03151718 0.04030185

[[5]]
  delta         mu       mu_1       mu_0         de       se_1       se_0
1   0.5 0.02306234 0.02070219 0.02561524 0.02073204 0.01621444 0.02050772
2   1.0 0.01679569 0.01747201 0.01633111 0.01204166 0.00000000 0.00000000
3   2.0 0.03109287 0.03392274 0.02359441 0.02274891 0.02583330 0.01903413
          oe         te
1 0.01844683 0.01665223
2 0.00000000 0.01204166
3 0.02470828 0.03217379

[[6]]
  delta         mu       mu_1       mu_0         de       se_1       se_0
1   0.5 0.02795221 0.02275975 0.03079004 0.02267336 0.01827114 0.02528645
2   1.0 0.01731252 0.01750431 0.01702228 0.01216245 0.00000000 0.00000000
3   2.0 0.03404256 0.03724842 0.02618872 0.02540806 0.03000163 0.02125004
          oe         te
1 0.02329634 0.01721685
2 0.00000000 0.01216245
3 0.02794901 0.03530527

[[7]]
  delta         mu       mu_1       mu_0         de       se_1       se_0
1   0.5 0.02179861 0.01920190 0.02395237 0.01855812 0.01593506 0.02029520
2   1.0 0.01728048 0.01766888 0.01649837 0.01170867 0.00000000 0.00000000
3   2.0 0.04060316 0.04565736 0.02608229 0.03392728 0.03921423 0.02103284
          oe         te
1 0.01867245 0.01546748
2 0.00000000 0.01170867
3 0.03528888 0.04451523

[[8]]
  delta         mu       mu_1       mu_0         de       se_1       se_0
1   0.5 0.02274435 0.02038575 0.02535703 0.02007702 0.01543960 0.02167042
2   1.0 0.01796145 0.01877080 0.01679561 0.01254076 0.00000000 0.00000000
3   2.0 0.03220040 0.03472847 0.02519994 0.02402428 0.02781968 0.02011783
          oe         te
1 0.01894790 0.01501644
2 0.00000000 0.01254076
3 0.02622953 0.03375525

[[9]]
  delta         mu       mu_1       mu_0         de       se_1       se_0
1   0.5 0.02290593 0.02038783 0.02682276 0.02466967 0.01676904 0.02318910
2   1.0 0.01806502 0.01874961 0.01725324 0.01299868 0.00000000 0.00000000
3   2.0 0.03900997 0.04320423 0.02636402 0.02915449 0.03550506 0.02107789
          oe         te
1 0.01982863 0.01677737
2 0.00000000 0.01299868
3 0.03263752 0.04157644

[[10]]
  delta         mu       mu_1       mu_0         de       se_1       se_0
1   0.5 0.02398222 0.01958592 0.02700881 0.02079695 0.01413765 0.02243570
2   1.0 0.01716115 0.01733183 0.01686359 0.01224509 0.00000000 0.00000000
3   2.0 0.02948435 0.03190126 0.02308680 0.02224387 0.02575524 0.01857366
          oe         te
1 0.01969172 0.01493462
2 0.00000000 0.01224509
3 0.02422396 0.03104041

[[11]]
  delta         mu       mu_1       mu_0         de       se_1       se_0
1   0.5 0.02169575 0.01770714 0.02428029 0.01821786 0.01474397 0.01988640
2   1.0 0.01671399 0.01731040 0.01616951 0.01246384 0.00000000 0.00000000
3   2.0 0.03322987 0.03686820 0.02409960 0.02605077 0.02982839 0.01919801
          oe         te
1 0.01843202 0.01339380
2 0.00000000 0.01246384
3 0.02760710 0.03624760

[[12]]
  delta         mu       mu_1       mu_0         de       se_1       se_0
1   0.5 0.02632792 0.02162734 0.02881734 0.02056943 0.01741251 0.02382396
2   1.0 0.01813551 0.01819245 0.01757448 0.01235609 0.00000000 0.00000000
3   2.0 0.03299958 0.03524709 0.02554635 0.02268107 0.02839987 0.02042861
          oe         te
1 0.02229274 0.01657232
2 0.00000000 0.01235609
3 0.02719090 0.03423330

[[13]]
  delta         mu       mu_1       mu_0         de       se_1       se_0
1   0.5 0.02271274 0.02048611 0.02533298 0.02115071 0.01526964 0.02142505
2   1.0 0.01747931 0.01796800 0.01666841 0.01218632 0.00000000 0.00000000
3   2.0 0.03205028 0.03528728 0.02619194 0.02826147 0.02886867 0.02203703
          oe         te
1 0.01876079 0.01567099
2 0.00000000 0.01218632
3 0.02676974 0.03468752

[[14]]
  delta         mu       mu_1       mu_0         de       se_1       se_0
1   0.5 0.02195367 0.01879641 0.02465628 0.02031631 0.01477424 0.02074732
2   1.0 0.01741420 0.01779655 0.01659272 0.01210095 0.00000000 0.00000000
3   2.0 0.02859793 0.03040863 0.02330470 0.02163671 0.02351096 0.01831037
          oe         te
1 0.01857414 0.01554159
2 0.00000000 0.01210095
3 0.02257276 0.02901554

[[15]]
  delta         mu       mu_1       mu_0         de       se_1       se_0
1   0.5 0.02318124 0.01947063 0.02567431 0.01862886 0.01543097 0.02082544
2   1.0 0.01730905 0.01757587 0.01706112 0.01189441 0.00000000 0.00000000
3   2.0 0.02978264 0.03251208 0.02373967 0.02426026 0.02525296 0.01826212
          oe         te
1 0.01938397 0.01509271
2 0.00000000 0.01189441
3 0.02352774 0.03124743

[[16]]
  delta         mu       mu_1       mu_0         de       se_1       se_0
1   0.5 0.02330967 0.01989208 0.02633771 0.02030242 0.01611130 0.02278052
2   1.0 0.01749740 0.01804195 0.01636129 0.01264545 0.00000000 0.00000000
3   2.0 0.03358244 0.03656567 0.02536354 0.02509152 0.02887413 0.02127548
          oe         te
1 0.02056870 0.01563850
2 0.00000000 0.01264545
3 0.02724432 0.03521400

[[17]]
  delta         mu       mu_1       mu_0         de       se_1       se_0
1   0.5 0.02698663 0.02064018 0.03219947 0.02492521 0.01620976 0.02742325
2   1.0 0.01667345 0.01734979 0.01596271 0.01257584 0.00000000 0.00000000
3   2.0 0.03849710 0.04369348 0.02438494 0.03114904 0.03767325 0.02088101
          oe         te
1 0.02279869 0.01625559
2 0.00000000 0.01257584
3 0.03368464 0.04293358

[[18]]
  delta         mu       mu_1       mu_0         de       se_1       se_0
1   0.5 0.02893360 0.02170920 0.03270247 0.02336533 0.01772356 0.02781807
2   1.0 0.01815337 0.01829754 0.01768662 0.01203884 0.00000000 0.00000000
3   2.0 0.03475651 0.03888535 0.02446266 0.02592829 0.03257747 0.02092535
          oe         te
1 0.02501669 0.01654298
2 0.00000000 0.01203884
3 0.02996069 0.03827708

[[19]]
  delta         mu       mu_1       mu_0         de      se_1       se_0
1   0.5 0.02124207 0.01811716 0.02412295 0.01825367 0.0147235 0.02093224
2   1.0 0.01674596 0.01792504 0.01598588 0.01241111 0.0000000 0.00000000
3   2.0 0.03381837 0.03683648 0.02669314 0.02419433 0.0312833 0.02343629
          oe         te
1 0.01934946 0.01398791
2 0.00000000 0.01241111
3 0.02949817 0.03655846

[[20]]
  delta         mu       mu_1       mu_0         de       se_1       se_0
1   0.5 0.02458919 0.01952887 0.02822336 0.02203873 0.01659617 0.02458566
2   1.0 0.01754124 0.01798474 0.01674752 0.01250149 0.00000000 0.00000000
3   2.0 0.03601758 0.03960389 0.02563094 0.02681428 0.03206459 0.02060910
          oe         te
1 0.02213379 0.01506550
2 0.00000000 0.01250149
3 0.02947789 0.03755221

[1] "Total run time was 4970.11 seconds"
