Warning message:
package ‘SuperLearner’ was built under R version 4.1.3 
[1] "[Simulation setting]"
[1] "n: 500"
[1] "deltas: 0.5, 1, 2"
[1] "K: 2"
[1] "r: 100"
[1] "s: 1"
[1] "Sim.id 1"
[1] "Data generated and format changed"
[1] "   Split: 1"
Loading required namespace: nnet
Loading required namespace: ranger
[1] "   Split: 2"
[1] "Estimates and SE estimates computed"
[1] ""
[1] "Sim.id 2"
[1] "Data generated and format changed"
[1] "   Split: 1"
[1] "   Split: 2"
[1] "Estimates and SE estimates computed"
[1] ""
[1] "Sim.id 3"
[1] "Data generated and format changed"
[1] "   Split: 1"
[1] "   Split: 2"
[1] "Estimates and SE estimates computed"
[1] ""
[1] "Sim.id 4"
[1] "Data generated and format changed"
[1] "   Split: 1"
[1] "   Split: 2"
[1] "Estimates and SE estimates computed"
[1] ""
[1] "Sim.id 5"
[1] "Data generated and format changed"
[1] "   Split: 1"
[1] "   Split: 2"
[1] "Estimates and SE estimates computed"
[1] ""
[1] "Sim.id 6"
[1] "Data generated and format changed"
[1] "   Split: 1"
[1] "   Split: 2"
[1] "Estimates and SE estimates computed"
[1] ""
[1] "Sim.id 7"
[1] "Data generated and format changed"
[1] "   Split: 1"
[1] "   Split: 2"
[1] "Estimates and SE estimates computed"
[1] ""
[1] "Sim.id 8"
[1] "Data generated and format changed"
[1] "   Split: 1"
[1] "   Split: 2"
[1] "Estimates and SE estimates computed"
[1] ""
[1] "Sim.id 9"
[1] "Data generated and format changed"
[1] "   Split: 1"
[1] "   Split: 2"
[1] "Estimates and SE estimates computed"
[1] ""
[1] "Sim.id 10"
[1] "Data generated and format changed"
[1] "   Split: 1"
[1] "   Split: 2"
[1] "Estimates and SE estimates computed"
[1] ""
[1] "Sim.id 11"
[1] "Data generated and format changed"
[1] "   Split: 1"
[1] "   Split: 2"
[1] "Estimates and SE estimates computed"
[1] ""
[1] "Sim.id 12"
[1] "Data generated and format changed"
[1] "   Split: 1"
[1] "   Split: 2"
[1] "Estimates and SE estimates computed"
[1] ""
[1] "Sim.id 13"
[1] "Data generated and format changed"
[1] "   Split: 1"
[1] "   Split: 2"
[1] "Estimates and SE estimates computed"
[1] ""
[1] "Sim.id 14"
[1] "Data generated and format changed"
[1] "   Split: 1"
[1] "   Split: 2"
[1] "Estimates and SE estimates computed"
[1] ""
[1] "Sim.id 15"
[1] "Data generated and format changed"
[1] "   Split: 1"
[1] "   Split: 2"
[1] "Estimates and SE estimates computed"
[1] ""
[1] "Sim.id 16"
[1] "Data generated and format changed"
[1] "   Split: 1"
[1] "   Split: 2"
[1] "Estimates and SE estimates computed"
[1] ""
[1] "Sim.id 17"
[1] "Data generated and format changed"
[1] "   Split: 1"
[1] "   Split: 2"
[1] "Estimates and SE estimates computed"
[1] ""
[1] "Sim.id 18"
[1] "Data generated and format changed"
[1] "   Split: 1"
[1] "   Split: 2"
[1] "Estimates and SE estimates computed"
[1] ""
[1] "Sim.id 19"
[1] "Data generated and format changed"
[1] "   Split: 1"
[1] "   Split: 2"
[1] "Estimates and SE estimates computed"
[1] ""
[1] "Sim.id 20"
[1] "Data generated and format changed"
[1] "   Split: 1"
[1] "   Split: 2"
[1] "Estimates and SE estimates computed"
[1] ""
[[1]]
  delta        mu      mu_1      mu_0         de        se_1        se_0
1   0.5 0.8305307 0.7140274 0.8989882 -0.1849607  0.01749202  0.01042841
2   1.0 0.7841575 0.6965354 0.8885598 -0.1920243  0.00000000  0.00000000
3   2.0 0.7236034 0.6641099 0.8699932 -0.2058833 -0.03242549 -0.01856653
           oe         te
1  0.04637328 -0.1745323
2  0.00000000 -0.1920243
3 -0.06055403 -0.2244498

[[2]]
  delta        mu      mu_1      mu_0         de         se_1         se_0
1   0.5 0.8014355 0.7086983 0.8639906 -0.1552924  0.025093240 -0.004840919
2   1.0 0.7652483 0.6836050 0.8688315 -0.1852265  0.000000000  0.000000000
3   2.0 0.7284006 0.6792010 0.8520014 -0.1728004 -0.004404043 -0.016830155
           oe         te
1  0.03618723 -0.1601333
2  0.00000000 -0.1852265
3 -0.03684774 -0.1896306

[[3]]
  delta        mu      mu_1      mu_0         de         se_1        se_0
1   0.5 0.7635101 0.6665319 0.8361794 -0.1696475 -0.001062171 -0.01375891
2   1.0 0.7442454 0.6675940 0.8499383 -0.1823443  0.000000000  0.00000000
3   2.0 0.6766295 0.6257059 0.8191418 -0.1934359 -0.041888098 -0.03079647
           oe         te
1  0.01926466 -0.1834065
2  0.00000000 -0.1823443
3 -0.06761590 -0.2242324

[[4]]
  delta        mu      mu_1      mu_0         de         se_1         se_0
1   0.5 0.7906467 0.6848585 0.8598208 -0.1749623 -0.003839472 -0.009449313
2   1.0 0.7697866 0.6886980 0.8692701 -0.1805722  0.000000000  0.000000000
3   2.0 0.7407322 0.6781328 0.8785422 -0.2004094 -0.010565107  0.009272115
           oe         te
1  0.02086012 -0.1844116
2  0.00000000 -0.1805722
3 -0.02905432 -0.1911373

[[5]]
  delta        mu      mu_1      mu_0         de        se_1        se_0
1   0.5 0.8218872 0.7060634 0.8972153 -0.1911518  0.05358562  0.05557511
2   1.0 0.7323429 0.6524778 0.8416402 -0.1891623  0.00000000  0.00000000
3   2.0 0.6734481 0.6163461 0.8260485 -0.2097024 -0.03613172 -0.01559170
           oe         te
1  0.08954438 -0.1355767
2  0.00000000 -0.1891623
3 -0.05889472 -0.2252941

[[6]]
  delta        mu      mu_1      mu_0         de         se_1         se_0
1   0.5 0.8124384 0.7075241 0.8889645 -0.1814404  0.026015161  0.038814986
2   1.0 0.7494728 0.6815090 0.8501495 -0.1686405  0.000000000  0.000000000
3   2.0 0.7216425 0.6782635 0.8488938 -0.1706304 -0.003245483 -0.001255652
           oe         te
1  0.06296565 -0.1426254
2  0.00000000 -0.1686405
3 -0.02783032 -0.1718860

[[7]]
  delta        mu      mu_1      mu_0         de        se_1        se_0
1   0.5 0.8759461 0.7402244 0.9553088 -0.2150844  0.05499549  0.07242711
2   1.0 0.7735916 0.6852289 0.8828817 -0.1976528  0.00000000  0.00000000
3   2.0 0.6635320 0.6020890 0.8267905 -0.2247015 -0.08313991 -0.05609125
          oe         te
1  0.1023545 -0.1426573
2  0.0000000 -0.1976528
3 -0.1100596 -0.2807927

[[8]]
  delta        mu      mu_1      mu_0         de        se_1        se_0
1   0.5 0.8320003 0.7043045 0.9150354 -0.2107309  0.04515857  0.05475771
2   1.0 0.7444578 0.6591460 0.8602777 -0.2011317  0.00000000  0.00000000
3   2.0 0.6552934 0.5944018 0.8187835 -0.2243818 -0.06474421 -0.04149418
           oe         te
1  0.08754250 -0.1559732
2  0.00000000 -0.2011317
3 -0.08916434 -0.2658759

[[9]]
  delta        mu      mu_1      mu_0         de        se_1         se_0
1   0.5 0.7834724 0.6671441 0.8674477 -0.2003036  0.02709567  0.023025336
2   1.0 0.7227318 0.6400484 0.8444224 -0.2043739  0.00000000  0.000000000
3   2.0 0.6807454 0.6262707 0.8352298 -0.2089591 -0.01377772 -0.009192587
           oe         te
1  0.06074056 -0.1772783
2  0.00000000 -0.2043739
3 -0.04198639 -0.2181517

[[10]]
  delta        mu      mu_1      mu_0         de        se_1         se_0
1   0.5 0.8239955 0.7350030 0.8827972 -0.1477942  0.04312483  0.019949075
2   1.0 0.7667444 0.6918782 0.8628482 -0.1709700  0.00000000  0.000000000
3   2.0 0.6612689 0.5879670 0.8530311 -0.2650641 -0.10391116 -0.009817048
           oe         te
1  0.05725109 -0.1278451
2  0.00000000 -0.1709700
3 -0.10547554 -0.2748811

[[11]]
  delta        mu      mu_1      mu_0         de          se_1        se_0
1   0.5 0.7677894 0.6747925 0.8325414 -0.1577489  0.0009550475 -0.01168961
2   1.0 0.7457898 0.6738374 0.8442310 -0.1703936  0.0000000000  0.00000000
3   2.0 0.6953672 0.6421552 0.8419039 -0.1997488 -0.0316822754 -0.00232708
           oe         te
1  0.02199952 -0.1694385
2  0.00000000 -0.1703936
3 -0.05042263 -0.2020759

[[12]]
  delta        mu      mu_1      mu_0         de       se_1        se_0
1   0.5 0.8162935 0.6926790 0.8974694 -0.2047905 0.03622144  0.06864839
2   1.0 0.7278602 0.6564575 0.8288210 -0.1723635 0.00000000  0.00000000
3   2.0 0.7151418 0.6762481 0.8164912 -0.1402431 0.01979055 -0.01232985
           oe         te
1  0.08843333 -0.1361421
2  0.00000000 -0.1723635
3 -0.01271837 -0.1525730

[[13]]
  delta        mu      mu_1      mu_0         de         se_1        se_0
1   0.5 0.7767677 0.6635899 0.8491729 -0.1855830 -0.009488844 0.007496918
2   1.0 0.7473929 0.6730788 0.8416760 -0.1685972  0.000000000 0.000000000
3   2.0 0.7364582 0.6811459 0.8654201 -0.1842742  0.008067108 0.023744107
           oe         te
1  0.02937483 -0.1780861
2  0.00000000 -0.1685972
3 -0.01093472 -0.1605301

[[14]]
  delta        mu      mu_1      mu_0         de        se_1       se_0
1   0.5 0.8171032 0.6897940 0.9018538 -0.2120598 0.006451792 0.04044382
2   1.0 0.7617203 0.6833422 0.8614099 -0.1780677 0.000000000 0.00000000
3   2.0 0.7693849 0.7206569 0.8777027 -0.1570458 0.037314705 0.01629277
           oe         te
1 0.055382877 -0.1716159
2 0.000000000 -0.1780677
3 0.007664581 -0.1407530

[[15]]
  delta        mu      mu_1      mu_0         de         se_1        se_0
1   0.5 0.8256263 0.6977183 0.9077416 -0.2100233  0.004917018  0.01183379
2   1.0 0.7832562 0.6928012 0.8959078 -0.2031066  0.000000000  0.00000000
3   2.0 0.7366961 0.6814774 0.8740562 -0.1925788 -0.011323836 -0.02185163
           oe         te
1  0.04237005 -0.1981895
2  0.00000000 -0.2031066
3 -0.04656013 -0.2144304

[[16]]
  delta        mu      mu_1      mu_0         de         se_1        se_0
1   0.5 0.8044019 0.6942875 0.8874584 -0.1931709 0.0099120488 0.009986980
2   1.0 0.7639175 0.6843754 0.8774714 -0.1930960 0.0000000000 0.000000000
3   2.0 0.7376117 0.6844969 0.8791359 -0.1946391 0.0001214522 0.001664489
           oe         te
1  0.04048448 -0.1831840
2  0.00000000 -0.1930960
3 -0.02630578 -0.1929746

[[17]]
  delta        mu      mu_1      mu_0         de        se_1        se_0
1   0.5 0.8280512 0.7095456 0.9006346 -0.1910890  0.03405148  0.04906658
2   1.0 0.7516113 0.6754941 0.8515680 -0.1760739  0.00000000  0.00000000
3   2.0 0.6803705 0.6267758 0.8250313 -0.1982555 -0.04871836 -0.02653675
           oe         te
1  0.07643987 -0.1420224
2  0.00000000 -0.1760739
3 -0.07124080 -0.2247922

[[18]]
  delta        mu      mu_1      mu_0         de        se_1         se_0
1   0.5 0.7666512 0.6721573 0.8348236 -0.1626663  0.03621402  0.007170058
2   1.0 0.7154459 0.6359433 0.8276535 -0.1917102  0.00000000  0.000000000
3   2.0 0.6168632 0.5484161 0.8127547 -0.2643387 -0.08752720 -0.014898793
           oe         te
1  0.05120530 -0.1554962
2  0.00000000 -0.1917102
3 -0.09858266 -0.2792374

[[19]]
  delta        mu      mu_1      mu_0         de         se_1        se_0
1   0.5 0.7969146 0.6897293 0.8706367 -0.1809074  0.032809211  0.02713035
2   1.0 0.7345189 0.6569201 0.8435063 -0.1865863  0.000000000  0.00000000
3   2.0 0.6953811 0.6496549 0.8288192 -0.1791644 -0.007265237 -0.01468711
           oe         te
1  0.06239572 -0.1537770
2  0.00000000 -0.1865863
3 -0.03913780 -0.1938515

[[20]]
  delta        mu      mu_1      mu_0         de        se_1        se_0
1   0.5 0.8045469 0.7245117 0.8591294 -0.1346177  0.02734621 -0.01213015
2   1.0 0.7737628 0.6971655 0.8712596 -0.1740941  0.00000000  0.00000000
3   2.0 0.6958282 0.6415164 0.8327039 -0.1911876 -0.05564912 -0.03855563
           oe         te
1  0.03078410 -0.1467479
2  0.00000000 -0.1740941
3 -0.07793466 -0.2297432

[[1]]
  delta         mu       mu_1       mu_0         de       se_1       se_0
1   0.5 0.02450384 0.01969264 0.02783429 0.02156764 0.01514872 0.02250740
2   1.0 0.01681154 0.01739910 0.01668441 0.01285754 0.00000000 0.00000000
3   2.0 0.03404152 0.03851176 0.02287462 0.02740281 0.03257633 0.01948025
          oe         te
1 0.02011721 0.01545931
2 0.00000000 0.01285754
3 0.02968721 0.03852262

[[2]]
  delta         mu       mu_1       mu_0         de       se_1       se_0
1   0.5 0.02625105 0.01940322 0.03123670 0.02599016 0.01438043 0.02738234
2   1.0 0.01777050 0.01806018 0.01750136 0.01314775 0.00000000 0.00000000
3   2.0 0.03061358 0.03382752 0.02275140 0.02398303 0.02632711 0.01765455
          oe         te
1 0.02335031 0.01514683
2 0.00000000 0.01314775
3 0.02401053 0.03219312

[[3]]
  delta         mu       mu_1       mu_0         de       se_1       se_0
1   0.5 0.02375838 0.02083424 0.02723387 0.02384523 0.01649582 0.02319700
2   1.0 0.01689332 0.01737988 0.01617739 0.01213191 0.00000000 0.00000000
3   2.0 0.02768288 0.02961118 0.02285205 0.02083769 0.02278841 0.01868776
          oe         te
1 0.02017799 0.01712842
2 0.00000000 0.01213191
3 0.02216949 0.02882204

[[4]]
  delta         mu       mu_1       mu_0         de       se_1       se_0
1   0.5 0.02490089 0.01970598 0.02811094 0.02038270 0.01412142 0.02300139
2   1.0 0.01756356 0.01792545 0.01705471 0.01228382 0.00000000 0.00000000
3   2.0 0.03013294 0.03215330 0.02333152 0.02086220 0.02481338 0.01874311
          oe         te
1 0.02027586 0.01471324
2 0.00000000 0.01228382
3 0.02418663 0.03118336

[[5]]
  delta         mu       mu_1       mu_0         de       se_1       se_0
1   0.5 0.02560751 0.02244025 0.02918134 0.02497489 0.01861567 0.02596430
2   1.0 0.01718030 0.01745587 0.01663444 0.01225378 0.00000000 0.00000000
3   2.0 0.03024249 0.03219367 0.02409268 0.02170022 0.02550130 0.02035113
          oe         te
1 0.02283762 0.01860824
2 0.00000000 0.01225378
3 0.02519105 0.03212698

[[6]]
  delta         mu       mu_1       mu_0         de       se_1       se_0
1   0.5 0.02138490 0.02083527 0.02327756 0.01992474 0.01777857 0.01971089
2   1.0 0.01883834 0.02005365 0.01697958 0.01326424 0.00000000 0.00000000
3   2.0 0.03869135 0.04163385 0.02756358 0.02476872 0.03189498 0.02155100
          oe         te
1 0.01876267 0.01687402
2 0.00000000 0.01326424
3 0.03050614 0.03899336

[[7]]
  delta         mu       mu_1       mu_0         de       se_1       se_0
1   0.5 0.02340553 0.02006938 0.02649938 0.02194920 0.01466395 0.02210279
2   1.0 0.01692480 0.01752345 0.01638378 0.01218788 0.00000000 0.00000000
3   2.0 0.02846685 0.03103269 0.02231155 0.02207221 0.02384991 0.01700140
          oe         te
1 0.01922828 0.01527022
2 0.00000000 0.01218788
3 0.02228910 0.02947610

[[8]]
  delta         mu       mu_1       mu_0         de       se_1       se_0
1   0.5 0.02604886 0.02094005 0.02956164 0.02319461 0.01660288 0.02586727
2   1.0 0.01805748 0.01800900 0.01750389 0.01181806 0.00000000 0.00000000
3   2.0 0.03217855 0.03726779 0.02381591 0.03104754 0.03146146 0.01803622
          oe         te
1 0.02274391 0.01624165
2 0.00000000 0.01181806
3 0.02658275 0.03617863

[[9]]
  delta         mu       mu_1       mu_0         de       se_1       se_0
1   0.5 0.02092573 0.01800684 0.02369787 0.01897287 0.01372385 0.02062455
2   1.0 0.01731487 0.01785041 0.01675963 0.01257001 0.00000000 0.00000000
3   2.0 0.03507588 0.03797958 0.02641380 0.02514826 0.03035249 0.02094944
          oe         te
1 0.01781020 0.01513564
2 0.00000000 0.01257001
3 0.02878994 0.03664396

[[10]]
  delta         mu       mu_1       mu_0         de       se_1       se_0
1   0.5 0.02920026 0.02222790 0.03355397 0.02459246 0.02002306 0.02943910
2   1.0 0.01699039 0.01784691 0.01633939 0.01288919 0.00000000 0.00000000
3   2.0 0.03687018 0.04123307 0.02564981 0.03090137 0.03402647 0.02164808
          oe         te
1 0.02637590 0.01885856
2 0.00000000 0.01288919
3 0.03102382 0.03983689

[[11]]
  delta         mu       mu_1       mu_0         de       se_1       se_0
1   0.5 0.02316829 0.02026809 0.02517650 0.01659635 0.01623693 0.02059811
2   1.0 0.01788279 0.01827175 0.01707091 0.01170564 0.00000000 0.00000000
3   2.0 0.02889063 0.03101734 0.02306070 0.02101556 0.02411801 0.01847765
          oe         te
1 0.01919111 0.01529086
2 0.00000000 0.01170564
3 0.02318444 0.03013019

[[12]]
  delta         mu       mu_1       mu_0         de       se_1       se_0
1   0.5 0.02782422 0.02062031 0.03254684 0.02622589 0.01575956 0.02741419
2   1.0 0.01825390 0.01824094 0.01785179 0.01225728 0.00000000 0.00000000
3   2.0 0.03207652 0.03505320 0.02494852 0.02541388 0.02731996 0.01890658
          oe         te
1 0.02302463 0.01595666
2 0.00000000 0.01225728
3 0.02517982 0.03336140

[[13]]
  delta         mu       mu_1       mu_0         de      se_1       se_0
1   0.5 0.02760777 0.02079005 0.03233333 0.02775005 0.0173331 0.02797453
2   1.0 0.01663257 0.01697706 0.01641768 0.01275774 0.0000000 0.00000000
3   2.0 0.02981409 0.03149905 0.02414895 0.02029525 0.0240450 0.02092033
          oe         te
1 0.02438159 0.01663001
2 0.00000000 0.01275774
3 0.02423934 0.03089521

[[14]]
  delta         mu       mu_1       mu_0         de       se_1       se_0
1   0.5 0.02437634 0.02090858 0.02696953 0.02089706 0.01579867 0.02260321
2   1.0 0.01794070 0.01842795 0.01702063 0.01187870 0.00000000 0.00000000
3   2.0 0.03390344 0.03786807 0.02448803 0.02732817 0.03015062 0.01868318
          oe         te
1 0.02029839 0.01602611
2 0.00000000 0.01187870
3 0.02696674 0.03502497

[[15]]
  delta         mu       mu_1       mu_0         de       se_1       se_0
1   0.5 0.02479120 0.01985389 0.02784870 0.02035178 0.01637041 0.02396321
2   1.0 0.01657627 0.01739551 0.01570964 0.01199229 0.00000000 0.00000000
3   2.0 0.03142898 0.03417488 0.02383954 0.02394881 0.02739670 0.01869278
          oe         te
1 0.02181202 0.01600365
2 0.00000000 0.01199229
3 0.02573377 0.03336742

[[16]]
  delta         mu       mu_1       mu_0         de       se_1       se_0
1   0.5 0.02276713 0.02092958 0.02503724 0.02049002 0.01647079 0.01994818
2   1.0 0.01840544 0.01904936 0.01735762 0.01371181 0.00000000 0.00000000
3   2.0 0.03921680 0.04362088 0.02592505 0.02973692 0.03470170 0.02137211
          oe         te
1 0.01826710 0.01610610
2 0.00000000 0.01371181
3 0.03218984 0.04238758

[[17]]
  delta         mu       mu_1       mu_0         de       se_1       se_0
1   0.5 0.02462741 0.02052190 0.03077493 0.02935254 0.01629517 0.02602865
2   1.0 0.01678140 0.01746246 0.01607965 0.01212270 0.00000000 0.00000000
3   2.0 0.03178761 0.03516464 0.02422627 0.02698224 0.02894039 0.02001853
          oe         te
1 0.02039719 0.01638114
2 0.00000000 0.01212270
3 0.02670526 0.03483530

[[18]]
  delta         mu       mu_1       mu_0         de       se_1       se_0
1   0.5 0.02568004 0.02008819 0.02979237 0.02346501 0.01449567 0.02417253
2   1.0 0.01792916 0.01805344 0.01761985 0.01253895 0.00000000 0.00000000
3   2.0 0.02863026 0.02942469 0.02690585 0.02176059 0.02284562 0.02209193
          oe         te
1 0.02117063 0.01510769
2 0.00000000 0.01253895
3 0.02282110 0.02853609

[[19]]
  delta         mu       mu_1       mu_0         de       se_1       se_0
1   0.5 0.02597491 0.02005569 0.02958612 0.02292490 0.01641846 0.02584194
2   1.0 0.01661254 0.01691795 0.01649713 0.01243808 0.00000000 0.00000000
3   2.0 0.02748107 0.03051054 0.02326461 0.02586576 0.02471016 0.02060202
          oe         te
1 0.02289105 0.01654240
2 0.00000000 0.01243808
3 0.02353421 0.03132129

[[20]]
  delta         mu       mu_1       mu_0         de       se_1       se_0
1   0.5 0.02390005 0.02070833 0.02685149 0.02193695 0.01585709 0.02226709
2   1.0 0.01770599 0.01805038 0.01721251 0.01237274 0.00000000 0.00000000
3   2.0 0.03066229 0.03401317 0.02253562 0.02434723 0.02653476 0.01782988
          oe         te
1 0.01990976 0.01632516
2 0.00000000 0.01237274
3 0.02434705 0.03226340

[[1]]
  delta        mu      mu_1      mu_0         de        se_1         se_0
1   0.5 0.8307025 0.7149629 0.8984968 -0.1835339  0.01830323  0.009105788
2   1.0 0.7845492 0.6966597 0.8893910 -0.1927313  0.00000000  0.000000000
3   2.0 0.7237826 0.6645675 0.8705336 -0.2059661 -0.03209223 -0.018857401
           oe         te
1  0.04615334 -0.1744281
2  0.00000000 -0.1927313
3 -0.06076659 -0.2248236

[[2]]
  delta        mu      mu_1      mu_0         de         se_1         se_0
1   0.5 0.8006634 0.7108588 0.8616617 -0.1508029  0.026846627 -0.008472461
2   1.0 0.7662907 0.6840122 0.8701342 -0.1861220  0.000000000  0.000000000
3   2.0 0.7276825 0.6781534 0.8515151 -0.1733618 -0.005858791 -0.018619025
          oe         te
1  0.0343727 -0.1592754
2  0.0000000 -0.1861220
3 -0.0386082 -0.1919808

[[3]]
  delta        mu      mu_1      mu_0         de         se_1        se_0
1   0.5 0.7603349 0.6634067 0.8339765 -0.1705698 -0.002996193 -0.01407927
2   1.0 0.7426975 0.6664029 0.8480558 -0.1816528  0.000000000  0.00000000
3   2.0 0.6761321 0.6254305 0.8176314 -0.1922009 -0.040972422 -0.03042437
           oe         te
1  0.01763738 -0.1846490
2  0.00000000 -0.1816528
3 -0.06656538 -0.2226253

[[4]]
  delta        mu      mu_1      mu_0         de         se_1         se_0
1   0.5 0.7917346 0.6853771 0.8607416 -0.1753645 -0.004024405 -0.008573335
2   1.0 0.7701721 0.6894015 0.8693149 -0.1799134  0.000000000  0.000000000
3   2.0 0.7414780 0.6792458 0.8788155 -0.1995696 -0.010155653  0.009500549
           oe         te
1  0.02156250 -0.1839378
2  0.00000000 -0.1799134
3 -0.02869413 -0.1900691

[[5]]
  delta        mu      mu_1      mu_0         de        se_1        se_0
1   0.5 0.8215413 0.7051659 0.8969703 -0.1918044  0.05308449  0.05613117
2   1.0 0.7316766 0.6520814 0.8408391 -0.1887577  0.00000000  0.00000000
3   2.0 0.6732131 0.6156378 0.8262146 -0.2105768 -0.03644364 -0.01462452
           oe         te
1  0.08986467 -0.1356732
2  0.00000000 -0.1887577
3 -0.05846352 -0.2252013

[[6]]
  delta        mu      mu_1      mu_0         de         se_1          se_0
1   0.5 0.8143603 0.7088727 0.8910706 -0.1821979  0.026948103  0.0401978407
2   1.0 0.7499301 0.6819246 0.8508728 -0.1689482  0.000000000  0.0000000000
3   2.0 0.7221015 0.6787120 0.8500597 -0.1713477 -0.003212613 -0.0008130803
           oe         te
1  0.06443020 -0.1420001
2  0.00000000 -0.1689482
3 -0.02782867 -0.1721608

[[7]]
  delta        mu      mu_1      mu_0         de        se_1        se_0
1   0.5 0.8761980 0.7406223 0.9556234 -0.2150011  0.05495207  0.07261535
2   1.0 0.7738276 0.6856702 0.8830080 -0.1973378  0.00000000  0.00000000
3   2.0 0.6637945 0.6024800 0.8271426 -0.2246626 -0.08319027 -0.05586542
          oe         te
1  0.1023704 -0.1423857
2  0.0000000 -0.1973378
3 -0.1100331 -0.2805280

[[8]]
  delta        mu      mu_1      mu_0         de        se_1        se_0
1   0.5 0.8352103 0.7060642 0.9193134 -0.2132491  0.04338075  0.05617095
2   1.0 0.7480829 0.6626835 0.8631424 -0.2004589  0.00000000  0.00000000
3   2.0 0.6622161 0.5998852 0.8243945 -0.2245093 -0.06279830 -0.03874791
           oe         te
1  0.08712742 -0.1570782
2  0.00000000 -0.2004589
3 -0.08586670 -0.2632572

[[9]]
  delta        mu      mu_1      mu_0         de        se_1         se_0
1   0.5 0.7874505 0.6687053 0.8714372 -0.2027319  0.02637268  0.025472008
2   1.0 0.7251163 0.6423326 0.8459652 -0.2036326  0.00000000  0.000000000
3   2.0 0.6819498 0.6275310 0.8362133 -0.2086823 -0.01480160 -0.009751835
           oe         te
1  0.06233421 -0.1772599
2  0.00000000 -0.2036326
3 -0.04316648 -0.2184342

[[10]]
  delta        mu      mu_1      mu_0         de        se_1         se_0
1   0.5 0.8228040 0.7349231 0.8811353 -0.1462123  0.04287074  0.018401427
2   1.0 0.7667999 0.6920523 0.8627339 -0.1706816  0.00000000  0.000000000
3   2.0 0.6625095 0.5891273 0.8537504 -0.2646231 -0.10292506 -0.008983552
           oe         te
1  0.05600414 -0.1278108
2  0.00000000 -0.1706816
3 -0.10429038 -0.2736066

[[11]]
  delta        mu      mu_1      mu_0         de          se_1         se_0
1   0.5 0.7717749 0.6769269 0.8367125 -0.1597856 -8.819343e-06 -0.010069144
2   1.0 0.7489882 0.6769357 0.8467816 -0.1698459  0.000000e+00  0.000000000
3   2.0 0.6993343 0.6455604 0.8453260 -0.1997655 -3.137529e-02 -0.001455671
           oe         te
1  0.02278674 -0.1698547
2  0.00000000 -0.1698459
3 -0.04965385 -0.2012212

[[12]]
  delta        mu      mu_1      mu_0         de       se_1        se_0
1   0.5 0.8165550 0.6921552 0.8979661 -0.2058110 0.03600227  0.06915648
2   1.0 0.7275292 0.6561529 0.8288096 -0.1726567 0.00000000  0.00000000
3   2.0 0.7155573 0.6769365 0.8166697 -0.1397332 0.02078358 -0.01213998
           oe         te
1  0.08902583 -0.1366545
2  0.00000000 -0.1726567
3 -0.01197182 -0.1518732

[[13]]
  delta        mu      mu_1      mu_0         de         se_1        se_0
1   0.5 0.7763563 0.6630208 0.8489631 -0.1859422 -0.009484099 0.008000726
2   1.0 0.7466632 0.6725049 0.8409623 -0.1684574  0.000000000 0.000000000
3   2.0 0.7363253 0.6811892 0.8650788 -0.1838896  0.008684272 0.024116501
           oe         te
1  0.02969318 -0.1779415
2  0.00000000 -0.1684574
3 -0.01033791 -0.1597731

[[14]]
  delta        mu      mu_1      mu_0         de        se_1       se_0
1   0.5 0.8190250 0.6914465 0.9039243 -0.2124778 0.007958695 0.04162588
2   1.0 0.7622644 0.6834878 0.8622984 -0.1788106 0.000000000 0.00000000
3   2.0 0.7699838 0.7214410 0.8776357 -0.1561947 0.037953205 0.01533731
           oe         te
1 0.056760600 -0.1708519
2 0.000000000 -0.1788106
3 0.007719423 -0.1408574

[[15]]
  delta        mu      mu_1      mu_0         de         se_1        se_0
1   0.5 0.8275444 0.7002889 0.9093739 -0.2090851  0.006201778  0.01233468
2   1.0 0.7845927 0.6940871 0.8970393 -0.2029522  0.000000000  0.00000000
3   2.0 0.7314303 0.6759370 0.8712795 -0.1953425 -0.018150070 -0.02575975
           oe         te
1  0.04295167 -0.1967504
2  0.00000000 -0.2029522
3 -0.05316242 -0.2211023

[[16]]
  delta        mu      mu_1      mu_0         de         se_1        se_0
1   0.5 0.8040080 0.6943607 0.8869153 -0.1925546  0.009989239 0.009663949
2   1.0 0.7637749 0.6843715 0.8772513 -0.1928798  0.000000000 0.000000000
3   2.0 0.7364009 0.6829667 0.8789379 -0.1959712 -0.001404771 0.001686552
           oe         te
1  0.04023314 -0.1828906
2  0.00000000 -0.1928798
3 -0.02737400 -0.1942846

[[17]]
  delta        mu      mu_1      mu_0         de        se_1        se_0
1   0.5 0.8317552 0.7099214 0.9056467 -0.1957253  0.03364452  0.05322119
2   1.0 0.7527568 0.6762769 0.8524255 -0.1761486  0.00000000  0.00000000
3   2.0 0.6813886 0.6274157 0.8250600 -0.1976443 -0.04886118 -0.02736547
           oe         te
1  0.07899837 -0.1425041
2  0.00000000 -0.1761486
3 -0.07136821 -0.2250098

[[18]]
  delta        mu      mu_1      mu_0         de        se_1         se_0
1   0.5 0.7664535 0.6723984 0.8341113 -0.1617129  0.03637798  0.005930288
2   1.0 0.7158766 0.6360204 0.8281810 -0.1921606  0.00000000  0.000000000
3   2.0 0.6147079 0.5460147 0.8127748 -0.2667602 -0.09000576 -0.015406161
           oe         te
1  0.05057695 -0.1557826
2  0.00000000 -0.1921606
3 -0.10116866 -0.2821663

[[19]]
  delta        mu      mu_1      mu_0         de        se_1        se_0
1   0.5 0.7968101 0.6904157 0.8697985 -0.1793828  0.03237533  0.02471139
2   1.0 0.7361151 0.6580404 0.8450871 -0.1870467  0.00000000  0.00000000
3   2.0 0.7002031 0.6544970 0.8317875 -0.1772905 -0.00354335 -0.01329961
           oe         te
1  0.06069491 -0.1546714
2  0.00000000 -0.1870467
3 -0.03591200 -0.1905901

[[20]]
  delta        mu      mu_1      mu_0         de        se_1        se_0
1   0.5 0.8054163 0.7255830 0.8598014 -0.1342183  0.02853186 -0.01224093
2   1.0 0.7741919 0.6970512 0.8720423 -0.1749911  0.00000000  0.00000000
3   2.0 0.6933893 0.6391577 0.8311956 -0.1920378 -0.05789345 -0.04084673
           oe         te
1  0.03122436 -0.1464593
2  0.00000000 -0.1749911
3 -0.08080262 -0.2328846

[[1]]
  delta         mu       mu_1       mu_0         de       se_1       se_0
1   0.5 0.02468951 0.01978054 0.02800160 0.02163228 0.01508500 0.02263197
2   1.0 0.01679591 0.01734107 0.01668984 0.01279251 0.00000000 0.00000000
3   2.0 0.03392348 0.03854463 0.02268224 0.02779311 0.03285434 0.01931664
          oe         te
1 0.02020610 0.01544758
2 0.00000000 0.01279251
3 0.02977803 0.03868897

[[2]]
  delta         mu       mu_1       mu_0         de       se_1       se_0
1   0.5 0.02544080 0.01961668 0.02988335 0.02452223 0.01441382 0.02575073
2   1.0 0.01781340 0.01805785 0.01760554 0.01317529 0.00000000 0.00000000
3   2.0 0.03087874 0.03405791 0.02285034 0.02400914 0.02666349 0.01797075
          oe         te
1 0.02223315 0.01518743
2 0.00000000 0.01317529
3 0.02447778 0.03257244

[[3]]
  delta         mu       mu_1       mu_0         de       se_1       se_0
1   0.5 0.02398568 0.02100287 0.02754647 0.02435482 0.01678077 0.02374918
2   1.0 0.01684058 0.01738133 0.01607849 0.01212059 0.00000000 0.00000000
3   2.0 0.02780426 0.02982432 0.02283104 0.02108056 0.02298116 0.01866868
          oe         te
1 0.02068096 0.01745928
2 0.00000000 0.01212059
3 0.02227093 0.02900221

[[4]]
  delta         mu       mu_1       mu_0         de       se_1       se_0
1   0.5 0.02479673 0.01967614 0.02795705 0.02015335 0.01410555 0.02272189
2   1.0 0.01760323 0.01796889 0.01707371 0.01227553 0.00000000 0.00000000
3   2.0 0.03021593 0.03224847 0.02328104 0.02083927 0.02490873 0.01872910
          oe         te
1 0.02004450 0.01470936
2 0.00000000 0.01227553
3 0.02426992 0.03126593

[[5]]
  delta         mu       mu_1       mu_0         de       se_1       se_0
1   0.5 0.02566127 0.02228694 0.02934467 0.02505103 0.01843298 0.02621068
2   1.0 0.01711136 0.01738671 0.01658083 0.01218070 0.00000000 0.00000000
3   2.0 0.03006787 0.03197142 0.02402430 0.02148758 0.02535348 0.02027618
          oe         te
1 0.02294190 0.01843644
2 0.00000000 0.01218070
3 0.02506325 0.03189302

[[6]]
  delta         mu       mu_1       mu_0         de       se_1       se_0
1   0.5 0.02164888 0.02129855 0.02341016 0.01981487 0.01829686 0.01985968
2   1.0 0.01883315 0.02004535 0.01697320 0.01326193 0.00000000 0.00000000
3   2.0 0.03901900 0.04201419 0.02762844 0.02510330 0.03226488 0.02165019
          oe         te
1 0.01903933 0.01736536
2 0.00000000 0.01326193
3 0.03083701 0.03939808

[[7]]
  delta         mu       mu_1       mu_0         de       se_1       se_0
1   0.5 0.02339989 0.02006110 0.02650220 0.02197272 0.01466354 0.02210248
2   1.0 0.01693410 0.01751806 0.01640295 0.01217734 0.00000000 0.00000000
3   2.0 0.02855772 0.03113915 0.02231926 0.02211140 0.02398334 0.01700771
          oe         te
1 0.01922670 0.01527915
2 0.00000000 0.01217734
3 0.02240098 0.02958624

[[8]]
  delta         mu       mu_1       mu_0         de       se_1       se_0
1   0.5 0.02608616 0.02100126 0.02956116 0.02318259 0.01659442 0.02587510
2   1.0 0.01816534 0.01810756 0.01755453 0.01185288 0.00000000 0.00000000
3   2.0 0.03230752 0.03749148 0.02407851 0.03124365 0.03165375 0.01820789
          oe         te
1 0.02279679 0.01622450
2 0.00000000 0.01185288
3 0.02658273 0.03630380

[[9]]
  delta         mu       mu_1       mu_0         de       se_1       se_0
1   0.5 0.02075869 0.01792439 0.02346279 0.01873278 0.01380392 0.02037379
2   1.0 0.01717102 0.01788419 0.01647299 0.01261799 0.00000000 0.00000000
3   2.0 0.03478085 0.03764982 0.02632556 0.02501400 0.02971339 0.02086472
          oe         te
1 0.01768581 0.01485913
2 0.00000000 0.01261799
3 0.02827518 0.03624288

[[10]]
  delta         mu       mu_1       mu_0         de       se_1       se_0
1   0.5 0.02899670 0.02219880 0.03329641 0.02457593 0.01999802 0.02916615
2   1.0 0.01695777 0.01783145 0.01629440 0.01288090 0.00000000 0.00000000
3   2.0 0.03691715 0.04126052 0.02558841 0.03078011 0.03399338 0.02163876
          oe         te
1 0.02616394 0.01890211
2 0.00000000 0.01288090
3 0.03103767 0.03983999

[[11]]
  delta         mu       mu_1       mu_0         de       se_1       se_0
1   0.5 0.02333801 0.02056015 0.02526695 0.01669805 0.01648810 0.02063077
2   1.0 0.01791442 0.01834619 0.01703683 0.01170513 0.00000000 0.00000000
3   2.0 0.02917905 0.03133248 0.02310126 0.02118950 0.02434577 0.01833141
          oe         te
1 0.01931262 0.01540216
2 0.00000000 0.01170513
3 0.02330222 0.03027325

[[12]]
  delta         mu       mu_1       mu_0         de       se_1       se_0
1   0.5 0.02802413 0.02068391 0.03284268 0.02651310 0.01589214 0.02771160
2   1.0 0.01820151 0.01820344 0.01779385 0.01222201 0.00000000 0.00000000
3   2.0 0.03202856 0.03500958 0.02490096 0.02528864 0.02723216 0.01885458
          oe         te
1 0.02325604 0.01605800
2 0.00000000 0.01222201
3 0.02507790 0.03324359

[[13]]
  delta         mu       mu_1       mu_0         de       se_1       se_0
1   0.5 0.02752419 0.02077185 0.03221995 0.02765271 0.01728254 0.02787972
2   1.0 0.01661917 0.01696856 0.01639879 0.01275224 0.00000000 0.00000000
3   2.0 0.02987129 0.03159347 0.02414700 0.02036755 0.02413891 0.02091592
          oe         te
1 0.02429243 0.01659761
2 0.00000000 0.01275224
3 0.02429502 0.03097791

[[14]]
  delta         mu       mu_1       mu_0         de       se_1       se_0
1   0.5 0.02454764 0.02102434 0.02715688 0.02096668 0.01597586 0.02280913
2   1.0 0.01796757 0.01844507 0.01702954 0.01188699 0.00000000 0.00000000
3   2.0 0.03418541 0.03824250 0.02437181 0.02769219 0.03065469 0.01860579
          oe         te
1 0.02050247 0.01614097
2 0.00000000 0.01188699
3 0.02738997 0.03551934

[[15]]
  delta         mu       mu_1       mu_0         de       se_1       se_0
1   0.5 0.02485961 0.02006333 0.02781911 0.02024715 0.01650077 0.02379474
2   1.0 0.01669776 0.01748877 0.01579218 0.01197383 0.00000000 0.00000000
3   2.0 0.03033271 0.03297022 0.02337223 0.02327280 0.02600174 0.01816538
          oe         te
1 0.02179173 0.01603979
2 0.00000000 0.01197383
3 0.02441615 0.03206909

[[16]]
  delta         mu       mu_1       mu_0         de       se_1       se_0
1   0.5 0.02276524 0.02107932 0.02504221 0.02064872 0.01667651 0.01995417
2   1.0 0.01838366 0.01903462 0.01734662 0.01371065 0.00000000 0.00000000
3   2.0 0.03922521 0.04362602 0.02589016 0.02979429 0.03468798 0.02131462
          oe         te
1 0.01828236 0.01639099
2 0.00000000 0.01371065
3 0.03218736 0.04239458

[[17]]
  delta         mu       mu_1       mu_0         de       se_1       se_0
1   0.5 0.02451080 0.02044120 0.02994867 0.02784407 0.01634950 0.02514615
2   1.0 0.01694158 0.01765014 0.01612795 0.01211924 0.00000000 0.00000000
3   2.0 0.03204908 0.03523850 0.02478257 0.02676578 0.02865067 0.02054684
          oe         te
1 0.02027552 0.01614979
2 0.00000000 0.01211924
3 0.02666315 0.03470943

[[18]]
  delta         mu       mu_1       mu_0         de       se_1       se_0
1   0.5 0.02549808 0.02001148 0.02960816 0.02338649 0.01451070 0.02408380
2   1.0 0.01796312 0.01807086 0.01768809 0.01256072 0.00000000 0.00000000
3   2.0 0.02882001 0.02959841 0.02705750 0.02181216 0.02297854 0.02214316
          oe         te
1 0.02110814 0.01510971
2 0.00000000 0.01256072
3 0.02296919 0.02869398

[[19]]
  delta         mu       mu_1       mu_0         de       se_1       se_0
1   0.5 0.02549642 0.01978907 0.02906277 0.02255934 0.01609172 0.02532671
2   1.0 0.01645254 0.01680888 0.01628582 0.01231500 0.00000000 0.00000000
3   2.0 0.02740874 0.03047042 0.02320029 0.02602896 0.02472410 0.02060546
          oe         te
1 0.02239494 0.01621428
2 0.00000000 0.01231500
3 0.02350429 0.03124734

[[20]]
  delta         mu       mu_1       mu_0         de       se_1       se_0
1   0.5 0.02370621 0.02054466 0.02662802 0.02180653 0.01576566 0.02218395
2   1.0 0.01770512 0.01807246 0.01715578 0.01228890 0.00000000 0.00000000
3   2.0 0.03058473 0.03413681 0.02232858 0.02486599 0.02671007 0.01760189
          oe         te
1 0.01986616 0.01617823
2 0.00000000 0.01228890
3 0.02430742 0.03238579

[1] "Total run time was 4651.792 seconds"
