Warning message:
package ‘SuperLearner’ was built under R version 4.1.3 
[1] "[Simulation setting]"
[1] "n: 500"
[1] "deltas: 0.5, 1, 2"
[1] "K: 2"
[1] "r: 100"
[1] "s: 1"
[1] "Sim.id 1"
[1] "Data generated and format changed"
[1] "   Split: 1"
Loading required namespace: nnet
Loading required namespace: ranger
[1] "   Split: 2"
[1] "Estimates and SE estimates computed"
[1] ""
[1] "Sim.id 2"
[1] "Data generated and format changed"
[1] "   Split: 1"
[1] "   Split: 2"
[1] "Estimates and SE estimates computed"
[1] ""
[1] "Sim.id 3"
[1] "Data generated and format changed"
[1] "   Split: 1"
[1] "   Split: 2"
[1] "Estimates and SE estimates computed"
[1] ""
[1] "Sim.id 4"
[1] "Data generated and format changed"
[1] "   Split: 1"
[1] "   Split: 2"
[1] "Estimates and SE estimates computed"
[1] ""
[1] "Sim.id 5"
[1] "Data generated and format changed"
[1] "   Split: 1"
[1] "   Split: 2"
[1] "Estimates and SE estimates computed"
[1] ""
[1] "Sim.id 6"
[1] "Data generated and format changed"
[1] "   Split: 1"
[1] "   Split: 2"
[1] "Estimates and SE estimates computed"
[1] ""
[1] "Sim.id 7"
[1] "Data generated and format changed"
[1] "   Split: 1"
[1] "   Split: 2"
[1] "Estimates and SE estimates computed"
[1] ""
[1] "Sim.id 8"
[1] "Data generated and format changed"
[1] "   Split: 1"
[1] "   Split: 2"
[1] "Estimates and SE estimates computed"
[1] ""
[1] "Sim.id 9"
[1] "Data generated and format changed"
[1] "   Split: 1"
[1] "   Split: 2"
[1] "Estimates and SE estimates computed"
[1] ""
[1] "Sim.id 10"
[1] "Data generated and format changed"
[1] "   Split: 1"
[1] "   Split: 2"
[1] "Estimates and SE estimates computed"
[1] ""
[1] "Sim.id 11"
[1] "Data generated and format changed"
[1] "   Split: 1"
[1] "   Split: 2"
[1] "Estimates and SE estimates computed"
[1] ""
[1] "Sim.id 12"
[1] "Data generated and format changed"
[1] "   Split: 1"
[1] "   Split: 2"
[1] "Estimates and SE estimates computed"
[1] ""
[1] "Sim.id 13"
[1] "Data generated and format changed"
[1] "   Split: 1"
[1] "   Split: 2"
[1] "Estimates and SE estimates computed"
[1] ""
[1] "Sim.id 14"
[1] "Data generated and format changed"
[1] "   Split: 1"
[1] "   Split: 2"
[1] "Estimates and SE estimates computed"
[1] ""
[1] "Sim.id 15"
[1] "Data generated and format changed"
[1] "   Split: 1"
[1] "   Split: 2"
[1] "Estimates and SE estimates computed"
[1] ""
[1] "Sim.id 16"
[1] "Data generated and format changed"
[1] "   Split: 1"
[1] "   Split: 2"
[1] "Estimates and SE estimates computed"
[1] ""
[1] "Sim.id 17"
[1] "Data generated and format changed"
[1] "   Split: 1"
[1] "   Split: 2"
[1] "Estimates and SE estimates computed"
[1] ""
[1] "Sim.id 18"
[1] "Data generated and format changed"
[1] "   Split: 1"
[1] "   Split: 2"
[1] "Estimates and SE estimates computed"
[1] ""
[1] "Sim.id 19"
[1] "Data generated and format changed"
[1] "   Split: 1"
[1] "   Split: 2"
[1] "Estimates and SE estimates computed"
[1] ""
[1] "Sim.id 20"
[1] "Data generated and format changed"
[1] "   Split: 1"
[1] "   Split: 2"
[1] "Estimates and SE estimates computed"
[1] ""
[[1]]
  delta        mu      mu_1      mu_0         de       se_1         se_0
1   0.5 0.7917409 0.7041827 0.8503285 -0.1461458 0.03019271  0.003190423
2   1.0 0.7497964 0.6739900 0.8471381 -0.1731481 0.00000000  0.000000000
3   2.0 0.7359550 0.6917628 0.8430882 -0.1513253 0.01777283 -0.004049944
           oe         te
1  0.04194447 -0.1429554
2  0.00000000 -0.1731481
3 -0.01384145 -0.1553753

[[2]]
  delta        mu      mu_1      mu_0         de         se_1        se_0
1   0.5 0.7797284 0.7027358 0.8349599 -0.1322241  0.011802057 -0.02472021
2   1.0 0.7623601 0.6909337 0.8596801 -0.1687464  0.000000000  0.00000000
3   2.0 0.7309031 0.6838403 0.8472116 -0.1633713 -0.007093437 -0.01246853
           oe         te
1  0.01736835 -0.1569443
2  0.00000000 -0.1687464
3 -0.03145701 -0.1758398

[[3]]
  delta        mu      mu_1      mu_0         de        se_1        se_0
1   0.5 0.7802344 0.6799179 0.8485995 -0.1686816  0.01861387  0.01049295
2   1.0 0.7353334 0.6613040 0.8381066 -0.1768025  0.00000000  0.00000000
3   2.0 0.6782055 0.6333352 0.8068462 -0.1735111 -0.02796886 -0.03126031
           oe         te
1  0.04490103 -0.1581887
2  0.00000000 -0.1768025
3 -0.05712796 -0.2047714

[[4]]
  delta        mu      mu_1      mu_0         de         se_1         se_0
1   0.5 0.7830440 0.6980695 0.8411687 -0.1430992  0.028043213 0.0009000727
2   1.0 0.7443886 0.6700262 0.8402686 -0.1702423  0.000000000 0.0000000000
3   2.0 0.7150852 0.6624980 0.8417112 -0.1792132 -0.007528227 0.0014426131
           oe         te
1  0.03865540 -0.1421991
2  0.00000000 -0.1702423
3 -0.02930331 -0.1777706

[[5]]
  delta        mu      mu_1      mu_0         de        se_1        se_0
1   0.5 0.7711749 0.6762169 0.8373460 -0.1611291  0.01774285 -0.01366144
2   1.0 0.7411720 0.6584740 0.8510074 -0.1925334  0.00000000  0.00000000
3   2.0 0.6421833 0.5755703 0.8238192 -0.2482488 -0.08290368 -0.02718826
           oe         te
1  0.03000289 -0.1747906
2  0.00000000 -0.1925334
3 -0.09898879 -0.2754371

[[6]]
  delta        mu      mu_1      mu_0         de       se_1         se_0
1   0.5 0.8170760 0.7075021 0.8878992 -0.1803971 0.02851714 0.0222856118
2   1.0 0.7597774 0.6789849 0.8656136 -0.1866287 0.00000000 0.0000000000
3   2.0 0.7553563 0.7108644 0.8664603 -0.1555959 0.03187949 0.0008467252
            oe         te
1  0.057298571 -0.1581115
2  0.000000000 -0.1866287
3 -0.004421172 -0.1547492

[[7]]
  delta        mu      mu_1      mu_0         de         se_1          se_0
1   0.5 0.8113522 0.7093836 0.8755854 -0.1662018 0.0276493171  0.0195556000
2   1.0 0.7594351 0.6817343 0.8560298 -0.1742955 0.0000000000  0.0000000000
3   2.0 0.7345257 0.6819349 0.8554370 -0.1735021 0.0002006197 -0.0005928164
           oe         te
1  0.05191706 -0.1466462
2  0.00000000 -0.1742955
3 -0.02490941 -0.1740949

[[8]]
  delta        mu      mu_1      mu_0         de        se_1        se_0
1   0.5 0.7611649 0.6716395 0.8302103 -0.1585708  0.03103119  0.01083710
2   1.0 0.7122889 0.6406083 0.8193732 -0.1787649  0.00000000  0.00000000
3   2.0 0.6542636 0.6053907 0.8041628 -0.1987722 -0.03521765 -0.01521038
           oe         te
1  0.04887599 -0.1477337
2  0.00000000 -0.1787649
3 -0.05802534 -0.2139825

[[9]]
  delta        mu      mu_1      mu_0         de        se_1         se_0
1   0.5 0.8256114 0.7218078 0.8922856 -0.1704778 0.034873697  0.007979546
2   1.0 0.7747049 0.6869341 0.8843060 -0.1973719 0.000000000  0.000000000
3   2.0 0.7485245 0.6960399 0.8803149 -0.1842750 0.009105793 -0.003991120
           oe         te
1  0.05090654 -0.1624983
2  0.00000000 -0.1973719
3 -0.02618042 -0.1882662

[[10]]
  delta        mu      mu_1      mu_0         de         se_1        se_0
1   0.5 0.8156748 0.6968155 0.8926630 -0.1958475  0.008491673  0.01612918
2   1.0 0.7714020 0.6883238 0.8765338 -0.1882100  0.000000000  0.00000000
3   2.0 0.7267946 0.6719307 0.8643998 -0.1924691 -0.016393109 -0.01213407
           oe         te
1  0.04427279 -0.1797184
2  0.00000000 -0.1882100
3 -0.04460733 -0.2046031

[[11]]
  delta        mu      mu_1      mu_0         de        se_1          se_0
1   0.5 0.7995012 0.6954580 0.8663417 -0.1708837 0.005253787 -0.0013397071
2   1.0 0.7693568 0.6902042 0.8676814 -0.1774772 0.000000000  0.0000000000
3   2.0 0.7557566 0.7074552 0.8680935 -0.1606382 0.017251047  0.0004120767
           oe         te
1  0.03014443 -0.1722234
2  0.00000000 -0.1774772
3 -0.01360015 -0.1602262

[[12]]
  delta        mu      mu_1      mu_0         de        se_1          se_0
1   0.5 0.8062391 0.7183410 0.8646882 -0.1463473  0.01223914 -0.0004503228
2   1.0 0.7758691 0.7061018 0.8651386 -0.1590367  0.00000000  0.0000000000
3   2.0 0.7237773 0.6704835 0.8584732 -0.1879897 -0.03561832 -0.0066653987
           oe         te
1  0.03036995 -0.1467976
2  0.00000000 -0.1590367
3 -0.05209178 -0.1946551

[[13]]
  delta        mu      mu_1      mu_0         de        se_1         se_0
1   0.5 0.7810981 0.6771228 0.8529672 -0.1758444 -0.01173048 -0.003725251
2   1.0 0.7613137 0.6888533 0.8566924 -0.1678392  0.00000000  0.000000000
3   2.0 0.6861528 0.6252532 0.8465279 -0.2212748 -0.06360009 -0.010164521
           oe         te
1  0.01978445 -0.1795697
2  0.00000000 -0.1678392
3 -0.07516081 -0.2314393

[[14]]
  delta        mu      mu_1      mu_0         de          se_1         se_0
1   0.5 0.8097323 0.6753747 0.8952427 -0.2198679  0.0119709617  0.049350231
2   1.0 0.7417868 0.6634038 0.8458924 -0.1824887  0.0000000000  0.000000000
3   2.0 0.7121203 0.6628045 0.8376217 -0.1748172 -0.0005992612 -0.008270762
           oe         te
1  0.06794543 -0.1705177
2  0.00000000 -0.1824887
3 -0.02966654 -0.1830879

[[15]]
  delta        mu      mu_1      mu_0         de        se_1        se_0
1   0.5 0.7587120 0.6549236 0.8373331 -0.1824094  0.02114225  0.01950605
2   1.0 0.7082873 0.6337814 0.8178270 -0.1840456  0.00000000  0.00000000
3   2.0 0.6530758 0.6014504 0.8081905 -0.2067401 -0.03233101 -0.00963654
           oe         te
1  0.05042467 -0.1629034
2  0.00000000 -0.1840456
3 -0.05521150 -0.2163766

[[16]]
  delta        mu      mu_1      mu_0         de        se_1        se_0
1   0.5 0.7979567 0.6798140 0.8731672 -0.1933532 0.016285384 0.025656751
2   1.0 0.7453824 0.6635286 0.8475104 -0.1839818 0.000000000 0.000000000
3   2.0 0.7215557 0.6702499 0.8488253 -0.1785754 0.006721277 0.001314907
           oe         te
1  0.05257427 -0.1676964
2  0.00000000 -0.1839818
3 -0.02382668 -0.1772605

[[17]]
  delta        mu      mu_1      mu_0         de        se_1       se_0
1   0.5 0.7927993 0.6874286 0.8659898 -0.1785612 0.016717254 0.00509087
2   1.0 0.7543626 0.6707114 0.8608989 -0.1901876 0.000000000 0.00000000
3   2.0 0.7372962 0.6758893 0.8762856 -0.2003963 0.005177967 0.01538667
           oe         te
1  0.03843672 -0.1734703
2  0.00000000 -0.1901876
3 -0.01706643 -0.1850096

[[18]]
  delta        mu      mu_1      mu_0         de        se_1        se_0
1   0.5 0.7703319 0.6668458 0.8441613 -0.1773155 -0.02137514 -0.02350761
2   1.0 0.7656875 0.6882209 0.8676689 -0.1794479  0.00000000  0.00000000
3   2.0 0.8002031 0.7560657 0.9009754 -0.1449097  0.06784475  0.03330651
           oe         te
1 0.004644414 -0.2008231
2 0.000000000 -0.1794479
3 0.034515597 -0.1116032

[[19]]
  delta        mu      mu_1      mu_0         de         se_1         se_0
1   0.5 0.7745032 0.6772820 0.8430458 -0.1657639 -0.004150344 -0.005098107
2   1.0 0.7537433 0.6814323 0.8481439 -0.1667116  0.000000000  0.000000000
3   2.0 0.7512230 0.7002135 0.8651481 -0.1649346  0.018781243  0.017004199
            oe         te
1  0.020759959 -0.1708620
2  0.000000000 -0.1667116
3 -0.002520238 -0.1479304

[[20]]
  delta        mu      mu_1      mu_0         de        se_1         se_0
1   0.5 0.7800204 0.6858863 0.8533793 -0.1674930 0.006276123 -0.005312321
2   1.0 0.7522542 0.6796102 0.8586916 -0.1790814 0.000000000  0.000000000
3   2.0 0.7639114 0.7166728 0.8927683 -0.1760955 0.037062603  0.034076708
          oe         te
1 0.02776623 -0.1728053
2 0.00000000 -0.1790814
3 0.01165724 -0.1420188

[[1]]
  delta         mu       mu_1       mu_0         de       se_1       se_0
1   0.5 0.02250091 0.02001015 0.02533629 0.02036972 0.01575491 0.02182274
2   1.0 0.01708144 0.01758767 0.01648600 0.01223813 0.00000000 0.00000000
3   2.0 0.03386012 0.03652636 0.02557253 0.02395302 0.02960481 0.02088992
          oe         te
1 0.01931511 0.01544141
2 0.00000000 0.01223813
3 0.02812492 0.03548599

[[2]]
  delta         mu       mu_1       mu_0         de       se_1       se_0
1   0.5 0.02137649 0.01993705 0.02318225 0.01893747 0.01679856 0.01917099
2   1.0 0.01761513 0.01806485 0.01692062 0.01219343 0.00000000 0.00000000
3   2.0 0.03638156 0.04160353 0.02470503 0.03630106 0.03642918 0.01957095
          oe         te
1 0.01846803 0.01690512
2 0.00000000 0.01219343
3 0.03175395 0.04093379

[[3]]
  delta         mu       mu_1       mu_0         de       se_1       se_0
1   0.5 0.02318385 0.02068849 0.02656937 0.02369907 0.01605029 0.02182414
2   1.0 0.01868817 0.01937693 0.01784112 0.01326445 0.00000000 0.00000000
3   2.0 0.04105955 0.04399396 0.03205318 0.03009299 0.03458745 0.02664262
          oe         te
1 0.01936343 0.01624370
2 0.00000000 0.01326445
3 0.03354426 0.04234891

[[4]]
  delta         mu       mu_1       mu_0         de       se_1       se_0
1   0.5 0.02196646 0.02486974 0.02665489 0.03319965 0.02177700 0.02307697
2   1.0 0.01789257 0.01869401 0.01666621 0.01299885 0.00000000 0.00000000
3   2.0 0.03349227 0.03718095 0.02428929 0.02676806 0.02954806 0.01999076
          oe         te
1 0.01867261 0.02112127
2 0.00000000 0.01299885
3 0.02726324 0.03585889

[[5]]
  delta         mu       mu_1       mu_0         de       se_1       se_0
1   0.5 0.02090997 0.01890750 0.02348770 0.01916651 0.01573170 0.01991554
2   1.0 0.01688040 0.01742722 0.01624267 0.01224101 0.00000000 0.00000000
3   2.0 0.02785002 0.02995662 0.02391867 0.02341612 0.02261737 0.01880193
          oe         te
1 0.01825554 0.01566025
2 0.00000000 0.01224101
3 0.02171556 0.02925939

[[6]]
  delta         mu       mu_1       mu_0         de       se_1       se_0
1   0.5 0.02559576 0.02011641 0.03021704 0.02489724 0.01504604 0.02482659
2   1.0 0.01668658 0.01701076 0.01666425 0.01277419 0.00000000 0.00000000
3   2.0 0.03258896 0.03629922 0.02427740 0.02698147 0.03032157 0.02032217
          oe         te
1 0.02090050 0.01596936
2 0.00000000 0.01277419
3 0.02755957 0.03553918

[[7]]
  delta         mu       mu_1       mu_0         de       se_1       se_0
1   0.5 0.02418699 0.02018112 0.02741763 0.02225995 0.01677278 0.02254933
2   1.0 0.01743412 0.01811646 0.01679578 0.01277185 0.00000000 0.00000000
3   2.0 0.03261791 0.03457967 0.02619049 0.02218214 0.02676777 0.02139723
          oe         te
1 0.02056928 0.01594539
2 0.00000000 0.01277185
3 0.02625954 0.03325169

[[8]]
  delta         mu       mu_1       mu_0         de       se_1       se_0
1   0.5 0.02228609 0.01960310 0.02494043 0.01954451 0.01722422 0.02022714
2   1.0 0.01672570 0.01773490 0.01613906 0.01342880 0.00000000 0.00000000
3   2.0 0.03359652 0.03610328 0.02501175 0.02353054 0.02744184 0.02111353
          oe        te
1 0.01974214 0.0160680
2 0.00000000 0.0134288
3 0.02694438 0.0348707

[[9]]
  delta         mu       mu_1       mu_0         de       se_1       se_0
1   0.5 0.02304097 0.02005100 0.02527825 0.01888094 0.01544706 0.02110637
2   1.0 0.01710015 0.01767754 0.01635799 0.01237331 0.00000000 0.00000000
3   2.0 0.03161126 0.03474463 0.02391571 0.02469636 0.02757677 0.01931921
          oe         te
1 0.01923262 0.01556745
2 0.00000000 0.01237331
3 0.02586067 0.03386723

[[10]]
  delta         mu       mu_1       mu_0         de       se_1       se_0
1   0.5 0.02400568 0.01896053 0.02690112 0.01870074 0.01521778 0.02140746
2   1.0 0.01793911 0.01835228 0.01691144 0.01224876 0.00000000 0.00000000
3   2.0 0.03856417 0.04529913 0.02420695 0.03486631 0.03701014 0.01806185
          oe         te
1 0.01980946 0.01464467
2 0.00000000 0.01224876
3 0.03100506 0.04224019

[[11]]
  delta         mu       mu_1       mu_0         de       se_1       se_0
1   0.5 0.02579375 0.02050655 0.02924622 0.02144144 0.01545408 0.02352503
2   1.0 0.01768354 0.01792913 0.01754365 0.01300353 0.00000000 0.00000000
3   2.0 0.03251104 0.03657245 0.02546003 0.02889887 0.03039237 0.02097611
          oe         te
1 0.02103676 0.01561595
2 0.00000000 0.01300353
3 0.02726290 0.03601051

[[12]]
  delta         mu       mu_1       mu_0         de       se_1       se_0
1   0.5 0.02357104 0.01951122 0.02790126 0.02275373 0.01633932 0.02445054
2   1.0 0.01692199 0.01755899 0.01659614 0.01256382 0.00000000 0.00000000
3   2.0 0.03099753 0.03368476 0.02423210 0.02358160 0.02656452 0.01983275
          oe         te
1 0.02137158 0.01606053
2 0.00000000 0.01256382
3 0.02531080 0.03294276

[[13]]
  delta         mu       mu_1       mu_0         de       se_1       se_0
1   0.5 0.02269649 0.01973096 0.02534320 0.01948666 0.01676765 0.02092835
2   1.0 0.01781809 0.01845178 0.01706568 0.01298860 0.00000000 0.00000000
3   2.0 0.03513315 0.03914561 0.02605030 0.03010807 0.03239488 0.02128066
          oe         te
1 0.01962846 0.01578279
2 0.00000000 0.01298860
3 0.02965888 0.03895006

[[14]]
  delta         mu       mu_1       mu_0         de       se_1      se_0
1   0.5 0.02420734 0.02051279 0.02843750 0.02387155 0.01595120 0.0240283
2   1.0 0.01788508 0.01757287 0.01785815 0.01170503 0.00000000 0.0000000
3   2.0 0.02994393 0.03268426 0.02418886 0.02469560 0.02656109 0.0186493
          oe         te
1 0.01989575 0.01675040
2 0.00000000 0.01170503
3 0.02452382 0.03222452

[[15]]
  delta         mu       mu_1       mu_0         de       se_1      se_0
1   0.5 0.02214400 0.01863770 0.02559136 0.02031943 0.01447508 0.0214147
2   1.0 0.01718394 0.01788009 0.01691490 0.01233874 0.00000000 0.0000000
3   2.0 0.03525030 0.04077362 0.02474512 0.03298638 0.03429407 0.0195522
          oe         te
1 0.01885218 0.01483022
2 0.00000000 0.01233874
3 0.02971595 0.03970517

[[16]]
  delta         mu       mu_1       mu_0         de       se_1       se_0
1   0.5 0.02972256 0.02063079 0.03667078 0.02945934 0.01674945 0.03234608
2   1.0 0.01722253 0.01765510 0.01712492 0.01320118 0.00000000 0.00000000
3   2.0 0.03571737 0.03953386 0.02565125 0.02715959 0.03210995 0.02095808
          oe         te
1 0.02591559 0.01622265
2 0.00000000 0.01320118
3 0.02961369 0.03807074

[[17]]
  delta         mu       mu_1       mu_0         de       se_1       se_0
1   0.5 0.02544115 0.02140981 0.02835302 0.02246169 0.01751246 0.02393545
2   1.0 0.01690300 0.01757297 0.01637814 0.01294742 0.00000000 0.00000000
3   2.0 0.03210104 0.03539059 0.02492955 0.02615051 0.02855372 0.02103920
          oe         te
1 0.02182115 0.01759704
2 0.00000000 0.01294742
3 0.02653180 0.03412851

[[18]]
  delta         mu       mu_1       mu_0         de       se_1       se_0
1   0.5 0.02234531 0.02049477 0.02559856 0.02367862 0.01648380 0.02179427
2   1.0 0.01724231 0.01760285 0.01679492 0.01256914 0.00000000 0.00000000
3   2.0 0.03746326 0.04312629 0.02464500 0.03298726 0.03612598 0.01972189
          oe         te
1 0.01898322 0.01724074
2 0.00000000 0.01256914
3 0.03158531 0.04164331

[[19]]
  delta         mu       mu_1       mu_0         de      se_1       se_0
1   0.5 0.02523382 0.02033178 0.02864054 0.02221745 0.0160761 0.02355429
2   1.0 0.01707966 0.01702899 0.01668982 0.01190220 0.0000000 0.00000000
3   2.0 0.02973712 0.03230582 0.02317656 0.02306891 0.0264776 0.01870674
          oe         te
1 0.02096500 0.01590553
2 0.00000000 0.01190220
3 0.02485192 0.03191101

[[20]]
  delta         mu       mu_1       mu_0         de       se_1       se_0
1   0.5 0.02398017 0.01985418 0.02689887 0.02024455 0.01507108 0.02142720
2   1.0 0.01863149 0.01905729 0.01757481 0.01247586 0.00000000 0.00000000
3   2.0 0.05117994 0.05564569 0.03469760 0.03201577 0.04716403 0.02951202
          oe         te
1 0.01904393 0.01503113
2 0.00000000 0.01247586
3 0.04399855 0.05281026

[[1]]
  delta        mu      mu_1      mu_0         de       se_1         se_0
1   0.5 0.7924230 0.7042158 0.8515621 -0.1473463 0.03022815  0.004804507
2   1.0 0.7495141 0.6739877 0.8467576 -0.1727699 0.00000000  0.000000000
3   2.0 0.7372451 0.6933487 0.8432904 -0.1499417 0.01936107 -0.003467143
           oe         te
1  0.04290885 -0.1425417
2  0.00000000 -0.1727699
3 -0.01226903 -0.1534088

[[2]]
  delta        mu      mu_1      mu_0         de         se_1        se_0
1   0.5 0.7797989 0.7020997 0.8353010 -0.1332013  0.011504118 -0.02404571
2   1.0 0.7617354 0.6905956 0.8593467 -0.1687511  0.000000000  0.00000000
3   2.0 0.7288643 0.6823529 0.8453037 -0.1629508 -0.008242723 -0.01404299
           oe         te
1  0.01806348 -0.1572470
2  0.00000000 -0.1687511
3 -0.03287111 -0.1769938

[[3]]
  delta        mu      mu_1      mu_0         de        se_1         se_0
1   0.5 0.7784623 0.6786783 0.8468552 -0.1681770  0.01693014  0.009922848
2   1.0 0.7350955 0.6617481 0.8369324 -0.1751842  0.00000000  0.000000000
3   2.0 0.6798461 0.6350487 0.8080670 -0.1730183 -0.02669943 -0.028865398
           oe         te
1  0.04336678 -0.1582541
2  0.00000000 -0.1751842
3 -0.05524943 -0.2018837

[[4]]
  delta        mu      mu_1      mu_0         de         se_1        se_0
1   0.5 0.7846063 0.6990287 0.8429994 -0.1439707  0.028969055 0.002589423
2   1.0 0.7445119 0.6700596 0.8404099 -0.1703503  0.000000000 0.000000000
3   2.0 0.7151373 0.6626346 0.8416198 -0.1789852 -0.007425006 0.001209886
           oe         te
1  0.04009444 -0.1413813
2  0.00000000 -0.1703503
3 -0.02937455 -0.1777753

[[5]]
  delta        mu      mu_1      mu_0         de        se_1        se_0
1   0.5 0.7675681 0.6745760 0.8331528 -0.1585768  0.01539823 -0.01796233
2   1.0 0.7416636 0.6591778 0.8511151 -0.1919374  0.00000000  0.00000000
3   2.0 0.6449031 0.5782985 0.8253596 -0.2470612 -0.08087930 -0.02575551
           oe         te
1  0.02590450 -0.1765391
2  0.00000000 -0.1919374
3 -0.09676048 -0.2728167

[[6]]
  delta        mu      mu_1      mu_0         de       se_1       se_0
1   0.5 0.8152718 0.7054111 0.8866922 -0.1812811 0.02645627 0.02114831
2   1.0 0.7597239 0.6789548 0.8655439 -0.1865890 0.00000000 0.00000000
3   2.0 0.7552635 0.7106099 0.8666590 -0.1560491 0.03165508 0.00111513
            oe         te
1  0.055547912 -0.1601328
2  0.000000000 -0.1865890
3 -0.004460437 -0.1549340

[[7]]
  delta        mu      mu_1      mu_0         de        se_1        se_0
1   0.5 0.8075607 0.7052583 0.8717792 -0.1665209 0.025058662 0.016354284
2   1.0 0.7589563 0.6801997 0.8554250 -0.1752253 0.000000000 0.000000000
3   2.0 0.7386247 0.6856259 0.8597222 -0.1740964 0.005426177 0.004297269
           oe         te
1  0.04860442 -0.1501666
2  0.00000000 -0.1752253
3 -0.02033159 -0.1697991

[[8]]
  delta        mu      mu_1      mu_0         de        se_1        se_0
1   0.5 0.7610684 0.6716114 0.8300501 -0.1584387  0.03142180  0.01098096
2   1.0 0.7119288 0.6401896 0.8190691 -0.1788796  0.00000000  0.00000000
3   2.0 0.6541504 0.6052150 0.8041333 -0.1989184 -0.03497465 -0.01493585
           oe         te
1  0.04913954 -0.1474578
2  0.00000000 -0.1788796
3 -0.05777845 -0.2138542

[[9]]
  delta        mu      mu_1      mu_0         de        se_1         se_0
1   0.5 0.8262163 0.7223360 0.8929272 -0.1705912 0.035297271  0.007933342
2   1.0 0.7751458 0.6870388 0.8849939 -0.1979551 0.000000000  0.000000000
3   2.0 0.7475893 0.6952779 0.8793441 -0.1840662 0.008239102 -0.005649755
           oe         te
1  0.05107049 -0.1626578
2  0.00000000 -0.1979551
3 -0.02755651 -0.1897160

[[10]]
  delta        mu      mu_1      mu_0         de         se_1        se_0
1   0.5 0.8191867 0.6983448 0.8968244 -0.1984797  0.007948898  0.01724812
2   1.0 0.7744086 0.6903959 0.8795763 -0.1891804  0.000000000  0.00000000
3   2.0 0.7304066 0.6747465 0.8681294 -0.1933829 -0.015649404 -0.01144691
           oe         te
1  0.04477815 -0.1812315
2  0.00000000 -0.1891804
3 -0.04400196 -0.2048298

[[11]]
  delta        mu      mu_1      mu_0         de        se_1          se_0
1   0.5 0.8017001 0.6965504 0.8689722 -0.1724218 0.006105031 -0.0003059011
2   1.0 0.7701330 0.6904453 0.8692781 -0.1788328 0.000000000  0.0000000000
3   2.0 0.7548118 0.7056548 0.8690349 -0.1633801 0.015209449 -0.0002432274
           oe         te
1  0.03156704 -0.1727277
2  0.00000000 -0.1788328
3 -0.01532124 -0.1636233

[[12]]
  delta        mu      mu_1      mu_0         de        se_1         se_0
1   0.5 0.8055129 0.7179580 0.8635050 -0.1455470  0.01180049 -0.002153223
2   1.0 0.7762208 0.7061575 0.8656582 -0.1595007  0.00000000  0.000000000
3   2.0 0.7234586 0.6701027 0.8583089 -0.1882062 -0.03605485 -0.007349322
           oe         te
1  0.02929207 -0.1477002
2  0.00000000 -0.1595007
3 -0.05276225 -0.1955556

[[13]]
  delta        mu      mu_1      mu_0         de        se_1         se_0
1   0.5 0.7794751 0.6755459 0.8514778 -0.1759319 -0.01260939 -0.004673180
2   1.0 0.7606601 0.6881553 0.8561510 -0.1679956  0.00000000  0.000000000
3   2.0 0.6856108 0.6250699 0.8465703 -0.2215003 -0.06308539 -0.009580726
           oe         te
1  0.01881496 -0.1806050
2  0.00000000 -0.1679956
3 -0.07504938 -0.2310810

[[14]]
  delta        mu      mu_1      mu_0         de         se_1         se_0
1   0.5 0.8063898 0.6723411 0.8922067 -0.2198657  0.009606835  0.047868654
2   1.0 0.7404474 0.6627342 0.8443381 -0.1816038  0.000000000  0.000000000
3   2.0 0.7101533 0.6606036 0.8369595 -0.1763558 -0.002130615 -0.007378624
           oe         te
1  0.06594242 -0.1719970
2  0.00000000 -0.1816038
3 -0.03029404 -0.1837345

[[15]]
  delta        mu      mu_1      mu_0         de        se_1         se_0
1   0.5 0.7591233 0.6546872 0.8376874 -0.1830002  0.01901244  0.019149402
2   1.0 0.7099984 0.6356747 0.8185380 -0.1828633  0.00000000  0.000000000
3   2.0 0.6604814 0.6094286 0.8116451 -0.2022166 -0.02624615 -0.006892864
           oe         te
1  0.04912494 -0.1638508
2  0.00000000 -0.1828633
3 -0.04951702 -0.2091094

[[16]]
  delta        mu      mu_1      mu_0         de        se_1        se_0
1   0.5 0.7963549 0.6783241 0.8717835 -0.1934593 0.014443857 0.024094432
2   1.0 0.7457621 0.6638803 0.8476891 -0.1838088 0.000000000 0.000000000
3   2.0 0.7245950 0.6730653 0.8508884 -0.1778231 0.009185009 0.003199349
           oe         te
1  0.05059285 -0.1693649
2  0.00000000 -0.1838088
3 -0.02116712 -0.1746238

[[17]]
  delta        mu      mu_1      mu_0         de         se_1        se_0
1   0.5 0.7924599 0.6850817 0.8661562 -0.1810745  0.014945728 0.005690144
2   1.0 0.7540924 0.6701360 0.8604660 -0.1903300  0.000000000 0.000000000
3   2.0 0.7318268 0.6687213 0.8750244 -0.2063030 -0.001414644 0.014558352
           oe         te
1  0.03836746 -0.1753843
2  0.00000000 -0.1903300
3 -0.02226560 -0.1917447

[[18]]
  delta        mu      mu_1      mu_0         de        se_1        se_0
1   0.5 0.7711879 0.6674931 0.8449904 -0.1774973 -0.02070271 -0.02275415
2   1.0 0.7657540 0.6881958 0.8677445 -0.1795488  0.00000000  0.00000000
3   2.0 0.8001005 0.7557681 0.9012436 -0.1454755  0.06757230  0.03349909
           oe         te
1 0.005433839 -0.2002515
2 0.000000000 -0.1795488
3 0.034346467 -0.1119765

[[19]]
  delta        mu      mu_1      mu_0         de         se_1         se_0
1   0.5 0.7741277 0.6770493 0.8424633 -0.1654140 -0.004431541 -0.005882483
2   1.0 0.7539142 0.6814808 0.8483458 -0.1668649  0.000000000  0.000000000
3   2.0 0.7509610 0.6995864 0.8658245 -0.1662381  0.018105575  0.017478780
            oe         te
1  0.020213450 -0.1712965
2  0.000000000 -0.1668649
3 -0.002953257 -0.1487593

[[20]]
  delta        mu      mu_1      mu_0         de        se_1        se_0
1   0.5 0.7828999 0.6865608 0.8569138 -0.1703530 0.005740671 -0.00267001
2   1.0 0.7533618 0.6808201 0.8595838 -0.1787637 0.000000000  0.00000000
3   2.0 0.7664341 0.7192751 0.8939935 -0.1747184 0.038454945  0.03440964
          oe         te
1 0.02953805 -0.1730230
2 0.00000000 -0.1787637
3 0.01307225 -0.1403088

[[1]]
  delta         mu       mu_1       mu_0         de       se_1       se_0
1   0.5 0.02242959 0.01998212 0.02522457 0.02021232 0.01574322 0.02176297
2   1.0 0.01712776 0.01763948 0.01649596 0.01221169 0.00000000 0.00000000
3   2.0 0.03386342 0.03651624 0.02552540 0.02393070 0.02957461 0.02081535
          oe         te
1 0.01929599 0.01541368
2 0.00000000 0.01221169
3 0.02810533 0.03547050

[[2]]
  delta         mu       mu_1       mu_0         de       se_1       se_0
1   0.5 0.02119303 0.01997886 0.02290405 0.01894964 0.01686175 0.01885745
2   1.0 0.01771917 0.01815483 0.01698018 0.01215110 0.00000000 0.00000000
3   2.0 0.03595589 0.04127683 0.02448841 0.03634881 0.03626921 0.01938406
          oe         te
1 0.01821666 0.01712128
2 0.00000000 0.01215110
3 0.03147643 0.04070921

[[3]]
  delta         mu       mu_1       mu_0         de       se_1       se_0
1   0.5 0.02302425 0.02080488 0.02631680 0.02358761 0.01614416 0.02142793
2   1.0 0.01869333 0.01938757 0.01785597 0.01327765 0.00000000 0.00000000
3   2.0 0.04094215 0.04393216 0.03168989 0.02987449 0.03457479 0.02626147
          oe         te
1 0.01908582 0.01633216
2 0.00000000 0.01327765
3 0.03348180 0.04237569

[[4]]
  delta         mu       mu_1       mu_0         de       se_1       se_0
1   0.5 0.02205855 0.02547661 0.02630194 0.03299334 0.02243968 0.02257757
2   1.0 0.01793453 0.01872187 0.01670483 0.01300988 0.00000000 0.00000000
3   2.0 0.03348072 0.03714469 0.02429510 0.02670907 0.02951169 0.01999262
          oe         te
1 0.01868453 0.02176793
2 0.00000000 0.01300988
3 0.02724983 0.03583129

[[5]]
  delta         mu       mu_1       mu_0         de       se_1       se_0
1   0.5 0.02088018 0.01897425 0.02345803 0.01935563 0.01573174 0.01993112
2   1.0 0.01696493 0.01747219 0.01626260 0.01217172 0.00000000 0.00000000
3   2.0 0.02764443 0.02966552 0.02386148 0.02310621 0.02223788 0.01862979
          oe         te
1 0.01824281 0.01573829
2 0.00000000 0.01217172
3 0.02138831 0.02885591

[[6]]
  delta         mu       mu_1       mu_0         de       se_1       se_0
1   0.5 0.02580940 0.02019624 0.03040121 0.02480349 0.01508890 0.02503080
2   1.0 0.01664654 0.01701449 0.01656570 0.01275638 0.00000000 0.00000000
3   2.0 0.03268123 0.03639913 0.02428192 0.02696479 0.03031747 0.02033591
          oe         te
1 0.02114390 0.01592864
2 0.00000000 0.01275638
3 0.02756101 0.03554445

[[7]]
  delta         mu       mu_1       mu_0         de       se_1       se_0
1   0.5 0.02436645 0.02043215 0.02745429 0.02214787 0.01704988 0.02237849
2   1.0 0.01764150 0.01823275 0.01694374 0.01293956 0.00000000 0.00000000
3   2.0 0.03319652 0.03526256 0.02641421 0.02251783 0.02730122 0.02155552
          oe         te
1 0.02055376 0.01612419
2 0.00000000 0.01293956
3 0.02669266 0.03391130

[[8]]
  delta         mu       mu_1       mu_0         de       se_1       se_0
1   0.5 0.02231195 0.01969179 0.02494106 0.01951988 0.01732142 0.02024190
2   1.0 0.01674955 0.01775627 0.01615006 0.01340635 0.00000000 0.00000000
3   2.0 0.03359110 0.03611710 0.02496606 0.02355217 0.02748805 0.02105989
          oe         te
1 0.01977750 0.01613246
2 0.00000000 0.01340635
3 0.02695882 0.03489912

[[9]]
  delta         mu       mu_1       mu_0         de       se_1       se_0
1   0.5 0.02309640 0.01998122 0.02538758 0.01896502 0.01538898 0.02121570
2   1.0 0.01712209 0.01769591 0.01637419 0.01241761 0.00000000 0.00000000
3   2.0 0.03193637 0.03519808 0.02389100 0.02513155 0.02805430 0.01932208
          oe         te
1 0.01928739 0.01546871
2 0.00000000 0.01241761
3 0.02624665 0.03439315

[[10]]
  delta         mu       mu_1       mu_0         de       se_1       se_0
1   0.5 0.02416003 0.01899978 0.02707025 0.01876525 0.01510949 0.02166559
2   1.0 0.01795327 0.01829902 0.01694793 0.01222392 0.00000000 0.00000000
3   2.0 0.03846995 0.04527586 0.02414593 0.03501784 0.03709253 0.01797763
          oe         te
1 0.01994264 0.01463970
2 0.00000000 0.01222392
3 0.03101017 0.04231326

[[11]]
  delta         mu       mu_1       mu_0         de       se_1       se_0
1   0.5 0.02573960 0.02041373 0.02914848 0.02129183 0.01546243 0.02346815
2   1.0 0.01764654 0.01798842 0.01739449 0.01295726 0.00000000 0.00000000
3   2.0 0.03217352 0.03589002 0.02554865 0.02808840 0.02953681 0.02109083
          oe         te
1 0.02106762 0.01548065
2 0.00000000 0.01295726
3 0.02680540 0.03523704

[[12]]
  delta         mu       mu_1       mu_0         de       se_1       se_0
1   0.5 0.02353991 0.01951361 0.02790659 0.02275750 0.01635506 0.02447351
2   1.0 0.01693867 0.01758613 0.01659914 0.01256008 0.00000000 0.00000000
3   2.0 0.03103087 0.03375587 0.02419778 0.02379409 0.02664880 0.01978414
          oe         te
1 0.02137057 0.01604742
2 0.00000000 0.01256008
3 0.02534008 0.03301032

[[13]]
  delta         mu       mu_1       mu_0         de       se_1       se_0
1   0.5 0.02295150 0.01974340 0.02581696 0.01997825 0.01679405 0.02125991
2   1.0 0.01800670 0.01858024 0.01727757 0.01303392 0.00000000 0.00000000
3   2.0 0.03519267 0.03912118 0.02608360 0.02997271 0.03226362 0.02128072
          oe         te
1 0.01984910 0.01581021
2 0.00000000 0.01303392
3 0.02959935 0.03880481

[[14]]
  delta         mu       mu_1       mu_0         de       se_1       se_0
1   0.5 0.02388116 0.02049422 0.02792248 0.02350959 0.01588522 0.02351202
2   1.0 0.01793142 0.01760671 0.01789989 0.01172706 0.00000000 0.00000000
3   2.0 0.03020219 0.03298802 0.02431070 0.02486810 0.02682643 0.01901237
          oe         te
1 0.01955635 0.01670573
2 0.00000000 0.01172706
3 0.02482379 0.03257675

[[15]]
  delta         mu       mu_1       mu_0         de       se_1       se_0
1   0.5 0.02209642 0.01868466 0.02537159 0.02016116 0.01465651 0.02119861
2   1.0 0.01727731 0.01798858 0.01692846 0.01238343 0.00000000 0.00000000
3   2.0 0.03500944 0.04031103 0.02477117 0.03242153 0.03364001 0.01950510
          oe         te
1 0.01887912 0.01493357
2 0.00000000 0.01238343
3 0.02930843 0.03916741

[[16]]
  delta         mu       mu_1       mu_0         de       se_1       se_0
1   0.5 0.02971202 0.02061118 0.03674765 0.02962712 0.01686135 0.03243900
2   1.0 0.01720093 0.01766180 0.01710498 0.01323964 0.00000000 0.00000000
3   2.0 0.03543991 0.03926084 0.02555599 0.02705364 0.03171972 0.02088416
          oe         te
1 0.02597132 0.01627609
2 0.00000000 0.01323964
3 0.02923755 0.03775819

[[17]]
  delta         mu       mu_1       mu_0         de       se_1       se_0
1   0.5 0.02517161 0.02160379 0.02806178 0.02267155 0.01779834 0.02369564
2   1.0 0.01706555 0.01774563 0.01645444 0.01288848 0.00000000 0.00000000
3   2.0 0.03231372 0.03568622 0.02505550 0.02651974 0.02872947 0.02100089
          oe         te
1 0.02165559 0.01782986
2 0.00000000 0.01288848
3 0.02652710 0.03421740

[[18]]
  delta         mu       mu_1       mu_0         de      se_1       se_0
1   0.5 0.02231726 0.02033095 0.02553959 0.02338254 0.0163183 0.02177830
2   1.0 0.01724541 0.01762947 0.01676327 0.01256153 0.0000000 0.00000000
3   2.0 0.03755497 0.04319819 0.02467975 0.03296805 0.0361496 0.01976087
          oe         te
1 0.01898178 0.01703554
2 0.00000000 0.01256153
3 0.03164769 0.04169615

[[19]]
  delta         mu       mu_1       mu_0         de       se_1       se_0
1   0.5 0.02494825 0.02028756 0.02828792 0.02203544 0.01598643 0.02334245
2   1.0 0.01700594 0.01701284 0.01653605 0.01182322 0.00000000 0.00000000
3   2.0 0.02964851 0.03218640 0.02314325 0.02300082 0.02640563 0.01863902
          oe         te
1 0.02078045 0.01581243
2 0.00000000 0.01182322
3 0.02475782 0.03172218

[[20]]
  delta         mu       mu_1       mu_0         de       se_1       se_0
1   0.5 0.02419693 0.01988772 0.02726116 0.02068547 0.01516845 0.02193205
2   1.0 0.01870100 0.01917605 0.01757529 0.01249580 0.00000000 0.00000000
3   2.0 0.05159108 0.05607222 0.03498128 0.03212902 0.04740923 0.02969188
          oe         te
1 0.01935241 0.01513566
2 0.00000000 0.01249580
3 0.04423639 0.05310987

[1] "Total run time was 3068.681 seconds"
