Warning message:
package ‘SuperLearner’ was built under R version 4.1.3 
[1] "[Simulation setting]"
[1] "n: 500"
[1] "deltas: 0.5, 1, 2"
[1] "K: 2"
[1] "r: 100"
[1] "s: 1"
[1] "Sim.id 1"
[1] "Data generated and format changed"
[1] "   Split: 1"
Loading required namespace: nnet
Loading required namespace: ranger
[1] "   Split: 2"
[1] "Estimates and SE estimates computed"
[1] ""
[1] "Sim.id 2"
[1] "Data generated and format changed"
[1] "   Split: 1"
[1] "   Split: 2"
[1] "Estimates and SE estimates computed"
[1] ""
[1] "Sim.id 3"
[1] "Data generated and format changed"
[1] "   Split: 1"
[1] "   Split: 2"
[1] "Estimates and SE estimates computed"
[1] ""
[1] "Sim.id 4"
[1] "Data generated and format changed"
[1] "   Split: 1"
[1] "   Split: 2"
[1] "Estimates and SE estimates computed"
[1] ""
[1] "Sim.id 5"
[1] "Data generated and format changed"
[1] "   Split: 1"
[1] "   Split: 2"
[1] "Estimates and SE estimates computed"
[1] ""
[1] "Sim.id 6"
[1] "Data generated and format changed"
[1] "   Split: 1"
[1] "   Split: 2"
[1] "Estimates and SE estimates computed"
[1] ""
[1] "Sim.id 7"
[1] "Data generated and format changed"
[1] "   Split: 1"
[1] "   Split: 2"
[1] "Estimates and SE estimates computed"
[1] ""
[1] "Sim.id 8"
[1] "Data generated and format changed"
[1] "   Split: 1"
[1] "   Split: 2"
[1] "Estimates and SE estimates computed"
[1] ""
[1] "Sim.id 9"
[1] "Data generated and format changed"
[1] "   Split: 1"
[1] "   Split: 2"
[1] "Estimates and SE estimates computed"
[1] ""
[1] "Sim.id 10"
[1] "Data generated and format changed"
[1] "   Split: 1"
[1] "   Split: 2"
[1] "Estimates and SE estimates computed"
[1] ""
[1] "Sim.id 11"
[1] "Data generated and format changed"
[1] "   Split: 1"
[1] "   Split: 2"
[1] "Estimates and SE estimates computed"
[1] ""
[1] "Sim.id 12"
[1] "Data generated and format changed"
[1] "   Split: 1"
[1] "   Split: 2"
[1] "Estimates and SE estimates computed"
[1] ""
[1] "Sim.id 13"
[1] "Data generated and format changed"
[1] "   Split: 1"
[1] "   Split: 2"
[1] "Estimates and SE estimates computed"
[1] ""
[1] "Sim.id 14"
[1] "Data generated and format changed"
[1] "   Split: 1"
[1] "   Split: 2"
[1] "Estimates and SE estimates computed"
[1] ""
[1] "Sim.id 15"
[1] "Data generated and format changed"
[1] "   Split: 1"
[1] "   Split: 2"
[1] "Estimates and SE estimates computed"
[1] ""
[1] "Sim.id 16"
[1] "Data generated and format changed"
[1] "   Split: 1"
[1] "   Split: 2"
[1] "Estimates and SE estimates computed"
[1] ""
[1] "Sim.id 17"
[1] "Data generated and format changed"
[1] "   Split: 1"
[1] "   Split: 2"
[1] "Estimates and SE estimates computed"
[1] ""
[1] "Sim.id 18"
[1] "Data generated and format changed"
[1] "   Split: 1"
[1] "   Split: 2"
[1] "Estimates and SE estimates computed"
[1] ""
[1] "Sim.id 19"
[1] "Data generated and format changed"
[1] "   Split: 1"
[1] "   Split: 2"
[1] "Estimates and SE estimates computed"
[1] ""
[1] "Sim.id 20"
[1] "Data generated and format changed"
[1] "   Split: 1"
[1] "   Split: 2"
[1] "Estimates and SE estimates computed"
[1] ""
[[1]]
  delta        mu      mu_1      mu_0         de       se_1         se_0
1   0.5 0.7526023 0.6592149 0.8199550 -0.1607401 0.01065398 -0.006416786
2   1.0 0.7238957 0.6485609 0.8263718 -0.1778109 0.00000000  0.000000000
3   2.0 0.7104799 0.6687378 0.8157297 -0.1469919 0.02017693 -0.010642062
           oe         te
1  0.02870665 -0.1671569
2  0.00000000 -0.1778109
3 -0.01341579 -0.1576340

[[2]]
  delta        mu      mu_1      mu_0         de        se_1        se_0
1   0.5 0.7919439 0.6793129 0.8664100 -0.1870971  0.01788135  0.03541426
2   1.0 0.7337156 0.6614316 0.8309957 -0.1695642  0.00000000  0.00000000
3   2.0 0.6853674 0.6328026 0.8175963 -0.1847937 -0.02862897 -0.01339942
           oe         te
1  0.05822822 -0.1516828
2  0.00000000 -0.1695642
3 -0.04834828 -0.1981931

[[3]]
  delta        mu      mu_1      mu_0         de         se_1        se_0
1   0.5 0.7731822 0.6580189 0.8445006 -0.1864817 -0.002054969 -0.01195063
2   1.0 0.7471246 0.6600739 0.8564513 -0.1963774  0.000000000  0.00000000
3   2.0 0.7393726 0.6759073 0.8861323 -0.2102249  0.015833421  0.02968097
            oe         te
1  0.026057593 -0.1984324
2  0.000000000 -0.1963774
3 -0.007752031 -0.1805440

[[4]]
  delta        mu      mu_1      mu_0         de        se_1        se_0
1   0.5 0.8008017 0.6908620 0.8749701 -0.1841081  0.03623779  0.02557879
2   1.0 0.7357354 0.6546242 0.8493914 -0.1947672  0.00000000  0.00000000
3   2.0 0.6534808 0.5997351 0.8116237 -0.2118886 -0.05488905 -0.03776762
           oe         te
1  0.06506627 -0.1585294
2  0.00000000 -0.1947672
3 -0.08225462 -0.2496562

[[5]]
  delta        mu      mu_1      mu_0         de         se_1       se_0
1   0.5 0.8037649 0.6921740 0.8813616 -0.1891876  0.002598293 0.01039617
2   1.0 0.7652898 0.6895757 0.8709654 -0.1813897  0.000000000 0.00000000
3   2.0 0.7283456 0.6743298 0.8784153 -0.2040854 -0.015245877 0.00744989
          oe         te
1  0.0384751 -0.1787914
2  0.0000000 -0.1813897
3 -0.0369442 -0.1966356

[[6]]
  delta        mu      mu_1      mu_0         de        se_1        se_0
1   0.5 0.8101879 0.6874049 0.8901209 -0.2027159  0.02397396  0.04863120
2   1.0 0.7391705 0.6634310 0.8414897 -0.1780587  0.00000000  0.00000000
3   2.0 0.6751828 0.6216132 0.8182212 -0.1966080 -0.04181778 -0.02326845
           oe         te
1  0.07101747 -0.1540847
2  0.00000000 -0.1780587
3 -0.06398762 -0.2198765

[[7]]
  delta        mu      mu_1      mu_0         de         se_1        se_0
1   0.5 0.7551058 0.6648616 0.8201237 -0.1552621 -0.004641938 -0.01837094
2   1.0 0.7409301 0.6695035 0.8384946 -0.1689911  0.000000000  0.00000000
3   2.0 0.7363066 0.6884564 0.8565941 -0.1681378  0.018952864  0.01809948
            oe         te
1  0.014175668 -0.1736331
2  0.000000000 -0.1689911
3 -0.004623506 -0.1500383

[[8]]
  delta        mu      mu_1      mu_0         de         se_1        se_0
1   0.5 0.8105050 0.7046110 0.8821049 -0.1774939  0.050658715  0.03352258
2   1.0 0.7348084 0.6539523 0.8485823 -0.1946300  0.000000000  0.00000000
3   2.0 0.6952940 0.6479830 0.8252535 -0.1772705 -0.005969253 -0.02332880
           oe         te
1  0.07569664 -0.1439713
2  0.00000000 -0.1946300
3 -0.03951441 -0.2005993

[[9]]
  delta        mu      mu_1      mu_0         de        se_1         se_0
1   0.5 0.7840962 0.6874598 0.8542303 -0.1667706  0.04040839  0.000866474
2   1.0 0.7337017 0.6470514 0.8533639 -0.2063125  0.00000000  0.000000000
3   2.0 0.6699250 0.6144502 0.8275794 -0.2131293 -0.03260121 -0.025784431
           oe         te
1  0.05039451 -0.1659041
2  0.00000000 -0.2063125
3 -0.06377667 -0.2389137

[[10]]
  delta        mu      mu_1      mu_0         de        se_1         se_0
1   0.5 0.8079766 0.6863198 0.8847549 -0.1984351  0.02448150  0.026125148
2   1.0 0.7481660 0.6618383 0.8586298 -0.1967915  0.00000000  0.000000000
3   2.0 0.6811423 0.6137654 0.8562012 -0.2424358 -0.04807291 -0.002428562
           oe         te
1  0.05981058 -0.1723100
2  0.00000000 -0.1967915
3 -0.06702377 -0.2448644

[[11]]
  delta        mu      mu_1      mu_0         de        se_1         se_0
1   0.5 0.8308020 0.7327215 0.8964813 -0.1637598 0.036074345  0.027809318
2   1.0 0.7686414 0.6966472 0.8686720 -0.1720248 0.000000000  0.000000000
3   2.0 0.7474414 0.7045436 0.8632872 -0.1587437 0.007896397 -0.005384734
           oe         te
1  0.06216062 -0.1359504
2  0.00000000 -0.1720248
3 -0.02119997 -0.1641284

[[12]]
  delta        mu      mu_1      mu_0         de         se_1         se_0
1   0.5 0.7689262 0.6591277 0.8450413 -0.1859135  0.004612999  0.002016328
2   1.0 0.7334928 0.6545147 0.8430249 -0.1885102  0.000000000  0.000000000
3   2.0 0.6867668 0.6299633 0.8408034 -0.2108401 -0.024551452 -0.002221509
           oe         te
1  0.03543341 -0.1838972
2  0.00000000 -0.1885102
3 -0.04672605 -0.2130616

[[13]]
  delta        mu      mu_1      mu_0         de         se_1        se_0
1   0.5 0.7772972 0.6772809 0.8497620 -0.1724811  0.005454037 -0.01353950
2   1.0 0.7541092 0.6718268 0.8633015 -0.1914746  0.000000000  0.00000000
3   2.0 0.7069110 0.6439850 0.8766015 -0.2326166 -0.027841871  0.01330007
           oe         te
1  0.02318799 -0.1860206
2  0.00000000 -0.1914746
3 -0.04719819 -0.2193165

[[14]]
  delta        mu      mu_1      mu_0         de       se_1         se_0
1   0.5 0.8328098 0.7155301 0.8994671 -0.1839371 0.02549364  0.030347689
2   1.0 0.7710270 0.6900364 0.8691194 -0.1790830 0.00000000  0.000000000
3   2.0 0.7578994 0.7127995 0.8599018 -0.1471024 0.02276305 -0.009217576
           oe         te
1  0.06178280 -0.1535894
2  0.00000000 -0.1790830
3 -0.01312765 -0.1563200

[[15]]
  delta        mu      mu_1      mu_0         de        se_1        se_0
1   0.5 0.8363050 0.7014858 0.9166199 -0.2151341  0.05581294  0.07378333
2   1.0 0.7299252 0.6456729 0.8428366 -0.1971637  0.00000000  0.00000000
3   2.0 0.6408263 0.5935408 0.7819311 -0.1883903 -0.05213207 -0.06090551
           oe         te
1  0.10637980 -0.1413508
2  0.00000000 -0.1971637
3 -0.08909882 -0.2492958

[[16]]
  delta        mu      mu_1      mu_0         de        se_1         se_0
1   0.5 0.8081303 0.7008882 0.8852391 -0.1843508  0.02707438  0.016162788
2   1.0 0.7556918 0.6738139 0.8690763 -0.1952624  0.00000000  0.000000000
3   2.0 0.7141415 0.6614585 0.8595700 -0.1981115 -0.01235534 -0.009506299
           oe         te
1  0.05243854 -0.1681881
2  0.00000000 -0.1952624
3 -0.04155034 -0.2076178

[[17]]
  delta        mu      mu_1      mu_0         de        se_1        se_0
1   0.5 0.8274334 0.7188495 0.8945169 -0.1756674  0.03056444  0.02655989
2   1.0 0.7684713 0.6882851 0.8679570 -0.1796719  0.00000000  0.00000000
3   2.0 0.7072033 0.6513064 0.8480651 -0.1967587 -0.03697868 -0.01989193
           oe         te
1  0.05896210 -0.1491075
2  0.00000000 -0.1796719
3 -0.06126797 -0.2166506

[[18]]
  delta        mu      mu_1      mu_0         de       se_1         se_0
1   0.5 0.8220170 0.6976948 0.9025560 -0.2048612 0.04162858  0.060709155
2   1.0 0.7345188 0.6560662 0.8418469 -0.1857806 0.00000000  0.000000000
3   2.0 0.7167748 0.6714470 0.8370216 -0.1655746 0.01538075 -0.004825291
           oe         te
1  0.08749818 -0.1441521
2  0.00000000 -0.1857806
3 -0.01774397 -0.1703999

[[19]]
  delta        mu      mu_1      mu_0         de       se_1        se_0
1   0.5 0.8341489 0.7148116 0.9129014 -0.1980898 0.03430036  0.04649971
2   1.0 0.7590682 0.6805113 0.8664017 -0.1858904 0.00000000  0.00000000
3   2.0 0.7357580 0.6930060 0.8503473 -0.1573413 0.01249469 -0.01605446
           oe         te
1  0.07508067 -0.1515901
2  0.00000000 -0.1858904
3 -0.02331017 -0.1733957

[[20]]
  delta        mu      mu_1      mu_0         de        se_1        se_0
1   0.5 0.8126984 0.7015962 0.8789315 -0.1773352  0.05287917  0.03368878
2   1.0 0.7323610 0.6487171 0.8452427 -0.1965256  0.00000000  0.00000000
3   2.0 0.6631147 0.6126096 0.8088826 -0.1962730 -0.03610750 -0.03636012
           oe         te
1  0.08033746 -0.1436465
2  0.00000000 -0.1965256
3 -0.06924631 -0.2326331

[[1]]
  delta         mu       mu_1       mu_0         de       se_1       se_0
1   0.5 0.02408146 0.01998695 0.02755198 0.02264269 0.01510454 0.02368689
2   1.0 0.01657287 0.01682136 0.01653059 0.01243501 0.00000000 0.00000000
3   2.0 0.03504968 0.04117335 0.02406113 0.03506330 0.03585915 0.02028639
          oe         te
1 0.02041268 0.01599166
2 0.00000000 0.01243501
3 0.03068411 0.04099151

[[2]]
  delta         mu       mu_1       mu_0         de       se_1       se_0
1   0.5 0.02533289 0.01978827 0.02944282 0.02208610 0.01546740 0.02474635
2   1.0 0.01763444 0.01793032 0.01737961 0.01239558 0.00000000 0.00000000
3   2.0 0.02929698 0.03182367 0.02326863 0.02300134 0.02456765 0.01873223
          oe         te
1 0.02144212 0.01540908
2 0.00000000 0.01239558
3 0.02355313 0.03140466

[[3]]
  delta         mu       mu_1       mu_0         de       se_1       se_0
1   0.5 0.02214337 0.01890525 0.02570206 0.02196410 0.01641852 0.02265682
2   1.0 0.01766789 0.01824008 0.01698442 0.01273403 0.00000000 0.00000000
3   2.0 0.03276149 0.03541636 0.02640303 0.02655592 0.02816466 0.01996667
          oe         te
1 0.02035413 0.01654810
2 0.00000000 0.01273403
3 0.02619120 0.03410772

[[4]]
  delta         mu       mu_1       mu_0         de       se_1       se_0
1   0.5 0.02311870 0.01918455 0.02661815 0.02152708 0.01606947 0.02422342
2   1.0 0.01737107 0.01807686 0.01659425 0.01254562 0.00000000 0.00000000
3   2.0 0.03695282 0.03993705 0.02708146 0.02672986 0.03352911 0.02149505
          oe         te
1 0.02141662 0.01582440
2 0.00000000 0.01254562
3 0.03140092 0.03871243

[[5]]
  delta         mu       mu_1       mu_0         de       se_1       se_0
1   0.5 0.02225767 0.01944328 0.02482954 0.01884857 0.01544464 0.02094591
2   1.0 0.01838239 0.01875088 0.01770573 0.01262999 0.00000000 0.00000000
3   2.0 0.03771712 0.04244917 0.02610290 0.03191244 0.03624308 0.01970671
         oe         te
1 0.0192201 0.01531707
2 0.0000000 0.01262999
3 0.0320077 0.04120468

[[6]]
  delta         mu       mu_1       mu_0         de       se_1       se_0
1   0.5 0.02539351 0.02021079 0.03016015 0.02548124 0.01535942 0.02629146
2   1.0 0.01729468 0.01766267 0.01718365 0.01285162 0.00000000 0.00000000
3   2.0 0.03296685 0.03640844 0.02471528 0.02446282 0.02966777 0.02114659
          oe         te
1 0.02190733 0.01520960
2 0.00000000 0.01285162
3 0.02770041 0.03566873

[[7]]
  delta         mu       mu_1       mu_0         de       se_1       se_0
1   0.5 0.02544328 0.02020282 0.02908315 0.02370227 0.01580223 0.02473639
2   1.0 0.01726477 0.01736055 0.01715254 0.01301988 0.00000000 0.00000000
3   2.0 0.03301265 0.03573894 0.02657735 0.02281416 0.02901283 0.02338989
          oe         te
1 0.02172233 0.01657499
2 0.00000000 0.01301988
3 0.02772267 0.03530956

[[8]]
  delta         mu       mu_1       mu_0         de       se_1       se_0
1   0.5 0.02346297 0.01924827 0.02652524 0.01957647 0.01502889 0.02247466
2   1.0 0.01835117 0.01875885 0.01762542 0.01227067 0.00000000 0.00000000
3   2.0 0.03560222 0.03766155 0.02720463 0.02267709 0.02858934 0.02082734
          oe         te
1 0.02016192 0.01499188
2 0.00000000 0.01227067
3 0.02762562 0.03423416

[[9]]
  delta         mu       mu_1       mu_0         de       se_1       se_0
1   0.5 0.02216171 0.01920494 0.02459778 0.01957660 0.01415965 0.02040639
2   1.0 0.01729706 0.01784171 0.01642193 0.01267636 0.00000000 0.00000000
3   2.0 0.03308880 0.03740465 0.02547714 0.03035870 0.03071558 0.02142674
          oe         te
1 0.01863236 0.01461412
2 0.00000000 0.01267636
3 0.02754963 0.03625813

[[10]]
  delta         mu       mu_1       mu_0         de       se_1       se_0
1   0.5 0.02254744 0.01978612 0.02589725 0.02202374 0.01525341 0.02069701
2   1.0 0.01740094 0.01769232 0.01686764 0.01201333 0.00000000 0.00000000
3   2.0 0.02991708 0.03284601 0.02373618 0.02427645 0.02646754 0.01862169
          oe         te
1 0.01787831 0.01578483
2 0.00000000 0.01201333
3 0.02453210 0.03213747

[[11]]
  delta         mu       mu_1       mu_0         de       se_1      se_0
1   0.5 0.02257746 0.02005399 0.02501638 0.02043028 0.01573837 0.0205166
2   1.0 0.01808772 0.01882635 0.01690178 0.01269505 0.00000000 0.0000000
3   2.0 0.03462767 0.03681827 0.02659191 0.02483592 0.02735238 0.0207890
          oe         te
1 0.01866827 0.01613335
2 0.00000000 0.01269505
3 0.02673772 0.03437693

[[12]]
  delta         mu       mu_1       mu_0         de       se_1       se_0
1   0.5 0.02506792 0.02042855 0.02789630 0.01981375 0.01682577 0.02416059
2   1.0 0.01703446 0.01760552 0.01657164 0.01307888 0.00000000 0.00000000
3   2.0 0.03228518 0.03479363 0.02494385 0.02338098 0.02915164 0.02187665
          oe         te
1 0.02142390 0.01646176
2 0.00000000 0.01307888
3 0.02814856 0.03528059

[[13]]
  delta         mu       mu_1       mu_0         de       se_1       se_0
1   0.5 0.02323428 0.02227840 0.02529437 0.02134631 0.01906740 0.02141246
2   1.0 0.01794216 0.01864594 0.01715333 0.01363653 0.00000000 0.00000000
3   2.0 0.04083350 0.04404036 0.02866344 0.02819606 0.03613034 0.02443952
          oe         te
1 0.02041539 0.01905062
2 0.00000000 0.01363653
3 0.03483203 0.04321432

[[14]]
  delta         mu       mu_1       mu_0         de       se_1       se_0
1   0.5 0.02312344 0.02234745 0.02665248 0.02512117 0.01789263 0.02263142
2   1.0 0.01751479 0.01818587 0.01683950 0.01273633 0.00000000 0.00000000
3   2.0 0.02984492 0.03202377 0.02410872 0.02230161 0.02346632 0.01834563
          oe         te
1 0.01968028 0.01875217
2 0.00000000 0.01273633
3 0.02235478 0.02947870

[[15]]
  delta         mu       mu_1       mu_0         de       se_1       se_0
1   0.5 0.02619544 0.02103699 0.02978070 0.02344152 0.01650648 0.02523358
2   1.0 0.01789503 0.01800638 0.01734035 0.01219680 0.00000000 0.00000000
3   2.0 0.02959459 0.03107554 0.02549007 0.02153554 0.02383277 0.01996814
          oe         te
1 0.02210732 0.01578470
2 0.00000000 0.01219680
3 0.02301173 0.02946549

[[16]]
  delta         mu       mu_1       mu_0         de       se_1       se_0
1   0.5 0.02205580 0.01947865 0.02481388 0.02090968 0.01506966 0.02099553
2   1.0 0.01735867 0.01766322 0.01655737 0.01193671 0.00000000 0.00000000
3   2.0 0.02831312 0.02996111 0.02340391 0.02007586 0.02307520 0.01858421
          oe         te
1 0.01879908 0.01538684
2 0.00000000 0.01193671
3 0.02237419 0.02861982

[[17]]
  delta         mu       mu_1       mu_0         de       se_1       se_0
1   0.5 0.02570712 0.02009429 0.02900278 0.02088349 0.01406578 0.02360262
2   1.0 0.01771042 0.01776944 0.01745301 0.01262321 0.00000000 0.00000000
3   2.0 0.02756533 0.03058313 0.02441031 0.02745378 0.02469716 0.01989555
          oe         te
1 0.02022495 0.01471986
2 0.00000000 0.01262321
3 0.02266496 0.03088517

[[18]]
  delta         mu       mu_1       mu_0         de       se_1       se_0
1   0.5 0.02684739 0.01977330 0.03070982 0.02288576 0.01548488 0.02595758
2   1.0 0.01648520 0.01699798 0.01621487 0.01277011 0.00000000 0.00000000
3   2.0 0.02789655 0.03022039 0.02328265 0.02197774 0.02213374 0.01799330
          oe         te
1 0.02274204 0.01522055
2 0.00000000 0.01277011
3 0.02145378 0.02939721

[[19]]
  delta         mu       mu_1       mu_0         de       se_1       se_0
1   0.5 0.02476409 0.01938243 0.02786985 0.01968521 0.01546955 0.02265654
2   1.0 0.01718986 0.01732521 0.01700187 0.01220009 0.00000000 0.00000000
3   2.0 0.03540002 0.04067866 0.02401549 0.03061921 0.03557970 0.01973396
          oe         te
1 0.02049910 0.01486704
2 0.00000000 0.01220009
3 0.03123308 0.04074037

[[20]]
  delta         mu       mu_1       mu_0         de       se_1       se_0
1   0.5 0.02592844 0.02108194 0.03641188 0.03587988 0.01854648 0.03186815
2   1.0 0.01758621 0.01846347 0.01682695 0.01264157 0.00000000 0.00000000
3   2.0 0.03546946 0.03838255 0.02707670 0.02598563 0.03109066 0.02190846
          oe         te
1 0.02243168 0.01834852
2 0.00000000 0.01264157
3 0.02955572 0.03746383

[[1]]
  delta        mu      mu_1      mu_0         de       se_1         se_0
1   0.5 0.7527476 0.6597938 0.8201546 -0.1603608 0.01042217 -0.007130097
2   1.0 0.7247042 0.6493716 0.8272847 -0.1779131 0.00000000  0.000000000
3   2.0 0.7106276 0.6685344 0.8166869 -0.1481525 0.01916278 -0.010597796
           oe         te
1  0.02804333 -0.1674909
2  0.00000000 -0.1779131
3 -0.01407668 -0.1587503

[[2]]
  delta        mu      mu_1      mu_0         de        se_1        se_0
1   0.5 0.7936373 0.6805056 0.8684508 -0.1879452  0.01807635  0.03541358
2   1.0 0.7354145 0.6624292 0.8330372 -0.1706080  0.00000000  0.00000000
3   2.0 0.6833251 0.6304049 0.8174732 -0.1870683 -0.03202434 -0.01556404
           oe         te
1  0.05822284 -0.1525316
2  0.00000000 -0.1706080
3 -0.05208933 -0.2026323

[[3]]
  delta        mu      mu_1      mu_0         de         se_1        se_0
1   0.5 0.7724098 0.6571442 0.8440180 -0.1868738 -0.001132244 -0.01098115
2   1.0 0.7449540 0.6582764 0.8549991 -0.1967227  0.000000000  0.00000000
3   2.0 0.7366852 0.6734863 0.8849175 -0.2114312  0.015209807  0.02991838
            oe         te
1  0.027455753 -0.1978549
2  0.000000000 -0.1967227
3 -0.008268793 -0.1815129

[[4]]
  delta        mu      mu_1      mu_0         de        se_1        se_0
1   0.5 0.8010923 0.6909459 0.8755640 -0.1846181  0.03626611  0.02612233
2   1.0 0.7356854 0.6546798 0.8494417 -0.1947619  0.00000000  0.00000000
3   2.0 0.6538697 0.6007659 0.8109747 -0.2102089 -0.05391395 -0.03846695
           oe         te
1  0.06540685 -0.1584958
2  0.00000000 -0.1947619
3 -0.08181573 -0.2486758

[[5]]
  delta        mu      mu_1      mu_0         de          se_1        se_0
1   0.5 0.8038305 0.6922246 0.8819691 -0.1897445  0.0009336539 0.009514239
2   1.0 0.7669208 0.6912910 0.8724549 -0.1811639  0.0000000000 0.000000000
3   2.0 0.7273653 0.6734693 0.8784324 -0.2049631 -0.0178216911 0.005977473
           oe         te
1  0.03690969 -0.1802302
2  0.00000000 -0.1811639
3 -0.03955553 -0.1989856

[[6]]
  delta        mu      mu_1      mu_0         de        se_1        se_0
1   0.5 0.8068958 0.6853766 0.8868172 -0.2014406  0.02153965  0.04642527
2   1.0 0.7388171 0.6638369 0.8403919 -0.1765550  0.00000000  0.00000000
3   2.0 0.6755420 0.6219265 0.8185900 -0.1966636 -0.04191050 -0.02180189
           oe         te
1  0.06807868 -0.1550153
2  0.00000000 -0.1765550
3 -0.06327512 -0.2184655

[[7]]
  delta        mu      mu_1      mu_0         de         se_1        se_0
1   0.5 0.7543366 0.6647000 0.8189493 -0.1542492 -0.005568909 -0.02018869
2   1.0 0.7419542 0.6702690 0.8391380 -0.1688690  0.000000000  0.00000000
3   2.0 0.7388817 0.6905446 0.8582990 -0.1677544  0.020275626  0.01916102
            oe         te
1  0.012382335 -0.1744379
2  0.000000000 -0.1688690
3 -0.003072521 -0.1485934

[[8]]
  delta        mu      mu_1      mu_0         de         se_1        se_0
1   0.5 0.8138037 0.7076762 0.8851858 -0.1775096  0.054461949  0.03735348
2   1.0 0.7338649 0.6532142 0.8478323 -0.1946181  0.000000000  0.00000000
3   2.0 0.6953636 0.6483082 0.8239370 -0.1756287 -0.004906023 -0.02389536
           oe         te
1  0.07993875 -0.1401561
2  0.00000000 -0.1946181
3 -0.03850133 -0.1995241

[[9]]
  delta        mu      mu_1      mu_0         de        se_1          se_0
1   0.5 0.7829094 0.6874340 0.8527517 -0.1653178  0.03975358  0.0003949819
2   1.0 0.7333247 0.6476804 0.8523567 -0.2046764  0.00000000  0.0000000000
3   2.0 0.6742159 0.6194433 0.8294280 -0.2099847 -0.02823709 -0.0229287330
           oe         te
1  0.04958464 -0.1649228
2  0.00000000 -0.2046764
3 -0.05910881 -0.2329134

[[10]]
  delta        mu      mu_1      mu_0         de        se_1         se_0
1   0.5 0.8095755 0.6869857 0.8868079 -0.1998222  0.02653832  0.029866740
2   1.0 0.7466606 0.6604474 0.8569412 -0.1964938  0.00000000  0.000000000
3   2.0 0.6805497 0.6131798 0.8548387 -0.2416589 -0.04726760 -0.002102517
           oe         te
1  0.06291487 -0.1699555
2  0.00000000 -0.1964938
3 -0.06611094 -0.2437614

[[11]]
  delta        mu      mu_1      mu_0         de        se_1         se_0
1   0.5 0.8316175 0.7332001 0.8976957 -0.1644956 0.036395106  0.028740164
2   1.0 0.7688223 0.6968050 0.8689556 -0.1721506 0.000000000  0.000000000
3   2.0 0.7481280 0.7056739 0.8631503 -0.1574765 0.008868854 -0.005805242
           oe         te
1  0.06279515 -0.1357555
2  0.00000000 -0.1721506
3 -0.02069434 -0.1632817

[[12]]
  delta        mu      mu_1      mu_0         de         se_1         se_0
1   0.5 0.7644636 0.6558315 0.8407377 -0.1849062  0.001058839 -0.002430211
2   1.0 0.7340353 0.6547726 0.8431679 -0.1883953  0.000000000  0.000000000
3   2.0 0.6885926 0.6313258 0.8418558 -0.2105300 -0.023446817 -0.001312097
           oe         te
1  0.03042837 -0.1873364
2  0.00000000 -0.1883953
3 -0.04544266 -0.2118421

[[13]]
  delta        mu      mu_1      mu_0         de        se_1        se_0
1   0.5 0.7789511 0.6787740 0.8512449 -0.1724709  0.00679979 -0.01222361
2   1.0 0.7542979 0.6719742 0.8634685 -0.1914943  0.00000000  0.00000000
3   2.0 0.7077780 0.6450600 0.8762274 -0.2311673 -0.02691419  0.01275887
           oe         te
1  0.02465311 -0.1846945
2  0.00000000 -0.1914943
3 -0.04651992 -0.2184085

[[14]]
  delta        mu      mu_1      mu_0         de       se_1         se_0
1   0.5 0.8325298 0.7152133 0.8991707 -0.1839574 0.02531398  0.030229937
2   1.0 0.7707875 0.6898994 0.8689408 -0.1790414 0.00000000  0.000000000
3   2.0 0.7577748 0.7126870 0.8598336 -0.1471466 0.02278760 -0.009107201
           oe         te
1  0.06174222 -0.1537274
2  0.00000000 -0.1790414
3 -0.01301269 -0.1562538

[[15]]
  delta        mu      mu_1      mu_0         de        se_1        se_0
1   0.5 0.8363838 0.7017810 0.9174700 -0.2156890  0.05525525  0.07264054
2   1.0 0.7313905 0.6465257 0.8448295 -0.1983038  0.00000000  0.00000000
3   2.0 0.6428313 0.5960442 0.7829945 -0.1869503 -0.05048151 -0.06183495
           oe         te
1  0.10499336 -0.1430485
2  0.00000000 -0.1983038
3 -0.08855917 -0.2487853

[[16]]
  delta        mu      mu_1      mu_0         de        se_1         se_0
1   0.5 0.8085789 0.7012744 0.8857577 -0.1844833  0.02707484  0.016893234
2   1.0 0.7558853 0.6741996 0.8688645 -0.1946649  0.00000000  0.000000000
3   2.0 0.7150670 0.6622192 0.8608024 -0.1985832 -0.01198038 -0.008062097
           oe         te
1  0.05269354 -0.1675901
2  0.00000000 -0.1946649
3 -0.04081829 -0.2066453

[[17]]
  delta        mu      mu_1      mu_0         de        se_1        se_0
1   0.5 0.8276128 0.7185948 0.8947634 -0.1761685  0.03026196  0.02700215
2   1.0 0.7684825 0.6883329 0.8677612 -0.1794283  0.00000000  0.00000000
3   2.0 0.7056423 0.6492600 0.8472406 -0.1979806 -0.03907283 -0.02052060
           oe         te
1  0.05913028 -0.1491664
2  0.00000000 -0.1794283
3 -0.06284023 -0.2185012

[[18]]
  delta        mu      mu_1      mu_0         de       se_1         se_0
1   0.5 0.8215434 0.6981934 0.9016664 -0.2034730 0.04225437  0.059933015
2   1.0 0.7344408 0.6559390 0.8417334 -0.1857943 0.00000000  0.000000000
3   2.0 0.7158818 0.6705463 0.8365886 -0.1660422 0.01460729 -0.005144801
           oe         te
1  0.08710260 -0.1435400
2  0.00000000 -0.1857943
3 -0.01855899 -0.1711870

[[19]]
  delta        mu      mu_1      mu_0         de       se_1        se_0
1   0.5 0.8335700 0.7138904 0.9126625 -0.1987720 0.03336767  0.04655857
2   1.0 0.7588201 0.6805228 0.8661039 -0.1855811 0.00000000  0.00000000
3   2.0 0.7375064 0.6959239 0.8494723 -0.1535483 0.01540119 -0.01663162
           oe         te
1  0.07474991 -0.1522135
2  0.00000000 -0.1855811
3 -0.02131362 -0.1701800

[[20]]
  delta        mu      mu_1      mu_0         de        se_1        se_0
1   0.5 0.8144519 0.7013878 0.8831424 -0.1817546  0.05634129  0.04055900
2   1.0 0.7289433 0.6450465 0.8425834 -0.1975369  0.00000000  0.00000000
3   2.0 0.6575206 0.6074084 0.8042822 -0.1968737 -0.03763807 -0.03830127
           oe         te
1  0.08550858 -0.1411956
2  0.00000000 -0.1975369
3 -0.07142273 -0.2351750

[[1]]
  delta         mu       mu_1       mu_0         de       se_1       se_0
1   0.5 0.02413813 0.02007798 0.02755238 0.02260992 0.01517258 0.02363051
2   1.0 0.01661457 0.01685495 0.01656842 0.01246627 0.00000000 0.00000000
3   2.0 0.03566945 0.04207245 0.02425024 0.03591042 0.03688191 0.02046046
         oe         te
1 0.0204168 0.01600561
2 0.0000000 0.01246627
3 0.0314175 0.04201930

[[2]]
  delta         mu       mu_1       mu_0         de       se_1       se_0
1   0.5 0.02473066 0.01982029 0.02840200 0.02123074 0.01554729 0.02376132
2   1.0 0.01754137 0.01789653 0.01723421 0.01233887 0.00000000 0.00000000
3   2.0 0.02946037 0.03198608 0.02320884 0.02307775 0.02483820 0.01856876
          oe         te
1 0.02088563 0.01548945
2 0.00000000 0.01233887
3 0.02371746 0.03147754

[[3]]
  delta         mu       mu_1       mu_0         de       se_1       se_0
1   0.5 0.02207919 0.01889996 0.02560095 0.02180341 0.01640705 0.02251725
2   1.0 0.01758318 0.01821585 0.01684067 0.01273929 0.00000000 0.00000000
3   2.0 0.03271723 0.03532222 0.02631749 0.02635226 0.02799247 0.01996585
          oe         te
1 0.02032745 0.01650045
2 0.00000000 0.01273929
3 0.02607785 0.03393789

[[4]]
  delta         mu       mu_1       mu_0         de       se_1       se_0
1   0.5 0.02305873 0.01915016 0.02655763 0.02152565 0.01606189 0.02421750
2   1.0 0.01740365 0.01811859 0.01659139 0.01253963 0.00000000 0.00000000
3   2.0 0.03741359 0.04052421 0.02718884 0.02721755 0.03411022 0.02156797
          oe         te
1 0.02140789 0.01580390
2 0.00000000 0.01253963
3 0.03185242 0.03929145

[[5]]
  delta         mu       mu_1       mu_0         de       se_1       se_0
1   0.5 0.02219756 0.01964400 0.02458221 0.01855672 0.01562577 0.02077995
2   1.0 0.01855712 0.01894639 0.01774802 0.01261942 0.00000000 0.00000000
3   2.0 0.03863256 0.04357112 0.02614169 0.03301218 0.03738041 0.01958295
          oe         te
1 0.01924260 0.01533543
2 0.00000000 0.01261942
3 0.03287269 0.04226938

[[6]]
  delta         mu       mu_1       mu_0         de       se_1      se_0
1   0.5 0.02522621 0.02019218 0.02991907 0.02522170 0.01547787 0.0259377
2   1.0 0.01722369 0.01764463 0.01709416 0.01281097 0.00000000 0.0000000
3   2.0 0.03286556 0.03611173 0.02488119 0.02384552 0.02915321 0.0212833
          oe         te
1 0.02167919 0.01518407
2 0.00000000 0.01281097
3 0.02742195 0.03525063

[[7]]
  delta         mu       mu_1       mu_0         de       se_1       se_0
1   0.5 0.02543069 0.02027517 0.02909162 0.02399865 0.01591740 0.02479366
2   1.0 0.01732865 0.01742021 0.01718353 0.01301768 0.00000000 0.00000000
3   2.0 0.03288403 0.03550180 0.02646912 0.02264974 0.02868503 0.02321219
          oe         te
1 0.02177288 0.01666159
2 0.00000000 0.01301768
3 0.02752224 0.03504965

[[8]]
  delta         mu       mu_1       mu_0         de       se_1       se_0
1   0.5 0.02325677 0.01930406 0.02599582 0.01891437 0.01527490 0.02217996
2   1.0 0.01853435 0.01893598 0.01770858 0.01226117 0.00000000 0.00000000
3   2.0 0.03660682 0.03867106 0.02754351 0.02330484 0.02948322 0.02098928
          oe         te
1 0.02016244 0.01513918
2 0.00000000 0.01226117
3 0.02847722 0.03512502

[[9]]
  delta         mu       mu_1       mu_0         de       se_1       se_0
1   0.5 0.02203552 0.01909760 0.02454680 0.01960329 0.01402544 0.02036017
2   1.0 0.01724172 0.01780848 0.01640499 0.01270765 0.00000000 0.00000000
3   2.0 0.03308090 0.03742894 0.02539292 0.03038627 0.03073345 0.02147542
          oe         te
1 0.01850832 0.01447640
2 0.00000000 0.01270765
3 0.02755285 0.03626007

[[10]]
  delta         mu       mu_1       mu_0         de       se_1       se_0
1   0.5 0.02268436 0.01964652 0.02612059 0.02213642 0.01489276 0.02074556
2   1.0 0.01740447 0.01764818 0.01691752 0.01207133 0.00000000 0.00000000
3   2.0 0.02986887 0.03333436 0.02335888 0.02593431 0.02721512 0.01829084
          oe         te
1 0.01779250 0.01556105
2 0.00000000 0.01207133
3 0.02466509 0.03282101

[[11]]
  delta         mu       mu_1       mu_0         de       se_1       se_0
1   0.5 0.02258146 0.02021931 0.02508967 0.02083160 0.01591716 0.02063310
2   1.0 0.01812695 0.01887796 0.01692354 0.01271697 0.00000000 0.00000000
3   2.0 0.03523069 0.03731357 0.02709257 0.02499187 0.02784297 0.02125059
          oe         te
1 0.01874079 0.01635209
2 0.00000000 0.01271697
3 0.02730022 0.03484090

[[12]]
  delta         mu       mu_1       mu_0         de       se_1       se_0
1   0.5 0.02498530 0.02037878 0.02781517 0.01975276 0.01679523 0.02397893
2   1.0 0.01707354 0.01766011 0.01661796 0.01309092 0.00000000 0.00000000
3   2.0 0.03223263 0.03487878 0.02482883 0.02366420 0.02926920 0.02173759
          oe         te
1 0.02128075 0.01642777
2 0.00000000 0.01309092
3 0.02814044 0.03536628

[[13]]
  delta         mu       mu_1       mu_0         de       se_1       se_0
1   0.5 0.02299972 0.02203682 0.02499693 0.02097230 0.01873564 0.02118791
2   1.0 0.01793660 0.01867092 0.01710436 0.01360447 0.00000000 0.00000000
3   2.0 0.04083772 0.04406031 0.02856694 0.02819964 0.03615668 0.02430304
          oe         te
1 0.02019011 0.01871395
2 0.00000000 0.01360447
3 0.03483293 0.04321156

[[14]]
  delta         mu       mu_1       mu_0         de       se_1       se_0
1   0.5 0.02308016 0.02228567 0.02663550 0.02511701 0.01787859 0.02260516
2   1.0 0.01747083 0.01814822 0.01680963 0.01274064 0.00000000 0.00000000
3   2.0 0.02990654 0.03210760 0.02408405 0.02236710 0.02357384 0.01835815
          oe         te
1 0.01966562 0.01874514
2 0.00000000 0.01274064
3 0.02244963 0.02958853

[[15]]
  delta         mu       mu_1       mu_0         de       se_1       se_0
1   0.5 0.02589599 0.02087171 0.02954970 0.02336794 0.01644919 0.02487085
2   1.0 0.01800185 0.01808233 0.01745263 0.01230411 0.00000000 0.00000000
3   2.0 0.02954234 0.03126763 0.02536335 0.02203428 0.02419255 0.01983528
          oe         te
1 0.02175589 0.01576746
2 0.00000000 0.01230411
3 0.02304772 0.02978510

[[16]]
  delta         mu       mu_1       mu_0         de       se_1       se_0
1   0.5 0.02202017 0.01945232 0.02477917 0.02082613 0.01505879 0.02094678
2   1.0 0.01734815 0.01769759 0.01650423 0.01190670 0.00000000 0.00000000
3   2.0 0.02869511 0.03045583 0.02354458 0.02057345 0.02355213 0.01872992
          oe         te
1 0.01876577 0.01528356
2 0.00000000 0.01190670
3 0.02270977 0.02904046

[[17]]
  delta         mu       mu_1       mu_0         de       se_1       se_0
1   0.5 0.02566211 0.02007619 0.02890966 0.02078554 0.01406001 0.02352287
2   1.0 0.01770107 0.01776286 0.01743943 0.01261320 0.00000000 0.00000000
3   2.0 0.02762588 0.03076824 0.02431547 0.02786646 0.02486828 0.01976151
          oe         te
1 0.02018577 0.01472376
2 0.00000000 0.01261320
3 0.02269500 0.03105898

[[18]]
  delta         mu       mu_1       mu_0         de       se_1       se_0
1   0.5 0.02665943 0.01974098 0.03040716 0.02229762 0.01548787 0.02562925
2   1.0 0.01653133 0.01704156 0.01626907 0.01275701 0.00000000 0.00000000
3   2.0 0.02802239 0.03034147 0.02343341 0.02211405 0.02223128 0.01804354
          oe         te
1 0.02256428 0.01509753
2 0.00000000 0.01275701
3 0.02152024 0.02947686

[[19]]
  delta         mu       mu_1       mu_0         de       se_1       se_0
1   0.5 0.02479070 0.01934667 0.02794841 0.01978307 0.01542174 0.02268492
2   1.0 0.01722960 0.01739729 0.01701483 0.01225473 0.00000000 0.00000000
3   2.0 0.03586672 0.04127276 0.02414871 0.03104849 0.03603864 0.01979159
          oe         te
1 0.02048776 0.01481988
2 0.00000000 0.01225473
3 0.03159906 0.04126694

[[20]]
  delta         mu       mu_1       mu_0         de       se_1       se_0
1   0.5 0.02592413 0.02118222 0.03420990 0.03198704 0.01867241 0.02961543
2   1.0 0.01783863 0.01870257 0.01696688 0.01267781 0.00000000 0.00000000
3   2.0 0.03607460 0.03902460 0.02711867 0.02632108 0.03167122 0.02204620
          oe         te
1 0.02252517 0.01813126
2 0.00000000 0.01267781
3 0.03017862 0.03819965

[1] "Total run time was 3197.996 seconds"
