Warning message:
package ‘SuperLearner’ was built under R version 4.1.3 
[1] "[Simulation setting]"
[1] "n: 500"
[1] "deltas: 0.5, 1, 2"
[1] "K: 2"
[1] "r: 100"
[1] "s: 1"
[1] "Sim.id 1"
[1] "Data generated and format changed"
[1] "   Split: 1"
Loading required namespace: nnet
Loading required namespace: ranger
[1] "   Split: 2"
[1] "Estimates and SE estimates computed"
[1] ""
[1] "Sim.id 2"
[1] "Data generated and format changed"
[1] "   Split: 1"
[1] "   Split: 2"
[1] "Estimates and SE estimates computed"
[1] ""
[1] "Sim.id 3"
[1] "Data generated and format changed"
[1] "   Split: 1"
[1] "   Split: 2"
[1] "Estimates and SE estimates computed"
[1] ""
[1] "Sim.id 4"
[1] "Data generated and format changed"
[1] "   Split: 1"
[1] "   Split: 2"
[1] "Estimates and SE estimates computed"
[1] ""
[1] "Sim.id 5"
[1] "Data generated and format changed"
[1] "   Split: 1"
[1] "   Split: 2"
[1] "Estimates and SE estimates computed"
[1] ""
[1] "Sim.id 6"
[1] "Data generated and format changed"
[1] "   Split: 1"
[1] "   Split: 2"
[1] "Estimates and SE estimates computed"
[1] ""
[1] "Sim.id 7"
[1] "Data generated and format changed"
[1] "   Split: 1"
[1] "   Split: 2"
[1] "Estimates and SE estimates computed"
[1] ""
[1] "Sim.id 8"
[1] "Data generated and format changed"
[1] "   Split: 1"
[1] "   Split: 2"
[1] "Estimates and SE estimates computed"
[1] ""
[1] "Sim.id 9"
[1] "Data generated and format changed"
[1] "   Split: 1"
[1] "   Split: 2"
[1] "Estimates and SE estimates computed"
[1] ""
[1] "Sim.id 10"
[1] "Data generated and format changed"
[1] "   Split: 1"
[1] "   Split: 2"
[1] "Estimates and SE estimates computed"
[1] ""
[1] "Sim.id 11"
[1] "Data generated and format changed"
[1] "   Split: 1"
[1] "   Split: 2"
[1] "Estimates and SE estimates computed"
[1] ""
[1] "Sim.id 12"
[1] "Data generated and format changed"
[1] "   Split: 1"
[1] "   Split: 2"
[1] "Estimates and SE estimates computed"
[1] ""
[1] "Sim.id 13"
[1] "Data generated and format changed"
[1] "   Split: 1"
[1] "   Split: 2"
[1] "Estimates and SE estimates computed"
[1] ""
[1] "Sim.id 14"
[1] "Data generated and format changed"
[1] "   Split: 1"
[1] "   Split: 2"
[1] "Estimates and SE estimates computed"
[1] ""
[1] "Sim.id 15"
[1] "Data generated and format changed"
[1] "   Split: 1"
[1] "   Split: 2"
[1] "Estimates and SE estimates computed"
[1] ""
[1] "Sim.id 16"
[1] "Data generated and format changed"
[1] "   Split: 1"
[1] "   Split: 2"
[1] "Estimates and SE estimates computed"
[1] ""
[1] "Sim.id 17"
[1] "Data generated and format changed"
[1] "   Split: 1"
[1] "   Split: 2"
[1] "Estimates and SE estimates computed"
[1] ""
[1] "Sim.id 18"
[1] "Data generated and format changed"
[1] "   Split: 1"
[1] "   Split: 2"
[1] "Estimates and SE estimates computed"
[1] ""
[1] "Sim.id 19"
[1] "Data generated and format changed"
[1] "   Split: 1"
[1] "   Split: 2"
[1] "Estimates and SE estimates computed"
[1] ""
[1] "Sim.id 20"
[1] "Data generated and format changed"
[1] "   Split: 1"
[1] "   Split: 2"
[1] "Estimates and SE estimates computed"
[1] ""
[[1]]
  delta        mu      mu_1      mu_0         de       se_1       se_0
1   0.5 0.7991725 0.6948225 0.8648823 -0.1700599 0.01604841 0.01589347
2   1.0 0.7537541 0.6787741 0.8489889 -0.1702148 0.00000000 0.00000000
3   2.0 0.7679353 0.7182376 0.8768618 -0.1586242 0.03946350 0.02787289
          oe         te
1 0.04541839 -0.1541664
2 0.00000000 -0.1702148
3 0.01418124 -0.1307513

[[2]]
  delta        mu      mu_1      mu_0         de        se_1        se_0
1   0.5 0.8079622 0.7200752 0.8624005 -0.1423253 0.005771716 -0.01175934
2   1.0 0.7873235 0.7143034 0.8741598 -0.1598564 0.000000000  0.00000000
3   2.0 0.7824591 0.7320615 0.8903914 -0.1583299 0.017758025  0.01623153
            oe         te
1  0.020638702 -0.1540847
2  0.000000000 -0.1598564
3 -0.004864394 -0.1420984

[[3]]
  delta        mu      mu_1      mu_0         de        se_1        se_0
1   0.5 0.8221359 0.7156052 0.8869162 -0.1713110  0.04782561  0.03044288
2   1.0 0.7518123 0.6677796 0.8564733 -0.1886937  0.00000000  0.00000000
3   2.0 0.6366244 0.5720665 0.8101221 -0.2380556 -0.09571308 -0.04635118
          oe         te
1  0.0703236 -0.1408681
2  0.0000000 -0.1886937
3 -0.1151879 -0.2844068

[[4]]
  delta        mu      mu_1      mu_0         de         se_1         se_0
1   0.5 0.7738139 0.6758036 0.8444540 -0.1686504  0.009812997 -0.002476431
2   1.0 0.7421192 0.6659906 0.8469304 -0.1809398  0.000000000  0.000000000
3   2.0 0.6919688 0.6508489 0.8051534 -0.1543045 -0.015141680 -0.041777005
           oe         te
1  0.03169469 -0.1711268
2  0.00000000 -0.1809398
3 -0.05015041 -0.1960815

[[5]]
  delta        mu      mu_1      mu_0         de        se_1        se_0
1   0.5 0.7974294 0.6888074 0.8682811 -0.1794736  0.01890507  0.01148488
2   1.0 0.7517605 0.6699023 0.8567962 -0.1868938  0.00000000  0.00000000
3   2.0 0.6509269 0.5850270 0.8224627 -0.2374356 -0.08487533 -0.03433353
           oe         te
1  0.04566891 -0.1679888
2  0.00000000 -0.1868938
3 -0.10083354 -0.2717692

[[6]]
  delta        mu      mu_1      mu_0         de        se_1         se_0
1   0.5 0.8063060 0.6977038 0.8745028 -0.1767989  0.02687199 -0.002204718
2   1.0 0.7608026 0.6708319 0.8767075 -0.2058756  0.00000000  0.000000000
3   2.0 0.7043330 0.6439608 0.8645739 -0.2206131 -0.02687102 -0.012133572
           oe         te
1  0.04550335 -0.1790036
2  0.00000000 -0.2058756
3 -0.05646968 -0.2327466

[[7]]
  delta        mu      mu_1      mu_0         de         se_1        se_0
1   0.5 0.7834186 0.6964969 0.8488386 -0.1523417  0.008958983 -0.01439855
2   1.0 0.7599150 0.6875379 0.8632371 -0.1756992  0.000000000  0.00000000
3   2.0 0.7005219 0.6322361 0.8927901 -0.2605540 -0.055301772  0.02955304
           oe         te
1  0.02350361 -0.1667402
2  0.00000000 -0.1756992
3 -0.05939309 -0.2310010

[[8]]
  delta        mu      mu_1      mu_0         de        se_1        se_0
1   0.5 0.7952950 0.6904953 0.8657862 -0.1752909  0.02301257  0.01012226
2   1.0 0.7474113 0.6674827 0.8556639 -0.1881812  0.00000000  0.00000000
3   2.0 0.6641336 0.6079539 0.8167194 -0.2087655 -0.05952880 -0.03894451
           oe         te
1  0.04788365 -0.1651686
2  0.00000000 -0.1881812
3 -0.08327775 -0.2477100

[[9]]
  delta        mu      mu_1      mu_0         de         se_1        se_0
1   0.5 0.7969809 0.6963919 0.8744107 -0.1780187  0.020182194  0.01153741
2   1.0 0.7509988 0.6762097 0.8628733 -0.1866635  0.000000000  0.00000000
3   2.0 0.7126278 0.6734436 0.8326954 -0.1592518 -0.002766133 -0.03017783
           oe         te
1  0.04598212 -0.1664813
2  0.00000000 -0.1866635
3 -0.03837095 -0.1894297

[[10]]
  delta        mu      mu_1      mu_0         de         se_1        se_0
1   0.5 0.7777151 0.6595378 0.8593166 -0.1997787  0.002603678 0.028727702
2   1.0 0.7321062 0.6569342 0.8305889 -0.1736547  0.000000000 0.000000000
3   2.0 0.7076319 0.6541797 0.8386133 -0.1844336 -0.002754481 0.008024393
           oe         te
1  0.04560886 -0.1710510
2  0.00000000 -0.1736547
3 -0.02447438 -0.1764092

[[11]]
  delta        mu      mu_1      mu_0         de         se_1         se_0
1   0.5 0.7660193 0.6621578 0.8350542 -0.1728964  0.008195821 -0.009248522
2   1.0 0.7346033 0.6539620 0.8443028 -0.1903408  0.000000000  0.000000000
3   2.0 0.6616465 0.5988752 0.8394758 -0.2406006 -0.055086749 -0.004826951
           oe         te
1  0.03141599 -0.1821450
2  0.00000000 -0.1903408
3 -0.07295675 -0.2454275

[[12]]
  delta        mu      mu_1      mu_0         de        se_1        se_0
1   0.5 0.7832025 0.6704580 0.8606332 -0.1901752  0.01174146  0.01375201
2   1.0 0.7389375 0.6587165 0.8468812 -0.1881646  0.00000000  0.00000000
3   2.0 0.6787858 0.6234425 0.8328857 -0.2094432 -0.03527408 -0.01399552
           oe         te
1  0.04426507 -0.1764232
2  0.00000000 -0.1881646
3 -0.06015164 -0.2234387

[[13]]
  delta        mu      mu_1      mu_0         de        se_1        se_0
1   0.5 0.8144656 0.7107186 0.8868473 -0.1761286  0.02793148  0.01226806
2   1.0 0.7677253 0.6827872 0.8745792 -0.1917921  0.00000000  0.00000000
3   2.0 0.6901929 0.6219731 0.8629823 -0.2410092 -0.06081404 -0.01159689
           oe         te
1  0.04674032 -0.1638606
2  0.00000000 -0.1917921
3 -0.07753241 -0.2526061

[[14]]
  delta        mu      mu_1      mu_0         de        se_1        se_0
1   0.5 0.7722040 0.6891457 0.8337882 -0.1446426 0.003388577 -0.02083992
2   1.0 0.7554011 0.6857571 0.8546281 -0.1688711 0.000000000  0.00000000
3   2.0 0.7600241 0.7148877 0.8844098 -0.1695222 0.029130613  0.02978170
           oe         te
1 0.016802887 -0.1654825
2 0.000000000 -0.1688711
3 0.004623011 -0.1397405

[[15]]
  delta        mu      mu_1      mu_0         de         se_1        se_0
1   0.5 0.7925849 0.6744239 0.8699277 -0.1955038  0.004839468  0.01827522
2   1.0 0.7517314 0.6695845 0.8516525 -0.1820680  0.000000000  0.00000000
3   2.0 0.6981927 0.6409524 0.8275613 -0.1866089 -0.028632053 -0.02409113
          oe         te
1  0.0408535 -0.1772285
2  0.0000000 -0.1820680
3 -0.0535387 -0.2107001

[[16]]
  delta        mu      mu_1      mu_0         de       se_1         se_0
1   0.5 0.8218365 0.7205302 0.8887516 -0.1682214 0.03423849  0.028799739
2   1.0 0.7602645 0.6862918 0.8599519 -0.1736601 0.00000000  0.000000000
3   2.0 0.7489653 0.7053236 0.8568888 -0.1515651 0.01903185 -0.003063114
           oe         te
1  0.06157199 -0.1394216
2  0.00000000 -0.1736601
3 -0.01129926 -0.1546283

[[17]]
  delta        mu      mu_1      mu_0         de         se_1        se_0
1   0.5 0.8298399 0.7314034 0.8911893 -0.1597859  0.025568220  0.02182838
2   1.0 0.7771919 0.7058352 0.8693609 -0.1635257  0.000000000  0.00000000
3   2.0 0.7520326 0.7020151 0.8680929 -0.1660778 -0.003820069 -0.00126802
           oe         te
1  0.05264805 -0.1379575
2  0.00000000 -0.1635257
3 -0.02515923 -0.1673458

[[18]]
  delta        mu      mu_1      mu_0         de        se_1         se_0
1   0.5 0.7916583 0.6884701 0.8621622 -0.1736921  0.03685284  0.009968356
2   1.0 0.7365902 0.6516172 0.8521939 -0.2005766  0.00000000  0.000000000
3   2.0 0.6380681 0.5860945 0.7920889 -0.2059943 -0.06552270 -0.060105006
           oe         te
1  0.05506809 -0.1637238
2  0.00000000 -0.2005766
3 -0.09852212 -0.2660993

[[19]]
  delta        mu      mu_1      mu_0         de        se_1         se_0
1   0.5 0.8101519 0.6810163 0.8904780 -0.2094616  0.02127292  0.048324300
2   1.0 0.7386250 0.6597434 0.8421537 -0.1824102  0.00000000  0.000000000
3   2.0 0.6973846 0.6460409 0.8358882 -0.1898472 -0.01370251 -0.006265503
           oe         te
1  0.07152686 -0.1611373
2  0.00000000 -0.1824102
3 -0.04124040 -0.1961127

[[20]]
  delta        mu      mu_1      mu_0         de        se_1        se_0
1   0.5 0.8186862 0.7077870 0.8896575 -0.1818705  0.03326675  0.02571301
2   1.0 0.7555542 0.6745203 0.8639445 -0.1894242  0.00000000  0.00000000
3   2.0 0.6822441 0.6298209 0.8260256 -0.1962048 -0.04469939 -0.03791887
           oe         te
1  0.06313204 -0.1561575
2  0.00000000 -0.1894242
3 -0.07331005 -0.2341236

[[1]]
  delta         mu       mu_1       mu_0         de       se_1       se_0
1   0.5 0.02594755 0.02129670 0.02996477 0.02465937 0.01734812 0.02496935
2   1.0 0.01712766 0.01800760 0.01647280 0.01258424 0.00000000 0.00000000
3   2.0 0.03264369 0.03531191 0.02500134 0.02217169 0.02725487 0.02008290
          oe         te
1 0.02225400 0.01701023
2 0.00000000 0.01258424
3 0.02606594 0.03367119

[[2]]
  delta         mu       mu_1       mu_0         de       se_1       se_0
1   0.5 0.02363455 0.01945561 0.02646555 0.01917795 0.01459583 0.02102112
2   1.0 0.01726313 0.01782004 0.01674356 0.01233686 0.00000000 0.00000000
3   2.0 0.03729418 0.04096854 0.02623210 0.02645318 0.03422987 0.02163701
          oe         te
1 0.01926579 0.01423622
2 0.00000000 0.01233686
3 0.03161062 0.03941695

[[3]]
  delta         mu       mu_1       mu_0         de       se_1       se_0
1   0.5 0.02546009 0.02087215 0.02847563 0.02182991 0.01616665 0.02377928
2   1.0 0.01745097 0.01799641 0.01674928 0.01235452 0.00000000 0.00000000
3   2.0 0.02708836 0.02849023 0.02418981 0.02043800 0.02087932 0.01829902
          oe         te
1 0.02121193 0.01613342
2 0.00000000 0.01235452
3 0.02027143 0.02636028

[[4]]
  delta         mu       mu_1       mu_0         de       se_1       se_0
1   0.5 0.02340204 0.02033931 0.02682234 0.01994659 0.01562592 0.02212987
2   1.0 0.01758337 0.01835170 0.01666889 0.01214143 0.00000000 0.00000000
3   2.0 0.03175287 0.03335931 0.02615486 0.02186315 0.02624157 0.02109750
          oe         te
1 0.01972319 0.01525749
2 0.00000000 0.01214143
3 0.02578065 0.03225035

[[5]]
  delta         mu       mu_1       mu_0         de       se_1       se_0
1   0.5 0.02542807 0.02072025 0.02883622 0.02236147 0.01556679 0.02386465
2   1.0 0.01738600 0.01768440 0.01678479 0.01162579 0.00000000 0.00000000
3   2.0 0.03048897 0.03326947 0.02299484 0.02388193 0.02732496 0.01765042
          oe         te
1 0.02085935 0.01571782
2 0.00000000 0.01162579
3 0.02510490 0.03221475

[[6]]
  delta         mu       mu_1       mu_0         de       se_1       se_0
1   0.5 0.02518167 0.02013515 0.02909168 0.02291517 0.01548984 0.02342060
2   1.0 0.01679889 0.01716525 0.01657558 0.01235812 0.00000000 0.00000000
3   2.0 0.03353227 0.03776614 0.02380283 0.02893319 0.03193447 0.02051388
          oe         te
1 0.02040683 0.01563238
2 0.00000000 0.01235812
3 0.02891409 0.03746154

[[7]]
  delta         mu       mu_1       mu_0         de       se_1       se_0
1   0.5 0.02668992 0.02233001 0.03087101 0.02240123 0.01918084 0.02677572
2   1.0 0.01840970 0.01929458 0.01729287 0.01258471 0.00000000 0.00000000
3   2.0 0.03676956 0.03951918 0.02795694 0.02673768 0.03220996 0.02250122
          oe         te
1 0.02364556 0.01906769
2 0.00000000 0.01258471
3 0.03037433 0.03754797

[[8]]
  delta         mu       mu_1       mu_0         de       se_1       se_0
1   0.5 0.02213150 0.01947424 0.02492781 0.02038957 0.01629921 0.02122393
2   1.0 0.01698052 0.01741285 0.01657089 0.01254813 0.00000000 0.00000000
3   2.0 0.03009055 0.03203166 0.02473589 0.02205492 0.02475139 0.02026824
          oe         te
1 0.01932170 0.01607615
2 0.00000000 0.01254813
3 0.02417805 0.03106721

[[9]]
  delta         mu       mu_1       mu_0         de       se_1       se_0
1   0.5 0.02392179 0.01935520 0.02764595 0.02125306 0.01592968 0.02436009
2   1.0 0.01806612 0.01858575 0.01735181 0.01295551 0.00000000 0.00000000
3   2.0 0.04209471 0.05027289 0.02693062 0.04291173 0.04599176 0.02241726
          oe         te
1 0.02193668 0.01514302
2 0.00000000 0.01295551
3 0.03822054 0.05042543

[[10]]
  delta         mu       mu_1       mu_0         de       se_1       se_0
1   0.5 0.02551015 0.01973347 0.03007777 0.02333091 0.01400802 0.02429120
2   1.0 0.01781507 0.01785475 0.01771828 0.01189594 0.00000000 0.00000000
3   2.0 0.03030839 0.03258971 0.02510240 0.02386039 0.02530346 0.01969675
          oe         te
1 0.02057539 0.01460634
2 0.00000000 0.01189594
3 0.02409990 0.03131089

[[11]]
  delta         mu       mu_1       mu_0         de       se_1       se_0
1   0.5 0.02299581 0.01925743 0.02642698 0.02103146 0.01466646 0.02113287
2   1.0 0.01718273 0.01779570 0.01671284 0.01298132 0.00000000 0.00000000
3   2.0 0.04195501 0.04930278 0.02521737 0.04729349 0.04451819 0.01963401
          oe         te
1 0.01862886 0.01525364
2 0.00000000 0.01298132
3 0.03803945 0.04978189

[[12]]
  delta         mu       mu_1       mu_0         de       se_1       se_0
1   0.5 0.02265241 0.02108506 0.02646720 0.02565113 0.01811052 0.02172780
2   1.0 0.01766186 0.01825077 0.01692811 0.01250068 0.00000000 0.00000000
3   2.0 0.03183821 0.03430905 0.02458059 0.02268038 0.02663728 0.01978124
          oe         te
1 0.01961543 0.01819789
2 0.00000000 0.01250068
3 0.02561943 0.03311744

[[13]]
  delta         mu       mu_1       mu_0         de       se_1       se_0
1   0.5 0.03415793 0.02178502 0.04124902 0.03362255 0.01775046 0.03791617
2   1.0 0.01769991 0.01784031 0.01777168 0.01304587 0.00000000 0.00000000
3   2.0 0.02656156 0.02821427 0.02287118 0.02066963 0.02177309 0.01879866
          oe         te
1 0.03166042 0.01755391
2 0.00000000 0.01304587
3 0.02152994 0.02846629

[[14]]
  delta         mu       mu_1       mu_0         de       se_1       se_0
1   0.5 0.02607132 0.02143079 0.02887103 0.02060669 0.01839701 0.02525177
2   1.0 0.01740803 0.01793687 0.01653558 0.01225956 0.00000000 0.00000000
3   2.0 0.03925133 0.04470422 0.02624763 0.03103525 0.03869979 0.02131588
          oe         te
1 0.02311243 0.01757572
2 0.00000000 0.01225956
3 0.03404280 0.04352288

[[15]]
  delta         mu       mu_1       mu_0         de       se_1       se_0
1   0.5 0.02493919 0.02295517 0.02816542 0.02573811 0.01860296 0.02422950
2   1.0 0.01801079 0.01840165 0.01744123 0.01265735 0.00000000 0.00000000
3   2.0 0.02948250 0.03212185 0.02333617 0.02338481 0.02490178 0.01823454
          oe         te
1 0.02165917 0.01871655
2 0.00000000 0.01265735
3 0.02327875 0.03132009

[[16]]
  delta         mu       mu_1       mu_0         de       se_1       se_0
1   0.5 0.02175166 0.01929444 0.02409563 0.01879198 0.01626420 0.02033352
2   1.0 0.01784468 0.01865436 0.01688880 0.01288157 0.00000000 0.00000000
3   2.0 0.04053641 0.04544013 0.02623914 0.03204445 0.03817346 0.02208874
          oe         te
1 0.01918540 0.01518010
2 0.00000000 0.01288157
3 0.03497558 0.04492026

[[17]]
  delta         mu       mu_1       mu_0         de       se_1       se_0
1   0.5 0.02691771 0.02114552 0.03051691 0.02200864 0.01618397 0.02432999
2   1.0 0.01862242 0.01878585 0.01800695 0.01270926 0.00000000 0.00000000
3   2.0 0.03342692 0.03626389 0.02528998 0.02477802 0.02868816 0.01972372
          oe         te
1 0.02138366 0.01613007
2 0.00000000 0.01270926
3 0.02678663 0.03451493

[[18]]
  delta         mu       mu_1       mu_0         de       se_1       se_0
1   0.5 0.02424067 0.01971731 0.02753699 0.02080967 0.01552417 0.02311305
2   1.0 0.01754853 0.01816347 0.01693611 0.01278860 0.00000000 0.00000000
3   2.0 0.02914893 0.03110566 0.02463157 0.02280131 0.02371146 0.01901792
          oe         te
1 0.02071111 0.01565622
2 0.00000000 0.01278860
3 0.02263182 0.02950948

[[19]]
  delta         mu       mu_1       mu_0         de       se_1       se_0
1   0.5 0.02683026 0.02098172 0.03040540 0.02197110 0.01600200 0.02432530
2   1.0 0.01765361 0.01838036 0.01680242 0.01245587 0.00000000 0.00000000
3   2.0 0.03252548 0.03627406 0.02143369 0.02469829 0.02920111 0.01807219
          oe         te
1 0.02198150 0.01538492
2 0.00000000 0.01245587
3 0.02734204 0.03533202

[[20]]
  delta         mu       mu_1       mu_0         de       se_1       se_0
1   0.5 0.03037578 0.02075933 0.03658918 0.02679290 0.01692276 0.03174523
2   1.0 0.01657374 0.01682459 0.01610854 0.01168739 0.00000000 0.00000000
3   2.0 0.03105271 0.03450687 0.02469024 0.02553694 0.02810095 0.02084337
          oe         te
1 0.02683126 0.01556092
2 0.00000000 0.01168739
3 0.02567597 0.03299138

[[1]]
  delta        mu      mu_1      mu_0         de       se_1       se_0
1   0.5 0.7992098 0.6949018 0.8648796 -0.1699779 0.01611133 0.01592448
2   1.0 0.7537557 0.6787904 0.8489552 -0.1701647 0.00000000 0.00000000
3   2.0 0.7679268 0.7182446 0.8767848 -0.1585402 0.03945418 0.02782962
          oe         te
1 0.04545415 -0.1540534
2 0.00000000 -0.1701647
3 0.01417113 -0.1307106

[[2]]
  delta        mu      mu_1      mu_0         de        se_1        se_0
1   0.5 0.8057652 0.7177892 0.8604546 -0.1426654 0.003730751 -0.01330656
2   1.0 0.7870026 0.7140585 0.8737612 -0.1597027 0.000000000  0.00000000
3   2.0 0.7810289 0.7304821 0.8898288 -0.1593467 0.016423687  0.01606766
            oe         te
1  0.018762608 -0.1559720
2  0.000000000 -0.1597027
3 -0.005973638 -0.1432790

[[3]]
  delta        mu      mu_1      mu_0         de        se_1        se_0
1   0.5 0.8223104 0.7154032 0.8872947 -0.1718916  0.04785914  0.03070497
2   1.0 0.7517723 0.6675440 0.8565898 -0.1890458  0.00000000  0.00000000
3   2.0 0.6357205 0.5708420 0.8100340 -0.2391921 -0.09670207 -0.04655574
           oe         te
1  0.07053808 -0.1411866
2  0.00000000 -0.1890458
3 -0.11605174 -0.2857478

[[4]]
  delta        mu      mu_1      mu_0         de         se_1         se_0
1   0.5 0.7708928 0.6730751 0.8403951 -0.1673200  0.008929146 -0.003389359
2   1.0 0.7400972 0.6641459 0.8437844 -0.1796385  0.000000000  0.000000000
3   2.0 0.6917955 0.6502058 0.8032135 -0.1530078 -0.013940173 -0.040570890
           oe         te
1  0.03079565 -0.1707093
2  0.00000000 -0.1796385
3 -0.04830163 -0.1935787

[[5]]
  delta        mu      mu_1      mu_0         de        se_1        se_0
1   0.5 0.7989081 0.6897583 0.8695568 -0.1797985  0.01997432  0.01211143
2   1.0 0.7521026 0.6697840 0.8574453 -0.1876613  0.00000000  0.00000000
3   2.0 0.6504442 0.5846628 0.8222104 -0.2375476 -0.08512120 -0.03523492
           oe         te
1  0.04680547 -0.1676870
2  0.00000000 -0.1876613
3 -0.10165836 -0.2727825

[[6]]
  delta        mu      mu_1      mu_0         de        se_1         se_0
1   0.5 0.8051567 0.6962317 0.8744934 -0.1782617  0.02566242 -0.002163286
2   1.0 0.7601950 0.6705693 0.8766567 -0.2060874  0.00000000  0.000000000
3   2.0 0.7030661 0.6429494 0.8636652 -0.2207158 -0.02761990 -0.012991492
           oe         te
1  0.04496172 -0.1804250
2  0.00000000 -0.2060874
3 -0.05712889 -0.2337073

[[7]]
  delta        mu      mu_1      mu_0         de         se_1        se_0
1   0.5 0.7846518 0.6967866 0.8504799 -0.1536933  0.008405987 -0.01458035
2   1.0 0.7613501 0.6883806 0.8650602 -0.1766796  0.000000000  0.00000000
3   2.0 0.6979357 0.6288353 0.8927932 -0.2639579 -0.059545296  0.02773294
           oe         te
1  0.02330169 -0.1682736
2  0.00000000 -0.1766796
3 -0.06341440 -0.2362249

[[8]]
  delta        mu      mu_1      mu_0         de        se_1         se_0
1   0.5 0.7939202 0.6898149 0.8646382 -0.1748233  0.02179591  0.008305291
2   1.0 0.7480181 0.6680190 0.8563329 -0.1883139  0.00000000  0.000000000
3   2.0 0.6628103 0.6068039 0.8159642 -0.2091603 -0.06121509 -0.040368723
           oe         te
1  0.04590208 -0.1665180
2  0.00000000 -0.1883139
3 -0.08520780 -0.2495290

[[9]]
  delta        mu      mu_1      mu_0         de         se_1         se_0
1   0.5 0.7984934 0.6981424 0.8749327 -0.1767903  0.020357083  0.009245324
2   1.0 0.7532987 0.6777853 0.8656874 -0.1879021  0.000000000  0.000000000
3   2.0 0.7113992 0.6732479 0.8301939 -0.1569460 -0.004537416 -0.035493541
           oe         te
1  0.04519470 -0.1675450
2  0.00000000 -0.1879021
3 -0.04189954 -0.1924395

[[10]]
  delta        mu      mu_1      mu_0         de         se_1        se_0
1   0.5 0.7788022 0.6603932 0.8604836 -0.2000904  0.004509048 0.029758717
2   1.0 0.7314612 0.6558841 0.8307248 -0.1748407  0.000000000 0.000000000
3   2.0 0.7054916 0.6522984 0.8368759 -0.1845775 -0.003585704 0.006151045
           oe         te
1  0.04734106 -0.1703317
2  0.00000000 -0.1748407
3 -0.02596952 -0.1784264

[[11]]
  delta        mu      mu_1      mu_0         de         se_1         se_0
1   0.5 0.7660148 0.6617122 0.8349101 -0.1731979  0.008937099 -0.007563685
2   1.0 0.7328759 0.6527751 0.8424738 -0.1896987  0.000000000  0.000000000
3   2.0 0.6615332 0.5988990 0.8385179 -0.2396188 -0.053876035 -0.003955941
           oe         te
1  0.03313895 -0.1807616
2  0.00000000 -0.1896987
3 -0.07134272 -0.2435748

[[12]]
  delta        mu      mu_1      mu_0         de        se_1        se_0
1   0.5 0.7837484 0.6703363 0.8616556 -0.1913193  0.01255726  0.01540510
2   1.0 0.7380528 0.6577790 0.8462505 -0.1884715  0.00000000  0.00000000
3   2.0 0.6777330 0.6222241 0.8324048 -0.2101807 -0.03555490 -0.01384572
           oe         te
1  0.04569560 -0.1759142
2  0.00000000 -0.1884715
3 -0.06031986 -0.2240264

[[13]]
  delta        mu      mu_1      mu_0         de        se_1         se_0
1   0.5 0.8158060 0.7096571 0.8891671 -0.1795100  0.02694494  0.015089651
2   1.0 0.7673679 0.6827121 0.8740774 -0.1913653  0.00000000  0.000000000
3   2.0 0.6923047 0.6238446 0.8647945 -0.2409499 -0.05886753 -0.009282902
           oe         te
1  0.04843816 -0.1644204
2  0.00000000 -0.1913653
3 -0.07506315 -0.2502328

[[14]]
  delta        mu      mu_1      mu_0         de        se_1        se_0
1   0.5 0.7733440 0.6881898 0.8363033 -0.1481134 0.003190562 -0.01748850
2   1.0 0.7546410 0.6849993 0.8537918 -0.1687925 0.000000000  0.00000000
3   2.0 0.7618296 0.7162332 0.8851714 -0.1689383 0.031233910  0.03137968
           oe         te
1 0.018703053 -0.1656019
2 0.000000000 -0.1687925
3 0.007188689 -0.1375586

[[15]]
  delta        mu      mu_1      mu_0         de         se_1        se_0
1   0.5 0.7903435 0.6737156 0.8675814 -0.1938658  0.008024053  0.01942844
2   1.0 0.7471952 0.6656915 0.8481530 -0.1824614  0.000000000  0.00000000
3   2.0 0.6915167 0.6355178 0.8216218 -0.1861040 -0.030173749 -0.02653117
           oe         te
1  0.04314837 -0.1744374
2  0.00000000 -0.1824614
3 -0.05567849 -0.2126352

[[16]]
  delta        mu      mu_1      mu_0         de       se_1         se_0
1   0.5 0.8217027 0.7205836 0.8885557 -0.1679722 0.03410598  0.028525464
2   1.0 0.7604422 0.6864776 0.8600303 -0.1735527 0.00000000  0.000000000
3   2.0 0.7493880 0.7058025 0.8568547 -0.1510522 0.01932492 -0.003175532
           oe         te
1  0.06126050 -0.1394467
2  0.00000000 -0.1735527
3 -0.01105416 -0.1542278

[[17]]
  delta        mu      mu_1      mu_0         de         se_1         se_0
1   0.5 0.8289365 0.7314027 0.8896005 -0.1581979  0.025821699  0.020552197
2   1.0 0.7769351 0.7055810 0.8690483 -0.1634674  0.000000000  0.000000000
3   2.0 0.7517560 0.7018273 0.8676965 -0.1658691 -0.003753631 -0.001351844
           oe         te
1  0.05200141 -0.1376457
2  0.00000000 -0.1634674
3 -0.02517910 -0.1672210

[[18]]
  delta        mu      mu_1      mu_0         de        se_1         se_0
1   0.5 0.7891001 0.6873320 0.8595554 -0.1722235  0.03577631  0.008228701
2   1.0 0.7356342 0.6515557 0.8513267 -0.1997711  0.00000000  0.000000000
3   2.0 0.6369050 0.5846489 0.7932559 -0.2086070 -0.06690680 -0.058070872
           oe         te
1  0.05346585 -0.1639948
2  0.00000000 -0.1997711
3 -0.09872923 -0.2666779

[[19]]
  delta        mu      mu_1      mu_0         de        se_1         se_0
1   0.5 0.8109539 0.6825420 0.8903539 -0.2078119  0.02198739  0.046625507
2   1.0 0.7400909 0.6605546 0.8437284 -0.1831738  0.00000000  0.000000000
3   2.0 0.7013763 0.6500280 0.8378075 -0.1877794 -0.01052657 -0.005920925
           oe         te
1  0.07086298 -0.1611864
2  0.00000000 -0.1831738
3 -0.03871464 -0.1937004

[[20]]
  delta        mu      mu_1      mu_0         de        se_1        se_0
1   0.5 0.8186550 0.7077587 0.8897192 -0.1819605  0.03332172  0.02579421
2   1.0 0.7555036 0.6744370 0.8639250 -0.1894880  0.00000000  0.00000000
3   2.0 0.6819324 0.6294298 0.8259644 -0.1965346 -0.04500712 -0.03796058
           oe         te
1  0.06315138 -0.1561663
2  0.00000000 -0.1894880
3 -0.07357117 -0.2344951

[[1]]
  delta         mu       mu_1       mu_0         de       se_1       se_0
1   0.5 0.02595079 0.02129371 0.02996733 0.02464865 0.01734213 0.02497022
2   1.0 0.01712755 0.01800695 0.01647270 0.01258200 0.00000000 0.00000000
3   2.0 0.03263359 0.03529826 0.02499752 0.02215440 0.02724294 0.02007932
          oe         te
1 0.02225577 0.01700170
2 0.00000000 0.01258200
3 0.02605763 0.03365706

[[2]]
  delta         mu       mu_1       mu_0         de       se_1       se_0
1   0.5 0.02358680 0.01949382 0.02641767 0.01920151 0.01460065 0.02100108
2   1.0 0.01721969 0.01782421 0.01668994 0.01237857 0.00000000 0.00000000
3   2.0 0.03668605 0.04021383 0.02604366 0.02590044 0.03343659 0.02141705
          oe         te
1 0.01924989 0.01427220
2 0.00000000 0.01237857
3 0.03096839 0.03868250

[[3]]
  delta         mu       mu_1       mu_0         de       se_1       se_0
1   0.5 0.02545868 0.02076538 0.02852788 0.02180204 0.01608172 0.02387480
2   1.0 0.01752115 0.01809063 0.01678115 0.01238991 0.00000000 0.00000000
3   2.0 0.02738753 0.02886090 0.02425626 0.02055372 0.02117972 0.01835971
          oe         te
1 0.02127624 0.01601174
2 0.00000000 0.01238991
3 0.02050633 0.02669685

[[4]]
  delta         mu       mu_1       mu_0         de       se_1       se_0
1   0.5 0.02368670 0.02055037 0.02756771 0.02089814 0.01573283 0.02266756
2   1.0 0.01758395 0.01838258 0.01671421 0.01222629 0.00000000 0.00000000
3   2.0 0.03210737 0.03379175 0.02620071 0.02218141 0.02668869 0.02128630
          oe         te
1 0.01990032 0.01545066
2 0.00000000 0.01222629
3 0.02617922 0.03273181

[[5]]
  delta         mu       mu_1       mu_0         de       se_1       se_0
1   0.5 0.02513934 0.02047988 0.02865672 0.02243906 0.01537875 0.02370850
2   1.0 0.01736217 0.01768280 0.01676715 0.01165761 0.00000000 0.00000000
3   2.0 0.03009963 0.03276365 0.02290668 0.02348648 0.02683693 0.01761079
          oe         te
1 0.02063230 0.01557250
2 0.00000000 0.01165761
3 0.02475494 0.03176106

[[6]]
  delta         mu       mu_1       mu_0         de       se_1       se_0
1   0.5 0.02476749 0.01988350 0.02857411 0.02246249 0.01529075 0.02306782
2   1.0 0.01667443 0.01710267 0.01638409 0.01231993 0.00000000 0.00000000
3   2.0 0.03372821 0.03806255 0.02387979 0.02916945 0.03218895 0.02055156
          oe         te
1 0.02012059 0.01543080
2 0.00000000 0.01231993
3 0.02906990 0.03771894

[[7]]
  delta         mu       mu_1       mu_0         de       se_1       se_0
1   0.5 0.02598049 0.02182055 0.02972598 0.02160876 0.01841291 0.02545345
2   1.0 0.01855044 0.01942310 0.01735842 0.01253649 0.00000000 0.00000000
3   2.0 0.03742390 0.04040496 0.02800384 0.02805016 0.03323790 0.02261453
          oe         te
1 0.02269728 0.01833481
2 0.00000000 0.01253649
3 0.03115056 0.03854845

[[8]]
  delta         mu       mu_1       mu_0         de       se_1       se_0
1   0.5 0.02181460 0.01952673 0.02422731 0.01972101 0.01639606 0.02054675
2   1.0 0.01689701 0.01735729 0.01640207 0.01246343 0.00000000 0.00000000
3   2.0 0.03057673 0.03251661 0.02509909 0.02237945 0.02526305 0.02073409
          oe         te
1 0.01905757 0.01613283
2 0.00000000 0.01246343
3 0.02468569 0.03154015

[[9]]
  delta         mu       mu_1       mu_0         de       se_1       se_0
1   0.5 0.02375298 0.01916562 0.02741856 0.02091408 0.01578588 0.02414822
2   1.0 0.01823167 0.01874003 0.01732643 0.01275560 0.00000000 0.00000000
3   2.0 0.04517283 0.05408019 0.02716673 0.04651957 0.05005169 0.02229165
          oe         te
1 0.02182042 0.01499349
2 0.00000000 0.01275560
3 0.04145938 0.05421994

[[10]]
  delta         mu       mu_1       mu_0         de       se_1       se_0
1   0.5 0.02540581 0.01970800 0.02998204 0.02333545 0.01407975 0.02426808
2   1.0 0.01781512 0.01790790 0.01768726 0.01191184 0.00000000 0.00000000
3   2.0 0.03037152 0.03267285 0.02504859 0.02381870 0.02537400 0.01963726
          oe         te
1 0.02058873 0.01462515
2 0.00000000 0.01191184
3 0.02414182 0.03135254

[[11]]
  delta         mu       mu_1       mu_0         de       se_1       se_0
1   0.5 0.02316755 0.01930220 0.02658346 0.02101761 0.01477056 0.02119866
2   1.0 0.01741671 0.01798100 0.01687226 0.01300059 0.00000000 0.00000000
3   2.0 0.04207158 0.04933393 0.02542825 0.04713936 0.04441819 0.01971191
          oe         te
1 0.01872786 0.01524616
2 0.00000000 0.01300059
3 0.03800917 0.04973358

[[12]]
  delta         mu       mu_1       mu_0         de       se_1       se_0
1   0.5 0.02267348 0.02137731 0.02669138 0.02656759 0.01850320 0.02192092
2   1.0 0.01764671 0.01825967 0.01691092 0.01251675 0.00000000 0.00000000
3   2.0 0.03186783 0.03433036 0.02458145 0.02257625 0.02666418 0.01981883
          oe         te
1 0.01966775 0.01867286
2 0.00000000 0.01251675
3 0.02566179 0.03316455

[[13]]
  delta         mu       mu_1       mu_0         de       se_1       se_0
1   0.5 0.03534929 0.02194592 0.04269940 0.03458037 0.01791486 0.03922429
2   1.0 0.01768489 0.01784154 0.01777632 0.01306049 0.00000000 0.00000000
3   2.0 0.02668391 0.02835113 0.02292824 0.02066658 0.02185196 0.01882654
          oe         te
1 0.03271559 0.01766864
2 0.00000000 0.01306049
3 0.02161457 0.02856376

[[14]]
  delta         mu       mu_1       mu_0         de       se_1       se_0
1   0.5 0.02568425 0.02127588 0.02845239 0.02031915 0.01830038 0.02495250
2   1.0 0.01716267 0.01777110 0.01629433 0.01221924 0.00000000 0.00000000
3   2.0 0.03924315 0.04467238 0.02598685 0.03104032 0.03860829 0.02119107
          oe         te
1 0.02281580 0.01739994
2 0.00000000 0.01221924
3 0.03404258 0.04347305

[[15]]
  delta         mu       mu_1       mu_0         de       se_1       se_0
1   0.5 0.02466729 0.02298018 0.02771207 0.02542005 0.01870696 0.02359601
2   1.0 0.01796039 0.01836648 0.01739608 0.01267799 0.00000000 0.00000000
3   2.0 0.02928569 0.03176459 0.02334709 0.02300670 0.02443821 0.01824495
          oe         te
1 0.02133101 0.01878212
2 0.00000000 0.01267799
3 0.02301986 0.03101573

[[16]]
  delta         mu       mu_1       mu_0         de       se_1       se_0
1   0.5 0.02174429 0.01929987 0.02408080 0.01878719 0.01625206 0.02030738
2   1.0 0.01783726 0.01864948 0.01688370 0.01287802 0.00000000 0.00000000
3   2.0 0.04048868 0.04539109 0.02621512 0.03203917 0.03812045 0.02204010
          oe         te
1 0.01916541 0.01517976
2 0.00000000 0.01287802
3 0.03491831 0.04486246

[[17]]
  delta         mu       mu_1       mu_0         de       se_1       se_0
1   0.5 0.02707428 0.02128099 0.03084393 0.02210708 0.01636764 0.02470890
2   1.0 0.01865348 0.01882069 0.01801596 0.01269895 0.00000000 0.00000000
3   2.0 0.03341599 0.03619074 0.02529436 0.02452265 0.02861451 0.01975719
          oe         te
1 0.02159732 0.01630724
2 0.00000000 0.01269895
3 0.02676167 0.03442344

[[18]]
  delta         mu       mu_1       mu_0         de       se_1       se_0
1   0.5 0.02378559 0.01959355 0.02716070 0.02080212 0.01554191 0.02303358
2   1.0 0.01764139 0.01830166 0.01693223 0.01274870 0.00000000 0.00000000
3   2.0 0.02936202 0.03134218 0.02489291 0.02311512 0.02391606 0.01920577
          oe         te
1 0.02053257 0.01573702
2 0.00000000 0.01274870
3 0.02281763 0.02972648

[[19]]
  delta         mu       mu_1       mu_0         de       se_1       se_0
1   0.5 0.02678415 0.02104452 0.03028896 0.02180133 0.01597756 0.02420732
2   1.0 0.01755309 0.01830765 0.01667265 0.01233523 0.00000000 0.00000000
3   2.0 0.03104451 0.03466299 0.02106916 0.02360644 0.02746599 0.01763132
          oe         te
1 0.02189227 0.01540856
2 0.00000000 0.01233523
3 0.02570251 0.03360896

[[20]]
  delta         mu       mu_1       mu_0         de       se_1       se_0
1   0.5 0.03040443 0.02078407 0.03660824 0.02678196 0.01693362 0.03174738
2   1.0 0.01657921 0.01682504 0.01611545 0.01168270 0.00000000 0.00000000
3   2.0 0.03109574 0.03456446 0.02468803 0.02556138 0.02815208 0.02084546
          oe         te
1 0.02684016 0.01555947
2 0.00000000 0.01168270
3 0.02571714 0.03303881

[1] "Total run time was 2476.397 seconds"
