Warning message:
package ‘SuperLearner’ was built under R version 4.1.3 
[1] "[Simulation setting]"
[1] "n: 500"
[1] "deltas: 0.5, 1, 2"
[1] "K: 2"
[1] "r: 100"
[1] "s: 1"
[1] "Sim.id 1"
[1] "Data generated and format changed"
[1] "   Split: 1"
Loading required namespace: nnet
Loading required namespace: ranger
[1] "   Split: 2"
[1] "Estimates and SE estimates computed"
[1] ""
[1] "Sim.id 2"
[1] "Data generated and format changed"
[1] "   Split: 1"
[1] "   Split: 2"
[1] "Estimates and SE estimates computed"
[1] ""
[1] "Sim.id 3"
[1] "Data generated and format changed"
[1] "   Split: 1"
[1] "   Split: 2"
[1] "Estimates and SE estimates computed"
[1] ""
[1] "Sim.id 4"
[1] "Data generated and format changed"
[1] "   Split: 1"
[1] "   Split: 2"
[1] "Estimates and SE estimates computed"
[1] ""
[1] "Sim.id 5"
[1] "Data generated and format changed"
[1] "   Split: 1"
[1] "   Split: 2"
[1] "Estimates and SE estimates computed"
[1] ""
[1] "Sim.id 6"
[1] "Data generated and format changed"
[1] "   Split: 1"
[1] "   Split: 2"
[1] "Estimates and SE estimates computed"
[1] ""
[1] "Sim.id 7"
[1] "Data generated and format changed"
[1] "   Split: 1"
[1] "   Split: 2"
[1] "Estimates and SE estimates computed"
[1] ""
[1] "Sim.id 8"
[1] "Data generated and format changed"
[1] "   Split: 1"
[1] "   Split: 2"
[1] "Estimates and SE estimates computed"
[1] ""
[1] "Sim.id 9"
[1] "Data generated and format changed"
[1] "   Split: 1"
[1] "   Split: 2"
[1] "Estimates and SE estimates computed"
[1] ""
[1] "Sim.id 10"
[1] "Data generated and format changed"
[1] "   Split: 1"
[1] "   Split: 2"
[1] "Estimates and SE estimates computed"
[1] ""
[1] "Sim.id 11"
[1] "Data generated and format changed"
[1] "   Split: 1"
[1] "   Split: 2"
[1] "Estimates and SE estimates computed"
[1] ""
[1] "Sim.id 12"
[1] "Data generated and format changed"
[1] "   Split: 1"
[1] "   Split: 2"
[1] "Estimates and SE estimates computed"
[1] ""
[1] "Sim.id 13"
[1] "Data generated and format changed"
[1] "   Split: 1"
[1] "   Split: 2"
[1] "Estimates and SE estimates computed"
[1] ""
[1] "Sim.id 14"
[1] "Data generated and format changed"
[1] "   Split: 1"
[1] "   Split: 2"
[1] "Estimates and SE estimates computed"
[1] ""
[1] "Sim.id 15"
[1] "Data generated and format changed"
[1] "   Split: 1"
[1] "   Split: 2"
[1] "Estimates and SE estimates computed"
[1] ""
[1] "Sim.id 16"
[1] "Data generated and format changed"
[1] "   Split: 1"
[1] "   Split: 2"
[1] "Estimates and SE estimates computed"
[1] ""
[1] "Sim.id 17"
[1] "Data generated and format changed"
[1] "   Split: 1"
[1] "   Split: 2"
[1] "Estimates and SE estimates computed"
[1] ""
[1] "Sim.id 18"
[1] "Data generated and format changed"
[1] "   Split: 1"
[1] "   Split: 2"
[1] "Estimates and SE estimates computed"
[1] ""
[1] "Sim.id 19"
[1] "Data generated and format changed"
[1] "   Split: 1"
[1] "   Split: 2"
[1] "Estimates and SE estimates computed"
[1] ""
[1] "Sim.id 20"
[1] "Data generated and format changed"
[1] "   Split: 1"
[1] "   Split: 2"
[1] "Estimates and SE estimates computed"
[1] ""
[[1]]
  delta        mu      mu_1      mu_0         de        se_1         se_0
1   0.5 0.7786771 0.6696819 0.8507307 -0.1810489 -0.01137411 -0.001346229
2   1.0 0.7557141 0.6810560 0.8520770 -0.1710210  0.00000000  0.000000000
3   2.0 0.7117829 0.6671387 0.8194067 -0.1522679 -0.01391726 -0.032670298
           oe         te
1  0.02296307 -0.1823951
2  0.00000000 -0.1710210
3 -0.04393115 -0.1849382

[[2]]
  delta        mu      mu_1      mu_0         de        se_1        se_0
1   0.5 0.8140641 0.6912509 0.8981797 -0.2069288  0.01577854 0.046121138
2   1.0 0.7488281 0.6754723 0.8520585 -0.1765862  0.00000000 0.000000000
3   2.0 0.6951369 0.6348804 0.8530707 -0.2181902 -0.04059189 0.001012146
           oe         te
1  0.06523605 -0.1608077
2  0.00000000 -0.1765862
3 -0.05369119 -0.2171781

[[3]]
  delta        mu      mu_1      mu_0         de        se_1        se_0
1   0.5 0.8169411 0.7039186 0.8885393 -0.1846207  0.02365425  0.01490062
2   1.0 0.7651742 0.6802643 0.8736387 -0.1933744  0.00000000  0.00000000
3   2.0 0.6747144 0.6091177 0.8430587 -0.2339410 -0.07114665 -0.03057996
           oe         te
1  0.05176684 -0.1697201
2  0.00000000 -0.1933744
3 -0.09045989 -0.2645210

[[4]]
  delta        mu      mu_1      mu_0         de         se_1        se_0
1   0.5 0.7724272 0.6747721 0.8418988 -0.1671267  0.003359602 -0.00755973
2   1.0 0.7452953 0.6714125 0.8494585 -0.1780460  0.000000000  0.00000000
3   2.0 0.7163515 0.6572489 0.8734866 -0.2162377 -0.014163598  0.02402809
           oe         te
1  0.02713195 -0.1746864
2  0.00000000 -0.1780460
3 -0.02894381 -0.1922096

[[5]]
  delta        mu      mu_1      mu_0         de        se_1          se_0
1   0.5 0.7795107 0.6685675 0.8458983 -0.1773308 0.003085921  0.0048077637
2   1.0 0.7441547 0.6654815 0.8410905 -0.1756090 0.000000000  0.0000000000
3   2.0 0.7316938 0.6844018 0.8409028 -0.1565010 0.018920265 -0.0001877024
           oe         te
1  0.03535603 -0.1725231
2  0.00000000 -0.1756090
3 -0.01246091 -0.1566887

[[6]]
  delta        mu      mu_1      mu_0         de        se_1         se_0
1   0.5 0.8297494 0.7301441 0.8906842 -0.1605401  0.02828683 -0.002697395
2   1.0 0.7841746 0.7018573 0.8933816 -0.1915243  0.00000000  0.000000000
3   2.0 0.7118901 0.6591883 0.8573636 -0.1981754 -0.04266904 -0.036018003
           oe         te
1  0.04557482 -0.1632375
2  0.00000000 -0.1915243
3 -0.07228449 -0.2341934

[[7]]
  delta        mu      mu_1      mu_0         de        se_1         se_0
1   0.5 0.7731282 0.6894097 0.8326801 -0.1432703  0.02924932 -0.006767273
2   1.0 0.7351996 0.6601604 0.8394473 -0.1792869  0.00000000  0.000000000
3   2.0 0.7039287 0.6499035 0.8481989 -0.1982954 -0.01025693  0.008751546
           oe         te
1  0.03792857 -0.1500376
2  0.00000000 -0.1792869
3 -0.03127087 -0.1895439

[[8]]
  delta        mu      mu_1      mu_0         de       se_1         se_0
1   0.5 0.8433710 0.7193037 0.9161632 -0.1968595 0.02681770  0.037332924
2   1.0 0.7731287 0.6924860 0.8788303 -0.1863443 0.00000000  0.000000000
3   2.0 0.7533086 0.7100922 0.8731530 -0.1630608 0.01760625 -0.005677215
           oe         te
1  0.07024236 -0.1595266
2  0.00000000 -0.1863443
3 -0.01982004 -0.1687380

[[9]]
  delta        mu      mu_1      mu_0         de         se_1       se_0
1   0.5 0.8157778 0.6951282 0.8893805 -0.1942524 0.0133437798 0.03693112
2   1.0 0.7571141 0.6817844 0.8524494 -0.1706650 0.0000000000 0.00000000
3   2.0 0.7338530 0.6825937 0.8583052 -0.1757116 0.0008092655 0.00585582
           oe         te
1  0.05866367 -0.1573212
2  0.00000000 -0.1706650
3 -0.02326112 -0.1698558

[[10]]
  delta        mu      mu_1      mu_0         de        se_1        se_0
1   0.5 0.8082252 0.6921841 0.8756373 -0.1834531  0.02985345  0.01288775
2   1.0 0.7532559 0.6623307 0.8627495 -0.2004188  0.00000000  0.00000000
3   2.0 0.6805991 0.6193482 0.8308114 -0.2114632 -0.04298245 -0.03193811
           oe         te
1  0.05496926 -0.1705654
2  0.00000000 -0.2004188
3 -0.07265682 -0.2434013

[[11]]
  delta        mu      mu_1      mu_0         de         se_1        se_0
1   0.5 0.7532579 0.6473483 0.8339255 -0.1865772 -0.019743844 -0.01366431
2   1.0 0.7429945 0.6670921 0.8475898 -0.1804977  0.000000000  0.00000000
3   2.0 0.7295322 0.6749308 0.8582128 -0.1832820  0.007838632  0.01062297
           oe         te
1  0.01026339 -0.2002415
2  0.00000000 -0.1804977
3 -0.01346228 -0.1726591

[[12]]
  delta        mu      mu_1      mu_0         de        se_1        se_0
1   0.5 0.8079010 0.7106739 0.8807430 -0.1700691  0.04399322  0.03399511
2   1.0 0.7396649 0.6666807 0.8467479 -0.1800672  0.00000000  0.00000000
3   2.0 0.6701051 0.6198619 0.8156183 -0.1957564 -0.04681881 -0.03112965
           oe         te
1  0.06823612 -0.1360740
2  0.00000000 -0.1800672
3 -0.06955973 -0.2268860

[[13]]
  delta        mu      mu_1      mu_0         de        se_1         se_0
1   0.5 0.8193513 0.7059493 0.8906109 -0.1846616  0.02930437  0.019680309
2   1.0 0.7637802 0.6766449 0.8709305 -0.1942857  0.00000000  0.000000000
3   2.0 0.7168709 0.6570551 0.8616063 -0.2045512 -0.01958979 -0.009324208
           oe         te
1  0.05557113 -0.1649813
2  0.00000000 -0.1942857
3 -0.04690929 -0.2138754

[[14]]
  delta        mu      mu_1      mu_0         de        se_1        se_0
1   0.5 0.8214377 0.7027055 0.8948345 -0.1921290  0.05665097  0.05891202
2   1.0 0.7249253 0.6460545 0.8359225 -0.1898680  0.00000000  0.00000000
3   2.0 0.6764632 0.6209474 0.8319942 -0.2110468 -0.02510714 -0.00392828
           oe         te
1  0.09651244 -0.1332170
2  0.00000000 -0.1898680
3 -0.04846209 -0.2149751

[[15]]
  delta        mu      mu_1      mu_0         de        se_1        se_0
1   0.5 0.8069583 0.6859946 0.8816788 -0.1956843  0.02042791  0.02636390
2   1.0 0.7489613 0.6655667 0.8553149 -0.1897483  0.00000000  0.00000000
3   2.0 0.6993642 0.6436608 0.8412925 -0.1976317 -0.02190587 -0.01402241
           oe         te
1  0.05799699 -0.1693204
2  0.00000000 -0.1897483
3 -0.04959713 -0.2116541

[[16]]
  delta        mu      mu_1      mu_0         de        se_1        se_0
1   0.5 0.8225710 0.6977716 0.9063288 -0.2085572  0.02533804  0.02965610
2   1.0 0.7585455 0.6724336 0.8766727 -0.2042391  0.00000000  0.00000000
3   2.0 0.6485718 0.5855146 0.8173008 -0.2317862 -0.08691896 -0.05937189
          oe         te
1  0.0640255 -0.1789011
2  0.0000000 -0.2042391
3 -0.1099736 -0.2911581

[[17]]
  delta        mu     mu_1      mu_0         de        se_1        se_0
1   0.5 0.8172893 0.699709 0.9003751 -0.2006661  0.01421901  0.03253585
2   1.0 0.7620846 0.685490 0.8678393 -0.1823493  0.00000000  0.00000000
3   2.0 0.6952953 0.640530 0.8505787 -0.2100487 -0.04495996 -0.01726060
           oe         te
1  0.05520467 -0.1681303
2  0.00000000 -0.1823493
3 -0.06678939 -0.2273093

[[18]]
  delta        mu      mu_1      mu_0         de         se_1        se_0
1   0.5 0.7895936 0.6718864 0.8688819 -0.1969954 -0.010829146  0.01799483
2   1.0 0.7579607 0.6827156 0.8508870 -0.1681715  0.000000000  0.00000000
3   2.0 0.7251469 0.6782584 0.8357943 -0.1575359 -0.004457155 -0.01509275
           oe         te
1  0.03163284 -0.1790006
2  0.00000000 -0.1681715
3 -0.03281384 -0.1726286

[[19]]
  delta        mu      mu_1      mu_0         de         se_1         se_0
1   0.5 0.7547920 0.6634686 0.8178033 -0.1543347  0.007728451 -0.015169267
2   1.0 0.7326985 0.6557402 0.8329726 -0.1772324  0.000000000  0.000000000
3   2.0 0.6965435 0.6484172 0.8246272 -0.1762100 -0.007322961 -0.008345354
           oe         te
1  0.02209350 -0.1695039
2  0.00000000 -0.1772324
3 -0.03615495 -0.1845554

[[20]]
  delta        mu      mu_1      mu_0         de         se_1         se_0
1   0.5 0.7989798 0.6700446 0.8793369 -0.2092923  0.004522236  0.036893750
2   1.0 0.7421332 0.6655223 0.8424431 -0.1769208  0.000000000  0.000000000
3   2.0 0.7053001 0.6559451 0.8390584 -0.1831134 -0.009577262 -0.003384677
           oe         te
1  0.05684662 -0.1723985
2  0.00000000 -0.1769208
3 -0.03683314 -0.1864980

[[1]]
  delta         mu       mu_1       mu_0         de       se_1       se_0
1   0.5 0.02514017 0.01993126 0.02960408 0.02335045 0.01532861 0.02560498
2   1.0 0.01709279 0.01804250 0.01649006 0.01279479 0.00000000 0.00000000
3   2.0 0.02968761 0.03251678 0.02580816 0.02657891 0.02475169 0.02069995
          oe         te
1 0.02192246 0.01561406
2 0.00000000 0.01279479
3 0.02307560 0.03090456

[[2]]
  delta         mu       mu_1       mu_0         de       se_1       se_0
1   0.5 0.02445518 0.01988125 0.02869350 0.02354174 0.01541300 0.02434529
2   1.0 0.01788852 0.01822937 0.01767994 0.01313864 0.00000000 0.00000000
3   2.0 0.03007107 0.03234834 0.02659120 0.02556207 0.02530079 0.02171821
          oe         te
1 0.02077810 0.01567647
2 0.00000000 0.01313864
3 0.02418401 0.03185539

[[3]]
  delta         mu       mu_1       mu_0         de       se_1       se_0
1   0.5 0.02545957 0.01996090 0.02962784 0.02348653 0.01643429 0.02525722
2   1.0 0.01724561 0.01781695 0.01672590 0.01271648 0.00000000 0.00000000
3   2.0 0.03151690 0.03438502 0.02365599 0.02569021 0.02809429 0.01855196
          oe         te
1 0.02234419 0.01625027
2 0.00000000 0.01271648
3 0.02625538 0.03427442

[[4]]
  delta         mu       mu_1       mu_0         de       se_1       se_0
1   0.5 0.02444974 0.01869693 0.02826301 0.02162547 0.01545813 0.02557171
2   1.0 0.01701201 0.01784029 0.01631082 0.01310176 0.00000000 0.00000000
3   2.0 0.02935777 0.03291923 0.02113247 0.02575668 0.02606870 0.01772945
          oe         te
1 0.02249079 0.01521004
2 0.00000000 0.01310176
3 0.02408033 0.03265512

[[5]]
  delta         mu       mu_1       mu_0         de       se_1      se_0
1   0.5 0.02299128 0.02043039 0.02542089 0.01965524 0.01615311 0.0207303
2   1.0 0.01664501 0.01721141 0.01616858 0.01197417 0.00000000 0.0000000
3   2.0 0.02932459 0.03178779 0.02380484 0.02258611 0.02519821 0.0193807
          oe         te
1 0.01887167 0.01548167
2 0.00000000 0.01197417
3 0.02431264 0.03148522

[[6]]
  delta         mu       mu_1       mu_0         de       se_1       se_0
1   0.5 0.02565712 0.02196247 0.02934390 0.02212315 0.01648050 0.02331567
2   1.0 0.01775603 0.01825781 0.01720491 0.01280659 0.00000000 0.00000000
3   2.0 0.03210709 0.03614749 0.02265347 0.02774116 0.03002949 0.01900479
          oe         te
1 0.02071373 0.01581284
2 0.00000000 0.01280659
3 0.02703203 0.03563249

[[7]]
  delta         mu       mu_1       mu_0         de       se_1       se_0
1   0.5 0.02718818 0.02110950 0.03063160 0.02047443 0.01734116 0.02630459
2   1.0 0.01905939 0.01919308 0.01881994 0.01290819 0.00000000 0.00000000
3   2.0 0.03427565 0.03654460 0.02643477 0.02346415 0.02787462 0.02134851
          oe         te
1 0.02361972 0.01634203
2 0.00000000 0.01290819
3 0.02725159 0.03532409

[[8]]
  delta         mu       mu_1       mu_0         de       se_1       se_0
1   0.5 0.02304347 0.01785320 0.02676989 0.02073931 0.01450745 0.02267966
2   1.0 0.01669000 0.01717030 0.01615538 0.01282013 0.00000000 0.00000000
3   2.0 0.03383870 0.03799845 0.02365680 0.02689120 0.03200561 0.02003775
          oe         te
1 0.01983408 0.01449517
2 0.00000000 0.01282013
3 0.02895797 0.03749685

[[9]]
  delta         mu       mu_1       mu_0         de       se_1       se_0
1   0.5 0.02709237 0.01950843 0.03193725 0.02462872 0.01452129 0.02666511
2   1.0 0.01673866 0.01709485 0.01664745 0.01242133 0.00000000 0.00000000
3   2.0 0.02940289 0.03212630 0.02395072 0.02410486 0.02570359 0.02048470
          oe         te
1 0.02252663 0.01529093
2 0.00000000 0.01242133
3 0.02440316 0.03153196

[[10]]
  delta         mu       mu_1       mu_0         de       se_1       se_0
1   0.5 0.02580086 0.02034848 0.03029507 0.02187537 0.01514074 0.02567975
2   1.0 0.01697373 0.01726026 0.01695881 0.01292174 0.00000000 0.00000000
3   2.0 0.02678490 0.02931113 0.02173297 0.02307419 0.02266222 0.01798438
          oe         te
1 0.02164812 0.01506790
2 0.00000000 0.01292174
3 0.02161221 0.02923477

[[11]]
  delta         mu       mu_1       mu_0         de       se_1       se_0
1   0.5 0.02563947 0.02099557 0.02967665 0.02432571 0.01575220 0.02412370
2   1.0 0.01769906 0.01831809 0.01722460 0.01323786 0.00000000 0.00000000
3   2.0 0.03093943 0.03385384 0.02353038 0.02447486 0.02735315 0.01947924
          oe         te
1 0.02060289 0.01519783
2 0.00000000 0.01323786
3 0.02565723 0.03355142

[[12]]
  delta         mu       mu_1       mu_0         de       se_1       se_0
1   0.5 0.02401010 0.01962921 0.02747906 0.02200333 0.01638345 0.02289817
2   1.0 0.01840320 0.01878837 0.01792416 0.01339725 0.00000000 0.00000000
3   2.0 0.03685125 0.04007294 0.02853911 0.02863654 0.03186769 0.02270010
          oe         te
1 0.02040176 0.01598722
2 0.00000000 0.01339725
3 0.03003098 0.03873589

[[13]]
  delta         mu       mu_1       mu_0         de       se_1       se_0
1   0.5 0.02494279 0.02106161 0.02817283 0.02272516 0.01547388 0.02363882
2   1.0 0.01814264 0.01811684 0.01796807 0.01226016 0.00000000 0.00000000
3   2.0 0.02998178 0.03219251 0.02541149 0.02341893 0.02540775 0.02018632
          oe         te
1 0.02023347 0.01605111
2 0.00000000 0.01226016
3 0.02423162 0.03135551

[[14]]
  delta         mu       mu_1       mu_0         de       se_1       se_0
1   0.5 0.02726305 0.01932053 0.03426671 0.02975386 0.01589443 0.03072397
2   1.0 0.01662226 0.01682960 0.01675187 0.01273304 0.00000000 0.00000000
3   2.0 0.03533401 0.03848991 0.02714896 0.02679597 0.03211540 0.02298794
          oe         te
1 0.02400969 0.01677111
2 0.00000000 0.01273304
3 0.03033692 0.03822995

[[15]]
  delta         mu       mu_1       mu_0         de       se_1       se_0
1   0.5 0.02529762 0.01910354 0.02950115 0.02329525 0.01387304 0.02529585
2   1.0 0.01686593 0.01749084 0.01630828 0.01224501 0.00000000 0.00000000
3   2.0 0.02831248 0.03135441 0.02236367 0.02414275 0.02621297 0.01849192
          oe         te
1 0.02137645 0.01445354
2 0.00000000 0.01224501
3 0.02425284 0.03182255

[[16]]
  delta         mu       mu_1       mu_0         de       se_1       se_0
1   0.5 0.02440137 0.01989815 0.02738562 0.02031590 0.01513551 0.02228437
2   1.0 0.01736309 0.01732752 0.01690720 0.01215257 0.00000000 0.00000000
3   2.0 0.02889014 0.03248421 0.02275831 0.02542439 0.02674814 0.01864314
          oe         te
1 0.02013284 0.01534338
2 0.00000000 0.01215257
3 0.02371978 0.03223203

[[17]]
  delta         mu       mu_1       mu_0         de       se_1       se_0
1   0.5 0.02349824 0.02030111 0.02620119 0.02135716 0.01603457 0.02037336
2   1.0 0.01760342 0.01825527 0.01691354 0.01329700 0.00000000 0.00000000
3   2.0 0.03437427 0.03778919 0.02433770 0.02858434 0.02944531 0.01927009
          oe         te
1 0.01903832 0.01650937
2 0.00000000 0.01329700
3 0.02721601 0.03574361

[[18]]
  delta         mu       mu_1       mu_0         de       se_1       se_0
1   0.5 0.02305649 0.02265346 0.03072332 0.03630601 0.01918782 0.02733112
2   1.0 0.01784126 0.01838063 0.01741631 0.01266253 0.00000000 0.00000000
3   2.0 0.03127460 0.03434293 0.02474883 0.02497548 0.02718607 0.01899851
          oe         te
1 0.01983385 0.01965221
2 0.00000000 0.01266253
3 0.02525638 0.03364708

[[19]]
  delta         mu       mu_1       mu_0         de       se_1       se_0
1   0.5 0.02661522 0.02185119 0.02947718 0.02211927 0.01666832 0.02344119
2   1.0 0.01746589 0.01745305 0.01783142 0.01334439 0.00000000 0.00000000
3   2.0 0.02533784 0.02723717 0.02207231 0.02120756 0.02085156 0.01818517
          oe         te
1 0.02157822 0.01700764
2 0.00000000 0.01334439
3 0.02062730 0.02788313

[[20]]
  delta         mu       mu_1       mu_0         de       se_1       se_0
1   0.5 0.02617434 0.02209094 0.02977987 0.02340881 0.01767739 0.02552509
2   1.0 0.01777306 0.01836668 0.01695364 0.01208428 0.00000000 0.00000000
3   2.0 0.03378268 0.03734442 0.02451759 0.02695102 0.03031773 0.02020995
          oe         te
1 0.02241827 0.01765736
2 0.00000000 0.01208428
3 0.02810767 0.03646244

[[1]]
  delta        mu      mu_1      mu_0         de        se_1         se_0
1   0.5 0.7772866 0.6688846 0.8487152 -0.1798305 -0.01171560 -0.002492565
2   1.0 0.7550652 0.6806002 0.8512077 -0.1706075  0.00000000  0.000000000
3   2.0 0.7121348 0.6676857 0.8190644 -0.1513787 -0.01291448 -0.032143292
           oe         te
1  0.02222131 -0.1823231
2  0.00000000 -0.1706075
3 -0.04293042 -0.1835220

[[2]]
  delta        mu      mu_1      mu_0         de        se_1         se_0
1   0.5 0.8198561 0.6942437 0.9048859 -0.2106423  0.02051247  0.054766603
2   1.0 0.7470339 0.6737312 0.8501193 -0.1763881  0.00000000  0.000000000
3   2.0 0.6910004 0.6307638 0.8489784 -0.2182146 -0.04296741 -0.001140963
           oe         te
1  0.07282222 -0.1558757
2  0.00000000 -0.1763881
3 -0.05603347 -0.2193555

[[3]]
  delta        mu      mu_1      mu_0         de        se_1        se_0
1   0.5 0.8190223 0.7063682 0.8893890 -0.1830208  0.02398302  0.01222872
2   1.0 0.7684111 0.6823852 0.8771603 -0.1947751  0.00000000  0.00000000
3   2.0 0.6753356 0.6094185 0.8434540 -0.2340355 -0.07296672 -0.03370630
           oe         te
1  0.05061121 -0.1707921
2  0.00000000 -0.1947751
3 -0.09307551 -0.2677418

[[4]]
  delta        mu      mu_1      mu_0         de         se_1         se_0
1   0.5 0.7702864 0.6741240 0.8395908 -0.1654668  0.003173314 -0.008764397
2   1.0 0.7442634 0.6709507 0.8483552 -0.1774045  0.000000000  0.000000000
3   2.0 0.7157110 0.6565352 0.8730725 -0.2165373 -0.014415516  0.024717322
           oe         te
1  0.02602303 -0.1742312
2  0.00000000 -0.1774045
3 -0.02855243 -0.1918200

[[5]]
  delta        mu      mu_1      mu_0         de        se_1          se_0
1   0.5 0.7806683 0.6693934 0.8473668 -0.1779734 0.002568829  0.0051745019
2   1.0 0.7454874 0.6668246 0.8421923 -0.1753677 0.000000000  0.0000000000
3   2.0 0.7326049 0.6852161 0.8415234 -0.1563073 0.018391576 -0.0006688996
           oe         te
1  0.03518096 -0.1727989
2  0.00000000 -0.1753677
3 -0.01288241 -0.1569762

[[6]]
  delta        mu      mu_1      mu_0         de        se_1         se_0
1   0.5 0.8277648 0.7286059 0.8891966 -0.1605907  0.02688852 -0.003459541
2   1.0 0.7837040 0.7017174 0.8926561 -0.1909387  0.00000000  0.000000000
3   2.0 0.7140900 0.6619968 0.8561320 -0.1941351 -0.03972052 -0.036524127
           oe         te
1  0.04406079 -0.1640502
2  0.00000000 -0.1909387
3 -0.06961408 -0.2306593

[[7]]
  delta        mu      mu_1      mu_0         de         se_1         se_0
1   0.5 0.7725716 0.6889537 0.8320662 -0.1431125  0.029055853 -0.007399278
2   1.0 0.7350934 0.6598979 0.8394655 -0.1795676  0.000000000  0.000000000
3   2.0 0.7065733 0.6529600 0.8492508 -0.1962908 -0.006937881  0.009785301
           oe         te
1  0.03747821 -0.1505117
2  0.00000000 -0.1795676
3 -0.02852009 -0.1865055

[[8]]
  delta        mu      mu_1      mu_0         de       se_1         se_0
1   0.5 0.8393081 0.7174201 0.9120320 -0.1946120 0.02658886  0.036199514
2   1.0 0.7704507 0.6908312 0.8758325 -0.1850013 0.00000000  0.000000000
3   2.0 0.7555852 0.7132381 0.8734204 -0.1601823 0.02240692 -0.002412086
           oe         te
1  0.06885740 -0.1584125
2  0.00000000 -0.1850013
3 -0.01486547 -0.1625944

[[9]]
  delta        mu      mu_1      mu_0         de        se_1        se_0
1   0.5 0.8160672 0.6952234 0.8894923 -0.1942689 0.012847389 0.036536673
2   1.0 0.7578808 0.6823760 0.8529556 -0.1705796 0.000000000 0.000000000
3   2.0 0.7345274 0.6832338 0.8583333 -0.1750995 0.000857836 0.005377722
           oe         te
1  0.05818644 -0.1577322
2  0.00000000 -0.1705796
3 -0.02335342 -0.1697217

[[10]]
  delta        mu      mu_1      mu_0         de        se_1        se_0
1   0.5 0.8115326 0.6945816 0.8799966 -0.1854150  0.03263091  0.01828592
2   1.0 0.7524885 0.6619507 0.8617106 -0.1997599  0.00000000  0.00000000
3   2.0 0.6789622 0.6174243 0.8299443 -0.2125199 -0.04452635 -0.03176638
           oe         te
1  0.05904413 -0.1671290
2  0.00000000 -0.1997599
3 -0.07352631 -0.2442863

[[11]]
  delta        mu      mu_1      mu_0         de         se_1        se_0
1   0.5 0.7540462 0.6482078 0.8341269 -0.1859191 -0.020111496 -0.01396488
2   1.0 0.7442678 0.6683193 0.8480918 -0.1797725  0.000000000  0.00000000
3   2.0 0.7323086 0.6772264 0.8608198 -0.1835934  0.008907105  0.01272807
            oe         te
1  0.009778444 -0.1998840
2  0.000000000 -0.1797725
3 -0.011959230 -0.1708654

[[12]]
  delta        mu      mu_1      mu_0         de        se_1        se_0
1   0.5 0.8076626 0.7095448 0.8809101 -0.1713653  0.04305383  0.03428402
2   1.0 0.7395292 0.6664910 0.8466261 -0.1801352  0.00000000  0.00000000
3   2.0 0.6706261 0.6202487 0.8154114 -0.1951627 -0.04624226 -0.03121471
           oe         te
1  0.06813337 -0.1370813
2  0.00000000 -0.1801352
3 -0.06890305 -0.2263774

[[13]]
  delta        mu      mu_1      mu_0         de        se_1        se_0
1   0.5 0.8198767 0.7070711 0.8907072 -0.1836361  0.03036068  0.01916222
2   1.0 0.7643323 0.6767105 0.8715450 -0.1948345  0.00000000  0.00000000
3   2.0 0.7166509 0.6568258 0.8610913 -0.2042655 -0.01988464 -0.01045366
           oe         te
1  0.05554434 -0.1644738
2  0.00000000 -0.1948345
3 -0.04768142 -0.2147191

[[14]]
  delta        mu      mu_1      mu_0         de        se_1         se_0
1   0.5 0.8202983 0.7020973 0.8932422 -0.1911449  0.05594348  0.057603632
2   1.0 0.7248869 0.6461539 0.8356386 -0.1894847  0.00000000  0.000000000
3   2.0 0.6747562 0.6187764 0.8315648 -0.2127883 -0.02737742 -0.004073832
           oe         te
1  0.09541139 -0.1335413
2  0.00000000 -0.1894847
3 -0.05013071 -0.2168622

[[15]]
  delta        mu      mu_1      mu_0         de        se_1        se_0
1   0.5 0.8091593 0.6865043 0.8849631 -0.1984588  0.01914736  0.02811642
2   1.0 0.7505158 0.6673569 0.8568466 -0.1894897  0.00000000  0.00000000
3   2.0 0.7028742 0.6479023 0.8426458 -0.1947436 -0.01945464 -0.01420080
           oe         te
1  0.05864349 -0.1703424
2  0.00000000 -0.1894897
3 -0.04764158 -0.2089444

[[16]]
  delta        mu      mu_1      mu_0         de        se_1        se_0
1   0.5 0.8207846 0.6978402 0.9038964 -0.2060562  0.02564593  0.02833787
2   1.0 0.7577182 0.6721943 0.8755585 -0.2033642  0.00000000  0.00000000
3   2.0 0.6506336 0.5871957 0.8191679 -0.2319722 -0.08499857 -0.05639063
           oe         te
1  0.06306645 -0.1777183
2  0.00000000 -0.2033642
3 -0.10708453 -0.2883628

[[17]]
  delta        mu      mu_1      mu_0         de        se_1        se_0
1   0.5 0.8171461 0.6998506 0.8998102 -0.1999597  0.01537116  0.03270143
2   1.0 0.7612059 0.6844794 0.8671088 -0.1826294  0.00000000  0.00000000
3   2.0 0.6949501 0.6411062 0.8482940 -0.2071878 -0.04337318 -0.01881476
           oe         te
1  0.05594016 -0.1672582
2  0.00000000 -0.1826294
3 -0.06625582 -0.2260026

[[18]]
  delta        mu      mu_1      mu_0         de         se_1        se_0
1   0.5 0.7886340 0.6682471 0.8700864 -0.2018394 -0.013887524  0.01978973
2   1.0 0.7571172 0.6821346 0.8502967 -0.1681621  0.000000000  0.00000000
3   2.0 0.7271618 0.6800183 0.8384143 -0.1583960 -0.002116309 -0.01188238
           oe         te
1  0.03151677 -0.1820496
2  0.00000000 -0.1681621
3 -0.02995542 -0.1702784

[[19]]
  delta        mu      mu_1      mu_0         de         se_1         se_0
1   0.5 0.7564744 0.6642299 0.8194024 -0.1551725  0.009146655 -0.014092719
2   1.0 0.7329693 0.6550832 0.8334951 -0.1784119  0.000000000  0.000000000
3   2.0 0.6949608 0.6455908 0.8251744 -0.1795835 -0.009492393 -0.008320762
           oe         te
1  0.02350505 -0.1692652
2  0.00000000 -0.1784119
3 -0.03800849 -0.1879043

[[20]]
  delta        mu      mu_1      mu_0         de         se_1        se_0
1   0.5 0.7985441 0.6695157 0.8789997 -0.2094840  0.004050797  0.03683600
2   1.0 0.7419315 0.6654649 0.8421637 -0.1766988  0.000000000  0.00000000
3   2.0 0.7063037 0.6566873 0.8400663 -0.1833790 -0.008777613 -0.00209743
           oe         te
1  0.05661267 -0.1726480
2  0.00000000 -0.1766988
3 -0.03562775 -0.1854764

[[1]]
  delta         mu       mu_1       mu_0         de       se_1       se_0
1   0.5 0.02482807 0.01981095 0.02919501 0.02322884 0.01530605 0.02532496
2   1.0 0.01707691 0.01805985 0.01644050 0.01279456 0.00000000 0.00000000
3   2.0 0.02967503 0.03252698 0.02573274 0.02653323 0.02476321 0.02061517
          oe         te
1 0.02170691 0.01562244
2 0.00000000 0.01279456
3 0.02308228 0.03093122

[[2]]
  delta         mu       mu_1       mu_0         de       se_1       se_0
1   0.5 0.02457339 0.02005713 0.02861767 0.02333464 0.01535541 0.02397937
2   1.0 0.01796376 0.01826898 0.01766910 0.01300307 0.00000000 0.00000000
3   2.0 0.03040206 0.03269596 0.02664650 0.02555200 0.02560860 0.02179544
          oe         te
1 0.02054177 0.01557913
2 0.00000000 0.01300307
3 0.02447469 0.03204683

[[3]]
  delta         mu       mu_1       mu_0         de       se_1       se_0
1   0.5 0.02593132 0.02018244 0.02995214 0.02312011 0.01664778 0.02534213
2   1.0 0.01732702 0.01783652 0.01683773 0.01276707 0.00000000 0.00000000
3   2.0 0.03121833 0.03401893 0.02365494 0.02548934 0.02770236 0.01861573
          oe         te
1 0.02266010 0.01634493
2 0.00000000 0.01276707
3 0.02594987 0.03397050

[[4]]
  delta         mu       mu_1       mu_0         de       se_1       se_0
1   0.5 0.02439798 0.01883250 0.02808154 0.02133761 0.01556176 0.02520416
2   1.0 0.01706134 0.01792187 0.01634326 0.01319070 0.00000000 0.00000000
3   2.0 0.02948573 0.03299435 0.02121305 0.02570145 0.02600168 0.01788278
          oe         te
1 0.02228248 0.01515890
2 0.00000000 0.01319070
3 0.02414062 0.03277096

[[5]]
  delta         mu       mu_1       mu_0         de       se_1       se_0
1   0.5 0.02299171 0.02047090 0.02543200 0.01975163 0.01622289 0.02075629
2   1.0 0.01668708 0.01726339 0.01617558 0.01197916 0.00000000 0.00000000
3   2.0 0.02958639 0.03198531 0.02390832 0.02235117 0.02524034 0.01940300
          oe         te
1 0.01891598 0.01552185
2 0.00000000 0.01197916
3 0.02440858 0.03152236

[[6]]
  delta         mu       mu_1       mu_0         de       se_1       se_0
1   0.5 0.02537730 0.02193189 0.02892940 0.02187615 0.01657741 0.02296456
2   1.0 0.01771407 0.01829116 0.01709415 0.01276352 0.00000000 0.00000000
3   2.0 0.03250816 0.03660586 0.02272106 0.02797515 0.03032959 0.01892267
          oe         te
1 0.02054416 0.01586564
2 0.00000000 0.01276352
3 0.02723942 0.03588317

[[7]]
  delta         mu       mu_1       mu_0         de       se_1       se_0
1   0.5 0.02624337 0.02072205 0.02957236 0.01999104 0.01706739 0.02545806
2   1.0 0.01866834 0.01889949 0.01844646 0.01284060 0.00000000 0.00000000
3   2.0 0.03407703 0.03646859 0.02610409 0.02350648 0.02793996 0.02117841
          oe         te
1 0.02281654 0.01616957
2 0.00000000 0.01284060
3 0.02724028 0.03538556

[[8]]
  delta         mu       mu_1       mu_0         de       se_1       se_0
1   0.5 0.02268522 0.01767175 0.02637476 0.02053488 0.01433992 0.02237362
2   1.0 0.01655872 0.01708467 0.01600362 0.01279411 0.00000000 0.00000000
3   2.0 0.03486756 0.03920544 0.02397643 0.02759991 0.03315267 0.02033362
          oe         te
1 0.01952214 0.01430409
2 0.00000000 0.01279411
3 0.02994175 0.03861780

[[9]]
  delta         mu       mu_1       mu_0         de       se_1       se_0
1   0.5 0.02728254 0.01960700 0.03213031 0.02471979 0.01458373 0.02683224
2   1.0 0.01680876 0.01715283 0.01668763 0.01239841 0.00000000 0.00000000
3   2.0 0.02939796 0.03209337 0.02403942 0.02412415 0.02568634 0.02054605
          oe         te
1 0.02270333 0.01532329
2 0.00000000 0.01239841
3 0.02439155 0.03148826

[[10]]
  delta         mu       mu_1       mu_0         de       se_1       se_0
1   0.5 0.02599573 0.02050391 0.03011528 0.02152303 0.01508947 0.02511886
2   1.0 0.01711300 0.01732191 0.01717646 0.01302359 0.00000000 0.00000000
3   2.0 0.02664113 0.02920598 0.02177773 0.02332058 0.02258010 0.01824726
          oe         te
1 0.02150889 0.01498377
2 0.00000000 0.01302359
3 0.02159790 0.02930605

[[11]]
  delta         mu       mu_1       mu_0         de       se_1       se_0
1   0.5 0.02553597 0.02096745 0.02958422 0.02425630 0.01569477 0.02399461
2   1.0 0.01773872 0.01837720 0.01721995 0.01323450 0.00000000 0.00000000
3   2.0 0.03121399 0.03419951 0.02357211 0.02467525 0.02777553 0.01960663
          oe         te
1 0.02041693 0.01504846
2 0.00000000 0.01323450
3 0.02604603 0.03399029

[[12]]
  delta         mu       mu_1       mu_0         de       se_1       se_0
1   0.5 0.02366808 0.01944380 0.02714768 0.02195448 0.01624279 0.02283564
2   1.0 0.01833094 0.01878371 0.01777191 0.01336567 0.00000000 0.00000000
3   2.0 0.03745501 0.04080756 0.02872465 0.02915758 0.03256811 0.02281641
         oe         te
1 0.0202864 0.01594779
2 0.0000000 0.01336567
3 0.0305857 0.03938597

[[13]]
  delta         mu       mu_1       mu_0         de       se_1       se_0
1   0.5 0.02533838 0.02112318 0.02858600 0.02282940 0.01549586 0.02401880
2   1.0 0.01812283 0.01809176 0.01793440 0.01225030 0.00000000 0.00000000
3   2.0 0.03004793 0.03229896 0.02539802 0.02345507 0.02546578 0.02018128
          oe         te
1 0.02062579 0.01606658
2 0.00000000 0.01225030
3 0.02424139 0.03140047

[[14]]
  delta         mu       mu_1       mu_0         de       se_1       se_0
1   0.5 0.02704472 0.01934154 0.03427357 0.03029989 0.01590747 0.03074445
2   1.0 0.01661189 0.01680999 0.01674069 0.01269901 0.00000000 0.00000000
3   2.0 0.03516420 0.03837025 0.02699984 0.02698882 0.03201764 0.02283518
          oe         te
1 0.02374586 0.01681915
2 0.00000000 0.01269901
3 0.03018107 0.03808973

[[15]]
  delta         mu       mu_1       mu_0         de       se_1       se_0
1   0.5 0.02518794 0.01917085 0.02926232 0.02304956 0.01393764 0.02508671
2   1.0 0.01691320 0.01754034 0.01632732 0.01222203 0.00000000 0.00000000
3   2.0 0.02844409 0.03146996 0.02235021 0.02409066 0.02630476 0.01842689
          oe         te
1 0.02131374 0.01445347
2 0.00000000 0.01222203
3 0.02431670 0.03185593

[[16]]
  delta         mu       mu_1       mu_0         de       se_1       se_0
1   0.5 0.02407062 0.01967123 0.02697957 0.02020581 0.01478817 0.02187515
2   1.0 0.01729509 0.01726335 0.01679914 0.01204064 0.00000000 0.00000000
3   2.0 0.02863499 0.03230554 0.02249349 0.02538100 0.02676080 0.01838956
          oe         te
1 0.01971170 0.01511939
2 0.00000000 0.01204064
3 0.02360156 0.03209771

[[17]]
  delta         mu       mu_1       mu_0         de       se_1       se_0
1   0.5 0.02329267 0.02015648 0.02597672 0.02113527 0.01598910 0.02034024
2   1.0 0.01746107 0.01816003 0.01672310 0.01320439 0.00000000 0.00000000
3   2.0 0.03342570 0.03648110 0.02422054 0.02703570 0.02806575 0.01923263
          oe         te
1 0.01900413 0.01648866
2 0.00000000 0.01320439
3 0.02624015 0.03444374

[[18]]
  delta         mu       mu_1       mu_0         de       se_1       se_0
1   0.5 0.02287437 0.02435907 0.02982841 0.03698143 0.02113336 0.02636473
2   1.0 0.01788144 0.01846486 0.01739253 0.01272849 0.00000000 0.00000000
3   2.0 0.03187029 0.03504319 0.02501415 0.02520588 0.02777782 0.01916307
          oe         te
1 0.01965305 0.02160910
2 0.00000000 0.01272849
3 0.02575273 0.03427695

[[19]]
  delta         mu       mu_1       mu_0         de       se_1       se_0
1   0.5 0.02631924 0.02167556 0.02929233 0.02227232 0.01647325 0.02328503
2   1.0 0.01737523 0.01738894 0.01778101 0.01338771 0.00000000 0.00000000
3   2.0 0.02561419 0.02783892 0.02181108 0.02206903 0.02147185 0.01795463
          oe         te
1 0.02131115 0.01696419
2 0.00000000 0.01338771
3 0.02088099 0.02843698

[[20]]
  delta         mu       mu_1       mu_0         de       se_1       se_0
1   0.5 0.02630083 0.02206084 0.02996988 0.02360191 0.01765610 0.02569848
2   1.0 0.01778655 0.01837300 0.01697488 0.01214731 0.00000000 0.00000000
3   2.0 0.03382612 0.03740443 0.02447175 0.02697054 0.03038906 0.02024156
          oe         te
1 0.02253652 0.01763355
2 0.00000000 0.01214731
3 0.02817537 0.03657007

[1] "Total run time was 3848.04 seconds"
