Warning message:
package ‘SuperLearner’ was built under R version 4.1.3 
[1] "[Simulation setting]"
[1] "n: 500"
[1] "deltas: 0.5, 1, 2"
[1] "K: 2"
[1] "r: 100"
[1] "s: 1"
[1] "Sim.id 1"
[1] "Data generated and format changed"
[1] "   Split: 1"
Loading required namespace: nnet
Loading required namespace: ranger
[1] "   Split: 2"
[1] "Estimates and SE estimates computed"
[1] ""
[1] "Sim.id 2"
[1] "Data generated and format changed"
[1] "   Split: 1"
[1] "   Split: 2"
[1] "Estimates and SE estimates computed"
[1] ""
[1] "Sim.id 3"
[1] "Data generated and format changed"
[1] "   Split: 1"
[1] "   Split: 2"
[1] "Estimates and SE estimates computed"
[1] ""
[1] "Sim.id 4"
[1] "Data generated and format changed"
[1] "   Split: 1"
[1] "   Split: 2"
[1] "Estimates and SE estimates computed"
[1] ""
[1] "Sim.id 5"
[1] "Data generated and format changed"
[1] "   Split: 1"
[1] "   Split: 2"
[1] "Estimates and SE estimates computed"
[1] ""
[1] "Sim.id 6"
[1] "Data generated and format changed"
[1] "   Split: 1"
[1] "   Split: 2"
[1] "Estimates and SE estimates computed"
[1] ""
[1] "Sim.id 7"
[1] "Data generated and format changed"
[1] "   Split: 1"
[1] "   Split: 2"
[1] "Estimates and SE estimates computed"
[1] ""
[1] "Sim.id 8"
[1] "Data generated and format changed"
[1] "   Split: 1"
[1] "   Split: 2"
[1] "Estimates and SE estimates computed"
[1] ""
[1] "Sim.id 9"
[1] "Data generated and format changed"
[1] "   Split: 1"
[1] "   Split: 2"
[1] "Estimates and SE estimates computed"
[1] ""
[1] "Sim.id 10"
[1] "Data generated and format changed"
[1] "   Split: 1"
[1] "   Split: 2"
[1] "Estimates and SE estimates computed"
[1] ""
[1] "Sim.id 11"
[1] "Data generated and format changed"
[1] "   Split: 1"
[1] "   Split: 2"
[1] "Estimates and SE estimates computed"
[1] ""
[1] "Sim.id 12"
[1] "Data generated and format changed"
[1] "   Split: 1"
[1] "   Split: 2"
[1] "Estimates and SE estimates computed"
[1] ""
[1] "Sim.id 13"
[1] "Data generated and format changed"
[1] "   Split: 1"
[1] "   Split: 2"
[1] "Estimates and SE estimates computed"
[1] ""
[1] "Sim.id 14"
[1] "Data generated and format changed"
[1] "   Split: 1"
[1] "   Split: 2"
[1] "Estimates and SE estimates computed"
[1] ""
[1] "Sim.id 15"
[1] "Data generated and format changed"
[1] "   Split: 1"
[1] "   Split: 2"
[1] "Estimates and SE estimates computed"
[1] ""
[1] "Sim.id 16"
[1] "Data generated and format changed"
[1] "   Split: 1"
[1] "   Split: 2"
[1] "Estimates and SE estimates computed"
[1] ""
[1] "Sim.id 17"
[1] "Data generated and format changed"
[1] "   Split: 1"
[1] "   Split: 2"
[1] "Estimates and SE estimates computed"
[1] ""
[1] "Sim.id 18"
[1] "Data generated and format changed"
[1] "   Split: 1"
[1] "   Split: 2"
[1] "Estimates and SE estimates computed"
[1] ""
[1] "Sim.id 19"
[1] "Data generated and format changed"
[1] "   Split: 1"
[1] "   Split: 2"
[1] "Estimates and SE estimates computed"
[1] ""
[1] "Sim.id 20"
[1] "Data generated and format changed"
[1] "   Split: 1"
[1] "   Split: 2"
[1] "Estimates and SE estimates computed"
[1] ""
[[1]]
  delta        mu      mu_1      mu_0         de        se_1        se_0
1   0.5 0.8047182 0.6915650 0.8767208 -0.1851558  0.02135256  0.02846617
2   1.0 0.7482891 0.6702125 0.8482546 -0.1780422  0.00000000  0.00000000
3   2.0 0.6679651 0.6118925 0.8158129 -0.2039204 -0.05832000 -0.03244175
           oe         te
1  0.05642906 -0.1566896
2  0.00000000 -0.1780422
3 -0.08032404 -0.2363622

[[2]]
  delta        mu      mu_1      mu_0         de        se_1        se_0
1   0.5 0.8255073 0.7060087 0.9061016 -0.2000929  0.03592248  0.03939400
2   1.0 0.7518017 0.6700862 0.8667076 -0.1966214  0.00000000  0.00000000
3   2.0 0.6641802 0.6177914 0.8035610 -0.1857696 -0.05229473 -0.06314661
           oe         te
1  0.07370561 -0.1606989
2  0.00000000 -0.1966214
3 -0.08762149 -0.2489162

[[3]]
  delta        mu      mu_1      mu_0         de         se_1         se_0
1   0.5 0.7544889 0.6580454 0.8338462 -0.1758008  0.028000877  0.009330259
2   1.0 0.7078759 0.6300445 0.8245159 -0.1944714  0.000000000  0.000000000
3   2.0 0.6732658 0.6207317 0.8219728 -0.2012411 -0.009312832 -0.002543163
           oe         te
1  0.04661297 -0.1664705
2  0.00000000 -0.1944714
3 -0.03461014 -0.2037843

[[4]]
  delta        mu      mu_1      mu_0         de       se_1         se_0
1   0.5 0.7640134 0.6675872 0.8295910 -0.1620038 0.01117109 0.0004640834
2   1.0 0.7296910 0.6564161 0.8291269 -0.1727108 0.00000000 0.0000000000
3   2.0 0.7208050 0.6782156 0.8349164 -0.1567008 0.02179945 0.0057894628
            oe         te
1  0.034322462 -0.1615397
2  0.000000000 -0.1727108
3 -0.008885949 -0.1509114

[[5]]
  delta        mu      mu_1      mu_0         de        se_1         se_0
1   0.5 0.7869276 0.6774600 0.8520304 -0.1745703 -0.01053600 -0.038013186
2   1.0 0.7795906 0.6879960 0.8900436 -0.2020475  0.00000000  0.000000000
3   2.0 0.7142213 0.6446339 0.8837162 -0.2390823 -0.04336218 -0.006327419
            oe         te
1  0.007337057 -0.2125835
2  0.000000000 -0.2020475
3 -0.065369315 -0.2454097

[[6]]
  delta        mu      mu_1      mu_0         de         se_1         se_0
1   0.5 0.7726586 0.6662127 0.8496054 -0.1833927  0.009725689  0.006130703
2   1.0 0.7340985 0.6564870 0.8434747 -0.1869877  0.000000000  0.000000000
3   2.0 0.7004661 0.6486453 0.8412779 -0.1926326 -0.007841644 -0.002196759
           oe         te
1  0.03856011 -0.1772620
2  0.00000000 -0.1869877
3 -0.03363242 -0.1948293

[[7]]
  delta        mu      mu_1      mu_0         de        se_1        se_0
1   0.5 0.7698058 0.6878854 0.8307107 -0.1428252  0.01156350 -0.04753187
2   1.0 0.7649694 0.6763219 0.8782425 -0.2019206  0.00000000  0.00000000
3   2.0 0.7048659 0.6399389 0.8637015 -0.2237626 -0.03638305 -0.01454100
            oe         te
1  0.004836392 -0.1903571
2  0.000000000 -0.2019206
3 -0.060103441 -0.2383036

[[8]]
  delta        mu      mu_1      mu_0         de        se_1        se_0
1   0.5 0.8383054 0.7110218 0.9219833 -0.2109615  0.03695855  0.04132874
2   1.0 0.7628487 0.6740632 0.8806545 -0.2065913  0.00000000  0.00000000
3   2.0 0.6956321 0.6339101 0.8560271 -0.2221170 -0.04015311 -0.02462741
           oe         te
1  0.07545676 -0.1696327
2  0.00000000 -0.2065913
3 -0.06721660 -0.2467444

[[9]]
  delta        mu      mu_1      mu_0         de        se_1         se_0
1   0.5 0.7749331 0.6779618 0.8424206 -0.1644587 0.001776072 -0.006190872
2   1.0 0.7500426 0.6761857 0.8486114 -0.1724257 0.000000000  0.000000000
3   2.0 0.7453423 0.6987724 0.8545309 -0.1557586 0.022586637  0.005919516
            oe         te
1  0.024890459 -0.1706496
2  0.000000000 -0.1724257
3 -0.004700335 -0.1498390

[[10]]
  delta        mu      mu_1      mu_0         de        se_1        se_0
1   0.5 0.7968033 0.6736631 0.8791670 -0.2055039 0.001758203 0.019460013
2   1.0 0.7514120 0.6719049 0.8597070 -0.1878021 0.000000000 0.000000000
3   2.0 0.7459316 0.6974694 0.8630373 -0.1655680 0.025564454 0.003330321
            oe         te
1  0.045391330 -0.1860439
2  0.000000000 -0.1878021
3 -0.005480365 -0.1622376

[[11]]
  delta        mu      mu_1      mu_0         de         se_1        se_0
1   0.5 0.8373622 0.7275898 0.9081410 -0.1805512  0.031599888  0.02840758
2   1.0 0.7760238 0.6959899 0.8797335 -0.1837435  0.000000000  0.00000000
3   2.0 0.7244992 0.6861043 0.8258014 -0.1396971 -0.009885615 -0.05393204
           oe         te
1  0.06133844 -0.1521437
2  0.00000000 -0.1837435
3 -0.05152462 -0.1936292

[[12]]
  delta        mu      mu_1      mu_0         de        se_1        se_0
1   0.5 0.7780494 0.6795351 0.8443672 -0.1648321  0.02751045  0.01248814
2   1.0 0.7276020 0.6520246 0.8318791 -0.1798545  0.00000000  0.00000000
3   2.0 0.6732615 0.6207200 0.8163152 -0.1955952 -0.03130462 -0.01556387
           oe         te
1  0.05044739 -0.1523440
2  0.00000000 -0.1798545
3 -0.05434042 -0.2111591

[[13]]
  delta        mu      mu_1      mu_0         de         se_1         se_0
1   0.5 0.7565792 0.6500449 0.8287861 -0.1787412 -0.001846806 -0.001731878
2   1.0 0.7281392 0.6518917 0.8305179 -0.1786262  0.000000000  0.000000000
3   2.0 0.6957527 0.6536811 0.8113543 -0.1576732  0.001789412 -0.019163634
           oe         te
1  0.02844001 -0.1804731
2  0.00000000 -0.1786262
3 -0.03238655 -0.1768368

[[14]]
  delta        mu      mu_1      mu_0         de        se_1        se_0
1   0.5 0.7887623 0.6847911 0.8581962 -0.1734051  0.01905314  0.00604538
2   1.0 0.7459541 0.6657380 0.8521509 -0.1864129  0.00000000  0.00000000
3   2.0 0.7000481 0.6532137 0.8306791 -0.1774654 -0.01252424 -0.02147176
           oe         te
1  0.04280821 -0.1673597
2  0.00000000 -0.1864129
3 -0.04590601 -0.1989371

[[15]]
  delta        mu      mu_1      mu_0         de       se_1         se_0
1   0.5 0.8010063 0.6837033 0.8763112 -0.1926079 0.00615826 -0.003260588
2   1.0 0.7677085 0.6775450 0.8795718 -0.2020267 0.00000000  0.000000000
3   2.0 0.7580591 0.6994723 0.8939109 -0.1944386 0.02192728  0.014339123
            oe         te
1  0.033297872 -0.1958685
2  0.000000000 -0.2020267
3 -0.009649415 -0.1800994

[[16]]
  delta        mu      mu_1      mu_0         de        se_1        se_0
1   0.5 0.8334324 0.7175159 0.9108094 -0.1932935  0.02974767  0.04589034
2   1.0 0.7644890 0.6877683 0.8649191 -0.1771508  0.00000000  0.00000000
3   2.0 0.7009968 0.6517063 0.8339650 -0.1822587 -0.03606198 -0.03095403
           oe         te
1  0.06894341 -0.1474031
2  0.00000000 -0.1771508
3 -0.06349223 -0.2132128

[[17]]
  delta        mu      mu_1      mu_0         de       se_1         se_0
1   0.5 0.7565856 0.6711756 0.8197282 -0.1485526  0.0257665 0.0050014867
2   1.0 0.7142315 0.6454090 0.8147267 -0.1693176  0.0000000 0.0000000000
3   2.0 0.6733942 0.6223674 0.8151416 -0.1927743 -0.0230417 0.0004149256
           oe         te
1  0.04235413 -0.1435511
2  0.00000000 -0.1693176
3 -0.04083729 -0.1923593

[[18]]
  delta        mu      mu_1      mu_0         de        se_1         se_0
1   0.5 0.8120510 0.7170588 0.8770050 -0.1599463  0.05738268  0.002264836
2   1.0 0.7534832 0.6596761 0.8747402 -0.2150641  0.00000000  0.000000000
3   2.0 0.6787484 0.6169203 0.8460994 -0.2291792 -0.04275583 -0.028640753
           oe         te
1  0.05856783 -0.1576814
2  0.00000000 -0.2150641
3 -0.07473472 -0.2578199

[[19]]
  delta        mu      mu_1      mu_0         de        se_1        se_0
1   0.5 0.7902326 0.6823308 0.8565068 -0.1741760 -0.01077761 -0.03040729
2   1.0 0.7819298 0.6931084 0.8869141 -0.1938057  0.00000000  0.00000000
3   2.0 0.7692256 0.7062995 0.9084098 -0.2021103  0.01319112  0.02149567
            oe         te
1  0.008302856 -0.2045833
2  0.000000000 -0.1938057
3 -0.012704143 -0.1806146

[[20]]
  delta        mu      mu_1      mu_0         de         se_1         se_0
1   0.5 0.7702646 0.6662259 0.8421309 -0.1759050  0.007975364 -0.008382476
2   1.0 0.7393926 0.6582505 0.8505134 -0.1922628  0.000000000  0.000000000
3   2.0 0.6879497 0.6251735 0.8556376 -0.2304641 -0.033077051  0.005124193
           oe         te
1  0.03087202 -0.1842875
2  0.00000000 -0.1922628
3 -0.05144281 -0.2253399

[[1]]
  delta         mu       mu_1       mu_0         de       se_1       se_0
1   0.5 0.02272425 0.01991293 0.02613787 0.02330346 0.01611301 0.02252725
2   1.0 0.01698566 0.01771323 0.01647537 0.01284698 0.00000000 0.00000000
3   2.0 0.03297074 0.03591093 0.02400531 0.02333536 0.02916341 0.02011730
          oe         te
1 0.01981361 0.01586087
2 0.00000000 0.01284698
3 0.02791311 0.03568749

[[2]]
  delta         mu       mu_1       mu_0         de       se_1       se_0
1   0.5 0.02601298 0.02041469 0.02928173 0.02192739 0.01617186 0.02439235
2   1.0 0.01744283 0.01772167 0.01699987 0.01248196 0.00000000 0.00000000
3   2.0 0.03168288 0.03378007 0.02483046 0.02307973 0.02637493 0.02032923
          oe         te
1 0.02185918 0.01539360
2 0.00000000 0.01248196
3 0.02564127 0.03291621

[[3]]
  delta         mu       mu_1       mu_0         de       se_1       se_0
1   0.5 0.02592334 0.01974671 0.03012590 0.02368337 0.01591535 0.02527006
2   1.0 0.01761646 0.01805081 0.01738230 0.01309860 0.00000000 0.00000000
3   2.0 0.03287309 0.03590968 0.02573023 0.02298189 0.02754220 0.02037931
          oe         te
1 0.02236056 0.01606586
2 0.00000000 0.01309860
3 0.02613859 0.03449033

[[4]]
  delta         mu       mu_1       mu_0         de       se_1       se_0
1   0.5 0.02650250 0.01985576 0.03157559 0.02445936 0.01528131 0.02597611
2   1.0 0.01746033 0.01789236 0.01727910 0.01240154 0.00000000 0.00000000
3   2.0 0.03499516 0.03929375 0.02380014 0.02735775 0.03296075 0.01970650
          oe         te
1 0.02188302 0.01502697
2 0.00000000 0.01240154
3 0.02973486 0.03814461

[[5]]
  delta         mu       mu_1       mu_0         de       se_1       se_0
1   0.5 0.02729263 0.02174959 0.03336294 0.02991673 0.01630628 0.02903486
2   1.0 0.01661169 0.01710240 0.01594739 0.01198035 0.00000000 0.00000000
3   2.0 0.02876139 0.03065365 0.02372628 0.02101831 0.02408602 0.01941387
          oe         te
1 0.02317501 0.01729876
2 0.00000000 0.01198035
3 0.02321165 0.02980835

[[6]]
  delta         mu       mu_1       mu_0         de       se_1       se_0
1   0.5 0.02371177 0.01913384 0.02685151 0.01874551 0.01454836 0.02137503
2   1.0 0.01657834 0.01718100 0.01613110 0.01222498 0.00000000 0.00000000
3   2.0 0.03746023 0.04215646 0.02568003 0.03109719 0.03633505 0.02157857
          oe         te
1 0.01920781 0.01402021
2 0.00000000 0.01222498
3 0.03261839 0.04168544

[[7]]
  delta         mu       mu_1       mu_0         de       se_1       se_0
1   0.5 0.02789743 0.01954007 0.03278973 0.02563453 0.01501024 0.02783743
2   1.0 0.01776822 0.01825609 0.01684033 0.01299010 0.00000000 0.00000000
3   2.0 0.02971938 0.03219750 0.02394548 0.02268345 0.02463054 0.01813084
          oe         te
1 0.02378215 0.01443958
2 0.00000000 0.01299010
3 0.02320762 0.03103007

[[8]]
  delta         mu       mu_1       mu_0         de       se_1       se_0
1   0.5 0.02556293 0.01952195 0.02978756 0.02401656 0.01553865 0.02629032
2   1.0 0.01724744 0.01797163 0.01644401 0.01246591 0.00000000 0.00000000
3   2.0 0.03330693 0.03658648 0.02475946 0.02594330 0.02945056 0.01969803
          oe         te
1 0.02269818 0.01575365
2 0.00000000 0.01246591
3 0.02733050 0.03525447

[[9]]
  delta         mu       mu_1       mu_0         de       se_1       se_0
1   0.5 0.02305919 0.01927755 0.02579858 0.01944212 0.01552688 0.02083566
2   1.0 0.01737660 0.01762444 0.01719808 0.01268596 0.00000000 0.00000000
3   2.0 0.03099827 0.03360861 0.02398590 0.02305723 0.02738794 0.01959499
          oe         te
1 0.01938654 0.01518241
2 0.00000000 0.01268596
3 0.02597692 0.03357185

[[10]]
  delta         mu       mu_1       mu_0         de       se_1       se_0
1   0.5 0.02473296 0.01896159 0.02788442 0.02131709 0.01559327 0.02308619
2   1.0 0.01778619 0.01796846 0.01745387 0.01300415 0.00000000 0.00000000
3   2.0 0.02864937 0.03023780 0.02563030 0.02303236 0.02309668 0.02063874
          oe         te
1 0.02100949 0.01535522
2 0.00000000 0.01300415
3 0.02264880 0.02981730

[[11]]
  delta         mu       mu_1       mu_0         de       se_1       se_0
1   0.5 0.02524838 0.02098142 0.02821797 0.02224466 0.01643417 0.02281659
2   1.0 0.01629051 0.01660780 0.01577051 0.01212285 0.00000000 0.00000000
3   2.0 0.03246507 0.03752969 0.02139994 0.02999438 0.03194173 0.01719599
          oe         te
1 0.02030291 0.01665434
2 0.00000000 0.01212285
3 0.02775922 0.03702109

[[12]]
  delta         mu       mu_1       mu_0         de       se_1       se_0
1   0.5 0.02424844 0.02238446 0.02802359 0.02625646 0.02002930 0.02440257
2   1.0 0.01744595 0.01824799 0.01647878 0.01246062 0.00000000 0.00000000
3   2.0 0.02994349 0.03182014 0.02487147 0.02279157 0.02523485 0.02032160
          oe         te
1 0.02198683 0.01971422
2 0.00000000 0.01246062
3 0.02411894 0.03079223

[[13]]
  delta         mu       mu_1       mu_0         de       se_1       se_0
1   0.5 0.02612259 0.02077480 0.02970292 0.02357048 0.01476939 0.02295129
2   1.0 0.01837853 0.01837925 0.01819317 0.01314217 0.00000000 0.00000000
3   2.0 0.03436574 0.03924972 0.02466689 0.03099108 0.03259083 0.01961277
          oe         te
1 0.02006533 0.01617767
2 0.00000000 0.01314217
3 0.02843419 0.03771844

[[14]]
  delta         mu       mu_1       mu_0         de       se_1       se_0
1   0.5 0.02318829 0.01992482 0.02864094 0.02768585 0.01556968 0.02516705
2   1.0 0.01662899 0.01727201 0.01606893 0.01273035 0.00000000 0.00000000
3   2.0 0.02932176 0.03229951 0.02366389 0.02431142 0.02609895 0.02013319
          oe         te
1 0.02033409 0.01673235
2 0.00000000 0.01273035
3 0.02467195 0.03268317

[[15]]
  delta         mu       mu_1       mu_0         de       se_1       se_0
1   0.5 0.02622949 0.02112785 0.02923887 0.02152206 0.01694154 0.02447402
2   1.0 0.01769372 0.01827432 0.01728063 0.01319448 0.00000000 0.00000000
3   2.0 0.05046948 0.05909039 0.02569831 0.04745662 0.05375770 0.02202379
          oe         te
1 0.02199586 0.01666844
2 0.00000000 0.01319448
3 0.04609407 0.05794279

[[16]]
  delta         mu       mu_1       mu_0         de       se_1       se_0
1   0.5 0.02512030 0.01888177 0.02910765 0.02248575 0.01496575 0.02457821
2   1.0 0.01759015 0.01803977 0.01693803 0.01236131 0.00000000 0.00000000
3   2.0 0.03030228 0.03244028 0.02595308 0.02315226 0.02465606 0.02129439
          oe         te
1 0.02132473 0.01336433
2 0.00000000 0.01236131
3 0.02372969 0.03066430

[[17]]
  delta         mu       mu_1       mu_0         de       se_1       se_0
1   0.5 0.02346763 0.02044821 0.02714080 0.02341289 0.01625129 0.02271892
2   1.0 0.01713525 0.01737570 0.01681341 0.01243380 0.00000000 0.00000000
3   2.0 0.03071126 0.03312837 0.02496875 0.02432918 0.02663690 0.01992097
          oe         te
1 0.01946983 0.01760612
2 0.00000000 0.01243380
3 0.02513478 0.03245970

[[18]]
  delta         mu       mu_1       mu_0         de       se_1       se_0
1   0.5 0.02569043 0.02099542 0.03028337 0.02858960 0.01690545 0.02740920
2   1.0 0.01698487 0.01758502 0.01613924 0.01253324 0.00000000 0.00000000
3   2.0 0.03626478 0.04219371 0.02377649 0.03328697 0.03534349 0.01936951
          oe         te
1 0.02329851 0.01729987
2 0.00000000 0.01253324
3 0.03018087 0.04028020

[[19]]
  delta         mu       mu_1       mu_0         de       se_1       se_0
1   0.5 0.02396599 0.01984396 0.02679519 0.01977577 0.01408338 0.02092842
2   1.0 0.01759564 0.01767573 0.01744724 0.01244977 0.00000000 0.00000000
3   2.0 0.03135023 0.03346582 0.02449719 0.02183173 0.02721540 0.02106021
          oe         te
1 0.01864786 0.01440607
2 0.00000000 0.01244977
3 0.02647348 0.03310067

[[20]]
  delta         mu       mu_1       mu_0         de       se_1       se_0
1   0.5 0.02183625 0.01967936 0.02461078 0.01938837 0.01624621 0.02101114
2   1.0 0.01673969 0.01736172 0.01614543 0.01265993 0.00000000 0.00000000
3   2.0 0.02957149 0.03196856 0.02279177 0.02306792 0.02439813 0.01848674
          oe         te
1 0.01923587 0.01643089
2 0.00000000 0.01265993
3 0.02324205 0.03065018

[[1]]
  delta        mu      mu_1      mu_0         de        se_1        se_0
1   0.5 0.8025911 0.6930303 0.8729531 -0.1799228  0.02152610  0.02202451
2   1.0 0.7506895 0.6715042 0.8509286 -0.1794244  0.00000000  0.00000000
3   2.0 0.6580958 0.6006132 0.8120596 -0.2114464 -0.07089106 -0.03886904
           oe         te
1  0.05190153 -0.1578983
2  0.00000000 -0.1794244
3 -0.09259374 -0.2503154

[[2]]
  delta        mu      mu_1      mu_0         de        se_1        se_0
1   0.5 0.8245901 0.7051321 0.9054020 -0.2002699  0.03577415  0.03955248
2   1.0 0.7507835 0.6693580 0.8658496 -0.1964916  0.00000000  0.00000000
3   2.0 0.6648423 0.6187611 0.8034602 -0.1846992 -0.05059689 -0.06238930
           oe         te
1  0.07380666 -0.1607174
2  0.00000000 -0.1964916
3 -0.08594114 -0.2470885

[[3]]
  delta        mu      mu_1      mu_0         de        se_1         se_0
1   0.5 0.7576810 0.6593959 0.8381752 -0.1787793  0.03115999  0.014033690
2   1.0 0.7065509 0.6282359 0.8241415 -0.1959056  0.00000000  0.000000000
3   2.0 0.6684408 0.6155403 0.8192384 -0.2036981 -0.01269557 -0.004903077
           oe         te
1  0.05113016 -0.1647456
2  0.00000000 -0.1959056
3 -0.03811011 -0.2086012

[[4]]
  delta        mu      mu_1      mu_0         de        se_1         se_0
1   0.5 0.7632319 0.6669846 0.8288266 -0.1618419 0.009457863 -0.001235548
2   1.0 0.7307827 0.6575268 0.8300621 -0.1725353 0.000000000  0.000000000
3   2.0 0.7228303 0.6798593 0.8367678 -0.1569084 0.022332553  0.006705657
            oe         te
1  0.032449230 -0.1630775
2  0.000000000 -0.1725353
3 -0.007952366 -0.1502028

[[5]]
  delta        mu      mu_1      mu_0         de        se_1         se_0
1   0.5 0.7890647 0.6780531 0.8553511 -0.1772980 -0.01090405 -0.035851794
2   1.0 0.7806926 0.6889571 0.8912029 -0.2022458  0.00000000  0.000000000
3   2.0 0.7162280 0.6463926 0.8857139 -0.2393213 -0.04256457 -0.005489048
            oe         te
1  0.008372191 -0.2131498
2  0.000000000 -0.2022458
3 -0.064464556 -0.2448103

[[6]]
  delta        mu      mu_1      mu_0         de         se_1         se_0
1   0.5 0.7767508 0.6669612 0.8548101 -0.1878489  0.010857156  0.010574063
2   1.0 0.7342877 0.6561040 0.8442360 -0.1881320  0.000000000  0.000000000
3   2.0 0.7011864 0.6506076 0.8388553 -0.1882478 -0.005496457 -0.005380694
           oe         te
1  0.04246316 -0.1772748
2  0.00000000 -0.1881320
3 -0.03310130 -0.1936285

[[7]]
  delta        mu      mu_1      mu_0         de        se_1        se_0
1   0.5 0.7721075 0.6885576 0.8331323 -0.1445747  0.01126054 -0.04617783
2   1.0 0.7662243 0.6772971 0.8793102 -0.2020131  0.00000000  0.00000000
3   2.0 0.7078596 0.6439017 0.8641308 -0.2202291 -0.03339535 -0.01517932
            oe         te
1  0.005883197 -0.1907526
2  0.000000000 -0.2020131
3 -0.058364694 -0.2354084

[[8]]
  delta        mu      mu_1      mu_0         de        se_1        se_0
1   0.5 0.8381620 0.7111906 0.9216465 -0.2104559  0.03714452  0.04096878
2   1.0 0.7628172 0.6740461 0.8806778 -0.2066317  0.00000000  0.00000000
3   2.0 0.6956225 0.6339425 0.8560376 -0.2220951 -0.04010355 -0.02464017
           oe         te
1  0.07534474 -0.1694872
2  0.00000000 -0.2066317
3 -0.06719476 -0.2467352

[[9]]
  delta        mu      mu_1      mu_0         de        se_1         se_0
1   0.5 0.7748068 0.6779181 0.8424216 -0.1645035 0.001146267 -0.006563076
2   1.0 0.7505930 0.6767718 0.8489847 -0.1722128 0.000000000  0.000000000
3   2.0 0.7457011 0.6989754 0.8549694 -0.1559940 0.022203544  0.005984720
            oe         te
1  0.024213752 -0.1710666
2  0.000000000 -0.1722128
3 -0.004891918 -0.1500093

[[10]]
  delta        mu      mu_1      mu_0         de       se_1        se_0
1   0.5 0.7960801 0.6743380 0.8771136 -0.2027756 0.00201516 0.017602468
2   1.0 0.7516371 0.6723228 0.8595111 -0.1871883 0.00000000 0.000000000
3   2.0 0.7463800 0.6980325 0.8629364 -0.1649039 0.02570965 0.003425233
            oe         te
1  0.044442986 -0.1851732
2  0.000000000 -0.1871883
3 -0.005257029 -0.1614787

[[11]]
  delta        mu      mu_1      mu_0         de         se_1        se_0
1   0.5 0.8360700 0.7269038 0.9071896 -0.1802858  0.030777861  0.02709587
2   1.0 0.7760217 0.6961260 0.8800938 -0.1839678  0.000000000  0.00000000
3   2.0 0.7257655 0.6866133 0.8276127 -0.1409994 -0.009512652 -0.05248109
           oe         te
1  0.06004828 -0.1531899
2  0.00000000 -0.1839678
3 -0.05025624 -0.1934805

[[12]]
  delta        mu      mu_1      mu_0         de        se_1        se_0
1   0.5 0.7774654 0.6796508 0.8433258 -0.1636750  0.02683687  0.01087061
2   1.0 0.7284338 0.6528139 0.8324552 -0.1796413  0.00000000  0.00000000
3   2.0 0.6737966 0.6212245 0.8169104 -0.1956859 -0.03158944 -0.01554483
           oe         te
1  0.04903161 -0.1528044
2  0.00000000 -0.1796413
3 -0.05463724 -0.2112307

[[13]]
  delta        mu      mu_1      mu_0         de          se_1         se_0
1   0.5 0.7558101 0.6493603 0.8278534 -0.1784931 -0.0025014848 -0.003146524
2   1.0 0.7283529 0.6518618 0.8309999 -0.1791382  0.0000000000  0.000000000
3   2.0 0.6949284 0.6526333 0.8115609 -0.1589276  0.0007715653 -0.019439032
           oe         te
1  0.02745717 -0.1816396
2  0.00000000 -0.1791382
3 -0.03342455 -0.1783666

[[14]]
  delta        mu      mu_1      mu_0         de         se_1         se_0
1   0.5 0.7908273 0.6856313 0.8610600 -0.1754287  0.019386693  0.007200717
2   1.0 0.7470664 0.6662446 0.8538593 -0.1876147  0.000000000  0.000000000
3   2.0 0.7031711 0.6566090 0.8329605 -0.1763515 -0.009635625 -0.020898805
           oe         te
1  0.04376088 -0.1682280
2  0.00000000 -0.1876147
3 -0.04389531 -0.1972503

[[15]]
  delta        mu      mu_1      mu_0         de        se_1        se_0
1   0.5 0.8011945 0.6836470 0.8765837 -0.1929367 0.005806426 -0.00307049
2   1.0 0.7679763 0.6778406 0.8796542 -0.2018136 0.000000000  0.00000000
3   2.0 0.7597187 0.7011544 0.8947159 -0.1935615 0.023313850  0.01506177
            oe         te
1  0.033218174 -0.1960072
2  0.000000000 -0.2018136
3 -0.008257627 -0.1784998

[[16]]
  delta        mu      mu_1      mu_0         de        se_1        se_0
1   0.5 0.8330830 0.7158595 0.9115482 -0.1956887  0.02892394  0.04721226
2   1.0 0.7636591 0.6869356 0.8643360 -0.1774004  0.00000000  0.00000000
3   2.0 0.6998749 0.6505344 0.8325414 -0.1820070 -0.03640125 -0.03179457
           oe         te
1  0.06942394 -0.1484764
2  0.00000000 -0.1774004
3 -0.06378416 -0.2138016

[[17]]
  delta        mu      mu_1      mu_0         de        se_1         se_0
1   0.5 0.7555394 0.6698412 0.8192516 -0.1494104  0.02762704 0.0074599393
2   1.0 0.7107555 0.6422141 0.8117916 -0.1695775  0.00000000 0.0000000000
3   2.0 0.6709136 0.6203166 0.8122406 -0.1919239 -0.02189752 0.0004489392
           oe         te
1  0.04478381 -0.1419505
2  0.00000000 -0.1695775
3 -0.03984190 -0.1914750

[[18]]
  delta        mu      mu_1      mu_0         de        se_1        se_0
1   0.5 0.7842826 0.7177585 0.8417337 -0.1239752  0.05840554 -0.03209018
2   1.0 0.7528078 0.6593529 0.8738239 -0.2144709  0.00000000  0.00000000
3   2.0 0.6769292 0.6152204 0.8443860 -0.2291655 -0.04413249 -0.02943791
           oe         te
1  0.03147478 -0.1560654
2  0.00000000 -0.2144709
3 -0.07587860 -0.2586034

[[19]]
  delta        mu      mu_1      mu_0         de        se_1        se_0
1   0.5 0.7862983 0.6797750 0.8523802 -0.1726052 -0.01361927 -0.03337266
2   1.0 0.7815012 0.6933942 0.8857529 -0.1923586  0.00000000  0.00000000
3   2.0 0.7709897 0.7085388 0.9088463 -0.2003075  0.01514453  0.02309340
            oe         te
1  0.004797144 -0.2059779
2  0.000000000 -0.1923586
3 -0.010511505 -0.1772141

[[20]]
  delta        mu      mu_1      mu_0         de         se_1         se_0
1   0.5 0.7724947 0.6667851 0.8446048 -0.1778196  0.009669631 -0.006621234
2   1.0 0.7387685 0.6571155 0.8512260 -0.1941105  0.000000000  0.000000000
3   2.0 0.6833624 0.6206351 0.8536535 -0.2330185 -0.036480440  0.002427506
           oe         te
1  0.03372619 -0.1844409
2  0.00000000 -0.1941105
3 -0.05540607 -0.2305909

[[1]]
  delta         mu       mu_1       mu_0         de       se_1       se_0
1   0.5 0.02262354 0.01979706 0.02593073 0.02300402 0.01579334 0.02207409
2   1.0 0.01721752 0.01788189 0.01667210 0.01295245 0.00000000 0.00000000
3   2.0 0.03500767 0.03845106 0.02414085 0.02509030 0.03184585 0.02067279
          oe         te
1 0.01946488 0.01542971
2 0.00000000 0.01295245
3 0.03023117 0.03837001

[[2]]
  delta         mu       mu_1       mu_0         de       se_1       se_0
1   0.5 0.02579015 0.02026554 0.02903187 0.02180994 0.01595641 0.02423845
2   1.0 0.01733020 0.01760930 0.01686964 0.01235688 0.00000000 0.00000000
3   2.0 0.03141600 0.03356710 0.02462296 0.02309153 0.02626018 0.02004679
          oe         te
1 0.02164962 0.01534281
2 0.00000000 0.01235688
3 0.02542387 0.03267193

[[3]]
  delta         mu       mu_1       mu_0         de       se_1       se_0
1   0.5 0.02584464 0.01984503 0.02995172 0.02342316 0.01598693 0.02502468
2   1.0 0.01767678 0.01816429 0.01736678 0.01313969 0.00000000 0.00000000
3   2.0 0.03272654 0.03563386 0.02577323 0.02271744 0.02715371 0.02037241
          oe         te
1 0.02226086 0.01604291
2 0.00000000 0.01313969
3 0.02586070 0.03413112

[[4]]
  delta         mu       mu_1       mu_0         de       se_1       se_0
1   0.5 0.02637349 0.01980858 0.03142012 0.02435627 0.01524560 0.02590116
2   1.0 0.01743610 0.01787196 0.01723885 0.01238674 0.00000000 0.00000000
3   2.0 0.03503345 0.03934193 0.02378532 0.02734881 0.03313611 0.01980398
          oe         te
1 0.02181214 0.01497258
2 0.00000000 0.01238674
3 0.02992357 0.03831034

[[5]]
  delta         mu       mu_1       mu_0         de       se_1       se_0
1   0.5 0.02697073 0.02174266 0.03257754 0.02910548 0.01639065 0.02831867
2   1.0 0.01665142 0.01715500 0.01592455 0.01196432 0.00000000 0.00000000
3   2.0 0.02886559 0.03071434 0.02373232 0.02094363 0.02407940 0.01939010
          oe         te
1 0.02293452 0.01734174
2 0.00000000 0.01196432
3 0.02327474 0.02983015

[[6]]
  delta         mu       mu_1       mu_0         de       se_1       se_0
1   0.5 0.02396611 0.01923945 0.02714476 0.01894919 0.01468509 0.02162635
2   1.0 0.01670477 0.01729413 0.01624661 0.01230368 0.00000000 0.00000000
3   2.0 0.03746363 0.04171427 0.02599498 0.02988011 0.03557914 0.02186533
          oe         te
1 0.01942883 0.01415424
2 0.00000000 0.01230368
3 0.03244396 0.04121494

[[7]]
  delta         mu       mu_1       mu_0         de       se_1       se_0
1   0.5 0.02754880 0.01945309 0.03242606 0.02546440 0.01493198 0.02756754
2   1.0 0.01778458 0.01832224 0.01680804 0.01301475 0.00000000 0.00000000
3   2.0 0.02998459 0.03281914 0.02395728 0.02365066 0.02531911 0.01812503
          oe         te
1 0.02355774 0.01433814
2 0.00000000 0.01301475
3 0.02352704 0.03172373

[[8]]
  delta         mu       mu_1       mu_0         de       se_1       se_0
1   0.5 0.02566423 0.01954670 0.03000771 0.02428147 0.01558838 0.02648920
2   1.0 0.01724817 0.01797027 0.01644068 0.01246358 0.00000000 0.00000000
3   2.0 0.03327669 0.03652265 0.02474924 0.02583240 0.02938503 0.01970155
          oe         te
1 0.02279536 0.01581605
2 0.00000000 0.01246358
3 0.02730134 0.03519782

[[9]]
  delta         mu       mu_1       mu_0         de       se_1       se_0
1   0.5 0.02304489 0.01927774 0.02576558 0.01938922 0.01556290 0.02081733
2   1.0 0.01740100 0.01765984 0.01720458 0.01268778 0.00000000 0.00000000
3   2.0 0.03116040 0.03378037 0.02404543 0.02314468 0.02756385 0.01965093
          oe         te
1 0.01939672 0.01517040
2 0.00000000 0.01268778
3 0.02612843 0.03373317

[[10]]
  delta         mu       mu_1       mu_0         de       se_1       se_0
1   0.5 0.02490447 0.01900117 0.02803233 0.02125440 0.01563180 0.02312511
2   1.0 0.01781328 0.01798463 0.01748478 0.01300517 0.00000000 0.00000000
3   2.0 0.02877270 0.03036918 0.02568538 0.02317207 0.02315326 0.02066925
          oe         te
1 0.02110261 0.01535052
2 0.00000000 0.01300517
3 0.02270534 0.02991609

[[11]]
  delta         mu       mu_1       mu_0         de       se_1       se_0
1   0.5 0.02529107 0.02105830 0.02835958 0.02254251 0.01657284 0.02295899
2   1.0 0.01633306 0.01672176 0.01576703 0.01218391 0.00000000 0.00000000
3   2.0 0.03283327 0.03798791 0.02152206 0.03045048 0.03231264 0.01717803
          oe         te
1 0.02041121 0.01689945
2 0.00000000 0.01218391
3 0.02799725 0.03736205

[[12]]
  delta         mu       mu_1       mu_0         de       se_1       se_0
1   0.5 0.02409568 0.02224588 0.02786821 0.02607539 0.01993996 0.02429470
2   1.0 0.01743250 0.01824089 0.01645310 0.01243540 0.00000000 0.00000000
3   2.0 0.02993943 0.03182325 0.02484072 0.02276685 0.02523990 0.02028225
          oe         te
1 0.02189390 0.01962674
2 0.00000000 0.01243540
3 0.02410061 0.03076858

[[13]]
  delta         mu       mu_1       mu_0         de       se_1       se_0
1   0.5 0.02613148 0.02083027 0.02965850 0.02353714 0.01483302 0.02290845
2   1.0 0.01836310 0.01836627 0.01818235 0.01314002 0.00000000 0.00000000
3   2.0 0.03416646 0.03899135 0.02460265 0.03076263 0.03235132 0.01956831
          oe         te
1 0.02007554 0.01622999
2 0.00000000 0.01314002
3 0.02827079 0.03749834

[[14]]
  delta         mu       mu_1       mu_0         de       se_1       se_0
1   0.5 0.02332293 0.02009204 0.02882250 0.02811355 0.01580903 0.02508397
2   1.0 0.01665560 0.01735091 0.01606618 0.01284309 0.00000000 0.00000000
3   2.0 0.03009081 0.03339273 0.02384627 0.02515907 0.02700275 0.02039398
          oe         te
1 0.02031444 0.01679642
2 0.00000000 0.01284309
3 0.02534203 0.03369706

[[15]]
  delta         mu       mu_1       mu_0         de       se_1      se_0
1   0.5 0.02622541 0.02114449 0.02923583 0.02151880 0.01696228 0.0244779
2   1.0 0.01768224 0.01826932 0.01726353 0.01319039 0.00000000 0.0000000
3   2.0 0.05104981 0.05980081 0.02569101 0.04817588 0.05449006 0.0220369
          oe         te
1 0.02200726 0.01667123
2 0.00000000 0.01319039
3 0.04669585 0.05866040

[[16]]
  delta         mu       mu_1       mu_0         de       se_1       se_0
1   0.5 0.02509998 0.01906463 0.02886734 0.02217152 0.01529907 0.02436252
2   1.0 0.01759017 0.01807836 0.01692966 0.01241065 0.00000000 0.00000000
3   2.0 0.03063439 0.03276605 0.02618068 0.02329143 0.02489766 0.02148762
          oe         te
1 0.02141555 0.01360953
2 0.00000000 0.01241065
3 0.02400239 0.03095344

[[17]]
  delta         mu       mu_1       mu_0         de       se_1       se_0
1   0.5 0.02348646 0.02050075 0.02726609 0.02367907 0.01636197 0.02277751
2   1.0 0.01715948 0.01739298 0.01681130 0.01239831 0.00000000 0.00000000
3   2.0 0.03034195 0.03260128 0.02497418 0.02374178 0.02599425 0.01983589
          oe         te
1 0.01948871 0.01767680
2 0.00000000 0.01239831
3 0.02461344 0.03182916

[[18]]
  delta         mu       mu_1       mu_0         de       se_1       se_0
1   0.5 0.04401728 0.02110923 0.05476005 0.05429691 0.01706528 0.05215429
2   1.0 0.01703854 0.01759461 0.01625217 0.01263882 0.00000000 0.00000000
3   2.0 0.03621568 0.04219047 0.02378045 0.03341628 0.03537537 0.01938822
          oe         te
1 0.04226062 0.01746196
2 0.00000000 0.01263882
3 0.03013486 0.04026475

[[19]]
  delta         mu       mu_1       mu_0         de       se_1       se_0
1   0.5 0.02377858 0.01981228 0.02654473 0.01953102 0.01398381 0.02058687
2   1.0 0.01751014 0.01762410 0.01736482 0.01242312 0.00000000 0.00000000
3   2.0 0.03119902 0.03336244 0.02426196 0.02173922 0.02716145 0.02081640
          oe         te
1 0.01835987 0.01430604
2 0.00000000 0.01242312
3 0.02632416 0.03298503

[[20]]
  delta         mu       mu_1       mu_0         de       se_1       se_0
1   0.5 0.02194843 0.01959209 0.02472809 0.01921643 0.01626986 0.02103793
2   1.0 0.01666777 0.01729875 0.01609602 0.01264780 0.00000000 0.00000000
3   2.0 0.02943623 0.03179769 0.02284443 0.02292238 0.02434025 0.01846228
          oe         te
1 0.01937515 0.01634273
2 0.00000000 0.01264780
3 0.02314520 0.03048737

[1] "Total run time was 3765.515 seconds"
