Warning message:
package ‘SuperLearner’ was built under R version 4.1.3 
[1] "[Simulation setting]"
[1] "n: 500"
[1] "deltas: 0.5, 1, 2"
[1] "K: 2"
[1] "r: 100"
[1] "s: 1"
[1] "Sim.id 1"
[1] "Data generated and format changed"
[1] "   Split: 1"
Loading required namespace: nnet
Loading required namespace: ranger
[1] "   Split: 2"
[1] "Estimates and SE estimates computed"
[1] ""
[1] "Sim.id 2"
[1] "Data generated and format changed"
[1] "   Split: 1"
[1] "   Split: 2"
[1] "Estimates and SE estimates computed"
[1] ""
[1] "Sim.id 3"
[1] "Data generated and format changed"
[1] "   Split: 1"
[1] "   Split: 2"
[1] "Estimates and SE estimates computed"
[1] ""
[1] "Sim.id 4"
[1] "Data generated and format changed"
[1] "   Split: 1"
[1] "   Split: 2"
[1] "Estimates and SE estimates computed"
[1] ""
[1] "Sim.id 5"
[1] "Data generated and format changed"
[1] "   Split: 1"
[1] "   Split: 2"
[1] "Estimates and SE estimates computed"
[1] ""
[1] "Sim.id 6"
[1] "Data generated and format changed"
[1] "   Split: 1"
[1] "   Split: 2"
[1] "Estimates and SE estimates computed"
[1] ""
[1] "Sim.id 7"
[1] "Data generated and format changed"
[1] "   Split: 1"
[1] "   Split: 2"
[1] "Estimates and SE estimates computed"
[1] ""
[1] "Sim.id 8"
[1] "Data generated and format changed"
[1] "   Split: 1"
[1] "   Split: 2"
[1] "Estimates and SE estimates computed"
[1] ""
[1] "Sim.id 9"
[1] "Data generated and format changed"
[1] "   Split: 1"
[1] "   Split: 2"
[1] "Estimates and SE estimates computed"
[1] ""
[1] "Sim.id 10"
[1] "Data generated and format changed"
[1] "   Split: 1"
[1] "   Split: 2"
[1] "Estimates and SE estimates computed"
[1] ""
[1] "Sim.id 11"
[1] "Data generated and format changed"
[1] "   Split: 1"
[1] "   Split: 2"
[1] "Estimates and SE estimates computed"
[1] ""
[1] "Sim.id 12"
[1] "Data generated and format changed"
[1] "   Split: 1"
[1] "   Split: 2"
[1] "Estimates and SE estimates computed"
[1] ""
[1] "Sim.id 13"
[1] "Data generated and format changed"
[1] "   Split: 1"
[1] "   Split: 2"
[1] "Estimates and SE estimates computed"
[1] ""
[1] "Sim.id 14"
[1] "Data generated and format changed"
[1] "   Split: 1"
[1] "   Split: 2"
[1] "Estimates and SE estimates computed"
[1] ""
[1] "Sim.id 15"
[1] "Data generated and format changed"
[1] "   Split: 1"
[1] "   Split: 2"
[1] "Estimates and SE estimates computed"
[1] ""
[1] "Sim.id 16"
[1] "Data generated and format changed"
[1] "   Split: 1"
[1] "   Split: 2"
[1] "Estimates and SE estimates computed"
[1] ""
[1] "Sim.id 17"
[1] "Data generated and format changed"
[1] "   Split: 1"
[1] "   Split: 2"
[1] "Estimates and SE estimates computed"
[1] ""
[1] "Sim.id 18"
[1] "Data generated and format changed"
[1] "   Split: 1"
[1] "   Split: 2"
[1] "Estimates and SE estimates computed"
[1] ""
[1] "Sim.id 19"
[1] "Data generated and format changed"
[1] "   Split: 1"
[1] "   Split: 2"
[1] "Estimates and SE estimates computed"
[1] ""
[1] "Sim.id 20"
[1] "Data generated and format changed"
[1] "   Split: 1"
[1] "   Split: 2"
[1] "Estimates and SE estimates computed"
[1] ""
[[1]]
  delta        mu      mu_1      mu_0         de         se_1         se_0
1   0.5 0.7639620 0.6582441 0.8368375 -0.1785933 -0.005934916 -0.008630844
2   1.0 0.7411997 0.6641790 0.8454683 -0.1812893  0.000000000  0.000000000
3   2.0 0.7733810 0.7195660 0.8918371 -0.1722711  0.055387002  0.046368814
          oe         te
1 0.02276232 -0.1872242
2 0.00000000 -0.1812893
3 0.03218129 -0.1259023

[[2]]
  delta        mu      mu_1      mu_0         de         se_1         se_0
1   0.5 0.8110854 0.6765324 0.8979581 -0.2214257  0.001812505  0.046732794
2   1.0 0.7501946 0.6747199 0.8512253 -0.1765054  0.000000000  0.000000000
3   2.0 0.6976608 0.6412879 0.8433987 -0.2021109 -0.033432083 -0.007826593
           oe         te
1  0.06089082 -0.1746929
2  0.00000000 -0.1765054
3 -0.05253377 -0.2099375

[[3]]
  delta        mu      mu_1      mu_0         de        se_1        se_0
1   0.5 0.7837247 0.6784531 0.8539747 -0.1755216  0.04871239  0.01422130
2   1.0 0.7189103 0.6297407 0.8397534 -0.2100127  0.00000000  0.00000000
3   2.0 0.6258856 0.5699030 0.7887211 -0.2188181 -0.05983762 -0.05103227
           oe         te
1  0.06481439 -0.1613004
2  0.00000000 -0.2100127
3 -0.09302473 -0.2698504

[[4]]
  delta        mu      mu_1      mu_0         de        se_1        se_0
1   0.5 0.8189342 0.6930707 0.8994055 -0.2063348 0.014814410  0.03783445
2   1.0 0.7583828 0.6782563 0.8615710 -0.1833147 0.000000000  0.00000000
3   2.0 0.7345371 0.6864910 0.8455393 -0.1590484 0.008234656 -0.01603172
           oe         te
1  0.06055144 -0.1685003
2  0.00000000 -0.1833147
3 -0.02384570 -0.1750801

[[5]]
  delta        mu      mu_1      mu_0         de       se_1          se_0
1   0.5 0.8114766 0.7241326 0.8707232 -0.1465906 0.01743829 -0.0006195735
2   1.0 0.7796433 0.7066943 0.8713428 -0.1646485 0.00000000  0.0000000000
3   2.0 0.7717666 0.7175769 0.9015813 -0.1840044 0.01088258  0.0302385107
            oe         te
1  0.031833267 -0.1472102
2  0.000000000 -0.1646485
3 -0.007876663 -0.1537659

[[6]]
  delta        mu      mu_1      mu_0         de       se_1        se_0
1   0.5 0.8087881 0.6994514 0.8830533 -0.1836018 0.01926320 0.035054084
2   1.0 0.7511266 0.6801882 0.8479992 -0.1678110 0.00000000 0.000000000
3   2.0 0.7410170 0.6939999 0.8516120 -0.1576122 0.01381165 0.003612851
           oe         te
1  0.05766153 -0.1485478
2  0.00000000 -0.1678110
3 -0.01010962 -0.1539993

[[7]]
  delta        mu      mu_1      mu_0         de        se_1         se_0
1   0.5 0.7889292 0.6873413 0.8627499 -0.1754086  0.01831056  0.020984922
2   1.0 0.7424331 0.6690307 0.8417650 -0.1727342  0.00000000  0.000000000
3   2.0 0.6881358 0.6324634 0.8340293 -0.2015659 -0.03656737 -0.007735703
           oe         te
1  0.04649613 -0.1544237
2  0.00000000 -0.1727342
3 -0.05429731 -0.2093016

[[8]]
  delta        mu      mu_1      mu_0         de        se_1         se_0
1   0.5 0.8129986 0.7009642 0.8867839 -0.1858196 0.024049543  0.017123930
2   1.0 0.7607254 0.6769147 0.8696599 -0.1927453 0.000000000  0.000000000
3   2.0 0.7344036 0.6799209 0.8662951 -0.1863742 0.003006212 -0.003364841
           oe         te
1  0.05227328 -0.1686957
2  0.00000000 -0.1927453
3 -0.02632177 -0.1897390

[[9]]
  delta        mu      mu_1      mu_0         de         se_1         se_0
1   0.5 0.7811950 0.6739054 0.8513667 -0.1774613  0.009851220  0.005360161
2   1.0 0.7410963 0.6640542 0.8460065 -0.1819523  0.000000000  0.000000000
3   2.0 0.7055869 0.6593278 0.8345244 -0.1751966 -0.004726351 -0.011482103
           oe         te
1  0.04009874 -0.1721011
2  0.00000000 -0.1819523
3 -0.03550942 -0.1866787

[[10]]
  delta        mu      mu_1      mu_0         de        se_1        se_0
1   0.5 0.8172725 0.7010605 0.8913964 -0.1903359  0.01927937 0.034578999
2   1.0 0.7577038 0.6817811 0.8568174 -0.1750362  0.00000000 0.000000000
3   2.0 0.7248173 0.6692896 0.8639960 -0.1947063 -0.01249149 0.007178576
           oe         te
1  0.05956879 -0.1557569
2  0.00000000 -0.1750362
3 -0.03288643 -0.1875277

[[11]]
  delta        mu      mu_1      mu_0         de         se_1         se_0
1   0.5 0.7693447 0.6720474 0.8425579 -0.1705105  0.003399534 -0.008379424
2   1.0 0.7433585 0.6686479 0.8509373 -0.1822894  0.000000000  0.000000000
3   2.0 0.6827132 0.6251861 0.8439799 -0.2187938 -0.043461853 -0.006957414
           oe         te
1  0.02598620 -0.1788899
2  0.00000000 -0.1822894
3 -0.06064536 -0.2257513

[[12]]
  delta        mu      mu_1      mu_0         de        se_1        se_0
1   0.5 0.7697310 0.6798223 0.8340454 -0.1542231  0.02701734 0.004416820
2   1.0 0.7266913 0.6528050 0.8296286 -0.1768236  0.00000000 0.000000000
3   2.0 0.6907299 0.6380821 0.8320976 -0.1940155 -0.01472293 0.002469024
           oe         te
1  0.04303972 -0.1498062
2  0.00000000 -0.1768236
3 -0.03596135 -0.1915465

[[13]]
  delta        mu      mu_1      mu_0         de        se_1         se_0
1   0.5 0.7745514 0.6770578 0.8451933 -0.1681355 0.024776237  0.004539740
2   1.0 0.7297614 0.6522816 0.8406536 -0.1883720 0.000000000  0.000000000
3   2.0 0.7080397 0.6620425 0.8364007 -0.1743582 0.009760905 -0.004252839
           oe         te
1  0.04478999 -0.1635957
2  0.00000000 -0.1883720
3 -0.02172169 -0.1786111

[[14]]
  delta        mu      mu_1      mu_0         de        se_1        se_0
1   0.5 0.7868744 0.7056886 0.8469856 -0.1412970 0.009273276 -0.02008173
2   1.0 0.7690843 0.6964153 0.8670673 -0.1706520 0.000000000  0.00000000
3   2.0 0.7497379 0.6997142 0.8814360 -0.1817219 0.003298843  0.01436870
           oe         te
1  0.01779001 -0.1613787
2  0.00000000 -0.1706520
3 -0.01934645 -0.1673532

[[15]]
  delta        mu      mu_1      mu_0         de        se_1         se_0
1   0.5 0.7949471 0.6947685 0.8625704 -0.1678019  0.01946615 -0.002201372
2   1.0 0.7561105 0.6753023 0.8647718 -0.1894694  0.00000000  0.000000000
3   2.0 0.7026706 0.6485096 0.8430161 -0.1945066 -0.02679276 -0.021755646
           oe         te
1  0.03883664 -0.1700033
2  0.00000000 -0.1894694
3 -0.05343985 -0.2162622

[[16]]
  delta        mu      mu_1      mu_0         de         se_1        se_0
1   0.5 0.7552092 0.6752878 0.8184055 -0.1431177 -0.005543172 -0.03977334
2   1.0 0.7553244 0.6808310 0.8581788 -0.1773478  0.000000000  0.00000000
3   2.0 0.7091153 0.6600880 0.8405761 -0.1804881 -0.020742994 -0.01760269
             oe         te
1 -0.0001152206 -0.1828910
2  0.0000000000 -0.1773478
3 -0.0462091091 -0.1980908

[[17]]
  delta        mu      mu_1      mu_0         de         se_1         se_0
1   0.5 0.7863484 0.6791569 0.8543315 -0.1751745  0.007401735 -0.003347401
2   1.0 0.7541906 0.6717552 0.8576789 -0.1859237  0.000000000  0.000000000
3   2.0 0.7159825 0.6551382 0.8697212 -0.2145831 -0.016617029  0.012042365
           oe         te
1  0.03215783 -0.1785219
2  0.00000000 -0.1859237
3 -0.03820807 -0.2025407

[[18]]
  delta        mu      mu_1      mu_0         de        se_1        se_0
1   0.5 0.8327525 0.6961337 0.9258719 -0.2297382 0.030554112  0.06696299
2   1.0 0.7461672 0.6655796 0.8589089 -0.1933293 0.000000000  0.00000000
3   2.0 0.7178266 0.6755479 0.8368769 -0.1613290 0.009968237 -0.02203206
           oe         te
1  0.08658527 -0.1627752
2  0.00000000 -0.1933293
3 -0.02834054 -0.1833611

[[19]]
  delta        mu      mu_1      mu_0         de        se_1        se_0
1   0.5 0.8032808 0.6826847 0.8838848 -0.2012001  0.03758067  0.04111381
2   1.0 0.7279872 0.6451040 0.8427710 -0.1976670  0.00000000  0.00000000
3   2.0 0.6756578 0.6214956 0.8266400 -0.2051444 -0.02360844 -0.01613099
           oe         te
1  0.07529362 -0.1600863
2  0.00000000 -0.1976670
3 -0.05232940 -0.2212754

[[20]]
  delta        mu      mu_1      mu_0         de        se_1        se_0
1   0.5 0.7978370 0.6915724 0.8705650 -0.1789926  0.02155898  0.01396171
2   1.0 0.7485859 0.6700134 0.8566033 -0.1865898  0.00000000  0.00000000
3   2.0 0.6887222 0.6416318 0.8247027 -0.1830710 -0.02838163 -0.03190052
           oe         te
1  0.04925104 -0.1650309
2  0.00000000 -0.1865898
3 -0.05986374 -0.2149715

[[1]]
  delta         mu       mu_1       mu_0         de       se_1       se_0
1   0.5 0.02344620 0.01960111 0.02619028 0.02002104 0.01506107 0.02219914
2   1.0 0.01674864 0.01732453 0.01631553 0.01262667 0.00000000 0.00000000
3   2.0 0.03566689 0.03962865 0.02597340 0.02713928 0.03343449 0.02115307
          oe         te
1 0.02001995 0.01572094
2 0.00000000 0.01262667
3 0.03025612 0.03857209

[[2]]
  delta         mu       mu_1       mu_0         de       se_1       se_0
1   0.5 0.02360744 0.02116764 0.02696937 0.02309793 0.01575376 0.02260031
2   1.0 0.01690946 0.01771515 0.01607814 0.01260322 0.00000000 0.00000000
3   2.0 0.03136725 0.03461234 0.02387556 0.02498477 0.02777122 0.01895114
          oe         te
1 0.01935253 0.01664072
2 0.00000000 0.01260322
3 0.02543732 0.03354702

[[3]]
  delta         mu       mu_1       mu_0         de       se_1       se_0
1   0.5 0.02470350 0.02099886 0.02749290 0.02124907 0.01496931 0.02174708
2   1.0 0.01786155 0.01809566 0.01757205 0.01276133 0.00000000 0.00000000
3   2.0 0.02643802 0.02873032 0.02182105 0.02423898 0.02203462 0.01790491
          oe         te
1 0.01922577 0.01505604
2 0.00000000 0.01276133
3 0.02084496 0.02835779

[[4]]
  delta         mu       mu_1       mu_0         de       se_1       se_0
1   0.5 0.02626454 0.02182267 0.03056493 0.02567494 0.01926949 0.02776102
2   1.0 0.01768915 0.01814828 0.01698303 0.01271382 0.00000000 0.00000000
3   2.0 0.03422931 0.03730623 0.02615739 0.02766061 0.02997491 0.02154067
          oe         te
1 0.02443761 0.01836420
2 0.00000000 0.01271382
3 0.02829903 0.03662111

[[5]]
  delta         mu       mu_1       mu_0         de       se_1       se_0
1   0.5 0.02529674 0.02036984 0.02832628 0.02073567 0.01484593 0.02279123
2   1.0 0.01807339 0.01832674 0.01743900 0.01237507 0.00000000 0.00000000
3   2.0 0.03430045 0.03840679 0.02668527 0.02925974 0.03126898 0.02250928
          oe         te
1 0.02028862 0.01478444
2 0.00000000 0.01237507
3 0.02839442 0.03683768

[[6]]
  delta         mu       mu_1       mu_0         de       se_1       se_0
1   0.5 0.02468149 0.01977540 0.02768160 0.02023426 0.01613530 0.02394712
2   1.0 0.01776899 0.01839884 0.01678023 0.01199769 0.00000000 0.00000000
3   2.0 0.04001644 0.04324187 0.02929654 0.02786171 0.03627127 0.02361519
          oe         te
1 0.02172550 0.01457968
2 0.00000000 0.01199769
3 0.03352624 0.04028193

[[7]]
  delta         mu       mu_1       mu_0         de       se_1       se_0
1   0.5 0.02514479 0.01983091 0.03123241 0.02504501 0.01404386 0.02664290
2   1.0 0.01757238 0.01754686 0.01703112 0.01114501 0.00000000 0.00000000
3   2.0 0.03131509 0.03537941 0.02378801 0.02871560 0.02816247 0.01859584
          oe         te
1 0.02007523 0.01382790
2 0.00000000 0.01114501
3 0.02495113 0.03328878

[[8]]
  delta         mu       mu_1       mu_0         de       se_1       se_0
1   0.5 0.02194156 0.01920323 0.02522909 0.02208543 0.01525802 0.02062515
2   1.0 0.01599390 0.01687429 0.01564416 0.01315317 0.00000000 0.00000000
3   2.0 0.03043641 0.03363427 0.02269024 0.02361863 0.02699365 0.01865557
          oe         te
1 0.01848429 0.01657689
2 0.00000000 0.01315317
3 0.02513146 0.03335553

[[9]]
  delta         mu       mu_1       mu_0         de       se_1       se_0
1   0.5 0.02346202 0.02038424 0.02619118 0.02072592 0.01671514 0.02140876
2   1.0 0.01716623 0.01772259 0.01693252 0.01257901 0.00000000 0.00000000
3   2.0 0.03401239 0.03634072 0.02677407 0.02342816 0.02876717 0.02127495
          oe         te
1 0.01972343 0.01631387
2 0.00000000 0.01257901
3 0.02774761 0.03517888

[[10]]
  delta         mu       mu_1       mu_0         de       se_1       se_0
1   0.5 0.02318068 0.01986777 0.02654807 0.02162062 0.01499962 0.02131490
2   1.0 0.01750064 0.01811846 0.01674505 0.01239319 0.00000000 0.00000000
3   2.0 0.03267909 0.03517786 0.02455898 0.02396958 0.02820214 0.02003259
          oe         te
1 0.01886017 0.01548776
2 0.00000000 0.01239319
3 0.02692918 0.03418970

[[11]]
  delta         mu       mu_1       mu_0         de       se_1       se_0
1   0.5 0.02381995 0.01893401 0.02657916 0.01969517 0.01471541 0.02163001
2   1.0 0.01706739 0.01737965 0.01667896 0.01257655 0.00000000 0.00000000
3   2.0 0.03024866 0.03275090 0.02444185 0.02411554 0.02513658 0.01993939
          oe         te
1 0.01975808 0.01478552
2 0.00000000 0.01257655
3 0.02409744 0.03152376

[[12]]
  delta         mu       mu_1       mu_0         de       se_1       se_0
1   0.5 0.02270349 0.01981801 0.02624366 0.02220076 0.01454378 0.02181895
2   1.0 0.01778788 0.01850042 0.01724121 0.01314233 0.00000000 0.00000000
3   2.0 0.03033818 0.03280120 0.02415234 0.02294694 0.02461480 0.01808702
          oe         te
1 0.01873115 0.01529928
2 0.00000000 0.01314233
3 0.02317207 0.03079412

[[13]]
  delta         mu       mu_1       mu_0         de       se_1       se_0
1   0.5 0.02345883 0.02072289 0.02642874 0.02195067 0.01746042 0.02182019
2   1.0 0.01717442 0.01793876 0.01676895 0.01284284 0.00000000 0.00000000
3   2.0 0.03090841 0.03320428 0.02443106 0.02274303 0.02560471 0.01939880
          oe         te
1 0.02021246 0.01738333
2 0.00000000 0.01284284
3 0.02446084 0.03175652

[[14]]
  delta         mu       mu_1       mu_0         de       se_1       se_0
1   0.5 0.02388696 0.01921120 0.02825974 0.02471514 0.01635936 0.02441997
2   1.0 0.01623938 0.01681240 0.01578342 0.01262127 0.00000000 0.00000000
3   2.0 0.03102112 0.03612202 0.02226790 0.03093865 0.02997389 0.01773179
          oe         te
1 0.02134026 0.01608693
2 0.00000000 0.01262127
3 0.02584290 0.03606420

[[15]]
  delta         mu       mu_1       mu_0         de       se_1       se_0
1   0.5 0.02338974 0.02023938 0.02668368 0.02279467 0.01676907 0.02233238
2   1.0 0.01729538 0.01796593 0.01636744 0.01231849 0.00000000 0.00000000
3   2.0 0.03296349 0.03520376 0.02621542 0.02280754 0.02802987 0.02182803
          oe         te
1 0.01949625 0.01711502
2 0.00000000 0.01231849
3 0.02723491 0.03422028

[[16]]
  delta         mu       mu_1       mu_0         de       se_1       se_0
1   0.5 0.02331847 0.01898840 0.02570404 0.01850309 0.01518873 0.02041650
2   1.0 0.01739641 0.01773540 0.01686735 0.01293240 0.00000000 0.00000000
3   2.0 0.02916912 0.03145333 0.02345162 0.02292141 0.02381491 0.01792871
          oe         te
1 0.01902066 0.01480372
2 0.00000000 0.01293240
3 0.02291915 0.03089342

[[17]]
  delta         mu       mu_1       mu_0         de       se_1       se_0
1   0.5 0.02215420 0.02253342 0.02589033 0.02727770 0.01863594 0.02157457
2   1.0 0.01759524 0.01864417 0.01667952 0.01304710 0.00000000 0.00000000
3   2.0 0.03550437 0.03847336 0.02574342 0.02479886 0.02969575 0.02030534
          oe         te
1 0.01842607 0.01848883
2 0.00000000 0.01304710
3 0.02819113 0.03611760

[[18]]
  delta         mu       mu_1       mu_0         de       se_1       se_0
1   0.5 0.02417911 0.01966553 0.02727259 0.02100241 0.01670248 0.02242702
2   1.0 0.01798376 0.01808602 0.01750471 0.01274044 0.00000000 0.00000000
3   2.0 0.03205425 0.03445184 0.02672259 0.02465282 0.02707898 0.02106921
          oe         te
1 0.02061982 0.01634137
2 0.00000000 0.01274044
3 0.02588821 0.03375349

[[19]]
  delta         mu       mu_1       mu_0         de       se_1       se_0
1   0.5 0.02449840 0.02003148 0.02814067 0.02090336 0.01491805 0.02233884
2   1.0 0.01670048 0.01700708 0.01645769 0.01193888 0.00000000 0.00000000
3   2.0 0.02979107 0.03186466 0.02374468 0.02148369 0.02459734 0.01877513
          oe         te
1 0.01969658 0.01569713
2 0.00000000 0.01193888
3 0.02369974 0.03029657

[[20]]
  delta         mu       mu_1       mu_0         de       se_1       se_0
1   0.5 0.02365624 0.01973633 0.02636555 0.01997417 0.01504560 0.02154422
2   1.0 0.01761739 0.01809575 0.01722897 0.01294248 0.00000000 0.00000000
3   2.0 0.03795332 0.04031329 0.02839208 0.02374905 0.03223675 0.02323450
          oe         te
1 0.01946584 0.01560284
2 0.00000000 0.01294248
3 0.03150928 0.03902867

[[1]]
  delta        mu      mu_1      mu_0         de         se_1         se_0
1   0.5 0.7642589 0.6585820 0.8373176 -0.1787356 -0.006790183 -0.009335426
2   1.0 0.7423734 0.6653722 0.8466530 -0.1812808  0.000000000  0.000000000
3   2.0 0.7737231 0.7190258 0.8941754 -0.1751496  0.053653676  0.047522435
          oe         te
1 0.02188553 -0.1880710
2 0.00000000 -0.1812808
3 0.03134977 -0.1276272

[[2]]
  delta        mu      mu_1      mu_0         de         se_1         se_0
1   0.5 0.8026808 0.6731658 0.8880022 -0.2148364 -0.002660377  0.037911379
2   1.0 0.7502007 0.6758262 0.8500909 -0.1742647  0.000000000  0.000000000
3   2.0 0.7013873 0.6457962 0.8438194 -0.1980232 -0.030029982 -0.006271461
           oe         te
1  0.05248012 -0.1769250
2  0.00000000 -0.1742647
3 -0.04881346 -0.2042946

[[3]]
  delta        mu      mu_1      mu_0         de        se_1        se_0
1   0.5 0.7831979 0.6774413 0.8541247 -0.1766834  0.04806126  0.01551362
2   1.0 0.7182175 0.6293800 0.8386110 -0.2092310  0.00000000  0.00000000
3   2.0 0.6261955 0.5701638 0.7895425 -0.2193787 -0.05921619 -0.04906853
           oe         te
1  0.06498036 -0.1611697
2  0.00000000 -0.2092310
3 -0.09202198 -0.2684472

[[4]]
  delta        mu      mu_1      mu_0         de        se_1        se_0
1   0.5 0.8214492 0.6940895 0.9020710 -0.2079815 0.017514346  0.04083617
2   1.0 0.7574217 0.6765752 0.8612348 -0.1846597 0.000000000  0.00000000
3   2.0 0.7301963 0.6819212 0.8429474 -0.1610262 0.005346022 -0.01828741
           oe         te
1  0.06402756 -0.1671453
2  0.00000000 -0.1846597
3 -0.02722537 -0.1793136

[[5]]
  delta        mu      mu_1      mu_0         de       se_1          se_0
1   0.5 0.8109505 0.7239498 0.8701323 -0.1461825 0.01658590 -0.0009441217
2   1.0 0.7800597 0.7073639 0.8710764 -0.1637125 0.00000000  0.0000000000
3   2.0 0.7729830 0.7182095 0.9035517 -0.1853422 0.01084562  0.0324753102
            oe         te
1  0.030890810 -0.1471266
2  0.000000000 -0.1637125
3 -0.007076726 -0.1528669

[[6]]
  delta        mu      mu_1      mu_0         de        se_1          se_0
1   0.5 0.8097119 0.7004320 0.8835535 -0.1831214 0.020837111  0.0349248570
2   1.0 0.7512259 0.6795949 0.8486286 -0.1690337 0.000000000  0.0000000000
3   2.0 0.7349761 0.6875157 0.8483871 -0.1608714 0.007920789 -0.0002415506
           oe         te
1  0.05848604 -0.1481966
2  0.00000000 -0.1690337
3 -0.01624983 -0.1611129

[[7]]
  delta        mu      mu_1      mu_0         de        se_1         se_0
1   0.5 0.7912131 0.6878967 0.8649072 -0.1770105  0.01934658  0.022997692
2   1.0 0.7424249 0.6685502 0.8419096 -0.1733594  0.00000000  0.000000000
3   2.0 0.6931283 0.6395252 0.8342546 -0.1947294 -0.02902500 -0.007654978
           oe         te
1  0.04878814 -0.1540128
2  0.00000000 -0.1733594
3 -0.04929666 -0.2023844

[[8]]
  delta        mu      mu_1      mu_0         de        se_1         se_0
1   0.5 0.8120472 0.7004528 0.8858861 -0.1854333 0.023589927  0.017123792
2   1.0 0.7601612 0.6768628 0.8687623 -0.1918995 0.000000000  0.000000000
3   2.0 0.7341294 0.6792029 0.8668514 -0.1876485 0.002340073 -0.001910891
           oe         te
1  0.05188604 -0.1683095
2  0.00000000 -0.1918995
3 -0.02603178 -0.1895594

[[9]]
  delta        mu      mu_1      mu_0         de         se_1         se_0
1   0.5 0.7848748 0.6782594 0.8539951 -0.1757357  0.015111774  0.007413789
2   1.0 0.7408223 0.6631476 0.8465813 -0.1834337  0.000000000  0.000000000
3   2.0 0.7018603 0.6552210 0.8331366 -0.1779156 -0.007926649 -0.013444743
           oe         te
1  0.04405252 -0.1683219
2  0.00000000 -0.1834337
3 -0.03896203 -0.1913603

[[10]]
  delta        mu      mu_1      mu_0         de        se_1        se_0
1   0.5 0.8151243 0.6998515 0.8892563 -0.1894048  0.02011278 0.034827541
2   1.0 0.7549255 0.6797387 0.8544288 -0.1746901  0.00000000 0.000000000
3   2.0 0.7231731 0.6684706 0.8615685 -0.1930980 -0.01126814 0.007139769
           oe         te
1  0.06019883 -0.1545773
2  0.00000000 -0.1746901
3 -0.03175244 -0.1859582

[[11]]
  delta        mu      mu_1      mu_0         de         se_1         se_0
1   0.5 0.7714236 0.6737901 0.8445327 -0.1707426  0.004696136 -0.008435134
2   1.0 0.7447477 0.6690940 0.8529678 -0.1838739  0.000000000  0.000000000
3   2.0 0.6798784 0.6217460 0.8431670 -0.2214211 -0.047347980 -0.009800768
           oe         te
1  0.02667593 -0.1791777
2  0.00000000 -0.1838739
3 -0.06486932 -0.2312218

[[12]]
  delta        mu      mu_1      mu_0         de        se_1        se_0
1   0.5 0.7695818 0.6798140 0.8335975 -0.1537835  0.02755134 0.004510125
2   1.0 0.7260675 0.6522626 0.8290874 -0.1768248  0.00000000 0.000000000
3   2.0 0.6899432 0.6373818 0.8315783 -0.1941965 -0.01488085 0.002490866
           oe         te
1  0.04351432 -0.1492734
2  0.00000000 -0.1768248
3 -0.03612428 -0.1917056

[[13]]
  delta        mu      mu_1      mu_0         de        se_1         se_0
1   0.5 0.7757195 0.6771326 0.8469975 -0.1698648 0.023914033  0.005448186
2   1.0 0.7308420 0.6532186 0.8415493 -0.1883307 0.000000000  0.000000000
3   2.0 0.7071426 0.6607449 0.8360850 -0.1753401 0.007526277 -0.005464295
           oe         te
1  0.04487752 -0.1644167
2  0.00000000 -0.1883307
3 -0.02369933 -0.1808044

[[14]]
  delta        mu      mu_1      mu_0         de        se_1        se_0
1   0.5 0.7875516 0.7059637 0.8479076 -0.1419439 0.009834391 -0.01903072
2   1.0 0.7687684 0.6961294 0.8669384 -0.1708090 0.000000000  0.00000000
3   2.0 0.7503904 0.7011468 0.8805969 -0.1794501 0.005017445  0.01365849
           oe         te
1  0.01878327 -0.1609746
2  0.00000000 -0.1708090
3 -0.01837794 -0.1657916

[[15]]
  delta        mu      mu_1      mu_0         de        se_1         se_0
1   0.5 0.7920631 0.6929866 0.8597692 -0.1667827  0.01856151 -0.002902053
2   1.0 0.7544980 0.6744251 0.8626713 -0.1882462  0.00000000  0.000000000
3   2.0 0.7005149 0.6463255 0.8418590 -0.1955336 -0.02809959 -0.020812246
           oe         te
1  0.03756510 -0.1696847
2  0.00000000 -0.1882462
3 -0.05398315 -0.2163458

[[16]]
  delta        mu      mu_1      mu_0         de         se_1        se_0
1   0.5 0.7545803 0.6755353 0.8184545 -0.1429192 -0.003536808 -0.03768108
2   1.0 0.7528669 0.6790721 0.8561356 -0.1770635  0.000000000  0.00000000
3   2.0 0.7073047 0.6588798 0.8390388 -0.1801589 -0.020192294 -0.01709682
            oe         te
1  0.001713378 -0.1806003
2  0.000000000 -0.1770635
3 -0.045562182 -0.1972557

[[17]]
  delta        mu      mu_1      mu_0         de         se_1         se_0
1   0.5 0.7835320 0.6763642 0.8517642 -0.1754000  0.005106935 -0.004262492
2   1.0 0.7529613 0.6712573 0.8560267 -0.1847694  0.000000000  0.000000000
3   2.0 0.7121299 0.6508846 0.8693962 -0.2185116 -0.020372695  0.013369564
           oe         te
1  0.03057075 -0.1796624
2  0.00000000 -0.1847694
3 -0.04083139 -0.2051421

[[18]]
  delta        mu      mu_1      mu_0         de       se_1        se_0
1   0.5 0.8325189 0.6956135 0.9257378 -0.2301243 0.02883615  0.06642044
2   1.0 0.7470096 0.6667773 0.8593173 -0.1925400 0.00000000  0.00000000
3   2.0 0.7213651 0.6791110 0.8391401 -0.1600291 0.01233367 -0.02017721
           oe         te
1  0.08550936 -0.1637038
2  0.00000000 -0.1925400
3 -0.02564447 -0.1802063

[[19]]
  delta        mu      mu_1      mu_0         de        se_1        se_0
1   0.5 0.8035524 0.6833910 0.8839035 -0.2005125  0.03763732  0.04059066
2   1.0 0.7287632 0.6457536 0.8433128 -0.1975592  0.00000000  0.00000000
3   2.0 0.6772871 0.6230304 0.8274695 -0.2044391 -0.02272325 -0.01584328
           oe         te
1  0.07478914 -0.1599219
2  0.00000000 -0.1975592
3 -0.05147607 -0.2202824

[[20]]
  delta        mu      mu_1      mu_0         de        se_1        se_0
1   0.5 0.7994229 0.6921851 0.8724519 -0.1802668  0.02191305  0.01533747
2   1.0 0.7488868 0.6702720 0.8571144 -0.1868424  0.00000000  0.00000000
3   2.0 0.6897524 0.6427092 0.8258888 -0.1831796 -0.02756285 -0.03122560
           oe         te
1  0.05053619 -0.1649293
2  0.00000000 -0.1868424
3 -0.05913433 -0.2144052

[[1]]
  delta         mu       mu_1       mu_0         de       se_1       se_0
1   0.5 0.02331368 0.01950873 0.02606794 0.02006425 0.01507645 0.02221167
2   1.0 0.01672305 0.01735796 0.01621087 0.01262683 0.00000000 0.00000000
3   2.0 0.03691796 0.04164487 0.02614928 0.02959872 0.03561502 0.02127743
          oe         te
1 0.02006062 0.01567454
2 0.00000000 0.01262683
3 0.03158599 0.04064423

[[2]]
  delta         mu       mu_1       mu_0         de       se_1       se_0
1   0.5 0.02299451 0.02087095 0.02615049 0.02259361 0.01573742 0.02197859
2   1.0 0.01687624 0.01779615 0.01588204 0.01273917 0.00000000 0.00000000
3   2.0 0.03158688 0.03479610 0.02379686 0.02490652 0.02767398 0.01905012
          oe         te
1 0.01898192 0.01642440
2 0.00000000 0.01273917
3 0.02557271 0.03379991

[[3]]
  delta         mu       mu_1       mu_0         de       se_1       se_0
1   0.5 0.02481674 0.02097446 0.02758597 0.02122500 0.01490243 0.02173813
2   1.0 0.01791064 0.01815595 0.01759898 0.01278597 0.00000000 0.00000000
3   2.0 0.02690172 0.02916468 0.02201429 0.02431732 0.02236362 0.01807716
          oe         te
1 0.01924363 0.01497248
2 0.00000000 0.01278597
3 0.02120992 0.02869709

[[4]]
  delta         mu       mu_1       mu_0         de       se_1       se_0
1   0.5 0.02613030 0.02178778 0.03039116 0.02553307 0.01925893 0.02754602
2   1.0 0.01759595 0.01809523 0.01690064 0.01271716 0.00000000 0.00000000
3   2.0 0.03416532 0.03731907 0.02608794 0.02784690 0.03007474 0.02155676
          oe         te
1 0.02428953 0.01831290
2 0.00000000 0.01271716
3 0.02834774 0.03674192

[[5]]
  delta         mu       mu_1       mu_0         de       se_1       se_0
1   0.5 0.02537407 0.02047374 0.02836282 0.02072824 0.01487939 0.02279106
2   1.0 0.01809906 0.01835537 0.01746301 0.01238359 0.00000000 0.00000000
3   2.0 0.03415363 0.03824874 0.02667330 0.02917777 0.03114433 0.02255654
          oe         te
1 0.02031209 0.01483741
2 0.00000000 0.01238359
3 0.02828681 0.03669499

[[6]]
  delta         mu       mu_1       mu_0         de       se_1       se_0
1   0.5 0.02457376 0.01979206 0.02748280 0.02001990 0.01604243 0.02361794
2   1.0 0.01764054 0.01831712 0.01663905 0.01204388 0.00000000 0.00000000
3   2.0 0.03770129 0.04114110 0.02774434 0.02803432 0.03432391 0.02226288
          oe         te
1 0.02147002 0.01450874
2 0.00000000 0.01204388
3 0.03140041 0.03854931

[[7]]
  delta         mu       mu_1       mu_0         de       se_1       se_0
1   0.5 0.02599598 0.01996081 0.03215160 0.02521293 0.01415545 0.02763847
2   1.0 0.01776544 0.01768079 0.01717943 0.01113616 0.00000000 0.00000000
3   2.0 0.03176057 0.03596878 0.02391021 0.02872469 0.02906325 0.01881917
          oe         te
1 0.02100843 0.01399841
2 0.00000000 0.01113616
3 0.02573886 0.03407508

[[8]]
  delta         mu       mu_1       mu_0         de       se_1       se_0
1   0.5 0.02194440 0.01924562 0.02515506 0.02193796 0.01527791 0.02048824
2   1.0 0.01613672 0.01697896 0.01577502 0.01317824 0.00000000 0.00000000
3   2.0 0.03035335 0.03348205 0.02272284 0.02353101 0.02682705 0.01868211
          oe         te
1 0.01844430 0.01658961
2 0.00000000 0.01317824
3 0.02502802 0.03323414

[[9]]
  delta         mu       mu_1       mu_0         de       se_1       se_0
1   0.5 0.02337476 0.02033737 0.02612460 0.02081710 0.01654921 0.02123172
2   1.0 0.01724817 0.01774320 0.01701729 0.01253877 0.00000000 0.00000000
3   2.0 0.03370377 0.03600695 0.02660933 0.02333250 0.02852814 0.02108600
          oe         te
1 0.01946443 0.01621635
2 0.00000000 0.01253877
3 0.02748276 0.03483901

[[10]]
  delta         mu       mu_1       mu_0         de       se_1       se_0
1   0.5 0.02304564 0.01969819 0.02629567 0.02114808 0.01483402 0.02110833
2   1.0 0.01753814 0.01817453 0.01673350 0.01242173 0.00000000 0.00000000
3   2.0 0.03297165 0.03547614 0.02456673 0.02418221 0.02834331 0.02001259
          oe         te
1 0.01875726 0.01528110
2 0.00000000 0.01242173
3 0.02709639 0.03439693

[[11]]
  delta         mu       mu_1       mu_0         de       se_1       se_0
1   0.5 0.02382403 0.01888434 0.02660973 0.01971238 0.01474563 0.02173441
2   1.0 0.01710347 0.01745674 0.01664806 0.01255729 0.00000000 0.00000000
3   2.0 0.03032870 0.03282348 0.02454472 0.02419908 0.02513237 0.01994916
          oe         te
1 0.01985605 0.01478839
2 0.00000000 0.01255729
3 0.02405451 0.03146433

[[12]]
  delta         mu       mu_1       mu_0         de       se_1       se_0
1   0.5 0.02270784 0.01982503 0.02634362 0.02244763 0.01459820 0.02200962
2   1.0 0.01778909 0.01850792 0.01721620 0.01311199 0.00000000 0.00000000
3   2.0 0.03034098 0.03276373 0.02413805 0.02289827 0.02453616 0.01802376
          oe         te
1 0.01881780 0.01533384
2 0.00000000 0.01311199
3 0.02310062 0.03067437

[[13]]
  delta         mu       mu_1       mu_0         de       se_1       se_0
1   0.5 0.02330648 0.02071245 0.02628303 0.02206628 0.01748443 0.02175102
2   1.0 0.01717773 0.01794178 0.01675180 0.01283413 0.00000000 0.00000000
3   2.0 0.03088286 0.03317236 0.02437775 0.02276746 0.02564675 0.01932916
          oe         te
1 0.02014894 0.01745402
2 0.00000000 0.01283413
3 0.02450241 0.03179781

[[14]]
  delta         mu       mu_1       mu_0         de       se_1       se_0
1   0.5 0.02378957 0.01930736 0.02809276 0.02469303 0.01652379 0.02433326
2   1.0 0.01621310 0.01681710 0.01574475 0.01264729 0.00000000 0.00000000
3   2.0 0.03143223 0.03686756 0.02220229 0.03191144 0.03075444 0.01767640
          oe         te
1 0.02131696 0.01627328
2 0.00000000 0.01264729
3 0.02630595 0.03682462

[[15]]
  delta         mu       mu_1       mu_0         de       se_1       se_0
1   0.5 0.02314438 0.02016284 0.02632677 0.02245718 0.01675427 0.02191332
2   1.0 0.01736501 0.01807817 0.01637411 0.01233168 0.00000000 0.00000000
3   2.0 0.03353483 0.03580043 0.02642821 0.02315292 0.02855842 0.02193103
          oe         te
1 0.01922907 0.01698330
2 0.00000000 0.01233168
3 0.02770985 0.03474281

[[16]]
  delta         mu       mu_1       mu_0         de       se_1       se_0
1   0.5 0.02367293 0.01926542 0.02606401 0.01846162 0.01564033 0.02083133
2   1.0 0.01732047 0.01769046 0.01682071 0.01299023 0.00000000 0.00000000
3   2.0 0.02927172 0.03164178 0.02335272 0.02300706 0.02405056 0.01796345
          oe         te
1 0.01947905 0.01514697
2 0.00000000 0.01299023
3 0.02311094 0.03115061

[[17]]
  delta         mu       mu_1       mu_0         de       se_1       se_0
1   0.5 0.02200402 0.02238478 0.02554390 0.02670472 0.01847260 0.02125362
2   1.0 0.01761038 0.01862438 0.01664360 0.01295796 0.00000000 0.00000000
3   2.0 0.03446136 0.03728516 0.02531578 0.02419813 0.02850008 0.01986228
          oe         te
1 0.01826757 0.01836682
2 0.00000000 0.01295796
3 0.02710896 0.03497296

[[18]]
  delta         mu       mu_1       mu_0         de       se_1       se_0
1   0.5 0.02383962 0.01962280 0.02673682 0.02074261 0.01662885 0.02196473
2   1.0 0.01793191 0.01803969 0.01746379 0.01273528 0.00000000 0.00000000
3   2.0 0.03202168 0.03447775 0.02670524 0.02482463 0.02713281 0.02105855
          oe         te
1 0.02028684 0.01640245
2 0.00000000 0.01273528
3 0.02588882 0.03381565

[[19]]
  delta         mu       mu_1       mu_0         de       se_1       se_0
1   0.5 0.02426276 0.01998864 0.02780758 0.02065969 0.01490050 0.02211504
2   1.0 0.01668990 0.01702333 0.01637848 0.01191085 0.00000000 0.00000000
3   2.0 0.02998587 0.03209065 0.02370431 0.02151166 0.02473446 0.01874379
          oe         te
1 0.01953457 0.01562521
2 0.00000000 0.01191085
3 0.02383876 0.03046790

[[20]]
  delta         mu       mu_1       mu_0         de       se_1       se_0
1   0.5 0.02328819 0.01966668 0.02591603 0.01965858 0.01500641 0.02121860
2   1.0 0.01754385 0.01804150 0.01712357 0.01288503 0.00000000 0.00000000
3   2.0 0.03795479 0.04040168 0.02808289 0.02396914 0.03233263 0.02302362
          oe         te
1 0.01919602 0.01553991
2 0.00000000 0.01288503
3 0.03155411 0.03915182

[1] "Total run time was 3500.878 seconds"
