Warning message:
package ‘SuperLearner’ was built under R version 4.1.3 
[1] "[Simulation setting]"
[1] "n: 500"
[1] "deltas: 0.5, 1, 2"
[1] "K: 2"
[1] "r: 100"
[1] "s: 1"
[1] "Sim.id 1"
[1] "Data generated and format changed"
[1] "   Split: 1"
Loading required namespace: nnet
Loading required namespace: ranger
[1] "   Split: 2"
[1] "Estimates and SE estimates computed"
[1] ""
[1] "Sim.id 2"
[1] "Data generated and format changed"
[1] "   Split: 1"
[1] "   Split: 2"
[1] "Estimates and SE estimates computed"
[1] ""
[1] "Sim.id 3"
[1] "Data generated and format changed"
[1] "   Split: 1"
[1] "   Split: 2"
[1] "Estimates and SE estimates computed"
[1] ""
[1] "Sim.id 4"
[1] "Data generated and format changed"
[1] "   Split: 1"
[1] "   Split: 2"
[1] "Estimates and SE estimates computed"
[1] ""
[1] "Sim.id 5"
[1] "Data generated and format changed"
[1] "   Split: 1"
[1] "   Split: 2"
[1] "Estimates and SE estimates computed"
[1] ""
[1] "Sim.id 6"
[1] "Data generated and format changed"
[1] "   Split: 1"
[1] "   Split: 2"
[1] "Estimates and SE estimates computed"
[1] ""
[1] "Sim.id 7"
[1] "Data generated and format changed"
[1] "   Split: 1"
[1] "   Split: 2"
[1] "Estimates and SE estimates computed"
[1] ""
[1] "Sim.id 8"
[1] "Data generated and format changed"
[1] "   Split: 1"
[1] "   Split: 2"
[1] "Estimates and SE estimates computed"
[1] ""
[1] "Sim.id 9"
[1] "Data generated and format changed"
[1] "   Split: 1"
[1] "   Split: 2"
[1] "Estimates and SE estimates computed"
[1] ""
[1] "Sim.id 10"
[1] "Data generated and format changed"
[1] "   Split: 1"
[1] "   Split: 2"
[1] "Estimates and SE estimates computed"
[1] ""
[1] "Sim.id 11"
[1] "Data generated and format changed"
[1] "   Split: 1"
[1] "   Split: 2"
[1] "Estimates and SE estimates computed"
[1] ""
[1] "Sim.id 12"
[1] "Data generated and format changed"
[1] "   Split: 1"
[1] "   Split: 2"
[1] "Estimates and SE estimates computed"
[1] ""
[1] "Sim.id 13"
[1] "Data generated and format changed"
[1] "   Split: 1"
[1] "   Split: 2"
[1] "Estimates and SE estimates computed"
[1] ""
[1] "Sim.id 14"
[1] "Data generated and format changed"
[1] "   Split: 1"
[1] "   Split: 2"
[1] "Estimates and SE estimates computed"
[1] ""
[1] "Sim.id 15"
[1] "Data generated and format changed"
[1] "   Split: 1"
[1] "   Split: 2"
[1] "Estimates and SE estimates computed"
[1] ""
[1] "Sim.id 16"
[1] "Data generated and format changed"
[1] "   Split: 1"
[1] "   Split: 2"
[1] "Estimates and SE estimates computed"
[1] ""
[1] "Sim.id 17"
[1] "Data generated and format changed"
[1] "   Split: 1"
[1] "   Split: 2"
[1] "Estimates and SE estimates computed"
[1] ""
[1] "Sim.id 18"
[1] "Data generated and format changed"
[1] "   Split: 1"
[1] "   Split: 2"
[1] "Estimates and SE estimates computed"
[1] ""
[1] "Sim.id 19"
[1] "Data generated and format changed"
[1] "   Split: 1"
[1] "   Split: 2"
[1] "Estimates and SE estimates computed"
[1] ""
[1] "Sim.id 20"
[1] "Data generated and format changed"
[1] "   Split: 1"
[1] "   Split: 2"
[1] "Estimates and SE estimates computed"
[1] ""
[[1]]
  delta        mu      mu_1      mu_0         de         se_1        se_0
1   0.5 0.7937157 0.6746364 0.8751285 -0.2004921  0.007028651  0.01884385
2   1.0 0.7487926 0.6676078 0.8562847 -0.1886769  0.000000000  0.00000000
3   2.0 0.6808383 0.6278147 0.8192411 -0.1914264 -0.039793081 -0.03704357
           oe         te
1  0.04492313 -0.1816482
2  0.00000000 -0.1886769
3 -0.06795427 -0.2284700

[[2]]
  delta        mu      mu_1      mu_0         de         se_1         se_0
1   0.5 0.7820151 0.6867565 0.8493311 -0.1625747  0.005842935 -0.015310640
2   1.0 0.7589583 0.6809135 0.8646418 -0.1837283  0.000000000  0.000000000
3   2.0 0.7196278 0.6657788 0.8684806 -0.2027018 -0.015134760  0.003838818
           oe         te
1  0.02305684 -0.1778853
2  0.00000000 -0.1837283
3 -0.03933050 -0.1988630

[[3]]
  delta        mu      mu_1      mu_0         de        se_1        se_0
1   0.5 0.7970131 0.6951580 0.8684053 -0.1732473  0.02464250  0.02338422
2   1.0 0.7439097 0.6705155 0.8450211 -0.1745056  0.00000000  0.00000000
3   2.0 0.6582979 0.6032866 0.8251879 -0.2219013 -0.06722894 -0.01983324
           oe         te
1  0.05310337 -0.1498631
2  0.00000000 -0.1745056
3 -0.08561185 -0.2417346

[[4]]
  delta        mu      mu_1      mu_0         de        se_1        se_0
1   0.5 0.7512317 0.6641732 0.8134493 -0.1492761 -0.01026067 -0.03703213
2   1.0 0.7472588 0.6744338 0.8504814 -0.1760476  0.00000000  0.00000000
3   2.0 0.6629227 0.6087600 0.8269704 -0.2182104 -0.06567384 -0.02351100
            oe         te
1  0.003972866 -0.1863083
2  0.000000000 -0.1760476
3 -0.084336146 -0.2417214

[[5]]
  delta        mu      mu_1      mu_0         de         se_1        se_0
1   0.5 0.7568213 0.6808122 0.8208205 -0.1400083 -0.008055009 -0.01859059
2   1.0 0.7492152 0.6888672 0.8394111 -0.1505439  0.000000000  0.00000000
3   2.0 0.6927113 0.6538933 0.8069994 -0.1531061 -0.034973917 -0.03241170
            oe         te
1  0.007606119 -0.1585989
2  0.000000000 -0.1505439
3 -0.056503844 -0.1855178

[[6]]
  delta        mu      mu_1      mu_0         de        se_1        se_0
1   0.5 0.7588586 0.6769030 0.8216026 -0.1446996 -0.01844034 -0.02817019
2   1.0 0.7604275 0.6953433 0.8497728 -0.1544295  0.00000000  0.00000000
3   2.0 0.8006456 0.7655098 0.8887120 -0.1232022  0.07016648  0.03893921
            oe          te
1 -0.001568833 -0.17286980
2  0.000000000 -0.15442947
3  0.040218080 -0.08426299

[[7]]
  delta        mu      mu_1      mu_0         de        se_1       se_0
1   0.5 0.7905354 0.6753751 0.8693215 -0.1939464 0.009295463 0.02520894
2   1.0 0.7409981 0.6660796 0.8441126 -0.1780330 0.000000000 0.00000000
3   2.0 0.7199116 0.6674451 0.8546763 -0.1872312 0.001365502 0.01056374
           oe         te
1  0.04953731 -0.1687375
2  0.00000000 -0.1780330
3 -0.02108655 -0.1766675

[[8]]
  delta        mu      mu_1      mu_0         de        se_1        se_0
1   0.5 0.7985699 0.6868148 0.8707391 -0.1839243  0.02171474  0.01002893
2   1.0 0.7491175 0.6651001 0.8607101 -0.1956101  0.00000000  0.00000000
3   2.0 0.6873300 0.6285841 0.8449865 -0.2164023 -0.03651591 -0.01572367
           oe         te
1  0.04945238 -0.1738953
2  0.00000000 -0.1956101
3 -0.06178752 -0.2321260

[[9]]
  delta        mu      mu_1      mu_0         de        se_1         se_0
1   0.5 0.7984759 0.7104296 0.8565633 -0.1461337 0.045770380  0.005524034
2   1.0 0.7464366 0.6646592 0.8510393 -0.1863801 0.000000000  0.000000000
3   2.0 0.7196574 0.6675223 0.8498278 -0.1823055 0.002863146 -0.001211464
           oe         te
1  0.05203921 -0.1406097
2  0.00000000 -0.1863801
3 -0.02677924 -0.1835169

[[10]]
  delta        mu      mu_1      mu_0         de        se_1         se_0
1   0.5 0.8084482 0.7005111 0.8789924 -0.1784813  0.01411154  0.008032884
2   1.0 0.7682871 0.6863995 0.8709595 -0.1845600  0.00000000  0.000000000
3   2.0 0.7093657 0.6695737 0.8107616 -0.1411879 -0.01682584 -0.060197957
           oe         te
1  0.04016114 -0.1704485
2  0.00000000 -0.1845600
3 -0.05892144 -0.2013858

[[11]]
  delta        mu      mu_1      mu_0         de         se_1        se_0
1   0.5 0.7764935 0.6683215 0.8554778 -0.1871563  0.005241569 0.007266924
2   1.0 0.7404704 0.6630799 0.8482109 -0.1851310  0.000000000 0.000000000
3   2.0 0.7130138 0.6577538 0.8576382 -0.1998844 -0.005326140 0.009427326
           oe         te
1  0.03602311 -0.1798894
2  0.00000000 -0.1851310
3 -0.02745660 -0.1904571

[[12]]
  delta        mu      mu_1      mu_0         de        se_1         se_0
1   0.5 0.7665701 0.6857407 0.8255004 -0.1397597  0.04589243 -0.006409047
2   1.0 0.7165197 0.6398482 0.8319094 -0.1920612  0.00000000  0.000000000
3   2.0 0.6152779 0.5551557 0.8067364 -0.2515807 -0.08469259 -0.025173034
          oe         te
1  0.0500504 -0.1461687
2  0.0000000 -0.1920612
3 -0.1012418 -0.2767538

[[13]]
  delta        mu      mu_1      mu_0         de         se_1        se_0
1   0.5 0.7769865 0.6681158 0.8410687 -0.1729528  0.009950326 0.013666765
2   1.0 0.7346531 0.6581655 0.8274019 -0.1692364  0.000000000 0.000000000
3   2.0 0.7007118 0.6437638 0.8318081 -0.1880443 -0.014401672 0.004406211
           oe         te
1  0.04233345 -0.1592861
2  0.00000000 -0.1692364
3 -0.03394124 -0.1836381

[[14]]
  delta        mu      mu_1      mu_0         de        se_1        se_0
1   0.5 0.8069980 0.6911942 0.8833067 -0.1921125  0.05373277  0.05131510
2   1.0 0.7182847 0.6374614 0.8319916 -0.1945302  0.00000000  0.00000000
3   2.0 0.6685744 0.6206058 0.8138607 -0.1932549 -0.01685565 -0.01813088
           oe         te
1  0.08871331 -0.1407974
2  0.00000000 -0.1945302
3 -0.04971024 -0.2113858

[[15]]
  delta        mu      mu_1      mu_0         de        se_1        se_0
1   0.5 0.8371604 0.7063885 0.9160037 -0.2096151  0.03621172  0.04358043
2   1.0 0.7617487 0.6701768 0.8724232 -0.2022464  0.00000000  0.00000000
3   2.0 0.6701167 0.6078129 0.8256242 -0.2178113 -0.06236389 -0.04679905
           oe         te
1  0.07541177 -0.1660347
2  0.00000000 -0.2022464
3 -0.09163192 -0.2646103

[[16]]
  delta        mu      mu_1      mu_0         de         se_1        se_0
1   0.5 0.8022842 0.6983881 0.8699059 -0.1715177 -0.001419375 -0.01135693
2   1.0 0.7805809 0.6998075 0.8812628 -0.1814553  0.000000000  0.00000000
3   2.0 0.7208504 0.6644590 0.8705569 -0.2060978 -0.035348466 -0.01070591
           oe         te
1  0.02170330 -0.1828747
2  0.00000000 -0.1814553
3 -0.05973044 -0.2168038

[[17]]
  delta        mu      mu_1      mu_0         de         se_1         se_0
1   0.5 0.7813826 0.6678137 0.8614490 -0.1936353 -0.006397434  0.004212380
2   1.0 0.7526029 0.6742111 0.8572366 -0.1830255  0.000000000  0.000000000
3   2.0 0.7067762 0.6538751 0.8497093 -0.1958342 -0.020335974 -0.007527266
           oe         te
1  0.02877964 -0.1894229
2  0.00000000 -0.1830255
3 -0.04582672 -0.2033614

[[18]]
  delta        mu      mu_1      mu_0         de        se_1        se_0
1   0.5 0.7949168 0.7048916 0.8512960 -0.1464044  0.03150720 0.002370408
2   1.0 0.7513049 0.6733844 0.8489256 -0.1755411  0.00000000 0.000000000
3   2.0 0.7045022 0.6430588 0.8525364 -0.2094776 -0.03032562 0.003610824
           oe         te
1  0.04361198 -0.1440339
2  0.00000000 -0.1755411
3 -0.04680266 -0.2058668

[[19]]
  delta        mu      mu_1      mu_0         de        se_1        se_0
1   0.5 0.8188846 0.7108252 0.8852230 -0.1743978  0.02964577  0.01198127
2   1.0 0.7668784 0.6811795 0.8732418 -0.1920623  0.00000000  0.00000000
3   2.0 0.7041234 0.6433693 0.8580116 -0.2146423 -0.03781020 -0.01523016
           oe         te
1  0.05200624 -0.1624165
2  0.00000000 -0.1920623
3 -0.06275494 -0.2298725

[[20]]
  delta        mu      mu_1      mu_0         de         se_1        se_0
1   0.5 0.7664791 0.6630085 0.8380275 -0.1750190 -0.003318843 -0.02634917
2   1.0 0.7512184 0.6663274 0.8643767 -0.1980493  0.000000000  0.00000000
3   2.0 0.7188594 0.6588882 0.8747646 -0.2158764 -0.007439135  0.01038793
           oe         te
1  0.01526077 -0.2013682
2  0.00000000 -0.1980493
3 -0.03235895 -0.2054885

[[1]]
  delta         mu       mu_1       mu_0         de       se_1       se_0
1   0.5 0.02279057 0.01886965 0.02612312 0.02033320 0.01435482 0.02183173
2   1.0 0.01604754 0.01713778 0.01564202 0.01291573 0.00000000 0.00000000
3   2.0 0.02858982 0.03096317 0.02317068 0.02194669 0.02356234 0.01872621
          oe         te
1 0.01918708 0.01476815
2 0.00000000 0.01291573
3 0.02267095 0.03008166

[[2]]
  delta         mu       mu_1       mu_0         de       se_1       se_0
1   0.5 0.02283640 0.01988445 0.02634762 0.02285272 0.01547829 0.02176190
2   1.0 0.01702544 0.01758184 0.01620268 0.01202940 0.00000000 0.00000000
3   2.0 0.03634372 0.04073000 0.02452556 0.02858388 0.03507795 0.02149996
          oe         te
1 0.01889333 0.01662016
2 0.00000000 0.01202940
3 0.03176445 0.04001339

[[3]]
  delta         mu       mu_1       mu_0         de       se_1       se_0
1   0.5 0.02434570 0.02105199 0.02710532 0.02087983 0.01613510 0.02198746
2   1.0 0.01794863 0.01865769 0.01710781 0.01290693 0.00000000 0.00000000
3   2.0 0.04963442 0.05315399 0.03003297 0.03390671 0.04581097 0.02561893
          oe         te
1 0.02020927 0.01627951
2 0.00000000 0.01290693
3 0.04398836 0.05188688

[[4]]
  delta         mu       mu_1       mu_0         de       se_1       se_0
1   0.5 0.02456480 0.02045147 0.02771152 0.02079677 0.01592283 0.02281890
2   1.0 0.01803882 0.01841626 0.01733853 0.01250514 0.00000000 0.00000000
3   2.0 0.03516791 0.03775872 0.02702187 0.02530709 0.03040164 0.02148771
         oe         te
1 0.0202263 0.01572771
2 0.0000000 0.01250514
3 0.0288343 0.03617220

[[5]]
  delta         mu       mu_1       mu_0         de       se_1       se_0
1   0.5 0.02399288 0.01954985 0.02825000 0.02407778 0.01569387 0.02513258
2   1.0 0.01847294 0.01903460 0.01747879 0.01218537 0.00000000 0.00000000
3   2.0 0.03755820 0.04344601 0.02702702 0.03479911 0.03706073 0.01993676
          oe         te
1 0.02124061 0.01567411
2 0.00000000 0.01218537
3 0.03122559 0.04139586

[[6]]
  delta         mu       mu_1       mu_0         de       se_1       se_0
1   0.5 0.02392255 0.02121171 0.02678867 0.02116996 0.01749066 0.02195751
2   1.0 0.01719246 0.01762954 0.01696888 0.01261503 0.00000000 0.00000000
3   2.0 0.04174860 0.04814113 0.02721721 0.03541278 0.04209128 0.02190722
          oe         te
1 0.02031484 0.01758946
2 0.00000000 0.01261503
3 0.03640879 0.04672932

[[7]]
  delta         mu       mu_1       mu_0         de       se_1       se_0
1   0.5 0.02198304 0.01919697 0.02401556 0.01832333 0.01526254 0.01936935
2   1.0 0.01749237 0.01827139 0.01685204 0.01303202 0.00000000 0.00000000
3   2.0 0.03027932 0.03195289 0.02611576 0.02259285 0.02346422 0.02040699
          oe         te
1 0.01817314 0.01547227
2 0.00000000 0.01303202
3 0.02309912 0.03030064

[[8]]
  delta         mu       mu_1       mu_0         de       se_1       se_0
1   0.5 0.02556075 0.02077032 0.02884511 0.02360988 0.01619842 0.02392422
2   1.0 0.01701010 0.01670147 0.01727822 0.01238211 0.00000000 0.00000000
3   2.0 0.03034484 0.03297987 0.02379779 0.02431272 0.02853321 0.02017910
          oe         te
1 0.02097294 0.01746887
2 0.00000000 0.01238211
3 0.02702734 0.03404082

[[9]]
  delta         mu       mu_1       mu_0         de       se_1       se_0
1   0.5 0.02398723 0.02162293 0.02875038 0.02776955 0.01822090 0.02345505
2   1.0 0.01726945 0.01796370 0.01686580 0.01312389 0.00000000 0.00000000
3   2.0 0.03166148 0.03499882 0.02374046 0.02411211 0.02731092 0.01994827
          oe         te
1 0.02005492 0.01823587
2 0.00000000 0.01312389
3 0.02580356 0.03432082

[[10]]
  delta         mu       mu_1       mu_0         de       se_1       se_0
1   0.5 0.02428672 0.01978779 0.02755565 0.02165281 0.01592003 0.02343907
2   1.0 0.01802388 0.01849489 0.01714550 0.01246923 0.00000000 0.00000000
3   2.0 0.03787481 0.04427510 0.03013418 0.03785031 0.03940749 0.02586507
          oe         te
1 0.02093090 0.01558687
2 0.00000000 0.01246923
3 0.03314429 0.04364342

[[11]]
  delta         mu       mu_1       mu_0         de       se_1       se_0
1   0.5 0.02266057 0.02027073 0.02602481 0.02391113 0.01755272 0.02337630
2   1.0 0.01637338 0.01736700 0.01556651 0.01286030 0.00000000 0.00000000
3   2.0 0.03202203 0.03462689 0.02487158 0.02416738 0.02806992 0.02160288
          oe         te
1 0.02101545 0.01682418
2 0.00000000 0.01286030
3 0.02737088 0.03501557

[[12]]
  delta         mu       mu_1       mu_0         de       se_1       se_0
1   0.5 0.02298909 0.01980476 0.03050254 0.03078003 0.01541222 0.02728981
2   1.0 0.01710324 0.01734477 0.01666487 0.01284611 0.00000000 0.00000000
3   2.0 0.02603190 0.02790212 0.02423611 0.02369921 0.02180669 0.01906969
          oe         te
1 0.01945891 0.01623172
2 0.00000000 0.01284611
3 0.02070699 0.02787393

[[13]]
  delta         mu       mu_1       mu_0         de       se_1       se_0
1   0.5 0.02681044 0.02143354 0.03031854 0.02275882 0.01637361 0.02455060
2   1.0 0.01752477 0.01775229 0.01715798 0.01192735 0.00000000 0.00000000
3   2.0 0.02816629 0.03049323 0.02255870 0.02124565 0.02289673 0.01797691
          oe         te
1 0.02176559 0.01576591
2 0.00000000 0.01192735
3 0.02209362 0.02894043

[[14]]
  delta         mu       mu_1       mu_0         de       se_1       se_0
1   0.5 0.02618558 0.02118312 0.02978666 0.02288779 0.01611815 0.02434756
2   1.0 0.01796438 0.01805270 0.01758460 0.01265185 0.00000000 0.00000000
3   2.0 0.03280737 0.03586167 0.02488035 0.02465520 0.02871207 0.01996450
          oe         te
1 0.02159152 0.01631076
2 0.00000000 0.01265185
3 0.02679615 0.03462289

[[15]]
  delta         mu       mu_1       mu_0         de       se_1       se_0
1   0.5 0.02349334 0.02059857 0.02611931 0.02167487 0.01479204 0.02086306
2   1.0 0.01780435 0.01782542 0.01749085 0.01210048 0.00000000 0.00000000
3   2.0 0.02666330 0.02821026 0.02283105 0.02028636 0.02138449 0.01779651
          oe         te
1 0.01874645 0.01544935
2 0.00000000 0.01210048
3 0.02074503 0.02707305

[[16]]
  delta         mu       mu_1       mu_0         de       se_1       se_0
1   0.5 0.02607800 0.02112911 0.02926773 0.02216883 0.01581065 0.02445066
2   1.0 0.01885762 0.01903167 0.01790251 0.01213530 0.00000000 0.00000000
3   2.0 0.03314845 0.03542452 0.02689332 0.02218240 0.02762102 0.02194530
          oe         te
1 0.02130259 0.01589784
2 0.00000000 0.01213530
3 0.02675850 0.03374223

[[17]]
  delta         mu       mu_1       mu_0         de       se_1       se_0
1   0.5 0.02303381 0.02123888 0.02664308 0.02506349 0.01814759 0.02300107
2   1.0 0.01607306 0.01650781 0.01571290 0.01240807 0.00000000 0.00000000
3   2.0 0.02977780 0.03191439 0.02434735 0.02277840 0.02488448 0.01997823
         oe         te
1 0.0204659 0.01851959
2 0.0000000 0.01240807
3 0.0240802 0.03143048

[[18]]
  delta         mu       mu_1       mu_0         de       se_1       se_0
1   0.5 0.02534008 0.02070804 0.02858915 0.02164846 0.01710295 0.02290074
2   1.0 0.01810664 0.01804416 0.01775044 0.01205659 0.00000000 0.00000000
3   2.0 0.03239421 0.03393109 0.02738165 0.02114408 0.02669020 0.02161517
          oe         te
1 0.02108985 0.01631479
2 0.00000000 0.01205659
3 0.02600101 0.03218894

[[19]]
  delta         mu       mu_1       mu_0         de       se_1       se_0
1   0.5 0.02228392 0.01938851 0.02481141 0.01958124 0.01452237 0.01990867
2   1.0 0.01728885 0.01810870 0.01639032 0.01232978 0.00000000 0.00000000
3   2.0 0.02821142 0.03006561 0.02309322 0.02092548 0.02310168 0.01791920
          oe         te
1 0.01821741 0.01501661
2 0.00000000 0.01232978
3 0.02234866 0.02897822

[[20]]
  delta         mu       mu_1       mu_0         de       se_1       se_0
1   0.5 0.02356180 0.02019265 0.02716285 0.02380682 0.01623304 0.02359726
2   1.0 0.01710133 0.01751912 0.01683537 0.01276626 0.00000000 0.00000000
3   2.0 0.03118651 0.03360368 0.02460999 0.02272065 0.02678535 0.01926704
          oe         te
1 0.02068198 0.01673898
2 0.00000000 0.01276626
3 0.02552834 0.03286392

[[1]]
  delta        mu      mu_1      mu_0         de         se_1        se_0
1   0.5 0.7945439 0.6755380 0.8755981 -0.2000601  0.008228248  0.01964605
2   1.0 0.7484349 0.6673098 0.8559520 -0.1886423  0.000000000  0.00000000
3   2.0 0.6810488 0.6278423 0.8201097 -0.1922673 -0.039467414 -0.03584234
           oe         te
1  0.04610893 -0.1804140
2  0.00000000 -0.1886423
3 -0.06738613 -0.2281097

[[2]]
  delta        mu      mu_1      mu_0         de         se_1         se_0
1   0.5 0.7831957 0.6860685 0.8517056 -0.1656371  0.004463169 -0.013751371
2   1.0 0.7599302 0.6816054 0.8654570 -0.1838516  0.000000000  0.000000000
3   2.0 0.7270241 0.6735157 0.8721116 -0.1985959 -0.008089610  0.006654652
           oe         te
1  0.02326549 -0.1793884
2  0.00000000 -0.1838516
3 -0.03290613 -0.1919412

[[3]]
  delta        mu      mu_1      mu_0         de        se_1        se_0
1   0.5 0.7965106 0.6952050 0.8663975 -0.1711924  0.02485688  0.02180501
2   1.0 0.7439656 0.6703482 0.8445925 -0.1742443  0.00000000  0.00000000
3   2.0 0.6592628 0.6043744 0.8256092 -0.2212347 -0.06597371 -0.01898330
           oe         te
1  0.05254499 -0.1493874
2  0.00000000 -0.1742443
3 -0.08470284 -0.2402180

[[4]]
  delta        mu      mu_1      mu_0         de        se_1        se_0
1   0.5 0.7484000 0.6615344 0.8110686 -0.1495342 -0.01154869 -0.03680815
2   1.0 0.7452025 0.6730831 0.8478768 -0.1747937  0.00000000  0.00000000
3   2.0 0.6623843 0.6087421 0.8256316 -0.2168895 -0.06434094 -0.02224516
            oe         te
1  0.003197463 -0.1863424
2  0.000000000 -0.1747937
3 -0.082818224 -0.2391346

[[5]]
  delta        mu      mu_1      mu_0         de         se_1        se_0
1   0.5 0.7564227 0.6806240 0.8203556 -0.1397316 -0.008427943 -0.01923827
2   1.0 0.7494214 0.6890520 0.8395939 -0.1505419  0.000000000  0.00000000
3   2.0 0.6930792 0.6543742 0.8069066 -0.1525324 -0.034677830 -0.03268736
            oe         te
1  0.007001365 -0.1589699
2  0.000000000 -0.1505419
3 -0.056342178 -0.1852198

[[6]]
  delta        mu      mu_1      mu_0         de        se_1        se_0
1   0.5 0.7586088 0.6760261 0.8216007 -0.1455745 -0.01901933 -0.02748194
2   1.0 0.7599222 0.6950455 0.8490826 -0.1540371  0.00000000  0.00000000
3   2.0 0.8008686 0.7657716 0.8882102 -0.1224386  0.07072616  0.03912764
            oe          te
1 -0.001313422 -0.17305646
2  0.000000000 -0.15403713
3  0.040946312 -0.08331097

[[7]]
  delta        mu      mu_1      mu_0         de         se_1       se_0
1   0.5 0.7902971 0.6748812 0.8692723 -0.1943911  0.009164851 0.02543047
2   1.0 0.7407473 0.6657164 0.8438418 -0.1781255  0.000000000 0.00000000
3   2.0 0.7175396 0.6647024 0.8541285 -0.1894261 -0.001014007 0.01028667
           oe         te
1  0.04954982 -0.1689606
2  0.00000000 -0.1781255
3 -0.02320766 -0.1791395

[[8]]
  delta        mu      mu_1      mu_0         de        se_1         se_0
1   0.5 0.7960949 0.6840696 0.8686617 -0.1845921  0.02064623  0.009956026
2   1.0 0.7472221 0.6634234 0.8587057 -0.1952823  0.00000000  0.000000000
3   2.0 0.6862543 0.6273936 0.8441460 -0.2167525 -0.03602983 -0.014559670
           oe         te
1  0.04887285 -0.1746361
2  0.00000000 -0.1952823
3 -0.06096771 -0.2313121

[[9]]
  delta        mu      mu_1      mu_0         de        se_1          se_0
1   0.5 0.7995473 0.7109814 0.8574436 -0.1464621 0.045756016  0.0060636955
2   1.0 0.7469071 0.6652254 0.8513799 -0.1861545 0.000000000  0.0000000000
3   2.0 0.7195786 0.6674617 0.8504305 -0.1829689 0.002236267 -0.0009493354
           oe         te
1  0.05264023 -0.1403985
2  0.00000000 -0.1861545
3 -0.02732844 -0.1839182

[[10]]
  delta        mu      mu_1      mu_0         de        se_1         se_0
1   0.5 0.8080044 0.7003716 0.8785301 -0.1781585  0.01384992  0.006908763
2   1.0 0.7686230 0.6865217 0.8716213 -0.1850996  0.00000000  0.000000000
3   2.0 0.7082529 0.6680775 0.8112237 -0.1431462 -0.01844421 -0.060397625
           oe         te
1  0.03938136 -0.1712497
2  0.00000000 -0.1850996
3 -0.06037009 -0.2035439

[[11]]
  delta        mu      mu_1      mu_0         de         se_1        se_0
1   0.5 0.7764860 0.6679745 0.8556522 -0.1876777  0.004893748 0.007459678
2   1.0 0.7404749 0.6630808 0.8481925 -0.1851117  0.000000000 0.000000000
3   2.0 0.7133170 0.6581020 0.8577660 -0.1996640 -0.004978782 0.009573471
           oe         te
1  0.03601111 -0.1802180
2  0.00000000 -0.1851117
3 -0.02715785 -0.1900905

[[12]]
  delta        mu      mu_1      mu_0         de        se_1         se_0
1   0.5 0.7662215 0.6856970 0.8251730 -0.1394760  0.04578463 -0.006556476
2   1.0 0.7167097 0.6399124 0.8317295 -0.1918171  0.00000000  0.000000000
3   2.0 0.6164715 0.5560781 0.8065921 -0.2505140 -0.08383423 -0.025137350
           oe         te
1  0.04951175 -0.1460325
2  0.00000000 -0.1918171
3 -0.10023820 -0.2756513

[[13]]
  delta        mu      mu_1      mu_0         de         se_1       se_0
1   0.5 0.7760564 0.6674561 0.8402769 -0.1728208  0.009790566 0.01338021
2   1.0 0.7339906 0.6576655 0.8268967 -0.1692312  0.000000000 0.00000000
3   2.0 0.6994742 0.6429967 0.8308238 -0.1878271 -0.014668816 0.00392708
           oe         te
1  0.04206574 -0.1594406
2  0.00000000 -0.1692312
3 -0.03451643 -0.1839000

[[14]]
  delta        mu      mu_1      mu_0         de        se_1        se_0
1   0.5 0.8058346 0.6904550 0.8824414 -0.1919864  0.05314817  0.05081923
2   1.0 0.7178418 0.6373069 0.8316222 -0.1943153  0.00000000  0.00000000
3   2.0 0.6686395 0.6207153 0.8140225 -0.1933072 -0.01659153 -0.01759966
           oe         te
1  0.08799283 -0.1411672
2  0.00000000 -0.1943153
3 -0.04920223 -0.2109069

[[15]]
  delta        mu      mu_1      mu_0         de        se_1        se_0
1   0.5 0.8373934 0.7068523 0.9161754 -0.2093231  0.03644980  0.04351802
2   1.0 0.7619494 0.6704025 0.8726573 -0.2022548  0.00000000  0.00000000
3   2.0 0.6699461 0.6077180 0.8256097 -0.2178917 -0.06268449 -0.04704761
           oe         te
1  0.07544399 -0.1658050
2  0.00000000 -0.2022548
3 -0.09200331 -0.2649393

[[16]]
  delta        mu      mu_1      mu_0         de          se_1         se_0
1   0.5 0.8031332 0.6993889 0.8705366 -0.1711477  0.0003637884 -0.009636877
2   1.0 0.7796229 0.6990251 0.8801734 -0.1811483  0.0000000000  0.000000000
3   2.0 0.7203822 0.6642431 0.8693086 -0.2050656 -0.0347820299 -0.010864793
           oe         te
1  0.02351034 -0.1807845
2  0.00000000 -0.1811483
3 -0.05924064 -0.2159304

[[17]]
  delta        mu      mu_1      mu_0         de         se_1         se_0
1   0.5 0.7822932 0.6681291 0.8624409 -0.1943118 -0.005668743  0.004899431
2   1.0 0.7526193 0.6737979 0.8575415 -0.1837436  0.000000000  0.000000000
3   2.0 0.7067938 0.6536671 0.8501398 -0.1964727 -0.020130784 -0.007401662
           oe         te
1  0.02967384 -0.1894123
2  0.00000000 -0.1837436
3 -0.04582549 -0.2038744

[[18]]
  delta        mu      mu_1      mu_0         de        se_1       se_0
1   0.5 0.7991440 0.7046622 0.8568513 -0.1521891  0.03039561 0.00616329
2   1.0 0.7526366 0.6742666 0.8506880 -0.1764214  0.00000000 0.00000000
3   2.0 0.7072255 0.6462763 0.8538760 -0.2075997 -0.02799029 0.00318802
           oe         te
1  0.04650746 -0.1460258
2  0.00000000 -0.1764214
3 -0.04541101 -0.2044117

[[19]]
  delta        mu      mu_1      mu_0         de        se_1         se_0
1   0.5 0.8151119 0.7098174 0.8772988 -0.1674814  0.03092154  0.005654964
2   1.0 0.7652080 0.6788958 0.8716438 -0.1927480  0.00000000  0.000000000
3   2.0 0.7021655 0.6404126 0.8594271 -0.2190145 -0.03848324 -0.012216728
           oe         te
1  0.04990384 -0.1618265
2  0.00000000 -0.1927480
3 -0.06304255 -0.2312312

[[20]]
  delta        mu      mu_1      mu_0         de         se_1        se_0
1   0.5 0.7666046 0.6625317 0.8384828 -0.1759511 -0.002478687 -0.02424834
2   1.0 0.7495219 0.6650104 0.8627311 -0.1977207  0.000000000  0.00000000
3   2.0 0.7172462 0.6578055 0.8731612 -0.2153557 -0.007204953  0.01043004
           oe         te
1  0.01708274 -0.2001994
2  0.00000000 -0.1977207
3 -0.03227561 -0.2049257

[[1]]
  delta         mu       mu_1       mu_0         de       se_1       se_0
1   0.5 0.02277797 0.01881679 0.02609984 0.02021525 0.01428582 0.02174149
2   1.0 0.01601215 0.01713260 0.01556622 0.01288608 0.00000000 0.00000000
3   2.0 0.02836927 0.03075248 0.02302414 0.02191667 0.02333467 0.01862855
          oe         te
1 0.01911611 0.01468605
2 0.00000000 0.01288608
3 0.02242381 0.02985023

[[2]]
  delta         mu       mu_1       mu_0         de       se_1       se_0
1   0.5 0.02295388 0.02001944 0.02643741 0.02286027 0.01577028 0.02192064
2   1.0 0.01717141 0.01777635 0.01623834 0.01211292 0.00000000 0.00000000
3   2.0 0.03717547 0.04174516 0.02473051 0.02941806 0.03596076 0.02171465
          oe         te
1 0.01915352 0.01671811
2 0.00000000 0.01211292
3 0.03250798 0.04107037

[[3]]
  delta         mu       mu_1       mu_0         de       se_1       se_0
1   0.5 0.02419031 0.02101251 0.02699163 0.02080999 0.01618117 0.02177346
2   1.0 0.01796352 0.01870190 0.01709453 0.01290906 0.00000000 0.00000000
3   2.0 0.04958096 0.05300137 0.03013570 0.03346472 0.04554869 0.02577883
          oe         te
1 0.02000725 0.01625660
2 0.00000000 0.01290906
3 0.04388210 0.05171741

[[4]]
  delta         mu       mu_1       mu_0         de       se_1       se_0
1   0.5 0.02438057 0.02031243 0.02751600 0.02070388 0.01589521 0.02267763
2   1.0 0.01799253 0.01840749 0.01724779 0.01246981 0.00000000 0.00000000
3   2.0 0.03536372 0.03794438 0.02719278 0.02538255 0.03053353 0.02165874
          oe         te
1 0.02012910 0.01562001
2 0.00000000 0.01246981
3 0.02896441 0.03631780

[[5]]
  delta         mu       mu_1       mu_0         de       se_1       se_0
1   0.5 0.02412611 0.01962989 0.02835249 0.02407510 0.01576640 0.02515091
2   1.0 0.01848285 0.01905479 0.01748627 0.01221830 0.00000000 0.00000000
3   2.0 0.03748324 0.04325114 0.02704509 0.03442325 0.03674727 0.02001411
          oe         te
1 0.02132940 0.01569888
2 0.00000000 0.01221830
3 0.03106418 0.04115191

[[6]]
  delta         mu       mu_1       mu_0         de       se_1       se_0
1   0.5 0.02377201 0.02114597 0.02655444 0.02102859 0.01741550 0.02181236
2   1.0 0.01716988 0.01762895 0.01691718 0.01260295 0.00000000 0.00000000
3   2.0 0.04176113 0.04818632 0.02711783 0.03543771 0.04214966 0.02183223
          oe         te
1 0.02020538 0.01752135
2 0.00000000 0.01260295
3 0.03644679 0.04678518

[[7]]
  delta         mu       mu_1       mu_0         de       se_1       se_0
1   0.5 0.02197944 0.01924610 0.02397464 0.01827433 0.01527858 0.01935989
2   1.0 0.01753423 0.01829324 0.01689907 0.01304276 0.00000000 0.00000000
3   2.0 0.03056869 0.03231966 0.02612921 0.02283044 0.02387725 0.02045927
          oe         te
1 0.01818299 0.01549231
2 0.00000000 0.01304276
3 0.02341339 0.03067255

[[8]]
  delta         mu       mu_1       mu_0         de       se_1       se_0
1   0.5 0.02525203 0.02067606 0.02856561 0.02357532 0.01615081 0.02382852
2   1.0 0.01696334 0.01677146 0.01714747 0.01237814 0.00000000 0.00000000
3   2.0 0.03071994 0.03351040 0.02350266 0.02441099 0.02898798 0.01988346
          oe         te
1 0.02080883 0.01739093
2 0.00000000 0.01237814
3 0.02732854 0.03446158

[[9]]
  delta         mu       mu_1       mu_0         de       se_1       se_0
1   0.5 0.02397108 0.02175746 0.02851903 0.02743766 0.01832824 0.02320417
2   1.0 0.01729681 0.01798280 0.01686151 0.01310985 0.00000000 0.00000000
3   2.0 0.03148478 0.03481100 0.02364322 0.02415850 0.02709596 0.01987265
          oe         te
1 0.01998896 0.01829319
2 0.00000000 0.01310985
3 0.02560242 0.03411264

[[10]]
  delta         mu       mu_1       mu_0         de       se_1       se_0
1   0.5 0.02413175 0.01967271 0.02742692 0.02167314 0.01575271 0.02336425
2   1.0 0.01799342 0.01847686 0.01712680 0.01246098 0.00000000 0.00000000
3   2.0 0.03688656 0.04300854 0.02964919 0.03691442 0.03805819 0.02541443
          oe         te
1 0.02081803 0.01545592
2 0.00000000 0.01246098
3 0.03209586 0.04236835

[[11]]
  delta         mu       mu_1       mu_0         de       se_1       se_0
1   0.5 0.02269351 0.02035250 0.02604439 0.02395538 0.01765721 0.02339087
2   1.0 0.01637415 0.01736405 0.01556969 0.01285770 0.00000000 0.00000000
3   2.0 0.03210633 0.03470525 0.02492551 0.02420051 0.02814154 0.02165257
          oe         te
1 0.02105517 0.01692555
2 0.00000000 0.01285770
3 0.02744483 0.03508859

[[12]]
  delta         mu       mu_1       mu_0         de       se_1       se_0
1   0.5 0.02299952 0.01978436 0.03037099 0.03054779 0.01540422 0.02716341
2   1.0 0.01711402 0.01735151 0.01669135 0.01283677 0.00000000 0.00000000
3   2.0 0.02584829 0.02761182 0.02417205 0.02329724 0.02149370 0.01899632
          oe         te
1 0.01949579 0.01619514
2 0.00000000 0.01283677
3 0.02053146 0.02760341

[[13]]
  delta         mu       mu_1       mu_0         de       se_1       se_0
1   0.5 0.02637396 0.02122035 0.02987650 0.02258890 0.01628079 0.02422021
2   1.0 0.01738251 0.01769117 0.01698753 0.01193445 0.00000000 0.00000000
3   2.0 0.02812969 0.03053183 0.02241590 0.02129575 0.02288260 0.01782179
          oe         te
1 0.02147512 0.01570745
2 0.00000000 0.01193445
3 0.02202452 0.02894934

[[14]]
  delta         mu       mu_1       mu_0         de       se_1       se_0
1   0.5 0.02623676 0.02121237 0.02987610 0.02305291 0.01619680 0.02453295
2   1.0 0.01798889 0.01809242 0.01756464 0.01263186 0.00000000 0.00000000
3   2.0 0.03275520 0.03577688 0.02492205 0.02457866 0.02855975 0.01990132
          oe         te
1 0.02174162 0.01638674
2 0.00000000 0.01263186
3 0.02664238 0.03445832

[[15]]
  delta         mu       mu_1       mu_0         de       se_1       se_0
1   0.5 0.02344432 0.02060526 0.02603321 0.02157366 0.01484765 0.02079945
2   1.0 0.01780722 0.01783644 0.01746936 0.01207794 0.00000000 0.00000000
3   2.0 0.02667917 0.02821802 0.02284198 0.02027045 0.02139423 0.01780022
          oe         te
1 0.01873198 0.01547886
2 0.00000000 0.01207794
3 0.02075212 0.02706509

[[16]]
  delta         mu       mu_1       mu_0         de       se_1       se_0
1   0.5 0.02603915 0.02114528 0.02918372 0.02212350 0.01583571 0.02430707
2   1.0 0.01881473 0.01901173 0.01783671 0.01209122 0.00000000 0.00000000
3   2.0 0.03334709 0.03570184 0.02694901 0.02241489 0.02792950 0.02200927
          oe         te
1 0.02121350 0.01586625
2 0.00000000 0.01209122
3 0.02697487 0.03396556

[[17]]
  delta         mu       mu_1       mu_0         de       se_1       se_0
1   0.5 0.02284763 0.02113258 0.02648714 0.02522367 0.01802740 0.02286191
2   1.0 0.01602959 0.01647886 0.01565226 0.01235602 0.00000000 0.00000000
3   2.0 0.02973775 0.03191324 0.02423649 0.02285603 0.02492034 0.01989437
          oe         te
1 0.02026550 0.01841012
2 0.00000000 0.01235602
3 0.02407335 0.03144384

[[18]]
  delta         mu       mu_1       mu_0         de       se_1       se_0
1   0.5 0.02512279 0.02066821 0.02846952 0.02171248 0.01705146 0.02268097
2   1.0 0.01798474 0.01802813 0.01757287 0.01207265 0.00000000 0.00000000
3   2.0 0.03264003 0.03420667 0.02736922 0.02129385 0.02693757 0.02164055
          oe         te
1 0.02083928 0.01612541
2 0.00000000 0.01207265
3 0.02618833 0.03238721

[[19]]
  delta         mu       mu_1       mu_0         de       se_1       se_0
1   0.5 0.02334063 0.01949486 0.02663201 0.02116797 0.01456787 0.02139080
2   1.0 0.01746394 0.01819674 0.01656539 0.01238264 0.00000000 0.00000000
3   2.0 0.02796263 0.02974607 0.02300213 0.02083160 0.02264885 0.01786274
          oe         te
1 0.01903912 0.01500529
2 0.00000000 0.01238264
3 0.02195656 0.02860431

[[20]]
  delta         mu       mu_1       mu_0         de       se_1       se_0
1   0.5 0.02343323 0.02006151 0.02703939 0.02365025 0.01609631 0.02355114
2   1.0 0.01705392 0.01748995 0.01675996 0.01270620 0.00000000 0.00000000
3   2.0 0.03121717 0.03364750 0.02454063 0.02273506 0.02680880 0.01920068
          oe         te
1 0.02061689 0.01660608
2 0.00000000 0.01270620
3 0.02552226 0.03285014

[1] "Total run time was 3039.568 seconds"
