Warning message:
package ‘SuperLearner’ was built under R version 4.1.3 
[1] "[Simulation setting]"
[1] "n: 500"
[1] "deltas: 0.5, 1, 2"
[1] "K: 2"
[1] "r: 100"
[1] "s: 1"
[1] "Sim.id 1"
[1] "Data generated and format changed"
[1] "   Split: 1"
Loading required namespace: nnet
Loading required namespace: ranger
[1] "   Split: 2"
[1] "Estimates and SE estimates computed"
[1] ""
[1] "Sim.id 2"
[1] "Data generated and format changed"
[1] "   Split: 1"
[1] "   Split: 2"
[1] "Estimates and SE estimates computed"
[1] ""
[1] "Sim.id 3"
[1] "Data generated and format changed"
[1] "   Split: 1"
[1] "   Split: 2"
[1] "Estimates and SE estimates computed"
[1] ""
[1] "Sim.id 4"
[1] "Data generated and format changed"
[1] "   Split: 1"
[1] "   Split: 2"
[1] "Estimates and SE estimates computed"
[1] ""
[1] "Sim.id 5"
[1] "Data generated and format changed"
[1] "   Split: 1"
[1] "   Split: 2"
[1] "Estimates and SE estimates computed"
[1] ""
[1] "Sim.id 6"
[1] "Data generated and format changed"
[1] "   Split: 1"
[1] "   Split: 2"
[1] "Estimates and SE estimates computed"
[1] ""
[1] "Sim.id 7"
[1] "Data generated and format changed"
[1] "   Split: 1"
[1] "   Split: 2"
[1] "Estimates and SE estimates computed"
[1] ""
[1] "Sim.id 8"
[1] "Data generated and format changed"
[1] "   Split: 1"
[1] "   Split: 2"
[1] "Estimates and SE estimates computed"
[1] ""
[1] "Sim.id 9"
[1] "Data generated and format changed"
[1] "   Split: 1"
[1] "   Split: 2"
[1] "Estimates and SE estimates computed"
[1] ""
[1] "Sim.id 10"
[1] "Data generated and format changed"
[1] "   Split: 1"
[1] "   Split: 2"
[1] "Estimates and SE estimates computed"
[1] ""
[1] "Sim.id 11"
[1] "Data generated and format changed"
[1] "   Split: 1"
[1] "   Split: 2"
[1] "Estimates and SE estimates computed"
[1] ""
[1] "Sim.id 12"
[1] "Data generated and format changed"
[1] "   Split: 1"
[1] "   Split: 2"
[1] "Estimates and SE estimates computed"
[1] ""
[1] "Sim.id 13"
[1] "Data generated and format changed"
[1] "   Split: 1"
[1] "   Split: 2"
[1] "Estimates and SE estimates computed"
[1] ""
[1] "Sim.id 14"
[1] "Data generated and format changed"
[1] "   Split: 1"
[1] "   Split: 2"
[1] "Estimates and SE estimates computed"
[1] ""
[1] "Sim.id 15"
[1] "Data generated and format changed"
[1] "   Split: 1"
[1] "   Split: 2"
[1] "Estimates and SE estimates computed"
[1] ""
[1] "Sim.id 16"
[1] "Data generated and format changed"
[1] "   Split: 1"
[1] "   Split: 2"
[1] "Estimates and SE estimates computed"
[1] ""
[1] "Sim.id 17"
[1] "Data generated and format changed"
[1] "   Split: 1"
[1] "   Split: 2"
[1] "Estimates and SE estimates computed"
[1] ""
[1] "Sim.id 18"
[1] "Data generated and format changed"
[1] "   Split: 1"
[1] "   Split: 2"
[1] "Estimates and SE estimates computed"
[1] ""
[1] "Sim.id 19"
[1] "Data generated and format changed"
[1] "   Split: 1"
[1] "   Split: 2"
[1] "Estimates and SE estimates computed"
[1] ""
[1] "Sim.id 20"
[1] "Data generated and format changed"
[1] "   Split: 1"
[1] "   Split: 2"
[1] "Estimates and SE estimates computed"
[1] ""
[[1]]
  delta        mu      mu_1      mu_0         de         se_1         se_0
1   0.5 0.7935721 0.6781730 0.8677088 -0.1895358  0.005001092 -0.002931381
2   1.0 0.7585156 0.6731719 0.8706402 -0.1974683  0.000000000  0.000000000
3   2.0 0.6796731 0.6187660 0.8473012 -0.2285352 -0.054405905 -0.023339032
           oe         te
1  0.03505658 -0.1924672
2  0.00000000 -0.1974683
3 -0.07884240 -0.2518742

[[2]]
  delta        mu      mu_1      mu_0         de        se_1         se_0
1   0.5 0.8128593 0.7004565 0.8839651 -0.1835086  0.01395094  0.016567664
2   1.0 0.7661127 0.6865056 0.8673974 -0.1808918  0.00000000  0.000000000
3   2.0 0.7091074 0.6457367 0.8580932 -0.2123565 -0.04076893 -0.009304266
           oe         te
1  0.04674658 -0.1669409
2  0.00000000 -0.1808918
3 -0.05700525 -0.2216608

[[3]]
  delta        mu      mu_1      mu_0         de        se_1         se_0
1   0.5 0.7626301 0.6750529 0.8266270 -0.1515741  0.03854367 -0.003202958
2   1.0 0.7171342 0.6365092 0.8298300 -0.1933208  0.00000000  0.000000000
3   2.0 0.6351334 0.5734583 0.8202737 -0.2468154 -0.06305086 -0.009556215
           oe         te
1  0.04549590 -0.1547771
2  0.00000000 -0.1933208
3 -0.08200082 -0.2563716

[[4]]
  delta        mu      mu_1      mu_0         de         se_1         se_0
1   0.5 0.8182078 0.6887747 0.8991100 -0.2103352 -0.005479567  0.025006081
2   1.0 0.7751610 0.6942543 0.8741039 -0.1798496  0.000000000  0.000000000
3   2.0 0.7458379 0.6967312 0.8645461 -0.1678149  0.002476915 -0.009557745
           oe         te
1  0.04304675 -0.1853292
2  0.00000000 -0.1798496
3 -0.02932309 -0.1773727

[[5]]
  delta        mu      mu_1      mu_0         de        se_1        se_0
1   0.5 0.7999373 0.7028726 0.8661085 -0.1632360  0.03292671  0.01370845
2   1.0 0.7470846 0.6699458 0.8524001 -0.1824542  0.00000000  0.00000000
3   2.0 0.6678574 0.6145167 0.8137702 -0.1992535 -0.05542914 -0.03862986
           oe         te
1  0.05285271 -0.1495275
2  0.00000000 -0.1824542
3 -0.07922717 -0.2378834

[[6]]
  delta        mu      mu_1      mu_0         de         se_1         se_0
1   0.5 0.7521838 0.6504501 0.8263629 -0.1759128  0.004084658 -0.021760309
2   1.0 0.7321671 0.6463654 0.8481232 -0.2017578  0.000000000  0.000000000
3   2.0 0.6650753 0.5981779 0.8442449 -0.2460671 -0.048187536 -0.003878258
           oe         te
1  0.02001668 -0.1976731
2  0.00000000 -0.2017578
3 -0.06709179 -0.2499453

[[7]]
  delta        mu      mu_1      mu_0         de        se_1         se_0
1   0.5 0.8035400 0.7089787 0.8694783 -0.1604996  0.02016945 -0.003181192
2   1.0 0.7649418 0.6888092 0.8726595 -0.1838503  0.00000000  0.000000000
3   2.0 0.6851513 0.6301643 0.8421411 -0.2119767 -0.05864489 -0.030518416
           oe         te
1  0.03859819 -0.1636808
2  0.00000000 -0.1838503
3 -0.07979052 -0.2424952

[[8]]
  delta        mu      mu_1      mu_0         de        se_1         se_0
1   0.5 0.7843616 0.7016016 0.8437371 -0.1421356 0.004612211 -0.014099600
2   1.0 0.7672519 0.6969894 0.8578367 -0.1608474 0.000000000  0.000000000
3   2.0 0.7523800 0.7130412 0.8483114 -0.1352702 0.016051796 -0.009525373
           oe         te
1  0.01710972 -0.1562352
2  0.00000000 -0.1608474
3 -0.01487192 -0.1447956

[[9]]
  delta        mu      mu_1      mu_0         de        se_1         se_0
1   0.5 0.7836290 0.6918868 0.8444006 -0.1525138  0.01220453 -0.010336753
2   1.0 0.7532913 0.6796823 0.8547374 -0.1750551  0.00000000  0.000000000
3   2.0 0.7081796 0.6570271 0.8529406 -0.1959135 -0.02265520 -0.001796736
           oe         te
1  0.03033770 -0.1628505
2  0.00000000 -0.1750551
3 -0.04511172 -0.1977103

[[10]]
  delta        mu      mu_1      mu_0         de        se_1        se_0
1   0.5 0.8111798 0.6818402 0.8965824 -0.2147422  0.04484334  0.05456918
2   1.0 0.7231138 0.6369969 0.8420132 -0.2050164  0.00000000  0.00000000
3   2.0 0.6320799 0.5787004 0.7891609 -0.2104605 -0.05829650 -0.05285236
           oe         te
1  0.08806601 -0.1601730
2  0.00000000 -0.2050164
3 -0.09103385 -0.2633129

[[11]]
  delta        mu      mu_1      mu_0         de          se_1          se_0
1   0.5 0.7475813 0.6757664 0.8007402 -0.1249739 -0.0145699352 -0.0474990564
2   1.0 0.7590490 0.6903363 0.8482393 -0.1579030  0.0000000000  0.0000000000
3   2.0 0.7355315 0.6908293 0.8491123 -0.1582831  0.0004929688  0.0008730442
           oe         te
1 -0.01146770 -0.1724729
2  0.00000000 -0.1579030
3 -0.02351753 -0.1574100

[[12]]
  delta        mu      mu_1      mu_0         de        se_1         se_0
1   0.5 0.7902283 0.7083902 0.8498794 -0.1414892 0.008184016 -0.007763328
2   1.0 0.7681750 0.7002061 0.8576427 -0.1574366 0.000000000  0.000000000
3   2.0 0.7590074 0.7135103 0.8779099 -0.1643996 0.013304196  0.020267205
            oe         te
1  0.022053330 -0.1492526
2  0.000000000 -0.1574366
3 -0.009167573 -0.1441324

[[13]]
  delta        mu      mu_1      mu_0         de       se_1        se_0
1   0.5 0.8254240 0.6988375 0.9082526 -0.2094151 0.02124798  0.04555945
2   1.0 0.7565312 0.6775895 0.8626931 -0.1851036 0.00000000  0.00000000
3   2.0 0.7361253 0.6901387 0.8553387 -0.1652000 0.01254925 -0.00735441
           oe         te
1  0.06889287 -0.1638556
2  0.00000000 -0.1851036
3 -0.02040581 -0.1725544

[[14]]
  delta        mu      mu_1      mu_0         de         se_1        se_0
1   0.5 0.8370365 0.7147850 0.9124100 -0.1976250  0.004444029  0.02513348
2   1.0 0.7898815 0.7103409 0.8872765 -0.1769355  0.000000000  0.00000000
3   2.0 0.7112601 0.6515537 0.8672298 -0.2156761 -0.058787232 -0.02004668
           oe         te
1  0.04715505 -0.1724915
2  0.00000000 -0.1769355
3 -0.07862136 -0.2357228

[[15]]
  delta        mu      mu_1      mu_0         de        se_1         se_0
1   0.5 0.8106233 0.7068908 0.8781406 -0.1712498  0.01735980  0.003353762
2   1.0 0.7709670 0.6895310 0.8747868 -0.1852558  0.00000000  0.000000000
3   2.0 0.7146419 0.6565983 0.8615101 -0.2049118 -0.03293274 -0.013276775
           oe         te
1  0.03965628 -0.1678960
2  0.00000000 -0.1852558
3 -0.05632507 -0.2181885

[[16]]
  delta        mu      mu_1      mu_0         de         se_1         se_0
1   0.5 0.8071647 0.6915975 0.8807894 -0.1891919 -0.014925779 -0.006421139
2   1.0 0.7866931 0.7065233 0.8872105 -0.1806873  0.000000000  0.000000000
3   2.0 0.7548513 0.7028596 0.8812994 -0.1784398 -0.003663744 -0.005911199
           oe         te
1  0.02047164 -0.1956130
2  0.00000000 -0.1806873
3 -0.03184183 -0.1843510

[[17]]
  delta        mu      mu_1      mu_0         de        se_1         se_0
1   0.5 0.8103107 0.7130686 0.8737609 -0.1606924  0.03375647  0.006249298
2   1.0 0.7611298 0.6793121 0.8675116 -0.1881995  0.00000000  0.000000000
3   2.0 0.6932343 0.6395705 0.8376785 -0.1981079 -0.03974157 -0.029833189
           oe         te
1  0.04918095 -0.1544431
2  0.00000000 -0.1881995
3 -0.06789553 -0.2279411

[[18]]
  delta        mu      mu_1      mu_0         de       se_1         se_0
1   0.5 0.7866541 0.6862701 0.8590208 -0.1727506 0.01860762  0.010261667
2   1.0 0.7443267 0.6676625 0.8487591 -0.1810966 0.00000000  0.000000000
3   2.0 0.7233992 0.6790770 0.8407284 -0.1616513 0.01141454 -0.008030733
           oe         te
1  0.04232739 -0.1624890
2  0.00000000 -0.1810966
3 -0.02092749 -0.1696821

[[19]]
  delta        mu      mu_1      mu_0         de        se_1         se_0
1   0.5 0.7770967 0.6962347 0.8404908 -0.1442561  0.02417761 -0.001227042
2   1.0 0.7412369 0.6720570 0.8417178 -0.1696608  0.00000000  0.000000000
3   2.0 0.6920011 0.6368770 0.8366890 -0.1998120 -0.03518010 -0.005028832
           oe         te
1  0.03585977 -0.1454832
2  0.00000000 -0.1696608
3 -0.04923583 -0.2048409

[[20]]
  delta        mu      mu_1      mu_0         de        se_1        se_0
1   0.5 0.7840535 0.6944170 0.8448346 -0.1504176  0.02627900 -0.01364797
2   1.0 0.7532255 0.6681380 0.8584826 -0.1903446  0.00000000  0.00000000
3   2.0 0.6820787 0.6182666 0.8391509 -0.2208844 -0.04987145 -0.01933165
           oe         te
1  0.03082801 -0.1640656
2  0.00000000 -0.1903446
3 -0.07114682 -0.2402160

[[1]]
  delta         mu       mu_1       mu_0         de       se_1       se_0
1   0.5 0.02359503 0.01971567 0.02725070 0.02276743 0.01475019 0.02296819
2   1.0 0.01731544 0.01780671 0.01715787 0.01267222 0.00000000 0.00000000
3   2.0 0.03087572 0.03395319 0.02332426 0.02409599 0.02811587 0.01829456
          oe         te
1 0.01966404 0.01618125
2 0.00000000 0.01267222
3 0.02561206 0.03286783

[[2]]
  delta         mu       mu_1       mu_0         de       se_1       se_0
1   0.5 0.02660091 0.02030833 0.03052662 0.02298042 0.01519324 0.02460963
2   1.0 0.01750272 0.01758465 0.01711355 0.01230084 0.00000000 0.00000000
3   2.0 0.02850326 0.03144992 0.02183119 0.02214338 0.02442252 0.01763926
          oe         te
1 0.02162303 0.01497784
2 0.00000000 0.01230084
3 0.02275259 0.03047337

[[3]]
  delta         mu       mu_1       mu_0         de       se_1       se_0
1   0.5 0.02156735 0.01831112 0.02511052 0.02029379 0.01543424 0.02197640
2   1.0 0.01615141 0.01701172 0.01549429 0.01234257 0.00000000 0.00000000
3   2.0 0.03036420 0.03212957 0.02394651 0.02148322 0.02511812 0.01975899
          oe         te
1 0.01987505 0.01533070
2 0.00000000 0.01234257
3 0.02452439 0.03111499

[[4]]
  delta         mu       mu_1       mu_0         de       se_1       se_0
1   0.5 0.02683295 0.02111926 0.03186909 0.02770839 0.01650870 0.02842933
2   1.0 0.01736750 0.01779561 0.01678475 0.01206915 0.00000000 0.00000000
3   2.0 0.03145362 0.03318899 0.02624453 0.02270463 0.02641654 0.02162066
          oe         te
1 0.02406381 0.01711273
2 0.00000000 0.01206915
3 0.02558198 0.03206205

[[5]]
  delta         mu       mu_1       mu_0         de       se_1       se_0
1   0.5 0.02517285 0.02181327 0.02787738 0.02200290 0.01716597 0.02196309
2   1.0 0.01850733 0.01861001 0.01854624 0.01347339 0.00000000 0.00000000
3   2.0 0.02927114 0.03199070 0.02497730 0.02700845 0.02485024 0.01888388
          oe         te
1 0.02028858 0.01769137
2 0.00000000 0.01347339
3 0.02315394 0.03172627

[[6]]
  delta         mu       mu_1       mu_0         de       se_1       se_0
1   0.5 0.02264656 0.01982433 0.02538167 0.02042699 0.01385732 0.02036900
2   1.0 0.01701968 0.01735488 0.01690148 0.01273267 0.00000000 0.00000000
3   2.0 0.02848682 0.03083589 0.02293889 0.02240444 0.02562240 0.01828391
          oe         te
1 0.01824625 0.01536939
2 0.00000000 0.01273267
3 0.02418616 0.03119729

[[7]]
  delta         mu       mu_1       mu_0         de       se_1       se_0
1   0.5 0.02533003 0.02002501 0.02836638 0.02073912 0.01566517 0.02375971
2   1.0 0.01815816 0.01802288 0.01811306 0.01282089 0.00000000 0.00000000
3   2.0 0.03340840 0.03551109 0.02492887 0.02212922 0.02977415 0.02231573
          oe         te
1 0.02126760 0.01493136
2 0.00000000 0.01282089
3 0.02925401 0.03607920

[[8]]
  delta         mu       mu_1       mu_0         de       se_1       se_0
1   0.5 0.02265219 0.01957905 0.02703333 0.02529740 0.01628805 0.02443021
2   1.0 0.01792589 0.01873133 0.01694709 0.01273517 0.00000000 0.00000000
3   2.0 0.03651666 0.04218871 0.02452084 0.03396450 0.03630448 0.02006877
          oe         te
1 0.02084621 0.01608994
2 0.00000000 0.01273517
3 0.03129500 0.04109203

[[9]]
  delta         mu       mu_1       mu_0         de       se_1       se_0
1   0.5 0.02485323 0.02093902 0.02743661 0.01897022 0.01579498 0.02136045
2   1.0 0.01843076 0.01914431 0.01747257 0.01295527 0.00000000 0.00000000
3   2.0 0.03857042 0.04161221 0.02773017 0.02649560 0.03232513 0.02220664
          oe         te
1 0.01983733 0.01530514
2 0.00000000 0.01295527
3 0.03116184 0.03924402

[[10]]
  delta         mu       mu_1       mu_0         de       se_1       se_0
1   0.5 0.02418759 0.01912613 0.02774676 0.02208620 0.01452042 0.02144412
2   1.0 0.01672288 0.01668379 0.01704132 0.01318522 0.00000000 0.00000000
3   2.0 0.02926128 0.03051181 0.02441950 0.02043453 0.02470015 0.02136128
          oe         te
1 0.01914334 0.01624068
2 0.00000000 0.01318522
3 0.02514743 0.03153782

[[11]]
  delta         mu       mu_1       mu_0         de       se_1       se_0
1   0.5 0.02274864 0.01995739 0.02617064 0.02208408 0.01563603 0.02009298
2   1.0 0.01663093 0.01716084 0.01670128 0.01279181 0.00000000 0.00000000
3   2.0 0.02821515 0.03011613 0.02244577 0.02125296 0.02381170 0.01810606
          oe         te
1 0.01827442 0.01647948
2 0.00000000 0.01279181
3 0.02309189 0.03028211

[[12]]
  delta         mu       mu_1       mu_0         de       se_1       se_0
1   0.5 0.02435690 0.02064244 0.02737491 0.02189655 0.01655663 0.02413837
2   1.0 0.01741976 0.01814300 0.01646048 0.01218543 0.00000000 0.00000000
3   2.0 0.03369534 0.03699249 0.02481480 0.02510018 0.02911139 0.02009389
          oe         te
1 0.02145179 0.01628379
2 0.00000000 0.01218543
3 0.02735603 0.03538859

[[13]]
  delta         mu       mu_1       mu_0         de       se_1       se_0
1   0.5 0.02335415 0.01943707 0.02648660 0.02078181 0.01441367 0.02214137
2   1.0 0.01753740 0.01812355 0.01673039 0.01234641 0.00000000 0.00000000
3   2.0 0.03340854 0.03693991 0.02495756 0.02607183 0.02959257 0.01928287
          oe         te
1 0.01936150 0.01420056
2 0.00000000 0.01234641
3 0.02688016 0.03504973

[[14]]
  delta         mu       mu_1       mu_0         de       se_1       se_0
1   0.5 0.02266637 0.02055143 0.02460475 0.01899352 0.01582082 0.01946458
2   1.0 0.01811012 0.01884218 0.01707568 0.01256362 0.00000000 0.00000000
3   2.0 0.03151091 0.03402724 0.02509921 0.02561215 0.02673891 0.02085490
          oe         te
1 0.01843014 0.01521336
2 0.00000000 0.01256362
3 0.02557587 0.03324811

[[15]]
  delta         mu       mu_1       mu_0         de       se_1       se_0
1   0.5 0.02285842 0.01868753 0.02582506 0.02046176 0.01454927 0.02134921
2   1.0 0.01719704 0.01764940 0.01657111 0.01280048 0.00000000 0.00000000
3   2.0 0.03155310 0.03517504 0.02367072 0.02624805 0.02933355 0.01957317
          oe         te
1 0.01917430 0.01447912
2 0.00000000 0.01280048
3 0.02688535 0.03526088

[[16]]
  delta         mu       mu_1       mu_0         de      se_1       se_0
1   0.5 0.02349349 0.02091804 0.02656822 0.02173942 0.0163899 0.02244281
2   1.0 0.01792596 0.01851120 0.01738552 0.01295210 0.0000000 0.00000000
3   2.0 0.03243042 0.03544946 0.02579058 0.02581994 0.0290901 0.02196568
          oe         te
1 0.01991342 0.01634640
2 0.00000000 0.01295210
3 0.02764743 0.03575608

[[17]]
  delta         mu       mu_1       mu_0         de       se_1       se_0
1   0.5 0.02351451 0.01847017 0.02707587 0.02026314 0.01513276 0.02230665
2   1.0 0.01719141 0.01793586 0.01646407 0.01246978 0.00000000 0.00000000
3   2.0 0.03439050 0.03794730 0.02569731 0.02657702 0.03040028 0.01981720
          oe         te
1 0.01993599 0.01532859
2 0.00000000 0.01246978
3 0.02776211 0.03585946

[[18]]
  delta         mu       mu_1       mu_0         de       se_1       se_0
1   0.5 0.02268154 0.01845577 0.02559949 0.01966304 0.01451612 0.02206421
2   1.0 0.01774978 0.01820506 0.01701201 0.01276481 0.00000000 0.00000000
3   2.0 0.03431080 0.03836759 0.02495916 0.02835352 0.03136295 0.02000667
          oe         te
1 0.02002851 0.01439523
2 0.00000000 0.01276481
3 0.02812068 0.03713225

[[19]]
  delta         mu       mu_1       mu_0         de       se_1       se_0
1   0.5 0.02579440 0.02126987 0.02916669 0.02262250 0.01720687 0.02437333
2   1.0 0.01864707 0.01895990 0.01808850 0.01329358 0.00000000 0.00000000
3   2.0 0.03250324 0.03441441 0.02681738 0.02363627 0.02733651 0.02116677
          oe         te
1 0.02196742 0.01690078
2 0.00000000 0.01329358
3 0.02648515 0.03401940

[[20]]
  delta         mu       mu_1       mu_0         de       se_1       se_0
1   0.5 0.02338020 0.01951801 0.02682143 0.02203489 0.01538665 0.02231591
2   1.0 0.01719069 0.01768328 0.01709523 0.01324605 0.00000000 0.00000000
3   2.0 0.02889054 0.03056385 0.02411421 0.02006998 0.02283724 0.01967306
          oe         te
1 0.02027060 0.01629097
2 0.00000000 0.01324605
3 0.02260458 0.02957495

[[1]]
  delta        mu      mu_1      mu_0         de        se_1        se_0
1   0.5 0.7944379 0.6789720 0.8686676 -0.1896956  0.00572013 -0.00191863
2   1.0 0.7584488 0.6732518 0.8705862 -0.1973343  0.00000000  0.00000000
3   2.0 0.6800998 0.6195461 0.8471505 -0.2276044 -0.05370576 -0.02343565
           oe         te
1  0.03598916 -0.1916142
2  0.00000000 -0.1973343
3 -0.07834900 -0.2510401

[[2]]
  delta        mu      mu_1      mu_0         de        se_1         se_0
1   0.5 0.8127477 0.7004364 0.8838843 -0.1834479  0.01412242  0.016605938
2   1.0 0.7659049 0.6863140 0.8672783 -0.1809643  0.00000000  0.000000000
3   2.0 0.7083532 0.6449883 0.8576978 -0.2127096 -0.04132571 -0.009580473
           oe         te
1  0.04684286 -0.1668419
2  0.00000000 -0.1809643
3 -0.05755166 -0.2222901

[[3]]
  delta        mu      mu_1      mu_0         de        se_1         se_0
1   0.5 0.7629480 0.6749328 0.8271224 -0.1521897  0.03900137 -0.002807101
2   1.0 0.7168313 0.6359314 0.8299295 -0.1939981  0.00000000  0.000000000
3   2.0 0.6370441 0.5752520 0.8215661 -0.2463141 -0.06067939 -0.008363424
           oe         te
1  0.04611672 -0.1549968
2  0.00000000 -0.1939981
3 -0.07978718 -0.2546775

[[4]]
  delta        mu      mu_1      mu_0         de         se_1         se_0
1   0.5 0.8172136 0.6884975 0.8979804 -0.2094829 -0.005706514  0.024307137
2   1.0 0.7749087 0.6942040 0.8736733 -0.1794692  0.000000000  0.000000000
3   2.0 0.7464902 0.6973916 0.8646244 -0.1672329  0.003187566 -0.009048829
           oe         te
1  0.04230497 -0.1851758
2  0.00000000 -0.1794692
3 -0.02841850 -0.1762817

[[5]]
  delta        mu      mu_1      mu_0         de        se_1        se_0
1   0.5 0.7996307 0.7032164 0.8654065 -0.1621901  0.03358062  0.01314865
2   1.0 0.7468646 0.6696358 0.8522578 -0.1826221  0.00000000  0.00000000
3   2.0 0.6678003 0.6145735 0.8136607 -0.1990872 -0.05506226 -0.03859710
           oe         te
1  0.05276613 -0.1490414
2  0.00000000 -0.1826221
3 -0.07906425 -0.2376843

[[6]]
  delta        mu      mu_1      mu_0         de         se_1         se_0
1   0.5 0.7520903 0.6507886 0.8261419 -0.1753533  0.003918901 -0.021778198
2   1.0 0.7323530 0.6468697 0.8479201 -0.2010504  0.000000000  0.000000000
3   2.0 0.6661966 0.5997297 0.8440798 -0.2443501 -0.047140008 -0.003840291
           oe         te
1  0.01973723 -0.1971315
2  0.00000000 -0.2010504
3 -0.06615644 -0.2481904

[[7]]
  delta        mu      mu_1      mu_0         de        se_1         se_0
1   0.5 0.8040242 0.7102893 0.8699971 -0.1597078  0.02351321 -0.002264629
2   1.0 0.7632379 0.6867761 0.8722617 -0.1854856  0.00000000  0.000000000
3   2.0 0.6773480 0.6226529 0.8356398 -0.2129869 -0.06412322 -0.036621936
           oe         te
1  0.04078633 -0.1619724
2  0.00000000 -0.1854856
3 -0.08588989 -0.2496089

[[8]]
  delta        mu      mu_1      mu_0         de        se_1         se_0
1   0.5 0.7874592 0.7029606 0.8469562 -0.1439956 0.005727043 -0.011394735
2   1.0 0.7677153 0.6972336 0.8583510 -0.1611174 0.000000000  0.000000000
3   2.0 0.7542445 0.7153936 0.8487528 -0.1333592 0.018160033 -0.009598201
           oe         te
1  0.01974388 -0.1553903
2  0.00000000 -0.1611174
3 -0.01347082 -0.1429574

[[9]]
  delta        mu      mu_1      mu_0         de        se_1         se_0
1   0.5 0.7833928 0.6918708 0.8439560 -0.1520852  0.01212113 -0.010299453
2   1.0 0.7531751 0.6797497 0.8542555 -0.1745058  0.00000000  0.000000000
3   2.0 0.7080823 0.6569645 0.8525944 -0.1956298 -0.02278515 -0.001661121
           oe         te
1  0.03021769 -0.1623847
2  0.00000000 -0.1745058
3 -0.04509282 -0.1972910

[[10]]
  delta        mu      mu_1      mu_0         de        se_1        se_0
1   0.5 0.8119541 0.6813313 0.8988474 -0.2175161  0.04555742  0.05824049
2   1.0 0.7211839 0.6357739 0.8406069 -0.2048330  0.00000000  0.00000000
3   2.0 0.6323217 0.5800219 0.7882531 -0.2082313 -0.05575202 -0.05235377
           oe         te
1  0.09077021 -0.1592756
2  0.00000000 -0.2048330
3 -0.08886223 -0.2605850

[[11]]
  delta        mu      mu_1      mu_0         de          se_1          se_0
1   0.5 0.7477773 0.6761873 0.8007471 -0.1245598 -0.0142473512 -0.0474926767
2   1.0 0.7590743 0.6904346 0.8482398 -0.1578052  0.0000000000  0.0000000000
3   2.0 0.7353707 0.6908117 0.8488688 -0.1580571  0.0003770483  0.0006289935
           oe         te
1 -0.01129699 -0.1720525
2  0.00000000 -0.1578052
3 -0.02370359 -0.1574281

[[12]]
  delta        mu      mu_1      mu_0         de        se_1        se_0
1   0.5 0.7925417 0.7088678 0.8528045 -0.1439367 0.009390869 -0.00486698
2   1.0 0.7677620 0.6994770 0.8576715 -0.1581945 0.000000000  0.00000000
3   2.0 0.7573920 0.7119591 0.8768950 -0.1649360 0.012482086  0.01922354
           oe         te
1  0.02477970 -0.1488037
2  0.00000000 -0.1581945
3 -0.01037002 -0.1457124

[[13]]
  delta        mu      mu_1      mu_0         de       se_1         se_0
1   0.5 0.8254462 0.6986777 0.9086622 -0.2099844 0.02144134  0.044940703
2   1.0 0.7568156 0.6772364 0.8637215 -0.1864851 0.00000000  0.000000000
3   2.0 0.7371229 0.6915170 0.8552638 -0.1637468 0.01428059 -0.008457685
           oe         te
1  0.06863057 -0.1650437
2  0.00000000 -0.1864851
3 -0.01969269 -0.1722045

[[14]]
  delta        mu      mu_1      mu_0         de         se_1        se_0
1   0.5 0.8343032 0.7109225 0.9109525 -0.2000300  0.004733237  0.02926731
2   1.0 0.7839980 0.7061893 0.8816852 -0.1754959  0.000000000  0.00000000
3   2.0 0.7062634 0.6474422 0.8666191 -0.2191769 -0.058747117 -0.01506613
           oe         te
1  0.05030517 -0.1707627
2  0.00000000 -0.1754959
3 -0.07773465 -0.2342430

[[15]]
  delta        mu      mu_1      mu_0         de        se_1         se_0
1   0.5 0.8106357 0.7071670 0.8780292 -0.1708622  0.01757432  0.002944857
2   1.0 0.7711177 0.6895927 0.8750844 -0.1854917  0.00000000  0.000000000
3   2.0 0.7145807 0.6564704 0.8620384 -0.2055680 -0.03312234 -0.013045988
           oe         te
1  0.03951795 -0.1679173
2  0.00000000 -0.1854917
3 -0.05653698 -0.2186140

[[16]]
  delta        mu      mu_1      mu_0         de         se_1         se_0
1   0.5 0.8088123 0.6924894 0.8824018 -0.1899124 -0.014781925 -0.005539509
2   1.0 0.7878722 0.7072713 0.8879413 -0.1806700  0.000000000  0.000000000
3   2.0 0.7558628 0.7040815 0.8812173 -0.1771358 -0.003189763 -0.006723991
           oe         te
1  0.02094014 -0.1954519
2  0.00000000 -0.1806700
3 -0.03200940 -0.1838598

[[17]]
  delta        mu      mu_1      mu_0         de        se_1         se_0
1   0.5 0.8099639 0.7118304 0.8739896 -0.1621593  0.03222255  0.006374286
2   1.0 0.7615493 0.6796078 0.8676154 -0.1880076  0.00000000  0.000000000
3   2.0 0.6931450 0.6395901 0.8375995 -0.1980094 -0.04001775 -0.030015854
           oe         te
1  0.04841453 -0.1557850
2  0.00000000 -0.1880076
3 -0.06840432 -0.2280253

[[18]]
  delta        mu      mu_1      mu_0         de       se_1         se_0
1   0.5 0.7875740 0.6876537 0.8595851 -0.1719314 0.02001181  0.010357556
2   1.0 0.7446721 0.6676419 0.8492276 -0.1815857 0.00000000  0.000000000
3   2.0 0.7241309 0.6799387 0.8409438 -0.1610050 0.01229683 -0.008283796
           oe         te
1  0.04290191 -0.1615739
2  0.00000000 -0.1815857
3 -0.02054115 -0.1692888

[[19]]
  delta        mu      mu_1      mu_0         de        se_1         se_0
1   0.5 0.7765768 0.6959207 0.8395727 -0.1436519  0.02407081 -0.001615582
2   1.0 0.7409301 0.6718499 0.8411883 -0.1693383  0.00000000  0.000000000
3   2.0 0.6924705 0.6377192 0.8357658 -0.1980466 -0.03413070 -0.005422447
           oe         te
1  0.03564666 -0.1452675
2  0.00000000 -0.1693383
3 -0.04845963 -0.2034690

[[20]]
  delta        mu      mu_1      mu_0         de        se_1        se_0
1   0.5 0.7870750 0.6955905 0.8481430 -0.1525525  0.02797222 -0.01053165
2   1.0 0.7529592 0.6676183 0.8586747 -0.1910564  0.00000000  0.00000000
3   2.0 0.6822782 0.6187841 0.8391314 -0.2203473 -0.04883422 -0.01954329
           oe         te
1  0.03411581 -0.1630842
2  0.00000000 -0.1910564
3 -0.07068102 -0.2398906

[[1]]
  delta         mu       mu_1       mu_0         de       se_1       se_0
1   0.5 0.02353546 0.01969155 0.02716036 0.02266555 0.01474762 0.02290052
2   1.0 0.01732633 0.01781520 0.01715830 0.01265821 0.00000000 0.00000000
3   2.0 0.03099971 0.03410094 0.02336432 0.02418783 0.02826685 0.01831581
          oe         te
1 0.01962462 0.01616060
2 0.00000000 0.01265821
3 0.02573337 0.03301283

[[2]]
  delta         mu       mu_1       mu_0         de       se_1       se_0
1   0.5 0.02657198 0.02026833 0.03051063 0.02300107 0.01517040 0.02461232
2   1.0 0.01748534 0.01756840 0.01709402 0.01228190 0.00000000 0.00000000
3   2.0 0.02842718 0.03135459 0.02181522 0.02206353 0.02433155 0.01760699
          oe         te
1 0.02161303 0.01495514
2 0.00000000 0.01228190
3 0.02267484 0.03038004

[[3]]
  delta         mu       mu_1       mu_0         de       se_1       se_0
1   0.5 0.02175635 0.01832034 0.02537692 0.02046412 0.01542795 0.02227148
2   1.0 0.01608327 0.01694600 0.01546997 0.01229551 0.00000000 0.00000000
3   2.0 0.02982456 0.03160070 0.02387576 0.02143935 0.02472475 0.01965587
          oe         te
1 0.02010429 0.01540130
2 0.00000000 0.01229551
3 0.02405561 0.03059674

[[4]]
  delta         mu       mu_1       mu_0         de       se_1       se_0
1   0.5 0.02679682 0.02108855 0.03179082 0.02759067 0.01646504 0.02832567
2   1.0 0.01735772 0.01779611 0.01674097 0.01204260 0.00000000 0.00000000
3   2.0 0.03122460 0.03298912 0.02608621 0.02271424 0.02621662 0.02142153
          oe         te
1 0.02400269 0.01703893
2 0.00000000 0.01204260
3 0.02530995 0.03181077

[[5]]
  delta         mu       mu_1       mu_0         de       se_1       se_0
1   0.5 0.02491645 0.02177504 0.02755260 0.02180991 0.01712556 0.02171930
2   1.0 0.01852318 0.01863049 0.01852874 0.01346536 0.00000000 0.00000000
3   2.0 0.02935518 0.03207452 0.02494352 0.02694506 0.02492991 0.01881309
          oe         te
1 0.02009859 0.01771147
2 0.00000000 0.01346536
3 0.02323072 0.03178316

[[6]]
  delta         mu       mu_1       mu_0         de       se_1       se_0
1   0.5 0.02257147 0.01984909 0.02530272 0.02054025 0.01390612 0.02030157
2   1.0 0.01699350 0.01733108 0.01687046 0.01271077 0.00000000 0.00000000
3   2.0 0.02841099 0.03072994 0.02289156 0.02227141 0.02550016 0.01827230
          oe         te
1 0.01817979 0.01542400
2 0.00000000 0.01271077
3 0.02410663 0.03109381

[[7]]
  delta         mu       mu_1       mu_0         de       se_1       se_0
1   0.5 0.02488364 0.01991899 0.02781277 0.02045985 0.01554820 0.02333319
2   1.0 0.01807788 0.01804137 0.01794551 0.01278876 0.00000000 0.00000000
3   2.0 0.03381603 0.03601081 0.02511056 0.02253249 0.03020917 0.02241856
          oe         te
1 0.02088317 0.01484210
2 0.00000000 0.01278876
3 0.02962269 0.03655131

[[8]]
  delta         mu       mu_1       mu_0         de       se_1       se_0
1   0.5 0.02296573 0.01968055 0.02741321 0.02557886 0.01636843 0.02468059
2   1.0 0.01789782 0.01874491 0.01693550 0.01289704 0.00000000 0.00000000
3   2.0 0.03704029 0.04289865 0.02455162 0.03465605 0.03691969 0.02009444
          oe         te
1 0.02106380 0.01612756
2 0.00000000 0.01289704
3 0.03171105 0.04173625

[[9]]
  delta         mu       mu_1       mu_0         de       se_1       se_0
1   0.5 0.02482641 0.02096951 0.02737997 0.01895125 0.01583487 0.02133012
2   1.0 0.01843432 0.01915271 0.01748288 0.01298127 0.00000000 0.00000000
3   2.0 0.03855387 0.04158261 0.02778979 0.02652756 0.03227265 0.02224226
          oe         te
1 0.01983418 0.01538916
2 0.00000000 0.01298127
3 0.03112467 0.03920854

[[10]]
  delta         mu       mu_1       mu_0         de       se_1       se_0
1   0.5 0.02419832 0.01911796 0.02771526 0.02199761 0.01465683 0.02173435
2   1.0 0.01671990 0.01670163 0.01703088 0.01320070 0.00000000 0.00000000
3   2.0 0.02900324 0.03034517 0.02408529 0.02048717 0.02452594 0.02105483
          oe         te
1 0.01940982 0.01639792
2 0.00000000 0.01320070
3 0.02491386 0.03141658

[[11]]
  delta         mu       mu_1       mu_0         de       se_1       se_0
1   0.5 0.02276583 0.01998549 0.02620771 0.02213837 0.01565782 0.02014054
2   1.0 0.01663401 0.01716910 0.01669729 0.01279946 0.00000000 0.00000000
3   2.0 0.02823165 0.03012207 0.02241519 0.02115218 0.02378654 0.01807071
          oe         te
1 0.01829390 0.01653504
2 0.00000000 0.01279946
3 0.02308143 0.03027379

[[12]]
  delta         mu       mu_1       mu_0         de       se_1       se_0
1   0.5 0.02410863 0.02061426 0.02705054 0.02167109 0.01653630 0.02383897
2   1.0 0.01737657 0.01814358 0.01636292 0.01215481 0.00000000 0.00000000
3   2.0 0.03378205 0.03713729 0.02465293 0.02520418 0.02926283 0.01996452
          oe         te
1 0.02122398 0.01623554
2 0.00000000 0.01215481
3 0.02744634 0.03551358

[[13]]
  delta         mu       mu_1       mu_0         de       se_1       se_0
1   0.5 0.02336465 0.01943820 0.02637998 0.02053860 0.01451728 0.02202089
2   1.0 0.01747724 0.01807957 0.01668927 0.01242414 0.00000000 0.00000000
3   2.0 0.03391191 0.03778739 0.02486657 0.02705859 0.03032673 0.01930818
          oe         te
1 0.01934903 0.01425865
2 0.00000000 0.01242414
3 0.02739791 0.03601353

[[14]]
  delta         mu       mu_1       mu_0         de       se_1       se_0
1   0.5 0.02283173 0.02051008 0.02475797 0.01921085 0.01599535 0.01965439
2   1.0 0.01834105 0.01904526 0.01719301 0.01265114 0.00000000 0.00000000
3   2.0 0.03139232 0.03383334 0.02629901 0.02705563 0.02655425 0.02240070
          oe         te
1 0.01874868 0.01524272
2 0.00000000 0.01265114
3 0.02545956 0.03306337

[[15]]
  delta         mu       mu_1       mu_0         de       se_1       se_0
1   0.5 0.02289463 0.01867673 0.02586706 0.02043061 0.01456574 0.02139795
2   1.0 0.01720839 0.01767301 0.01657713 0.01285628 0.00000000 0.00000000
3   2.0 0.03170417 0.03536106 0.02372352 0.02637066 0.02948202 0.01961804
          oe         te
1 0.01922868 0.01449620
2 0.00000000 0.01285628
3 0.02701214 0.03545994

[[16]]
  delta         mu       mu_1       mu_0         de       se_1       se_0
1   0.5 0.02349796 0.02094338 0.02660623 0.02178387 0.01640192 0.02245966
2   1.0 0.01804543 0.01860578 0.01747588 0.01295823 0.00000000 0.00000000
3   2.0 0.03254374 0.03563275 0.02593559 0.02622363 0.02925984 0.02214230
          oe         te
1 0.01989036 0.01632727
2 0.00000000 0.01295823
3 0.02772521 0.03590391

[[17]]
  delta         mu       mu_1       mu_0         de       se_1       se_0
1   0.5 0.02373221 0.01850110 0.02741081 0.02044669 0.01518026 0.02264223
2   1.0 0.01726337 0.01802499 0.01644901 0.01242743 0.00000000 0.00000000
3   2.0 0.03480626 0.03831965 0.02580755 0.02651201 0.03064979 0.01992659
          oe         te
1 0.02019146 0.01521990
2 0.00000000 0.01242743
3 0.02808407 0.03616438

[[18]]
  delta         mu       mu_1       mu_0         de       se_1       se_0
1   0.5 0.02263239 0.01848190 0.02551135 0.01958662 0.01454712 0.02199090
2   1.0 0.01778743 0.01826702 0.01700490 0.01277805 0.00000000 0.00000000
3   2.0 0.03454353 0.03867194 0.02498950 0.02862271 0.03161993 0.02002954
          oe         te
1 0.02000022 0.01439000
2 0.00000000 0.01277805
3 0.02830277 0.03740035

[[19]]
  delta         mu       mu_1       mu_0         de       se_1       se_0
1   0.5 0.02583433 0.02125997 0.02929500 0.02270812 0.01714869 0.02437937
2   1.0 0.01875254 0.01906052 0.01819304 0.01332218 0.00000000 0.00000000
3   2.0 0.03259987 0.03450742 0.02686870 0.02365883 0.02748696 0.02117675
          oe         te
1 0.02192428 0.01684390
2 0.00000000 0.01332218
3 0.02663550 0.03419681

[[20]]
  delta         mu       mu_1       mu_0         de       se_1       se_0
1   0.5 0.02326911 0.01943911 0.02665545 0.02178241 0.01528223 0.02210149
2   1.0 0.01713035 0.01763609 0.01706265 0.01325113 0.00000000 0.00000000
3   2.0 0.02883030 0.03051377 0.02405489 0.02005995 0.02277944 0.01961710
          oe         te
1 0.02009769 0.01620589
2 0.00000000 0.01325113
3 0.02256136 0.02956048

[1] "Total run time was 2562.365 seconds"
