Warning message:
package ‘SuperLearner’ was built under R version 4.1.3 
[1] "[Simulation setting]"
[1] "n: 500"
[1] "deltas: 0.5, 1, 2"
[1] "K: 2"
[1] "r: 100"
[1] "s: 1"
[1] "Sim.id 1"
[1] "Data generated and format changed"
[1] "   Split: 1"
Loading required namespace: nnet
Loading required namespace: ranger
[1] "   Split: 2"
[1] "Estimates and SE estimates computed"
[1] ""
[1] "Sim.id 2"
[1] "Data generated and format changed"
[1] "   Split: 1"
[1] "   Split: 2"
[1] "Estimates and SE estimates computed"
[1] ""
[1] "Sim.id 3"
[1] "Data generated and format changed"
[1] "   Split: 1"
[1] "   Split: 2"
[1] "Estimates and SE estimates computed"
[1] ""
[1] "Sim.id 4"
[1] "Data generated and format changed"
[1] "   Split: 1"
[1] "   Split: 2"
[1] "Estimates and SE estimates computed"
[1] ""
[1] "Sim.id 5"
[1] "Data generated and format changed"
[1] "   Split: 1"
[1] "   Split: 2"
[1] "Estimates and SE estimates computed"
[1] ""
[1] "Sim.id 6"
[1] "Data generated and format changed"
[1] "   Split: 1"
[1] "   Split: 2"
[1] "Estimates and SE estimates computed"
[1] ""
[1] "Sim.id 7"
[1] "Data generated and format changed"
[1] "   Split: 1"
[1] "   Split: 2"
[1] "Estimates and SE estimates computed"
[1] ""
[1] "Sim.id 8"
[1] "Data generated and format changed"
[1] "   Split: 1"
[1] "   Split: 2"
[1] "Estimates and SE estimates computed"
[1] ""
[1] "Sim.id 9"
[1] "Data generated and format changed"
[1] "   Split: 1"
[1] "   Split: 2"
[1] "Estimates and SE estimates computed"
[1] ""
[1] "Sim.id 10"
[1] "Data generated and format changed"
[1] "   Split: 1"
[1] "   Split: 2"
[1] "Estimates and SE estimates computed"
[1] ""
[1] "Sim.id 11"
[1] "Data generated and format changed"
[1] "   Split: 1"
[1] "   Split: 2"
[1] "Estimates and SE estimates computed"
[1] ""
[1] "Sim.id 12"
[1] "Data generated and format changed"
[1] "   Split: 1"
[1] "   Split: 2"
[1] "Estimates and SE estimates computed"
[1] ""
[1] "Sim.id 13"
[1] "Data generated and format changed"
[1] "   Split: 1"
[1] "   Split: 2"
[1] "Estimates and SE estimates computed"
[1] ""
[1] "Sim.id 14"
[1] "Data generated and format changed"
[1] "   Split: 1"
[1] "   Split: 2"
[1] "Estimates and SE estimates computed"
[1] ""
[1] "Sim.id 15"
[1] "Data generated and format changed"
[1] "   Split: 1"
[1] "   Split: 2"
[1] "Estimates and SE estimates computed"
[1] ""
[1] "Sim.id 16"
[1] "Data generated and format changed"
[1] "   Split: 1"
[1] "   Split: 2"
[1] "Estimates and SE estimates computed"
[1] ""
[1] "Sim.id 17"
[1] "Data generated and format changed"
[1] "   Split: 1"
[1] "   Split: 2"
[1] "Estimates and SE estimates computed"
[1] ""
[1] "Sim.id 18"
[1] "Data generated and format changed"
[1] "   Split: 1"
[1] "   Split: 2"
[1] "Estimates and SE estimates computed"
[1] ""
[1] "Sim.id 19"
[1] "Data generated and format changed"
[1] "   Split: 1"
[1] "   Split: 2"
[1] "Estimates and SE estimates computed"
[1] ""
[1] "Sim.id 20"
[1] "Data generated and format changed"
[1] "   Split: 1"
[1] "   Split: 2"
[1] "Estimates and SE estimates computed"
[1] ""
[[1]]
  delta        mu      mu_1      mu_0         de         se_1         se_0
1   0.5 0.7839758 0.6848437 0.8510803 -0.1662366 -0.006850684 -0.007427684
2   1.0 0.7642667 0.6916944 0.8585080 -0.1668136  0.000000000  0.000000000
3   2.0 0.7374499 0.6869425 0.8625541 -0.1756117 -0.004751915  0.004046166
           oe         te
1  0.01970910 -0.1736643
2  0.00000000 -0.1668136
3 -0.02681676 -0.1715655

[[2]]
  delta        mu      mu_1      mu_0         de        se_1        se_0
1   0.5 0.7739390 0.6550620 0.8564414 -0.2013794 0.017777563  0.02293359
2   1.0 0.7181389 0.6372845 0.8335078 -0.1962233 0.000000000  0.00000000
3   2.0 0.6895565 0.6420060 0.8148747 -0.1728687 0.004721501 -0.01863311
           oe         te
1  0.05580014 -0.1784458
2  0.00000000 -0.1962233
3 -0.02858231 -0.1915018

[[3]]
  delta        mu      mu_1      mu_0         de        se_1         se_0
1   0.5 0.8100244 0.7094588 0.8761744 -0.1667155  0.02213970  0.001624665
2   1.0 0.7688783 0.6873191 0.8745497 -0.1872306  0.00000000  0.000000000
3   2.0 0.7213828 0.6725771 0.8456356 -0.1730586 -0.01474209 -0.028914084
           oe         te
1  0.04114613 -0.1650909
2  0.00000000 -0.1872306
3 -0.04749549 -0.2019727

[[4]]
  delta        mu      mu_1      mu_0         de        se_1        se_0
1   0.5 0.8261019 0.6996153 0.9013902 -0.2017749  0.02807960  0.03129408
2   1.0 0.7602559 0.6715357 0.8700961 -0.1985604  0.00000000  0.00000000
3   2.0 0.6992744 0.6391159 0.8415945 -0.2024786 -0.03241976 -0.02850159
           oe         te
1  0.06584607 -0.1704808
2  0.00000000 -0.1985604
3 -0.06098146 -0.2309802

[[5]]
  delta        mu      mu_1      mu_0         de         se_1         se_0
1   0.5 0.8036209 0.6962521 0.8720642 -0.1758121  0.004693075 -0.010280757
2   1.0 0.7781105 0.6915590 0.8823450 -0.1907860  0.000000000  0.000000000
3   2.0 0.7356468 0.6772349 0.8749294 -0.1976945 -0.014324128 -0.007415621
           oe         te
1  0.02551039 -0.1860929
2  0.00000000 -0.1907860
3 -0.04246375 -0.2051101

[[6]]
  delta        mu      mu_1      mu_0         de        se_1         se_0
1   0.5 0.7881766 0.6784897 0.8621398 -0.1836500 0.027414801  0.025237137
2   1.0 0.7316752 0.6510749 0.8369026 -0.1858277 0.000000000  0.000000000
3   2.0 0.7082235 0.6597435 0.8278630 -0.1681195 0.008668607 -0.009039644
           oe         te
1  0.05650140 -0.1584129
2  0.00000000 -0.1858277
3 -0.02345172 -0.1771591

[[7]]
  delta        mu      mu_1      mu_0         de        se_1         se_0
1   0.5 0.8166104 0.7223663 0.8777233 -0.1553571  0.02498699 -0.001784284
2   1.0 0.7774152 0.6973793 0.8795076 -0.1821283  0.00000000  0.000000000
3   2.0 0.7124013 0.6562352 0.8598627 -0.2036275 -0.04114410 -0.019644911
           oe         te
1  0.03919523 -0.1571413
2  0.00000000 -0.1821283
3 -0.06501385 -0.2232724

[[8]]
  delta        mu      mu_1      mu_0         de        se_1         se_0
1   0.5 0.8405261 0.6996985 0.9296724 -0.2299739  0.02077290  0.069648714
2   1.0 0.7563086 0.6789256 0.8600237 -0.1810981  0.00000000  0.000000000
3   2.0 0.7157369 0.6620011 0.8532791 -0.1912780 -0.01692446 -0.006744572
           oe         te
1  0.08421754 -0.1603252
2  0.00000000 -0.1810981
3 -0.04057171 -0.1980226

[[9]]
  delta        mu      mu_1      mu_0         de         se_1        se_0
1   0.5 0.8230091 0.7145648 0.8947368 -0.1801721  0.052604620  0.03999216
2   1.0 0.7437753 0.6619601 0.8547446 -0.1927845  0.000000000  0.00000000
3   2.0 0.6964332 0.6556333 0.8101782 -0.1545449 -0.006326838 -0.04456646
           oe         te
1  0.07923388 -0.1401799
2  0.00000000 -0.1927845
3 -0.04734201 -0.1991114

[[10]]
  delta        mu      mu_1      mu_0         de        se_1        se_0
1   0.5 0.8577799 0.7319760 0.9327848 -0.2008088  0.05158293  0.05837634
2   1.0 0.7647734 0.6803930 0.8744085 -0.1940154  0.00000000  0.00000000
3   2.0 0.6524915 0.5972846 0.8033722 -0.2060876 -0.08310844 -0.07103626
           oe         te
1  0.09300652 -0.1424325
2  0.00000000 -0.1940154
3 -0.11228190 -0.2771239

[[11]]
  delta        mu      mu_1      mu_0         de       se_1        se_0
1   0.5 0.7916061 0.6762903 0.8718547 -0.1955644 0.02041223 0.013847949
2   1.0 0.7411541 0.6558781 0.8580067 -0.2021286 0.00000000 0.000000000
3   2.0 0.7302085 0.6774275 0.8665139 -0.1890864 0.02154941 0.008507191
           oe         te
1  0.05045199 -0.1817164
2  0.00000000 -0.2021286
3 -0.01094556 -0.1805792

[[12]]
  delta        mu      mu_1      mu_0         de       se_1        se_0
1   0.5 0.8366084 0.7276152 0.9025524 -0.1749372 0.01239718 0.034051034
2   1.0 0.7830510 0.7152180 0.8685014 -0.1532834 0.00000000 0.000000000
3   2.0 0.7932767 0.7566615 0.8775788 -0.1209172 0.04144352 0.009077372
          oe         te
1 0.05355745 -0.1408862
2 0.00000000 -0.1532834
3 0.01022571 -0.1118398

[[13]]
  delta        mu      mu_1      mu_0         de        se_1        se_0
1   0.5 0.8340960 0.6962495 0.9249443 -0.2286948  0.02287126  0.06163664
2   1.0 0.7541044 0.6733782 0.8633076 -0.1899294  0.00000000  0.00000000
3   2.0 0.6890073 0.6386738 0.8242314 -0.1855576 -0.03470445 -0.03907624
           oe         te
1  0.07999157 -0.1670581
2  0.00000000 -0.1899294
3 -0.06509710 -0.2246338

[[14]]
  delta        mu      mu_1      mu_0         de       se_1        se_0
1   0.5 0.7977128 0.6917670 0.8718483 -0.1800813 0.01175933  0.03720120
2   1.0 0.7452153 0.6800076 0.8346471 -0.1546395 0.00000000  0.00000000
3   2.0 0.7378559 0.7054909 0.8177317 -0.1122408 0.02548322 -0.01691539
            oe         te
1  0.052497457 -0.1428801
2  0.000000000 -0.1546395
3 -0.007359466 -0.1291562

[[15]]
  delta        mu      mu_1      mu_0         de        se_1        se_0
1   0.5 0.8221949 0.7096724 0.8939175 -0.1842451  0.01621910  0.02256411
2   1.0 0.7723264 0.6934533 0.8713534 -0.1779001  0.00000000  0.00000000
3   2.0 0.6918653 0.6337281 0.8315985 -0.1978704 -0.05972517 -0.03975490
           oe         te
1  0.04986854 -0.1616810
2  0.00000000 -0.1779001
3 -0.08046103 -0.2376253

[[16]]
  delta        mu      mu_1      mu_0         de        se_1        se_0
1   0.5 0.8331898 0.7278769 0.8974980 -0.1696211  0.05043831  0.03636412
2   1.0 0.7594609 0.6774386 0.8611339 -0.1836953  0.00000000  0.00000000
3   2.0 0.6710749 0.6191414 0.8050879 -0.1859465 -0.05829715 -0.05604595
           oe         te
1  0.07372887 -0.1332570
2  0.00000000 -0.1836953
3 -0.08838599 -0.2419925

[[17]]
  delta        mu      mu_1      mu_0         de        se_1         se_0
1   0.5 0.8349014 0.7467003 0.8945377 -0.1478374 0.030613312 -0.002149546
2   1.0 0.7940512 0.7160870 0.8966872 -0.1806002 0.000000000  0.000000000
3   2.0 0.7660155 0.7177509 0.8908624 -0.1731115 0.001663893 -0.005824878
           oe         te
1  0.04085021 -0.1499869
2  0.00000000 -0.1806002
3 -0.02803565 -0.1789363

[[18]]
  delta        mu      mu_1      mu_0         de         se_1        se_0
1   0.5 0.8262671 0.7093548 0.9046849 -0.1953300  0.013749627  0.02310351
2   1.0 0.7757003 0.6956052 0.8815814 -0.1859762  0.000000000  0.00000000
3   2.0 0.7370746 0.6876403 0.8655724 -0.1779321 -0.007964898 -0.01600896
           oe         te
1  0.05056687 -0.1722265
2  0.00000000 -0.1859762
3 -0.03862565 -0.1939411

[[19]]
  delta        mu      mu_1      mu_0         de         se_1        se_0
1   0.5 0.8211593 0.6956462 0.8957919 -0.2001456  0.003632227  0.01040327
2   1.0 0.7803359 0.6920140 0.8853886 -0.1933746  0.000000000  0.00000000
3   2.0 0.7307372 0.6724611 0.8684112 -0.1959502 -0.019552947 -0.01697735
           oe         te
1  0.04082341 -0.1897423
2  0.00000000 -0.1933746
3 -0.04959869 -0.2129275

[[20]]
  delta        mu      mu_1      mu_0         de         se_1        se_0
1   0.5 0.7583505 0.6673099 0.8225343 -0.1552244 0.0001856182 -0.02018877
2   1.0 0.7432212 0.6671243 0.8427230 -0.1755988 0.0000000000  0.00000000
3   2.0 0.7281651 0.6713556 0.8619315 -0.1905759 0.0042313028  0.01920843
           oe         te
1  0.01512930 -0.1754132
2  0.00000000 -0.1755988
3 -0.01505614 -0.1713675

[[1]]
  delta         mu       mu_1       mu_0         de       se_1       se_0
1   0.5 0.02363912 0.01886381 0.02737847 0.02218200 0.01476662 0.02243649
2   1.0 0.01744549 0.01807702 0.01681184 0.01257951 0.00000000 0.00000000
3   2.0 0.03588288 0.03992217 0.02533208 0.02917130 0.03302577 0.02048801
          oe         te
1 0.01968024 0.01440491
2 0.00000000 0.01257951
3 0.02994667 0.03862471

[[2]]
  delta         mu       mu_1       mu_0         de       se_1       se_0
1   0.5 0.02402197 0.01857141 0.02786785 0.02169122 0.01497645 0.02383108
2   1.0 0.01673913 0.01712460 0.01645344 0.01286169 0.00000000 0.00000000
3   2.0 0.03106579 0.03394143 0.02375187 0.02531061 0.02659447 0.01888410
          oe         te
1 0.02080073 0.01599154
2 0.00000000 0.01286169
3 0.02488710 0.03276863

[[3]]
  delta         mu       mu_1       mu_0         de       se_1       se_0
1   0.5 0.02509329 0.01962904 0.02879133 0.02143383 0.01474331 0.02369263
2   1.0 0.01710270 0.01767143 0.01662624 0.01225794 0.00000000 0.00000000
3   2.0 0.03014228 0.03318077 0.02393050 0.02570925 0.02597372 0.01966986
          oe         te
1 0.02075470 0.01467869
2 0.00000000 0.01225794
3 0.02403638 0.03166763

[[4]]
  delta         mu       mu_1       mu_0         de       se_1       se_0
1   0.5 0.02270933 0.01951184 0.02702437 0.02471024 0.01730029 0.02295856
2   1.0 0.01733355 0.01822228 0.01628202 0.01344684 0.00000000 0.00000000
3   2.0 0.03112665 0.03312642 0.02400228 0.02152712 0.02485325 0.01927485
          oe         te
1 0.02038915 0.01742571
2 0.00000000 0.01344684
3 0.02422497 0.03164869

[[5]]
  delta         mu       mu_1       mu_0         de       se_1       se_0
1   0.5 0.02527763 0.01994875 0.02831854 0.02032292 0.01557844 0.02215438
2   1.0 0.01734931 0.01724383 0.01750620 0.01267680 0.00000000 0.00000000
3   2.0 0.03317640 0.03591199 0.02474761 0.02268939 0.02878790 0.02067895
          oe         te
1 0.02045138 0.01429371
2 0.00000000 0.01267680
3 0.02742226 0.03478506

[[6]]
  delta         mu       mu_1       mu_0         de       se_1       se_0
1   0.5 0.02593625 0.02124891 0.02881346 0.02122803 0.01737439 0.02436347
2   1.0 0.01779077 0.01854318 0.01657978 0.01254320 0.00000000 0.00000000
3   2.0 0.03090242 0.03334851 0.02415910 0.02288004 0.02589892 0.01933391
          oe         te
1 0.02224732 0.01674659
2 0.00000000 0.01254320
3 0.02481163 0.03212759

[[7]]
  delta         mu       mu_1       mu_0         de       se_1       se_0
1   0.5 0.02503079 0.02040806 0.02780123 0.01914814 0.01535044 0.02208944
2   1.0 0.01835293 0.01849572 0.01789035 0.01184520 0.00000000 0.00000000
3   2.0 0.03284126 0.03631883 0.02721585 0.02996457 0.02996993 0.02277820
          oe         te
1 0.02007910 0.01488073
2 0.00000000 0.01184520
3 0.02724388 0.03514846

[[8]]
  delta         mu       mu_1       mu_0         de       se_1       se_0
1   0.5 0.02544045 0.02101537 0.02865495 0.02110779 0.01649338 0.02324794
2   1.0 0.01710356 0.01740001 0.01704725 0.01238275 0.00000000 0.00000000
3   2.0 0.03587153 0.04000141 0.02497500 0.02794868 0.03346413 0.02062528
          oe         te
1 0.02054459 0.01635879
2 0.00000000 0.01238275
3 0.03045092 0.03879676

[[9]]
  delta         mu       mu_1       mu_0         de       se_1       se_0
1   0.5 0.02514842 0.02142476 0.02826682 0.02311087 0.01627413 0.02373868
2   1.0 0.01812154 0.01827755 0.01771048 0.01274565 0.00000000 0.00000000
3   2.0 0.03417498 0.03903190 0.02397613 0.03007777 0.03250078 0.01877237
          oe         te
1 0.02088043 0.01663621
2 0.00000000 0.01274565
3 0.02838939 0.03783050

[[10]]
  delta         mu       mu_1       mu_0         de       se_1       se_0
1   0.5 0.02694693 0.02238621 0.03000446 0.02145393 0.01800774 0.02438343
2   1.0 0.01815359 0.01854693 0.01764142 0.01262974 0.00000000 0.00000000
3   2.0 0.03274817 0.03467061 0.02556273 0.02231018 0.02639270 0.02118128
          oe         te
1 0.02200844 0.01766736
2 0.00000000 0.01262974
3 0.02628565 0.03322028

[[11]]
  delta         mu       mu_1       mu_0         de       se_1       se_0
1   0.5 0.02133466 0.01836778 0.02429948 0.02063438 0.01535240 0.02028472
2   1.0 0.01646741 0.01741522 0.01581192 0.01284726 0.00000000 0.00000000
3   2.0 0.03438513 0.03732636 0.02669069 0.02506057 0.02938959 0.02200362
          oe         te
1 0.01870830 0.01568419
2 0.00000000 0.01284726
3 0.02797877 0.03575596

[[12]]
  delta         mu       mu_1       mu_0         de       se_1       se_0
1   0.5 0.02514676 0.02128038 0.02856022 0.02214749 0.01691745 0.02374035
2   1.0 0.01758640 0.01815886 0.01689248 0.01230180 0.00000000 0.00000000
3   2.0 0.03143982 0.03510150 0.02259077 0.02606537 0.02919531 0.01828483
          oe         te
1 0.02146606 0.01644394
2 0.00000000 0.01230180
3 0.02643029 0.03428002

[[13]]
  delta         mu       mu_1       mu_0         de       se_1       se_0
1   0.5 0.02635052 0.01967222 0.03128554 0.02402245 0.01510024 0.02439392
2   1.0 0.01720652 0.01758840 0.01707661 0.01280090 0.00000000 0.00000000
3   2.0 0.03155844 0.03430276 0.02436441 0.02423957 0.02613077 0.01881880
          oe         te
1 0.02072029 0.01545413
2 0.00000000 0.01280090
3 0.02479837 0.03301496

[[14]]
  delta         mu       mu_1       mu_0         de       se_1       se_0
1   0.5 0.02391611 0.01891306 0.02809607 0.02194477 0.01523650 0.02316549
2   1.0 0.01731923 0.01758321 0.01713926 0.01236574 0.00000000 0.00000000
3   2.0 0.03148434 0.03423881 0.02496219 0.02426319 0.02627775 0.01987236
          oe         te
1 0.02005168 0.01471889
2 0.00000000 0.01236574
3 0.02497231 0.03291190

[[15]]
  delta         mu       mu_1       mu_0         de       se_1       se_0
1   0.5 0.02463999 0.02087620 0.02783435 0.02226281 0.01580034 0.02315618
2   1.0 0.01704699 0.01765847 0.01655087 0.01240701 0.00000000 0.00000000
3   2.0 0.03023785 0.03288043 0.02643201 0.02738280 0.02630591 0.02331509
          oe         te
1 0.02089942 0.01648774
2 0.00000000 0.01240701
3 0.02507811 0.03233979

[[16]]
  delta         mu       mu_1       mu_0         de       se_1       se_0
1   0.5 0.02502499 0.01986224 0.02762806 0.01849577 0.01487913 0.02251789
2   1.0 0.01871897 0.01878289 0.01774808 0.01165148 0.00000000 0.00000000
3   2.0 0.02983503 0.03166641 0.02417964 0.02070521 0.02373032 0.01927327
          oe         te
1 0.02032806 0.01353511
2 0.00000000 0.01165148
3 0.02301210 0.02961815

[[17]]
  delta         mu       mu_1       mu_0         de       se_1       se_0
1   0.5 0.02449379 0.02032891 0.02746393 0.01958741 0.01622003 0.02251370
2   1.0 0.01857355 0.01886410 0.01810547 0.01286255 0.00000000 0.00000000
3   2.0 0.03532423 0.03781118 0.02846956 0.02367411 0.02909532 0.02149366
          oe         te
1 0.02083017 0.01594365
2 0.00000000 0.01286255
3 0.02764600 0.03525801

[[18]]
  delta         mu       mu_1       mu_0         de       se_1       se_0
1   0.5 0.02549307 0.02026538 0.02937768 0.02267056 0.01676295 0.02512830
2   1.0 0.01626089 0.01689651 0.01561444 0.01237876 0.00000000 0.00000000
3   2.0 0.03171008 0.03462598 0.02577416 0.02599964 0.02776098 0.02124243
          oe         te
1 0.02224426 0.01602030
2 0.00000000 0.01237876
3 0.02614347 0.03379335

[[19]]
  delta         mu       mu_1       mu_0         de       se_1       se_0
1   0.5 0.02422546 0.02025247 0.02724958 0.02122528 0.01626488 0.02274801
2   1.0 0.01851336 0.01888283 0.01753035 0.01288352 0.00000000 0.00000000
3   2.0 0.03323323 0.03562678 0.02565760 0.02324159 0.02800116 0.02061347
          oe         te
1 0.02055468 0.01603189
2 0.00000000 0.01288352
3 0.02682277 0.03449672

[[20]]
  delta         mu       mu_1       mu_0         de       se_1       se_0
1   0.5 0.02610233 0.02106031 0.02896940 0.02150825 0.01709641 0.02391178
2   1.0 0.01709869 0.01740916 0.01665608 0.01271873 0.00000000 0.00000000
3   2.0 0.03113365 0.03373588 0.02497879 0.02367891 0.02657099 0.02083265
          oe         te
1 0.02186309 0.01673409
2 0.00000000 0.01271873
3 0.02523541 0.03287778

[[1]]
  delta        mu      mu_1      mu_0         de         se_1         se_0
1   0.5 0.7834547 0.6843461 0.8504902 -0.1661441 -0.007023961 -0.007675287
2   1.0 0.7639947 0.6913700 0.8581655 -0.1667954  0.000000000  0.000000000
3   2.0 0.7371643 0.6866178 0.8622205 -0.1756027 -0.004752211  0.004055082
           oe         te
1  0.01945994 -0.1738194
2  0.00000000 -0.1667954
3 -0.02683038 -0.1715476

[[2]]
  delta        mu      mu_1      mu_0         de        se_1        se_0
1   0.5 0.7732413 0.6545298 0.8563654 -0.2018356 0.015366924  0.02216060
2   1.0 0.7192335 0.6391628 0.8342048 -0.1950420 0.000000000  0.00000000
3   2.0 0.6955401 0.6486824 0.8182507 -0.1695683 0.009519597 -0.01595408
           oe         te
1  0.05400776 -0.1796750
2  0.00000000 -0.1950420
3 -0.02369343 -0.1855224

[[3]]
  delta        mu      mu_1      mu_0         de        se_1         se_0
1   0.5 0.8101709 0.7094511 0.8765329 -0.1670818  0.02187467  0.002086091
2   1.0 0.7689118 0.6875765 0.8744468 -0.1868704  0.00000000  0.000000000
3   2.0 0.7217937 0.6732587 0.8456496 -0.1723909 -0.01431774 -0.028797224
           oe         te
1  0.04125914 -0.1649957
2  0.00000000 -0.1868704
3 -0.04711815 -0.2011881

[[4]]
  delta        mu      mu_1      mu_0         de        se_1        se_0
1   0.5 0.8270936 0.6998283 0.9030321 -0.2032038  0.02840786  0.03236502
2   1.0 0.7603890 0.6714204 0.8706670 -0.1992466  0.00000000  0.00000000
3   2.0 0.6988122 0.6387853 0.8412679 -0.2024826 -0.03263511 -0.02939916
           oe         te
1  0.06670465 -0.1708388
2  0.00000000 -0.1992466
3 -0.06157679 -0.2318817

[[5]]
  delta        mu      mu_1      mu_0         de         se_1         se_0
1   0.5 0.8057732 0.6972732 0.8747471 -0.1774739  0.005624627 -0.008490547
2   1.0 0.7786962 0.6916485 0.8832376 -0.1915891  0.000000000  0.000000000
3   2.0 0.7357072 0.6768494 0.8754451 -0.1985957 -0.014799155 -0.007792520
           oe         te
1  0.02707696 -0.1859644
2  0.00000000 -0.1915891
3 -0.04298899 -0.2063882

[[6]]
  delta        mu      mu_1      mu_0         de       se_1        se_0
1   0.5 0.7841753 0.6756706 0.8580964 -0.1824258 0.02609724  0.02394074
2   1.0 0.7294202 0.6495734 0.8341557 -0.1845823 0.00000000  0.00000000
3   2.0 0.7093320 0.6610302 0.8292967 -0.1682664 0.01145685 -0.00485902
           oe         te
1  0.05475514 -0.1584851
2  0.00000000 -0.1845823
3 -0.02008824 -0.1731255

[[7]]
  delta        mu      mu_1      mu_0         de        se_1        se_0
1   0.5 0.8169452 0.7226254 0.8782765 -0.1556511  0.02480436 -0.00248681
2   1.0 0.7783089 0.6978210 0.8807633 -0.1829423  0.00000000  0.00000000
3   2.0 0.7134441 0.6570624 0.8609319 -0.2038695 -0.04075862 -0.01983138
           oe         te
1  0.03863625 -0.1581379
2  0.00000000 -0.1829423
3 -0.06486478 -0.2237009

[[8]]
  delta        mu      mu_1      mu_0         de        se_1        se_0
1   0.5 0.8439394 0.7020894 0.9327623 -0.2306729  0.02175639  0.07013625
2   1.0 0.7587461 0.6803330 0.8626261 -0.1822931  0.00000000  0.00000000
3   2.0 0.7112777 0.6559707 0.8547330 -0.1987623 -0.02436230 -0.00789307
           oe         te
1  0.08519328 -0.1605367
2  0.00000000 -0.1822931
3 -0.04746838 -0.2066554

[[9]]
  delta        mu      mu_1      mu_0         de         se_1        se_0
1   0.5 0.8226645 0.7144914 0.8943870 -0.1798956  0.052502565  0.03957101
2   1.0 0.7437800 0.6619888 0.8548160 -0.1928271  0.000000000  0.00000000
3   2.0 0.6968470 0.6561785 0.8101865 -0.1540080 -0.005810285 -0.04462945
           oe         te
1  0.07888454 -0.1403246
2  0.00000000 -0.1928271
3 -0.04693302 -0.1986374

[[10]]
  delta        mu      mu_1      mu_0         de        se_1        se_0
1   0.5 0.8631584 0.7353202 0.9373536 -0.2020334  0.05460463  0.06218244
2   1.0 0.7652929 0.6807156 0.8751712 -0.1944556  0.00000000  0.00000000
3   2.0 0.6504787 0.5965067 0.7998328 -0.2033261 -0.08420893 -0.07533843
           oe         te
1  0.09786551 -0.1398510
2  0.00000000 -0.1944556
3 -0.11481420 -0.2786645

[[11]]
  delta        mu      mu_1      mu_0         de       se_1        se_0
1   0.5 0.7906510 0.6759974 0.8709147 -0.1949173 0.01961618 0.012402696
2   1.0 0.7416747 0.6563812 0.8585120 -0.2021308 0.00000000 0.000000000
3   2.0 0.7299980 0.6768351 0.8667895 -0.1899544 0.02045385 0.008277482
           oe         te
1  0.04897625 -0.1825146
2  0.00000000 -0.2021308
3 -0.01167673 -0.1816769

[[12]]
  delta        mu      mu_1      mu_0         de       se_1        se_0
1   0.5 0.8365723 0.7274539 0.9019644 -0.1745105 0.01183957 0.032371003
2   1.0 0.7839407 0.7156144 0.8695934 -0.1539790 0.00000000 0.000000000
3   2.0 0.7881125 0.7504585 0.8764212 -0.1259627 0.03484416 0.006827823
           oe         te
1 0.052631609 -0.1421395
2 0.000000000 -0.1539790
3 0.004171778 -0.1191349

[[13]]
  delta        mu      mu_1      mu_0         de        se_1       se_0
1   0.5 0.8327398 0.6954961 0.9231213 -0.2276252  0.02053202  0.0596119
2   1.0 0.7553535 0.6749640 0.8635094 -0.1885453  0.00000000  0.0000000
3   2.0 0.6906640 0.6397377 0.8259834 -0.1862456 -0.03522631 -0.0375260
           oe         te
1  0.07738626 -0.1680133
2  0.00000000 -0.1885453
3 -0.06468958 -0.2237716

[[14]]
  delta        mu      mu_1      mu_0         de       se_1        se_0
1   0.5 0.7989651 0.6922748 0.8735395 -0.1812647 0.01317838  0.03917927
2   1.0 0.7444768 0.6790964 0.8343602 -0.1552638 0.00000000  0.00000000
3   2.0 0.7372376 0.7055695 0.8162077 -0.1106383 0.02647308 -0.01815246
            oe         te
1  0.054488293 -0.1420854
2  0.000000000 -0.1552638
3 -0.007239213 -0.1287907

[[15]]
  delta        mu      mu_1      mu_0         de        se_1        se_0
1   0.5 0.8205660 0.7090288 0.8920033 -0.1829745  0.01674117  0.02179202
2   1.0 0.7708722 0.6922876 0.8702113 -0.1779236  0.00000000  0.00000000
3   2.0 0.6930968 0.6357201 0.8308946 -0.1951745 -0.05656754 -0.03931666
           oe         te
1  0.04969373 -0.1611825
2  0.00000000 -0.1779236
3 -0.07777545 -0.2344912

[[16]]
  delta        mu      mu_1      mu_0         de        se_1        se_0
1   0.5 0.8366494 0.7305788 0.9012335 -0.1706547  0.05439343  0.04114197
2   1.0 0.7581475 0.6761854 0.8600915 -0.1839061  0.00000000  0.00000000
3   2.0 0.6678214 0.6163576 0.8018045 -0.1854469 -0.05982781 -0.05828701
           oe         te
1  0.07850184 -0.1295127
2  0.00000000 -0.1839061
3 -0.09032609 -0.2437340

[[17]]
  delta        mu      mu_1      mu_0         de        se_1         se_0
1   0.5 0.8340416 0.7459854 0.8937948 -0.1478094 0.030088447 -0.002645314
2   1.0 0.7938307 0.7158970 0.8964401 -0.1805432 0.000000000  0.000000000
3   2.0 0.7656986 0.7176404 0.8901120 -0.1724716 0.001743474 -0.006328163
           oe         te
1  0.04021097 -0.1504547
2  0.00000000 -0.1805432
3 -0.02813208 -0.1787997

[[18]]
  delta        mu      mu_1      mu_0         de        se_1        se_0
1   0.5 0.8269266 0.7097449 0.9053467 -0.1956018  0.01396040  0.02330021
2   1.0 0.7760340 0.6957844 0.8820464 -0.1862620  0.00000000  0.00000000
3   2.0 0.7344234 0.6845301 0.8642809 -0.1797508 -0.01125439 -0.01776556
           oe         te
1  0.05089261 -0.1723016
2  0.00000000 -0.1862620
3 -0.04161058 -0.1975164

[[19]]
  delta        mu      mu_1      mu_0         de         se_1        se_0
1   0.5 0.8221236 0.6966151 0.8959903 -0.1993752  0.005031758  0.01070118
2   1.0 0.7801447 0.6915834 0.8852892 -0.1937058  0.000000000  0.00000000
3   2.0 0.7294768 0.6708901 0.8683377 -0.1974476 -0.020693255 -0.01695144
           oe         te
1  0.04197882 -0.1886740
2  0.00000000 -0.1937058
3 -0.05066793 -0.2143990

[[20]]
  delta        mu      mu_1      mu_0         de        se_1        se_0
1   0.5 0.7595302 0.6679876 0.8237574 -0.1557697 0.000929493 -0.01912446
2   1.0 0.7433946 0.6670581 0.8428818 -0.1758237 0.000000000  0.00000000
3   2.0 0.7285243 0.6716253 0.8617783 -0.1901530 0.004567139  0.01889650
           oe         te
1  0.01613552 -0.1748942
2  0.00000000 -0.1758237
3 -0.01487030 -0.1712565

[[1]]
  delta         mu       mu_1       mu_0         de       se_1       se_0
1   0.5 0.02360886 0.01886815 0.02733788 0.02215852 0.01475106 0.02240707
2   1.0 0.01744628 0.01809083 0.01680685 0.01257211 0.00000000 0.00000000
3   2.0 0.03588223 0.03993785 0.02528100 0.02920227 0.03302173 0.02044721
          oe         te
1 0.01965186 0.01437865
2 0.00000000 0.01257211
3 0.02993487 0.03863012

[[2]]
  delta         mu       mu_1       mu_0         de       se_1       se_0
1   0.5 0.02392572 0.01858849 0.02776699 0.02155145 0.01502966 0.02375870
2   1.0 0.01678907 0.01721902 0.01645833 0.01289889 0.00000000 0.00000000
3   2.0 0.03161686 0.03467112 0.02365686 0.02577368 0.02730676 0.01883473
          oe         te
1 0.02075209 0.01598178
2 0.00000000 0.01289889
3 0.02542963 0.03341559

[[3]]
  delta         mu       mu_1       mu_0         de       se_1       se_0
1   0.5 0.02506410 0.01961649 0.02879446 0.02157958 0.01473061 0.02371866
2   1.0 0.01710398 0.01767158 0.01662453 0.01225619 0.00000000 0.00000000
3   2.0 0.03015195 0.03321079 0.02391431 0.02575910 0.02600535 0.01964875
          oe         te
1 0.02073351 0.01468882
2 0.00000000 0.01225619
3 0.02404481 0.03169670

[[4]]
  delta         mu       mu_1       mu_0         de       se_1       se_0
1   0.5 0.02263292 0.01939001 0.02690747 0.02454437 0.01720188 0.02290346
2   1.0 0.01735525 0.01826881 0.01625524 0.01343692 0.00000000 0.00000000
3   2.0 0.03109831 0.03307899 0.02402701 0.02141704 0.02478210 0.01927671
          oe         te
1 0.02034723 0.01726004
2 0.00000000 0.01343692
3 0.02417506 0.03157651

[[5]]
  delta         mu       mu_1       mu_0         de       se_1       se_0
1   0.5 0.02550904 0.02008258 0.02851949 0.02037606 0.01564038 0.02226694
2   1.0 0.01737578 0.01723993 0.01754299 0.01270280 0.00000000 0.00000000
3   2.0 0.03322969 0.03599403 0.02471013 0.02275201 0.02894482 0.02075786
          oe         te
1 0.02060053 0.01429291
2 0.00000000 0.01270280
3 0.02757578 0.03496277

[[6]]
  delta         mu       mu_1       mu_0         de       se_1       se_0
1   0.5 0.02648096 0.02134845 0.02948491 0.02174747 0.01765497 0.02484861
2   1.0 0.01770561 0.01847324 0.01646716 0.01250908 0.00000000 0.00000000
3   2.0 0.03097718 0.03333665 0.02427367 0.02260073 0.02575460 0.01925611
          oe         te
1 0.02275615 0.01685537
2 0.00000000 0.01250908
3 0.02472686 0.03202084

[[7]]
  delta         mu       mu_1       mu_0         de       se_1       se_0
1   0.5 0.02528527 0.02049689 0.02810181 0.01931892 0.01538289 0.02244060
2   1.0 0.01840603 0.01854820 0.01788801 0.01182668 0.00000000 0.00000000
3   2.0 0.03289649 0.03632673 0.02714074 0.02979879 0.03007616 0.02280077
          oe         te
1 0.02033885 0.01479459
2 0.00000000 0.01182668
3 0.02743332 0.03525290

[[8]]
  delta         mu       mu_1       mu_0         de       se_1       se_0
1   0.5 0.02528169 0.02085230 0.02856070 0.02110538 0.01642080 0.02329876
2   1.0 0.01713787 0.01750624 0.01704512 0.01247396 0.00000000 0.00000000
3   2.0 0.03660467 0.04083896 0.02513241 0.02856566 0.03448135 0.02092490
          oe         te
1 0.02056251 0.01624332
2 0.00000000 0.01247396
3 0.03138740 0.03983604

[[9]]
  delta         mu       mu_1       mu_0         de       se_1       se_0
1   0.5 0.02510076 0.02139497 0.02819343 0.02297894 0.01624122 0.02363000
2   1.0 0.01809954 0.01825811 0.01768515 0.01274876 0.00000000 0.00000000
3   2.0 0.03417091 0.03905834 0.02397066 0.03017622 0.03253761 0.01876692
          oe         te
1 0.02080957 0.01659749
2 0.00000000 0.01274876
3 0.02838740 0.03785727

[[10]]
  delta         mu       mu_1       mu_0         de       se_1       se_0
1   0.5 0.02802646 0.02273706 0.03174099 0.02298395 0.01849653 0.02621422
2   1.0 0.01814337 0.01853415 0.01764320 0.01258376 0.00000000 0.00000000
3   2.0 0.03200630 0.03415436 0.02525474 0.02276303 0.02598987 0.02086048
          oe         te
1 0.02325145 0.01800409
2 0.00000000 0.01258376
3 0.02559700 0.03274102

[[11]]
  delta         mu       mu_1       mu_0         de       se_1       se_0
1   0.5 0.02128426 0.01836534 0.02423652 0.02069723 0.01539879 0.02027119
2   1.0 0.01647103 0.01742910 0.01578355 0.01283540 0.00000000 0.00000000
3   2.0 0.03439554 0.03746848 0.02664106 0.02555545 0.02961272 0.02195426
          oe         te
1 0.01872511 0.01574785
2 0.00000000 0.01283540
3 0.02802782 0.03593814

[[12]]
  delta         mu       mu_1       mu_0         de       se_1       se_0
1   0.5 0.02553001 0.02152389 0.02911193 0.02255708 0.01723241 0.02430373
2   1.0 0.01765419 0.01820753 0.01698755 0.01235993 0.00000000 0.00000000
3   2.0 0.03069734 0.03394588 0.02247179 0.02439431 0.02777267 0.01807018
          oe         te
1 0.02191888 0.01672945
2 0.00000000 0.01235993
3 0.02552507 0.03311696

[[13]]
  delta         mu       mu_1       mu_0         de       se_1       se_0
1   0.5 0.02637585 0.01964593 0.03135544 0.02408559 0.01506038 0.02443465
2   1.0 0.01728682 0.01767519 0.01711258 0.01279474 0.00000000 0.00000000
3   2.0 0.03165118 0.03448035 0.02440657 0.02458467 0.02623967 0.01880986
          oe         te
1 0.02075229 0.01535124
2 0.00000000 0.01279474
3 0.02478357 0.03307442

[[14]]
  delta         mu       mu_1       mu_0         de       se_1       se_0
1   0.5 0.02401980 0.01896264 0.02831358 0.02214046 0.01532571 0.02348743
2   1.0 0.01736410 0.01764135 0.01712935 0.01234613 0.00000000 0.00000000
3   2.0 0.03199468 0.03492926 0.02507044 0.02482530 0.02700215 0.01995682
          oe         te
1 0.02025074 0.01479307
2 0.00000000 0.01234613
3 0.02548653 0.03354671

[[15]]
  delta         mu       mu_1       mu_0         de       se_1       se_0
1   0.5 0.02444474 0.02075547 0.02766182 0.02220854 0.01577783 0.02307545
2   1.0 0.01697284 0.01761517 0.01647178 0.01240942 0.00000000 0.00000000
3   2.0 0.03007999 0.03286303 0.02651683 0.02817275 0.02628995 0.02344004
          oe         te
1 0.02080925 0.01647474
2 0.00000000 0.01240942
3 0.02491697 0.03231516

[[16]]
  delta         mu       mu_1       mu_0         de       se_1       se_0
1   0.5 0.02506284 0.01987499 0.02765140 0.01838870 0.01504111 0.02272545
2   1.0 0.01846424 0.01860680 0.01754173 0.01174231 0.00000000 0.00000000
3   2.0 0.03004683 0.03175719 0.02454062 0.02078707 0.02369576 0.01975424
          oe         te
1 0.02053541 0.01367787
2 0.00000000 0.01174231
3 0.02326806 0.02982351

[[17]]
  delta         mu       mu_1       mu_0         de       se_1       se_0
1   0.5 0.02454352 0.02033955 0.02751351 0.01950295 0.01621983 0.02258269
2   1.0 0.01855961 0.01883742 0.01811776 0.01286450 0.00000000 0.00000000
3   2.0 0.03532728 0.03783464 0.02841922 0.02369401 0.02914434 0.02145925
          oe         te
1 0.02088287 0.01595802
2 0.00000000 0.01286450
3 0.02767983 0.03530840

[[18]]
  delta         mu       mu_1       mu_0         de       se_1       se_0
1   0.5 0.02552207 0.02037118 0.02941847 0.02278692 0.01683531 0.02512657
2   1.0 0.01627255 0.01691520 0.01561036 0.01236868 0.00000000 0.00000000
3   2.0 0.03193867 0.03475917 0.02605442 0.02580782 0.02777967 0.02147119
          oe         te
1 0.02223200 0.01611163
2 0.00000000 0.01236868
3 0.02625088 0.03381612

[[19]]
  delta         mu       mu_1       mu_0         de       se_1       se_0
1   0.5 0.02408649 0.02003198 0.02719092 0.02107691 0.01610414 0.02280444
2   1.0 0.01832004 0.01875920 0.01733825 0.01280723 0.00000000 0.00000000
3   2.0 0.03291970 0.03531828 0.02547954 0.02312842 0.02779412 0.02052786
          oe         te
1 0.02052487 0.01585690
2 0.00000000 0.01280723
3 0.02660716 0.03422965

[[20]]
  delta         mu       mu_1       mu_0         de       se_1       se_0
1   0.5 0.02595339 0.02095579 0.02880118 0.02137472 0.01706797 0.02388623
2   1.0 0.01711509 0.01745076 0.01664366 0.01271886 0.00000000 0.00000000
3   2.0 0.03100590 0.03356415 0.02499791 0.02352076 0.02631089 0.02076502
          oe         te
1 0.02186412 0.01666742
2 0.00000000 0.01271886
3 0.02502002 0.03265033

[1] "Total run time was 3122.671 seconds"
