Warning message:
package ‘SuperLearner’ was built under R version 4.1.3 
[1] "[Simulation setting]"
[1] "n: 500"
[1] "deltas: 0.5, 1, 2"
[1] "K: 2"
[1] "r: 100"
[1] "s: 1"
[1] "Sim.id 1"
[1] "Data generated and format changed"
[1] "   Split: 1"
Loading required namespace: nnet
Loading required namespace: ranger
[1] "   Split: 2"
[1] "Estimates and SE estimates computed"
[1] ""
[1] "Sim.id 2"
[1] "Data generated and format changed"
[1] "   Split: 1"
[1] "   Split: 2"
[1] "Estimates and SE estimates computed"
[1] ""
[1] "Sim.id 3"
[1] "Data generated and format changed"
[1] "   Split: 1"
[1] "   Split: 2"
[1] "Estimates and SE estimates computed"
[1] ""
[1] "Sim.id 4"
[1] "Data generated and format changed"
[1] "   Split: 1"
[1] "   Split: 2"
[1] "Estimates and SE estimates computed"
[1] ""
[1] "Sim.id 5"
[1] "Data generated and format changed"
[1] "   Split: 1"
[1] "   Split: 2"
[1] "Estimates and SE estimates computed"
[1] ""
[1] "Sim.id 6"
[1] "Data generated and format changed"
[1] "   Split: 1"
[1] "   Split: 2"
[1] "Estimates and SE estimates computed"
[1] ""
[1] "Sim.id 7"
[1] "Data generated and format changed"
[1] "   Split: 1"
[1] "   Split: 2"
[1] "Estimates and SE estimates computed"
[1] ""
[1] "Sim.id 8"
[1] "Data generated and format changed"
[1] "   Split: 1"
[1] "   Split: 2"
[1] "Estimates and SE estimates computed"
[1] ""
[1] "Sim.id 9"
[1] "Data generated and format changed"
[1] "   Split: 1"
[1] "   Split: 2"
[1] "Estimates and SE estimates computed"
[1] ""
[1] "Sim.id 10"
[1] "Data generated and format changed"
[1] "   Split: 1"
[1] "   Split: 2"
[1] "Estimates and SE estimates computed"
[1] ""
[1] "Sim.id 11"
[1] "Data generated and format changed"
[1] "   Split: 1"
[1] "   Split: 2"
[1] "Estimates and SE estimates computed"
[1] ""
[1] "Sim.id 12"
[1] "Data generated and format changed"
[1] "   Split: 1"
[1] "   Split: 2"
[1] "Estimates and SE estimates computed"
[1] ""
[1] "Sim.id 13"
[1] "Data generated and format changed"
[1] "   Split: 1"
[1] "   Split: 2"
[1] "Estimates and SE estimates computed"
[1] ""
[1] "Sim.id 14"
[1] "Data generated and format changed"
[1] "   Split: 1"
[1] "   Split: 2"
[1] "Estimates and SE estimates computed"
[1] ""
[1] "Sim.id 15"
[1] "Data generated and format changed"
[1] "   Split: 1"
[1] "   Split: 2"
[1] "Estimates and SE estimates computed"
[1] ""
[1] "Sim.id 16"
[1] "Data generated and format changed"
[1] "   Split: 1"
[1] "   Split: 2"
[1] "Estimates and SE estimates computed"
[1] ""
[1] "Sim.id 17"
[1] "Data generated and format changed"
[1] "   Split: 1"
[1] "   Split: 2"
[1] "Estimates and SE estimates computed"
[1] ""
[1] "Sim.id 18"
[1] "Data generated and format changed"
[1] "   Split: 1"
[1] "   Split: 2"
[1] "Estimates and SE estimates computed"
[1] ""
[1] "Sim.id 19"
[1] "Data generated and format changed"
[1] "   Split: 1"
[1] "   Split: 2"
[1] "Estimates and SE estimates computed"
[1] ""
[1] "Sim.id 20"
[1] "Data generated and format changed"
[1] "   Split: 1"
[1] "   Split: 2"
[1] "Estimates and SE estimates computed"
[1] ""
[[1]]
  delta        mu      mu_1      mu_0         de         se_1         se_0
1   0.5 0.7634019 0.6707728 0.8275744 -0.1568016 -0.001916905 -0.018749717
2   1.0 0.7493334 0.6726897 0.8463241 -0.1736344  0.000000000  0.000000000
3   2.0 0.7198242 0.6649419 0.8473642 -0.1824223 -0.007747808  0.001040128
           oe         te
1  0.01406847 -0.1755513
2  0.00000000 -0.1736344
3 -0.02950915 -0.1813822

[[2]]
  delta        mu      mu_1      mu_0         de        se_1        se_0
1   0.5 0.8655594 0.7389821 0.9443741 -0.2053920  0.07305164  0.08235472
2   1.0 0.7497707 0.6659305 0.8620194 -0.1960889  0.00000000  0.00000000
3   2.0 0.6855197 0.6413025 0.8134410 -0.1721385 -0.02462798 -0.04857841
           oe         te
1  0.11578873 -0.1230373
2  0.00000000 -0.1960889
3 -0.06425095 -0.2207169

[[3]]
  delta        mu      mu_1      mu_0         de         se_1          se_0
1   0.5 0.8062003 0.7097482 0.8674655 -0.1577173 8.150574e-05 -1.443771e-03
2   1.0 0.7803130 0.7096667 0.8689093 -0.1592426 0.000000e+00  0.000000e+00
3   2.0 0.7818358 0.7414440 0.8689812 -0.1275372 3.177730e-02  7.188627e-05
          oe         te
1 0.02588734 -0.1591611
2 0.00000000 -0.1592426
3 0.00152286 -0.1274653

[[4]]
  delta        mu      mu_1      mu_0         de        se_1        se_0
1   0.5 0.7666289 0.6862301 0.8282957 -0.1420656  0.01503323 -0.01697577
2   1.0 0.7441364 0.6711968 0.8452715 -0.1740746  0.00000000  0.00000000
3   2.0 0.6810851 0.6297436 0.8230890 -0.1933453 -0.04145321 -0.02218250
           oe         te
1  0.02249254 -0.1590414
2  0.00000000 -0.1740746
3 -0.06305129 -0.2155278

[[5]]
  delta        mu      mu_1      mu_0         de         se_1         se_0
1   0.5 0.7736060 0.6873227 0.8335043 -0.1461816 -0.001091259 -0.046394174
2   1.0 0.7704491 0.6884140 0.8798984 -0.1914845  0.000000000  0.000000000
3   2.0 0.7340484 0.6765396 0.8840668 -0.2075273 -0.011874388  0.004168401
            oe         te
1  0.003156863 -0.1925757
2  0.000000000 -0.1914845
3 -0.036400739 -0.2033589

[[6]]
  delta        mu      mu_1      mu_0         de       se_1         se_0
1   0.5 0.8012427 0.6951538 0.8730084 -0.1778545 0.01154063  0.003942064
2   1.0 0.7638363 0.6836132 0.8690663 -0.1854531 0.00000000  0.000000000
3   2.0 0.7467721 0.7056900 0.8521772 -0.1464873 0.02207676 -0.016889082
           oe         te
1  0.03740635 -0.1739125
2  0.00000000 -0.1854531
3 -0.01706422 -0.1633763

[[7]]
  delta        mu      mu_1      mu_0         de        se_1         se_0
1   0.5 0.8056897 0.7210524 0.8629546 -0.1419023  0.02620935  0.002843404
2   1.0 0.7651998 0.6948430 0.8601112 -0.1652682  0.00000000  0.000000000
3   2.0 0.6766399 0.6229075 0.8284687 -0.2055612 -0.07193553 -0.031642565
           oe         te
1  0.04048998 -0.1390589
2  0.00000000 -0.1652682
3 -0.08855989 -0.2372037

[[8]]
  delta        mu      mu_1      mu_0         de          se_1        se_0
1   0.5 0.7942422 0.7004919 0.8595321 -0.1590402  0.0020132122 -0.01447314
2   1.0 0.7745750 0.6984787 0.8740052 -0.1755265  0.0000000000  0.00000000
3   2.0 0.7551136 0.6976166 0.8903812 -0.1927646 -0.0008621484  0.01637596
           oe         te
1  0.01966719 -0.1735133
2  0.00000000 -0.1755265
3 -0.01946145 -0.1763887

[[9]]
  delta        mu      mu_1      mu_0         de         se_1        se_0
1   0.5 0.8270494 0.7189423 0.8932695 -0.1743272  0.010120402  0.02726440
2   1.0 0.7798163 0.7088219 0.8660051 -0.1571832  0.000000000  0.00000000
3   2.0 0.7476577 0.7015239 0.8494764 -0.1479525 -0.007297937 -0.01652871
           oe         te
1  0.04723317 -0.1470628
2  0.00000000 -0.1571832
3 -0.03215860 -0.1644812

[[10]]
  delta        mu      mu_1      mu_0         de        se_1         se_0
1   0.5 0.7847668 0.7050785 0.8431635 -0.1380850  0.02756840  0.010406794
2   1.0 0.7412968 0.6775101 0.8327568 -0.1552466  0.00000000  0.000000000
3   2.0 0.6653549 0.6075462 0.8251806 -0.2176344 -0.06996396 -0.007576171
           oe         te
1  0.04346999 -0.1276782
2  0.00000000 -0.1552466
3 -0.07594198 -0.2252106

[[11]]
  delta        mu      mu_1      mu_0         de        se_1        se_0
1   0.5 0.7544518 0.6600767 0.8245041 -0.1644274  0.02106967  0.01118772
2   1.0 0.7111539 0.6390071 0.8133164 -0.1743093  0.00000000  0.00000000
3   2.0 0.6532338 0.6075481 0.7845757 -0.1770276 -0.03145895 -0.02874066
           oe         te
1  0.04329787 -0.1532396
2  0.00000000 -0.1743093
3 -0.05792014 -0.2057683

[[12]]
  delta        mu      mu_1      mu_0         de       se_1        se_0
1   0.5 0.7574522 0.6556750 0.8349307 -0.1792557 0.02093889  0.01457656
2   1.0 0.7101513 0.6347361 0.8203541 -0.1856180 0.00000000  0.00000000
3   2.0 0.6848408 0.6450559 0.7977237 -0.1526678 0.01031976 -0.02263045
           oe         te
1  0.04730095 -0.1646791
2  0.00000000 -0.1856180
3 -0.02531052 -0.1752983

[[13]]
  delta        mu      mu_1      mu_0         de        se_1         se_0
1   0.5 0.7975184 0.6872015 0.8712137 -0.1840121  0.01875986  0.028359942
2   1.0 0.7410112 0.6684417 0.8428537 -0.1744120  0.00000000  0.000000000
3   2.0 0.7019912 0.6536113 0.8401255 -0.1865143 -0.01483040 -0.002728198
           oe         te
1  0.05650719 -0.1556522
2  0.00000000 -0.1744120
3 -0.03902002 -0.1892425

[[14]]
  delta        mu      mu_1      mu_0         de        se_1         se_0
1   0.5 0.7506854 0.6729760 0.8060079 -0.1330319  0.01084598 -0.048871358
2   1.0 0.7441285 0.6621300 0.8548792 -0.1927492  0.00000000  0.000000000
3   2.0 0.6868272 0.6276159 0.8494863 -0.2218704 -0.03451413 -0.005392944
            oe         te
1  0.006556895 -0.1819032
2  0.000000000 -0.1927492
3 -0.057301285 -0.2272634

[[15]]
  delta        mu      mu_1      mu_0         de        se_1         se_0
1   0.5 0.7929770 0.6756555 0.8670543 -0.1913988  0.03485778  0.032054688
2   1.0 0.7223940 0.6407977 0.8349996 -0.1942019  0.00000000  0.000000000
3   2.0 0.6721457 0.6155660 0.8334323 -0.2178663 -0.02523175 -0.001567276
           oe         te
1  0.07058306 -0.1593441
2  0.00000000 -0.1942019
3 -0.05024828 -0.2194336

[[16]]
  delta        mu      mu_1      mu_0         de        se_1        se_0
1   0.5 0.8408342 0.7210307 0.9112745 -0.1902438  0.05853139  0.04826821
2   1.0 0.7523501 0.6624994 0.8630063 -0.2005070  0.00000000  0.00000000
3   2.0 0.7002521 0.6507592 0.8238578 -0.1730987 -0.01174019 -0.03914851
           oe         te
1  0.08848410 -0.1419756
2  0.00000000 -0.2005070
3 -0.05209805 -0.2122472

[[17]]
  delta        mu      mu_1      mu_0         de         se_1        se_0
1   0.5 0.8114325 0.6822900 0.8940921 -0.2118021  0.009823449  0.01824022
2   1.0 0.7601424 0.6724666 0.8758519 -0.2033853  0.000000000  0.00000000
3   2.0 0.7030674 0.6549253 0.8327955 -0.1778701 -0.017541229 -0.04305639
           oe         te
1  0.05129010 -0.1935618
2  0.00000000 -0.2033853
3 -0.05707498 -0.2209265

[[18]]
  delta        mu      mu_1      mu_0         de         se_1        se_0
1   0.5 0.7893993 0.6860193 0.8551609 -0.1691416  0.014786779  0.00137960
2   1.0 0.7520622 0.6712326 0.8537813 -0.1825488  0.000000000  0.00000000
3   2.0 0.7093715 0.6619619 0.8307590 -0.1687972 -0.009270698 -0.02302228
           oe         te
1  0.03733711 -0.1677620
2  0.00000000 -0.1825488
3 -0.04269070 -0.1918195

[[19]]
  delta        mu      mu_1      mu_0         de        se_1        se_0
1   0.5 0.8150045 0.7229430 0.8765841 -0.1536411  0.02623149  0.01669318
2   1.0 0.7684448 0.6967115 0.8598909 -0.1631794  0.00000000  0.00000000
3   2.0 0.7100869 0.6537404 0.8480375 -0.1942971 -0.04297113 -0.01185342
           oe         te
1  0.04655972 -0.1369479
2  0.00000000 -0.1631794
3 -0.05835785 -0.2061505

[[20]]
  delta        mu      mu_1      mu_0         de        se_1         se_0
1   0.5 0.8379423 0.7003758 0.9188298 -0.2184540  0.03236445 5.777086e-02
2   1.0 0.7523295 0.6680114 0.8610590 -0.1930476  0.00000000 0.000000e+00
3   2.0 0.7139755 0.6577784 0.8611535 -0.2033751 -0.01023298 9.452738e-05
           oe         te
1  0.08561288 -0.1606832
2  0.00000000 -0.1930476
3 -0.03835391 -0.2032806

[[1]]
  delta         mu       mu_1       mu_0         de       se_1       se_0
1   0.5 0.02292547 0.01974367 0.02549379 0.01932059 0.01445744 0.01994377
2   1.0 0.01713225 0.01797578 0.01637876 0.01252760 0.00000000 0.00000000
3   2.0 0.03155125 0.03440902 0.02310742 0.02417373 0.02786254 0.01846655
          oe         te
1 0.01825135 0.01442979
2 0.00000000 0.01252760
3 0.02614105 0.03366028

[[2]]
  delta         mu       mu_1       mu_0         de       se_1       se_0
1   0.5 0.02819340 0.02494390 0.03238149 0.02714388 0.02075011 0.02611291
2   1.0 0.01709727 0.01725044 0.01706625 0.01235448 0.00000000 0.00000000
3   2.0 0.03182319 0.03364333 0.02514828 0.02075688 0.02808837 0.02148956
          oe         te
1 0.02289736 0.02017654
2 0.00000000 0.01235448
3 0.02745510 0.03314520

[[3]]
  delta         mu       mu_1       mu_0         de       se_1       se_0
1   0.5 0.02493216 0.01975110 0.02837483 0.02149769 0.01560135 0.02414480
2   1.0 0.01858423 0.01907612 0.01785558 0.01321467 0.00000000 0.00000000
3   2.0 0.03623240 0.03970061 0.02699183 0.02698990 0.03323336 0.02259315
          oe         te
1 0.02167251 0.01556692
2 0.00000000 0.01321467
3 0.03125554 0.03952314

[[4]]
  delta         mu       mu_1       mu_0         de       se_1       se_0
1   0.5 0.02438185 0.01955958 0.02794989 0.02138880 0.01564848 0.02225012
2   1.0 0.01801568 0.01872255 0.01717235 0.01302158 0.00000000 0.00000000
3   2.0 0.03580035 0.03902217 0.02705617 0.02616250 0.03032055 0.02191882
          oe         te
1 0.02022295 0.01485350
2 0.00000000 0.01302158
3 0.02864112 0.03693657

[[5]]
  delta         mu       mu_1       mu_0         de       se_1       se_0
1   0.5 0.02815384 0.02054761 0.03236673 0.02351781 0.01544960 0.02723954
2   1.0 0.01734730 0.01745864 0.01686559 0.01199945 0.00000000 0.00000000
3   2.0 0.03063747 0.03375430 0.02415803 0.02573494 0.02793218 0.02015860
          oe         te
1 0.02355571 0.01506269
2 0.00000000 0.01199945
3 0.02581449 0.03359328

[[6]]
  delta         mu       mu_1       mu_0         de       se_1       se_0
1   0.5 0.02145192 0.01831419 0.02417482 0.01970791 0.01468773 0.02091367
2   1.0 0.01779393 0.01847799 0.01705476 0.01309595 0.00000000 0.00000000
3   2.0 0.03913680 0.04477263 0.02500563 0.03445469 0.03903675 0.01948267
         oe         te
1 0.0189850 0.01500109
2 0.0000000 0.01309595
3 0.0339581 0.04380078

[[7]]
  delta         mu       mu_1       mu_0         de       se_1       se_0
1   0.5 0.02285065 0.01917843 0.02606572 0.02080147 0.01567055 0.02177620
2   1.0 0.01856462 0.01887802 0.01764828 0.01219001 0.00000000 0.00000000
3   2.0 0.02970415 0.03114501 0.02510652 0.01990476 0.02403588 0.02021308
          oe         te
1 0.01959061 0.01510864
2 0.00000000 0.01219001
3 0.02351271 0.02990139

[[8]]
  delta         mu       mu_1       mu_0         de       se_1       se_0
1   0.5 0.02080369 0.01845517 0.02370743 0.02057011 0.01468669 0.01912853
2   1.0 0.01764176 0.01859828 0.01637585 0.01252990 0.00000000 0.00000000
3   2.0 0.03259319 0.03450518 0.02601574 0.02188375 0.02527072 0.02059753
          oe         te
1 0.01748148 0.01421222
2 0.00000000 0.01252990
3 0.02492076 0.03186073

[[9]]
  delta         mu       mu_1       mu_0         de       se_1       se_0
1   0.5 0.02859619 0.02206909 0.03300186 0.02613828 0.01636691 0.02769379
2   1.0 0.01748333 0.01761768 0.01738013 0.01231251 0.00000000 0.00000000
3   2.0 0.03275652 0.03526384 0.02555246 0.02433289 0.02888619 0.02135487
          oe         te
1 0.02341598 0.01646621
2 0.00000000 0.01231251
3 0.02800331 0.03508743

[[10]]
  delta         mu       mu_1       mu_0         de       se_1       se_0
1   0.5 0.02739617 0.02092434 0.03147128 0.02503471 0.01752034 0.02636987
2   1.0 0.01834722 0.01867131 0.01768449 0.01304742 0.00000000 0.00000000
3   2.0 0.03362509 0.03588326 0.02565142 0.02438273 0.02863051 0.02139746
          oe         te
1 0.02342932 0.01649196
2 0.00000000 0.01304742
3 0.02796003 0.03541501

[[11]]
  delta         mu       mu_1       mu_0         de       se_1       se_0
1   0.5 0.02556728 0.01916911 0.03080393 0.02566850 0.01664432 0.02799331
2   1.0 0.01712461 0.01783889 0.01628656 0.01213294 0.00000000 0.00000000
3   2.0 0.03351958 0.03604365 0.02558730 0.02254457 0.02747640 0.02020017
          oe         te
1 0.02388348 0.01605322
2 0.00000000 0.01213294
3 0.02631290 0.03388639

[[12]]
  delta         mu       mu_1       mu_0         de       se_1       se_0
1   0.5 0.02327868 0.01936331 0.02644904 0.01938025 0.01586563 0.02180068
2   1.0 0.01693520 0.01753986 0.01664664 0.01264951 0.00000000 0.00000000
3   2.0 0.04476226 0.05397127 0.02577758 0.04727440 0.04693653 0.01966176
          oe         te
1 0.02007371 0.01587405
2 0.00000000 0.01264951
3 0.03836812 0.05175788

[[13]]
  delta         mu       mu_1       mu_0         de       se_1       se_0
1   0.5 0.02585607 0.01996317 0.02970082 0.02184081 0.01642998 0.02497152
2   1.0 0.01806506 0.01847192 0.01744701 0.01282933 0.00000000 0.00000000
3   2.0 0.03272582 0.03578342 0.02488364 0.02603720 0.02819005 0.01974554
          oe         te
1 0.02232889 0.01553447
2 0.00000000 0.01282933
3 0.02608240 0.03409474

[[14]]
  delta         mu       mu_1       mu_0         de       se_1       se_0
1   0.5 0.02233718 0.01913143 0.02508246 0.01896679 0.01503383 0.02054680
2   1.0 0.01746378 0.01810638 0.01668891 0.01286665 0.00000000 0.00000000
3   2.0 0.03336944 0.03691228 0.02403865 0.02729097 0.02912315 0.01923415
          oe         te
1 0.01872187 0.01513647
2 0.00000000 0.01286665
3 0.02724878 0.03617124

[[15]]
  delta         mu       mu_1       mu_0         de       se_1       se_0
1   0.5 0.02476823 0.01958303 0.02887052 0.02246646 0.01518334 0.02263053
2   1.0 0.01688854 0.01733717 0.01660915 0.01225837 0.00000000 0.00000000
3   2.0 0.02843674 0.03003120 0.02448208 0.02069746 0.02227027 0.01897143
          oe         te
1 0.01971046 0.01588787
2 0.00000000 0.01225837
3 0.02186267 0.02861087

[[16]]
  delta         mu       mu_1       mu_0         de       se_1       se_0
1   0.5 0.02503621 0.02055837 0.02808618 0.02110103 0.01511476 0.02256813
2   1.0 0.01702429 0.01710341 0.01673656 0.01256664 0.00000000 0.00000000
3   2.0 0.02887540 0.03192312 0.02371225 0.02561653 0.02565178 0.02011508
         oe         te
1 0.0201947 0.01601066
2 0.0000000 0.01256664
3 0.0240784 0.03200739

[[17]]
  delta         mu       mu_1       mu_0         de       se_1       se_0
1   0.5 0.02549005 0.02139630 0.02821272 0.02150722 0.01648454 0.02249053
2   1.0 0.01655815 0.01696143 0.01631497 0.01337959 0.00000000 0.00000000
3   2.0 0.03110197 0.03488914 0.02312228 0.02792280 0.02964541 0.01884273
          oe         te
1 0.02040516 0.01737403
2 0.00000000 0.01337959
3 0.02663153 0.03500344

[[18]]
  delta         mu       mu_1       mu_0         de       se_1       se_0
1   0.5 0.02570605 0.02219541 0.02809424 0.02114892 0.01790574 0.02172307
2   1.0 0.01752883 0.01759322 0.01747563 0.01263589 0.00000000 0.00000000
3   2.0 0.02757508 0.02862965 0.02434232 0.01889945 0.02021572 0.01994644
          oe         te
1 0.02054879 0.01778174
2 0.00000000 0.01263589
3 0.02095558 0.02753399

[[19]]
  delta         mu       mu_1       mu_0         de       se_1       se_0
1   0.5 0.02737511 0.02166292 0.03150935 0.02417937 0.01632427 0.02643759
2   1.0 0.01768678 0.01835685 0.01700222 0.01198383 0.00000000 0.00000000
3   2.0 0.03217193 0.03542726 0.02471276 0.02555970 0.02786885 0.01945118
          oe         te
1 0.02264931 0.01624722
2 0.00000000 0.01198383
3 0.02580978 0.03361632

[[20]]
  delta         mu       mu_1       mu_0         de       se_1       se_0
1   0.5 0.02499455 0.01953382 0.02897910 0.02264567 0.01529477 0.02455143
2   1.0 0.01769581 0.01799421 0.01693288 0.01195333 0.00000000 0.00000000
3   2.0 0.03871988 0.04323063 0.02686950 0.03044068 0.03717766 0.02255693
          oe         te
1 0.02121317 0.01497357
2 0.00000000 0.01195333
3 0.03362749 0.04218553

[[1]]
  delta        mu      mu_1      mu_0         de         se_1         se_0
1   0.5 0.7635376 0.6710486 0.8276536 -0.1566050 -0.001850402 -0.018774897
2   1.0 0.7495020 0.6728990 0.8464285 -0.1735295  0.000000000  0.000000000
3   2.0 0.7208436 0.6662747 0.8474584 -0.1811837 -0.006624238  0.001029956
           oe         te
1  0.01403553 -0.1753799
2  0.00000000 -0.1735295
3 -0.02865848 -0.1801537

[[2]]
  delta        mu      mu_1      mu_0         de        se_1        se_0
1   0.5 0.8613700 0.7396938 0.9362168 -0.1965231  0.07387536  0.07458588
2   1.0 0.7496513 0.6658184 0.8616310 -0.1958125  0.00000000  0.00000000
3   2.0 0.6868553 0.6429499 0.8130100 -0.1700601 -0.02286853 -0.04862097
           oe         te
1  0.11171869 -0.1219372
2  0.00000000 -0.1958125
3 -0.06279601 -0.2186811

[[3]]
  delta        mu      mu_1      mu_0         de          se_1         se_0
1   0.5 0.8072120 0.7110425 0.8673937 -0.1563512 -0.0008330214 -0.002780868
2   1.0 0.7822472 0.7118755 0.8701745 -0.1582990  0.0000000000  0.000000000
3   2.0 0.7847935 0.7438728 0.8722294 -0.1283566  0.0319973069  0.002054858
           oe         te
1 0.024964774 -0.1591320
2 0.000000000 -0.1582990
3 0.002546257 -0.1263017

[[4]]
  delta        mu      mu_1      mu_0         de        se_1        se_0
1   0.5 0.7665792 0.6859114 0.8276794 -0.1417681  0.01504372 -0.01758135
2   1.0 0.7442647 0.6708676 0.8452608 -0.1743931  0.00000000  0.00000000
3   2.0 0.6797582 0.6281713 0.8222175 -0.1940462 -0.04269634 -0.02304333
           oe         te
1  0.02231451 -0.1593494
2  0.00000000 -0.1743931
3 -0.06450653 -0.2170895

[[5]]
  delta        mu      mu_1      mu_0         de         se_1         se_0
1   0.5 0.7696919 0.6856667 0.8290516 -0.1433849 -0.002529587 -0.048897599
2   1.0 0.7694454 0.6881963 0.8779492 -0.1897529  0.000000000  0.000000000
3   2.0 0.7334445 0.6759410 0.8841229 -0.2081818 -0.012255294  0.006173627
             oe         te
1  0.0002465368 -0.1922825
2  0.0000000000 -0.1897529
3 -0.0360008753 -0.2020082

[[6]]
  delta        mu      mu_1      mu_0         de       se_1         se_0
1   0.5 0.8016877 0.6955699 0.8738045 -0.1782346 0.01199195  0.004488313
2   1.0 0.7637308 0.6835779 0.8693162 -0.1857383 0.00000000  0.000000000
3   2.0 0.7467901 0.7061599 0.8520097 -0.1458498 0.02258199 -0.017306426
           oe         te
1  0.03795686 -0.1737463
2  0.00000000 -0.1857383
3 -0.01694069 -0.1631563

[[7]]
  delta        mu      mu_1      mu_0         de        se_1        se_0
1   0.5 0.8052569 0.7202289 0.8620398 -0.1418108  0.02636156  0.00254582
2   1.0 0.7643263 0.6938674 0.8594939 -0.1656266  0.00000000  0.00000000
3   2.0 0.6749427 0.6213076 0.8268837 -0.2055761 -0.07255974 -0.03261019
           oe         te
1  0.04093055 -0.1392650
2  0.00000000 -0.1656266
3 -0.08938365 -0.2381863

[[8]]
  delta        mu      mu_1      mu_0         de         se_1        se_0
1   0.5 0.7929185 0.6991244 0.8586935 -0.1595691 0.0015176021 -0.01420453
2   1.0 0.7733585 0.6976067 0.8728980 -0.1752913 0.0000000000  0.00000000
3   2.0 0.7554068 0.6980674 0.8906833 -0.1926159 0.0004606039  0.01778526
           oe         te
1  0.01956001 -0.1737737
2  0.00000000 -0.1752913
3 -0.01795167 -0.1748307

[[9]]
  delta        mu      mu_1      mu_0         de         se_1        se_0
1   0.5 0.8276068 0.7184183 0.8939797 -0.1755614  0.010569665  0.02949856
2   1.0 0.7785558 0.7078486 0.8644812 -0.1566325  0.000000000  0.00000000
3   2.0 0.7473324 0.7018299 0.8482934 -0.1464635 -0.006018714 -0.01618778
           oe         te
1  0.04905100 -0.1460629
2  0.00000000 -0.1566325
3 -0.03122345 -0.1626513

[[10]]
  delta        mu      mu_1      mu_0         de        se_1         se_0
1   0.5 0.7840050 0.7037672 0.8426299 -0.1388626  0.02642088  0.010295835
2   1.0 0.7410344 0.6773464 0.8323340 -0.1549877  0.00000000  0.000000000
3   2.0 0.6652275 0.6077054 0.8245888 -0.2168834 -0.06964096 -0.007745233
           oe         te
1  0.04297059 -0.1285668
2  0.00000000 -0.1549877
3 -0.07580699 -0.2246286

[[11]]
  delta        mu      mu_1      mu_0         de        se_1         se_0
1   0.5 0.7489045 0.6555442 0.8184500 -0.1629058  0.01697699  0.007281419
2   1.0 0.7100771 0.6385672 0.8111686 -0.1726014  0.00000000  0.000000000
3   2.0 0.6533464 0.6077888 0.7832448 -0.1754560 -0.03077845 -0.027923826
           oe         te
1  0.03882741 -0.1556244
2  0.00000000 -0.1726014
3 -0.05673074 -0.2033798

[[12]]
  delta        mu      mu_1      mu_0         de        se_1        se_0
1   0.5 0.7592097 0.6581379 0.8359394 -0.1778015 0.023626673  0.01343948
2   1.0 0.7108594 0.6345112 0.8224999 -0.1879887 0.000000000  0.00000000
3   2.0 0.6770174 0.6365208 0.7967492 -0.1602284 0.002009561 -0.02575077
           oe         te
1  0.04835023 -0.1643620
2  0.00000000 -0.1879887
3 -0.03384207 -0.1859792

[[13]]
  delta        mu      mu_1      mu_0         de        se_1        se_0
1   0.5 0.7899419 0.6839253 0.8624807 -0.1785553  0.01721265  0.02253735
2   1.0 0.7384708 0.6667127 0.8399433 -0.1732306  0.00000000  0.00000000
3   2.0 0.7028898 0.6557302 0.8388886 -0.1831585 -0.01098251 -0.00105468
           oe         te
1  0.05147104 -0.1560180
2  0.00000000 -0.1732306
3 -0.03558103 -0.1842131

[[14]]
  delta        mu      mu_1      mu_0         de        se_1         se_0
1   0.5 0.7516681 0.6735222 0.8077749 -0.1342527  0.01168835 -0.046846748
2   1.0 0.7437628 0.6618338 0.8546216 -0.1927878  0.00000000  0.000000000
3   2.0 0.6876787 0.6289695 0.8489353 -0.2199658 -0.03286430 -0.005686317
            oe         te
1  0.007905316 -0.1810994
2  0.000000000 -0.1927878
3 -0.056084153 -0.2256521

[[15]]
  delta        mu      mu_1      mu_0         de        se_1         se_0
1   0.5 0.7932983 0.6774243 0.8667071 -0.1892828  0.03752958  0.032630624
2   1.0 0.7214442 0.6398947 0.8340764 -0.1941817  0.00000000  0.000000000
3   2.0 0.6710476 0.6144389 0.8319945 -0.2175557 -0.02545587 -0.002081898
           oe         te
1  0.07185409 -0.1566521
2  0.00000000 -0.1941817
3 -0.05039662 -0.2196376

[[16]]
  delta        mu      mu_1      mu_0         de        se_1        se_0
1   0.5 0.8431195 0.7238639 0.9131025 -0.1892386  0.06041869  0.04889720
2   1.0 0.7534390 0.6634453 0.8642053 -0.2007600  0.00000000  0.00000000
3   2.0 0.7011135 0.6513955 0.8247959 -0.1734004 -0.01204971 -0.03940938
           oe         te
1  0.08968056 -0.1403414
2  0.00000000 -0.2007600
3 -0.05232549 -0.2128097

[[17]]
  delta        mu      mu_1      mu_0         de         se_1        se_0
1   0.5 0.8111894 0.6818843 0.8937882 -0.2119039  0.009682174  0.01893500
2   1.0 0.7595602 0.6722021 0.8748532 -0.2026511  0.000000000  0.00000000
3   2.0 0.7025587 0.6549496 0.8314465 -0.1764969 -0.017252486 -0.04340669
           oe         te
1  0.05162918 -0.1929689
2  0.00000000 -0.2026511
3 -0.05700152 -0.2199036

[[18]]
  delta        mu      mu_1      mu_0         de        se_1          se_0
1   0.5 0.7895092 0.6871766 0.8543795 -0.1672029  0.01567131  0.0005967941
2   1.0 0.7524400 0.6715053 0.8537827 -0.1822774  0.00000000  0.0000000000
3   2.0 0.7085697 0.6611195 0.8287794 -0.1676599 -0.01038586 -0.0250033034
           oe         te
1  0.03706922 -0.1666061
2  0.00000000 -0.1822774
3 -0.04387036 -0.1926632

[[19]]
  delta        mu      mu_1      mu_0         de        se_1        se_0
1   0.5 0.8126418 0.7210930 0.8739335 -0.1528404  0.02525381  0.01573800
2   1.0 0.7671940 0.6958392 0.8581955 -0.1623562  0.00000000  0.00000000
3   2.0 0.7111433 0.6557947 0.8468464 -0.1910517 -0.04004451 -0.01134909
           oe         te
1  0.04544778 -0.1371024
2  0.00000000 -0.1623562
3 -0.05605072 -0.2024008

[[20]]
  delta        mu      mu_1      mu_0         de         se_1        se_0
1   0.5 0.8383685 0.6997503 0.9199561 -0.2202059  0.031697561 0.058557857
2   1.0 0.7524568 0.6680527 0.8613983 -0.1933456  0.000000000 0.000000000
3   2.0 0.7174916 0.6615179 0.8635248 -0.2020070 -0.006534849 0.002126565
           oe         te
1  0.08591164 -0.1616480
2  0.00000000 -0.1933456
3 -0.03496524 -0.1998804

[[1]]
  delta         mu       mu_1       mu_0         de       se_1       se_0
1   0.5 0.02290395 0.01974163 0.02548212 0.01938283 0.01446918 0.01992502
2   1.0 0.01712869 0.01796448 0.01637571 0.01251639 0.00000000 0.00000000
3   2.0 0.03179280 0.03474550 0.02309079 0.02452622 0.02827405 0.01845165
          oe         te
1 0.01823031 0.01444944
2 0.00000000 0.01251639
3 0.02642761 0.03400052

[[2]]
  delta         mu       mu_1       mu_0         de       se_1       se_0
1   0.5 0.02840500 0.02523460 0.03179985 0.02364785 0.02093072 0.02527801
2   1.0 0.01701044 0.01719369 0.01697662 0.01231956 0.00000000 0.00000000
3   2.0 0.03175060 0.03361122 0.02497233 0.02087926 0.02806276 0.02138324
          oe         te
1 0.02302065 0.02021815
2 0.00000000 0.01231956
3 0.02743856 0.03318691

[[3]]
  delta         mu       mu_1       mu_0         de       se_1       se_0
1   0.5 0.02491427 0.01988121 0.02842181 0.02162574 0.01554529 0.02416937
2   1.0 0.01855892 0.01907320 0.01786572 0.01323696 0.00000000 0.00000000
3   2.0 0.03617019 0.03980528 0.02653386 0.02706524 0.03344494 0.02241170
          oe         te
1 0.02159798 0.01553942
2 0.00000000 0.01323696
3 0.03141825 0.03981986

[[4]]
  delta         mu       mu_1       mu_0         de       se_1       se_0
1   0.5 0.02423100 0.01956571 0.02770215 0.02117284 0.01575931 0.02202814
2   1.0 0.01810771 0.01879736 0.01717952 0.01295364 0.00000000 0.00000000
3   2.0 0.03589819 0.03898972 0.02718088 0.02586463 0.03024436 0.02199637
          oe         te
1 0.02011033 0.01487825
2 0.00000000 0.01295364
3 0.02865156 0.03678361

[[5]]
  delta         mu       mu_1       mu_0         de       se_1       se_0
1   0.5 0.02797321 0.02053681 0.03210707 0.02336104 0.01548807 0.02698917
2   1.0 0.01730888 0.01742989 0.01682495 0.01199737 0.00000000 0.00000000
3   2.0 0.03023492 0.03329482 0.02392454 0.02542635 0.02741151 0.01987501
          oe         te
1 0.02339154 0.01511376
2 0.00000000 0.01199737
3 0.02537687 0.03311740

[[6]]
  delta         mu       mu_1       mu_0         de       se_1       se_0
1   0.5 0.02144630 0.01829951 0.02414692 0.01969272 0.01470827 0.02094268
2   1.0 0.01776594 0.01847540 0.01699609 0.01310464 0.00000000 0.00000000
3   2.0 0.03890013 0.04444160 0.02498266 0.03416770 0.03868272 0.01946941
          oe         te
1 0.01902536 0.01498476
2 0.00000000 0.01310464
3 0.03370576 0.04347349

[[7]]
  delta         mu       mu_1       mu_0         de       se_1       se_0
1   0.5 0.02306404 0.01929088 0.02636183 0.02089498 0.01576237 0.02193182
2   1.0 0.01855535 0.01887008 0.01764459 0.01222284 0.00000000 0.00000000
3   2.0 0.02955376 0.03098624 0.02503982 0.01987627 0.02389861 0.02013139
          oe         te
1 0.01972502 0.01515189
2 0.00000000 0.01222284
3 0.02338636 0.02979208

[[8]]
  delta         mu       mu_1       mu_0         de       se_1       se_0
1   0.5 0.02077306 0.01845769 0.02369721 0.02067600 0.01476476 0.01913746
2   1.0 0.01769194 0.01863918 0.01639859 0.01251393 0.00000000 0.00000000
3   2.0 0.03287811 0.03479347 0.02610922 0.02197679 0.02555145 0.02061432
          oe         te
1 0.01749600 0.01430021
2 0.00000000 0.01251393
3 0.02516536 0.03209559

[[9]]
  delta         mu       mu_1       mu_0         de       se_1       se_0
1   0.5 0.02848854 0.02202141 0.03291491 0.02606274 0.01620148 0.02753993
2   1.0 0.01749912 0.01762128 0.01743075 0.01234250 0.00000000 0.00000000
3   2.0 0.03268830 0.03536985 0.02524018 0.02457318 0.02913156 0.02111481
          oe        te
1 0.02320695 0.0163462
2 0.00000000 0.0123425
3 0.02807702 0.0352944

[[10]]
  delta         mu       mu_1       mu_0         de       se_1       se_0
1   0.5 0.02745142 0.02095368 0.03153666 0.02498773 0.01752886 0.02641143
2   1.0 0.01837533 0.01869718 0.01771163 0.01306225 0.00000000 0.00000000
3   2.0 0.03429109 0.03668746 0.02578718 0.02502683 0.02943954 0.02150780
          oe         te
1 0.02346344 0.01648157
2 0.00000000 0.01306225
3 0.02862705 0.03622079

[[11]]
  delta         mu       mu_1       mu_0         de       se_1       se_0
1   0.5 0.02532876 0.01900095 0.03093003 0.02634599 0.01661851 0.02814421
2   1.0 0.01681557 0.01759572 0.01595412 0.01211104 0.00000000 0.00000000
3   2.0 0.03382066 0.03641011 0.02545182 0.02294906 0.02806150 0.02027417
          oe         te
1 0.02378099 0.01603893
2 0.00000000 0.01211104
3 0.02682190 0.03435511

[[12]]
  delta         mu       mu_1       mu_0         de       se_1       se_0
1   0.5 0.02370879 0.01978085 0.02711273 0.01956491 0.01623223 0.02253791
2   1.0 0.01682867 0.01743128 0.01653422 0.01255414 0.00000000 0.00000000
3   2.0 0.04127775 0.04919338 0.02575230 0.04150824 0.04182708 0.01985616
          oe         te
1 0.02039945 0.01632670
2 0.00000000 0.01255414
3 0.03451305 0.04666728

[[13]]
  delta         mu       mu_1       mu_0         de       se_1       se_0
1   0.5 0.02630072 0.02014428 0.03017045 0.02219011 0.01646880 0.02519701
2   1.0 0.01815575 0.01850506 0.01758298 0.01285722 0.00000000 0.00000000
3   2.0 0.03261727 0.03561823 0.02511221 0.02589989 0.02807597 0.01998633
          oe         te
1 0.02255455 0.01553643
2 0.00000000 0.01285722
3 0.02606497 0.03400621

[[14]]
  delta         mu       mu_1       mu_0         de       se_1       se_0
1   0.5 0.02217445 0.01899243 0.02488391 0.01894043 0.01495678 0.02044489
2   1.0 0.01748138 0.01816620 0.01665822 0.01286759 0.00000000 0.00000000
3   2.0 0.03359938 0.03714384 0.02403260 0.02717936 0.02931499 0.01923844
          oe         te
1 0.01867847 0.01496209
2 0.00000000 0.01286759
3 0.02744389 0.03636023

[[15]]
  delta         mu       mu_1       mu_0         de       se_1       se_0
1   0.5 0.02469698 0.01961990 0.02873466 0.02224461 0.01515559 0.02250375
2   1.0 0.01694623 0.01737011 0.01669754 0.01231193 0.00000000 0.00000000
3   2.0 0.02866774 0.03034965 0.02451792 0.02099102 0.02259036 0.01894067
          oe         te
1 0.01959186 0.01590165
2 0.00000000 0.01231193
3 0.02212759 0.02898735

[[16]]
  delta         mu       mu_1       mu_0         de       se_1       se_0
1   0.5 0.02514608 0.02053286 0.02826083 0.02112784 0.01511864 0.02276938
2   1.0 0.01702642 0.01710697 0.01674910 0.01258122 0.00000000 0.00000000
3   2.0 0.02905569 0.03208624 0.02395299 0.02570341 0.02582395 0.02035435
          oe         te
1 0.02033185 0.01599704
2 0.00000000 0.01258122
3 0.02426999 0.03217910

[[17]]
  delta         mu       mu_1       mu_0         de       se_1       se_0
1   0.5 0.02543596 0.02134497 0.02819487 0.02162218 0.01644078 0.02250607
2   1.0 0.01656063 0.01697096 0.01629509 0.01332340 0.00000000 0.00000000
3   2.0 0.03100495 0.03477229 0.02304061 0.02777390 0.02957403 0.01879339
          oe         te
1 0.02037855 0.01734057
2 0.00000000 0.01332340
3 0.02657490 0.03488711

[[18]]
  delta         mu       mu_1       mu_0         de       se_1       se_0
1   0.5 0.02565507 0.02225977 0.02796883 0.02107804 0.01796662 0.02163471
2   1.0 0.01752753 0.01759669 0.01744356 0.01259033 0.00000000 0.00000000
3   2.0 0.02756238 0.02863710 0.02430041 0.01890494 0.02022877 0.01993852
          oe         te
1 0.02051434 0.01788347
2 0.00000000 0.01259033
3 0.02093901 0.02750195

[[19]]
  delta         mu       mu_1       mu_0         de       se_1       se_0
1   0.5 0.02730723 0.02163551 0.03142734 0.02417757 0.01632913 0.02643840
2   1.0 0.01774006 0.01838468 0.01702954 0.01199309 0.00000000 0.00000000
3   2.0 0.03215773 0.03546786 0.02464019 0.02569947 0.02796055 0.01939327
          oe         te
1 0.02262341 0.01624131
2 0.00000000 0.01199309
3 0.02586895 0.03376847

[[20]]
  delta         mu       mu_1       mu_0         de       se_1       se_0
1   0.5 0.02507396 0.01944869 0.02897466 0.02233843 0.01518378 0.02461616
2   1.0 0.01771284 0.01801200 0.01691262 0.01190725 0.00000000 0.00000000
3   2.0 0.03893699 0.04331572 0.02709105 0.03025427 0.03717399 0.02274702
          oe         te
1 0.02134721 0.01481106
2 0.00000000 0.01190725
3 0.03375709 0.04220106

[1] "Total run time was 2392.273 seconds"
