Warning message:
package ‘SuperLearner’ was built under R version 4.1.3 
[1] "[Simulation setting]"
[1] "n: 500"
[1] "deltas: 0.5, 1, 2"
[1] "K: 2"
[1] "r: 100"
[1] "s: 1"
[1] "Sim.id 1"
[1] "Data generated and format changed"
[1] "   Split: 1"
Loading required namespace: nnet
Loading required namespace: ranger
[1] "   Split: 2"
[1] "Estimates and SE estimates computed"
[1] ""
[1] "Sim.id 2"
[1] "Data generated and format changed"
[1] "   Split: 1"
[1] "   Split: 2"
[1] "Estimates and SE estimates computed"
[1] ""
[1] "Sim.id 3"
[1] "Data generated and format changed"
[1] "   Split: 1"
[1] "   Split: 2"
[1] "Estimates and SE estimates computed"
[1] ""
[1] "Sim.id 4"
[1] "Data generated and format changed"
[1] "   Split: 1"
[1] "   Split: 2"
[1] "Estimates and SE estimates computed"
[1] ""
[1] "Sim.id 5"
[1] "Data generated and format changed"
[1] "   Split: 1"
[1] "   Split: 2"
[1] "Estimates and SE estimates computed"
[1] ""
[1] "Sim.id 6"
[1] "Data generated and format changed"
[1] "   Split: 1"
[1] "   Split: 2"
[1] "Estimates and SE estimates computed"
[1] ""
[1] "Sim.id 7"
[1] "Data generated and format changed"
[1] "   Split: 1"
[1] "   Split: 2"
[1] "Estimates and SE estimates computed"
[1] ""
[1] "Sim.id 8"
[1] "Data generated and format changed"
[1] "   Split: 1"
[1] "   Split: 2"
[1] "Estimates and SE estimates computed"
[1] ""
[1] "Sim.id 9"
[1] "Data generated and format changed"
[1] "   Split: 1"
[1] "   Split: 2"
[1] "Estimates and SE estimates computed"
[1] ""
[1] "Sim.id 10"
[1] "Data generated and format changed"
[1] "   Split: 1"
[1] "   Split: 2"
[1] "Estimates and SE estimates computed"
[1] ""
[1] "Sim.id 11"
[1] "Data generated and format changed"
[1] "   Split: 1"
[1] "   Split: 2"
[1] "Estimates and SE estimates computed"
[1] ""
[1] "Sim.id 12"
[1] "Data generated and format changed"
[1] "   Split: 1"
[1] "   Split: 2"
[1] "Estimates and SE estimates computed"
[1] ""
[1] "Sim.id 13"
[1] "Data generated and format changed"
[1] "   Split: 1"
[1] "   Split: 2"
[1] "Estimates and SE estimates computed"
[1] ""
[1] "Sim.id 14"
[1] "Data generated and format changed"
[1] "   Split: 1"
[1] "   Split: 2"
[1] "Estimates and SE estimates computed"
[1] ""
[1] "Sim.id 15"
[1] "Data generated and format changed"
[1] "   Split: 1"
[1] "   Split: 2"
[1] "Estimates and SE estimates computed"
[1] ""
[1] "Sim.id 16"
[1] "Data generated and format changed"
[1] "   Split: 1"
[1] "   Split: 2"
[1] "Estimates and SE estimates computed"
[1] ""
[1] "Sim.id 17"
[1] "Data generated and format changed"
[1] "   Split: 1"
[1] "   Split: 2"
[1] "Estimates and SE estimates computed"
[1] ""
[1] "Sim.id 18"
[1] "Data generated and format changed"
[1] "   Split: 1"
[1] "   Split: 2"
[1] "Estimates and SE estimates computed"
[1] ""
[1] "Sim.id 19"
[1] "Data generated and format changed"
[1] "   Split: 1"
[1] "   Split: 2"
[1] "Estimates and SE estimates computed"
[1] ""
[1] "Sim.id 20"
[1] "Data generated and format changed"
[1] "   Split: 1"
[1] "   Split: 2"
[1] "Estimates and SE estimates computed"
[1] ""
[[1]]
  delta        mu      mu_1      mu_0         de        se_1        se_0
1   0.5 0.7995353 0.6878022 0.8715692 -0.1837671 0.009579502 0.006662777
2   1.0 0.7612018 0.6782227 0.8649065 -0.1866838 0.000000000 0.000000000
3   2.0 0.7498023 0.6966338 0.8765245 -0.1798907 0.018411151 0.011618080
           oe         te
1  0.03833349 -0.1771043
2  0.00000000 -0.1866838
3 -0.01139952 -0.1682726

[[2]]
  delta        mu      mu_1      mu_0         de        se_1       se_0
1   0.5 0.8090896 0.6969754 0.8781779 -0.1812024 -0.01071114 0.00268015
2   1.0 0.7847234 0.7076866 0.8754977 -0.1678112  0.00000000 0.00000000
3   2.0 0.7982702 0.7505985 0.8891450 -0.1385465  0.04291197 0.01364728
          oe         te
1 0.02436618 -0.1785223
2 0.00000000 -0.1678112
3 0.01354686 -0.1248992

[[3]]
  delta        mu      mu_1      mu_0         de        se_1        se_0
1   0.5 0.7995618 0.6839132 0.8784357 -0.1945225  0.03979392  0.04513503
2   1.0 0.7229279 0.6441193 0.8333006 -0.1891814  0.00000000  0.00000000
3   2.0 0.6467669 0.5976599 0.7950234 -0.1973634 -0.04645934 -0.03827725
           oe         te
1  0.07663396 -0.1493874
2  0.00000000 -0.1891814
3 -0.07616092 -0.2356407

[[4]]
  delta        mu      mu_1      mu_0         de        se_1        se_0
1   0.5 0.8002143 0.6793191 0.8762192 -0.1969001  0.02426365  0.03137262
2   1.0 0.7358041 0.6550555 0.8448466 -0.1897911  0.00000000  0.00000000
3   2.0 0.6812080 0.6369374 0.8068100 -0.1698726 -0.01811810 -0.03803658
           oe         te
1  0.06441022 -0.1655275
2  0.00000000 -0.1897911
3 -0.05459615 -0.2079092

[[5]]
  delta        mu      mu_1      mu_0         de        se_1        se_0
1   0.5 0.8316232 0.7283691 0.8993064 -0.1709374  0.03343230  0.01714396
2   1.0 0.7744459 0.6949368 0.8821625 -0.1872257  0.00000000  0.00000000
3   2.0 0.7112593 0.6621167 0.8512354 -0.1891187 -0.03282009 -0.03092713
           oe         te
1  0.05717732 -0.1537934
2  0.00000000 -0.1872257
3 -0.06318657 -0.2200458

[[6]]
  delta        mu      mu_1      mu_0         de        se_1         se_0
1   0.5 0.8121409 0.7024776 0.8847188 -0.1822412 0.024456358  0.019821064
2   1.0 0.7597548 0.6780212 0.8648977 -0.1868765 0.000000000  0.000000000
3   2.0 0.7301412 0.6785670 0.8564268 -0.1778598 0.000545789 -0.008470882
           oe         te
1  0.05238615 -0.1624201
2  0.00000000 -0.1868765
3 -0.02961352 -0.1863307

[[7]]
  delta        mu      mu_1      mu_0         de        se_1        se_0
1   0.5 0.7828412 0.6884656 0.8462713 -0.1578057 0.018635132 -0.01536866
2   1.0 0.7536017 0.6698304 0.8616400 -0.1918095 0.000000000  0.00000000
3   2.0 0.7350562 0.6754904 0.8895103 -0.2140199 0.005659963  0.02787034
           oe         te
1  0.02923951 -0.1731744
2  0.00000000 -0.1918095
3 -0.01854551 -0.1861496

[[8]]
  delta        mu      mu_1      mu_0         de        se_1         se_0
1   0.5 0.8249106 0.7210232 0.8906060 -0.1695828  0.04349173  0.009847838
2   1.0 0.7659262 0.6775315 0.8807582 -0.2032267  0.00000000  0.000000000
3   2.0 0.6403179 0.5757384 0.8219064 -0.2461680 -0.10179310 -0.058851791
           oe         te
1  0.05898434 -0.1597350
2  0.00000000 -0.2032267
3 -0.12560834 -0.3050198

[[9]]
  delta        mu      mu_1      mu_0         de        se_1         se_0
1   0.5 0.8233138 0.6951756 0.9050035 -0.2098279 0.027118295  0.047378446
2   1.0 0.7504722 0.6680573 0.8576251 -0.1895678 0.000000000  0.000000000
3   2.0 0.7248325 0.6709466 0.8559138 -0.1849672 0.002889313 -0.001711286
           oe         te
1  0.07284162 -0.1624495
2  0.00000000 -0.1895678
3 -0.02563971 -0.1866785

[[10]]
  delta        mu      mu_1      mu_0         de        se_1        se_0
1   0.5 0.8215304 0.6925844 0.9017059 -0.2091215  0.03549114  0.04280854
2   1.0 0.7443725 0.6570932 0.8588973 -0.2018041  0.00000000  0.00000000
3   2.0 0.6874794 0.6292813 0.8443482 -0.2150668 -0.02781189 -0.01454914
           oe         te
1  0.07715786 -0.1663129
2  0.00000000 -0.2018041
3 -0.05689314 -0.2296160

[[11]]
  delta        mu      mu_1      mu_0         de         se_1        se_0
1   0.5 0.8071815 0.6863667 0.8873305 -0.2009637  0.007339091 -0.01268935
2   1.0 0.7763574 0.6790276 0.9000198 -0.2209922  0.000000000  0.00000000
3   2.0 0.6923752 0.6280595 0.8653931 -0.2373336 -0.050968116 -0.03462668
           oe         te
1  0.03082410 -0.2136531
2  0.00000000 -0.2209922
3 -0.08398224 -0.2719603

[[12]]
  delta        mu      mu_1      mu_0         de         se_1       se_0
1   0.5 0.8055500 0.6969239 0.8814931 -0.1845692 -0.005929612 0.01951743
2   1.0 0.7699954 0.7028535 0.8619757 -0.1591222  0.000000000 0.00000000
3   2.0 0.7583904 0.7102508 0.8779405 -0.1676897  0.007397278 0.01596482
           oe         te
1  0.03555454 -0.1650518
2  0.00000000 -0.1591222
3 -0.01160507 -0.1517249

[[13]]
  delta        mu      mu_1      mu_0         de        se_1        se_0
1   0.5 0.7964914 0.7075433 0.8601307 -0.1525874 0.007606381 -0.01535533
2   1.0 0.7762122 0.6999370 0.8754861 -0.1755491 0.000000000  0.00000000
3   2.0 0.7806969 0.7267458 0.9093957 -0.1826499 0.026808839  0.03390964
           oe         te
1 0.020279212 -0.1679427
2 0.000000000 -0.1755491
3 0.004484669 -0.1487403

[[14]]
  delta        mu      mu_1      mu_0         de         se_1         se_0
1   0.5 0.7816925 0.6966957 0.8426300 -0.1459343  0.002451919 -0.021961436
2   1.0 0.7688564 0.6942438 0.8645914 -0.1703477  0.000000000  0.000000000
3   2.0 0.7311531 0.6739534 0.8727224 -0.1987690 -0.020290362  0.008131018
           oe         te
1  0.01283606 -0.1678957
2  0.00000000 -0.1703477
3 -0.03770334 -0.1906380

[[15]]
  delta        mu      mu_1      mu_0         de        se_1        se_0
1   0.5 0.7975559 0.7375375 0.8425584 -0.1050209  0.02765000 -0.01965746
2   1.0 0.7772373 0.7098875 0.8622158 -0.1523284  0.00000000  0.00000000
3   2.0 0.7342788 0.6878817 0.8512469 -0.1633652 -0.02200576 -0.01096890
           oe         te
1  0.02031855 -0.1246784
2  0.00000000 -0.1523284
3 -0.04295854 -0.1743341

[[16]]
  delta        mu      mu_1      mu_0         de        se_1         se_0
1   0.5 0.7919641 0.6877942 0.8608744 -0.1730802 -0.01039837 -0.005127104
2   1.0 0.7721518 0.6981925 0.8660015 -0.1678089  0.00000000  0.000000000
3   2.0 0.7644008 0.7192863 0.8741126 -0.1548264  0.02109372  0.008111192
            oe         te
1  0.019812295 -0.1782073
2  0.000000000 -0.1678089
3 -0.007751036 -0.1467152

[[17]]
  delta        mu      mu_1      mu_0         de        se_1        se_0
1   0.5 0.7771079 0.6881712 0.8364760 -0.1483049  0.03785301 -0.01889880
2   1.0 0.7394569 0.6503181 0.8553748 -0.2050567  0.00000000  0.00000000
3   2.0 0.6552729 0.5952334 0.8199626 -0.2247292 -0.05508472 -0.03541219
           oe         te
1  0.03765106 -0.1672037
2  0.00000000 -0.2050567
3 -0.08418396 -0.2601414

[[18]]
  delta        mu      mu_1      mu_0         de        se_1        se_0
1   0.5 0.7783681 0.6627844 0.8540106 -0.1912262 -0.02221920 -0.01344782
2   1.0 0.7649451 0.6850036 0.8674584 -0.1824548  0.00000000  0.00000000
3   2.0 0.7649477 0.7175246 0.8776673 -0.1601427  0.03252108  0.01020893
            oe         te
1 1.342296e-02 -0.2046740
2 0.000000e+00 -0.1824548
3 2.550325e-06 -0.1499337

[[19]]
  delta        mu      mu_1      mu_0         de        se_1        se_0
1   0.5 0.8249283 0.6808516 0.9119691 -0.2311175  0.01120788  0.03968409
2   1.0 0.7602474 0.6696437 0.8722850 -0.2026413  0.00000000  0.00000000
3   2.0 0.6944060 0.6293878 0.8554051 -0.2260172 -0.04025585 -0.01687993
           oe         te
1  0.06468097 -0.1914334
2  0.00000000 -0.2026413
3 -0.06584141 -0.2428972

[[20]]
  delta        mu      mu_1      mu_0         de         se_1          se_0
1   0.5 0.8079506 0.7030501 0.8743565 -0.1713063  0.002511933 -9.934649e-03
2   1.0 0.7821586 0.7005382 0.8842911 -0.1837529  0.000000000  0.000000e+00
3   2.0 0.7289085 0.6690063 0.8842352 -0.2152289 -0.031531880 -5.592332e-05
           oe         te
1  0.02579198 -0.1812410
2  0.00000000 -0.1837529
3 -0.05325012 -0.2152848

[[1]]
  delta         mu       mu_1       mu_0         de       se_1       se_0
1   0.5 0.02408141 0.01992175 0.02742848 0.02206206 0.01466054 0.02249984
2   1.0 0.01674769 0.01723110 0.01621195 0.01224150 0.00000000 0.00000000
3   2.0 0.03312333 0.03697950 0.02320320 0.02542586 0.03011245 0.01865889
          oe         te
1 0.01978224 0.01502197
2 0.00000000 0.01224150
3 0.02757191 0.03584917

[[2]]
  delta         mu      mu_1       mu_0         de       se_1       se_0
1   0.5 0.02589128 0.0213548 0.03062625 0.02673228 0.01705324 0.02421495
2   1.0 0.01761423 0.0182586 0.01725720 0.01305578 0.00000000 0.00000000
3   2.0 0.04395873 0.0508870 0.02605777 0.03812096 0.04434498 0.02116022
          oe         te
1 0.02084533 0.01746122
2 0.00000000 0.01305578
3 0.03820767 0.04881335

[[3]]
  delta         mu       mu_1       mu_0         de       se_1       se_0
1   0.5 0.02216194 0.01921381 0.02544461 0.02211363 0.01541937 0.02149098
2   1.0 0.01722214 0.01753793 0.01673387 0.01243594 0.00000000 0.00000000
3   2.0 0.03472619 0.03810155 0.02554746 0.02601226 0.03103724 0.02029090
          oe         te
1 0.01894305 0.01594173
2 0.00000000 0.01243594
3 0.02872608 0.03687759

[[4]]
  delta         mu       mu_1       mu_0         de       se_1       se_0
1   0.5 0.02329156 0.01858268 0.02621772 0.01867103 0.01524348 0.02202096
2   1.0 0.01704707 0.01742109 0.01674099 0.01246567 0.00000000 0.00000000
3   2.0 0.03597184 0.04014830 0.02404638 0.02850310 0.03366267 0.02005044
          oe         te
1 0.02034833 0.01487058
2 0.00000000 0.01246567
3 0.03056359 0.03884237

[[5]]
  delta         mu       mu_1       mu_0         de       se_1       se_0
1   0.5 0.02430440 0.01984066 0.02758676 0.02099625 0.01623481 0.02252112
2   1.0 0.01778797 0.01804884 0.01744203 0.01280630 0.00000000 0.00000000
3   2.0 0.03214147 0.03484138 0.02468776 0.02348840 0.02746893 0.02098134
          oe         te
1 0.02021124 0.01527984
2 0.00000000 0.01280630
3 0.02654489 0.03461821

[[6]]
  delta         mu       mu_1       mu_0         de       se_1       se_0
1   0.5 0.02559732 0.02005193 0.02935050 0.02251642 0.01630139 0.02395659
2   1.0 0.01704753 0.01733154 0.01677536 0.01291371 0.00000000 0.00000000
3   2.0 0.03371538 0.03700151 0.02424055 0.02557498 0.03020541 0.01968273
          oe         te
1 0.02142596 0.01620879
2 0.00000000 0.01291371
3 0.02818779 0.03620826

[[7]]
  delta         mu       mu_1       mu_0         de       se_1       se_0
1   0.5 0.02411279 0.01919778 0.02731129 0.02078298 0.01557837 0.02218644
2   1.0 0.01763991 0.01783880 0.01722779 0.01267580 0.00000000 0.00000000
3   2.0 0.03219920 0.03521387 0.02619968 0.02567992 0.02892134 0.02130429
          oe         te
1 0.02040112 0.01572880
2 0.00000000 0.01267580
3 0.02684678 0.03459241

[[8]]
  delta         mu       mu_1       mu_0         de       se_1       se_0
1   0.5 0.02485548 0.02082333 0.02772824 0.01985629 0.01640520 0.02341662
2   1.0 0.01690347 0.01758005 0.01606607 0.01219306 0.00000000 0.00000000
3   2.0 0.03054153 0.03366841 0.02319063 0.02610284 0.02789122 0.01896929
          oe         te
1 0.02105934 0.01630400
2 0.00000000 0.01219306
3 0.02577310 0.03338049

[[9]]
  delta         mu       mu_1       mu_0         de       se_1       se_0
1   0.5 0.02465332 0.02008418 0.02796266 0.02180540 0.01639931 0.02405244
2   1.0 0.01778376 0.01816016 0.01749534 0.01292606 0.00000000 0.00000000
3   2.0 0.03321769 0.03552233 0.02587284 0.02395448 0.02758088 0.02092056
          oe         te
1 0.02155575 0.01699990
2 0.00000000 0.01292606
3 0.02687913 0.03462308

[[10]]
  delta         mu       mu_1       mu_0         de       se_1       se_0
1   0.5 0.02370085 0.02036365 0.02710371 0.02254661 0.01598117 0.02312350
2   1.0 0.01736222 0.01805103 0.01680434 0.01270784 0.00000000 0.00000000
3   2.0 0.03134467 0.03342342 0.02528778 0.02235698 0.02652037 0.02092801
          oe         te
1 0.02003808 0.01638172
2 0.00000000 0.01270784
3 0.02618020 0.03365615

[[11]]
  delta         mu       mu_1       mu_0         de       se_1       se_0
1   0.5 0.02392507 0.02104696 0.02699440 0.02279807 0.01693894 0.02288407
2   1.0 0.01829861 0.01884799 0.01732140 0.01298942 0.00000000 0.00000000
3   2.0 0.03246195 0.03492772 0.02468082 0.02304105 0.02725091 0.01983658
          oe         te
1 0.02033532 0.01672128
2 0.00000000 0.01298942
3 0.02594129 0.03350728

[[12]]
  delta         mu       mu_1       mu_0         de       se_1       se_0
1   0.5 0.02590976 0.02195805 0.02968146 0.02472810 0.01870860 0.02559581
2   1.0 0.01818844 0.01866802 0.01721072 0.01264137 0.00000000 0.00000000
3   2.0 0.03127235 0.03318253 0.02564636 0.02209324 0.02528275 0.02045421
          oe         te
1 0.02249581 0.01866443
2 0.00000000 0.01264137
3 0.02474471 0.03200571

[[13]]
  delta         mu       mu_1       mu_0         de       se_1       se_0
1   0.5 0.02468258 0.01959546 0.02881680 0.02471418 0.01534812 0.02487870
2   1.0 0.01673871 0.01714020 0.01595147 0.01227234 0.00000000 0.00000000
3   2.0 0.03089157 0.03536283 0.02179286 0.02713388 0.03028390 0.01847873
          oe         te
1 0.02107599 0.01552599
2 0.00000000 0.01227234
3 0.02696625 0.03574318

[[14]]
  delta         mu       mu_1       mu_0         de       se_1       se_0
1   0.5 0.02378443 0.01941792 0.02654152 0.01920012 0.01542219 0.02182993
2   1.0 0.01746522 0.01838980 0.01685041 0.01325580 0.00000000 0.00000000
3   2.0 0.02938985 0.03113912 0.02348403 0.02012466 0.02260628 0.01849713
          oe         te
1 0.02024051 0.01510546
2 0.00000000 0.01325580
3 0.02242688 0.02946709

[[15]]
  delta         mu       mu_1       mu_0         de       se_1       se_0
1   0.5 0.02775049 0.02038654 0.03115227 0.02080923 0.01607239 0.02579762
2   1.0 0.01693839 0.01710642 0.01650264 0.01165481 0.00000000 0.00000000
3   2.0 0.03261595 0.03663356 0.02378659 0.02566531 0.02949116 0.01855897
         oe         te
1 0.0234422 0.01466736
2 0.0000000 0.01165481
3 0.0263010 0.03435000

[[16]]
  delta         mu       mu_1       mu_0         de       se_1       se_0
1   0.5 0.02547222 0.02130179 0.02863610 0.02192468 0.01730604 0.02430767
2   1.0 0.01694720 0.01721661 0.01678911 0.01210085 0.00000000 0.00000000
3   2.0 0.03175428 0.03449238 0.02510046 0.02375892 0.02814984 0.02087254
          oe         te
1 0.02198540 0.01730897
2 0.00000000 0.01210085
3 0.02685825 0.03437060

[[17]]
  delta         mu       mu_1       mu_0         de       se_1       se_0
1   0.5 0.02769250 0.02075000 0.03490184 0.03101479 0.01703862 0.03036681
2   1.0 0.01669482 0.01704726 0.01658339 0.01261580 0.00000000 0.00000000
3   2.0 0.02566666 0.02796175 0.02094250 0.02141419 0.02186560 0.01734323
          oe         te
1 0.02411806 0.01739681
2 0.00000000 0.01261580
3 0.02077156 0.02781333

[[18]]
  delta         mu       mu_1       mu_0         de       se_1       se_0
1   0.5 0.02289948 0.01926993 0.02653777 0.02214614 0.01624891 0.02277939
2   1.0 0.01686805 0.01778178 0.01591512 0.01285135 0.00000000 0.00000000
3   2.0 0.03260811 0.03549998 0.02452538 0.02422140 0.02861168 0.02051363
          oe         te
1 0.02030819 0.01678568
2 0.00000000 0.01285135
3 0.02709251 0.03498639

[[19]]
  delta         mu       mu_1       mu_0         de       se_1       se_0
1   0.5 0.02288793 0.01956766 0.02644558 0.02274068 0.01496622 0.02230407
2   1.0 0.01668464 0.01737269 0.01603488 0.01236133 0.00000000 0.00000000
3   2.0 0.03125259 0.03349163 0.02456680 0.02247572 0.02584835 0.01959645
          oe         te
1 0.01942727 0.01630141
2 0.00000000 0.01236133
3 0.02488879 0.03195815

[[20]]
  delta         mu       mu_1       mu_0         de       se_1       se_0
1   0.5 0.02439699 0.01901514 0.02819485 0.02260640 0.01584604 0.02509159
2   1.0 0.01685595 0.01743351 0.01647385 0.01282496 0.00000000 0.00000000
3   2.0 0.03055786 0.03338302 0.02469370 0.02565059 0.02640601 0.02145333
          oe         te
1 0.02217683 0.01564303
2 0.00000000 0.01282496
3 0.02538876 0.03303775

[[1]]
  delta        mu      mu_1      mu_0         de       se_1       se_0
1   0.5 0.7993723 0.6878926 0.8712340 -0.1833414 0.01132441 0.00823595
2   1.0 0.7591726 0.6765681 0.8629980 -0.1864299 0.00000000 0.00000000
3   2.0 0.7488530 0.6961406 0.8747311 -0.1785905 0.01957244 0.01173311
           oe         te
1  0.04019969 -0.1751055
2  0.00000000 -0.1864299
3 -0.01031966 -0.1668574

[[2]]
  delta        mu      mu_1      mu_0         de        se_1       se_0
1   0.5 0.8098054 0.6975229 0.8785836 -0.1810607 -0.01131912 0.00188477
2   1.0 0.7860532 0.7088420 0.8766988 -0.1678568  0.00000000 0.00000000
3   2.0 0.7972770 0.7489751 0.8898084 -0.1408334  0.04013308 0.01310963
          oe         te
1 0.02375221 -0.1791759
2 0.00000000 -0.1678568
3 0.01122380 -0.1277237

[[3]]
  delta        mu      mu_1      mu_0         de        se_1        se_0
1   0.5 0.7996567 0.6840967 0.8784607 -0.1943640  0.03969671  0.04500331
2   1.0 0.7231700 0.6444000 0.8334574 -0.1890574  0.00000000  0.00000000
3   2.0 0.6467994 0.5977681 0.7948737 -0.1971056 -0.04663188 -0.03858371
           oe         te
1  0.07648668 -0.1493607
2  0.00000000 -0.1890574
3 -0.07637057 -0.2356893

[[4]]
  delta        mu      mu_1      mu_0         de        se_1        se_0
1   0.5 0.7992535 0.6785571 0.8754323 -0.1968752  0.02559849  0.03176323
2   1.0 0.7336330 0.6529586 0.8436691 -0.1907104  0.00000000  0.00000000
3   2.0 0.6768789 0.6327056 0.8057059 -0.1730003 -0.02025304 -0.03796320
           oe         te
1  0.06562050 -0.1651120
2  0.00000000 -0.1907104
3 -0.05675408 -0.2109635

[[5]]
  delta        mu      mu_1      mu_0         de        se_1        se_0
1   0.5 0.8296321 0.7259864 0.8987108 -0.1727244  0.03272346  0.01893573
2   1.0 0.7719143 0.6932629 0.8797750 -0.1865121  0.00000000  0.00000000
3   2.0 0.7088225 0.6599842 0.8491960 -0.1892118 -0.03327868 -0.03057901
           oe         te
1  0.05771779 -0.1537887
2  0.00000000 -0.1865121
3 -0.06309181 -0.2197908

[[6]]
  delta        mu      mu_1      mu_0         de         se_1        se_0
1   0.5 0.8123124 0.7038971 0.8845191 -0.1806220  0.025615073  0.01894580
2   1.0 0.7601248 0.6782820 0.8655733 -0.1872913  0.000000000  0.00000000
3   2.0 0.7269384 0.6754040 0.8547984 -0.1793943 -0.002877964 -0.01077495
           oe         te
1  0.05218756 -0.1616762
2  0.00000000 -0.1872913
3 -0.03318642 -0.1901693

[[7]]
  delta        mu      mu_1      mu_0         de        se_1        se_0
1   0.5 0.7823041 0.6879176 0.8462376 -0.1583201 0.018416530 -0.01667902
2   1.0 0.7535424 0.6695010 0.8629167 -0.1934156 0.000000000  0.00000000
3   2.0 0.7379607 0.6793277 0.8905010 -0.2111734 0.009826629  0.02758439
           oe         te
1  0.02876174 -0.1749991
2  0.00000000 -0.1934156
3 -0.01558172 -0.1835890

[[8]]
  delta        mu      mu_1      mu_0         de        se_1        se_0
1   0.5 0.8252480 0.7214059 0.8908216 -0.1694156  0.04508091  0.01109147
2   1.0 0.7644368 0.6763250 0.8797301 -0.2034051  0.00000000  0.00000000
3   2.0 0.6372122 0.5730815 0.8199049 -0.2468235 -0.10324356 -0.05982519
           oe         te
1  0.06081122 -0.1583242
2  0.00000000 -0.2034051
3 -0.12722455 -0.3066486

[[9]]
  delta        mu      mu_1      mu_0         de        se_1        se_0
1   0.5 0.8195745 0.6935318 0.9005769 -0.2070452 0.024128371 0.042241421
2   1.0 0.7515986 0.6694034 0.8583355 -0.1889321 0.000000000 0.000000000
3   2.0 0.7260533 0.6708287 0.8602439 -0.1894152 0.001425301 0.001908421
           oe         te
1  0.06797592 -0.1648037
2  0.00000000 -0.1889321
3 -0.02554529 -0.1875068

[[10]]
  delta        mu      mu_1      mu_0         de        se_1        se_0
1   0.5 0.8218766 0.6929461 0.9022262 -0.2092801  0.03553009  0.04286119
2   1.0 0.7445833 0.6574160 0.8593650 -0.2019490  0.00000000  0.00000000
3   2.0 0.6873641 0.6291903 0.8444929 -0.2153026 -0.02822567 -0.01487211
           oe         te
1  0.07729330 -0.1664190
2  0.00000000 -0.2019490
3 -0.05721917 -0.2301747

[[11]]
  delta        mu      mu_1      mu_0         de         se_1        se_0
1   0.5 0.8076290 0.6868864 0.8872790 -0.2003926  0.007699619 -0.01321757
2   1.0 0.7768124 0.6791868 0.9004966 -0.2213098  0.000000000  0.00000000
3   2.0 0.6915077 0.6272845 0.8644761 -0.2371917 -0.051902335 -0.03602050
           oe         te
1  0.03081659 -0.2136102
2  0.00000000 -0.2213098
3 -0.08530477 -0.2732121

[[12]]
  delta        mu      mu_1      mu_0         de        se_1       se_0
1   0.5 0.8058859 0.6975132 0.8816252 -0.1841120 -0.00551517 0.01950445
2   1.0 0.7700920 0.7030284 0.8621208 -0.1590924  0.00000000 0.00000000
3   2.0 0.7583939 0.7104492 0.8777170 -0.1672678  0.00742081 0.01559622
           oe         te
1  0.03579390 -0.1646076
2  0.00000000 -0.1590924
3 -0.01169804 -0.1516716

[[13]]
  delta        mu      mu_1      mu_0         de        se_1        se_0
1   0.5 0.7968490 0.7085537 0.8592659 -0.1507122 0.006872719 -0.01576719
2   1.0 0.7772664 0.7016810 0.8750331 -0.1733521 0.000000000  0.00000000
3   2.0 0.7855771 0.7329972 0.9106814 -0.1776842 0.031316246  0.03564833
           oe         te
1 0.019582611 -0.1664794
2 0.000000000 -0.1733521
3 0.008310714 -0.1420359

[[14]]
  delta        mu      mu_1      mu_0         de         se_1         se_0
1   0.5 0.7810057 0.6959406 0.8421012 -0.1461605  0.002076716 -0.022182089
2   1.0 0.7683974 0.6938639 0.8642833 -0.1704193  0.000000000  0.000000000
3   2.0 0.7310281 0.6738994 0.8728071 -0.1989078 -0.019964550  0.008523856
           oe         te
1  0.01260831 -0.1683426
2  0.00000000 -0.1704193
3 -0.03736926 -0.1903839

[[15]]
  delta        mu      mu_1      mu_0         de        se_1        se_0
1   0.5 0.7967247 0.7358733 0.8420421 -0.1061689  0.02637462 -0.02154686
2   1.0 0.7775846 0.7094987 0.8635890 -0.1540903  0.00000000  0.00000000
3   2.0 0.7329307 0.6856917 0.8524468 -0.1667551 -0.02380692 -0.01114217
           oe         te
1  0.01914005 -0.1277157
2  0.00000000 -0.1540903
3 -0.04465393 -0.1778973

[[16]]
  delta        mu      mu_1      mu_0         de        se_1         se_0
1   0.5 0.7906111 0.6876389 0.8594822 -0.1718434 -0.01279568 -0.008454524
2   1.0 0.7740782 0.7004346 0.8679368 -0.1675022  0.00000000  0.000000000
3   2.0 0.7660348 0.7212560 0.8753702 -0.1541142  0.02082141  0.007433411
            oe         te
1  0.016532951 -0.1802979
2  0.000000000 -0.1675022
3 -0.008043357 -0.1466808

[[17]]
  delta        mu      mu_1      mu_0         de        se_1        se_0
1   0.5 0.7773703 0.6878655 0.8373116 -0.1494461  0.03774383 -0.01818981
2   1.0 0.7391362 0.6501216 0.8555014 -0.2053798  0.00000000  0.00000000
3   2.0 0.6553515 0.5952608 0.8206098 -0.2253490 -0.05486083 -0.03489164
           oe         te
1  0.03823413 -0.1676360
2  0.00000000 -0.2053798
3 -0.08378467 -0.2602406

[[18]]
  delta        mu      mu_1      mu_0         de        se_1        se_0
1   0.5 0.7779743 0.6626629 0.8536438 -0.1909809 -0.02260162 -0.01403475
2   1.0 0.7651605 0.6852645 0.8676786 -0.1824140  0.00000000  0.00000000
3   2.0 0.7650686 0.7177641 0.8776811 -0.1599170  0.03249960  0.01000255
             oe         te
1  1.281380e-02 -0.2050156
2  0.000000e+00 -0.1824140
3 -9.184299e-05 -0.1499144

[[19]]
  delta        mu      mu_1      mu_0         de        se_1        se_0
1   0.5 0.8275222 0.6835261 0.9149378 -0.2314116  0.01417171  0.04403698
2   1.0 0.7591619 0.6693544 0.8709008 -0.2015463  0.00000000  0.00000000
3   2.0 0.6955694 0.6306648 0.8564830 -0.2258183 -0.03868966 -0.01441774
           oe         te
1  0.06836024 -0.1873746
2  0.00000000 -0.2015463
3 -0.06359256 -0.2402360

[[20]]
  delta        mu      mu_1      mu_0         de         se_1          se_0
1   0.5 0.8090399 0.7050703 0.8747327 -0.1696623  0.003642326 -0.0111975059
2   1.0 0.7837061 0.7014280 0.8859302 -0.1845021  0.000000000  0.0000000000
3   2.0 0.7294111 0.6696592 0.8851292 -0.2154700 -0.031768828 -0.0008009569
           oe         te
1  0.02533378 -0.1808598
2  0.00000000 -0.1845021
3 -0.05429496 -0.2162710

[[1]]
  delta         mu       mu_1       mu_0         de       se_1       se_0
1   0.5 0.02411116 0.01989016 0.02745707 0.02204850 0.01471231 0.02258019
2   1.0 0.01667164 0.01719411 0.01609572 0.01220682 0.00000000 0.00000000
3   2.0 0.03328643 0.03717133 0.02321618 0.02557282 0.03027487 0.01866957
          oe         te
1 0.01987303 0.01498093
2 0.00000000 0.01220682
3 0.02771462 0.03599768

[[2]]
  delta         mu       mu_1       mu_0         de       se_1       se_0
1   0.5 0.02566904 0.02120974 0.03030074 0.02640091 0.01697886 0.02395199
2   1.0 0.01757583 0.01826313 0.01719407 0.01308013 0.00000000 0.00000000
3   2.0 0.04345610 0.05026059 0.02589513 0.03760099 0.04365259 0.02099167
          oe         te
1 0.02072434 0.01737615
2 0.00000000 0.01308013
3 0.03764459 0.04817378

[[3]]
  delta         mu       mu_1       mu_0         de       se_1       se_0
1   0.5 0.02213199 0.01919059 0.02540851 0.02208440 0.01539674 0.02146470
2   1.0 0.01721006 0.01753247 0.01671154 0.01243485 0.00000000 0.00000000
3   2.0 0.03471198 0.03808208 0.02551180 0.02597054 0.03101591 0.02025441
          oe         te
1 0.01892132 0.01592074
2 0.00000000 0.01243485
3 0.02870437 0.03684626

[[4]]
  delta         mu       mu_1       mu_0         de       se_1       se_0
1   0.5 0.02298089 0.01856126 0.02581820 0.01826426 0.01523799 0.02163584
2   1.0 0.01712441 0.01750467 0.01674073 0.01236556 0.00000000 0.00000000
3   2.0 0.03666158 0.04107085 0.02408352 0.02949739 0.03470624 0.02008636
          oe         te
1 0.02001978 0.01474249
2 0.00000000 0.01236556
3 0.03134866 0.03983470

[[5]]
  delta         mu       mu_1       mu_0         de       se_1       se_0
1   0.5 0.02414131 0.01963525 0.02745035 0.02088337 0.01608646 0.02260440
2   1.0 0.01770298 0.01798497 0.01731331 0.01265948 0.00000000 0.00000000
3   2.0 0.03220804 0.03491605 0.02473052 0.02361567 0.02754478 0.02087925
          oe         te
1 0.02022720 0.01514411
2 0.00000000 0.01265948
3 0.02656284 0.03459325

[[6]]
  delta         mu       mu_1       mu_0         de       se_1       se_0
1   0.5 0.02557273 0.02006654 0.02932283 0.02250955 0.01636223 0.02402744
2   1.0 0.01698867 0.01732902 0.01665840 0.01286104 0.00000000 0.00000000
3   2.0 0.03310943 0.03624817 0.02409968 0.02497507 0.02926508 0.01953246
          oe         te
1 0.02148876 0.01618650
2 0.00000000 0.01286104
3 0.02740394 0.03532973

[[7]]
  delta         mu       mu_1       mu_0         de       se_1       se_0
1   0.5 0.02391539 0.01925790 0.02702036 0.02067775 0.01555201 0.02183660
2   1.0 0.01766650 0.01786884 0.01715372 0.01261013 0.00000000 0.00000000
3   2.0 0.03292015 0.03601675 0.02607210 0.02595296 0.02984697 0.02123782
          oe         te
1 0.02011583 0.01573072
2 0.00000000 0.01261013
3 0.02768636 0.03547120

[[8]]
  delta         mu       mu_1       mu_0         de       se_1       se_0
1   0.5 0.02547635 0.02095514 0.02856865 0.02037477 0.01660740 0.02421748
2   1.0 0.01694893 0.01761745 0.01611052 0.01228890 0.00000000 0.00000000
3   2.0 0.03055047 0.03360429 0.02331090 0.02591893 0.02770837 0.01908872
         oe         te
1 0.0216840 0.01638272
2 0.0000000 0.01228890
3 0.0256798 0.03328599

[[9]]
  delta         mu       mu_1       mu_0         de       se_1       se_0
1   0.5 0.02452505 0.02008482 0.02771206 0.02136286 0.01648723 0.02392443
2   1.0 0.01779421 0.01824733 0.01741356 0.01292467 0.00000000 0.00000000
3   2.0 0.03365282 0.03609229 0.02602656 0.02443566 0.02806144 0.02100796
          oe         te
1 0.02159143 0.01690704
2 0.00000000 0.01292467
3 0.02720567 0.03505871

[[10]]
  delta         mu       mu_1       mu_0         de       se_1       se_0
1   0.5 0.02364822 0.02036144 0.02702263 0.02256857 0.01602398 0.02305781
2   1.0 0.01735798 0.01805056 0.01677715 0.01268933 0.00000000 0.00000000
3   2.0 0.03145621 0.03355732 0.02533016 0.02238869 0.02666501 0.02097985
          oe         te
1 0.02000473 0.01641630
2 0.00000000 0.01268933
3 0.02629876 0.03378739

[[11]]
  delta         mu       mu_1       mu_0         de       se_1       se_0
1   0.5 0.02380811 0.02117686 0.02679873 0.02275773 0.01697028 0.02258414
2   1.0 0.01840240 0.01891476 0.01744046 0.01301346 0.00000000 0.00000000
3   2.0 0.03263510 0.03511504 0.02477151 0.02320006 0.02741464 0.01988882
          oe         te
1 0.02008532 0.01676890
2 0.00000000 0.01301346
3 0.02610187 0.03369051

[[12]]
  delta         mu       mu_1       mu_0         de       se_1       se_0
1   0.5 0.02582931 0.02203487 0.02941638 0.02441097 0.01883952 0.02531250
2   1.0 0.01826716 0.01878185 0.01723180 0.01264327 0.00000000 0.00000000
3   2.0 0.03159784 0.03347828 0.02571436 0.02184910 0.02547454 0.02049934
          oe         te
1 0.02246129 0.01874947
2 0.00000000 0.01264327
3 0.02496408 0.03219482

[[13]]
  delta         mu       mu_1       mu_0         de       se_1       se_0
1   0.5 0.02543699 0.01970369 0.02969750 0.02511736 0.01540127 0.02585172
2   1.0 0.01685013 0.01722862 0.01605752 0.01230719 0.00000000 0.00000000
3   2.0 0.03165808 0.03642938 0.02194298 0.02831048 0.03143439 0.01860391
          oe         te
1 0.02183857 0.01549639
2 0.00000000 0.01230719
3 0.02783626 0.03688300

[[14]]
  delta         mu       mu_1       mu_0         de       se_1       se_0
1   0.5 0.02368607 0.01931728 0.02648081 0.01923310 0.01533519 0.02182174
2   1.0 0.01743233 0.01838271 0.01679797 0.01324274 0.00000000 0.00000000
3   2.0 0.02935331 0.03113994 0.02340985 0.02017932 0.02256135 0.01838234
          oe         te
1 0.02017548 0.01504130
2 0.00000000 0.01324274
3 0.02232957 0.02941092

[[15]]
  delta         mu       mu_1       mu_0         de       se_1       se_0
1   0.5 0.02751475 0.02039289 0.03080408 0.02042798 0.01626422 0.02568001
2   1.0 0.01700290 0.01729976 0.01642996 0.01177178 0.00000000 0.00000000
3   2.0 0.03330610 0.03724418 0.02417122 0.02583205 0.02974857 0.01881877
          oe         te
1 0.02349676 0.01474073
2 0.00000000 0.01177178
3 0.02667689 0.03481416

[[16]]
  delta         mu       mu_1       mu_0         de       se_1       se_0
1   0.5 0.02557447 0.02112930 0.02871992 0.02147607 0.01714159 0.02418256
2   1.0 0.01709698 0.01728289 0.01695612 0.01216381 0.00000000 0.00000000
3   2.0 0.03201955 0.03457465 0.02540053 0.02343389 0.02814157 0.02109963
         oe         te
1 0.0218823 0.01703180
2 0.0000000 0.01216381
3 0.0270667 0.03445311

[[17]]
  delta         mu       mu_1       mu_0         de       se_1       se_0
1   0.5 0.02744627 0.02065254 0.03455649 0.03071459 0.01695690 0.03013084
2   1.0 0.01664802 0.01702092 0.01651155 0.01256676 0.00000000 0.00000000
3   2.0 0.02565551 0.02792393 0.02097360 0.02142590 0.02180574 0.01733838
          oe         te
1 0.02396354 0.01732480
2 0.00000000 0.01256676
3 0.02072261 0.02772494

[[18]]
  delta         mu       mu_1       mu_0         de       se_1       se_0
1   0.5 0.02288484 0.01927796 0.02651847 0.02212416 0.01627564 0.02277160
2   1.0 0.01688053 0.01780150 0.01592157 0.01286501 0.00000000 0.00000000
3   2.0 0.03255674 0.03545413 0.02450482 0.02421666 0.02856378 0.02048762
         oe         te
1 0.0203202 0.01679846
2 0.0000000 0.01286501
3 0.0270415 0.03494998

[[19]]
  delta         mu       mu_1       mu_0         de       se_1       se_0
1   0.5 0.02270690 0.01955243 0.02619626 0.02263149 0.01485624 0.02211452
2   1.0 0.01677045 0.01747835 0.01602456 0.01235230 0.00000000 0.00000000
3   2.0 0.03157685 0.03380200 0.02473969 0.02256690 0.02597868 0.01980234
          oe         te
1 0.01921014 0.01616981
2 0.00000000 0.01235230
3 0.02507997 0.03219121

[[20]]
  delta         mu       mu_1       mu_0        de       se_1       se_0
1   0.5 0.02396503 0.01900961 0.02760179 0.0220330 0.01586790 0.02439012
2   1.0 0.01680008 0.01740516 0.01642027 0.0128234 0.00000000 0.00000000
3   2.0 0.03074625 0.03355958 0.02476092 0.0254883 0.02664872 0.02154255
          oe         te
1 0.02168384 0.01567020
2 0.00000000 0.01282340
3 0.02565524 0.03326116

[1] "Total run time was 3262.581 seconds"
