Warning message:
package ‘SuperLearner’ was built under R version 4.1.3 
[1] "[Simulation setting]"
[1] "n: 500"
[1] "deltas: 0.5, 1, 2"
[1] "K: 2"
[1] "r: 100"
[1] "s: 1"
[1] "Sim.id 1"
[1] "Data generated and format changed"
[1] "   Split: 1"
Loading required namespace: nnet
Loading required namespace: ranger
[1] "   Split: 2"
[1] "Estimates and SE estimates computed"
[1] ""
[1] "Sim.id 2"
[1] "Data generated and format changed"
[1] "   Split: 1"
[1] "   Split: 2"
[1] "Estimates and SE estimates computed"
[1] ""
[1] "Sim.id 3"
[1] "Data generated and format changed"
[1] "   Split: 1"
[1] "   Split: 2"
[1] "Estimates and SE estimates computed"
[1] ""
[1] "Sim.id 4"
[1] "Data generated and format changed"
[1] "   Split: 1"
[1] "   Split: 2"
[1] "Estimates and SE estimates computed"
[1] ""
[1] "Sim.id 5"
[1] "Data generated and format changed"
[1] "   Split: 1"
[1] "   Split: 2"
[1] "Estimates and SE estimates computed"
[1] ""
[1] "Sim.id 6"
[1] "Data generated and format changed"
[1] "   Split: 1"
[1] "   Split: 2"
[1] "Estimates and SE estimates computed"
[1] ""
[1] "Sim.id 7"
[1] "Data generated and format changed"
[1] "   Split: 1"
[1] "   Split: 2"
[1] "Estimates and SE estimates computed"
[1] ""
[1] "Sim.id 8"
[1] "Data generated and format changed"
[1] "   Split: 1"
[1] "   Split: 2"
[1] "Estimates and SE estimates computed"
[1] ""
[1] "Sim.id 9"
[1] "Data generated and format changed"
[1] "   Split: 1"
[1] "   Split: 2"
[1] "Estimates and SE estimates computed"
[1] ""
[1] "Sim.id 10"
[1] "Data generated and format changed"
[1] "   Split: 1"
[1] "   Split: 2"
[1] "Estimates and SE estimates computed"
[1] ""
[1] "Sim.id 11"
[1] "Data generated and format changed"
[1] "   Split: 1"
[1] "   Split: 2"
[1] "Estimates and SE estimates computed"
[1] ""
[1] "Sim.id 12"
[1] "Data generated and format changed"
[1] "   Split: 1"
[1] "   Split: 2"
[1] "Estimates and SE estimates computed"
[1] ""
[1] "Sim.id 13"
[1] "Data generated and format changed"
[1] "   Split: 1"
[1] "   Split: 2"
[1] "Estimates and SE estimates computed"
[1] ""
[1] "Sim.id 14"
[1] "Data generated and format changed"
[1] "   Split: 1"
[1] "   Split: 2"
[1] "Estimates and SE estimates computed"
[1] ""
[1] "Sim.id 15"
[1] "Data generated and format changed"
[1] "   Split: 1"
[1] "   Split: 2"
[1] "Estimates and SE estimates computed"
[1] ""
[1] "Sim.id 16"
[1] "Data generated and format changed"
[1] "   Split: 1"
[1] "   Split: 2"
[1] "Estimates and SE estimates computed"
[1] ""
[1] "Sim.id 17"
[1] "Data generated and format changed"
[1] "   Split: 1"
[1] "   Split: 2"
[1] "Estimates and SE estimates computed"
[1] ""
[1] "Sim.id 18"
[1] "Data generated and format changed"
[1] "   Split: 1"
[1] "   Split: 2"
[1] "Estimates and SE estimates computed"
[1] ""
[1] "Sim.id 19"
[1] "Data generated and format changed"
[1] "   Split: 1"
[1] "   Split: 2"
[1] "Estimates and SE estimates computed"
[1] ""
[1] "Sim.id 20"
[1] "Data generated and format changed"
[1] "   Split: 1"
[1] "   Split: 2"
[1] "Estimates and SE estimates computed"
[1] ""
[[1]]
  delta        mu      mu_1      mu_0         de        se_1        se_0
1   0.5 0.8091872 0.6827929 0.8908105 -0.2080176  0.03925793  0.03126309
2   1.0 0.7360819 0.6435350 0.8595474 -0.2160124  0.00000000  0.00000000
3   2.0 0.6566225 0.5948006 0.8323059 -0.2375053 -0.04873441 -0.02724155
           oe         te
1  0.07310525 -0.1767545
2  0.00000000 -0.2160124
3 -0.07945947 -0.2647468

[[2]]
  delta        mu      mu_1      mu_0         de         se_1         se_0
1   0.5 0.8127624 0.6938812 0.8944075 -0.2005264  0.029100747  0.041723035
2   1.0 0.7434031 0.6647804 0.8526845 -0.1879041  0.000000000  0.000000000
3   2.0 0.7099422 0.6595723 0.8453406 -0.1857683 -0.005208127 -0.007343939
           oe         te
1  0.06935928 -0.1588033
2  0.00000000 -0.1879041
3 -0.03346096 -0.1931122

[[3]]
  delta        mu      mu_1      mu_0         de        se_1        se_0
1   0.5 0.8510974 0.7135423 0.9404726 -0.2269302  0.01435123  0.04254840
2   1.0 0.7848988 0.6991911 0.8979242 -0.1987331  0.00000000  0.00000000
3   2.0 0.7207469 0.6683762 0.8658453 -0.1974692 -0.03081494 -0.03207885
           oe         te
1  0.06619868 -0.1843818
2  0.00000000 -0.1987331
3 -0.06415185 -0.2295480

[[4]]
  delta        mu      mu_1      mu_0         de         se_1         se_0
1   0.5 0.7789993 0.6750752 0.8513776 -0.1763024  0.008400409 0.0045710965
2   1.0 0.7445427 0.6666748 0.8468065 -0.1801317  0.000000000 0.0000000000
3   2.0 0.6903071 0.6319183 0.8470125 -0.2150942 -0.034756506 0.0002059688
           oe         te
1  0.03445653 -0.1717313
2  0.00000000 -0.1801317
3 -0.05423559 -0.2148882

[[5]]
  delta        mu      mu_1      mu_0         de         se_1         se_0
1   0.5 0.7248749 0.6512759 0.7863497 -0.1350737  0.009493301 -0.030873030
2   1.0 0.7130533 0.6417826 0.8172227 -0.1754401  0.000000000  0.000000000
3   2.0 0.6666845 0.6164538 0.8141446 -0.1976908 -0.025328816 -0.003078099
           oe         te
1  0.01182162 -0.1659468
2  0.00000000 -0.1754401
3 -0.04636880 -0.2007689

[[6]]
  delta        mu      mu_1      mu_0         de         se_1          se_0
1   0.5 0.7734675 0.6602195 0.8512514 -0.1910320 -0.006805592 -2.072902e-05
2   1.0 0.7466196 0.6670251 0.8512722 -0.1842471  0.000000000  0.000000e+00
3   2.0 0.6976225 0.6426163 0.8410892 -0.1984729 -0.024408765 -1.018299e-02
           oe         te
1  0.02684784 -0.1910527
2  0.00000000 -0.1842471
3 -0.04899717 -0.2086559

[[7]]
  delta        mu      mu_1      mu_0         de        se_1        se_0
1   0.5 0.7794355 0.6734625 0.8501473 -0.1766847  0.04150893  0.02305527
2   1.0 0.7153771 0.6319536 0.8270920 -0.1951384  0.00000000  0.00000000
3   2.0 0.6532858 0.6082609 0.7831159 -0.1748550 -0.02369272 -0.04397605
           oe         te
1  0.06405845 -0.1536294
2  0.00000000 -0.1951384
3 -0.06209121 -0.2188311

[[8]]
  delta        mu      mu_1      mu_0         de        se_1        se_0
1   0.5 0.8318785 0.7111740 0.9067807 -0.1956067  0.02379711  0.03675697
2   1.0 0.7667774 0.6873769 0.8700238 -0.1826469  0.00000000  0.00000000
3   2.0 0.7162367 0.6645707 0.8498381 -0.1852674 -0.02280613 -0.02018566
           oe         te
1  0.06510109 -0.1588498
2  0.00000000 -0.1826469
3 -0.05054064 -0.2054530

[[9]]
  delta        mu      mu_1      mu_0         de        se_1        se_0
1   0.5 0.8472882 0.7347936 0.9142964 -0.1795028  0.03263156  0.01986385
2   1.0 0.7894161 0.7021621 0.8944325 -0.1922705  0.00000000  0.00000000
3   2.0 0.7197393 0.6592350 0.8672119 -0.2079769 -0.04292706 -0.02722064
           oe         te
1  0.05787213 -0.1596389
2  0.00000000 -0.1922705
3 -0.06967679 -0.2351975

[[10]]
  delta        mu      mu_1      mu_0         de        se_1        se_0
1   0.5 0.8517299 0.7219187 0.9305263 -0.2086076  0.03499750  0.04753655
2   1.0 0.7752676 0.6869212 0.8829897 -0.1960685  0.00000000  0.00000000
3   2.0 0.7282337 0.6745368 0.8558522 -0.1813154 -0.01238441 -0.02713756
           oe         te
1  0.07646226 -0.1610710
2  0.00000000 -0.1960685
3 -0.04703390 -0.2084530

[[11]]
  delta        mu      mu_1      mu_0         de         se_1        se_0
1   0.5 0.7685675 0.6798735 0.8333658 -0.1534923 -0.005062497 -0.02538819
2   1.0 0.7569756 0.6849360 0.8587540 -0.1738180  0.000000000  0.00000000
3   2.0 0.7419730 0.6902692 0.8778742 -0.1876049  0.005333216  0.01912017
           oe         te
1  0.01159182 -0.1788805
2  0.00000000 -0.1738180
3 -0.01500264 -0.1684848

[[12]]
  delta        mu      mu_1      mu_0         de        se_1        se_0
1   0.5 0.8143380 0.6761359 0.9022514 -0.2261156  0.04035799  0.06524728
2   1.0 0.7240851 0.6357779 0.8370041 -0.2012263  0.00000000  0.00000000
3   2.0 0.6639312 0.6052421 0.8181307 -0.2128887 -0.03053582 -0.01887341
           oe         te
1  0.09025292 -0.1608683
2  0.00000000 -0.2012263
3 -0.06015387 -0.2317621

[[13]]
  delta        mu      mu_1      mu_0         de        se_1        se_0
1   0.5 0.8063947 0.7122867 0.8716177 -0.1593310  0.03485181  0.01770756
2   1.0 0.7511031 0.6774348 0.8539101 -0.1764753  0.00000000  0.00000000
3   2.0 0.7026801 0.6550893 0.8375173 -0.1824280 -0.02234557 -0.01639279
           oe         te
1  0.05529155 -0.1416235
2  0.00000000 -0.1764753
3 -0.04842308 -0.1988208

[[14]]
  delta        mu      mu_1      mu_0         de        se_1        se_0
1   0.5 0.7989693 0.6938218 0.8743603 -0.1805385  0.04321102  0.02938569
2   1.0 0.7313415 0.6506108 0.8449746 -0.1943639  0.00000000  0.00000000
3   2.0 0.6912922 0.6371820 0.8388746 -0.2016926 -0.01342877 -0.00610006
           oe         te
1  0.06762783 -0.1511528
2  0.00000000 -0.1943639
3 -0.04004924 -0.2077926

[[15]]
  delta        mu      mu_1      mu_0         de         se_1        se_0
1   0.5 0.8120413 0.6921490 0.8877762 -0.1956272  0.017855047  0.01826425
2   1.0 0.7596174 0.6742939 0.8695119 -0.1952180  0.000000000  0.00000000
3   2.0 0.7185285 0.6664241 0.8516000 -0.1851758 -0.007869818 -0.01791198
           oe         te
1  0.05242386 -0.1773630
2  0.00000000 -0.1952180
3 -0.04108890 -0.2030878

[[16]]
  delta        mu      mu_1      mu_0         de         se_1         se_0
1   0.5 0.7964010 0.7043613 0.8641694 -0.1598081 -0.008175906 -0.008116341
2   1.0 0.7788935 0.7125372 0.8722857 -0.1597486  0.000000000  0.000000000
3   2.0 0.8243610 0.7908231 0.9045330 -0.1137099  0.078285933  0.032247305
          oe          te
1 0.01750757 -0.16792448
2 0.00000000 -0.15974857
3 0.04546754 -0.08146264

[[17]]
  delta        mu      mu_1      mu_0         de       se_1       se_0
1   0.5 0.7769669 0.6680751 0.8480681 -0.1799929 0.02393510 0.02416816
2   1.0 0.7200821 0.6441400 0.8238999 -0.1797599 0.00000000 0.00000000
3   2.0 0.7092178 0.6559256 0.8464624 -0.1905367 0.01178563 0.02256248
           oe         te
1  0.05688474 -0.1558248
2  0.00000000 -0.1797599
3 -0.01086433 -0.1679743

[[18]]
  delta        mu      mu_1      mu_0         de        se_1        se_0
1   0.5 0.8555772 0.7301487 0.9322370 -0.2020883  0.03455695  0.04416618
2   1.0 0.7807184 0.6955917 0.8880708 -0.1924791  0.00000000  0.00000000
3   2.0 0.7001349 0.6420378 0.8479447 -0.2059069 -0.05355397 -0.04012614
           oe         te
1  0.07485874 -0.1579221
2  0.00000000 -0.1924791
3 -0.08058351 -0.2460330

[[19]]
  delta        mu      mu_1      mu_0         de        se_1        se_0
1   0.5 0.8398985 0.6929418 0.9286658 -0.2357239  0.01116355  0.05075677
2   1.0 0.7709396 0.6817783 0.8779090 -0.1961307  0.00000000  0.00000000
3   2.0 0.7228847 0.6658233 0.8579356 -0.1921123 -0.01595500 -0.01997339
           oe         te
1  0.06895882 -0.1849672
2  0.00000000 -0.1961307
3 -0.04805497 -0.2120857

[[20]]
  delta        mu      mu_1      mu_0         de         se_1         se_0
1   0.5 0.7618177 0.6599075 0.8336270 -0.1737196 -0.001572826 -0.004563763
2   1.0 0.7352855 0.6614803 0.8381908 -0.1767105  0.000000000  0.000000000
3   2.0 0.7277018 0.6845050 0.8519173 -0.1674123  0.023024751  0.013726541
            oe         te
1  0.026532218 -0.1782833
2  0.000000000 -0.1767105
3 -0.007583733 -0.1536858

[[1]]
  delta         mu       mu_1       mu_0         de       se_1       se_0
1   0.5 0.02481437 0.02203845 0.02832775 0.02575127 0.01759797 0.02387848
2   1.0 0.01742456 0.01771302 0.01704093 0.01291853 0.00000000 0.00000000
3   2.0 0.03146364 0.03414035 0.02352061 0.02337322 0.02733632 0.01911464
          oe         te
1 0.02056914 0.01850275
2 0.00000000 0.01291853
3 0.02587585 0.03294995

[[2]]
  delta         mu       mu_1       mu_0         de       se_1       se_0
1   0.5 0.02581846 0.02013003 0.03001547 0.02412642 0.01634718 0.02544582
2   1.0 0.01826615 0.01859230 0.01748927 0.01263883 0.00000000 0.00000000
3   2.0 0.03520878 0.03717711 0.02689453 0.02202796 0.02778743 0.02030214
          oe         te
1 0.02211066 0.01689957
2 0.00000000 0.01263883
3 0.02707439 0.03443196

[[3]]
  delta         mu       mu_1       mu_0         de       se_1       se_0
1   0.5 0.02580493 0.01938097 0.03085210 0.02497052 0.01643483 0.02714636
2   1.0 0.01690729 0.01735898 0.01637136 0.01297291 0.00000000 0.00000000
3   2.0 0.03312726 0.03546188 0.02714302 0.02598105 0.02793590 0.02229969
          oe         te
1 0.02315879 0.01656447
2 0.00000000 0.01297291
3 0.02671213 0.03395914

[[4]]
  delta         mu       mu_1       mu_0         de       se_1       se_0
1   0.5 0.02371755 0.01959336 0.02721429 0.02147545 0.01620982 0.02285619
2   1.0 0.01696899 0.01789390 0.01608973 0.01272154 0.00000000 0.00000000
3   2.0 0.03091910 0.03303925 0.02458347 0.02219035 0.02520219 0.02045905
          oe         te
1 0.02053684 0.01580292
2 0.00000000 0.01272154
3 0.02462722 0.03183684

[[5]]
  delta         mu       mu_1       mu_0         de       se_1       se_0
1   0.5 0.02309970 0.01909278 0.02610399 0.01976016 0.01557196 0.02338713
2   1.0 0.01843141 0.01887182 0.01754031 0.01195512 0.00000000 0.00000000
3   2.0 0.04557252 0.05392770 0.02672912 0.04263769 0.04921091 0.02087604
          oe         te
1 0.02077492 0.01554156
2 0.00000000 0.01195512
3 0.04120852 0.05322087

[[6]]
  delta         mu       mu_1       mu_0         de       se_1       se_0
1   0.5 0.02407711 0.01971207 0.02845407 0.02447033 0.01499686 0.02422437
2   1.0 0.01621422 0.01646383 0.01613670 0.01246938 0.00000000 0.00000000
3   2.0 0.02682481 0.02888587 0.02209900 0.02106006 0.02294728 0.01855881
          oe         te
1 0.02044709 0.01555803
2 0.00000000 0.01246938
3 0.02224706 0.02928625

[[7]]
  delta         mu       mu_1       mu_0         de       se_1       se_0
1   0.5 0.02432411 0.01992613 0.02692041 0.01924300 0.01481201 0.02139063
2   1.0 0.01785970 0.01759084 0.01799303 0.01204957 0.00000000 0.00000000
3   2.0 0.02979863 0.03219359 0.02426799 0.02186413 0.02407791 0.01790931
          oe         te
1 0.01936241 0.01506902
2 0.00000000 0.01204957
3 0.02255795 0.02985335

[[8]]
  delta         mu       mu_1       mu_0         de       se_1       se_0
1   0.5 0.02485530 0.01976434 0.02811572 0.02081613 0.01496418 0.02277935
2   1.0 0.01694249 0.01737656 0.01663739 0.01266967 0.00000000 0.00000000
3   2.0 0.02793124 0.03000831 0.02440347 0.02333656 0.02314393 0.02042943
          oe         te
1 0.02015962 0.01445566
2 0.00000000 0.01266967
3 0.02277670 0.03014594

[[9]]
  delta         mu       mu_1       mu_0         de       se_1       se_0
1   0.5 0.02673254 0.02205270 0.02932223 0.02047383 0.01595131 0.02329363
2   1.0 0.01836511 0.01850635 0.01769253 0.01209563 0.00000000 0.00000000
3   2.0 0.02853619 0.03052217 0.02330070 0.02113806 0.02359673 0.01875771
          oe         te
1 0.02140030 0.01569574
2 0.00000000 0.01209563
3 0.02284175 0.02955397

[[10]]
  delta         mu       mu_1       mu_0         de       se_1       se_0
1   0.5 0.02539230 0.01973515 0.02954112 0.02372009 0.01501522 0.02498746
2   1.0 0.01791956 0.01809221 0.01761798 0.01259689 0.00000000 0.00000000
3   2.0 0.03109120 0.03369491 0.02428466 0.02382362 0.02644061 0.01849824
          oe         te
1 0.02143384 0.01519697
2 0.00000000 0.01259689
3 0.02481173 0.03275117

[[11]]
  delta         mu       mu_1       mu_0         de       se_1       se_0
1   0.5 0.02267431 0.01881258 0.02570452 0.01979056 0.01463399 0.02010338
2   1.0 0.01713877 0.01749612 0.01685404 0.01275099 0.00000000 0.00000000
3   2.0 0.03343230 0.03546436 0.02703359 0.02430084 0.02830041 0.02123349
          oe         te
1 0.01799559 0.01545623
2 0.00000000 0.01275099
3 0.02695039 0.03352148

[[12]]
  delta         mu       mu_1       mu_0         de       se_1       se_0
1   0.5 0.02551958 0.02087657 0.02931443 0.02337947 0.01732048 0.02529292
2   1.0 0.01643169 0.01666090 0.01633136 0.01192165 0.00000000 0.00000000
3   2.0 0.02808107 0.02989274 0.02311682 0.02071388 0.02256082 0.01794743
          oe         te
1 0.02189491 0.01812469
2 0.00000000 0.01192165
3 0.02203867 0.02879554

[[13]]
  delta         mu       mu_1       mu_0         de       se_1       se_0
1   0.5 0.02384341 0.01931629 0.02690907 0.02026522 0.01463550 0.02311800
2   1.0 0.01708161 0.01744836 0.01658225 0.01154330 0.00000000 0.00000000
3   2.0 0.03034216 0.03313553 0.02379446 0.02371273 0.02614369 0.01858858
          oe         te
1 0.02030267 0.01508314
2 0.00000000 0.01154330
3 0.02428679 0.03135374

[[14]]
  delta         mu       mu_1       mu_0         de       se_1       se_0
1   0.5 0.02314324 0.02012330 0.02603523 0.02018520 0.01505974 0.02081846
2   1.0 0.01710365 0.01771416 0.01697033 0.01327828 0.00000000 0.00000000
3   2.0 0.03003458 0.03273435 0.02231239 0.02299493 0.02584111 0.01855309
          oe         te
1 0.01847898 0.01592026
2 0.00000000 0.01327828
3 0.02468288 0.03284888

[[15]]
  delta         mu       mu_1       mu_0         de       se_1       se_0
1   0.5 0.02548332 0.02186661 0.02857229 0.02203287 0.01732907 0.02405518
2   1.0 0.01796940 0.01831491 0.01731038 0.01239045 0.00000000 0.00000000
3   2.0 0.03210576 0.03475582 0.02496310 0.02440420 0.02713814 0.01953832
          oe         te
1 0.02199223 0.01770768
2 0.00000000 0.01239045
3 0.02546271 0.03303301

[[16]]
  delta         mu       mu_1       mu_0         de       se_1       se_0
1   0.5 0.02252564 0.01930425 0.02477999 0.01887956 0.01458865 0.01931068
2   1.0 0.01771805 0.01812317 0.01701016 0.01254316 0.00000000 0.00000000
3   2.0 0.04412594 0.04842976 0.02876364 0.03162318 0.04181577 0.02535451
          oe         te
1 0.01789745 0.01425801
2 0.00000000 0.01254316
3 0.03910609 0.04763231

[[17]]
  delta         mu       mu_1       mu_0         de       se_1       se_0
1   0.5 0.02310312 0.01902906 0.02642491 0.02104225 0.01472100 0.02189133
2   1.0 0.01571930 0.01662744 0.01562052 0.01324487 0.00000000 0.00000000
3   2.0 0.03015349 0.03313341 0.02324735 0.02399863 0.02766285 0.01996363
          oe         te
1 0.01967818 0.01533190
2 0.00000000 0.01324487
3 0.02588252 0.03337294

[[18]]
  delta         mu       mu_1       mu_0         de       se_1       se_0
1   0.5 0.02366342 0.01917114 0.02654415 0.01935591 0.01492520 0.02107896
2   1.0 0.01767742 0.01822656 0.01702675 0.01305715 0.00000000 0.00000000
3   2.0 0.03908924 0.04212115 0.02725517 0.02708295 0.03447358 0.02278726
          oe         te
1 0.01940804 0.01443853
2 0.00000000 0.01305715
3 0.03286420 0.04086736

[[19]]
  delta         mu       mu_1       mu_0         de       se_1       se_0
1   0.5 0.02500616 0.01973588 0.02887309 0.02167375 0.01584634 0.02353733
2   1.0 0.01685643 0.01758290 0.01631580 0.01209177 0.00000000 0.00000000
3   2.0 0.03535525 0.03975007 0.02500876 0.02824167 0.03221691 0.01970184
          oe         te
1 0.02094536 0.01537756
2 0.00000000 0.01209177
3 0.02887555 0.03770429

[[20]]
  delta         mu       mu_1       mu_0         de       se_1       se_0
1   0.5 0.02116114 0.01911624 0.02372984 0.02009176 0.01540452 0.01889200
2   1.0 0.01732444 0.01811169 0.01673957 0.01326490 0.00000000 0.00000000
3   2.0 0.03287485 0.03542715 0.02632205 0.02450395 0.02701107 0.02091787
         oe         te
1 0.0177839 0.01609074
2 0.0000000 0.01326490
3 0.0255781 0.03337112

[[1]]
  delta        mu      mu_1     mu_0         de        se_1        se_0
1   0.5 0.8089726 0.6827661 0.890500 -0.2077339  0.03919909  0.03110800
2   1.0 0.7360613 0.6435670 0.859392 -0.2158250  0.00000000  0.00000000
3   2.0 0.6559498 0.5939514 0.831775 -0.2378236 -0.04961556 -0.02761704
           oe         te
1  0.07291132 -0.1766259
2  0.00000000 -0.2158250
3 -0.08011154 -0.2654406

[[2]]
  delta        mu      mu_1      mu_0         de         se_1         se_0
1   0.5 0.8125417 0.6939033 0.8941378 -0.2002345  0.028855104  0.041224099
2   1.0 0.7437045 0.6650482 0.8529137 -0.1878655  0.000000000  0.000000000
3   2.0 0.7104942 0.6600509 0.8456157 -0.1855648 -0.004997291 -0.007297994
           oe         te
1  0.06883716 -0.1590104
2  0.00000000 -0.1878655
3 -0.03321029 -0.1928628

[[3]]
  delta        mu      mu_1      mu_0         de        se_1        se_0
1   0.5 0.8513521 0.7131195 0.9412966 -0.2281771  0.01340327  0.04333394
2   1.0 0.7852140 0.6997162 0.8979627 -0.1982465  0.00000000  0.00000000
3   2.0 0.7208135 0.6685828 0.8657849 -0.1972021 -0.03113341 -0.03217781
           oe         te
1  0.06613809 -0.1848432
2  0.00000000 -0.1982465
3 -0.06440043 -0.2293799

[[4]]
  delta        mu      mu_1      mu_0         de         se_1        se_0
1   0.5 0.7790602 0.6749261 0.8515667 -0.1766406  0.008284592 0.004523156
2   1.0 0.7446148 0.6666415 0.8470436 -0.1804021  0.000000000 0.000000000
3   2.0 0.6906137 0.6321495 0.8476079 -0.2154584 -0.034491991 0.000564323
           oe         te
1  0.03444537 -0.1721175
2  0.00000000 -0.1804021
3 -0.05400107 -0.2148941

[[5]]
  delta        mu      mu_1      mu_0         de         se_1        se_0
1   0.5 0.7242431 0.6512564 0.7852365 -0.1339801  0.009455359 -0.03193409
2   1.0 0.7130465 0.6418010 0.8171705 -0.1753695  0.000000000  0.00000000
3   2.0 0.6662053 0.6158568 0.8143014 -0.1984446 -0.025944249 -0.00286918
           oe         te
1  0.01119654 -0.1659141
2  0.00000000 -0.1753695
3 -0.04684122 -0.2013138

[[6]]
  delta        mu      mu_1      mu_0         de         se_1          se_0
1   0.5 0.7720335 0.6591905 0.8497109 -0.1905204 -0.008400891 -0.0008551551
2   1.0 0.7467932 0.6675914 0.8505661 -0.1829747  0.000000000  0.0000000000
3   2.0 0.7000500 0.6447767 0.8427511 -0.1979744 -0.022814694 -0.0078150075
           oe         te
1  0.02524033 -0.1913756
2  0.00000000 -0.1829747
3 -0.04674318 -0.2057894

[[7]]
  delta        mu      mu_1      mu_0         de        se_1        se_0
1   0.5 0.7808574 0.6760082 0.8510572 -0.1750490  0.04255191  0.02186557
2   1.0 0.7171785 0.6334563 0.8291916 -0.1957354  0.00000000  0.00000000
3   2.0 0.6523411 0.6062566 0.7839755 -0.1777189 -0.02719970 -0.04521612
           oe         te
1  0.06367898 -0.1531834
2  0.00000000 -0.1957354
3 -0.06483733 -0.2229351

[[8]]
  delta        mu      mu_1      mu_0         de        se_1        se_0
1   0.5 0.8315924 0.7110088 0.9071012 -0.1960924  0.02510714  0.03798764
2   1.0 0.7652208 0.6859016 0.8691136 -0.1832119  0.00000000  0.00000000
3   2.0 0.7140453 0.6625717 0.8485839 -0.1860121 -0.02332989 -0.02052971
           oe         te
1  0.06637163 -0.1581048
2  0.00000000 -0.1832119
3 -0.05117547 -0.2065418

[[9]]
  delta        mu      mu_1      mu_0         de        se_1        se_0
1   0.5 0.8482458 0.7349121 0.9159862 -0.1810741  0.03240553  0.02151566
2   1.0 0.7893428 0.7025066 0.8944705 -0.1919639  0.00000000  0.00000000
3   2.0 0.7207165 0.6603809 0.8682896 -0.2079087 -0.04212566 -0.02618093
           oe         te
1  0.05890300 -0.1595584
2  0.00000000 -0.1919639
3 -0.06862634 -0.2340896

[[10]]
  delta        mu      mu_1      mu_0         de        se_1        se_0
1   0.5 0.8507919 0.7217046 0.9293240 -0.2076194  0.03642003  0.04858111
2   1.0 0.7733222 0.6852846 0.8807429 -0.1954583  0.00000000  0.00000000
3   2.0 0.7257078 0.6718062 0.8534583 -0.1816521 -0.01347841 -0.02728457
           oe         te
1  0.07746970 -0.1590382
2  0.00000000 -0.1954583
3 -0.04761433 -0.2089367

[[11]]
  delta        mu      mu_1      mu_0         de         se_1        se_0
1   0.5 0.7690860 0.6805432 0.8333840 -0.1528408 -0.003371812 -0.02367578
2   1.0 0.7556584 0.6839150 0.8570598 -0.1731447  0.000000000  0.00000000
3   2.0 0.7420348 0.6911601 0.8762125 -0.1850524  0.007245049  0.01915273
           oe         te
1  0.01342762 -0.1765165
2  0.00000000 -0.1731447
3 -0.01362358 -0.1658997

[[12]]
  delta        mu      mu_1      mu_0         de        se_1        se_0
1   0.5 0.8111646 0.6728916 0.8989685 -0.2260768  0.03824975  0.06344713
2   1.0 0.7227213 0.6346419 0.8355213 -0.2008794  0.00000000  0.00000000
3   2.0 0.6658302 0.6074587 0.8188636 -0.2114049 -0.02718317 -0.01665769
           oe         te
1  0.08844326 -0.1626297
2  0.00000000 -0.2008794
3 -0.05689109 -0.2280626

[[13]]
  delta        mu      mu_1      mu_0         de        se_1        se_0
1   0.5 0.8064639 0.7122711 0.8716783 -0.1594072  0.03473991  0.01778468
2   1.0 0.7511633 0.6775312 0.8538936 -0.1763624  0.00000000  0.00000000
3   2.0 0.7032537 0.6556503 0.8380284 -0.1823781 -0.02188089 -0.01586523
           oe         te
1  0.05530065 -0.1416225
2  0.00000000 -0.1763624
3 -0.04790952 -0.1982433

[[14]]
  delta        mu      mu_1      mu_0         de        se_1         se_0
1   0.5 0.8003307 0.6955372 0.8749981 -0.1794609  0.04318347  0.029248324
2   1.0 0.7329250 0.6523537 0.8457498 -0.1933961  0.00000000  0.000000000
3   2.0 0.6906789 0.6364206 0.8392509 -0.2028303 -0.01593312 -0.006498916
           oe         te
1  0.06740569 -0.1502126
2  0.00000000 -0.1933961
3 -0.04224609 -0.2093292

[[15]]
  delta        mu      mu_1      mu_0         de         se_1        se_0
1   0.5 0.8140236 0.6929572 0.8906091 -0.1976520  0.018536117  0.02082982
2   1.0 0.7598223 0.6744211 0.8697793 -0.1953583  0.000000000  0.00000000
3   2.0 0.7181374 0.6653224 0.8520656 -0.1867433 -0.009098711 -0.01771368
           oe         te
1  0.05420127 -0.1768221
2  0.00000000 -0.1953583
3 -0.04168491 -0.2044570

[[16]]
  delta        mu      mu_1      mu_0         de         se_1         se_0
1   0.5 0.7994996 0.7052585 0.8677053 -0.1624468 -0.006337796 -0.004357029
2   1.0 0.7783193 0.7115963 0.8720623 -0.1604660  0.000000000  0.000000000
3   2.0 0.8245927 0.7912262 0.9042699 -0.1130437  0.079629954  0.032207654
          oe          te
1 0.02118030 -0.16680381
2 0.00000000 -0.16046602
3 0.04627335 -0.08083606

[[17]]
  delta        mu      mu_1      mu_0         de        se_1       se_0
1   0.5 0.7763878 0.6675666 0.8475055 -0.1799389 0.023321072 0.02319402
2   1.0 0.7203186 0.6442455 0.8243115 -0.1800660 0.000000000 0.00000000
3   2.0 0.7079625 0.6539944 0.8465691 -0.1925747 0.009748885 0.02225758
           oe         te
1  0.05606919 -0.1567449
2  0.00000000 -0.1800660
3 -0.01235606 -0.1703171

[[18]]
  delta        mu      mu_1      mu_0         de        se_1        se_0
1   0.5 0.8541135 0.7291277 0.9305593 -0.2014317  0.03350943  0.04316236
2   1.0 0.7804993 0.6956182 0.8873970 -0.1917787  0.00000000  0.00000000
3   2.0 0.7018278 0.6439467 0.8483323 -0.2043856 -0.05167151 -0.03906464
           oe         te
1  0.07361420 -0.1582693
2  0.00000000 -0.1917787
3 -0.07867154 -0.2434503

[[19]]
  delta        mu      mu_1      mu_0         de        se_1        se_0
1   0.5 0.8386901 0.6916055 0.9275335 -0.2359279  0.01194718  0.05045832
2   1.0 0.7692304 0.6796583 0.8770751 -0.1974168  0.00000000  0.00000000
3   2.0 0.7180494 0.6608335 0.8554223 -0.1945889 -0.01882489 -0.02165280
           oe         te
1  0.06945970 -0.1854696
2  0.00000000 -0.1974168
3 -0.05118103 -0.2162417

[[20]]
  delta        mu      mu_1      mu_0         de         se_1         se_0
1   0.5 0.7607424 0.6581430 0.8329321 -0.1747891 -0.002865333 -0.004150438
2   1.0 0.7344558 0.6610083 0.8370825 -0.1760742  0.000000000  0.000000000
3   2.0 0.7290313 0.6865717 0.8510567 -0.1644850  0.025563391  0.013974175
            oe         te
1  0.026286569 -0.1789395
2  0.000000000 -0.1760742
3 -0.005424511 -0.1505108

[[1]]
  delta         mu       mu_1       mu_0         de       se_1       se_0
1   0.5 0.02477413 0.02203822 0.02829471 0.02579788 0.01760936 0.02387962
2   1.0 0.01741507 0.01770636 0.01702811 0.01291204 0.00000000 0.00000000
3   2.0 0.03156383 0.03424296 0.02359774 0.02342355 0.02742037 0.01917611
          oe         te
1 0.02055077 0.01853907
2 0.00000000 0.01291204
3 0.02595643 0.03301840

[[2]]
  delta         mu       mu_1       mu_0         de       se_1       se_0
1   0.5 0.02579063 0.02011747 0.02999066 0.02413685 0.01634768 0.02543509
2   1.0 0.01826733 0.01860632 0.01747769 0.01263654 0.00000000 0.00000000
3   2.0 0.03525721 0.03723612 0.02691387 0.02207871 0.02782038 0.02031721
          oe         te
1 0.02209915 0.01690826
2 0.00000000 0.01263654
3 0.02710401 0.03447168

[[3]]
  delta         mu       mu_1       mu_0         de       se_1       se_0
1   0.5 0.02565133 0.01940933 0.03067546 0.02509266 0.01646311 0.02701294
2   1.0 0.01685494 0.01732080 0.01632854 0.01295901 0.00000000 0.00000000
3   2.0 0.03294966 0.03527538 0.02697805 0.02589999 0.02771366 0.02210559
          oe         te
1 0.02301543 0.01662498
2 0.00000000 0.01295901
3 0.02650766 0.03376781

[[4]]
  delta         mu       mu_1       mu_0         de       se_1       se_0
1   0.5 0.02373410 0.01958500 0.02722666 0.02144163 0.01619450 0.02286147
2   1.0 0.01696244 0.01788513 0.01607627 0.01270712 0.00000000 0.00000000
3   2.0 0.03095733 0.03308696 0.02459228 0.02225118 0.02526594 0.02048154
          oe         te
1 0.02054410 0.01576590
2 0.00000000 0.01270712
3 0.02467552 0.03187851

[[5]]
  delta         mu       mu_1       mu_0         de       se_1       se_0
1   0.5 0.02299777 0.01906639 0.02591030 0.01950907 0.01557065 0.02320819
2   1.0 0.01844313 0.01887884 0.01755583 0.01193823 0.00000000 0.00000000
3   2.0 0.04562478 0.05397138 0.02678036 0.04265432 0.04924930 0.02088110
          oe         te
1 0.02068473 0.01553990
2 0.00000000 0.01193823
3 0.04124749 0.05325394

[[6]]
  delta         mu       mu_1       mu_0         de       se_1       se_0
1   0.5 0.02439113 0.01985641 0.02887213 0.02477342 0.01518899 0.02463463
2   1.0 0.01622450 0.01646123 0.01615577 0.01247299 0.00000000 0.00000000
3   2.0 0.02677706 0.02879991 0.02213315 0.02097671 0.02289882 0.01863622
          oe         te
1 0.02074253 0.01567893
2 0.00000000 0.01247299
3 0.02221540 0.02919352

[[7]]
  delta         mu       mu_1       mu_0         de       se_1       se_0
1   0.5 0.02381498 0.01960961 0.02647489 0.01917398 0.01460524 0.02117887
2   1.0 0.01783050 0.01762869 0.01793754 0.01213255 0.00000000 0.00000000
3   2.0 0.02957356 0.03204610 0.02392335 0.02183294 0.02389175 0.01766106
          oe         te
1 0.01910209 0.01493142
2 0.00000000 0.01213255
3 0.02235722 0.02976982

[[8]]
  delta         mu       mu_1       mu_0         de       se_1       se_0
1   0.5 0.02481464 0.01980955 0.02804988 0.02078876 0.01502979 0.02268963
2   1.0 0.01699948 0.01743465 0.01667650 0.01267269 0.00000000 0.00000000
3   2.0 0.02804378 0.03011220 0.02446954 0.02333592 0.02317107 0.02047961
          oe         te
1 0.02010514 0.01448327
2 0.00000000 0.01267269
3 0.02281937 0.03018413

[[9]]
  delta         mu       mu_1       mu_0         de       se_1       se_0
1   0.5 0.02645487 0.02197920 0.02888445 0.02011655 0.01592610 0.02293754
2   1.0 0.01835716 0.01849234 0.01765589 0.01209374 0.00000000 0.00000000
3   2.0 0.02859877 0.03060588 0.02322279 0.02120737 0.02361297 0.01857973
          oe         te
1 0.02115507 0.01569437
2 0.00000000 0.01209374
3 0.02282536 0.02957694

[[10]]
  delta         mu       mu_1       mu_0         de       se_1       se_0
1   0.5 0.02539526 0.01977195 0.02951839 0.02366925 0.01510108 0.02497654
2   1.0 0.01794786 0.01813535 0.01761544 0.01258353 0.00000000 0.00000000
3   2.0 0.03155435 0.03417502 0.02442600 0.02420288 0.02681661 0.01870966
          oe         te
1 0.02146409 0.01519405
2 0.00000000 0.01258353
3 0.02520344 0.03317731

[[11]]
  delta         mu       mu_1       mu_0         de       se_1       se_0
1   0.5 0.02260437 0.01879579 0.02555395 0.01961338 0.01461150 0.01998193
2   1.0 0.01712263 0.01746444 0.01683887 0.01269581 0.00000000 0.00000000
3   2.0 0.03339832 0.03536073 0.02702562 0.02410449 0.02817051 0.02123832
          oe         te
1 0.01791252 0.01542919
2 0.00000000 0.01269581
3 0.02689518 0.03339712

[[12]]
  delta         mu       mu_1       mu_0         de       se_1       se_0
1   0.5 0.02530722 0.02081164 0.02905498 0.02336154 0.01720087 0.02502625
2   1.0 0.01640017 0.01666004 0.01628628 0.01193226 0.00000000 0.00000000
3   2.0 0.02843728 0.03031454 0.02316921 0.02093954 0.02293368 0.01796595
          oe         te
1 0.02168698 0.01799047
2 0.00000000 0.01193226
3 0.02233919 0.02917104

[[13]]
  delta         mu       mu_1       mu_0         de       se_1       se_0
1   0.5 0.02386511 0.01929609 0.02694924 0.02025036 0.01465856 0.02315404
2   1.0 0.01705046 0.01742179 0.01656351 0.01154429 0.00000000 0.00000000
3   2.0 0.03050674 0.03337827 0.02381372 0.02398390 0.02638206 0.01863460
          oe         te
1 0.02033863 0.01507568
2 0.00000000 0.01154429
3 0.02445985 0.03160033

[[14]]
  delta         mu       mu_1       mu_0         de       se_1       se_0
1   0.5 0.02306802 0.02019050 0.02605422 0.02050803 0.01518263 0.02094847
2   1.0 0.01718653 0.01782910 0.01699074 0.01328903 0.00000000 0.00000000
3   2.0 0.03061826 0.03343084 0.02242929 0.02350750 0.02648609 0.01858922
          oe         te
1 0.01855284 0.01605467
2 0.00000000 0.01328903
3 0.02516216 0.03343230

[[15]]
  delta         mu       mu_1       mu_0         de       se_1       se_0
1   0.5 0.02490624 0.02158514 0.02779648 0.02172894 0.01715832 0.02341432
2   1.0 0.01785877 0.01824279 0.01719582 0.01237709 0.00000000 0.00000000
3   2.0 0.03173604 0.03432880 0.02485028 0.02410191 0.02674133 0.01947807
          oe         te
1 0.02151823 0.01755487
2 0.00000000 0.01237709
3 0.02512556 0.03262586

[[16]]
  delta         mu       mu_1       mu_0         de       se_1       se_0
1   0.5 0.02271087 0.01952790 0.02492268 0.01886254 0.01470424 0.01933817
2   1.0 0.01778259 0.01817073 0.01706374 0.01252822 0.00000000 0.00000000
3   2.0 0.04429436 0.04869819 0.02866588 0.03188653 0.04210212 0.02522871
          oe         te
1 0.01795175 0.01434376
2 0.00000000 0.01252822
3 0.03928437 0.04790397

[[17]]
  delta         mu       mu_1       mu_0         de       se_1       se_0
1   0.5 0.02330661 0.01912664 0.02670786 0.02110989 0.01486770 0.02213394
2   1.0 0.01573310 0.01664860 0.01562270 0.01327568 0.00000000 0.00000000
3   2.0 0.03055431 0.03359636 0.02336744 0.02441262 0.02813749 0.02006915
          oe         te
1 0.01988920 0.01536126
2 0.00000000 0.01327568
3 0.02626393 0.03384606

[[18]]
  delta         mu       mu_1       mu_0         de       se_1       se_0
1   0.5 0.02365385 0.01915529 0.02655151 0.01938058 0.01496283 0.02109959
2   1.0 0.01764076 0.01821600 0.01697006 0.01304776 0.00000000 0.00000000
3   2.0 0.03918550 0.04218806 0.02723238 0.02706002 0.03455202 0.02280056
          oe         te
1 0.01941997 0.01446533
2 0.00000000 0.01304776
3 0.03299840 0.04097986

[[19]]
  delta         mu       mu_1       mu_0         de       se_1       se_0
1   0.5 0.02457815 0.01949250 0.02839112 0.02141725 0.01562424 0.02314578
2   1.0 0.01684390 0.01758564 0.01626500 0.01203170 0.00000000 0.00000000
3   2.0 0.03520971 0.03954786 0.02503350 0.02803956 0.03202148 0.01973181
          oe         te
1 0.02060846 0.01508923
2 0.00000000 0.01203170
3 0.02874392 0.03748834

[[20]]
  delta         mu       mu_1       mu_0         de       se_1       se_0
1   0.5 0.02110339 0.01919896 0.02369575 0.02030101 0.01555694 0.01889752
2   1.0 0.01735337 0.01810745 0.01678138 0.01325766 0.00000000 0.00000000
3   2.0 0.03302456 0.03558468 0.02640526 0.02444194 0.02716117 0.02095059
          oe         te
1 0.01778136 0.01625980
2 0.00000000 0.01325766
3 0.02571194 0.03351033

[1] "Total run time was 3656.065 seconds"
