Warning message:
package ‘SuperLearner’ was built under R version 4.1.3 
[1] "[Simulation setting]"
[1] "n: 500"
[1] "deltas: 0.5, 1, 2"
[1] "K: 2"
[1] "r: 100"
[1] "s: 1"
[1] "Sim.id 1"
[1] "Data generated and format changed"
[1] "   Split: 1"
Loading required namespace: nnet
Loading required namespace: ranger
[1] "   Split: 2"
[1] "Estimates and SE estimates computed"
[1] ""
[1] "Sim.id 2"
[1] "Data generated and format changed"
[1] "   Split: 1"
[1] "   Split: 2"
[1] "Estimates and SE estimates computed"
[1] ""
[1] "Sim.id 3"
[1] "Data generated and format changed"
[1] "   Split: 1"
[1] "   Split: 2"
[1] "Estimates and SE estimates computed"
[1] ""
[1] "Sim.id 4"
[1] "Data generated and format changed"
[1] "   Split: 1"
[1] "   Split: 2"
[1] "Estimates and SE estimates computed"
[1] ""
[1] "Sim.id 5"
[1] "Data generated and format changed"
[1] "   Split: 1"
[1] "   Split: 2"
[1] "Estimates and SE estimates computed"
[1] ""
[1] "Sim.id 6"
[1] "Data generated and format changed"
[1] "   Split: 1"
[1] "   Split: 2"
[1] "Estimates and SE estimates computed"
[1] ""
[1] "Sim.id 7"
[1] "Data generated and format changed"
[1] "   Split: 1"
[1] "   Split: 2"
[1] "Estimates and SE estimates computed"
[1] ""
[1] "Sim.id 8"
[1] "Data generated and format changed"
[1] "   Split: 1"
[1] "   Split: 2"
[1] "Estimates and SE estimates computed"
[1] ""
[1] "Sim.id 9"
[1] "Data generated and format changed"
[1] "   Split: 1"
[1] "   Split: 2"
[1] "Estimates and SE estimates computed"
[1] ""
[1] "Sim.id 10"
[1] "Data generated and format changed"
[1] "   Split: 1"
[1] "   Split: 2"
[1] "Estimates and SE estimates computed"
[1] ""
[1] "Sim.id 11"
[1] "Data generated and format changed"
[1] "   Split: 1"
[1] "   Split: 2"
[1] "Estimates and SE estimates computed"
[1] ""
[1] "Sim.id 12"
[1] "Data generated and format changed"
[1] "   Split: 1"
[1] "   Split: 2"
[1] "Estimates and SE estimates computed"
[1] ""
[1] "Sim.id 13"
[1] "Data generated and format changed"
[1] "   Split: 1"
[1] "   Split: 2"
[1] "Estimates and SE estimates computed"
[1] ""
[1] "Sim.id 14"
[1] "Data generated and format changed"
[1] "   Split: 1"
[1] "   Split: 2"
[1] "Estimates and SE estimates computed"
[1] ""
[1] "Sim.id 15"
[1] "Data generated and format changed"
[1] "   Split: 1"
[1] "   Split: 2"
[1] "Estimates and SE estimates computed"
[1] ""
[1] "Sim.id 16"
[1] "Data generated and format changed"
[1] "   Split: 1"
[1] "   Split: 2"
[1] "Estimates and SE estimates computed"
[1] ""
[1] "Sim.id 17"
[1] "Data generated and format changed"
[1] "   Split: 1"
[1] "   Split: 2"
[1] "Estimates and SE estimates computed"
[1] ""
[1] "Sim.id 18"
[1] "Data generated and format changed"
[1] "   Split: 1"
[1] "   Split: 2"
[1] "Estimates and SE estimates computed"
[1] ""
[1] "Sim.id 19"
[1] "Data generated and format changed"
[1] "   Split: 1"
[1] "   Split: 2"
[1] "Estimates and SE estimates computed"
[1] ""
[1] "Sim.id 20"
[1] "Data generated and format changed"
[1] "   Split: 1"
[1] "   Split: 2"
[1] "Estimates and SE estimates computed"
[1] ""
[[1]]
  delta        mu      mu_1      mu_0         de        se_1        se_0
1   0.5 0.7862603 0.6788592 0.8647453 -0.1858861  0.02183281  0.01840153
2   1.0 0.7354303 0.6570264 0.8463438 -0.1893174  0.00000000  0.00000000
3   2.0 0.6882894 0.6470181 0.8078263 -0.1608082 -0.01000828 -0.03851748
           oe         te
1  0.05082991 -0.1674846
2  0.00000000 -0.1893174
3 -0.04714098 -0.1993257

[[2]]
  delta        mu      mu_1      mu_0         de          se_1         se_0
1   0.5 0.7822445 0.6860333 0.8558124 -0.1697791 -0.0087121445 -0.013591287
2   1.0 0.7666048 0.6947454 0.8694037 -0.1746583  0.0000000000  0.000000000
3   2.0 0.7441900 0.6957105 0.8751748 -0.1794643  0.0009650596  0.005771032
           oe         te
1  0.01563970 -0.1833704
2  0.00000000 -0.1746583
3 -0.02241482 -0.1736932

[[3]]
  delta        mu      mu_1      mu_0         de         se_1         se_0
1   0.5 0.7559218 0.6592484 0.8224391 -0.1631906  0.011236253 0.0007701173
2   1.0 0.7229315 0.6480122 0.8216689 -0.1736568  0.000000000 0.0000000000
3   2.0 0.6994650 0.6430268 0.8417975 -0.1987707 -0.004985372 0.0201285642
           oe         te
1  0.03299027 -0.1624205
2  0.00000000 -0.1736568
3 -0.02346650 -0.1786421

[[4]]
  delta        mu      mu_1      mu_0         de        se_1        se_0
1   0.5 0.8305611 0.7165657 0.9043219 -0.1877563  0.03957402  0.04019542
2   1.0 0.7567188 0.6769916 0.8641265 -0.1871349  0.00000000  0.00000000
3   2.0 0.7089563 0.6606492 0.8341916 -0.1735424 -0.01634238 -0.02993485
           oe         te
1  0.07384223 -0.1475608
2  0.00000000 -0.1871349
3 -0.04776251 -0.2034772

[[5]]
  delta        mu      mu_1      mu_0         de       se_1         se_0
1   0.5 0.8069141 0.7030852 0.8782226 -0.1751374 0.02396021 3.810484e-02
2   1.0 0.7476281 0.6791250 0.8401178 -0.1609928 0.00000000 0.000000e+00
3   2.0 0.7312420 0.6896191 0.8401591 -0.1505399 0.01049416 4.131903e-05
           oe         te
1  0.05928591 -0.1370326
2  0.00000000 -0.1609928
3 -0.01638616 -0.1504986

[[6]]
  delta        mu      mu_1      mu_0         de         se_1        se_0
1   0.5 0.7937917 0.6787310 0.8671518 -0.1884208 -0.002833504 -0.00227012
2   1.0 0.7641662 0.6815645 0.8694219 -0.1878574  0.000000000  0.00000000
3   2.0 0.7460892 0.6921141 0.8821481 -0.1900340  0.010549584  0.01272617
           oe         te
1  0.02962548 -0.1906909
2  0.00000000 -0.1878574
3 -0.01807698 -0.1773078

[[7]]
  delta        mu      mu_1      mu_0         de        se_1        se_0
1   0.5 0.8082217 0.7081981 0.8735287 -0.1653306  0.02983910 0.004524111
2   1.0 0.7607941 0.6783590 0.8690046 -0.1906456  0.00000000 0.000000000
3   2.0 0.7301921 0.6739427 0.8749651 -0.2010225 -0.00441633 0.005960500
           oe         te
1  0.04742757 -0.1608065
2  0.00000000 -0.1906456
3 -0.03060204 -0.1950620

[[8]]
  delta        mu      mu_1      mu_0         de        se_1        se_0
1   0.5 0.7894235 0.6836109 0.8642765 -0.1806656  0.03877527  0.02545159
2   1.0 0.7262584 0.6448357 0.8388249 -0.1939893  0.00000000  0.00000000
3   2.0 0.6603432 0.6055378 0.8159901 -0.2104523 -0.03929788 -0.02283488
           oe         te
1  0.06316507 -0.1552140
2  0.00000000 -0.1939893
3 -0.06591521 -0.2332872

[[9]]
  delta        mu      mu_1      mu_0         de        se_1         se_0
1   0.5 0.7816155 0.6987157 0.8468101 -0.1480944  0.01982378 -0.001768092
2   1.0 0.7453885 0.6788919 0.8485782 -0.1696863  0.00000000  0.000000000
3   2.0 0.6929382 0.6442780 0.8436466 -0.1993686 -0.03461393 -0.004931556
           oe         te
1  0.03622691 -0.1498625
2  0.00000000 -0.1696863
3 -0.05245030 -0.2043002

[[10]]
  delta        mu      mu_1      mu_0         de       se_1         se_0
1   0.5 0.7659498 0.6783253 0.8356300 -0.1573047  0.0212226  0.005636789
2   1.0 0.7268271 0.6571027 0.8299932 -0.1728905  0.0000000  0.000000000
3   2.0 0.6907187 0.6461813 0.8239938 -0.1778125 -0.0109214 -0.005999361
           oe         te
1  0.03912277 -0.1516679
2  0.00000000 -0.1728905
3 -0.03610832 -0.1838119

[[11]]
  delta        mu      mu_1      mu_0         de        se_1        se_0
1   0.5 0.7906172 0.6927008 0.8573801 -0.1646793  0.01634750 0.003144694
2   1.0 0.7518656 0.6763533 0.8542354 -0.1778821  0.00000000 0.000000000
3   2.0 0.7090479 0.6501416 0.8641772 -0.2140356 -0.02621171 0.009941811
           oe         te
1  0.03875158 -0.1615346
2  0.00000000 -0.1778821
3 -0.04281766 -0.2040938

[[12]]
  delta        mu      mu_1      mu_0         de        se_1         se_0
1   0.5 0.8020800 0.6918309 0.8757750 -0.1839441  0.01397458  0.017293699
2   1.0 0.7560663 0.6778564 0.8584813 -0.1806250  0.00000000  0.000000000
3   2.0 0.7113076 0.6569296 0.8521979 -0.1952683 -0.02092680 -0.006283459
           oe         te
1  0.04601377 -0.1666504
2  0.00000000 -0.1806250
3 -0.04475867 -0.2015518

[[13]]
  delta        mu      mu_1      mu_0         de         se_1        se_0
1   0.5 0.7979306 0.6945663 0.8671373 -0.1725711 -0.004291042 -0.01789133
2   1.0 0.7804264 0.6988573 0.8850287 -0.1861714  0.000000000  0.00000000
3   2.0 0.7061296 0.6491228 0.8466839 -0.1975611 -0.049734490 -0.03834475
           oe         te
1  0.01750417 -0.1904624
2  0.00000000 -0.1861714
3 -0.07429682 -0.2359059

[[14]]
  delta        mu      mu_1      mu_0         de        se_1        se_0
1   0.5 0.8375826 0.7153709 0.9095579 -0.1941870  0.02645048 0.037509508
2   1.0 0.7722682 0.6889205 0.8720484 -0.1831280  0.00000000 0.000000000
3   2.0 0.7347649 0.6736784 0.8760990 -0.2024206 -0.01524208 0.004050583
          oe         te
1  0.0653144 -0.1566775
2  0.0000000 -0.1831280
3 -0.0375033 -0.1983701

[[15]]
  delta        mu      mu_1      mu_0         de         se_1        se_0
1   0.5 0.7774042 0.6736888 0.8462995 -0.1726108  0.009620179  0.01239470
2   1.0 0.7353497 0.6640686 0.8339048 -0.1698362  0.000000000  0.00000000
3   2.0 0.6963485 0.6515361 0.8199924 -0.1684562 -0.012532448 -0.01391247
           oe         te
1  0.04205452 -0.1602161
2  0.00000000 -0.1698362
3 -0.03900127 -0.1823687

[[16]]
  delta        mu      mu_1      mu_0         de       se_1        se_0
1   0.5 0.8397745 0.7259780 0.9117475 -0.1857695 0.04838187  0.03327685
2   1.0 0.7646256 0.6775961 0.8784707 -0.2008745 0.00000000  0.00000000
3   2.0 0.7362181 0.6889898 0.8594146 -0.1704249 0.01139362 -0.01905603
           oe         te
1  0.07514898 -0.1524927
2  0.00000000 -0.2008745
3 -0.02840747 -0.1894809

[[17]]
  delta        mu      mu_1      mu_0         de        se_1       se_0
1   0.5 0.8197636 0.6939338 0.9022015 -0.2082677 0.016530408 0.02516302
2   1.0 0.7650366 0.6774034 0.8770385 -0.1996350 0.000000000 0.00000000
3   2.0 0.7538420 0.6853361 0.9115621 -0.2262260 0.007932705 0.03452361
           oe         te
1  0.05472698 -0.1831046
2  0.00000000 -0.1996350
3 -0.01119461 -0.1917023

[[18]]
  delta        mu      mu_1      mu_0         de       se_1        se_0
1   0.5 0.7589035 0.6562735 0.8307935 -0.1745200 0.02307683  0.00450922
2   1.0 0.7153107 0.6331967 0.8262843 -0.1930876 0.00000000  0.00000000
3   2.0 0.6879895 0.6436134 0.8138197 -0.1702063 0.01041667 -0.01246456
           oe         te
1  0.04359279 -0.1700107
2  0.00000000 -0.1930876
3 -0.02732121 -0.1826709

[[19]]
  delta        mu      mu_1      mu_0         de        se_1        se_0
1   0.5 0.8142892 0.7045056 0.8825022 -0.1779965  0.02310301  0.02405526
2   1.0 0.7576446 0.6814026 0.8584469 -0.1770443  0.00000000  0.00000000
3   2.0 0.7171756 0.6722136 0.8347988 -0.1625852 -0.00918907 -0.02364810
           oe         te
1  0.05664458 -0.1539413
2  0.00000000 -0.1770443
3 -0.04046896 -0.1862333

[[20]]
  delta        mu      mu_1      mu_0         de        se_1        se_0
1   0.5 0.8302260 0.7241904 0.8975557 -0.1733653  0.02959937  0.01721196
2   1.0 0.7759629 0.6945910 0.8803437 -0.1857527  0.00000000  0.00000000
3   2.0 0.6863423 0.6310018 0.8340001 -0.2029983 -0.06358920 -0.04634362
           oe         te
1  0.05426314 -0.1561534
2  0.00000000 -0.1857527
3 -0.08962063 -0.2493419

[[1]]
  delta         mu       mu_1       mu_0         de       se_1       se_0
1   0.5 0.02461504 0.02045077 0.02777904 0.02141508 0.01484979 0.02188844
2   1.0 0.01726896 0.01773632 0.01697134 0.01219949 0.00000000 0.00000000
3   2.0 0.02899614 0.03131661 0.02380018 0.02142825 0.02482343 0.01921910
          oe         te
1 0.01930737 0.01568546
2 0.00000000 0.01219949
3 0.02379586 0.03086103

[[2]]
  delta         mu       mu_1       mu_0         de       se_1       se_0
1   0.5 0.02284292 0.01991951 0.02749341 0.02597194 0.01552935 0.02242070
2   1.0 0.01731898 0.01798006 0.01662677 0.01270206 0.00000000 0.00000000
3   2.0 0.03094858 0.03333879 0.02498978 0.02396580 0.02621929 0.02011503
          oe         te
1 0.01886496 0.01627164
2 0.00000000 0.01270206
3 0.02508868 0.03245502

[[3]]
  delta         mu       mu_1       mu_0         de       se_1       se_0
1   0.5 0.02343366 0.01947024 0.02601391 0.01997610 0.01518508 0.01994672
2   1.0 0.01760037 0.01767127 0.01729295 0.01231677 0.00000000 0.00000000
3   2.0 0.03501134 0.03866081 0.02483450 0.02709084 0.03275082 0.02003304
          oe         te
1 0.01851302 0.01534797
2 0.00000000 0.01231677
3 0.03018992 0.03842813

[[4]]
  delta         mu       mu_1       mu_0         de       se_1       se_0
1   0.5 0.02374652 0.02120799 0.02647966 0.02160227 0.01791468 0.02339669
2   1.0 0.01744781 0.01827418 0.01622520 0.01217134 0.00000000 0.00000000
3   2.0 0.03146177 0.03341097 0.02472441 0.02200284 0.02615459 0.01991549
          oe         te
1 0.02162202 0.01692224
2 0.00000000 0.01217134
3 0.02538380 0.03203293

[[5]]
  delta         mu       mu_1       mu_0         de      se_1       se_0
1   0.5 0.02476801 0.02005983 0.02763530 0.01947903 0.0152418 0.02245563
2   1.0 0.01734475 0.01771337 0.01702739 0.01224550 0.0000000 0.00000000
3   2.0 0.03260791 0.03650134 0.02394094 0.02604898 0.0303665 0.01852765
          oe         te
1 0.02030795 0.01479321
2 0.00000000 0.01224550
3 0.02766587 0.03623333

[[6]]
  delta         mu       mu_1       mu_0         de       se_1       se_0
1   0.5 0.02464643 0.02106403 0.02800456 0.02272508 0.01679521 0.02422867
2   1.0 0.01715476 0.01757747 0.01696433 0.01292917 0.00000000 0.00000000
3   2.0 0.03385576 0.03661614 0.02598645 0.02379488 0.02915248 0.02201929
          oe         te
1 0.02137683 0.01719309
2 0.00000000 0.01292917
3 0.02809291 0.03569234

[[7]]
  delta         mu       mu_1       mu_0         de       se_1       se_0
1   0.5 0.02322016 0.02028113 0.02574317 0.01997409 0.01583125 0.02070731
2   1.0 0.01795020 0.01879872 0.01706511 0.01296608 0.00000000 0.00000000
3   2.0 0.03104103 0.03328508 0.02564387 0.02319941 0.02530867 0.02082276
          oe         te
1 0.01910237 0.01586816
2 0.00000000 0.01296608
3 0.02447021 0.03187108

[[8]]
  delta         mu       mu_1       mu_0         de       se_1       se_0
1   0.5 0.02291376 0.01915504 0.02629670 0.02091808 0.01526100 0.02151663
2   1.0 0.01634142 0.01705159 0.01588201 0.01247544 0.00000000 0.00000000
3   2.0 0.03178870 0.03472545 0.02401621 0.02418249 0.02645349 0.01893115
          oe         te
1 0.01906865 0.01550074
2 0.00000000 0.01247544
3 0.02487448 0.03287756

[[9]]
  delta         mu       mu_1       mu_0         de       se_1       se_0
1   0.5 0.02456004 0.02059083 0.02836381 0.02307480 0.01615680 0.02338959
2   1.0 0.01722507 0.01807851 0.01642360 0.01315223 0.00000000 0.00000000
3   2.0 0.03007411 0.03142173 0.02511489 0.02141293 0.02394078 0.02112233
          oe         te
1 0.02097887 0.01586503
2 0.00000000 0.01315223
3 0.02403363 0.03080077

[[10]]
  delta         mu       mu_1       mu_0         de       se_1       se_0
1   0.5 0.02497949 0.02065031 0.02789643 0.02159346 0.01634388 0.02340664
2   1.0 0.01712062 0.01771849 0.01670561 0.01271435 0.00000000 0.00000000
3   2.0 0.02812986 0.03034225 0.02303564 0.02077860 0.02310795 0.01944760
          oe         te
1 0.02123451 0.01574935
2 0.00000000 0.01271435
3 0.02271766 0.02993829

[[11]]
  delta         mu       mu_1       mu_0         de       se_1       se_0
1   0.5 0.02429621 0.01929953 0.02784968 0.02046142 0.01520537 0.02195667
2   1.0 0.01805270 0.01824826 0.01737127 0.01200171 0.00000000 0.00000000
3   2.0 0.03394229 0.03692380 0.02533142 0.02487446 0.02860718 0.01962963
          oe         te
1 0.01961136 0.01463618
2 0.00000000 0.01200171
3 0.02648776 0.03435795

[[12]]
  delta         mu       mu_1       mu_0         de       se_1       se_0
1   0.5 0.02182903 0.01916796 0.02522163 0.02155750 0.01593408 0.02205536
2   1.0 0.01745590 0.01799886 0.01655524 0.01172375 0.00000000 0.00000000
3   2.0 0.03367529 0.03839757 0.02275858 0.02877698 0.03316455 0.01787654
          oe         te
1 0.01941697 0.01596986
2 0.00000000 0.01172375
3 0.02883580 0.03738984

[[13]]
  delta         mu       mu_1       mu_0         de       se_1       se_0
1   0.5 0.02247275 0.02213042 0.02473111 0.02218704 0.01825237 0.02082038
2   1.0 0.01842154 0.01943595 0.01701381 0.01330213 0.00000000 0.00000000
3   2.0 0.03504648 0.03787950 0.02686974 0.02693638 0.02941076 0.02106365
          oe         te
1 0.01982840 0.01816570
2 0.00000000 0.01330213
3 0.02772552 0.03591862

[[14]]
  delta         mu       mu_1       mu_0         de       se_1       se_0
1   0.5 0.02697992 0.02016125 0.03111183 0.02466946 0.01466628 0.02560630
2   1.0 0.01733998 0.01779033 0.01703786 0.01327941 0.00000000 0.00000000
3   2.0 0.02895323 0.03336589 0.02177104 0.02775172 0.02724606 0.01848187
          oe         te
1 0.02210287 0.01490182
2 0.00000000 0.01327941
3 0.02450588 0.03374533

[[15]]
  delta         mu       mu_1       mu_0         de       se_1       se_0
1   0.5 0.02355791 0.01942478 0.02723432 0.02129140 0.01502135 0.02274037
2   1.0 0.01717877 0.01788324 0.01659475 0.01259905 0.00000000 0.00000000
3   2.0 0.02992882 0.03214110 0.02352621 0.02256485 0.02468375 0.01824786
          oe         te
1 0.02021074 0.01469835
2 0.00000000 0.01259905
3 0.02356939 0.03078009

[[16]]
  delta         mu       mu_1       mu_0         de       se_1       se_0
1   0.5 0.02598875 0.02079973 0.02951781 0.02173371 0.01686181 0.02514212
2   1.0 0.01709136 0.01764460 0.01651145 0.01263493 0.00000000 0.00000000
3   2.0 0.03619434 0.04077233 0.02400552 0.02811467 0.03521524 0.02054839
          oe         te
1 0.02250950 0.01659957
2 0.00000000 0.01263493
3 0.03209782 0.04118880

[[17]]
  delta         mu       mu_1       mu_0         de       se_1       se_0
1   0.5 0.02424249 0.02090460 0.02706619 0.02079598 0.01672093 0.02244297
2   1.0 0.01687264 0.01749237 0.01629445 0.01230688 0.00000000 0.00000000
3   2.0 0.03270754 0.03592296 0.02459380 0.02703247 0.03033772 0.02055899
          oe         te
1 0.02010364 0.01673521
2 0.00000000 0.01230688
3 0.02814132 0.03565558

[[18]]
  delta         mu       mu_1       mu_0         de       se_1       se_0
1   0.5 0.02424678 0.01975215 0.02809884 0.02354812 0.01609624 0.02326386
2   1.0 0.01635168 0.01691553 0.01584163 0.01227935 0.00000000 0.00000000
3   2.0 0.03255304 0.03643279 0.02380583 0.02676382 0.03097695 0.02041262
          oe         te
1 0.02058315 0.01651005
2 0.00000000 0.01227935
3 0.02841558 0.03641643

[[19]]
  delta         mu       mu_1       mu_0         de       se_1       se_0
1   0.5 0.02928153 0.01970637 0.03582908 0.02909474 0.01518077 0.03042076
2   1.0 0.01805827 0.01802880 0.01788145 0.01225916 0.00000000 0.00000000
3   2.0 0.02872111 0.03076138 0.02275058 0.02169318 0.02442706 0.01798746
          oe         te
1 0.02468783 0.01463443
2 0.00000000 0.01225916
3 0.02351755 0.03052580

[[20]]
  delta         mu       mu_1       mu_0         de       se_1       se_0
1   0.5 0.02436076 0.02056101 0.02692628 0.01964176 0.01773709 0.02206991
2   1.0 0.01622992 0.01709620 0.01543691 0.01254647 0.00000000 0.00000000
3   2.0 0.03127254 0.03499506 0.02258930 0.02625373 0.02850892 0.01915467
          oe         te
1 0.02098165 0.01663940
2 0.00000000 0.01254647
3 0.02634250 0.03504611

[[1]]
  delta        mu      mu_1      mu_0         de        se_1        se_0
1   0.5 0.7867317 0.6792169 0.8653138 -0.1860968  0.02194506  0.01955721
2   1.0 0.7353207 0.6572719 0.8457566 -0.1884847  0.00000000  0.00000000
3   2.0 0.6922318 0.6518659 0.8090283 -0.1571624 -0.00540602 -0.03672827
           oe         te
1  0.05141098 -0.1665396
2  0.00000000 -0.1884847
3 -0.04308890 -0.1938907

[[2]]
  delta        mu      mu_1      mu_0         de         se_1         se_0
1   0.5 0.7807847 0.6850895 0.8544312 -0.1693417 -0.009616209 -0.013863067
2   1.0 0.7660325 0.6947057 0.8682943 -0.1735886  0.000000000  0.000000000
3   2.0 0.7467080 0.6982347 0.8766006 -0.1783659  0.003528965  0.008306241
           oe         te
1  0.01475227 -0.1832048
2  0.00000000 -0.1735886
3 -0.01932450 -0.1700596

[[3]]
  delta        mu      mu_1      mu_0         de         se_1        se_0
1   0.5 0.7560865 0.6588843 0.8230013 -0.1641170  0.011437208 0.001660708
2   1.0 0.7223664 0.6474471 0.8213406 -0.1738935  0.000000000 0.000000000
3   2.0 0.6974967 0.6412206 0.8407715 -0.1995509 -0.006226507 0.019430904
           oe         te
1  0.03372012 -0.1624563
2  0.00000000 -0.1738935
3 -0.02486966 -0.1801200

[[4]]
  delta        mu      mu_1      mu_0         de        se_1        se_0
1   0.5 0.8304938 0.7165503 0.9044143 -0.1878640  0.03961564  0.03977941
2   1.0 0.7568327 0.6769347 0.8646349 -0.1877002  0.00000000  0.00000000
3   2.0 0.7088424 0.6602951 0.8348267 -0.1745315 -0.01663956 -0.02980823
           oe         te
1  0.07366115 -0.1480846
2  0.00000000 -0.1877002
3 -0.04799029 -0.2043398

[[5]]
  delta        mu      mu_1      mu_0         de       se_1         se_0
1   0.5 0.8047924 0.7015059 0.8758299 -0.1743240 0.02402051  0.037034347
2   1.0 0.7458497 0.6774853 0.8387956 -0.1613102 0.00000000  0.000000000
3   2.0 0.7284971 0.6878851 0.8370552 -0.1491701 0.01039973 -0.001740333
           oe         te
1  0.05894273 -0.1372897
2  0.00000000 -0.1613102
3 -0.01735258 -0.1509105

[[6]]
  delta        mu      mu_1      mu_0         de          se_1          se_0
1   0.5 0.7945094 0.6799294 0.8677502 -0.1878208 -0.0003473166 -2.422963e-05
2   1.0 0.7622964 0.6802767 0.8677744 -0.1874977  0.0000000000  0.000000e+00
3   2.0 0.7448204 0.6919547 0.8792029 -0.1872482  0.0116780352  1.142846e-02
           oe         te
1  0.03221306 -0.1878451
2  0.00000000 -0.1874977
3 -0.01747602 -0.1758197

[[7]]
  delta        mu      mu_1      mu_0         de         se_1        se_0
1   0.5 0.8087573 0.7070219 0.8750106 -0.1679888  0.031465486 0.008401957
2   1.0 0.7577172 0.6755564 0.8666087 -0.1910523  0.000000000 0.000000000
3   2.0 0.7277401 0.6720051 0.8732594 -0.2012543 -0.003551228 0.006650773
           oe         te
1  0.05104015 -0.1595868
2  0.00000000 -0.1910523
3 -0.02997708 -0.1946035

[[8]]
  delta        mu      mu_1      mu_0         de        se_1        se_0
1   0.5 0.7933032 0.6849290 0.8692050 -0.1842760  0.04040450  0.02947961
2   1.0 0.7266394 0.6445245 0.8397254 -0.1952009  0.00000000  0.00000000
3   2.0 0.6586359 0.6038413 0.8141136 -0.2102723 -0.04068322 -0.02561180
           oe         te
1  0.06666373 -0.1547964
2  0.00000000 -0.1952009
3 -0.06800357 -0.2358841

[[9]]
  delta        mu      mu_1      mu_0         de        se_1         se_0
1   0.5 0.7824350 0.6984909 0.8476589 -0.1491681  0.02070781 -0.001294272
2   1.0 0.7450829 0.6777830 0.8489532 -0.1711702  0.00000000  0.000000000
3   2.0 0.6905529 0.6419692 0.8421947 -0.2002255 -0.03581382 -0.006758476
           oe         te
1  0.03735206 -0.1504623
2  0.00000000 -0.1711702
3 -0.05453004 -0.2069840

[[10]]
  delta        mu      mu_1      mu_0         de         se_1         se_0
1   0.5 0.7650419 0.6786071 0.8344894 -0.1558824  0.019481789  0.003898134
2   1.0 0.7282652 0.6591253 0.8305913 -0.1714660  0.000000000  0.000000000
3   2.0 0.6963786 0.6520629 0.8275935 -0.1755305 -0.007062346 -0.002997846
           oe         te
1  0.03677665 -0.1519843
2  0.00000000 -0.1714660
3 -0.03188667 -0.1785284

[[11]]
  delta        mu      mu_1      mu_0        de        se_1        se_0
1   0.5 0.7905068 0.6932773 0.8568273 -0.163550  0.01687023 0.002555234
2   1.0 0.7519072 0.6764070 0.8542721 -0.177865  0.00000000 0.000000000
3   2.0 0.7084064 0.6486503 0.8657354 -0.217085 -0.02775670 0.011463322
           oe         te
1  0.03859957 -0.1609948
2  0.00000000 -0.1778650
3 -0.04350083 -0.2056217

[[12]]
  delta        mu      mu_1      mu_0         de        se_1         se_0
1   0.5 0.8026933 0.6918279 0.8760929 -0.1842649  0.01420874  0.017813524
2   1.0 0.7560990 0.6776192 0.8582794 -0.1806601  0.00000000  0.000000000
3   2.0 0.7102073 0.6552611 0.8515720 -0.1963109 -0.02235810 -0.006707388
           oe         te
1  0.04659429 -0.1664514
2  0.00000000 -0.1806601
3 -0.04589168 -0.2030182

[[13]]
  delta        mu      mu_1      mu_0         de         se_1        se_0
1   0.5 0.7997846 0.6966247 0.8685731 -0.1719484 -0.003059105 -0.01655938
2   1.0 0.7810496 0.6996838 0.8851325 -0.1854487  0.000000000  0.00000000
3   2.0 0.7085387 0.6520911 0.8461792 -0.1940881 -0.047592677 -0.03895330
           oe         te
1  0.01873500 -0.1885078
2  0.00000000 -0.1854487
3 -0.07251085 -0.2330414

[[14]]
  delta        mu      mu_1      mu_0         de        se_1        se_0
1   0.5 0.8370843 0.7154760 0.9084576 -0.1929815  0.02417729 0.034507474
2   1.0 0.7747902 0.6912988 0.8739501 -0.1826514  0.00000000 0.000000000
3   2.0 0.7370371 0.6753317 0.8776167 -0.2022850 -0.01596707 0.003666603
           oe         te
1  0.06229408 -0.1584741
2  0.00000000 -0.1826514
3 -0.03775305 -0.1986184

[[15]]
  delta        mu      mu_1      mu_0         de        se_1        se_0
1   0.5 0.7768084 0.6739981 0.8452240 -0.1712259  0.01002100  0.01182607
2   1.0 0.7350481 0.6639771 0.8333979 -0.1694208  0.00000000  0.00000000
3   2.0 0.6958421 0.6509259 0.8198417 -0.1689158 -0.01305118 -0.01355621
           oe         te
1  0.04176030 -0.1593998
2  0.00000000 -0.1694208
3 -0.03920596 -0.1824720

[[16]]
  delta        mu      mu_1      mu_0         de       se_1        se_0
1   0.5 0.8403350 0.7263804 0.9123269 -0.1859466 0.04854205  0.03355003
2   1.0 0.7649485 0.6778383 0.8787769 -0.2009386 0.00000000  0.00000000
3   2.0 0.7364197 0.6891798 0.8594869 -0.1703071 0.01134151 -0.01929002
           oe         te
1  0.07538644 -0.1523965
2  0.00000000 -0.2009386
3 -0.02852885 -0.1895971

[[17]]
  delta        mu      mu_1      mu_0         de        se_1       se_0
1   0.5 0.8184236 0.6935705 0.9005235 -0.2069530 0.016200468 0.02369666
2   1.0 0.7649429 0.6773700 0.8768268 -0.1994568 0.000000000 0.00000000
3   2.0 0.7542056 0.6857684 0.9117098 -0.2259414 0.008398342 0.03488298
           oe         te
1  0.05348073 -0.1832563
2  0.00000000 -0.1994568
3 -0.01073731 -0.1910584

[[18]]
  delta        mu      mu_1      mu_0         de        se_1         se_0
1   0.5 0.7581233 0.6558970 0.8299758 -0.1740788 0.022616251  0.003554421
2   1.0 0.7154396 0.6332808 0.8264214 -0.1931406 0.000000000  0.000000000
3   2.0 0.6876132 0.6432567 0.8135337 -0.1702770 0.009975906 -0.012887655
           oe         te
1  0.04268370 -0.1705244
2  0.00000000 -0.1931406
3 -0.02782636 -0.1831647

[[19]]
  delta        mu      mu_1      mu_0         de        se_1        se_0
1   0.5 0.8213783 0.7067852 0.8898994 -0.1831142  0.02570311  0.02693479
2   1.0 0.7602155 0.6810821 0.8629646 -0.1818825  0.00000000  0.00000000
3   2.0 0.7097464 0.6640738 0.8328370 -0.1687632 -0.01700829 -0.03012765
           oe         te
1  0.06116282 -0.1561794
2  0.00000000 -0.1818825
3 -0.05046909 -0.1988908

[[20]]
  delta        mu      mu_1      mu_0         de        se_1        se_0
1   0.5 0.8299065 0.7232570 0.8976981 -0.1744411  0.02996058  0.01812332
2   1.0 0.7746427 0.6932964 0.8795748 -0.1862783  0.00000000  0.00000000
3   2.0 0.6841389 0.6291291 0.8321877 -0.2030586 -0.06416737 -0.04738709
           oe         te
1  0.05526376 -0.1563178
2  0.00000000 -0.1862783
3 -0.09050386 -0.2504457

[[1]]
  delta         mu       mu_1       mu_0         de       se_1       se_0
1   0.5 0.02454001 0.02058257 0.02761594 0.02142350 0.01504764 0.02179678
2   1.0 0.01724069 0.01773918 0.01693748 0.01222521 0.00000000 0.00000000
3   2.0 0.02924978 0.03168460 0.02378406 0.02177642 0.02520081 0.01922753
          oe         te
1 0.01931404 0.01586333
2 0.00000000 0.01222521
3 0.02408485 0.03125337

[[2]]
  delta         mu       mu_1       mu_0         de       se_1       se_0
1   0.5 0.02280038 0.01991497 0.02741487 0.02593707 0.01544205 0.02233057
2   1.0 0.01743104 0.01805812 0.01673244 0.01269914 0.00000000 0.00000000
3   2.0 0.03092314 0.03332172 0.02489682 0.02390780 0.02624497 0.02002671
          oe         te
1 0.01876535 0.01621279
2 0.00000000 0.01269914
3 0.02511850 0.03249265

[[3]]
  delta         mu       mu_1       mu_0         de       se_1       se_0
1   0.5 0.02342781 0.01942531 0.02600585 0.01996820 0.01515100 0.01999767
2   1.0 0.01758306 0.01766687 0.01726896 0.01234066 0.00000000 0.00000000
3   2.0 0.03503641 0.03869162 0.02481522 0.02716724 0.03276997 0.02000782
          oe         te
1 0.01855079 0.01534833
2 0.00000000 0.01234066
3 0.03020411 0.03846200

[[4]]
  delta         mu       mu_1       mu_0         de       se_1       se_0
1   0.5 0.02358447 0.02113068 0.02627675 0.02147288 0.01784061 0.02324515
2   1.0 0.01744936 0.01828680 0.01619890 0.01214449 0.00000000 0.00000000
3   2.0 0.03144546 0.03336994 0.02471140 0.02191982 0.02608537 0.01987884
          oe         te
1 0.02150441 0.01684576
2 0.00000000 0.01214449
3 0.02534488 0.03196262

[[5]]
  delta         mu       mu_1       mu_0         de       se_1       se_0
1   0.5 0.02429575 0.01975011 0.02713752 0.01924713 0.01521189 0.02237058
2   1.0 0.01733556 0.01773353 0.01698798 0.01224791 0.00000000 0.00000000
3   2.0 0.03321478 0.03725827 0.02424989 0.02672547 0.03110537 0.01870436
          oe         te
1 0.02025178 0.01471168
2 0.00000000 0.01224791
3 0.02825110 0.03700947

[[6]]
  delta         mu       mu_1       mu_0         de       se_1       se_0
1   0.5 0.02424166 0.02096441 0.02734404 0.02206042 0.01667657 0.02342600
2   1.0 0.01712659 0.01753365 0.01692497 0.01292042 0.00000000 0.00000000
3   2.0 0.03397260 0.03675065 0.02572955 0.02378645 0.02929222 0.02180409
          oe         te
1 0.02084795 0.01708016
2 0.00000000 0.01292042
3 0.02822257 0.03583490

[[7]]
  delta         mu       mu_1       mu_0         de       se_1       se_0
1   0.5 0.02325587 0.02020658 0.02578629 0.01968245 0.01586218 0.02086396
2   1.0 0.01792774 0.01881078 0.01699144 0.01297331 0.00000000 0.00000000
3   2.0 0.03156244 0.03374920 0.02583970 0.02311105 0.02567109 0.02102736
          oe         te
1 0.01925520 0.01575075
2 0.00000000 0.01297331
3 0.02493586 0.03230435

[[8]]
  delta         mu       mu_1       mu_0         de       se_1       se_0
1   0.5 0.02302621 0.01908373 0.02645074 0.02074289 0.01518959 0.02170535
2   1.0 0.01637275 0.01709810 0.01587029 0.01249427 0.00000000 0.00000000
3   2.0 0.03206190 0.03510309 0.02397581 0.02445498 0.02680482 0.01887151
          oe         te
1 0.01918954 0.01537398
2 0.00000000 0.01249427
3 0.02513880 0.03326680

[[9]]
  delta         mu       mu_1       mu_0         de       se_1       se_0
1   0.5 0.02470247 0.02062359 0.02862682 0.02329123 0.01614597 0.02368014
2   1.0 0.01727580 0.01812350 0.01647980 0.01317927 0.00000000 0.00000000
3   2.0 0.03012175 0.03143810 0.02516499 0.02136027 0.02390176 0.02106074
          oe         te
1 0.02111879 0.01592190
2 0.00000000 0.01317927
3 0.02401934 0.03082154

[[10]]
  delta         mu       mu_1       mu_0         de       se_1       se_0
1   0.5 0.02522415 0.02087488 0.02810992 0.02171558 0.01672838 0.02363708
2   1.0 0.01715900 0.01776040 0.01671434 0.01273745 0.00000000 0.00000000
3   2.0 0.02826044 0.03036822 0.02326363 0.02072110 0.02318637 0.01975079
          oe         te
1 0.02156648 0.01598000
2 0.00000000 0.01273745
3 0.02289078 0.03001527

[[11]]
  delta         mu       mu_1       mu_0         de       se_1       se_0
1   0.5 0.02423483 0.01931464 0.02773973 0.02033468 0.01527465 0.02183718
2   1.0 0.01806868 0.01827977 0.01736276 0.01202326 0.00000000 0.00000000
3   2.0 0.03414112 0.03728778 0.02525502 0.02531669 0.02895313 0.01961556
          oe         te
1 0.01955637 0.01460710
2 0.00000000 0.01202326
3 0.02670104 0.03476218

[[12]]
  delta         mu       mu_1       mu_0         de       se_1       se_0
1   0.5 0.02165666 0.01937235 0.02502986 0.02172378 0.01613210 0.02185873
2   1.0 0.01739899 0.01797703 0.01651105 0.01171170 0.00000000 0.00000000
3   2.0 0.03400387 0.03874692 0.02268028 0.02908266 0.03354279 0.01790158
          oe         te
1 0.01925370 0.01627120
2 0.00000000 0.01171170
3 0.02923747 0.03777878

[[13]]
  delta         mu       mu_1       mu_0         de       se_1       se_0
1   0.5 0.02239317 0.02199623 0.02463370 0.02188532 0.01814287 0.02081443
2   1.0 0.01868674 0.01970207 0.01716545 0.01333917 0.00000000 0.00000000
3   2.0 0.03510016 0.03779563 0.02721659 0.02685728 0.02905400 0.02118265
          oe         te
1 0.01986017 0.01801951
2 0.00000000 0.01333917
3 0.02745729 0.03562112

[[14]]
  delta         mu       mu_1       mu_0         de       se_1       se_0
1   0.5 0.02690902 0.02006594 0.03102342 0.02458210 0.01464401 0.02556893
2   1.0 0.01732818 0.01777852 0.01697092 0.01320679 0.00000000 0.00000000
3   2.0 0.02900643 0.03342021 0.02178406 0.02779353 0.02729009 0.01840952
          oe         te
1 0.02211014 0.01486360
2 0.00000000 0.01320679
3 0.02452270 0.03373302

[[15]]
  delta         mu       mu_1       mu_0         de       se_1       se_0
1   0.5 0.02359749 0.01940598 0.02744865 0.02165316 0.01502147 0.02295228
2   1.0 0.01722285 0.01793653 0.01660449 0.01261069 0.00000000 0.00000000
3   2.0 0.03006797 0.03227668 0.02349342 0.02243017 0.02475692 0.01823639
          oe         te
1 0.02026944 0.01467579
2 0.00000000 0.01261069
3 0.02366559 0.03089658

[[16]]
  delta         mu       mu_1       mu_0         de       se_1       se_0
1   0.5 0.02602062 0.02081092 0.02952825 0.02167792 0.01686336 0.02514970
2   1.0 0.01710257 0.01765089 0.01652134 0.01263531 0.00000000 0.00000000
3   2.0 0.03617363 0.04075017 0.02399321 0.02812058 0.03520118 0.02053693
          oe         te
1 0.02253397 0.01659456
2 0.00000000 0.01263531
3 0.03208556 0.04117749

[[17]]
  delta         mu       mu_1       mu_0         de       se_1       se_0
1   0.5 0.02421432 0.02081300 0.02704575 0.02068481 0.01662445 0.02243088
2   1.0 0.01689089 0.01752389 0.01630227 0.01233374 0.00000000 0.00000000
3   2.0 0.03248336 0.03561217 0.02455625 0.02668676 0.02995059 0.02051429
          oe         te
1 0.02010252 0.01659920
2 0.00000000 0.01233374
3 0.02785254 0.03531450

[[18]]
  delta         mu       mu_1       mu_0         de       se_1       se_0
1   0.5 0.02418613 0.01975620 0.02799565 0.02339121 0.01612111 0.02319279
2   1.0 0.01633358 0.01691585 0.01580048 0.01226304 0.00000000 0.00000000
3   2.0 0.03253676 0.03642028 0.02373924 0.02672515 0.03097758 0.02035361
          oe         te
1 0.02056502 0.01647332
2 0.00000000 0.01226304
3 0.02840868 0.03641565

[[19]]
  delta         mu       mu_1       mu_0         de       se_1       se_0
1   0.5 0.03005027 0.01985168 0.03652683 0.02947625 0.01554233 0.03092274
2   1.0 0.01814275 0.01816201 0.01790762 0.01239045 0.00000000 0.00000000
3   2.0 0.02894733 0.03094811 0.02275589 0.02198426 0.02452284 0.01809935
          oe         te
1 0.02543173 0.01459961
2 0.00000000 0.01239045
3 0.02371618 0.03078224

[[20]]
  delta         mu       mu_1       mu_0         de       se_1       se_0
1   0.5 0.02430840 0.02056510 0.02689515 0.01974324 0.01777360 0.02203211
2   1.0 0.01622425 0.01708149 0.01543880 0.01254067 0.00000000 0.00000000
3   2.0 0.03127140 0.03501195 0.02255464 0.02630689 0.02853016 0.01909640
          oe         te
1 0.02094002 0.01669435
2 0.00000000 0.01254067
3 0.02633158 0.03505745

[1] "Total run time was 2231.239 seconds"
