Warning message:
package ‘SuperLearner’ was built under R version 4.1.3 
[1] "[Simulation setting]"
[1] "n: 500"
[1] "deltas: 0.5, 1, 2"
[1] "K: 2"
[1] "r: 100"
[1] "s: 1"
[1] "Sim.id 1"
[1] "Data generated and format changed"
[1] "   Split: 1"
Loading required namespace: nnet
Loading required namespace: ranger
[1] "   Split: 2"
[1] "Estimates and SE estimates computed"
[1] ""
[1] "Sim.id 2"
[1] "Data generated and format changed"
[1] "   Split: 1"
[1] "   Split: 2"
[1] "Estimates and SE estimates computed"
[1] ""
[1] "Sim.id 3"
[1] "Data generated and format changed"
[1] "   Split: 1"
[1] "   Split: 2"
[1] "Estimates and SE estimates computed"
[1] ""
[1] "Sim.id 4"
[1] "Data generated and format changed"
[1] "   Split: 1"
[1] "   Split: 2"
[1] "Estimates and SE estimates computed"
[1] ""
[1] "Sim.id 5"
[1] "Data generated and format changed"
[1] "   Split: 1"
[1] "   Split: 2"
[1] "Estimates and SE estimates computed"
[1] ""
[1] "Sim.id 6"
[1] "Data generated and format changed"
[1] "   Split: 1"
[1] "   Split: 2"
[1] "Estimates and SE estimates computed"
[1] ""
[1] "Sim.id 7"
[1] "Data generated and format changed"
[1] "   Split: 1"
[1] "   Split: 2"
[1] "Estimates and SE estimates computed"
[1] ""
[1] "Sim.id 8"
[1] "Data generated and format changed"
[1] "   Split: 1"
[1] "   Split: 2"
[1] "Estimates and SE estimates computed"
[1] ""
[1] "Sim.id 9"
[1] "Data generated and format changed"
[1] "   Split: 1"
[1] "   Split: 2"
[1] "Estimates and SE estimates computed"
[1] ""
[1] "Sim.id 10"
[1] "Data generated and format changed"
[1] "   Split: 1"
[1] "   Split: 2"
[1] "Estimates and SE estimates computed"
[1] ""
[1] "Sim.id 11"
[1] "Data generated and format changed"
[1] "   Split: 1"
[1] "   Split: 2"
[1] "Estimates and SE estimates computed"
[1] ""
[1] "Sim.id 12"
[1] "Data generated and format changed"
[1] "   Split: 1"
[1] "   Split: 2"
[1] "Estimates and SE estimates computed"
[1] ""
[1] "Sim.id 13"
[1] "Data generated and format changed"
[1] "   Split: 1"
[1] "   Split: 2"
[1] "Estimates and SE estimates computed"
[1] ""
[1] "Sim.id 14"
[1] "Data generated and format changed"
[1] "   Split: 1"
[1] "   Split: 2"
[1] "Estimates and SE estimates computed"
[1] ""
[1] "Sim.id 15"
[1] "Data generated and format changed"
[1] "   Split: 1"
[1] "   Split: 2"
[1] "Estimates and SE estimates computed"
[1] ""
[1] "Sim.id 16"
[1] "Data generated and format changed"
[1] "   Split: 1"
[1] "   Split: 2"
[1] "Estimates and SE estimates computed"
[1] ""
[1] "Sim.id 17"
[1] "Data generated and format changed"
[1] "   Split: 1"
[1] "   Split: 2"
[1] "Estimates and SE estimates computed"
[1] ""
[1] "Sim.id 18"
[1] "Data generated and format changed"
[1] "   Split: 1"
[1] "   Split: 2"
[1] "Estimates and SE estimates computed"
[1] ""
[1] "Sim.id 19"
[1] "Data generated and format changed"
[1] "   Split: 1"
[1] "   Split: 2"
[1] "Estimates and SE estimates computed"
[1] ""
[1] "Sim.id 20"
[1] "Data generated and format changed"
[1] "   Split: 1"
[1] "   Split: 2"
[1] "Estimates and SE estimates computed"
[1] ""
[[1]]
  delta        mu      mu_1      mu_0         de       se_1         se_0
1   0.5 0.7776168 0.6927339 0.8346224 -0.1418885  0.0162976 -0.029372877
2   1.0 0.7603682 0.6764363 0.8639953 -0.1875590  0.0000000  0.000000000
3   2.0 0.6934403 0.6276710 0.8542987 -0.2266278 -0.0487653 -0.009696527
           oe         te
1  0.01724863 -0.1712614
2  0.00000000 -0.1875590
3 -0.06692788 -0.2363243

[[2]]
  delta        mu      mu_1      mu_0         de        se_1         se_0
1   0.5 0.7733767 0.6780917 0.8446953 -0.1666036  0.02887674  0.005876479
2   1.0 0.7265848 0.6492150 0.8388188 -0.1896038  0.00000000  0.000000000
3   2.0 0.6476798 0.5994205 0.7991648 -0.1997443 -0.04979453 -0.039654027
           oe         te
1  0.04679186 -0.1607271
2  0.00000000 -0.1896038
3 -0.07890507 -0.2393984

[[3]]
  delta        mu      mu_1      mu_0         de         se_1         se_0
1   0.5 0.8059871 0.7145202 0.8610479 -0.1465277  0.024989338 -0.006335641
2   1.0 0.7653440 0.6895308 0.8673835 -0.1778527  0.000000000  0.000000000
3   2.0 0.7316792 0.6877229 0.8501491 -0.1624263 -0.001807972 -0.017234373
           oe         te
1  0.04064310 -0.1528633
2  0.00000000 -0.1778527
3 -0.03366484 -0.1796606

[[4]]
  delta        mu      mu_1      mu_0         de        se_1        se_0
1   0.5 0.7575921 0.6751434 0.8180789 -0.1429355  0.01664114 -0.03404519
2   1.0 0.7409072 0.6585023 0.8521241 -0.1936218  0.00000000  0.00000000
3   2.0 0.6762997 0.6193050 0.8368740 -0.2175689 -0.03919722 -0.01525012
           oe         te
1  0.01668493 -0.1769807
2  0.00000000 -0.1936218
3 -0.06460752 -0.2328190

[[5]]
  delta        mu      mu_1      mu_0         de          se_1          se_0
1   0.5 0.8032217 0.6957902 0.8718877 -0.1760974  0.0375507746  0.0411862919
2   1.0 0.7314163 0.6582395 0.8307014 -0.1724619  0.0000000000  0.0000000000
3   2.0 0.7067683 0.6576399 0.8304187 -0.1727788 -0.0005995849 -0.0002826528
           oe         te
1  0.07180540 -0.1349111
2  0.00000000 -0.1724619
3 -0.02464802 -0.1730615

[[6]]
  delta        mu      mu_1      mu_0         de        se_1        se_0
1   0.5 0.8065322 0.6905692 0.8781563 -0.1875871  0.02013300  0.04847885
2   1.0 0.7401778 0.6704362 0.8296775 -0.1592413  0.00000000  0.00000000
3   2.0 0.7035654 0.6573799 0.8120618 -0.1546818 -0.01305622 -0.01761570
           oe         te
1  0.06635442 -0.1391083
2  0.00000000 -0.1592413
3 -0.03661235 -0.1722975

[[7]]
  delta        mu      mu_1      mu_0         de        se_1        se_0
1   0.5 0.8387722 0.7239228 0.9132573 -0.1893345 0.001133475 0.006337183
2   1.0 0.8022110 0.7227893 0.9069201 -0.1841308 0.000000000 0.000000000
3   2.0 0.8383223 0.7997029 0.9319704 -0.1322674 0.076913618 0.025050246
         oe         te
1 0.0365613 -0.1829973
2 0.0000000 -0.1841308
3 0.0361113 -0.1072172

[[8]]
  delta        mu      mu_1      mu_0         de       se_1         se_0
1   0.5 0.8417292 0.7331239 0.9125915 -0.1794675 0.02119990 0.0309563150
2   1.0 0.7858657 0.7119240 0.8816352 -0.1697111 0.00000000 0.0000000000
3   2.0 0.7863225 0.7464496 0.8824902 -0.1360406 0.03452554 0.0008550457
            oe         te
1 0.0558634669 -0.1485112
2 0.0000000000 -0.1697111
3 0.0004567311 -0.1351856

[[9]]
  delta        mu      mu_1      mu_0         de         se_1        se_0
1   0.5 0.8236219 0.7137725 0.8944223 -0.1806499  0.037618469  0.04202452
2   1.0 0.7508989 0.6761540 0.8523978 -0.1762438  0.000000000  0.00000000
3   2.0 0.7168496 0.6747660 0.8358297 -0.1610637 -0.001388008 -0.01656813
           oe         te
1  0.07272297 -0.1386254
2  0.00000000 -0.1762438
3 -0.03404929 -0.1776318

[[10]]
  delta        mu      mu_1      mu_0         de        se_1        se_0
1   0.5 0.8289547 0.7079948 0.9047098 -0.1967150  0.02369633  0.01644530
2   1.0 0.7754103 0.6842984 0.8882645 -0.2039660  0.00000000  0.00000000
3   2.0 0.6902662 0.6198813 0.8676239 -0.2477426 -0.06441716 -0.02064061
           oe         te
1  0.05354441 -0.1802697
2  0.00000000 -0.2039660
3 -0.08514416 -0.2683832

[[11]]
  delta        mu      mu_1      mu_0         de         se_1        se_0
1   0.5 0.8135870 0.6712032 0.9036857 -0.2324825 -0.001237795 0.035723876
2   1.0 0.7582203 0.6724410 0.8679618 -0.1955208  0.000000000 0.000000000
3   2.0 0.7486944 0.6958495 0.8759477 -0.1800982  0.023408488 0.007985911
            oe         te
1  0.055366691 -0.1967586
2  0.000000000 -0.1955208
3 -0.009525853 -0.1721123

[[12]]
  delta        mu      mu_1      mu_0         de        se_1        se_0
1   0.5 0.8285830 0.7176434 0.9044548 -0.1868115  0.04200225  0.04909691
2   1.0 0.7515146 0.6756411 0.8553579 -0.1797168  0.00000000  0.00000000
3   2.0 0.7037395 0.6607022 0.8223262 -0.1616240 -0.01493895 -0.03303172
           oe         te
1  0.07706840 -0.1377145
2  0.00000000 -0.1797168
3 -0.04777514 -0.1946557

[[13]]
  delta        mu      mu_1      mu_0         de        se_1         se_0
1   0.5 0.8040029 0.7032562 0.8693950 -0.1661388  0.01736755  0.005830593
2   1.0 0.7642207 0.6858886 0.8635644 -0.1776758  0.00000000  0.000000000
3   2.0 0.6738606 0.6158404 0.8290137 -0.2131733 -0.07004818 -0.034550630
           oe         te
1  0.03978222 -0.1603082
2  0.00000000 -0.1776758
3 -0.09036015 -0.2477239

[[14]]
  delta        mu      mu_1      mu_0         de        se_1        se_0
1   0.5 0.7488153 0.6598062 0.8187874 -0.1589811 -0.01194395 -0.03017460
2   1.0 0.7452843 0.6717502 0.8489620 -0.1772118  0.00000000  0.00000000
3   2.0 0.7352457 0.6845121 0.8612985 -0.1767864  0.01276192  0.01233652
            oe         te
1  0.003530988 -0.1891557
2  0.000000000 -0.1772118
3 -0.010038577 -0.1644499

[[15]]
  delta        mu      mu_1      mu_0         de         se_1        se_0
1   0.5 0.7754965 0.6525708 0.8590476 -0.2064767 -0.008355777  0.02029922
2   1.0 0.7373640 0.6609266 0.8387484 -0.1778217  0.000000000  0.00000000
3   2.0 0.6968112 0.6542805 0.8109609 -0.1566804 -0.006646064 -0.02778744
           oe         te
1  0.03813249 -0.1861775
2  0.00000000 -0.1778217
3 -0.04055284 -0.1844678

[[16]]
  delta        mu      mu_1      mu_0         de       se_1         se_0
1   0.5 0.7928043 0.7000383 0.8556597 -0.1556214 0.02572595 0.0009312811
2   1.0 0.7498219 0.6743123 0.8547284 -0.1804161 0.00000000 0.0000000000
3   2.0 0.7499221 0.7072076 0.8701050 -0.1628974 0.03289533 0.0153766642
            oe         te
1 0.0429824304 -0.1546901
2 0.0000000000 -0.1804161
3 0.0001002605 -0.1475208

[[17]]
  delta        mu      mu_1      mu_0         de        se_1        se_0
1   0.5 0.8229733 0.7044885 0.8972259 -0.1927374  0.02732668  0.04181855
2   1.0 0.7558297 0.6771619 0.8554073 -0.1782455  0.00000000  0.00000000
3   2.0 0.6896696 0.6254638 0.8497832 -0.2243194 -0.05169804 -0.00562413
           oe         te
1  0.06714359 -0.1509188
2  0.00000000 -0.1782455
3 -0.06616008 -0.2299435

[[18]]
  delta        mu      mu_1      mu_0         de        se_1        se_0
1   0.5 0.7663102 0.6536360 0.8501033 -0.1964674  0.01605007  0.03346169
2   1.0 0.7099613 0.6375859 0.8166416 -0.1790557  0.00000000  0.00000000
3   2.0 0.6427542 0.5896762 0.8000938 -0.2104176 -0.04790972 -0.01654785
           oe         te
1  0.05634897 -0.1630057
2  0.00000000 -0.1790557
3 -0.06720701 -0.2269654

[[19]]
  delta        mu      mu_1      mu_0         de       se_1          se_0
1   0.5 0.7815700 0.6913038 0.8481900 -0.1568862 0.01595890 -0.0086092283
2   1.0 0.7504211 0.6753449 0.8567993 -0.1814544 0.00000000  0.0000000000
3   2.0 0.7401072 0.6973875 0.8564881 -0.1591006 0.02204266 -0.0003111392
           oe         te
1  0.03114893 -0.1654955
2  0.00000000 -0.1814544
3 -0.01031392 -0.1594117

[[20]]
  delta        mu      mu_1      mu_0         de        se_1        se_0
1   0.5 0.8234913 0.7225160 0.8911199 -0.1686039  0.03099107  0.02109273
2   1.0 0.7689783 0.6915249 0.8700272 -0.1785023  0.00000000  0.00000000
3   2.0 0.6974654 0.6572103 0.8027340 -0.1455237 -0.03431461 -0.06729318
           oe         te
1  0.05451298 -0.1475112
2  0.00000000 -0.1785023
3 -0.07151288 -0.2128169

[[1]]
  delta         mu       mu_1       mu_0         de       se_1       se_0
1   0.5 0.02201790 0.01954958 0.02463895 0.02000524 0.01423808 0.01992436
2   1.0 0.01728906 0.01778050 0.01691109 0.01267492 0.00000000 0.00000000
3   2.0 0.03800470 0.04650906 0.02368024 0.04161809 0.04145247 0.01857845
          oe         te
1 0.01809454 0.01556076
2 0.00000000 0.01267492
3 0.03336998 0.04582112

[[2]]
  delta         mu       mu_1       mu_0         de       se_1       se_0
1   0.5 0.02666403 0.02273567 0.03012863 0.02499989 0.01838867 0.02613030
2   1.0 0.01781551 0.01881237 0.01667998 0.01323723 0.00000000 0.00000000
3   2.0 0.03255792 0.03483982 0.02511962 0.02236787 0.02636911 0.02016194
          oe         te
1 0.02342377 0.01803641
2 0.00000000 0.01323723
3 0.02571059 0.03336736

[[3]]
  delta         mu       mu_1       mu_0         de       se_1       se_0
1   0.5 0.02777424 0.02522073 0.03825109 0.04296509 0.02181727 0.03267037
2   1.0 0.01761523 0.01727450 0.01751148 0.01221910 0.00000000 0.00000000
3   2.0 0.03176124 0.03529745 0.02368936 0.02708215 0.02877212 0.01961600
          oe         te
1 0.02214598 0.02158925
2 0.00000000 0.01221910
3 0.02676856 0.03512753

[[4]]
  delta         mu       mu_1       mu_0         de       se_1       se_0
1   0.5 0.02290941 0.01916918 0.02644672 0.02122949 0.01471436 0.02146333
2   1.0 0.01664738 0.01742878 0.01636440 0.01303390 0.00000000 0.00000000
3   2.0 0.03508209 0.03922269 0.02457655 0.02953637 0.03409210 0.02031566
          oe         te
1 0.01920146 0.01513557
2 0.00000000 0.01303390
3 0.03100090 0.03934817

[[5]]
  delta         mu       mu_1       mu_0         de       se_1       se_0
1   0.5 0.02448774 0.02002784 0.02744788 0.02049983 0.01570962 0.02212551
2   1.0 0.01716894 0.01754394 0.01705688 0.01291002 0.00000000 0.00000000
3   2.0 0.03401882 0.03707501 0.02570091 0.02604201 0.02960682 0.02065512
          oe         te
1 0.02012761 0.01519015
2 0.00000000 0.01291002
3 0.02780286 0.03535849

[[6]]
  delta         mu       mu_1       mu_0         de       se_1       se_0
1   0.5 0.02516613 0.02083971 0.02825253 0.02138381 0.01622801 0.02390879
2   1.0 0.01769456 0.01783726 0.01723603 0.01198162 0.00000000 0.00000000
3   2.0 0.03698328 0.04164284 0.02820357 0.03381725 0.03774599 0.02420843
          oe         te
1 0.02129097 0.01561269
2 0.00000000 0.01198162
3 0.03379497 0.04229521

[[7]]
  delta         mu       mu_1       mu_0         de       se_1       se_0
1   0.5 0.02467164 0.01954660 0.02903051 0.02482936 0.01610790 0.02416407
2   1.0 0.01819972 0.01891732 0.01733221 0.01324858 0.00000000 0.00000000
3   2.0 0.04350699 0.04851750 0.02773146 0.03288421 0.04229181 0.02269855
          oe         te
1 0.02096542 0.01624416
2 0.00000000 0.01324858
3 0.03840186 0.04747738

[[8]]
  delta         mu       mu_1       mu_0         de       se_1       se_0
1   0.5 0.02543871 0.02062429 0.02852162 0.02140301 0.01664681 0.02334405
2   1.0 0.01761985 0.01852245 0.01653199 0.01297331 0.00000000 0.00000000
3   2.0 0.03330182 0.03601866 0.02526753 0.02443039 0.02722474 0.01989725
          oe         te
1 0.02152789 0.01629081
2 0.00000000 0.01297331
3 0.02585194 0.03373443

[[9]]
  delta         mu       mu_1       mu_0         de       se_1       se_0
1   0.5 0.02545731 0.01981190 0.02940588 0.02330693 0.01625233 0.02368633
2   1.0 0.01644994 0.01686519 0.01618466 0.01211547 0.00000000 0.00000000
3   2.0 0.03368355 0.03716511 0.02577573 0.02769932 0.03059234 0.02175385
          oe         te
1 0.02116745 0.01605756
2 0.00000000 0.01211547
3 0.02820301 0.03596592

[[10]]
  delta         mu       mu_1       mu_0         de       se_1       se_0
1   0.5 0.02575144 0.02338515 0.03040784 0.02774691 0.02006305 0.02517446
2   1.0 0.01689827 0.01741992 0.01653910 0.01295181 0.00000000 0.00000000
3   2.0 0.02702685 0.02907809 0.02215636 0.02116211 0.02157888 0.01835320
          oe         te
1 0.02145414 0.02033497
2 0.00000000 0.01295181
3 0.02108685 0.02841279

[[11]]
  delta         mu       mu_1       mu_0         de       se_1      se_0
1   0.5 0.02741255 0.02296556 0.03339698 0.03141784 0.01830262 0.0294475
2   1.0 0.01669677 0.01746163 0.01605626 0.01260516 0.00000000 0.0000000
3   2.0 0.03098284 0.03337428 0.02595055 0.02362256 0.02552258 0.0210088
          oe         te
1 0.02364800 0.01874722
2 0.00000000 0.01260516
3 0.02464393 0.03217052

[[12]]
  delta         mu       mu_1       mu_0         de       se_1      se_0
1   0.5 0.02553312 0.02004043 0.03241641 0.02890813 0.01504129 0.0283705
2   1.0 0.01653392 0.01695016 0.01632738 0.01200452 0.00000000 0.0000000
3   2.0 0.03235291 0.03605570 0.02322911 0.02623874 0.03052263 0.0196907
          oe         te
1 0.02155062 0.01513733
2 0.00000000 0.01200452
3 0.02777507 0.03519541

[[13]]
  delta         mu       mu_1       mu_0         de       se_1       se_0
1   0.5 0.02353136 0.01922010 0.02727885 0.02205248 0.01444669 0.02186156
2   1.0 0.01774851 0.01806751 0.01741080 0.01246743 0.00000000 0.00000000
3   2.0 0.03106889 0.03271977 0.02574054 0.02190128 0.02547482 0.02093171
          oe         te
1 0.01882524 0.01480300
2 0.00000000 0.01246743
3 0.02487759 0.03127087

[[14]]
  delta         mu       mu_1       mu_0         de       se_1       se_0
1   0.5 0.02159834 0.01795030 0.02494939 0.02051893 0.01452050 0.02054654
2   1.0 0.01740006 0.01825837 0.01671289 0.01304020 0.00000000 0.00000000
3   2.0 0.02949138 0.03072922 0.02600008 0.02131107 0.02265266 0.02009885
          oe         te
1 0.01884973 0.01521888
2 0.00000000 0.01304020
3 0.02247401 0.02956339

[[15]]
  delta         mu       mu_1       mu_0         de       se_1       se_0
1   0.5 0.02486983 0.02231154 0.03130058 0.03140976 0.01838753 0.02637899
2   1.0 0.01717934 0.01806171 0.01657707 0.01277514 0.00000000 0.00000000
3   2.0 0.03223496 0.03492593 0.02429129 0.02374965 0.02666202 0.01961831
         oe         te
1 0.0212275 0.01975668
2 0.0000000 0.01277514
3 0.0255481 0.03342892

[[16]]
  delta         mu       mu_1       mu_0         de       se_1       se_0
1   0.5 0.02400631 0.01999297 0.02755786 0.02078682 0.01580121 0.02330143
2   1.0 0.01817842 0.01865556 0.01760863 0.01244547 0.00000000 0.00000000
3   2.0 0.03890866 0.04362988 0.02814317 0.02969338 0.03484910 0.02109662
          oe         te
1 0.02042974 0.01582894
2 0.00000000 0.01244547
3 0.03118629 0.04079539

[[17]]
  delta         mu       mu_1       mu_0         de       se_1       se_0
1   0.5 0.02236233 0.01924218 0.02518008 0.01986625 0.01487404 0.02095596
2   1.0 0.01652393 0.01728547 0.01581880 0.01212833 0.00000000 0.00000000
3   2.0 0.03168583 0.03463900 0.02354431 0.02479003 0.02765475 0.01868816
          oe         te
1 0.01883871 0.01436453
2 0.00000000 0.01212833
3 0.02572594 0.03323032

[[18]]
  delta         mu       mu_1       mu_0         de       se_1       se_0
1   0.5 0.02522763 0.02019891 0.03046201 0.02675087 0.01739103 0.02727518
2   1.0 0.01755950 0.01800082 0.01750408 0.01312079 0.00000000 0.00000000
3   2.0 0.03022300 0.03271603 0.02400804 0.02351078 0.02588618 0.01910772
          oe         te
1 0.02328927 0.01762838
2 0.00000000 0.01312079
3 0.02477293 0.03277602

[[19]]
  delta         mu       mu_1       mu_0         de       se_1       se_0
1   0.5 0.02448058 0.01930395 0.02826043 0.02119083 0.01574443 0.02311233
2   1.0 0.01758904 0.01824708 0.01681241 0.01260747 0.00000000 0.00000000
3   2.0 0.03945729 0.04396507 0.02633337 0.03007019 0.03699480 0.02234383
          oe         te
1 0.02055833 0.01506000
2 0.00000000 0.01260747
3 0.03407625 0.04333969

[[20]]
  delta         mu       mu_1       mu_0         de       se_1       se_0
1   0.5 0.02410956 0.02011133 0.02700513 0.02012661 0.01590101 0.02225123
2   1.0 0.01853490 0.01904183 0.01780042 0.01278997 0.00000000 0.00000000
3   2.0 0.03755650 0.04278607 0.02655017 0.03430668 0.03642935 0.02084474
          oe         te
1 0.02026008 0.01527513
2 0.00000000 0.01278997
3 0.03162742 0.04096264

[[1]]
  delta        mu      mu_1      mu_0         de        se_1        se_0
1   0.5 0.7765708 0.6923731 0.8331563 -0.1407832  0.01576722 -0.03029187
2   1.0 0.7601848 0.6766059 0.8634482 -0.1868423  0.00000000  0.00000000
3   2.0 0.6923840 0.6261083 0.8546455 -0.2285372 -0.05049759 -0.00880263
           oe         te
1  0.01638600 -0.1710751
2  0.00000000 -0.1868423
3 -0.06780079 -0.2373399

[[2]]
  delta        mu      mu_1      mu_0         de        se_1         se_0
1   0.5 0.7755306 0.6791608 0.8468843 -0.1677235  0.02922693  0.007706821
2   1.0 0.7273146 0.6499338 0.8391775 -0.1892437  0.00000000  0.000000000
3   2.0 0.6488566 0.6007885 0.7994780 -0.1986895 -0.04914537 -0.039699499
           oe         te
1  0.04821603 -0.1600167
2  0.00000000 -0.1892437
3 -0.07845795 -0.2383890

[[3]]
  delta        mu      mu_1      mu_0         de        se_1         se_0
1   0.5 0.8040133 0.7133322 0.8587908 -0.1454586  0.02403236 -0.008004527
2   1.0 0.7649824 0.6892998 0.8667953 -0.1774955  0.00000000  0.000000000
3   2.0 0.7310641 0.6870487 0.8497453 -0.1626966 -0.00225115 -0.017049981
           oe         te
1  0.03903096 -0.1534631
2  0.00000000 -0.1774955
3 -0.03391825 -0.1797466

[[4]]
  delta        mu      mu_1      mu_0         de        se_1        se_0
1   0.5 0.7582720 0.6751781 0.8186544 -0.1434762  0.01625693 -0.03294232
2   1.0 0.7408988 0.6589212 0.8515967 -0.1926755  0.00000000  0.00000000
3   2.0 0.6791431 0.6225390 0.8377300 -0.2151910 -0.03638225 -0.01386669
           oe         te
1  0.01737323 -0.1764185
2  0.00000000 -0.1926755
3 -0.06175568 -0.2290577

[[5]]
  delta        mu      mu_1      mu_0         de        se_1         se_0
1   0.5 0.8015040 0.6952167 0.8697222 -0.1745055 0.036691256 0.0391764036
2   1.0 0.7314156 0.6585255 0.8305458 -0.1720203 0.000000000 0.0000000000
3   2.0 0.7084221 0.6596265 0.8308724 -0.1712459 0.001101007 0.0003266179
           oe         te
1  0.07008841 -0.1353291
2  0.00000000 -0.1720203
3 -0.02299350 -0.1709193

[[6]]
  delta        mu      mu_1      mu_0         de        se_1        se_0
1   0.5 0.8098627 0.6934082 0.8812972 -0.1878890  0.02161077  0.04995125
2   1.0 0.7418744 0.6717975 0.8313460 -0.1595485  0.00000000  0.00000000
3   2.0 0.7036002 0.6569240 0.8126175 -0.1556934 -0.01487346 -0.01872851
           oe         te
1  0.06798828 -0.1379377
2  0.00000000 -0.1595485
3 -0.03827426 -0.1744220

[[7]]
  delta        mu      mu_1      mu_0         de        se_1        se_0
1   0.5 0.8410248 0.7257280 0.9152344 -0.1895064 0.002808841 0.006616629
2   1.0 0.8035928 0.7229192 0.9086178 -0.1856986 0.000000000 0.000000000
3   2.0 0.8402837 0.8009266 0.9332297 -0.1323031 0.078007426 0.024611859
          oe         te
1 0.03743204 -0.1828898
2 0.00000000 -0.1856986
3 0.03669085 -0.1076912

[[8]]
  delta        mu      mu_1      mu_0         de       se_1        se_0
1   0.5 0.8393087 0.7320748 0.9098149 -0.1777401 0.02025484 0.028810674
2   1.0 0.7854022 0.7118200 0.8810042 -0.1691842 0.00000000 0.000000000
3   2.0 0.7875312 0.7476240 0.8831807 -0.1355568 0.03580403 0.002176537
           oe         te
1 0.053906535 -0.1489294
2 0.000000000 -0.1691842
3 0.002129049 -0.1333802

[[9]]
  delta        mu      mu_1      mu_0         de         se_1        se_0
1   0.5 0.8230047 0.7134217 0.8939788 -0.1805571  0.038436738  0.04382089
2   1.0 0.7492407 0.6749850 0.8501579 -0.1751729  0.000000000  0.00000000
3   2.0 0.7143980 0.6719898 0.8337777 -0.1617879 -0.002995154 -0.01638022
           oe         te
1  0.07376404 -0.1367362
2  0.00000000 -0.1751729
3 -0.03484272 -0.1781681

[[10]]
  delta        mu      mu_1      mu_0         de        se_1        se_0
1   0.5 0.8272370 0.7062418 0.9031994 -0.1969576  0.02215593  0.01535078
2   1.0 0.7750891 0.6840859 0.8878486 -0.2037628  0.00000000  0.00000000
3   2.0 0.6901211 0.6197368 0.8676970 -0.2479602 -0.06434905 -0.02015159
           oe         te
1  0.05214784 -0.1816069
2  0.00000000 -0.2037628
3 -0.08496804 -0.2681118

[[11]]
  delta        mu      mu_1      mu_0         de         se_1        se_0
1   0.5 0.8148657 0.6726992 0.9045547 -0.2318555 0.0003647746 0.036383634
2   1.0 0.7581846 0.6723344 0.8681711 -0.1958367 0.0000000000 0.000000000
3   2.0 0.7471563 0.6944627 0.8743716 -0.1799089 0.0221282731 0.006200484
           oe         te
1  0.05668113 -0.1954719
2  0.00000000 -0.1958367
3 -0.01102832 -0.1737084

[[12]]
  delta        mu      mu_1      mu_0         de        se_1        se_0
1   0.5 0.8313735 0.7185075 0.9089691 -0.1904616  0.04398829  0.05436681
2   1.0 0.7503063 0.6745192 0.8546023 -0.1800831  0.00000000  0.00000000
3   2.0 0.7038259 0.6605337 0.8225782 -0.1620445 -0.01398556 -0.03202410
           oe         te
1  0.08106714 -0.1360948
2  0.00000000 -0.1800831
3 -0.04648048 -0.1940686

[[13]]
  delta        mu      mu_1      mu_0         de        se_1         se_0
1   0.5 0.8018552 0.7021081 0.8671047 -0.1649966  0.01669822  0.003700059
2   1.0 0.7639444 0.6854099 0.8634046 -0.1779947  0.00000000  0.000000000
3   2.0 0.6736563 0.6153368 0.8290191 -0.2136823 -0.07007303 -0.034385503
           oe         te
1  0.03791075 -0.1612965
2  0.00000000 -0.1779947
3 -0.09028812 -0.2480678

[[14]]
  delta        mu      mu_1      mu_0         de         se_1        se_0
1   0.5 0.7495656 0.6602855 0.8191669 -0.1588815 -0.012372289 -0.03033305
2   1.0 0.7466304 0.6726577 0.8495000 -0.1768422  0.000000000  0.00000000
3   2.0 0.7339877 0.6820154 0.8611102 -0.1790949  0.009357636  0.01161027
            oe         te
1  0.002935207 -0.1892145
2  0.000000000 -0.1768422
3 -0.012642663 -0.1674846

[[15]]
  delta        mu      mu_1      mu_0         de         se_1        se_0
1   0.5 0.7723303 0.6516309 0.8560638 -0.2044330 -0.009387502  0.01881688
2   1.0 0.7364447 0.6610184 0.8372469 -0.1762286  0.000000000  0.00000000
3   2.0 0.6987280 0.6565054 0.8110001 -0.1544948 -0.004513007 -0.02624683
           oe         te
1  0.03588558 -0.1856161
2  0.00000000 -0.1762286
3 -0.03771670 -0.1807416

[[16]]
  delta        mu      mu_1      mu_0         de       se_1        se_0
1   0.5 0.7919576 0.6990634 0.8551721 -0.1561087 0.02651357 0.002485779
2   1.0 0.7475192 0.6725499 0.8526863 -0.1801364 0.00000000 0.000000000
3   2.0 0.7496442 0.7073527 0.8700572 -0.1627045 0.03480286 0.017370900
           oe         te
1 0.044438406 -0.1536229
2 0.000000000 -0.1801364
3 0.002125031 -0.1453336

[[17]]
  delta        mu      mu_1      mu_0         de        se_1         se_0
1   0.5 0.8238701 0.7049738 0.8989215 -0.1939477  0.02771468  0.043930905
2   1.0 0.7554779 0.6772591 0.8549906 -0.1777315  0.00000000  0.000000000
3   2.0 0.6929199 0.6287806 0.8524217 -0.2236411 -0.04847854 -0.002568907
           oe         te
1  0.06839225 -0.1500168
2  0.00000000 -0.1777315
3 -0.06255793 -0.2262100

[[18]]
  delta        mu      mu_1      mu_0         de        se_1        se_0
1   0.5 0.7662395 0.6535800 0.8500477 -0.1964677  0.01611204  0.03342295
2   1.0 0.7098533 0.6374679 0.8166247 -0.1791568  0.00000000  0.00000000
3   2.0 0.6426368 0.5895624 0.8001384 -0.2105760 -0.04790550 -0.01648629
           oe         te
1  0.05638623 -0.1630447
2  0.00000000 -0.1791568
3 -0.06721650 -0.2270623

[[19]]
  delta        mu      mu_1      mu_0         de       se_1          se_0
1   0.5 0.7809870 0.6904508 0.8477559 -0.1573051 0.01517330 -0.0087051385
2   1.0 0.7502484 0.6752775 0.8564611 -0.1811836 0.00000000  0.0000000000
3   2.0 0.7403250 0.6974687 0.8569936 -0.1595249 0.02219117  0.0005325182
            oe         te
1  0.030738571 -0.1660103
2  0.000000000 -0.1811836
3 -0.009923406 -0.1589924

[[20]]
  delta        mu      mu_1      mu_0         de        se_1        se_0
1   0.5 0.8218148 0.7207876 0.8893376 -0.1685500  0.03055553  0.02046611
2   1.0 0.7676562 0.6902321 0.8688715 -0.1786394  0.00000000  0.00000000
3   2.0 0.6999747 0.6601033 0.8029395 -0.1428362 -0.03012878 -0.06593201
           oe         te
1  0.05415854 -0.1480839
2  0.00000000 -0.1786394
3 -0.06768148 -0.2087682

[[1]]
  delta         mu       mu_1       mu_0         de       se_1       se_0
1   0.5 0.02196703 0.01955789 0.02451168 0.01981224 0.01429042 0.01984840
2   1.0 0.01727545 0.01777578 0.01687953 0.01260797 0.00000000 0.00000000
3   2.0 0.03789812 0.04637681 0.02362179 0.04142985 0.04131625 0.01853356
          oe         te
1 0.01808464 0.01555393
2 0.00000000 0.01260797
3 0.03325041 0.04565923

[[2]]
  delta         mu       mu_1       mu_0         de       se_1       se_0
1   0.5 0.02689980 0.02267889 0.03045763 0.02509268 0.01841941 0.02649147
2   1.0 0.01784931 0.01886459 0.01668901 0.01326167 0.00000000 0.00000000
3   2.0 0.03274426 0.03507443 0.02515383 0.02249836 0.02657088 0.02018986
          oe         te
1 0.02374459 0.01798338
2 0.00000000 0.01326167
3 0.02588369 0.03360198

[[3]]
  delta         mu       mu_1       mu_0         de       se_1       se_0
1   0.5 0.02811583 0.02565271 0.03863848 0.04353760 0.02234673 0.03292139
2   1.0 0.01772546 0.01737666 0.01760962 0.01231467 0.00000000 0.00000000
3   2.0 0.03232523 0.03591986 0.02389431 0.02752998 0.02925024 0.01980557
          oe         te
1 0.02241417 0.02199047
2 0.00000000 0.01231467
3 0.02719864 0.03566655

[[4]]
  delta         mu       mu_1       mu_0         de       se_1       se_0
1   0.5 0.02298491 0.01921410 0.02654800 0.02125392 0.01472170 0.02145969
2   1.0 0.01671973 0.01748184 0.01643364 0.01305529 0.00000000 0.00000000
3   2.0 0.03513215 0.03921949 0.02468926 0.02948088 0.03404428 0.02043085
          oe         te
1 0.01919681 0.01509638
2 0.00000000 0.01305529
3 0.03100294 0.03932404

[[5]]
  delta         mu       mu_1       mu_0         de       se_1       se_0
1   0.5 0.02446548 0.02004921 0.02735866 0.02034040 0.01565721 0.02186504
2   1.0 0.01715119 0.01752502 0.01705451 0.01292020 0.00000000 0.00000000
3   2.0 0.03356499 0.03656258 0.02557919 0.02567252 0.02902021 0.02051698
          oe         te
1 0.01996041 0.01513281
2 0.00000000 0.01292020
3 0.02727720 0.03480939

[[6]]
  delta         mu       mu_1       mu_0         de       se_1       se_0
1   0.5 0.02530669 0.02108142 0.02833564 0.02146565 0.01639852 0.02397073
2   1.0 0.01776995 0.01787987 0.01730118 0.01192894 0.00000000 0.00000000
3   2.0 0.03701989 0.04164758 0.02849664 0.03398428 0.03774567 0.02452954
          oe         te
1 0.02136015 0.01580165
2 0.00000000 0.01192894
3 0.03382154 0.04225501

[[7]]
  delta         mu       mu_1       mu_0         de       se_1       se_0
1   0.5 0.02449027 0.01948975 0.02882613 0.02461924 0.01598943 0.02405628
2   1.0 0.01822530 0.01894913 0.01730797 0.01317283 0.00000000 0.00000000
3   2.0 0.04437928 0.04941726 0.02781297 0.03367366 0.04316475 0.02277867
          oe         te
1 0.02083135 0.01618189
2 0.00000000 0.01317283
3 0.03925727 0.04832493

[[8]]
  delta         mu       mu_1       mu_0         de       se_1       se_0
1   0.5 0.02524043 0.02057327 0.02833596 0.02138528 0.01659255 0.02315835
2   1.0 0.01759969 0.01851107 0.01653682 0.01298012 0.00000000 0.00000000
3   2.0 0.03335456 0.03606573 0.02523660 0.02430691 0.02725988 0.01987031
          oe         te
1 0.02131737 0.01630048
2 0.00000000 0.01298012
3 0.02590865 0.03378151

[[9]]
  delta         mu       mu_1       mu_0         de       se_1       se_0
1   0.5 0.02562403 0.02004652 0.02961929 0.02356702 0.01647134 0.02388950
2   1.0 0.01653974 0.01695668 0.01628022 0.01217576 0.00000000 0.00000000
3   2.0 0.03421517 0.03783505 0.02582658 0.02811482 0.03121048 0.02178992
          oe         te
1 0.02135142 0.01626228
2 0.00000000 0.01217576
3 0.02867977 0.03661111

[[10]]
  delta         mu       mu_1       mu_0         de       se_1       se_0
1   0.5 0.02557381 0.02323636 0.03030199 0.02777065 0.01989224 0.02506251
2   1.0 0.01696300 0.01749082 0.01658211 0.01298447 0.00000000 0.00000000
3   2.0 0.02739142 0.02948165 0.02225695 0.02136579 0.02197479 0.01843757
          oe         te
1 0.02128195 0.02015517
2 0.00000000 0.01298447
3 0.02143693 0.02882144

[[11]]
  delta         mu       mu_1       mu_0         de       se_1       se_0
1   0.5 0.02692245 0.02281503 0.03262124 0.03072385 0.01818932 0.02858211
2   1.0 0.01668171 0.01749546 0.01600261 0.01263107 0.00000000 0.00000000
3   2.0 0.03112597 0.03352254 0.02608342 0.02371639 0.02554138 0.02107940
          oe         te
1 0.02306447 0.01863418
2 0.00000000 0.01263107
3 0.02466856 0.03223102

[[12]]
  delta         mu       mu_1       mu_0         de       se_1       se_0
1   0.5 0.02562527 0.01997799 0.03275934 0.02944706 0.01490506 0.02887930
2   1.0 0.01659827 0.01700086 0.01637208 0.01199023 0.00000000 0.00000000
3   2.0 0.03259327 0.03632283 0.02325570 0.02646526 0.03081430 0.01979627
          oe         te
1 0.02171103 0.01504707
2 0.00000000 0.01199023
3 0.02806678 0.03548852

[[13]]
  delta         mu       mu_1       mu_0         de       se_1       se_0
1   0.5 0.02324768 0.01923489 0.02698244 0.02202726 0.01441925 0.02165615
2   1.0 0.01775857 0.01811035 0.01736253 0.01244143 0.00000000 0.00000000
3   2.0 0.03094444 0.03273906 0.02545877 0.02219482 0.02559896 0.02069697
          oe         te
1 0.01860021 0.01478858
2 0.00000000 0.01244143
3 0.02484849 0.03135996

[[14]]
  delta         mu       mu_1       mu_0         de       se_1       se_0
1   0.5 0.02175017 0.01797289 0.02505448 0.02039658 0.01457789 0.02054121
2   1.0 0.01754718 0.01836688 0.01688920 0.01307371 0.00000000 0.00000000
3   2.0 0.02977733 0.03091782 0.02629090 0.02136407 0.02292040 0.02035081
          oe         te
1 0.01891325 0.01521646
2 0.00000000 0.01307371
3 0.02277550 0.02978941

[[15]]
  delta         mu       mu_1       mu_0         de       se_1       se_0
1   0.5 0.02497898 0.02221155 0.03151955 0.03158195 0.01824183 0.02651412
2   1.0 0.01710661 0.01797245 0.01653806 0.01272584 0.00000000 0.00000000
3   2.0 0.03157139 0.03411547 0.02416673 0.02297070 0.02587117 0.01944388
          oe         te
1 0.02122264 0.01966511
2 0.00000000 0.01272584
3 0.02487885 0.03260096

[[16]]
  delta         mu       mu_1       mu_0         de       se_1       se_0
1   0.5 0.02390949 0.01992563 0.02752927 0.02102415 0.01580024 0.02331656
2   1.0 0.01815588 0.01868385 0.01749061 0.01239084 0.00000000 0.00000000
3   2.0 0.03926674 0.04406580 0.02815175 0.03008153 0.03526953 0.02108879
          oe         te
1 0.02034987 0.01578223
2 0.00000000 0.01239084
3 0.03153522 0.04122631

[[17]]
  delta         mu       mu_1       mu_0         de       se_1       se_0
1   0.5 0.02240150 0.01929932 0.02533618 0.02008698 0.01480214 0.02108953
2   1.0 0.01645492 0.01721623 0.01577548 0.01203642 0.00000000 0.00000000
3   2.0 0.03103303 0.03391831 0.02362582 0.02446685 0.02695756 0.01876083
          oe         te
1 0.01881138 0.01437247
2 0.00000000 0.01203642
3 0.02506148 0.03250997

[[18]]
  delta         mu       mu_1       mu_0         de       se_1       se_0
1   0.5 0.02523185 0.02021129 0.03045784 0.02673180 0.01740958 0.02727682
2   1.0 0.01757829 0.01802123 0.01751195 0.01312193 0.00000000 0.00000000
3   2.0 0.03027403 0.03276971 0.02401923 0.02353291 0.02593034 0.01911111
          oe         te
1 0.02330004 0.01763306
2 0.00000000 0.01312193
3 0.02481402 0.03282611

[[19]]
  delta         mu       mu_1       mu_0         de       se_1       se_0
1   0.5 0.02455724 0.01934992 0.02833811 0.02116713 0.01580500 0.02316128
2   1.0 0.01765884 0.01833409 0.01685247 0.01263119 0.00000000 0.00000000
3   2.0 0.03973211 0.04427012 0.02639638 0.03023397 0.03727498 0.02240038
          oe         te
1 0.02064819 0.01504635
2 0.00000000 0.01263119
3 0.03433476 0.04365106

[[20]]
  delta         mu       mu_1       mu_0         de       se_1       se_0
1   0.5 0.02431220 0.02038243 0.02718410 0.02012441 0.01620936 0.02240140
2   1.0 0.01861268 0.01912887 0.01781040 0.01277205 0.00000000 0.00000000
3   2.0 0.03890750 0.04470089 0.02664296 0.03677051 0.03851790 0.02089252
          oe         te
1 0.02045963 0.01552561
2 0.00000000 0.01277205
3 0.03307883 0.04287319

[1] "Total run time was 2818.675 seconds"
